\BOOKMARK [1][-]{section.1}{\376\377\000I\000n\000t\000r\000o\000d\000u\000c\000t\000i\000o\000n}{}% 1
\BOOKMARK [1][-]{section.2}{\376\377\000A\000b\000s\000t\000r\000a\000c\000t\000\040\000S\000p\000e\000c\000t\000r\000a\000l\000\040\000S\000y\000s\000t\000e\000m\000s}{}% 2
\BOOKMARK [1][-]{section.3}{\376\377\000R\000a\000n\000d\000o\000m\000\040\000M\000a\000t\000r\000i\000c\000e\000s\000\040\000a\000n\000d\000\040\000N\000u\000c\000l\000e\000a\000r\000\040\000S\000p\000e\000c\000t\000r\000a}{}% 3
\BOOKMARK [2][-]{subsection.3.1}{\376\377\000W\000i\000g\000n\000e\000r\040\031\000s\000\040\000M\000o\000d\000e\000l\000\040\000o\000f\000\040\000H\000e\000a\000v\000y\000\040\000N\000u\000c\000l\000e\000i}{section.3}% 4
\BOOKMARK [2][-]{subsection.3.2}{\376\377\000W\000i\000g\000n\000e\000r\040\023\000D\000y\000s\000o\000n\000\040\000S\000p\000a\000c\000i\000n\000g}{section.3}% 5
\BOOKMARK [2][-]{subsection.3.3}{\376\377\000U\000n\000i\000v\000e\000r\000s\000a\000l\000i\000t\000y}{section.3}% 6
\BOOKMARK [1][-]{section.4}{\376\377\000Z\000e\000t\000a\000\040\000Z\000e\000r\000o\000s\000\040\000a\000n\000d\000\040\000t\000h\000e\000\040\000P\000o\000l\000y\000a\040\023\000H\000i\000l\000b\000e\000r\000t\000\040\000F\000r\000a\000m\000e\000w\000o\000r\000k}{}% 7
\BOOKMARK [2][-]{subsection.4.1}{\376\377\000M\000o\000n\000t\000g\000o\000m\000e\000r\000y\040\031\000s\000\040\000P\000a\000i\000r\000-\000C\000o\000r\000r\000e\000l\000a\000t\000i\000o\000n}{section.4}% 8
\BOOKMARK [2][-]{subsection.4.2}{\376\377\000O\000d\000l\000y\000z\000k\000o\040\031\000s\000\040\000N\000u\000m\000e\000r\000i\000c\000a\000l\000\040\000E\000v\000i\000d\000e\000n\000c\000e}{section.4}% 9
\BOOKMARK [2][-]{subsection.4.3}{\376\377\000T\000h\000e\000\040\000P\000o\000l\000y\000a\040\023\000H\000i\000l\000b\000e\000r\000t\000\040\000C\000o\000n\000j\000e\000c\000t\000u\000r\000e}{section.4}% 10
\BOOKMARK [2][-]{subsection.4.4}{\376\377\000F\000i\000r\000k\040\023\000M\000i\000l\000l\000e\000r\000\040\000I\000n\000t\000e\000g\000r\000a\000t\000i\000o\000n}{section.4}% 11
\BOOKMARK [1][-]{section.5}{\376\377\000I\000n\000t\000r\000i\000n\000s\000i\000c\000\040\000R\000e\000s\000o\000n\000a\000n\000t\000\040\000M\000o\000d\000e\000s\000\040\000i\000n\000\040\000t\000h\000e\000\040\000C\000o\000r\000t\000e\000x}{}% 12
\BOOKMARK [2][-]{subsection.5.1}{\376\377\000C\000a\000b\000r\000a\000l\040\023\000S\000h\000e\000m\000e\000s\000h\000\040\000S\000t\000a\000n\000d\000i\000n\000g\000\040\000W\000a\000v\000e\000s}{section.5}% 13
\BOOKMARK [2][-]{subsection.5.2}{\376\377\000T\000r\000a\000v\000e\000l\000i\000n\000g\000\040\000W\000a\000v\000e\000s\000\040\000i\000n\000\040\000W\000o\000r\000k\000i\000n\000g\000\040\000M\000e\000m\000o\000r\000y}{section.5}% 14
\BOOKMARK [2][-]{subsection.5.3}{\376\377\000R\000o\000t\000a\000t\000i\000n\000g\000\040\000a\000n\000d\000\040\000S\000p\000r\000e\000a\000d\000i\000n\000g\000\040\000W\000a\000v\000e\000s\000\040\000i\000n\000\040\000A\000t\000t\000e\000n\000t\000i\000o\000n}{section.5}% 15
\BOOKMARK [2][-]{subsection.5.4}{\376\377\000S\000p\000e\000c\000t\000r\000a\000l\000\040\000I\000n\000t\000e\000r\000p\000r\000e\000t\000a\000t\000i\000o\000n}{section.5}% 16
\BOOKMARK [1][-]{section.6}{\376\377\000C\000o\000n\000s\000c\000i\000o\000u\000s\000n\000e\000s\000s\000\040\000a\000s\000\040\000a\000\040\000S\000p\000e\000c\000t\000r\000a\000l\000\040\000P\000h\000a\000s\000e}{}% 17
\BOOKMARK [1][-]{section.7}{\376\377\000S\000p\000e\000c\000t\000r\000a\000l\000\040\000G\000e\000o\000m\000e\000t\000r\000y\000\040\000o\000f\000\040\000t\000h\000e\000\040\000P\000l\000e\000n\000u\000m\000\040\000M\000a\000n\000i\000f\000o\000l\000d}{}% 18
\BOOKMARK [1][-]{section.8}{\376\377\000E\000a\000r\000l\000\040\000K\000.\000\040\000M\000i\000l\000l\000e\000r\040\031\000s\000\040\000W\000a\000v\000e\000-\000B\000a\000s\000e\000d\000\040\000A\000n\000a\000l\000o\000g\000\040\000C\000o\000m\000p\000u\000t\000a\000t\000i\000o\000n}{}% 19
\BOOKMARK [2][-]{subsection.8.1}{\376\377\000F\000r\000o\000m\000\040\000S\000y\000n\000a\000p\000t\000i\000c\000\040\000C\000o\000m\000p\000u\000t\000a\000t\000i\000o\000n\000\040\000t\000o\000\040\000W\000a\000v\000e\000\040\000C\000o\000m\000p\000u\000t\000a\000t\000i\000o\000n}{section.8}% 20
\BOOKMARK [2][-]{subsection.8.2}{\376\377\000T\000h\000r\000e\000e\000\040\000L\000e\000v\000e\000l\000s\000\040\000o\000f\000\040\000t\000h\000e\000\040\000W\000a\000v\000e\000-\000B\000a\000s\000e\000d\000\040\000P\000a\000r\000a\000d\000i\000g\000m}{section.8}% 21
\BOOKMARK [2][-]{subsection.8.3}{\376\377\000T\000h\000e\000\040\000B\000r\000a\000i\000n\000\040\000a\000s\000\040\000a\000n\000\040\000A\000n\000a\000l\000o\000g\000\040\000C\000o\000m\000p\000u\000t\000e\000r}{section.8}% 22
\BOOKMARK [2][-]{subsection.8.4}{\376\377\000C\000o\000n\000s\000c\000i\000o\000u\000s\000n\000e\000s\000s\000\040\000a\000s\000\040\000a\000\040\000S\000p\000e\000c\000t\000r\000a\000l\000\040\000R\000e\000g\000i\000m\000e}{section.8}% 23
\BOOKMARK [1][-]{section.9}{\376\377\000O\000p\000e\000r\000a\000t\000o\000r\000\040\000R\000e\000d\000u\000c\000t\000i\000o\000n\000s\000\040\000a\000n\000d\000\040\000S\000y\000m\000m\000e\000t\000r\000y\000\040\000S\000e\000c\000t\000o\000r\000s}{}% 24
\BOOKMARK [1][-]{section.10}{\376\377\000R\000e\000n\000o\000r\000m\000a\000l\000i\000z\000a\000t\000i\000o\000n\000\040\000a\000n\000d\000\040\000S\000p\000e\000c\000t\000r\000a\000l\000\040\000S\000c\000a\000l\000i\000n\000g}{}% 25
\BOOKMARK [1][-]{section.11}{\376\377\000I\000n\000t\000e\000g\000r\000a\000t\000i\000o\000n\000\040\000w\000i\000t\000h\000\040\000R\000S\000V\000P\000\040\000D\000y\000n\000a\000m\000i\000c\000s}{}% 26
\BOOKMARK [2][-]{subsection.11.1}{\376\377\000R\000S\000V\000P\000\040\000F\000i\000e\000l\000d\000s}{section.11}% 27
\BOOKMARK [2][-]{subsection.11.2}{\376\377\000L\000i\000n\000e\000a\000r\000i\000z\000e\000d\000\040\000R\000S\000V\000P\000\040\000O\000p\000e\000r\000a\000t\000o\000r}{section.11}% 28
\BOOKMARK [2][-]{subsection.11.3}{\376\377\000R\000S\000V\000P\000\040\000a\000s\000\040\000a\000\040\000U\000n\000i\000v\000e\000r\000s\000a\000l\000\040\000O\000p\000e\000r\000a\000t\000o\000r\000\040\000F\000r\000a\000m\000e\000w\000o\000r\000k}{section.11}% 29
\BOOKMARK [2][-]{subsection.11.4}{\376\377\000I\000n\000t\000e\000r\000p\000r\000e\000t\000a\000t\000i\000o\000n}{section.11}% 30
\BOOKMARK [1][-]{section.12}{\376\377\000S\000p\000e\000c\000t\000r\000a\000l\000\040\000E\000q\000u\000i\000v\000a\000l\000e\000n\000c\000e\000\040\000a\000n\000d\000\040\000U\000n\000i\000v\000e\000r\000s\000a\000l\000i\000t\000y\000\040\000C\000l\000a\000s\000s\000e\000s}{}% 31
\BOOKMARK [1][-]{section.13}{\376\377\000F\000r\000o\000m\000\040\000N\000e\000u\000r\000a\000l\000\040\000F\000i\000e\000l\000d\000s\000\040\000t\000o\000\040\000O\000p\000e\000r\000a\000t\000o\000r\000s}{}% 32
\BOOKMARK [1][-]{section.14}{\376\377\000E\000m\000p\000i\000r\000i\000c\000a\000l\000\040\000S\000p\000e\000c\000t\000r\000a\000l\000\040\000S\000i\000g\000n\000a\000t\000u\000r\000e\000s\000\040\000A\000c\000r\000o\000s\000s\000\040\000C\000o\000n\000s\000c\000i\000o\000u\000s\000n\000e\000s\000s\000\040\000S\000t\000a\000t\000e\000s}{}% 33
\BOOKMARK [1][-]{section.15}{\376\377\000L\000i\000m\000i\000t\000a\000t\000i\000o\000n\000s\000\040\000a\000n\000d\000\040\000O\000p\000e\000n\000\040\000P\000r\000o\000b\000l\000e\000m\000s}{}% 34
\BOOKMARK [1][-]{section.16}{\376\377\000C\000o\000n\000c\000l\000u\000s\000i\000o\000n\000:\000\040\000T\000o\000w\000a\000r\000d\000\040\000a\000\040\000U\000n\000i\000f\000i\000e\000d\000\040\000S\000p\000e\000c\000t\000r\000a\000l\000\040\000S\000c\000i\000e\000n\000c\000e}{}% 35
\BOOKMARK [1][-]{section*.4}{\376\377\000A\000p\000p\000e\000n\000d\000i\000x\000\040\000A\000:\000\040\000R\000a\000n\000d\000o\000m\000\040\000M\000a\000t\000r\000i\000x\000\040\000T\000h\000e\000o\000r\000y\000,\000\040\000Z\000e\000t\000a\000\040\000Z\000e\000r\000o\000s\000,\000\040\000a\000n\000d\000\040\000S\000p\000e\000c\000t\000r\000a\000l\000\040\000U\000n\000i\000v\000e\000r\000s\000a\000l\000i\000t\000y}{}% 36
\BOOKMARK [1][-]{section*.112}{\376\377\000A\000p\000p\000e\000n\000d\000i\000x\000\040\000G\000:\000\040\000O\000p\000e\000r\000a\000t\000o\000r\000\040\000A\000l\000g\000e\000b\000r\000a\000s\000\040\000a\000n\000d\000\040\000S\000y\000m\000m\000e\000t\000r\000y\000\040\000R\000e\000d\000u\000c\000t\000i\000o\000n\000s}{}% 37
\BOOKMARK [1][-]{section*.115}{\376\377\000A\000p\000p\000e\000n\000d\000i\000x\000\040\000H\000:\000\040\000S\000p\000e\000c\000t\000r\000a\000l\000\040\000G\000e\000o\000m\000e\000t\000r\000y\000\040\000a\000n\000d\000\040\000t\000h\000e\000\040\000P\000l\000e\000n\000u\000m\000\040\000M\000a\000n\000i\000f\000o\000l\000d}{}% 38
\BOOKMARK [1][-]{section*.118}{\376\377\000A\000p\000p\000e\000n\000d\000i\000x\000\040\000I\000:\000\040\000R\000e\000n\000o\000r\000m\000a\000l\000i\000z\000a\000t\000i\000o\000n\000\040\000a\000n\000d\000\040\000S\000p\000e\000c\000t\000r\000a\000l\000\040\000S\000c\000a\000l\000i\000n\000g}{}% 39
\BOOKMARK [1][-]{section*.121}{\376\377\000A\000p\000p\000e\000n\000d\000i\000x\000\040\000J\000:\000\040\000N\000o\000n\000l\000i\000n\000e\000a\000r\000\040\000R\000S\000V\000P\000\040\000M\000o\000d\000e\000s\000\040\000a\000n\000d\000\040\000P\000h\000a\000s\000e\000\040\000S\000t\000r\000u\000c\000t\000u\000r\000e}{}% 40
\BOOKMARK [1][-]{section*.124}{\376\377\000A\000p\000p\000e\000n\000d\000i\000x\000\040\000K\000:\000\040\000C\000o\000m\000p\000u\000t\000a\000t\000i\000o\000n\000a\000l\000\040\000E\000x\000p\000e\000r\000i\000m\000e\000n\000t\000s}{}% 41
\BOOKMARK [1][-]{section*.128}{\376\377\000A\000p\000p\000e\000n\000d\000i\000x\000\040\000L\000:\000\040\000I\000n\000d\000e\000x\000\040\000o\000f\000\040\000S\000y\000m\000b\000o\000l\000s\000\040\000a\000n\000d\000\040\000G\000l\000o\000s\000s\000a\000r\000y}{}% 42
