\BOOKMARK [1][-]{section.1}{\376\377\000I\000n\000t\000r\000o\000d\000u\000c\000t\000i\000o\000n}{}% 1
\BOOKMARK [1][-]{section.2}{\376\377\000T\000h\000e\000\040\000B\000i\000c\000a\000m\000e\000r\000a\000l\000\040\000I\000l\000l\000u\000s\000i\000o\000n}{}% 2
\BOOKMARK [2][-]{subsection.2.1}{\376\377\000C\000u\000l\000t\000u\000r\000a\000l\000\040\000A\000s\000y\000m\000m\000e\000t\000r\000i\000e\000s\000\040\000a\000n\000d\000\040\000M\000i\000m\000e\000t\000i\000c\000\040\000P\000r\000o\000x\000i\000e\000s}{section.2}% 3
\BOOKMARK [2][-]{subsection.2.2}{\376\377\000A\000t\000t\000r\000a\000c\000t\000o\000r\000s\000,\000\040\000N\000o\000t\000\040\000M\000o\000d\000u\000l\000e\000s}{section.2}% 4
\BOOKMARK [2][-]{subsection.2.3}{\376\377\000I\000m\000p\000l\000i\000c\000a\000t\000i\000o\000n\000s}{section.2}% 5
\BOOKMARK [1][-]{section.3}{\376\377\000S\000p\000e\000c\000t\000r\000a\000l\000\040\000A\000t\000t\000r\000a\000c\000t\000o\000r\000s\000\040\000i\000n\000\040\000R\000S\000V\000P}{}% 6
\BOOKMARK [2][-]{subsection.3.1}{\376\377\000D\000e\000f\000i\000n\000i\000n\000g\000\040\000S\000p\000e\000c\000t\000r\000a\000l\000\040\000A\000t\000t\000r\000a\000c\000t\000o\000r\000s}{section.3}% 7
\BOOKMARK [2][-]{subsection.3.2}{\376\377\000L\000e\000f\000t\000e\000d\000\040\000a\000n\000d\000\040\000R\000i\000g\000h\000t\000e\000d\000\040\000A\000t\000t\000r\000a\000c\000t\000o\000r\000s}{section.3}% 8
\BOOKMARK [2][-]{subsection.3.3}{\376\377\000R\000o\000l\000e\000\040\000I\000n\000v\000e\000r\000s\000i\000o\000n\000\040\000a\000n\000d\000\040\000P\000a\000r\000a\000d\000o\000x}{section.3}% 9
\BOOKMARK [2][-]{subsection.3.4}{\376\377\000O\000s\000c\000i\000l\000l\000a\000t\000o\000r\000y\000\040\000D\000y\000n\000a\000m\000i\000c\000s}{section.3}% 10
\BOOKMARK [1][-]{section.4}{\376\377\000F\000o\000r\000m\000a\000l\000\040\000R\000S\000V\000P\000\040\000M\000o\000d\000e\000l}{}% 11
\BOOKMARK [2][-]{subsection.4.1}{\376\377\000D\000i\000a\000g\000n\000o\000s\000t\000i\000c\000s}{section.4}% 12
\BOOKMARK [2][-]{subsection.4.2}{\376\377\000C\000o\000n\000t\000r\000o\000l\000\040\000O\000p\000e\000r\000a\000t\000o\000r\000s}{section.4}% 13
\BOOKMARK [2][-]{subsection.4.3}{\376\377\000A\000t\000t\000r\000a\000c\000t\000o\000r\000\040\000R\000o\000l\000e\000s}{section.4}% 14
\BOOKMARK [2][-]{subsection.4.4}{\376\377\000L\000y\000a\000p\000u\000n\000o\000v\000\040\000S\000k\000e\000t\000c\000h}{section.4}% 15
\BOOKMARK [2][-]{subsection.4.5}{\376\377\000I\000n\000t\000e\000r\000p\000r\000e\000t\000a\000t\000i\000o\000n}{section.4}% 16
\BOOKMARK [2][-]{subsection.4.6}{\376\377\000F\000r\000o\000m\000\040\000A\000t\000t\000r\000a\000c\000t\000o\000r\000\040\000S\000e\000l\000e\000c\000t\000i\000o\000n\000\040\000t\000o\000\040\000S\000e\000q\000u\000e\000n\000t\000i\000a\000l\000\040\000E\000x\000p\000r\000e\000s\000s\000i\000o\000n}{section.4}% 17
\BOOKMARK [1][-]{section.5}{\376\377\000A\000u\000t\000o\000r\000e\000g\000r\000e\000s\000s\000i\000v\000e\000\040\000C\000o\000g\000n\000i\000t\000i\000o\000n\000\040\000a\000s\000\040\000P\000o\000l\000y\000c\000o\000m\000p\000u\000t\000a\000t\000i\000o\000n\000\040\000o\000f\000\040\000O\000s\000c\000i\000l\000l\000a\000t\000o\000r\000y\000\040\000D\000i\000f\000f\000e\000r\000e\000n\000c\000e\000s}{}% 18
\BOOKMARK [2][-]{subsection.5.1}{\376\377\000O\000s\000c\000i\000l\000l\000a\000t\000o\000r\000y\000\040\000M\000o\000d\000e\000\040\000C\000o\000m\000p\000a\000r\000i\000s\000o\000n}{section.5}% 19
\BOOKMARK [2][-]{subsection.5.2}{\376\377\000P\000o\000l\000y\000c\000o\000m\000p\000u\000t\000a\000t\000i\000o\000n\000\040\000a\000n\000d\000\040\000S\000p\000e\000c\000t\000r\000a\000l\000\040\000A\000t\000t\000r\000a\000c\000t\000o\000r\000s}{section.5}% 20
\BOOKMARK [2][-]{subsection.5.3}{\376\377\000F\000r\000o\000m\000\040\000L\000i\000n\000e\000a\000r\000\040\000S\000e\000q\000u\000e\000n\000c\000e\000\040\000t\000o\000\040\000F\000i\000e\000l\000d\000\040\000D\000y\000n\000a\000m\000i\000c\000s}{section.5}% 21
\BOOKMARK [2][-]{subsection.5.4}{\376\377\000I\000m\000p\000l\000i\000c\000a\000t\000i\000o\000n\000s\000\040\000f\000o\000r\000\040\000B\000i\000c\000a\000m\000e\000r\000a\000l\000\040\000I\000l\000l\000u\000s\000i\000o\000n}{section.5}% 22
\BOOKMARK [2][-]{subsection.5.5}{\376\377\000A\000u\000t\000o\000r\000e\000g\000r\000e\000s\000s\000i\000o\000n\000\040\000a\000s\000\040\000P\000r\000o\000j\000e\000c\000t\000i\000o\000n\000\040\000o\000f\000\040\000R\000S\000V\000P\000\040\000F\000i\000e\000l\000d\000\040\000D\000y\000n\000a\000m\000i\000c\000s}{section.5}% 23
\BOOKMARK [3][-]{subsubsection.5.5.1}{\376\377\000O\000s\000c\000i\000l\000l\000a\000t\000o\000r\000y\000\040\000d\000e\000c\000o\000m\000p\000o\000s\000i\000t\000i\000o\000n\000.}{subsection.5.5}% 24
\BOOKMARK [3][-]{subsubsection.5.5.2}{\376\377\000S\000e\000q\000u\000e\000n\000t\000i\000a\000l\000\040\000e\000x\000p\000r\000e\000s\000s\000i\000o\000n\000.}{subsection.5.5}% 25
\BOOKMARK [3][-]{subsubsection.5.5.3}{\376\377\000I\000m\000p\000l\000i\000c\000a\000t\000i\000o\000n\000.}{subsection.5.5}% 26
\BOOKMARK [1][-]{section.6}{\376\377\000B\000i\000c\000a\000m\000e\000r\000a\000l\000\040\000V\000o\000i\000c\000e\000s\000\040\000a\000s\000\040\000A\000t\000t\000r\000a\000c\000t\000o\000r\000\040\000D\000y\000n\000a\000m\000i\000c\000s}{}% 27
\BOOKMARK [2][-]{subsection.6.1}{\376\377\000P\000r\000o\000j\000e\000c\000t\000i\000o\000n\000\040\000o\000f\000\040\000A\000t\000t\000r\000a\000c\000t\000o\000r\000\040\000S\000t\000a\000t\000e\000s}{section.6}% 28
\BOOKMARK [2][-]{subsection.6.2}{\376\377\000O\000s\000c\000i\000l\000l\000a\000t\000o\000r\000y\000\040\000S\000w\000i\000t\000c\000h\000i\000n\000g\000\040\000a\000n\000d\000\040\000H\000e\000t\000e\000r\000o\000c\000l\000i\000n\000i\000c\000\040\000C\000y\000c\000l\000e\000s}{section.6}% 29
\BOOKMARK [2][-]{subsection.6.3}{\376\377\000C\000u\000l\000t\000u\000r\000a\000l\000\040\000R\000e\000i\000f\000i\000c\000a\000t\000i\000o\000n}{section.6}% 30
\BOOKMARK [2][-]{subsection.6.4}{\376\377\000D\000i\000a\000l\000o\000g\000i\000c\000a\000l\000\040\000C\000o\000g\000n\000i\000t\000i\000o\000n\000\040\000R\000e\000v\000i\000s\000i\000t\000e\000d}{section.6}% 31
\BOOKMARK [1][-]{section.7}{\376\377\000E\000x\000p\000e\000r\000i\000m\000e\000n\000t\000a\000l\000\040\000P\000r\000o\000x\000i\000e\000s\000\040\000a\000n\000d\000\040\000I\000n\000d\000u\000c\000t\000i\000o\000n\000\040\000T\000a\000s\000k\000s}{}% 32
\BOOKMARK [2][-]{subsection.7.1}{\376\377\000B\000e\000h\000a\000v\000i\000o\000r\000a\000l\000\040\000I\000n\000d\000u\000c\000t\000i\000o\000n\000\040\000T\000a\000s\000k\000s}{section.7}% 33
\BOOKMARK [3][-]{subsubsection.7.1.1}{\376\377\000W\000a\000r\000b\000l\000i\000n\000g\000\040\000b\000l\000o\000c\000k\000s\000.}{subsection.7.1}% 34
\BOOKMARK [3][-]{subsubsection.7.1.2}{\376\377\000F\000l\000o\000w\000-\000a\000l\000i\000g\000n\000m\000e\000n\000t\000\040\000b\000l\000o\000c\000k\000s\000.}{subsection.7.1}% 35
\BOOKMARK [2][-]{subsection.7.2}{\376\377\000M\000e\000a\000s\000u\000r\000e\000m\000e\000n\000t\000\040\000P\000r\000o\000x\000i\000e\000s}{section.7}% 36
\BOOKMARK [3][-]{subsubsection.7.2.1}{\376\377\000T\000o\000r\000s\000i\000o\000n\000\040\000\050\000T\000\051\000.}{subsection.7.2}% 37
\BOOKMARK [3][-]{subsubsection.7.2.2}{\376\377\000A\000l\000i\000g\000n\000m\000e\000n\000t\000\040\000\050\000A\000\051\000.}{subsection.7.2}% 38
\BOOKMARK [3][-]{subsubsection.7.2.3}{\376\377\000E\000n\000t\000r\000o\000p\000y\000\040\000\050\000\051\000.}{subsection.7.2}% 39
\BOOKMARK [2][-]{subsection.7.3}{\376\377\000P\000r\000e\000d\000i\000c\000t\000e\000d\000\040\000O\000u\000t\000c\000o\000m\000e\000s}{section.7}% 40
\BOOKMARK [2][-]{subsection.7.4}{\376\377\000C\000o\000m\000p\000u\000t\000a\000t\000i\000o\000n\000a\000l\000\040\000S\000i\000m\000u\000l\000a\000t\000i\000o\000n\000s}{section.7}% 41
\BOOKMARK [2][-]{subsection.7.5}{\376\377\000T\000o\000w\000a\000r\000d\000\040\000E\000m\000p\000i\000r\000i\000c\000a\000l\000\040\000V\000a\000l\000i\000d\000a\000t\000i\000o\000n}{section.7}% 42
\BOOKMARK [1][-]{section.8}{\376\377\000I\000m\000p\000l\000i\000c\000a\000t\000i\000o\000n\000s}{}% 43
\BOOKMARK [2][-]{subsection.8.1}{\376\377\000P\000s\000y\000c\000h\000o\000l\000o\000g\000i\000c\000a\000l\000\040\000I\000m\000p\000l\000i\000c\000a\000t\000i\000o\000n\000s}{section.8}% 44
\BOOKMARK [2][-]{subsection.8.2}{\376\377\000A\000n\000t\000h\000r\000o\000p\000o\000l\000o\000g\000i\000c\000a\000l\000\040\000I\000m\000p\000l\000i\000c\000a\000t\000i\000o\000n\000s}{section.8}% 45
\BOOKMARK [2][-]{subsection.8.3}{\376\377\000P\000h\000i\000l\000o\000s\000o\000p\000h\000i\000c\000a\000l\000\040\000I\000m\000p\000l\000i\000c\000a\000t\000i\000o\000n\000s}{section.8}% 46
\BOOKMARK [2][-]{subsection.8.4}{\376\377\000I\000m\000p\000l\000i\000c\000a\000t\000i\000o\000n\000s\000\040\000f\000o\000r\000\040\000A\000I\000\040\000a\000n\000d\000\040\000C\000o\000g\000n\000i\000t\000i\000o\000n}{section.8}% 47
\BOOKMARK [2][-]{subsection.8.5}{\376\377\000I\000m\000p\000l\000i\000c\000a\000t\000i\000o\000n\000s\000\040\000f\000o\000r\000\040\000A\000p\000h\000a\000n\000t\000a\000s\000i\000a\000\040\000a\000n\000d\000\040\000A\000n\000e\000n\000d\000o\000p\000h\000a\000s\000i\000a}{section.8}% 48
\BOOKMARK [3][-]{subsubsection.8.5.1}{\376\377\000A\000p\000h\000a\000n\000t\000a\000s\000i\000a\000.}{subsection.8.5}% 49
\BOOKMARK [3][-]{subsubsection.8.5.2}{\376\377\000A\000n\000e\000n\000d\000o\000p\000h\000a\000s\000i\000a\000.}{subsection.8.5}% 50
\BOOKMARK [3][-]{subsubsection.8.5.3}{\376\377\000G\000e\000n\000e\000r\000a\000l\000\040\000I\000m\000p\000l\000i\000c\000a\000t\000i\000o\000n\000.}{subsection.8.5}% 51
\BOOKMARK [2][-]{subsection.8.6}{\376\377\000S\000u\000m\000m\000a\000r\000y}{section.8}% 52
\BOOKMARK [2][-]{subsection.8.7}{\376\377\000E\000m\000p\000i\000r\000i\000c\000a\000l\000\040\000T\000e\000s\000t\000a\000b\000i\000l\000i\000t\000y\000\040\000a\000n\000d\000\040\000M\000o\000d\000a\000l\000\040\000A\000c\000t\000i\000v\000a\000t\000i\000o\000n}{section.8}% 53
\BOOKMARK [2][-]{subsection.8.8}{\376\377\000F\000u\000t\000u\000r\000e\000\040\000D\000i\000r\000e\000c\000t\000i\000o\000n\000s\000:\000\040\000T\000o\000w\000a\000r\000d\000\040\000A\000m\000p\000l\000i\000t\000w\000i\000s\000t\000o\000r\000\040\000C\000a\000s\000c\000a\000d\000e\000s}{section.8}% 54
\BOOKMARK [2][-]{subsection.8.9}{\376\377\000F\000r\000o\000m\000\040\000R\000S\000V\000P\000\040\000F\000i\000e\000l\000d\000s\000\040\000t\000o\000\040\000A\000m\000p\000l\000i\000t\000w\000i\000s\000t\000o\000r\000\040\000C\000a\000s\000c\000a\000d\000e\000s}{section.8}% 55
\BOOKMARK [2][-]{subsection.8.10}{\376\377\000L\000i\000n\000k\000i\000n\000g\000\040\000t\000h\000e\000\040\000R\000S\000V\000P\000\040\000L\000y\000a\000p\000u\000n\000o\000v\000\040\000F\000u\000n\000c\000t\000i\000o\000n\000a\000l\000\040\000t\000o\000\040\000A\000m\000p\000l\000i\000t\000w\000i\000s\000t\000o\000r\000\040\000C\000a\000s\000c\000a\000d\000e\000s}{section.8}% 56
\BOOKMARK [3][-]{subsubsection.8.10.1}{\376\377\000A\000u\000g\000m\000e\000n\000t\000e\000d\000\040\000L\000y\000a\000p\000u\000n\000o\000v\000\040\000f\000u\000n\000c\000t\000i\000o\000n\000a\000l\000.}{subsection.8.10}% 57
\BOOKMARK [3][-]{subsubsection.8.10.2}{\376\377\000P\000h\000a\000s\000e\040\023\000f\000l\000o\000w\000\040\000c\000o\000n\000s\000i\000s\000t\000e\000n\000c\000y\000.}{subsection.8.10}% 58
\BOOKMARK [3][-]{subsubsection.8.10.3}{\376\377\000W\000a\000r\000b\000l\000i\000n\000g\000\040\000a\000n\000d\000\040\000a\000l\000i\000g\000n\000m\000e\000n\000t\000\040\000a\000t\000\040\000t\000h\000e\000\040\000t\000w\000i\000s\000t\000\040\000l\000e\000v\000e\000l\000.}{subsection.8.10}% 59
\BOOKMARK [3][-]{subsubsection.8.10.4}{\376\377\000C\000o\000n\000s\000e\000q\000u\000e\000n\000c\000e\000.}{subsection.8.10}% 60
\BOOKMARK [2][-]{subsection.8.11}{\376\377\000R\000e\000l\000e\000v\000a\000n\000c\000e\000\040\000A\000c\000t\000i\000v\000a\000t\000i\000o\000n\000\040\000T\000h\000e\000o\000r\000y\000\040\000a\000n\000d\000\040\000D\000e\000v\000e\000l\000o\000p\000m\000e\000n\000t\000a\000l\000\040\000T\000r\000a\000j\000e\000c\000t\000o\000r\000i\000e\000s}{section.8}% 61
\BOOKMARK [2][-]{subsection.8.12}{\376\377\000H\000i\000e\000r\000a\000r\000c\000h\000i\000c\000a\000l\000\040\000I\000s\000i\000n\000g\000\040\000S\000y\000n\000c\000h\000r\000o\000n\000i\000z\000a\000t\000i\000o\000n\000\040\000f\000o\000r\000\040\000D\000e\000v\000e\000l\000o\000p\000m\000e\000n\000t\000a\000l\000\040\000T\000r\000a\000j\000e\000c\000t\000o\000r\000i\000e\000s}{section.8}% 62
\BOOKMARK [3][-]{subsubsection.8.12.1}{\376\377\000H\000a\000m\000i\000l\000t\000o\000n\000i\000a\000n\000.}{subsection.8.12}% 63
\BOOKMARK [3][-]{subsubsection.8.12.2}{\376\377\000G\000i\000b\000b\000s\000\040\000m\000e\000a\000s\000u\000r\000e\000\040\000a\000n\000d\000\040\000e\000f\000f\000e\000c\000t\000i\000v\000e\000\040\000t\000e\000m\000p\000e\000r\000a\000t\000u\000r\000e\000.}{subsection.8.12}% 64
\BOOKMARK [3][-]{subsubsection.8.12.3}{\376\377\000O\000r\000d\000e\000r\000\040\000p\000a\000r\000a\000m\000e\000t\000e\000r\000s\000\040\000a\000n\000d\000\040\000c\000o\000h\000e\000r\000e\000n\000c\000e\000.}{subsection.8.12}% 65
\BOOKMARK [3][-]{subsubsection.8.12.4}{\376\377\000M\000e\000a\000n\000-\000f\000i\000e\000l\000d\000\040\000f\000i\000x\000e\000d\000\040\000p\000o\000i\000n\000t\000s\000.}{subsection.8.12}% 66
\BOOKMARK [3][-]{subsubsection.8.12.5}{\376\377\000S\000t\000a\000b\000i\000l\000i\000t\000y\000\040\000t\000h\000r\000e\000s\000h\000o\000l\000d\000\040\000\050\000s\000y\000n\000c\000h\000r\000o\000n\000i\000z\000a\000t\000i\000o\000n\000\040\000c\000o\000n\000d\000i\000t\000i\000o\000n\000\051\000.}{subsection.8.12}% 67
\BOOKMARK [3][-]{subsubsection.8.12.6}{\376\377\000C\000o\000u\000p\000l\000i\000n\000g\000\040\000t\000o\000\040\000R\000S\000V\000P\000\040\000c\000o\000n\000t\000r\000o\000l\000s\000.}{subsection.8.12}% 68
\BOOKMARK [3][-]{subsubsection.8.12.7}{\376\377\000L\000a\000n\000d\000a\000u\000e\000r\000\040\000d\000e\000t\000e\000c\000t\000a\000b\000i\000l\000i\000t\000y\000.}{subsection.8.12}% 69
\BOOKMARK [3][-]{subsubsection.8.12.8}{\376\377\000I\000n\000t\000e\000r\000p\000r\000e\000t\000a\000t\000i\000o\000n\000.}{subsection.8.12}% 70
\BOOKMARK [2][-]{subsection.8.13}{\376\377\000W\000o\000r\000k\000e\000d\000\040\000E\000x\000a\000m\000p\000l\000e\000:\000\040\000T\000w\000o\000-\000L\000e\000v\000e\000l\000\040\000S\000y\000n\000c\000h\000r\000o\000n\000i\000z\000a\000t\000i\000o\000n\000\040\000a\000n\000d\000\040\000H\000a\000z\000a\000r\000d\000\040\000S\000h\000i\000f\000t}{section.8}% 71
\BOOKMARK [3][-]{subsubsection.8.13.1}{\376\377\000M\000e\000a\000n\000-\000f\000i\000e\000l\000d\000\040\000f\000i\000x\000e\000d\000\040\000p\000o\000i\000n\000t\000s\000.}{subsection.8.13}% 72
\BOOKMARK [3][-]{subsubsection.8.13.2}{\376\377\000C\000r\000i\000t\000i\000c\000a\000l\000\040\000s\000y\000n\000c\000h\000r\000o\000n\000i\000z\000a\000t\000i\000o\000n\000\040\000t\000h\000r\000e\000s\000h\000o\000l\000d\000\040\000\050\000n\000o\000\040\000h\000a\000z\000a\000r\000d\000s\000,\000\040\000z\000e\000r\000o\000\040\000f\000i\000e\000l\000d\000\051\000.}{subsection.8.13}% 73
\BOOKMARK [3][-]{subsubsection.8.13.3}{\376\377\000S\000y\000m\000m\000e\000t\000r\000i\000c\000\040\000s\000p\000e\000c\000i\000a\000l\000\040\000c\000a\000s\000e\000.}{subsection.8.13}% 74
\BOOKMARK [3][-]{subsubsection.8.13.4}{\376\377\000H\000a\000z\000a\000r\000d\000\040\000\050\000r\000a\000n\000d\000o\000m\000-\000f\000i\000e\000l\000d\000\051\000\040\000s\000h\000i\000f\000t\000.}{subsection.8.13}% 75
\BOOKMARK [3][-]{subsubsection.8.13.5}{\376\377\000N\000e\000a\000r\000-\000t\000h\000r\000e\000s\000h\000o\000l\000d\000\040\000s\000c\000a\000l\000i\000n\000g\000\040\000a\000n\000d\000\040\000d\000e\000t\000e\000c\000t\000a\000b\000i\000l\000i\000t\000y\000.}{subsection.8.13}% 76
\BOOKMARK [3][-]{subsubsection.8.13.6}{\376\377\000C\000o\000u\000p\000l\000i\000n\000g\000\040\000t\000o\000\040\000R\000S\000V\000P\000\040\000c\000o\000n\000t\000r\000o\000l\000s\000\040\000\050\000q\000u\000a\000l\000i\000t\000a\000t\000i\000v\000e\000\040\000s\000h\000i\000f\000t\000\051\000.}{subsection.8.13}% 77
\BOOKMARK [3][-]{subsubsection.8.13.7}{\376\377\000N\000u\000m\000e\000r\000i\000c\000a\000l\000\040\000r\000e\000c\000i\000p\000e\000\040\000\050\000d\000a\000m\000p\000e\000d\000\040\000N\000e\000w\000t\000o\000n\000\051\000.}{subsection.8.13}% 78
\BOOKMARK [2][-]{subsection.8.14}{\376\377\000A\000u\000t\000o\000r\000e\000g\000r\000e\000s\000s\000i\000o\000n\000\040\000a\000s\000\040\000E\000v\000o\000l\000u\000t\000i\000o\000n\000a\000r\000y\000\040\000P\000r\000o\000g\000r\000a\000m\000\040\000S\000e\000a\000r\000c\000h\000\040\000i\000n\000\040\000C\000P\000G\000\040\000C\000h\000a\000i\000n\000s}{section.8}% 79
\BOOKMARK [3][-]{subsubsection.8.14.1}{\376\377\000C\000h\000a\000i\000n\000\040\000l\000i\000n\000k\000a\000g\000e\000s\000.}{subsection.8.14}% 80
\BOOKMARK [3][-]{subsubsection.8.14.2}{\376\377\000E\000v\000o\000l\000u\000t\000i\000o\000n\000a\000r\000y\000\040\000s\000e\000a\000r\000c\000h\000\040\000m\000e\000t\000a\000p\000h\000o\000r\000.}{subsection.8.14}% 81
\BOOKMARK [3][-]{subsubsection.8.14.3}{\376\377\000T\000h\000e\000r\000m\000o\000d\000y\000n\000a\000m\000i\000c\000\040\000c\000o\000n\000s\000t\000r\000a\000i\000n\000t\000.}{subsection.8.14}% 82
\BOOKMARK [3][-]{subsubsection.8.14.4}{\376\377\000I\000m\000p\000l\000i\000c\000a\000t\000i\000o\000n\000.}{subsection.8.14}% 83
\BOOKMARK [2][-]{subsection.8.15}{\376\377\000A\000\040\000T\000o\000y\000\040\000M\000o\000d\000e\000l\000:\000\040\000A\000u\000t\000o\000r\000e\000g\000r\000e\000s\000s\000i\000v\000e\000\040\000C\000P\000G\000\040\000C\000h\000a\000i\000n\000\040\000S\000e\000a\000r\000c\000h\000\040\000u\000n\000d\000e\000r\000\040\000R\000S\000V\000P\000\040\000C\000o\000n\000s\000t\000r\000a\000i\000n\000t\000s}{section.8}% 84
\BOOKMARK [3][-]{subsubsection.8.15.1}{\376\377\000C\000P\000G\000\040\000m\000o\000d\000u\000l\000e\000s\000\040\000a\000n\000d\000\040\000c\000h\000a\000i\000n\000s\000.}{subsection.8.15}% 85
\BOOKMARK [3][-]{subsubsection.8.15.2}{\376\377\000R\000S\000V\000P\000\040\000e\000n\000e\000r\000g\000y\000\040\000/\000\040\000f\000i\000t\000n\000e\000s\000s\000\040\000o\000f\000\040\000a\000\040\000c\000h\000a\000i\000n\000.}{subsection.8.15}% 86
\BOOKMARK [3][-]{subsubsection.8.15.3}{\376\377\000C\000o\000m\000p\000a\000t\000i\000b\000i\000l\000i\000t\000y\000\040\000a\000n\000d\000\040\000m\000u\000t\000a\000t\000i\000o\000n\000.}{subsection.8.15}% 87
\BOOKMARK [3][-]{subsubsection.8.15.4}{\376\377\000S\000e\000l\000e\000c\000t\000i\000o\000n\000:\000\040\000M\000e\000t\000r\000o\000p\000o\000l\000i\000s\040\023\000L\000a\000n\000d\000a\000u\000e\000r\000\040\000a\000c\000c\000e\000p\000t\000a\000n\000c\000e\000.}{subsection.8.15}% 88
\BOOKMARK [3][-]{subsubsection.8.15.5}{\376\377\000P\000o\000p\000u\000l\000a\000t\000i\000o\000n\000\040\000/\000\040\000r\000e\000p\000l\000i\000c\000a\000t\000o\000r\000\040\000v\000i\000e\000w\000.}{subsection.8.15}% 89
\BOOKMARK [3][-]{subsubsection.8.15.6}{\376\377\000A\000u\000t\000o\000r\000e\000g\000r\000e\000s\000s\000i\000v\000e\000\040\000p\000r\000o\000j\000e\000c\000t\000i\000o\000n\000\040\000l\000i\000n\000k\000.}{subsection.8.15}% 90
\BOOKMARK [3][-]{subsubsection.8.15.7}{\376\377\000S\000t\000a\000t\000i\000o\000n\000a\000r\000y\000\040\000d\000i\000s\000t\000r\000i\000b\000u\000t\000i\000o\000n\000\040\000\050\000t\000o\000y\000\040\000r\000e\000s\000u\000l\000t\000\051\000.}{subsection.8.15}% 91
\BOOKMARK [3][-]{subsubsection.8.15.8}{\376\377\000R\000e\000m\000a\000r\000k\000\040\000\050\000a\000f\000f\000o\000r\000d\000a\000n\000c\000e\000\040\000f\000o\000r\000a\000g\000i\000n\000g\000\051\000.}{subsection.8.15}% 92
\BOOKMARK [3][-]{subsubsection.8.15.9}{\376\377\000I\000m\000p\000l\000i\000c\000a\000t\000i\000o\000n\000.}{subsection.8.15}% 93
\BOOKMARK [2][-]{subsection.8.16}{\376\377\000T\000o\000y\000\040\000S\000i\000m\000u\000l\000a\000t\000i\000o\000n\000\040\000R\000e\000c\000i\000p\000e\000:\000\040\000T\000w\000o\000-\000M\000o\000d\000u\000l\000e\000\040\000C\000P\000G\000\040\000L\000i\000b\000r\000a\000r\000y\000,\000\040\000L\000e\000n\000g\000t\000h\000-\0002\000\040\000C\000h\000a\000i\000n\000s}{section.8}% 94
\BOOKMARK [3][-]{subsubsection.8.16.1}{\376\377\000S\000e\000t\000u\000p\000.}{subsection.8.16}% 95
\BOOKMARK [3][-]{subsubsection.8.16.2}{\376\377\000C\000o\000m\000p\000a\000t\000i\000b\000i\000l\000i\000t\000y\000.}{subsection.8.16}% 96
\BOOKMARK [3][-]{subsubsection.8.16.3}{\376\377\000R\000S\000V\000P\000\040\000a\000l\000i\000g\000n\000m\000e\000n\000t\000\040\000g\000a\000i\000n\000\040\000\050\000s\000u\000r\000r\000o\000g\000a\000t\000e\000\051\000.}{subsection.8.16}% 97
\BOOKMARK [3][-]{subsubsection.8.16.4}{\376\377\000E\000n\000e\000r\000g\000y\000\040\000/\000\040\000f\000i\000t\000n\000e\000s\000s\000.}{subsection.8.16}% 98
\BOOKMARK [3][-]{subsubsection.8.16.5}{\376\377\000M\000u\000t\000a\000t\000i\000o\000n\000\040\000k\000e\000r\000n\000e\000l\000.}{subsection.8.16}% 99
\BOOKMARK [3][-]{subsubsection.8.16.6}{\376\377\000M\000e\000t\000r\000o\000p\000o\000l\000i\000s\040\023\000L\000a\000n\000d\000a\000u\000e\000r\000\040\000a\000c\000c\000e\000p\000t\000a\000n\000c\000e\000.}{subsection.8.16}% 100
\BOOKMARK [3][-]{subsubsection.8.16.7}{\376\377\000I\000n\000i\000t\000i\000a\000l\000i\000z\000a\000t\000i\000o\000n\000\040\000a\000n\000d\000\040\000r\000u\000n\000.}{subsection.8.16}% 101
\BOOKMARK [3][-]{subsubsection.8.16.8}{\376\377\000S\000u\000g\000g\000e\000s\000t\000e\000d\000\040\000d\000e\000f\000a\000u\000l\000t\000\040\000p\000a\000r\000a\000m\000e\000t\000e\000r\000s\000.}{subsection.8.16}% 102
\BOOKMARK [3][-]{subsubsection.8.16.9}{\376\377\000E\000x\000p\000e\000c\000t\000e\000d\000\040\000q\000u\000a\000l\000i\000t\000a\000t\000i\000v\000e\000\040\000o\000u\000t\000c\000o\000m\000e\000s\000.}{subsection.8.16}% 103
\BOOKMARK [3][-]{subsubsection.8.16.10}{\376\377\000F\000i\000x\000e\000d\000-\000p\000o\000i\000n\000t\000\040\000r\000e\000p\000l\000i\000c\000a\000t\000o\000r\000\040\000a\000l\000t\000e\000r\000n\000a\000t\000i\000v\000e\000.}{subsection.8.16}% 104
\BOOKMARK [2][-]{subsection.8.17}{\376\377\000P\000l\000u\000g\000g\000i\000n\000g\000\040\000E\000m\000p\000i\000r\000i\000c\000a\000l\000\040\000,\000v\000,\000S\000\040\000i\000n\000t\000o\000\040\000t\000h\000e\000\040\000C\000P\000G\000\040\000T\000o\000y\000\040\000M\000o\000d\000e\000l}{section.8}% 105
\BOOKMARK [3][-]{subsubsection.8.17.1}{\376\377\000G\000o\000a\000l\000.}{subsection.8.17}% 106
\BOOKMARK [3][-]{subsubsection.8.17.2}{\376\377\000O\000p\000t\000i\000o\000n\000\040\000A\000:\000\040\000D\000a\000t\000a\000-\000d\000r\000i\000v\000e\000n\000\040\000f\000i\000e\000l\000d\000s\000.}{subsection.8.17}% 107
\BOOKMARK [3][-]{subsubsection.8.17.3}{\376\377\000O\000p\000t\000i\000o\000n\000\040\000B\000:\000\040\000S\000y\000n\000t\000h\000e\000t\000i\000c\000\040\000b\000e\000n\000c\000h\000m\000a\000r\000k\000\040\000f\000i\000e\000l\000d\000s\000.}{subsection.8.17}% 108
\BOOKMARK [3][-]{subsubsection.8.17.4}{\376\377\000N\000u\000m\000e\000r\000i\000c\000a\000l\000\040\000r\000e\000c\000i\000p\000e\000\040\000\050\000m\000i\000n\000i\000m\000a\000l\000\051\000.}{subsection.8.17}% 109
\BOOKMARK [3][-]{subsubsection.8.17.5}{\376\377\000P\000r\000a\000c\000t\000i\000c\000a\000l\000\040\000t\000i\000p\000s\000.}{subsection.8.17}% 110
\BOOKMARK [3][-]{subsubsection.8.17.6}{\376\377\000O\000p\000t\000i\000o\000n\000a\000l\000:\000\040\000t\000o\000r\000s\000i\000o\000n\000-\000a\000w\000a\000r\000e\000\040\000s\000c\000o\000r\000e\000.}{subsection.8.17}% 111
\BOOKMARK [1][-]{section.9}{\376\377\000T\000o\000r\000s\000i\000o\000n\000\040\000a\000s\000\040\000a\000\040\000M\000e\000a\000s\000u\000r\000e\000\040\000o\000f\000\040\000S\000e\000m\000a\000n\000t\000i\000c\000\040\000M\000a\000n\000i\000f\000o\000l\000d\000\040\000C\000o\000m\000p\000a\000t\000i\000b\000i\000l\000i\000t\000y}{}% 112
\BOOKMARK [2][-]{subsection.9.1}{\376\377\000D\000e\000f\000i\000n\000i\000t\000i\000o\000n}{section.9}% 113
\BOOKMARK [2][-]{subsection.9.2}{\376\377\000S\000e\000m\000a\000n\000t\000i\000c\000\040\000C\000o\000m\000p\000a\000t\000i\000b\000i\000l\000i\000t\000y\000\040\000M\000e\000t\000r\000i\000c}{section.9}% 114
\BOOKMARK [2][-]{subsection.9.3}{\376\377\000R\000e\000l\000a\000t\000i\000o\000n\000\040\000t\000o\000\040\000L\000a\000n\000d\000a\000u\000e\000r\000\040\000D\000i\000s\000t\000a\000n\000c\000e}{section.9}% 115
\BOOKMARK [2][-]{subsection.9.4}{\376\377\000I\000m\000p\000l\000i\000c\000a\000t\000i\000o\000n\000s}{section.9}% 116
\BOOKMARK [2][-]{subsection.9.5}{\376\377\000W\000o\000r\000k\000e\000d\000\040\000E\000x\000a\000m\000p\000l\000e\000:\000\040\000T\000w\000o\000\040\0002\000D\000\040\000M\000a\000n\000i\000f\000o\000l\000d\000s\000\040\000i\000n\000\040\000R\0003}{section.9}% 117
\BOOKMARK [3][-]{subsubsection.9.5.1}{\376\377\000M\000a\000n\000i\000f\000o\000l\000d\000s\000\040\000a\000n\000d\000\040\000t\000a\000n\000g\000e\000n\000t\000\040\000f\000r\000a\000m\000e\000s\000.}{subsection.9.5}% 118
\BOOKMARK [3][-]{subsubsection.9.5.2}{\376\377\000R\000S\000V\000P\000\040\000c\000o\000n\000n\000e\000c\000t\000i\000o\000n\000\040\000w\000i\000t\000h\000\040\000c\000o\000n\000s\000t\000a\000n\000t\000\040\000t\000o\000r\000s\000i\000o\000n\000.}{subsection.9.5}% 119
\BOOKMARK [3][-]{subsubsection.9.5.3}{\376\377\000T\000o\000r\000s\000i\000o\000n\000\040\000o\000n\000\040\000M\0001\000\040\000a\000n\000d\000\040\000M\0002\000.}{subsection.9.5}% 120
\BOOKMARK [3][-]{subsubsection.9.5.4}{\376\377\000P\000r\000o\000j\000e\000c\000t\000e\000d\000\040\000t\000o\000r\000s\000i\000o\000n\000\040\000a\000n\000d\000\040\000m\000i\000s\000m\000a\000t\000c\000h\000\040\000a\000n\000g\000l\000e\000.}{subsection.9.5}% 121
\BOOKMARK [3][-]{subsubsection.9.5.5}{\376\377\000T\000o\000r\000s\000i\000o\000n\000\040\000d\000i\000s\000t\000a\000n\000c\000e\000\040\000o\000v\000e\000r\000\040\000t\000h\000e\000\040\000o\000v\000e\000r\000l\000a\000p\000.}{subsection.9.5}% 122
\BOOKMARK [3][-]{subsubsection.9.5.6}{\376\377\000I\000n\000t\000e\000r\000p\000r\000e\000t\000a\000t\000i\000o\000n\000\040\000a\000n\000d\000\040\000v\000a\000r\000i\000a\000n\000t\000s\000.}{subsection.9.5}% 123
\BOOKMARK [2][-]{subsection.9.6}{\376\377\000G\000e\000o\000m\000e\000t\000r\000i\000c\040\023\000T\000h\000e\000r\000m\000o\000d\000y\000n\000a\000m\000i\000c\000\040\000C\000o\000u\000p\000l\000i\000n\000g\000:\000\040\000T\000o\000r\000s\000i\000o\000n\000\040\000a\000n\000d\000\040\000L\000a\000n\000d\000a\000u\000e\000r\000\040\000T\000h\000r\000e\000s\000h\000o\000l\000d\000s}{section.9}% 124
\BOOKMARK [2][-]{subsection.9.7}{\376\377\000E\000v\000e\000r\000y\000d\000a\000y\000\040\000i\000n\000t\000e\000r\000p\000r\000e\000t\000a\000t\000i\000o\000n}{section.9}% 125
\BOOKMARK [3][-]{subsubsection.9.7.1}{\376\377\000I\000l\000l\000u\000s\000t\000r\000a\000t\000i\000v\000e\000\040\000e\000x\000a\000m\000p\000l\000e\000.}{subsection.9.7}% 126
\BOOKMARK [3][-]{subsubsection.9.7.2}{\376\377\000I\000m\000p\000l\000i\000c\000a\000t\000i\000o\000n\000.}{subsection.9.7}% 127
\BOOKMARK [2][-]{subsection.9.8}{\376\377\000E\000x\000p\000o\000u\000n\000d\000i\000n\000g\000\040\000t\000h\000e\000\040\000T\000o\000r\000s\000i\000o\000n\040\023\000L\000a\000n\000d\000a\000u\000e\000r\000\040\000C\000o\000u\000p\000l\000i\000n\000g}{section.9}% 128
\BOOKMARK [2][-]{subsection.9.9}{\376\377\000T\000o\000r\000s\000i\000o\000n\040\023\000L\000a\000n\000d\000a\000u\000e\000r\000\040\000a\000s\000\040\000a\000\040\000S\000u\000b\000t\000r\000a\000c\000t\000i\000v\000e\000\040\000F\000i\000l\000t\000e\000r\000\040\000o\000n\000\040\000F\000o\000u\000r\000i\000e\000r\000\040\000E\000i\000g\000e\000n\000m\000o\000d\000e\000s}{section.9}% 129
\BOOKMARK [3][-]{subsubsection.9.9.1}{\376\377\000S\000p\000e\000c\000t\000r\000a\000l\000\040\000f\000r\000a\000m\000e}{subsection.9.9}% 130
\BOOKMARK [3][-]{subsubsection.9.9.2}{\376\377\000M\000o\000d\000e\000w\000i\000s\000e\000\040\000t\000o\000r\000s\000i\000o\000n\000\040\000a\000n\000d\000\040\000e\000n\000e\000r\000g\000e\000t\000i\000c\000\040\000m\000a\000r\000g\000i\000n\000s}{subsection.9.9}% 131
\BOOKMARK [3][-]{subsubsection.9.9.3}{\376\377\000S\000u\000b\000t\000r\000a\000c\000t\000i\000v\000e\000\040\000s\000p\000e\000c\000t\000r\000a\000l\000\040\000f\000i\000l\000t\000e\000r}{subsection.9.9}% 132
\BOOKMARK [3][-]{subsubsection.9.9.4}{\376\377\000O\000p\000e\000r\000a\000t\000i\000o\000n\000a\000l\000\040\000d\000e\000f\000i\000n\000i\000t\000i\000o\000n\000s\000\040\000o\000f\000\040\000k\000\040\000a\000n\000d\000\040\000L\000"\0000\0003\0006\0005\000L\000k\000.}{subsection.9.9}% 133
\BOOKMARK [3][-]{subsubsection.9.9.5}{\376\377\000E\000f\000f\000e\000c\000t\000s\000\040\000o\000f\000\040\000h\000a\000z\000a\000r\000d\000s\000\040\000a\000n\000d\000\040\000a\000l\000i\000g\000n\000m\000e\000n\000t\000.}{subsection.9.9}% 134
\BOOKMARK [3][-]{subsubsection.9.9.6}{\376\377\000L\000i\000n\000k\000\040\000t\000o\000\040\000a\000u\000t\000o\000r\000e\000g\000r\000e\000s\000s\000i\000o\000n\000\040\000a\000n\000d\000\040\000C\000P\000G\000\040\000p\000r\000o\000g\000r\000a\000m\000\040\000s\000e\000a\000r\000c\000h\000.}{subsection.9.9}% 135
\BOOKMARK [3][-]{subsubsection.9.9.7}{\376\377\000H\000i\000e\000r\000a\000r\000c\000h\000i\000c\000a\000l\000\040\000I\000s\000i\000n\000g\000\040\000s\000y\000n\000c\000h\000r\000o\000n\000i\000z\000a\000t\000i\000o\000n\000\040\000a\000s\000\040\000l\000o\000w\000-\000p\000a\000s\000s\000\040\000c\000o\000h\000e\000r\000e\000n\000c\000e\000.}{subsection.9.9}% 136
\BOOKMARK [3][-]{subsubsection.9.9.8}{\376\377\000M\000o\000n\000o\000t\000o\000n\000i\000c\000i\000t\000y\000.}{subsection.9.9}% 137
\BOOKMARK [3][-]{subsubsection.9.9.9}{\376\377\000I\000n\000t\000e\000r\000p\000r\000e\000t\000a\000t\000i\000o\000n\000.}{subsection.9.9}% 138
\BOOKMARK [2][-]{subsection.9.10}{\376\377\000I\000m\000p\000l\000e\000m\000e\000n\000t\000a\000t\000i\000o\000n\000\040\000N\000o\000t\000e\000:\000\040\000R\000u\000n\000n\000i\000n\000g\000\040\000t\000h\000e\000\040\000T\000o\000r\000s\000i\000o\000n\040\023\000L\000a\000n\000d\000a\000u\000e\000r\000\040\000S\000p\000e\000c\000t\000r\000a\000l\000\040\000F\000i\000l\000t\000e\000r}{section.9}% 139
\BOOKMARK [3][-]{subsubsection.9.10.1}{\376\377\000I\000n\000p\000u\000t\000s\000.}{subsection.9.10}% 140
\BOOKMARK [3][-]{subsubsection.9.10.2}{\376\377\000O\000u\000t\000p\000u\000t\000s\000.}{subsection.9.10}% 141
\BOOKMARK [3][-]{subsubsection.9.10.3}{\376\377\000S\000t\000e\000p\000\040\0000\000:\000\040\000P\000r\000e\000p\000r\000o\000c\000e\000s\000s\000i\000n\000g\000.}{subsection.9.10}% 142
\BOOKMARK [3][-]{subsubsection.9.10.4}{\376\377\000S\000t\000e\000p\000\040\0001\000:\000\040\000C\000h\000o\000o\000s\000e\000\040\000a\000n\000d\000\040\000d\000i\000a\000g\000o\000n\000a\000l\000i\000z\000e\000\040\000L\000.}{subsection.9.10}% 143
\BOOKMARK [3][-]{subsubsection.9.10.5}{\376\377\000S\000t\000e\000p\000\040\0002\000:\000\040\000E\000x\000p\000a\000n\000d\000\040\000t\000h\000e\000\040\000s\000i\000g\000n\000a\000l\000.}{subsection.9.10}% 144
\BOOKMARK [3][-]{subsubsection.9.10.6}{\376\377\000S\000t\000e\000p\000\040\0003\000:\000\040\000C\000o\000m\000p\000u\000t\000e\000\040\000t\000o\000r\000s\000i\000o\000n\000\040\000p\000r\000o\000x\000i\000e\000s\000\040\000k\000.}{subsection.9.10}% 145
\BOOKMARK [3][-]{subsubsection.9.10.7}{\376\377\000S\000t\000e\000p\000\040\0004\000:\000\040\000E\000s\000t\000i\000m\000a\000t\000e\000\040\000e\000n\000e\000r\000g\000e\000t\000i\000c\000\040\000m\000a\000r\000g\000i\000n\000\040\000L\000"\0000\0003\0006\0005\000L\000k\000.}{subsection.9.10}% 146
\BOOKMARK [3][-]{subsubsection.9.10.8}{\376\377\000S\000t\000e\000p\000\040\0005\000:\000\040\000B\000u\000i\000l\000d\000\040\000t\000h\000e\000\040\000s\000u\000b\000t\000r\000a\000c\000t\000i\000v\000e\000\040\000m\000a\000s\000k\000\040\000H\000k\000.}{subsection.9.10}% 147
\BOOKMARK [3][-]{subsubsection.9.10.9}{\376\377\000S\000t\000e\000p\000\040\0006\000:\000\040\000R\000e\000c\000o\000n\000s\000t\000r\000u\000c\000t\000\040\000a\000n\000d\000\040\000p\000r\000o\000j\000e\000c\000t\000.}{subsection.9.10}% 148
\BOOKMARK [3][-]{subsubsection.9.10.10}{\376\377\000S\000t\000e\000p\000\040\0007\000:\000\040\000D\000i\000a\000g\000n\000o\000s\000t\000i\000c\000s\000.}{subsection.9.10}% 149
\BOOKMARK [3][-]{subsubsection.9.10.11}{\376\377\000D\000e\000f\000a\000u\000l\000t\000\040\000h\000y\000p\000e\000r\000p\000a\000r\000a\000m\000e\000t\000e\000r\000s\000.}{subsection.9.10}% 150
\BOOKMARK [3][-]{subsubsection.9.10.12}{\376\377\000C\000o\000m\000p\000l\000e\000x\000i\000t\000y\000.}{subsection.9.10}% 151
\BOOKMARK [3][-]{subsubsection.9.10.13}{\376\377\000P\000r\000a\000c\000t\000i\000c\000a\000l\000\040\000t\000i\000p\000s\000.}{subsection.9.10}% 152
\BOOKMARK [2][-]{subsection.9.11}{\376\377\000S\000a\000t\000i\000r\000i\000c\000a\000l\000\040\000a\000s\000i\000d\000e}{section.9}% 153
\BOOKMARK [2][-]{subsection.9.12}{\376\377\000H\000i\000e\000r\000a\000r\000c\000h\000i\000c\000a\000l\000\040\000c\000o\000n\000s\000i\000g\000n\000m\000e\000n\000t}{section.9}% 154
\BOOKMARK [2][-]{subsection.9.13}{\376\377\000I\000n\000t\000e\000r\000p\000r\000e\000t\000i\000v\000e\000\040\000n\000o\000t\000e}{section.9}% 155
\BOOKMARK [1][-]{section.10}{\376\377\000D\000i\000s\000c\000u\000s\000s\000i\000o\000n\000\040\000a\000n\000d\000\040\000L\000i\000m\000i\000t\000a\000t\000i\000o\000n\000s}{}% 156
\BOOKMARK [2][-]{subsection.10.1}{\376\377\000A\000r\000b\000i\000t\000r\000a\000r\000i\000n\000e\000s\000s\000\040\000o\000f\000\040\000L\000e\000f\000t\000/\000R\000i\000g\000h\000t\000\040\000T\000e\000r\000m\000i\000n\000o\000l\000o\000g\000y}{section.10}% 157
\BOOKMARK [2][-]{subsection.10.2}{\376\377\000I\000n\000t\000e\000r\000p\000r\000e\000t\000i\000v\000e\000\040\000C\000o\000n\000s\000e\000q\000u\000e\000n\000c\000e\000s}{section.10}% 158
\BOOKMARK [2][-]{subsection.10.3}{\376\377\000S\000i\000m\000p\000l\000i\000f\000i\000c\000a\000t\000i\000o\000n\000\040\000t\000o\000\040\000T\000w\000o\000\040\000A\000t\000t\000r\000a\000c\000t\000o\000r\000s}{section.10}% 159
\BOOKMARK [2][-]{subsection.10.4}{\376\377\000L\000i\000m\000i\000t\000s\000\040\000o\000f\000\040\000t\000h\000e\000\040\000P\000r\000o\000j\000e\000c\000t\000i\000o\000n\000\040\000O\000p\000e\000r\000a\000t\000o\000r\000\040\000R}{section.10}% 160
\BOOKMARK [2][-]{subsection.10.5}{\376\377\000I\000n\000t\000e\000r\000p\000r\000e\000t\000i\000v\000e\000\040\000C\000o\000n\000s\000e\000q\000u\000e\000n\000c\000e\000s}{section.10}% 161
\BOOKMARK [1][-]{section.11}{\376\377\000C\000o\000n\000c\000l\000u\000s\000i\000o\000n}{}% 162
\BOOKMARK [1][-]{appendix.A}{\376\377\000R\000S\000V\000P\000\040\000E\000q\000u\000a\000t\000i\000o\000n\000s\000\040\000a\000n\000d\000\040\000C\000o\000n\000t\000r\000o\000l\000\040\000O\000p\000e\000r\000a\000t\000o\000r\000s}{}% 163
\BOOKMARK [2][-]{subsection.A.1}{\376\377\000N\000o\000t\000a\000t\000i\000o\000n\000\040\000a\000n\000d\000\040\000b\000a\000s\000i\000c\000\040\000o\000p\000e\000r\000a\000t\000o\000r\000s}{appendix.A}% 164
\BOOKMARK [2][-]{subsection.A.2}{\376\377\000L\000y\000a\000p\000u\000n\000o\000v\000\040\000f\000u\000n\000c\000t\000i\000o\000n\000a\000l}{appendix.A}% 165
\BOOKMARK [2][-]{subsection.A.3}{\376\377\000B\000a\000s\000e\000l\000i\000n\000e\000\040\000R\000S\000V\000P\000\040\000e\000v\000o\000l\000u\000t\000i\000o\000n\000\040\000\050\000a\000d\000v\000e\000c\000t\000i\000o\000n\040\023\000d\000i\000f\000f\000u\000s\000i\000o\000n\040\023\000t\000o\000r\000s\000i\000o\000n\000\051}{appendix.A}% 166
\BOOKMARK [2][-]{subsection.A.4}{\376\377\000F\000i\000r\000s\000t\000\040\000v\000a\000r\000i\000a\000t\000i\000o\000n\000s}{appendix.A}% 167
\BOOKMARK [2][-]{subsection.A.5}{\376\377\000W\000a\000r\000b\000l\000i\000n\000g\000\040\000a\000n\000d\000\040\000f\000l\000o\000w\000-\000a\000l\000i\000g\000n\000m\000e\000n\000t\000\040\000c\000o\000n\000t\000r\000o\000l\000\040\000o\000p\000e\000r\000a\000t\000o\000r\000s}{appendix.A}% 168
\BOOKMARK [2][-]{subsection.A.6}{\376\377\000E\000n\000e\000r\000g\000y\000\040\000l\000a\000w\000\040\000\050\000n\000o\000\040\000e\000x\000t\000e\000r\000n\000a\000l\000\040\000w\000o\000r\000k\000\051}{appendix.A}% 169
\BOOKMARK [2][-]{subsection.A.7}{\376\377\000B\000o\000u\000n\000d\000a\000r\000y\000\040\000c\000o\000n\000d\000i\000t\000i\000o\000n\000s}{appendix.A}% 170
\BOOKMARK [2][-]{subsection.A.8}{\376\377\000N\000o\000n\000d\000i\000m\000e\000n\000s\000i\000o\000n\000a\000l\000i\000z\000a\000t\000i\000o\000n}{appendix.A}% 171
\BOOKMARK [2][-]{subsection.A.9}{\376\377\000W\000e\000l\000l\000-\000p\000o\000s\000e\000d\000n\000e\000s\000s\000\040\000\050\000i\000n\000f\000o\000r\000m\000a\000l\000\051}{appendix.A}% 172
\BOOKMARK [2][-]{subsection.A.10}{\376\377\000S\000e\000m\000i\000-\000i\000m\000p\000l\000i\000c\000i\000t\000\040\000o\000p\000e\000r\000a\000t\000o\000r\000-\000s\000p\000l\000i\000t\000t\000i\000n\000g\000\040\000s\000c\000h\000e\000m\000e\000\040\000\050\000d\000i\000s\000c\000r\000e\000t\000e\000\040\000o\000u\000t\000l\000i\000n\000e\000\051}{appendix.A}% 173
\BOOKMARK [2][-]{subsection.A.11}{\376\377\000M\000o\000n\000o\000t\000o\000n\000i\000c\000i\000t\000y\000\040\000u\000n\000d\000e\000r\000\040\000a\000l\000i\000g\000n\000m\000e\000n\000t\000,\000\040\000e\000x\000c\000i\000t\000a\000t\000i\000o\000n\000\040\000u\000n\000d\000e\000r\000\040\000w\000a\000r\000b\000l\000i\000n\000g}{appendix.A}% 174
\BOOKMARK [2][-]{subsection.A.12}{\376\377\000O\000p\000t\000i\000o\000n\000a\000l\000\040\000t\000w\000i\000s\000t\000-\000f\000i\000e\000l\000d\000\040\000c\000o\000u\000p\000l\000i\000n\000g}{appendix.A}% 175
\BOOKMARK [1][-]{appendix.B}{\376\377\000P\000r\000o\000o\000f\000\040\000S\000k\000e\000t\000c\000h\000\040\000o\000f\000\040\000L\000y\000a\000p\000u\000n\000o\000v\000\040\000F\000u\000n\000c\000t\000i\000o\000n\000a\000l\000\040\000D\000e\000s\000c\000e\000n\000t\000/\000A\000s\000c\000e\000n\000t}{}% 176
\BOOKMARK [2][-]{subsection.B.1}{\376\377\000P\000r\000e\000l\000i\000m\000i\000n\000a\000r\000i\000e\000s}{appendix.B}% 177
\BOOKMARK [2][-]{subsection.B.2}{\376\377\000D\000e\000s\000c\000e\000n\000t\000\040\000u\000n\000d\000e\000r\000\040\000f\000l\000o\000w\000-\000a\000l\000i\000g\000n\000m\000e\000n\000t\000\040\000F}{appendix.B}% 178
\BOOKMARK [2][-]{subsection.B.3}{\376\377\000T\000r\000a\000n\000s\000i\000e\000n\000t\000\040\000a\000s\000c\000e\000n\000t\000\040\000u\000n\000d\000e\000r\000\040\000w\000a\000r\000b\000l\000i\000n\000g\000\040\000W}{appendix.B}% 179
\BOOKMARK [2][-]{subsection.B.4}{\376\377\000R\000e\000m\000a\000r\000k\000s\000\040\000o\000n\000\040\000w\000e\000l\000l\000-\000p\000o\000s\000e\000d\000n\000e\000s\000s\000\040\000a\000n\000d\000\040\000b\000o\000u\000n\000d\000s}{appendix.B}% 180
\BOOKMARK [2][-]{subsection.B.5}{\376\377\000D\000i\000s\000c\000r\000e\000t\000e\000-\000t\000i\000m\000e\000\040\000a\000n\000a\000l\000o\000g\000u\000e\000\040\000\050\000s\000c\000h\000e\000m\000e\000-\000l\000e\000v\000e\000l\000\040\000s\000k\000e\000t\000c\000h\000\051}{appendix.B}% 181
\BOOKMARK [1][-]{appendix.C}{\376\377\000E\000x\000p\000e\000r\000i\000m\000e\000n\000t\000a\000l\000\040\000D\000e\000s\000i\000g\000n\000\040\000D\000e\000t\000a\000i\000l\000s}{}% 182
\BOOKMARK [2][-]{subsection.C.1}{\376\377\000I\000n\000d\000u\000c\000t\000i\000o\000n\000\040\000T\000a\000s\000k\000s}{appendix.C}% 183
\BOOKMARK [2][-]{subsection.C.2}{\376\377\000M\000e\000t\000r\000i\000c\000s}{appendix.C}% 184
\BOOKMARK [2][-]{subsection.C.3}{\376\377\000S\000i\000m\000u\000l\000a\000t\000i\000o\000n\000s}{appendix.C}% 185
\BOOKMARK [2][-]{subsection.C.4}{\376\377\000S\000u\000m\000m\000a\000r\000y}{appendix.C}% 186
