This is XeTeX, Version 3.141592653-2.6-0.999997 (TeX Live 2025) (preloaded format=xelatex 2025.9.22)  27 SEP 2025 20:59
entering extended mode
 restricted \write18 enabled.
 %&-line parsing enabled.
**essay.tex
(./essay.tex
LaTeX2e <2025-06-01> patch level 1
L3 programming layer <2025-09-02>
(/usr/local/texlive/2025/texmf-dist/tex/latex/base/article.cls
Document Class: article 2025/01/22 v1.4n Standard LaTeX document class
(/usr/local/texlive/2025/texmf-dist/tex/latex/base/size11.clo
File: size11.clo 2025/01/22 v1.4n Standard LaTeX file (size option)
)
\c@part=\count271
\c@section=\count272
\c@subsection=\count273
\c@subsubsection=\count274
\c@paragraph=\count275
\c@subparagraph=\count276
\c@figure=\count277
\c@table=\count278
\abovecaptionskip=\skip49
\belowcaptionskip=\skip50
\bibindent=\dimen148
)
(/usr/local/texlive/2025/texmf-dist/tex/latex/amsmath/amsmath.sty
Package: amsmath 2025/06/16 v2.17y AMS math features
\@mathmargin=\skip51

For additional information on amsmath, use the `?' option.
(/usr/local/texlive/2025/texmf-dist/tex/latex/amsmath/amstext.sty
Package: amstext 2024/11/17 v2.01 AMS text

(/usr/local/texlive/2025/texmf-dist/tex/latex/amsmath/amsgen.sty
File: amsgen.sty 1999/11/30 v2.0 generic functions
\@emptytoks=\toks17
\ex@=\dimen149
))
(/usr/local/texlive/2025/texmf-dist/tex/latex/amsmath/amsbsy.sty
Package: amsbsy 1999/11/29 v1.2d Bold Symbols
\pmbraise@=\dimen150
)
(/usr/local/texlive/2025/texmf-dist/tex/latex/amsmath/amsopn.sty
Package: amsopn 2022/04/08 v2.04 operator names
)
\inf@bad=\count279
LaTeX Info: Redefining \frac on input line 233.
\uproot@=\count280
\leftroot@=\count281
LaTeX Info: Redefining \overline on input line 398.
LaTeX Info: Redefining \colon on input line 409.
\classnum@=\count282
\DOTSCASE@=\count283
LaTeX Info: Redefining \ldots on input line 495.
LaTeX Info: Redefining \dots on input line 498.
LaTeX Info: Redefining \cdots on input line 619.
\Mathstrutbox@=\box53
\strutbox@=\box54
LaTeX Info: Redefining \big on input line 721.
LaTeX Info: Redefining \Big on input line 722.
LaTeX Info: Redefining \bigg on input line 723.
LaTeX Info: Redefining \Bigg on input line 724.
\big@size=\dimen151
LaTeX Font Info:    Redeclaring font encoding OML on input line 742.
LaTeX Font Info:    Redeclaring font encoding OMS on input line 743.
\macc@depth=\count284
LaTeX Info: Redefining \bmod on input line 904.
LaTeX Info: Redefining \pmod on input line 909.
LaTeX Info: Redefining \smash on input line 939.
LaTeX Info: Redefining \relbar on input line 969.
LaTeX Info: Redefining \Relbar on input line 970.
\c@MaxMatrixCols=\count285
\dotsspace@=\muskip17
\c@parentequation=\count286
\dspbrk@lvl=\count287
\tag@help=\toks18
\row@=\count288
\column@=\count289
\maxfields@=\count290
\andhelp@=\toks19
\eqnshift@=\dimen152
\alignsep@=\dimen153
\tagshift@=\dimen154
\tagwidth@=\dimen155
\totwidth@=\dimen156
\lineht@=\dimen157
\@envbody=\toks20
\multlinegap=\skip52
\multlinetaggap=\skip53
\mathdisplay@stack=\toks21
LaTeX Info: Redefining \[ on input line 2949.
LaTeX Info: Redefining \] on input line 2950.
)
(/usr/local/texlive/2025/texmf-dist/tex/latex/amsfonts/amsfonts.sty
Package: amsfonts 2013/01/14 v3.01 Basic AMSFonts support
\symAMSa=\mathgroup4
\symAMSb=\mathgroup5
LaTeX Font Info:    Redeclaring math symbol \hbar on input line 98.
LaTeX Font Info:    Overwriting math alphabet `\mathfrak' in version `bold'
(Font)                  U/euf/m/n --> U/euf/b/n on input line 106.
)
(/usr/local/texlive/2025/texmf-dist/tex/latex/amsfonts/amssymb.sty
Package: amssymb 2013/01/14 v3.01 AMS font symbols
)
(/usr/local/texlive/2025/texmf-dist/tex/latex/geometry/geometry.sty
Package: geometry 2020/01/02 v5.9 Page Geometry

(/usr/local/texlive/2025/texmf-dist/tex/latex/graphics/keyval.sty
Package: keyval 2022/05/29 v1.15 key=value parser (DPC)
\KV@toks@=\toks22
)
(/usr/local/texlive/2025/texmf-dist/tex/generic/iftex/ifvtex.sty
Package: ifvtex 2019/10/25 v1.7 ifvtex legacy package. Use iftex instead.

(/usr/local/texlive/2025/texmf-dist/tex/generic/iftex/iftex.sty
Package: iftex 2024/12/12 v1.0g TeX engine tests
))
\Gm@cnth=\count291
\Gm@cntv=\count292
\c@Gm@tempcnt=\count293
\Gm@bindingoffset=\dimen158
\Gm@wd@mp=\dimen159
\Gm@odd@mp=\dimen160
\Gm@even@mp=\dimen161
\Gm@layoutwidth=\dimen162
\Gm@layoutheight=\dimen163
\Gm@layouthoffset=\dimen164
\Gm@layoutvoffset=\dimen165
\Gm@dimlist=\toks23
)
(/usr/local/texlive/2025/texmf-dist/tex/latex/parskip/parskip.sty
Package: parskip 2021-03-14 v2.0h non-zero parskip adjustments

(/usr/local/texlive/2025/texmf-dist/tex/latex/kvoptions/kvoptions.sty
Package: kvoptions 2022-06-15 v3.15 Key value format for package options (HO)

(/usr/local/texlive/2025/texmf-dist/tex/generic/ltxcmds/ltxcmds.sty
Package: ltxcmds 2023-12-04 v1.26 LaTeX kernel commands for general use (HO)
)
(/usr/local/texlive/2025/texmf-dist/tex/latex/kvsetkeys/kvsetkeys.sty
Package: kvsetkeys 2022-10-05 v1.19 Key value parser (HO)
))
(/usr/local/texlive/2025/texmf-dist/tex/latex/etoolbox/etoolbox.sty
Package: etoolbox 2025/02/11 v2.5l e-TeX tools for LaTeX (JAW)
\etb@tempcnta=\count294
))
(/usr/local/texlive/2025/texmf-dist/tex/latex/natbib/natbib.sty
Package: natbib 2010/09/13 8.31b (PWD, AO)
\bibhang=\skip54
\bibsep=\skip55
LaTeX Info: Redefining \cite on input line 694.
\c@NAT@ctr=\count295
)
(/usr/local/texlive/2025/texmf-dist/tex/latex/noto/noto.sty
Package: noto 2022/09/11 (Bob Tennent) Supports Noto fonts for all LaTeX engine
s.

(/usr/local/texlive/2025/texmf-dist/tex/generic/iftex/ifxetex.sty
Package: ifxetex 2019/10/25 v0.7 ifxetex legacy package. Use iftex instead.
)
(/usr/local/texlive/2025/texmf-dist/tex/generic/iftex/ifluatex.sty
Package: ifluatex 2019/10/25 v1.5 ifluatex legacy package. Use iftex instead.
)
(/usr/local/texlive/2025/texmf-dist/tex/latex/xkeyval/xkeyval.sty
Package: xkeyval 2022/06/16 v2.9 package option processing (HA)

(/usr/local/texlive/2025/texmf-dist/tex/generic/xkeyval/xkeyval.tex
(/usr/local/texlive/2025/texmf-dist/tex/generic/xkeyval/xkvutils.tex
\XKV@toks=\toks24
\XKV@tempa@toks=\toks25
)
\XKV@depth=\count296
File: xkeyval.tex 2014/12/03 v2.7a key=value parser (HA)
))
(/usr/local/texlive/2025/texmf-dist/tex/latex/base/textcomp.sty
Package: textcomp 2024/04/24 v2.1b Standard LaTeX package
)
(/usr/local/texlive/2025/texmf-dist/tex/latex/fontspec/fontspec.sty
(/usr/local/texlive/2025/texmf-dist/tex/latex/l3packages/xparse/xparse.sty
(/usr/local/texlive/2025/texmf-dist/tex/latex/l3kernel/expl3.sty
Package: expl3 2025-09-02 L3 programming layer (loader) 

(/usr/local/texlive/2025/texmf-dist/tex/latex/l3backend/l3backend-xetex.def
File: l3backend-xetex.def 2025-06-09 L3 backend support: XeTeX
\g__graphics_track_int=\count297
\g__pdfannot_backend_int=\count298
\g__pdfannot_backend_link_int=\count299
))
Package: xparse 2024-08-16 L3 Experimental document command parser
)
Package: fontspec 2024/05/11 v2.9e Font selection for XeLaTeX and LuaLaTeX

(/usr/local/texlive/2025/texmf-dist/tex/latex/fontspec/fontspec-xetex.sty
Package: fontspec-xetex 2024/05/11 v2.9e Font selection for XeLaTeX and LuaLaTe
X
\l__fontspec_script_int=\count300
\l__fontspec_language_int=\count301
\l__fontspec_strnum_int=\count302
\l__fontspec_tmp_int=\count303
\l__fontspec_tmpa_int=\count304
\l__fontspec_tmpb_int=\count305
\l__fontspec_tmpc_int=\count306
\l__fontspec_em_int=\count307
\l__fontspec_emdef_int=\count308
\l__fontspec_strong_int=\count309
\l__fontspec_strongdef_int=\count310
\l__fontspec_tmpa_dim=\dimen166
\l__fontspec_tmpb_dim=\dimen167
\l__fontspec_tmpc_dim=\dimen168

(/usr/local/texlive/2025/texmf-dist/tex/latex/base/fontenc.sty
Package: fontenc 2024/12/21 v2.1c Standard LaTeX package
)
(/usr/local/texlive/2025/texmf-dist/tex/latex/fontspec/fontspec.cfg)))

Package fontspec Info: 
(fontspec)             NotoSans-Regular scale = 1.


Package fontspec Info: 
(fontspec)             NotoSans-Regular scale = 1.


Package fontspec Info: 
(fontspec)             NotoSans-Regular scale = 1.


Package fontspec Info: 
(fontspec)             NotoSans-Bold scale = 1.


Package fontspec Info: 
(fontspec)             NotoSans-Bold scale = 1.


Package fontspec Info: 
(fontspec)             NotoSans-Italic scale = 1.


Package fontspec Info: 
(fontspec)             NotoSans-Italic scale = 1.


Package fontspec Info: 
(fontspec)             NotoSans-BoldItalic scale = 1.


Package fontspec Info: 
(fontspec)             NotoSans-BoldItalic scale = 1.


Package fontspec Info: 
(fontspec)             Font family 'NotoSans(0)' created for font 'NotoSans'
(fontspec)             with options [Ligatures = TeX,Extension =
(fontspec)             .ttf,Ligatures=TeX,Scale = 1,Numbers = {Monospaced,
(fontspec)             Lining},SmallCapsFeatures={Letters=SmallCaps},UprightFon
t
(fontspec)             = *-Regular,ItalicFont = *-Italic,BoldFont =
(fontspec)             *-Bold,BoldItalicFont = *-BoldItalic].
(fontspec)              
(fontspec)              This font family consists of the following NFSS
(fontspec)             series/shapes:
(fontspec)              
(fontspec)             - 'normal' (m/n) with NFSS spec.:
(fontspec)             <->s*[1]"[NotoSans-Regular.ttf]/OT:script=latn;language=
dflt;+tnum;+lnum;mapping=tex-text;"
(fontspec)             - 'small caps'  (m/sc) with NFSS spec.:
(fontspec)             <->s*[1]"[NotoSans-Regular.ttf]/OT:script=latn;language=
dflt;+tnum;+lnum;+smcp;mapping=tex-text;"
(fontspec)             - 'bold' (b/n) with NFSS spec.:
(fontspec)             <->s*[1]"[NotoSans-Bold.ttf]/OT:script=latn;language=dfl
t;+tnum;+lnum;mapping=tex-text;"
(fontspec)             - 'bold small caps'  (b/sc) with NFSS spec.:
(fontspec)             <->s*[1]"[NotoSans-Bold.ttf]/OT:script=latn;language=dfl
t;+tnum;+lnum;+smcp;mapping=tex-text;"
(fontspec)             - 'italic' (m/it) with NFSS spec.:
(fontspec)             <->s*[1]"[NotoSans-Italic.ttf]/OT:script=latn;language=d
flt;+tnum;+lnum;mapping=tex-text;"
(fontspec)             - 'italic small caps'  (m/scit) with NFSS spec.:
(fontspec)             <->s*[1]"[NotoSans-Italic.ttf]/OT:script=latn;language=d
flt;+tnum;+lnum;+smcp;mapping=tex-text;"
(fontspec)             - 'bold italic' (b/it) with NFSS spec.:
(fontspec)             <->s*[1]"[NotoSans-BoldItalic.ttf]/OT:script=latn;langua
ge=dflt;+tnum;+lnum;mapping=tex-text;"
(fontspec)             - 'bold italic small caps'  (b/scit) with NFSS spec.:
(fontspec)             <->s*[1]"[NotoSans-BoldItalic.ttf]/OT:script=latn;langua
ge=dflt;+tnum;+lnum;+smcp;mapping=tex-text;"


Package fontspec Info: 
(fontspec)             Font family 'NotoSerif(0)' created for font 'NotoSerif'
(fontspec)             with options [Ligatures = TeX,Extension =
(fontspec)             .ttf,Ligatures=TeX,Numbers = {Monospaced,
(fontspec)             Lining},SmallCapsFeatures={Letters=SmallCaps},UprightFon
t
(fontspec)             = *-Regular,ItalicFont = *-Italic,BoldFont =
(fontspec)             *-Bold,BoldItalicFont = *-BoldItalic].
(fontspec)              
(fontspec)              This font family consists of the following NFSS
(fontspec)             series/shapes:
(fontspec)              
(fontspec)             - 'normal' (m/n) with NFSS spec.:
(fontspec)             <->"[NotoSerif-Regular.ttf]/OT:script=latn;language=dflt
;+tnum;+lnum;mapping=tex-text;"
(fontspec)             - 'small caps'  (m/sc) with NFSS spec.:
(fontspec)             <->"[NotoSerif-Regular.ttf]/OT:script=latn;language=dflt
;+tnum;+lnum;+smcp;mapping=tex-text;"
(fontspec)             - 'bold' (b/n) with NFSS spec.:
(fontspec)             <->"[NotoSerif-Bold.ttf]/OT:script=latn;language=dflt;+t
num;+lnum;mapping=tex-text;"
(fontspec)             - 'bold small caps'  (b/sc) with NFSS spec.:
(fontspec)             <->"[NotoSerif-Bold.ttf]/OT:script=latn;language=dflt;+t
num;+lnum;+smcp;mapping=tex-text;"
(fontspec)             - 'italic' (m/it) with NFSS spec.:
(fontspec)             <->"[NotoSerif-Italic.ttf]/OT:script=latn;language=dflt;
+tnum;+lnum;mapping=tex-text;"
(fontspec)             - 'italic small caps'  (m/scit) with NFSS spec.:
(fontspec)             <->"[NotoSerif-Italic.ttf]/OT:script=latn;language=dflt;
+tnum;+lnum;+smcp;mapping=tex-text;"
(fontspec)             - 'bold italic' (b/it) with NFSS spec.:
(fontspec)             <->"[NotoSerif-BoldItalic.ttf]/OT:script=latn;language=d
flt;+tnum;+lnum;mapping=tex-text;"
(fontspec)             - 'bold italic small caps'  (b/scit) with NFSS spec.:
(fontspec)             <->"[NotoSerif-BoldItalic.ttf]/OT:script=latn;language=d
flt;+tnum;+lnum;+smcp;mapping=tex-text;"


Package fontspec Info: 
(fontspec)             NotoSansMono-Regular scale = 1.


Package fontspec Info: 
(fontspec)             NotoSansMono-Regular scale = 1.


Package fontspec Info: 
(fontspec)             NotoSansMono-Regular scale = 1.


Package fontspec Info: 
(fontspec)             NotoSansMono-Bold scale = 1.


Package fontspec Info: 
(fontspec)             NotoSansMono-Bold scale = 1.


Package fontspec Info: 
(fontspec)             Font family 'NotoSansMono(0)' created for font
(fontspec)             'NotoSansMono' with options [Ligatures = TeX,Extension
(fontspec)             =
(fontspec)             .ttf,WordSpace={1,0,0},HyphenChar=None,PunctuationSpace=
WordSpace,Numbers
(fontspec)             = {Monospaced, Lining},Scale =
(fontspec)             1,HyphenChar=None,UprightFont = *-Regular,BoldFont =
(fontspec)             *-Bold].
(fontspec)              
(fontspec)              This font family consists of the following NFSS
(fontspec)             series/shapes:
(fontspec)              
(fontspec)             - 'normal' (m/n) with NFSS spec.:
(fontspec)             <->s*[1]"[NotoSansMono-Regular.ttf]/OT:script=latn;langu
age=dflt;+tnum;+lnum;mapping=tex-text;"
(fontspec)             - 'small caps'  (m/sc) with NFSS spec.:
(fontspec)             <->s*[1]"[NotoSansMono-Regular.ttf]/OT:script=latn;langu
age=dflt;+tnum;+lnum;+smcp;mapping=tex-text;"
(fontspec)             and font adjustment code:
(fontspec)             \fontdimen 2\font =1\fontdimen 2\font \fontdimen 3\font
(fontspec)             =0\fontdimen 3\font \fontdimen 4\font =0\fontdimen
(fontspec)             4\font \fontdimen 7\font =0\fontdimen 2\font
(fontspec)             \tex_hyphenchar:D \font =-1\scan_stop:
(fontspec)             \tex_hyphenchar:D \font =-1\scan_stop: 
(fontspec)             - 'bold' (b/n) with NFSS spec.:
(fontspec)             <->s*[1]"[NotoSansMono-Bold.ttf]/OT:script=latn;language
=dflt;+tnum;+lnum;mapping=tex-text;"
(fontspec)             - 'bold small caps'  (b/sc) with NFSS spec.:
(fontspec)             <->s*[1]"[NotoSansMono-Bold.ttf]/OT:script=latn;language
=dflt;+tnum;+lnum;+smcp;mapping=tex-text;"
(fontspec)             and font adjustment code:
(fontspec)             \fontdimen 2\font =1\fontdimen 2\font \fontdimen 3\font
(fontspec)             =0\fontdimen 3\font \fontdimen 4\font =0\fontdimen
(fontspec)             4\font \fontdimen 7\font =0\fontdimen 2\font
(fontspec)             \tex_hyphenchar:D \font =-1\scan_stop:
(fontspec)             \tex_hyphenchar:D \font =-1\scan_stop: 


Package fontspec Info: 
(fontspec)             NotoSans-Regular scale = 1.


Package fontspec Info: 
(fontspec)             NotoSans-Regular scale = 1.


Package fontspec Info: 
(fontspec)             NotoSans-Regular scale = 1.


Package fontspec Info: 
(fontspec)             NotoSans-Bold scale = 1.


Package fontspec Info: 
(fontspec)             NotoSans-Bold scale = 1.


Package fontspec Info: 
(fontspec)             NotoSans-Italic scale = 1.


Package fontspec Info: 
(fontspec)             NotoSans-Italic scale = 1.


Package fontspec Info: 
(fontspec)             NotoSans-BoldItalic scale = 1.


Package fontspec Info: 
(fontspec)             NotoSans-BoldItalic scale = 1.


Package fontspec Info: 
(fontspec)             Font family 'NotoSans(1)' created for font 'NotoSans'
(fontspec)             with options [Ligatures = TeX,Extension = .ttf,Scale =
(fontspec)             1,Numbers = {Monospaced,
(fontspec)             Lining},SmallCapsFeatures={Letters=SmallCaps},UprightFon
t
(fontspec)             = *-Regular,ItalicFont = *-Italic,BoldFont =
(fontspec)             *-Bold,BoldItalicFont = *-BoldItalic].
(fontspec)              
(fontspec)              This font family consists of the following NFSS
(fontspec)             series/shapes:
(fontspec)              
(fontspec)             - 'normal' (m/n) with NFSS spec.:
(fontspec)             <->s*[1]"[NotoSans-Regular.ttf]/OT:script=latn;language=
dflt;+tnum;+lnum;mapping=tex-text;"
(fontspec)             - 'small caps'  (m/sc) with NFSS spec.:
(fontspec)             <->s*[1]"[NotoSans-Regular.ttf]/OT:script=latn;language=
dflt;+tnum;+lnum;+smcp;mapping=tex-text;"
(fontspec)             - 'bold' (b/n) with NFSS spec.:
(fontspec)             <->s*[1]"[NotoSans-Bold.ttf]/OT:script=latn;language=dfl
t;+tnum;+lnum;mapping=tex-text;"
(fontspec)             - 'bold small caps'  (b/sc) with NFSS spec.:
(fontspec)             <->s*[1]"[NotoSans-Bold.ttf]/OT:script=latn;language=dfl
t;+tnum;+lnum;+smcp;mapping=tex-text;"
(fontspec)             - 'italic' (m/it) with NFSS spec.:
(fontspec)             <->s*[1]"[NotoSans-Italic.ttf]/OT:script=latn;language=d
flt;+tnum;+lnum;mapping=tex-text;"
(fontspec)             - 'italic small caps'  (m/scit) with NFSS spec.:
(fontspec)             <->s*[1]"[NotoSans-Italic.ttf]/OT:script=latn;language=d
flt;+tnum;+lnum;+smcp;mapping=tex-text;"
(fontspec)             - 'bold italic' (b/it) with NFSS spec.:
(fontspec)             <->s*[1]"[NotoSans-BoldItalic.ttf]/OT:script=latn;langua
ge=dflt;+tnum;+lnum;mapping=tex-text;"
(fontspec)             - 'bold italic small caps'  (b/scit) with NFSS spec.:
(fontspec)             <->s*[1]"[NotoSans-BoldItalic.ttf]/OT:script=latn;langua
ge=dflt;+tnum;+lnum;+smcp;mapping=tex-text;"


Package fontspec Info: 
(fontspec)             Font family 'NotoSerif(1)' created for font 'NotoSerif'
(fontspec)             with options [Ligatures = TeX,Extension = .ttf,Numbers
(fontspec)             = {Monospaced,
(fontspec)             Lining},SmallCapsFeatures={Letters=SmallCaps},UprightFon
t
(fontspec)             = *-Regular,ItalicFont = *-Italic,BoldFont =
(fontspec)             *-Bold,BoldItalicFont = *-BoldItalic].
(fontspec)              
(fontspec)              This font family consists of the following NFSS
(fontspec)             series/shapes:
(fontspec)              
(fontspec)             - 'normal' (m/n) with NFSS spec.:
(fontspec)             <->"[NotoSerif-Regular.ttf]/OT:script=latn;language=dflt
;+tnum;+lnum;mapping=tex-text;"
(fontspec)             - 'small caps'  (m/sc) with NFSS spec.:
(fontspec)             <->"[NotoSerif-Regular.ttf]/OT:script=latn;language=dflt
;+tnum;+lnum;+smcp;mapping=tex-text;"
(fontspec)             - 'bold' (b/n) with NFSS spec.:
(fontspec)             <->"[NotoSerif-Bold.ttf]/OT:script=latn;language=dflt;+t
num;+lnum;mapping=tex-text;"
(fontspec)             - 'bold small caps'  (b/sc) with NFSS spec.:
(fontspec)             <->"[NotoSerif-Bold.ttf]/OT:script=latn;language=dflt;+t
num;+lnum;+smcp;mapping=tex-text;"
(fontspec)             - 'italic' (m/it) with NFSS spec.:
(fontspec)             <->"[NotoSerif-Italic.ttf]/OT:script=latn;language=dflt;
+tnum;+lnum;mapping=tex-text;"
(fontspec)             - 'italic small caps'  (m/scit) with NFSS spec.:
(fontspec)             <->"[NotoSerif-Italic.ttf]/OT:script=latn;language=dflt;
+tnum;+lnum;+smcp;mapping=tex-text;"
(fontspec)             - 'bold italic' (b/it) with NFSS spec.:
(fontspec)             <->"[NotoSerif-BoldItalic.ttf]/OT:script=latn;language=d
flt;+tnum;+lnum;mapping=tex-text;"
(fontspec)             - 'bold italic small caps'  (b/scit) with NFSS spec.:
(fontspec)             <->"[NotoSerif-BoldItalic.ttf]/OT:script=latn;language=d
flt;+tnum;+lnum;+smcp;mapping=tex-text;"


Package fontspec Info: 
(fontspec)             NotoSansMono-Regular scale = 1.


Package fontspec Info: 
(fontspec)             NotoSansMono-Regular scale = 1.


Package fontspec Info: 
(fontspec)             NotoSansMono-Regular scale = 1.


Package fontspec Info: 
(fontspec)             NotoSansMono-Bold scale = 1.


Package fontspec Info: 
(fontspec)             NotoSansMono-Bold scale = 1.


Package fontspec Info: 
(fontspec)             Font family 'NotoSansMono(1)' created for font
(fontspec)             'NotoSansMono' with options
(fontspec)             [Extension=.ttf,HyphenChar=None,Numbers = {Monospaced,
(fontspec)             Lining},Scale = 1,UprightFont = *-Regular,BoldFont =
(fontspec)             *-Bold].
(fontspec)              
(fontspec)              This font family consists of the following NFSS
(fontspec)             series/shapes:
(fontspec)              
(fontspec)             - 'normal' (m/n) with NFSS spec.:
(fontspec)             <->s*[1]"[NotoSansMono-Regular.ttf]/OT:script=latn;langu
age=dflt;+tnum;+lnum;"
(fontspec)             - 'small caps'  (m/sc) with NFSS spec.:
(fontspec)             <->s*[1]"[NotoSansMono-Regular.ttf]/OT:script=latn;langu
age=dflt;+tnum;+lnum;+smcp;"
(fontspec)             and font adjustment code:
(fontspec)             \tex_hyphenchar:D \font =-1\scan_stop: 
(fontspec)             - 'bold' (b/n) with NFSS spec.:
(fontspec)             <->s*[1]"[NotoSansMono-Bold.ttf]/OT:script=latn;language
=dflt;+tnum;+lnum;"
(fontspec)             - 'bold small caps'  (b/sc) with NFSS spec.:
(fontspec)             <->s*[1]"[NotoSansMono-Bold.ttf]/OT:script=latn;language
=dflt;+tnum;+lnum;+smcp;"
(fontspec)             and font adjustment code:
(fontspec)             \tex_hyphenchar:D \font =-1\scan_stop: 

)
(/usr/local/texlive/2025/texmf-dist/tex/latex/booktabs/booktabs.sty
Package: booktabs 2020/01/12 v1.61803398 Publication quality tables
\heavyrulewidth=\dimen169
\lightrulewidth=\dimen170
\cmidrulewidth=\dimen171
\belowrulesep=\dimen172
\belowbottomsep=\dimen173
\aboverulesep=\dimen174
\abovetopsep=\dimen175
\cmidrulesep=\dimen176
\cmidrulekern=\dimen177
\defaultaddspace=\dimen178
\@cmidla=\count311
\@cmidlb=\count312
\@aboverulesep=\dimen179
\@belowrulesep=\dimen180
\@thisruleclass=\count313
\@lastruleclass=\count314
\@thisrulewidth=\dimen181
)
(/usr/local/texlive/2025/texmf-dist/tex/latex/hyperref/hyperref.sty
Package: hyperref 2025-07-12 v7.01o Hypertext links for LaTeX

(/usr/local/texlive/2025/texmf-dist/tex/generic/kvdefinekeys/kvdefinekeys.sty
Package: kvdefinekeys 2019-12-19 v1.6 Define keys (HO)
)
(/usr/local/texlive/2025/texmf-dist/tex/generic/pdfescape/pdfescape.sty
Package: pdfescape 2019/12/09 v1.15 Implements pdfTeX's escape features (HO)

(/usr/local/texlive/2025/texmf-dist/tex/generic/pdftexcmds/pdftexcmds.sty
Package: pdftexcmds 2020-06-27 v0.33 Utility functions of pdfTeX for LuaTeX (HO
)

(/usr/local/texlive/2025/texmf-dist/tex/generic/infwarerr/infwarerr.sty
Package: infwarerr 2019/12/03 v1.5 Providing info/warning/error messages (HO)
)
Package pdftexcmds Info: \pdf@primitive is available.
Package pdftexcmds Info: \pdf@ifprimitive is available.
Package pdftexcmds Info: \pdfdraftmode not found.
))
(/usr/local/texlive/2025/texmf-dist/tex/latex/hycolor/hycolor.sty
Package: hycolor 2020-01-27 v1.10 Color options for hyperref/bookmark (HO)
)
(/usr/local/texlive/2025/texmf-dist/tex/latex/hyperref/nameref.sty
Package: nameref 2025-06-21 v2.57 Cross-referencing by name of section

(/usr/local/texlive/2025/texmf-dist/tex/latex/refcount/refcount.sty
Package: refcount 2019/12/15 v3.6 Data extraction from label references (HO)
)
(/usr/local/texlive/2025/texmf-dist/tex/generic/gettitlestring/gettitlestring.s
ty
Package: gettitlestring 2019/12/15 v1.6 Cleanup title references (HO)
)
\c@section@level=\count315
) (/usr/local/texlive/2025/texmf-dist/tex/generic/stringenc/stringenc.sty
Package: stringenc 2019/11/29 v1.12 Convert strings between diff. encodings (HO
)
)
\@linkdim=\dimen182
\Hy@linkcounter=\count316
\Hy@pagecounter=\count317

(/usr/local/texlive/2025/texmf-dist/tex/latex/hyperref/pd1enc.def
File: pd1enc.def 2025-07-12 v7.01o Hyperref: PDFDocEncoding definition (HO)
)
(/usr/local/texlive/2025/texmf-dist/tex/generic/intcalc/intcalc.sty
Package: intcalc 2019/12/15 v1.3 Expandable calculations with integers (HO)
)
\Hy@SavedSpaceFactor=\count318

(/usr/local/texlive/2025/texmf-dist/tex/latex/hyperref/puenc.def
File: puenc.def 2025-07-12 v7.01o Hyperref: PDF Unicode definition (HO)
)
Package hyperref Info: Hyper figures OFF on input line 4195.
Package hyperref Info: Link nesting OFF on input line 4200.
Package hyperref Info: Hyper index ON on input line 4203.
Package hyperref Info: Plain pages OFF on input line 4210.
Package hyperref Info: Backreferencing OFF on input line 4215.
Package hyperref Info: Implicit mode ON; LaTeX internals redefined.
Package hyperref Info: Bookmarks ON on input line 4462.
\c@Hy@tempcnt=\count319

(/usr/local/texlive/2025/texmf-dist/tex/latex/url/url.sty
\Urlmuskip=\muskip18
Package: url 2013/09/16  ver 3.4  Verb mode for urls, etc.
)
LaTeX Info: Redefining \url on input line 4801.
\XeTeXLinkMargin=\dimen183

(/usr/local/texlive/2025/texmf-dist/tex/generic/bitset/bitset.sty
Package: bitset 2019/12/09 v1.3 Handle bit-vector datatype (HO)

(/usr/local/texlive/2025/texmf-dist/tex/generic/bigintcalc/bigintcalc.sty
Package: bigintcalc 2019/12/15 v1.5 Expandable calculations on big integers (HO
)
))
\Fld@menulength=\count320
\Field@Width=\dimen184
\Fld@charsize=\dimen185
Package hyperref Info: Hyper figures OFF on input line 6078.
Package hyperref Info: Link nesting OFF on input line 6083.
Package hyperref Info: Hyper index ON on input line 6086.
Package hyperref Info: backreferencing OFF on input line 6093.
Package hyperref Info: Link coloring OFF on input line 6098.
Package hyperref Info: Link coloring with OCG OFF on input line 6103.
Package hyperref Info: PDF/A mode OFF on input line 6108.
\Hy@abspage=\count321
\c@Item=\count322
\c@Hfootnote=\count323
)
Package hyperref Info: Driver (autodetected): hxetex.

(/usr/local/texlive/2025/texmf-dist/tex/latex/hyperref/hxetex.def
File: hxetex.def 2025-07-12 v7.01o Hyperref driver for XeTeX
\pdfm@box=\box55
\c@Hy@AnnotLevel=\count324
\HyField@AnnotCount=\count325
\Fld@listcount=\count326
\c@bookmark@seq@number=\count327

(/usr/local/texlive/2025/texmf-dist/tex/latex/rerunfilecheck/rerunfilecheck.sty
Package: rerunfilecheck 2025-06-21 v1.11 Rerun checks for auxiliary files (HO)

(/usr/local/texlive/2025/texmf-dist/tex/generic/uniquecounter/uniquecounter.sty
Package: uniquecounter 2019/12/15 v1.4 Provide unlimited unique counter (HO)
)
Package uniquecounter Info: New unique counter `rerunfilecheck' on input line 2
84.
)
\Hy@SectionHShift=\skip56
) (./essay.aux)
\openout1 = `essay.aux'.

LaTeX Font Info:    Checking defaults for OML/cmm/m/it on input line 16.
LaTeX Font Info:    ... okay on input line 16.
LaTeX Font Info:    Checking defaults for OMS/cmsy/m/n on input line 16.
LaTeX Font Info:    ... okay on input line 16.
LaTeX Font Info:    Checking defaults for OT1/cmr/m/n on input line 16.
LaTeX Font Info:    ... okay on input line 16.
LaTeX Font Info:    Checking defaults for T1/cmr/m/n on input line 16.
LaTeX Font Info:    ... okay on input line 16.
LaTeX Font Info:    Checking defaults for TS1/cmr/m/n on input line 16.
LaTeX Font Info:    ... okay on input line 16.
LaTeX Font Info:    Checking defaults for TU/lmr/m/n on input line 16.
LaTeX Font Info:    ... okay on input line 16.
LaTeX Font Info:    Checking defaults for OMX/cmex/m/n on input line 16.
LaTeX Font Info:    ... okay on input line 16.
LaTeX Font Info:    Checking defaults for U/cmr/m/n on input line 16.
LaTeX Font Info:    ... okay on input line 16.
LaTeX Font Info:    Checking defaults for PD1/pdf/m/n on input line 16.
LaTeX Font Info:    ... okay on input line 16.
LaTeX Font Info:    Checking defaults for PU/pdf/m/n on input line 16.
LaTeX Font Info:    ... okay on input line 16.

*geometry* driver: auto-detecting
*geometry* detected driver: xetex
*geometry* verbose mode - [ preamble ] result:
* driver: xetex
* paper: a4paper
* layout: <same size as paper>
* layoutoffset:(h,v)=(0.0pt,0.0pt)
* modes: 
* h-part:(L,W,R)=(72.26999pt, 452.9679pt, 72.26999pt)
* v-part:(T,H,B)=(72.26999pt, 700.50687pt, 72.26999pt)
* \paperwidth=597.50787pt
* \paperheight=845.04684pt
* \textwidth=452.9679pt
* \textheight=700.50687pt
* \oddsidemargin=0.0pt
* \evensidemargin=0.0pt
* \topmargin=-37.0pt
* \headheight=12.0pt
* \headsep=25.0pt
* \topskip=11.0pt
* \footskip=30.0pt
* \marginparwidth=50.0pt
* \marginparsep=10.0pt
* \columnsep=10.0pt
* \skip\footins=10.0pt plus 4.0pt minus 2.0pt
* \hoffset=0.0pt
* \voffset=0.0pt
* \mag=1000
* \@twocolumnfalse
* \@twosidefalse
* \@mparswitchfalse
* \@reversemarginfalse
* (1in=72.27pt=25.4mm, 1cm=28.453pt)


Package fontspec Info: 
(fontspec)             Adjusting the maths setup (use [no-math] to avoid
(fontspec)             this).

\symlegacymaths=\mathgroup6
LaTeX Font Info:    Overwriting symbol font `legacymaths' in version `bold'
(Font)                  OT1/cmr/m/n --> OT1/cmr/bx/n on input line 16.
LaTeX Font Info:    Redeclaring math accent \acute on input line 16.
LaTeX Font Info:    Redeclaring math accent \grave on input line 16.
LaTeX Font Info:    Redeclaring math accent \ddot on input line 16.
LaTeX Font Info:    Redeclaring math accent \tilde on input line 16.
LaTeX Font Info:    Redeclaring math accent \bar on input line 16.
LaTeX Font Info:    Redeclaring math accent \breve on input line 16.
LaTeX Font Info:    Redeclaring math accent \check on input line 16.
LaTeX Font Info:    Redeclaring math accent \hat on input line 16.
LaTeX Font Info:    Redeclaring math accent \dot on input line 16.
LaTeX Font Info:    Redeclaring math accent \mathring on input line 16.
LaTeX Font Info:    Redeclaring math symbol \Gamma on input line 16.
LaTeX Font Info:    Redeclaring math symbol \Delta on input line 16.
LaTeX Font Info:    Redeclaring math symbol \Theta on input line 16.
LaTeX Font Info:    Redeclaring math symbol \Lambda on input line 16.
LaTeX Font Info:    Redeclaring math symbol \Xi on input line 16.
LaTeX Font Info:    Redeclaring math symbol \Pi on input line 16.
LaTeX Font Info:    Redeclaring math symbol \Sigma on input line 16.
LaTeX Font Info:    Redeclaring math symbol \Upsilon on input line 16.
LaTeX Font Info:    Redeclaring math symbol \Phi on input line 16.
LaTeX Font Info:    Redeclaring math symbol \Psi on input line 16.
LaTeX Font Info:    Redeclaring math symbol \Omega on input line 16.
LaTeX Font Info:    Redeclaring math symbol \mathdollar on input line 16.
LaTeX Font Info:    Redeclaring symbol font `operators' on input line 16.
LaTeX Font Info:    Encoding `OT1' has changed to `TU' for symbol font
(Font)              `operators' in the math version `normal' on input line 16.
LaTeX Font Info:    Overwriting symbol font `operators' in version `normal'
(Font)                  OT1/cmr/m/n --> TU/NotoSerif(0)/m/n on input line 16.
LaTeX Font Info:    Encoding `OT1' has changed to `TU' for symbol font
(Font)              `operators' in the math version `bold' on input line 16.
LaTeX Font Info:    Overwriting symbol font `operators' in version `bold'
(Font)                  OT1/cmr/bx/n --> TU/NotoSerif(0)/m/n on input line 16.
LaTeX Font Info:    Overwriting symbol font `operators' in version `normal'
(Font)                  TU/NotoSerif(0)/m/n --> TU/NotoSerif(0)/m/n on input li
ne 16.
LaTeX Font Info:    Overwriting math alphabet `\mathit' in version `normal'
(Font)                  OT1/cmr/m/it --> TU/NotoSerif(0)/m/it on input line 16.

LaTeX Font Info:    Overwriting math alphabet `\mathbf' in version `normal'
(Font)                  OT1/cmr/bx/n --> TU/NotoSerif(0)/b/n on input line 16.
LaTeX Font Info:    Overwriting math alphabet `\mathsf' in version `normal'
(Font)                  OT1/cmss/m/n --> TU/NotoSans(0)/m/n on input line 16.
LaTeX Font Info:    Overwriting math alphabet `\mathtt' in version `normal'
(Font)                  OT1/cmtt/m/n --> TU/NotoSansMono(0)/m/n on input line 1
6.
LaTeX Font Info:    Overwriting symbol font `operators' in version `bold'
(Font)                  TU/NotoSerif(0)/m/n --> TU/NotoSerif(0)/b/n on input li
ne 16.
LaTeX Font Info:    Overwriting math alphabet `\mathit' in version `bold'
(Font)                  OT1/cmr/bx/it --> TU/NotoSerif(0)/b/it on input line 16
.
LaTeX Font Info:    Overwriting math alphabet `\mathsf' in version `bold'
(Font)                  OT1/cmss/bx/n --> TU/NotoSans(0)/b/n on input line 16.
LaTeX Font Info:    Overwriting math alphabet `\mathtt' in version `bold'
(Font)                  OT1/cmtt/m/n --> TU/NotoSansMono(0)/b/n on input line 1
6.
Package hyperref Info: Link coloring OFF on input line 16.
(./essay.out) (./essay.out)
\@outlinefile=\write3
\openout3 = `essay.out'.

LaTeX Font Info:    Trying to load font information for U+msa on input line 19.


(/usr/local/texlive/2025/texmf-dist/tex/latex/amsfonts/umsa.fd
File: umsa.fd 2013/01/14 v3.01 AMS symbols A
)
LaTeX Font Info:    Trying to load font information for U+msb on input line 19.


(/usr/local/texlive/2025/texmf-dist/tex/latex/amsfonts/umsb.fd
File: umsb.fd 2013/01/14 v3.01 AMS symbols B
)
Overfull \hbox (0.10326pt too wide) in paragraph at lines 21--22
\TU/NotoSerif(0)/m/n/10 forced illusion of dual selves. Cognitive asymmetries (
leftedness/rightedness) emerge
 []

Missing character: There is no ס (U+05E1) in font [NotoSerif-Regular.ttf]/OT:sc
ript=latn;language=dflt;+tnum;+lnum;mapping=tex-text;!
Missing character: There is no ו (U+05D5) in font [NotoSerif-Regular.ttf]/OT:sc
ript=latn;language=dflt;+tnum;+lnum;mapping=tex-text;!
Missing character: There is no ס (U+05E1) in font [NotoSerif-Regular.ttf]/OT:sc
ript=latn;language=dflt;+tnum;+lnum;mapping=tex-text;!


[1

]
Overfull \hbox (0.9826pt too wide) in paragraph at lines 32--33
[]\TU/NotoSerif(0)/m/n/10.95 To formalize this reinterpretation, we adopt the R
elativistic Scalar–Vector Plenum (RSVP)
 []



[2]

[3]
Overfull \hbox (0.97073pt too wide) in paragraph at lines 84--85
\TU/NotoSerif(0)/m/n/10.95 A central paradox arises: leftedness, often cultural
ly coded as passive, can be consciously
 []


Overfull \hbox (1.64352pt too wide) in paragraph at lines 87--88
\TU/NotoSerif(0)/m/n/10.95 within a continuous RSVP field. This aligns with Bar
enholtz’s auto-autoregression, where
 []



[4]

[5]

[6]
Overfull \hbox (17.4526pt too wide) in paragraph at lines 181--182
\TU/NotoSerif(0)/m/n/10.95 reflects not linear progression but recurrent compar
ison of oscillatory differences. YouTube
 []



[7]
Overfull \hbox (1.4462pt too wide) in paragraph at lines 214--216
\TU/NotoSerif(0)/m/n/10.95 where $\OML/cmm/m/it/10.95 W$ \TU/NotoSerif(0)/m/n/1
0.95 amplifies torsional deviations (warbling), $\OML/cmm/m/it/10.95 A$ \TU/Not
oSerif(0)/m/n/10.95 enforces gradient alignment (flow),
 []



[8]

[9]

Package hyperref Warning: Token not allowed in a PDF string (Unicode):
(hyperref)                removing `math shift' on input line 322.


Package hyperref Warning: Token not allowed in a PDF string (Unicode):
(hyperref)                removing `math shift' on input line 322.


Package hyperref Warning: Token not allowed in a PDF string (Unicode):
(hyperref)                removing `math shift' on input line 326.


Package hyperref Warning: Token not allowed in a PDF string (Unicode):
(hyperref)                removing `math shift' on input line 326.


Package hyperref Warning: Token not allowed in a PDF string (Unicode):
(hyperref)                removing `math shift' on input line 330.


Package hyperref Warning: Token not allowed in a PDF string (Unicode):
(hyperref)                removing `math shift' on input line 330.



[10]

[11]
Overfull \hbox (0.49355pt too wide) in paragraph at lines 448--455
\TU/NotoSerif(0)/m/n/10.95 Aphantasia and anendophasia are not absence of compu
tation, but absence of detectable
 []


Overfull \hbox (1.73203pt too wide) in paragraph at lines 448--455
\TU/NotoSerif(0)/m/n/10.95 feedback loops within the autoregressive–projection 
cycle. Neuroscience News discusses
 []


Overfull \hbox (16.50362pt too wide) in paragraph at lines 456--457
[]\TU/NotoSerif(0)/m/n/10.95 Figure []1[] would illustrate semantic manifolds o
verlapping, with detectable vs. sub-threshold
 []



[12]

[13]

LaTeX Warning: Reference `eq:L' on page 14 undefined on input line 580.



[14]

! LaTeX Error: Environment lemma undefined.

See the LaTeX manual or LaTeX Companion for explanation.
Type  H <return>  for immediate help.
 ...                                              
                                                  
l.602 \begin{lemma}
                   [First variations]
? 

! LaTeX Error: \begin{document} ended by \end{lemma}.

See the LaTeX manual or LaTeX Companion for explanation.
Type  H <return>  for immediate help.
 ...                                              
                                                  
l.612 \end{lemma}
                 
? 

! LaTeX Error: Environment proof undefined.

See the LaTeX manual or LaTeX Companion for explanation.
Type  H <return>  for immediate help.
 ...                                              
                                                  
l.614 \begin{proof}
                   [Sketch]
? 

! LaTeX Error: \begin{document} ended by \end{proof}.

See the LaTeX manual or LaTeX Companion for explanation.
Type  H <return>  for immediate help.
 ...                                              
                                                  
l.618 \end{proof}
                 
? 

! LaTeX Error: Environment proposition undefined.

See the LaTeX manual or LaTeX Companion for explanation.
Type  H <return>  for immediate help.
 ...                                              
                                                  
l.631 \begin{proposition}
                         [Monotone effects on the augmented functional]
? 

! LaTeX Error: \begin{document} ended by \end{proposition}.

See the LaTeX manual or LaTeX Companion for explanation.
Type  H <return>  for immediate help.
 ...                                              
                                                  
l.654 \end{proposition}
                       
? 

! LaTeX Error: Environment proof undefined.

See the LaTeX manual or LaTeX Companion for explanation.
Type  H <return>  for immediate help.
 ...                                              
                                                  
l.656 \begin{proof}
                   [Sketch]
? 

! LaTeX Error: \begin{document} ended by \end{proof}.

See the LaTeX manual or LaTeX Companion for explanation.
Type  H <return>  for immediate help.
 ...                                              
                                                  
l.667 \end{proof}
                 
? 


[15]

! LaTeX Error: Environment remark undefined.

See the LaTeX manual or LaTeX Companion for explanation.
Type  H <return>  for immediate help.
 ...                                              
                                                  
l.678 \begin{remark}
                    [Landauer–projection threshold]
? 

! LaTeX Error: \begin{document} ended by \end{remark}.

See the LaTeX manual or LaTeX Companion for explanation.
Type  H <return>  for immediate help.
 ...                                              
                                                  
l.685 \end{remark}
                  
? 

Overfull \hbox (24.35991pt too wide) in paragraph at lines 709--713
\TU/NotoSerif(0)/m/n/10.95 searching under thermodynamic constraints, unifying 
the RSVP framework with a relevance-
 []



[16]
Overfull \hbox (0.4965pt too wide) in paragraph at lines 745--748
\TU/NotoSerif(0)/m/n/10.95 The term $\OML/cmm/m/it/10.95 ^^Q[]$ \TU/NotoSerif(0
)/m/n/10.95 models \TU/NotoSerif(0)/m/it/10.95 ontogenetic hazards \TU/NotoSeri
f(0)/m/n/10.95 as a random-field perturbation (e.g., i.i.d. mean-
 []

Missing character: There is no ^^C (U+0003) in font [NotoSerif-Bold.ttf]/OT:scr
ipt=latn;language=dflt;+tnum;+lnum;mapping=tex-text;!
Missing character: There is no ^^C (U+0003) in font [NotoSerif-Bold.ttf]/OT:scr
ipt=latn;language=dflt;+tnum;+lnum;mapping=tex-text;!
Missing character: There is no ^^C (U+0003) in font [NotoSerif-Bold.ttf]/OT:scr
ipt=latn;language=dflt;+tnum;+lnum;mapping=tex-text;!

Overfull \hbox (147.44826pt too wide) detected at line 828
[][][]\OMS/cmsy/m/n/10.95 W[] \OT1/cmr/m/n/10.95 :  []  \OMS/cmsy/m/n/10.95 F[]
 \OT1/cmr/m/n/10.95 :  []
 []



[17]

! LaTeX Error: Environment proposition undefined.

See the LaTeX manual or LaTeX Companion for explanation.
Type  H <return>  for immediate help.
 ...                                              
                                                  
l.845 \begin{proposition}
                         [Monotone effect of hazards on coherence]
? 
Missing character: There is no ^^C (U+0003) in font [NotoSerif-Bold.ttf]/OT:scr
ipt=latn;language=dflt;+tnum;+lnum;mapping=tex-text;!

! LaTeX Error: \begin{document} ended by \end{proposition}.

See the LaTeX manual or LaTeX Companion for explanation.
Type  H <return>  for immediate help.
 ...                                              
                                                  
l.857 \end{proposition}
                       
? 

! LaTeX Error: Environment proof undefined.

See the LaTeX manual or LaTeX Companion for explanation.
Type  H <return>  for immediate help.
 ...                                              
                                                  
l.859 \begin{proof}
                   [Sketch]
? 

! LaTeX Error: \begin{document} ended by \end{proof}.

See the LaTeX manual or LaTeX Companion for explanation.
Type  H <return>  for immediate help.
 ...                                              
                                                  
l.864 \end{proof}
                 
? 


[18]

[19]
! Undefined control sequence.
l.974 1-\beta a_{11}\,\sech
                           ^2 z_1 & -\beta a_{12}\,\sech^2 z_1\\[4pt]
? 
! Undefined control sequence.
l.974 ..._{11}\,\sech^2 z_1 & -\beta a_{12}\,\sech
                                                  ^2 z_1\\[4pt]
? 
! Undefined control sequence.
l.975 -\beta a_{21}\,\sech
                          ^2 z_2 & 1-\beta a_{22}\,\sech^2 z_2
? 
! Undefined control sequence.
l.975 ...{21}\,\sech^2 z_2 & 1-\beta a_{22}\,\sech
                                                  ^2 z_2
? 

Overfull \hbox (18.15771pt too wide) detected at line 980
[][][]\OML/cmm/m/it/10.95 J\OT1/cmr/m/n/10.95 (\OML/cmm/m/it/10.95 m\OT1/cmr/m/
n/10.95 ) = [] \OML/cmm/m/it/10.95 ;  z[] \OT1/cmr/m/n/10.95 = \OML/cmm/m/it/10
.95 ^^L\OT1/cmr/m/n/10.95 (\OML/cmm/m/it/10.95 a[]m[] \OT1/cmr/m/n/10.95 + \OML
/cmm/m/it/10.95 a[]m[] \OT1/cmr/m/n/10.95 + [])\OML/cmm/m/it/10.95 ;   z[] \OT1
/cmr/m/n/10.95 = \OML/cmm/m/it/10.95 ^^L\OT1/cmr/m/n/10.95 (\OML/cmm/m/it/10.95
 a[]m[] \OT1/cmr/m/n/10.95 + \OML/cmm/m/it/10.95 a[]m[] \OT1/cmr/m/n/10.95 + []
)\OML/cmm/m/it/10.95 :
 []



[20]
Overfull \hbox (7.38503pt too wide) in paragraph at lines 1035--1035
[]\TU/NotoSerif(0)/b/n/12 A Toy Model: Autoregressive CPG Chain Search under RS
VP Constraints 
 []



[21]

[22]

[23]
! Missing { inserted.
<to be read again> 
                   \discretionary 
l.1226 ...rations, recording the best chain $(i^\*
                                                  ,j^\*)$ and phases
? 
! Missing { inserted.
<to be read again> 
                   \discretionary 
l.1226 ...ns, recording the best chain $(i^\*,j^\*
                                                  )$ and phases
? 
! Missing } inserted.
<inserted text> 
                }
l.1226 ..., recording the best chain $(i^\*,j^\*)$
                                                   and phases
? 
! Missing } inserted.
<inserted text> 
                }
l.1226 ..., recording the best chain $(i^\*,j^\*)$
                                                   and phases
? 

Overfull \hbox (44.35602pt too wide) detected at line 1234
[][][]\OML/cmm/m/it/10.95 ^^K \OT1/cmr/m/n/10.95 = 1\OML/cmm/m/it/10.95 ;  ^^L 
\OT1/cmr/m/n/10.95 = 0\OML/cmm/m/it/10.95 :\OT1/cmr/m/n/10.95 25\OML/cmm/m/it/1
0.95 ;  ^^Z \OT1/cmr/m/n/10.95 = 1\OML/cmm/m/it/10.95 :\OT1/cmr/m/n/10.95 2\OML
/cmm/m/it/10.95 ;  ' \OT1/cmr/m/n/10.95 = []\OML/cmm/m/it/10.95 ;  ^^M[] \OT1/c
mr/m/n/10.95 = 1\OML/cmm/m/it/10.95 ;  ^^M[] \OT1/cmr/m/n/10.95 = 0\OML/cmm/m/i
t/10.95 :\OT1/cmr/m/n/10.95 5\OML/cmm/m/it/10.95 ;  ^^U[] \OT1/cmr/m/n/10.95 = 
10[]\OML/cmm/m/it/10.95 ;  p \OT1/cmr/m/n/10.95 = 0\OML/cmm/m/it/10.95 :\OT1/cm
r/m/n/10.95 5\OML/cmm/m/it/10.95 ;  ^^[[] \OT1/cmr/m/n/10.95 = 0\OML/cmm/m/it/1
0.95 :\OT1/cmr/m/n/10.95 15\OML/cmm/m/it/10.95 ;  ^^L[] \OT1/cmr/m/n/10.95 = 5\
OML/cmm/m/it/10.95 ;  ^^T[] \OT1/cmr/m/n/10.95 = 0\OML/cmm/m/it/10.95 :\OT1/cmr
/m/n/10.95 2\OML/cmm/m/it/10.95 :
 []



[24]

Package hyperref Warning: Token not allowed in a PDF string (Unicode):
(hyperref)                removing `math shift' on input line 1248.


Package hyperref Warning: Token not allowed in a PDF string (Unicode):
(hyperref)                removing `\Phi' on input line 1248.


Package hyperref Warning: Token not allowed in a PDF string (Unicode):
(hyperref)                removing `math shift' on input line 1248.

Missing character: There is no ≈ (U+2248) in font [NotoSerif-Regular.ttf]/OT:sc
ript=latn;language=dflt;+tnum;+lnum;mapping=tex-text;!


[25]

[26]

Package hyperref Warning: Token not allowed in a PDF string (Unicode):
(hyperref)                removing `math shift' on input line 1368.


Package hyperref Warning: Token not allowed in a PDF string (Unicode):
(hyperref)                removing `superscript' on input line 1368.


Package hyperref Warning: Token not allowed in a PDF string (Unicode):
(hyperref)                removing `math shift' on input line 1368.



[27]

Package hyperref Warning: Token not allowed in a PDF string (Unicode):
(hyperref)                removing `math shift' on input line 1400.


Package hyperref Warning: Token not allowed in a PDF string (Unicode):
(hyperref)                removing `subscript' on input line 1400.


Package hyperref Warning: Token not allowed in a PDF string (Unicode):
(hyperref)                removing `math shift' on input line 1400.


Package hyperref Warning: Token not allowed in a PDF string (Unicode):
(hyperref)                removing `math shift' on input line 1400.


Package hyperref Warning: Token not allowed in a PDF string (Unicode):
(hyperref)                removing `subscript' on input line 1400.


Package hyperref Warning: Token not allowed in a PDF string (Unicode):
(hyperref)                removing `math shift' on input line 1400.



[28]

! LaTeX Error: Environment corollary undefined.

See the LaTeX manual or LaTeX Companion for explanation.
Type  H <return>  for immediate help.
 ...                                              
                                                  
l.1483 \begin{corollary}
                        [Joint geometric--thermodynamic feasibility]
? 

! LaTeX Error: \begin{document} ended by \end{corollary}.

See the LaTeX manual or LaTeX Companion for explanation.
Type  H <return>  for immediate help.
 ...                                              
                                                  
l.1510 \end{corollary}
                      
? 

Overfull \hbox (8.26758pt too wide) in paragraph at lines 1520--1522
[]\TU/NotoSerif(0)/m/n/10.95 Formally, the torsion tensor $\OML/cmm/m/it/10.95 
T\OT1/cmr/m/n/10.95 (\OML/cmm/m/it/10.95 X; Y\OT1/cmr/m/n/10.95 ) = \OMS/cmsy/m
/n/10.95 r[]\OML/cmm/m/it/10.95 Y \OMS/cmsy/m/n/10.95 ^^@ r[]\OML/cmm/m/it/10.9
5 X \OMS/cmsy/m/n/10.95 ^^@ \OT1/cmr/m/n/10.95 [\OML/cmm/m/it/10.95 X; Y\OT1/cm
r/m/n/10.95 ]$ \TU/NotoSerif(0)/m/n/10.95 measures this non-integrability.
 []



[29]

[30]

Package hyperref Warning: Token not allowed in a PDF string (Unicode):
(hyperref)                removing `math shift' on input line 1653.


Package hyperref Warning: Token not allowed in a PDF string (Unicode):
(hyperref)                removing `\tau' on input line 1653.


Package hyperref Warning: Token not allowed in a PDF string (Unicode):
(hyperref)                removing `subscript' on input line 1653.


Package hyperref Warning: Token not allowed in a PDF string (Unicode):
(hyperref)                removing `math shift' on input line 1653.


Package hyperref Warning: Token not allowed in a PDF string (Unicode):
(hyperref)                removing `math shift' on input line 1653.


Package hyperref Warning: Token not allowed in a PDF string (Unicode):
(hyperref)                removing `\Delta' on input line 1653.


Package hyperref Warning: Token not allowed in a PDF string (Unicode):
(hyperref)                removing `\setbox' on input line 1653.


Package hyperref Warning: Token not allowed in a PDF string (Unicode):
(hyperref)                removing `\z@' on input line 1653.


Package hyperref Warning: Token not allowed in a PDF string (Unicode):
(hyperref)                removing `\hbox' on input line 1653.


Package hyperref Warning: Token not allowed in a PDF string (Unicode):
(hyperref)                removing `\mathsurround' on input line 1653.


Package hyperref Warning: Token not allowed in a PDF string (Unicode):
(hyperref)                removing `\z@' on input line 1653.


Package hyperref Warning: Token not allowed in a PDF string (Unicode):
(hyperref)                removing `math shift' on input line 1653.


Package hyperref Warning: Token not allowed in a PDF string (Unicode):
(hyperref)                removing `\textstyle' on input line 1653.


Package hyperref Warning: Token not allowed in a PDF string (Unicode):
(hyperref)                removing `math shift' on input line 1653.


Package hyperref Warning: Token not allowed in a PDF string (Unicode):
(hyperref)                removing `\mathaccent' on input line 1653.


Package hyperref Warning: Token not allowed in a PDF string (Unicode):
(hyperref)                removing `subscript' on input line 1653.


Package hyperref Warning: Token not allowed in a PDF string (Unicode):
(hyperref)                removing `math shift' on input line 1653.



[31]
Overfull \hbox (12.93411pt too wide) in paragraph at lines 1677--1683
\TU/NotoSerif(0)/m/n/10.95 Ontogenetic hazards act as \TU/NotoSerif(0)/m/it/10.
95 random-field \TU/NotoSerif(0)/m/n/10.95 perturbations that typically increas
e $\OML/cmm/m/it/10.95 ^^\[]$ \TU/NotoSerif(0)/m/n/10.95 at mid/high
 []


Overfull \hbox (2.35138pt too wide) in paragraph at lines 1685--1691
\TU/NotoSerif(0)/m/n/10.95 whose spectral content lies in the feasible band, ra
ising the selection probability of chains
 []


! LaTeX Error: Environment proposition undefined.

See the LaTeX manual or LaTeX Companion for explanation.
Type  H <return>  for immediate help.
 ...                                              
                                                  
l.1700 \begin{proposition}
                          [Spectral monotonicity of alignment]
? 

! LaTeX Error: \begin{document} ended by \end{proposition}.

See the LaTeX manual or LaTeX Companion for explanation.
Type  H <return>  for immediate help.
 ...                                              
                                                  
l.1706 \end{proposition}
                        
? 


[32]

Package hyperref Warning: Token not allowed in a PDF string (Unicode):
(hyperref)                removing `math shift' on input line 1736.


Package hyperref Warning: Token not allowed in a PDF string (Unicode):
(hyperref)                removing `math shift' on input line 1736.


Package hyperref Warning: Token not allowed in a PDF string (Unicode):
(hyperref)                removing `math shift' on input line 1755.


Package hyperref Warning: Token not allowed in a PDF string (Unicode):
(hyperref)                removing `\tau' on input line 1755.


Package hyperref Warning: Token not allowed in a PDF string (Unicode):
(hyperref)                removing `subscript' on input line 1755.


Package hyperref Warning: Token not allowed in a PDF string (Unicode):
(hyperref)                removing `math shift' on input line 1755.


Package hyperref Warning: Token not allowed in a PDF string (Unicode):
(hyperref)                removing `math shift' on input line 1767.


Package hyperref Warning: Token not allowed in a PDF string (Unicode):
(hyperref)                removing `\Delta' on input line 1767.


Package hyperref Warning: Token not allowed in a PDF string (Unicode):
(hyperref)                removing `\setbox' on input line 1767.


Package hyperref Warning: Token not allowed in a PDF string (Unicode):
(hyperref)                removing `\z@' on input line 1767.


Package hyperref Warning: Token not allowed in a PDF string (Unicode):
(hyperref)                removing `\hbox' on input line 1767.


Package hyperref Warning: Token not allowed in a PDF string (Unicode):
(hyperref)                removing `\mathsurround' on input line 1767.


Package hyperref Warning: Token not allowed in a PDF string (Unicode):
(hyperref)                removing `\z@' on input line 1767.


Package hyperref Warning: Token not allowed in a PDF string (Unicode):
(hyperref)                removing `math shift' on input line 1767.


Package hyperref Warning: Token not allowed in a PDF string (Unicode):
(hyperref)                removing `\textstyle' on input line 1767.


Package hyperref Warning: Token not allowed in a PDF string (Unicode):
(hyperref)                removing `math shift' on input line 1767.


Package hyperref Warning: Token not allowed in a PDF string (Unicode):
(hyperref)                removing `\mathaccent' on input line 1767.


Package hyperref Warning: Token not allowed in a PDF string (Unicode):
(hyperref)                removing `subscript' on input line 1767.


Package hyperref Warning: Token not allowed in a PDF string (Unicode):
(hyperref)                removing `math shift' on input line 1767.



[33]

Package hyperref Warning: Token not allowed in a PDF string (Unicode):
(hyperref)                removing `math shift' on input line 1785.


Package hyperref Warning: Token not allowed in a PDF string (Unicode):
(hyperref)                removing `subscript' on input line 1785.


Package hyperref Warning: Token not allowed in a PDF string (Unicode):
(hyperref)                removing `math shift' on input line 1785.


Overfull \hbox (4.78557pt too wide) in paragraph at lines 1802--1805
\TU/NotoSerif(0)/m/n/10.95 Report $\OMS/cmsy/m/n/10.95 f\OML/cmm/m/it/10.95 ^^U
[]\OMS/cmsy/m/n/10.95 g\OML/cmm/m/it/10.95 ; \OMS/cmsy/m/n/10.95 f\OML/cmm/m/it
/10.95 H[]\OMS/cmsy/m/n/10.95 g\OML/cmm/m/it/10.95 ; \OMS/cmsy/m/n/10.95 f\OML/
cmm/m/it/10.95 ^^\[]\OMS/cmsy/m/n/10.95 g\OML/cmm/m/it/10.95 ; \OMS/cmsy/m/n/10
.95 f\OT1/cmr/m/n/10.95 ^^A[]\OMS/cmsy/m/n/10.95 g$\TU/NotoSerif(0)/m/n/10.95 .
 Track overall descent $\OT1/cmr/m/n/10.95 ^^A[]$ \TU/NotoSerif(0)/m/n/10.95 an
d retained energy $\OMS/cmsy/m/n/10.95 k\OML/cmm/m/it/10.95 f[]\OMS/cmsy/m/n/10
.95 k[]\OT1/cmr/m/n/10.95 /\OMS/cmsy/m/n/10.95 k\OML/cmm/m/it/10.95 f\OMS/cmsy/
m/n/10.95 k[]$\TU/NotoSerif(0)/m/n/10.95 . 
 []


Overfull \hbox (3.09842pt too wide) in paragraph at lines 1807--1810
$\OML/cmm/m/it/10.95 K \OT1/cmr/m/n/10.95 = 200$ \TU/NotoSerif(0)/m/n/10.95 mod
es; $\OML/cmm/m/it/10.95 ^^V \OT1/cmr/m/n/10.95 = 1\OML/cmm/m/it/10.95 ;  ^^X \
OT1/cmr/m/n/10.95 = 0\OML/cmm/m/it/10.95 :\OT1/cmr/m/n/10.95 5\OML/cmm/m/it/10.
95 ;  ^^U[] \OT1/cmr/m/n/10.95 = 0\OML/cmm/m/it/10.95 :\OT1/cmr/m/n/10.95 2$\TU
/NotoSerif(0)/m/n/10.95 ; $\OML/cmm/m/it/10.95 ^^U[] \OT1/cmr/m/n/10.95 = 0\OML
/cmm/m/it/10.95 :\OT1/cmr/m/n/10.95 5$\TU/NotoSerif(0)/m/n/10.95 ; $\OML/cmm/m/
it/10.95 ^^L \OT1/cmr/m/n/10.95 = 5$\TU/NotoSerif(0)/m/n/10.95 ; $\OML/cmm/m/it
/10.95 ^^T[]k[]T \OT1/cmr/m/n/10.95 = 0\OML/cmm/m/it/10.95 :\OT1/cmr/m/n/10.95 
1  \OMS/cmsy/m/n/10.95 ^^B  []\OT1/cmr/m/n/10.95 (^^A[])$\TU/NotoSerif(0)/m/n/1
0.95 . 
 []



[34]
Overfull \hbox (1.64319pt too wide) in paragraph at lines 1885--1892
\TU/NotoSerif(0)/m/n/10.95 work might explore alternative dichotomies—receptive
/directive, divergent/convergent,
 []



[35]

Package hyperref Warning: Token not allowed in a PDF string (Unicode):
(hyperref)                removing `math shift' on input line 1902.


Package hyperref Warning: Token not allowed in a PDF string (Unicode):
(hyperref)                removing `math shift' on input line 1902.


Overfull \hbox (10.23535pt too wide) in paragraph at lines 1925--1931
\TU/NotoSerif(0)/m/n/10.95 ness,” but because alternating attractor modes, medi
ated by torsion and alignment, project
 []


Overfull \hbox (1.19919pt too wide) in paragraph at lines 1932--1941
\TU/NotoSerif(0)/m/n/10.95 that flow smoothly, discarding those that twist or d
issipate. The torsion–Landauer frame-
 []


Overfull \hbox (0.42413pt too wide) in paragraph at lines 1942--1949
[]\TU/NotoSerif(0)/m/n/10.95 Ontogenetic hazards, developmental labels, and tra
it-based personality systems can thus
 []



[36]
Overfull \hbox (7.6329pt too wide) in paragraph at lines 1989--1992
\TU/NotoSerif(0)/m/n/10.95 We use an augmented functional that penalizes (i) fl
ow misalignment, (ii) torsion/vorticity,
 []


Overfull \hbox (12.9435pt too wide) in paragraph at lines 2008--2011
\TU/NotoSerif(0)/m/n/10.95 We couple gradient-flow descent of $[]$ with physica
l advection and diffusion. Let $\OML/cmm/m/it/10.95 D[]; D[]; ^^W >
 []



[37]

[38]

[39]

[40]

[41]
! Undefined control sequence.
l.2366 \qedhere
               
? 


[42]

LaTeX Warning: Reference `sec:spectral-minimalism' on page 43 undefined on inpu
t line 2430.


Overfull \hbox (16.3612pt too wide) in paragraph at lines 2428--2432
[]\TU/NotoSerif(0)/b/n/10.95 Spectral filtering experiments. \TU/NotoSerif(0)/m
/n/10.95 Use Fourier/Laplacian decomposition to test torsion–
 []


Overfull \hbox (0.5312pt too wide) in paragraph at lines 2428--2432
\TU/NotoSerif(0)/m/n/10.95 Landauer subtractive filtering (App. []). Inject syn
thetic hazards as high-frequency
 []

(./essay.bbl
LaTeX Font Info:    Font shape `TU/NotoSansMono(0)/m/n' will be
(Font)              scaled to size 10.95pt on input line 11.

Underfull \hbox (badness 10000) in paragraph at lines 14--17
[]\TU/NotoSerif(0)/m/n/10.95 Ten questions critics fail to answer about julian 
jaynes’s the-
 []


Underfull \hbox (badness 10000) in paragraph at lines 14--17
\TU/NotoSerif(0)/m/n/10.95 ory, 2019.  URL []$[][][][][] [] [] [] [][][] [] [][
][][][][][][][][][][] [] [][][] [] [][][][] [] [][] [] [][] []
 []


Underfull \hbox (badness 10000) in paragraph at lines 19--22
[][][] [] [][][][][][][][][][][] [] [][][][][][][][][] [] [][][][][][] [] [][][
][][][] [] [][][] [] [][][][][][] [] [][][][][][][][][] []
 []


Underfull \hbox (badness 10000) in paragraph at lines 24--28
[]\TU/NotoSerif(0)/m/n/10.95 Julian jaynes theories are fascinating. if you are
 familiar,
 []


Underfull \hbox (badness 10000) in paragraph at lines 24--28
\TU/NotoSerif(0)/m/n/10.95 what do you think?, 2023.  URL []$[][][][][] [] [] [
] [][][] [] [][][][][] [] [][][] []
 []


Overfull \hbox (66.039pt too wide) in paragraph at lines 24--28
[][][][][][][][][][][][][][][][][][][][][][][][][][][][][][][][][][][][][][][][
][][][][][][][][][][][][][][][][][][][][][][][][][][][][][][][][][][][][][][][]
[][][][][][][][][]$[]\TU/NotoSerif(0)/m/n/10.95 . 
 []


Underfull \hbox (badness 10000) in paragraph at lines 30--34
[]\TU/NotoSerif(0)/m/n/10.95 A decade of aphantasia research: what we’ve learne
d about
 []


Underfull \hbox (badness 10000) in paragraph at lines 30--34
\TU/NotoSerif(0)/m/n/10.95 people who can’t visualise, 2024.  URL []$[][][][][]
 [] [] [] [][][][] []
 []


Underfull \hbox (badness 10000) in paragraph at lines 30--34
[][][][][][] [] [][] [] [][] [] [][][][][][][][][][][][][][][][][][][][][][][][
][][][][][][][][][][][][][][][][] []
 []


Overfull \hbox (105.45895pt too wide) in paragraph at lines 30--34
[][][][][][][][][][][][][][][][][][][][][][][][][][][][][][][][][][][][][][][][
][][][][][][][][][][][][][][][][][][][][][][][][][][][][][][][][][][][][][][][]
[][][][][][][][][][][][][][][]$[]\TU/NotoSerif(0)/m/n/10.95 . 
 []


Underfull \hbox (badness 4072) in paragraph at lines 36--39
[]\TU/NotoSerif(0)/m/n/10.95 Inside the quiet mind: The absence of inner speech
, 2024.  URL []$[][][][][] [] [] []
 []


Underfull \hbox (badness 10000) in paragraph at lines 41--45
[]\TU/NotoSerif(0)/m/n/10.95 Anendophasia: Scientists uncover the weird cogniti
ve impact of life
 []


Underfull \hbox (badness 10000) in paragraph at lines 41--45
\TU/NotoSerif(0)/m/n/10.95 without an inner voice, 2024.  URL []$[][][][][] [] 
[] [] [][][] [] [][][][][][][] [] [][][] []
 []


Overfull \hbox (118.09894pt too wide) in paragraph at lines 41--45
[][][][][][][][][][][][][][][][][][][][][][][][][][][][][][][][][][][][][][][][
][][][][][][][][][][][][][][][][][][][][][][][][][][][][][][][][][][][][][][][]
[][][][][][][][][][][][][][][][]$[]\TU/NotoSerif(0)/m/n/10.95 . 
 []


Underfull \hbox (badness 1281) in paragraph at lines 47--51
\TU/NotoSerif(0)/m/n/10.95 losophy?, 2024.  URL []$[][][][][] [] [] [] [][][] [
] [][][][][][] [] [][][] [] [] [] [][][][][][][][][][][][][] [] [][][][][][][][
] []
 []


Underfull \hbox (badness 10000) in paragraph at lines 53--56
[]\TU/NotoSerif(0)/m/n/10.95 Critiques of jaynes’s theory: A general pattern, 2
025.  URL
 []


Underfull \hbox (badness 10000) in paragraph at lines 53--56
[]$[][][][][] [] [] [] [][][] [] [][][][][][][][][][][][] [] [][][] [] [][][][]
[] [] [][][][][][][][][][][][][][][][][][][][][] []
 []



[43]
Underfull \hbox (badness 10000) in paragraph at lines 58--61
[]\TU/NotoSerif(0)/m/n/10.95 Aphantasia might be linked to alterations in brain
 connectiv-
 []


Underfull \hbox (badness 10000) in paragraph at lines 58--61
\TU/NotoSerif(0)/m/n/10.95 ity, 2025.  URL []$[][][][][] [] [] [] [][][][][][][
][][][][][][][][][][][][] [] [][][] [] [][][][] []
 []


Underfull \hbox (badness 10000) in paragraph at lines 63--68
\TU/NotoSerif(0)/m/n/10.95 bicameral mind, 2020.  URL []$[][][][][] [] [] [] []
[][][][][][][][][][][][][] [] [][][] [] [][][][] [] [][] [] [][] []
 []


Overfull \hbox (58.96901pt too wide) in paragraph at lines 63--68
[][][][][][][][][][][][][][][][][][][][][][][][][][][][][][][][][][][][][][][][
][][][][][][][][][][][][][][][][][][][][][][][][][][][][][][][][][][][][][][][]
[][][][][][][]$[]\TU/NotoSerif(0)/m/n/10.95 . 
 []


Underfull \hbox (badness 2237) in paragraph at lines 70--75
[]\TU/NotoSerif(0)/m/n/10.95 Elan Barenholtz.  Auto-autoregression: How the bra
in learns to write its own
 []


Underfull \hbox (badness 2189) in paragraph at lines 97--102
[]\TU/NotoSerif(0)/m/n/10.95 Darwin Gosal.  You’re not remembering — you’re gen
erating: The autoregres-
 []


Underfull \hbox (badness 5050) in paragraph at lines 97--102
\TU/NotoSerif(0)/m/n/10.95 sion theory of cognition, 2025.  URL []$[][][][][] [
] [] [] [][][][][][] [] [][][] [] [][][][][][][][][][][][] []
 []


Overfull \hbox (164.08888pt too wide) in paragraph at lines 97--102
[][][][][][][][][][][][][][][][][][][][][][][][][][][][][][][][][][][][][][][][
][][][][][][][][][][][][][][][][][][][][][][][][][][][][][][][][][][][][][][][]
[][][][][][][][][][][][][][][][][][][][][][][]$[]\TU/NotoSerif(0)/m/n/10.95 . 
 []

Missing character: There is no ס (U+05E1) in font [NotoSerif-Regular.ttf]/OT:sc
ript=latn;language=dflt;+tnum;+lnum;mapping=tex-text;!
Missing character: There is no ו (U+05D5) in font [NotoSerif-Regular.ttf]/OT:sc
ript=latn;language=dflt;+tnum;+lnum;mapping=tex-text;!
Missing character: There is no ס (U+05E1) in font [NotoSerif-Regular.ttf]/OT:sc
ript=latn;language=dflt;+tnum;+lnum;mapping=tex-text;!
)

[44] (./essay.aux)
 ***********
LaTeX2e <2025-06-01> patch level 1
L3 programming layer <2025-09-02>
 ***********


LaTeX Warning: There were undefined references.

Package rerunfilecheck Info: File `essay.out' has not changed.
(rerunfilecheck)             Checksum: FB5D04B1A520AC06711219C682AD02F7;40344.
 ) 
Here is how much of TeX's memory you used:
 12958 strings out of 468438
 252873 string characters out of 5445464
 758368 words of memory out of 5000000
 41243 multiletter control sequences out of 15000+600000
 634303 words of font info for 103 fonts, out of 8000000 for 9000
 1348 hyphenation exceptions out of 8191
 88i,12n,110p,1703b,455s stack positions out of 10000i,1000n,20000p,200000b,200000s

Output written on essay.pdf (44 pages).
