\BOOKMARK [1][-]{section.1}{\376\377\000I\000n\000t\000r\000o\000d\000u\000c\000t\000i\000o\000n}{}% 1
\BOOKMARK [1][-]{section.2}{\376\377\000E\000v\000e\000n\000t\000s\000\040\000O\000v\000e\000r\000\040\000S\000t\000a\000t\000e\000s}{}% 2
\BOOKMARK [2][-]{subsection.2.1}{\376\377\000T\000h\000e\000\040\000I\000n\000s\000u\000f\000f\000i\000c\000i\000e\000n\000c\000y\000\040\000o\000f\000\040\000S\000t\000a\000t\000e\000-\000B\000a\000s\000e\000d\000\040\000A\000c\000c\000o\000u\000n\000t\000s}{section.2}% 3
\BOOKMARK [2][-]{subsection.2.2}{\376\377\000C\000o\000n\000s\000t\000r\000u\000c\000t\000i\000o\000n\000\040\000H\000i\000s\000t\000o\000r\000y\000\040\000a\000s\000\040\000P\000r\000i\000m\000a\000r\000y}{section.2}% 4
\BOOKMARK [2][-]{subsection.2.3}{\376\377\000I\000r\000r\000e\000v\000e\000r\000s\000i\000b\000i\000l\000i\000t\000y\000,\000\040\000T\000i\000m\000e\000,\000\040\000a\000n\000d\000\040\000C\000o\000n\000s\000t\000r\000a\000i\000n\000t\000\040\000A\000c\000c\000u\000m\000u\000l\000a\000t\000i\000o\000n}{section.2}% 5
\BOOKMARK [2][-]{subsection.2.4}{\376\377\000W\000h\000y\000\040\000C\000o\000m\000p\000r\000e\000s\000s\000i\000o\000n\000\040\000R\000e\000q\000u\000i\000r\000e\000s\000\040\000H\000i\000s\000t\000o\000r\000y}{section.2}% 6
\BOOKMARK [2][-]{subsection.2.5}{\376\377\000E\000v\000e\000n\000t\000-\000B\000a\000s\000e\000d\000\040\000I\000d\000e\000n\000t\000i\000t\000y\000\040\000a\000n\000d\000\040\000G\000e\000n\000e\000r\000a\000l\000i\000z\000a\000t\000i\000o\000n}{section.2}% 7
\BOOKMARK [2][-]{subsection.2.6}{\376\377\000C\000o\000n\000s\000e\000q\000u\000e\000n\000c\000e\000s\000\040\000f\000o\000r\000\040\000t\000h\000e\000\040\000S\000t\000r\000u\000c\000t\000u\000r\000e\000\040\000o\000f\000\040\000t\000h\000e\000\040\000A\000r\000g\000u\000m\000e\000n\000t}{section.2}% 8
\BOOKMARK [1][-]{section.3}{\376\377\000M\000o\000d\000u\000l\000a\000r\000i\000t\000y\000\040\000a\000s\000\040\000O\000n\000t\000o\000l\000o\000g\000y\000,\000\040\000N\000o\000t\000\040\000C\000o\000n\000v\000e\000n\000i\000e\000n\000c\000e}{}% 9
\BOOKMARK [2][-]{subsection.3.1}{\376\377\000W\000h\000y\000\040\000M\000o\000n\000o\000l\000i\000t\000h\000i\000c\000\040\000I\000n\000t\000e\000l\000l\000i\000g\000e\000n\000c\000e\000\040\000F\000a\000i\000l\000s}{section.3}% 10
\BOOKMARK [2][-]{subsection.3.2}{\376\377\000M\000o\000d\000u\000l\000a\000r\000i\000t\000y\000\040\000a\000s\000\040\000a\000\040\000S\000t\000r\000u\000c\000t\000u\000r\000a\000l\000\040\000R\000e\000q\000u\000i\000r\000e\000m\000e\000n\000t}{section.3}% 11
\BOOKMARK [2][-]{subsection.3.3}{\376\377\000I\000n\000t\000e\000r\000f\000a\000c\000e\000s\000,\000\040\000J\000u\000r\000i\000s\000d\000i\000c\000t\000i\000o\000n\000,\000\040\000a\000n\000d\000\040\000S\000c\000o\000p\000e}{section.3}% 12
\BOOKMARK [2][-]{subsection.3.4}{\376\377\000W\000h\000y\000\040\000G\000l\000o\000b\000a\000l\000\040\000W\000o\000r\000k\000s\000p\000a\000c\000e\000s\000\040\000A\000r\000e\000\040\000I\000n\000s\000u\000f\000f\000i\000c\000i\000e\000n\000t}{section.3}% 13
\BOOKMARK [2][-]{subsection.3.5}{\376\377\000M\000o\000d\000u\000l\000a\000r\000i\000t\000y\000\040\000a\000n\000d\000\040\000t\000h\000e\000\040\000A\000c\000c\000u\000m\000u\000l\000a\000t\000i\000o\000n\000\040\000o\000f\000\040\000C\000o\000n\000s\000t\000r\000a\000i\000n\000t\000s}{section.3}% 14
\BOOKMARK [2][-]{subsection.3.6}{\376\377\000T\000r\000a\000n\000s\000i\000t\000i\000o\000n\000\040\000t\000o\000\040\000R\000e\000f\000u\000s\000a\000l}{section.3}% 15
\BOOKMARK [1][-]{section.4}{\376\377\000R\000e\000f\000u\000s\000a\000l\000\040\000a\000s\000\040\000a\000\040\000F\000i\000r\000s\000t\000-\000C\000l\000a\000s\000s\000\040\000C\000o\000g\000n\000i\000t\000i\000v\000e\000\040\000O\000p\000e\000r\000a\000t\000i\000o\000n}{}% 16
\BOOKMARK [2][-]{subsection.4.1}{\376\377\000R\000e\000f\000u\000s\000a\000l\000\040\000I\000s\000\040\000N\000o\000t\000\040\000F\000a\000i\000l\000u\000r\000e}{section.4}% 17
\BOOKMARK [2][-]{subsection.4.2}{\376\377\000R\000e\000f\000u\000s\000a\000l\000\040\000a\000s\000\040\000J\000u\000r\000i\000s\000d\000i\000c\000t\000i\000o\000n\000a\000l\000\040\000E\000n\000f\000o\000r\000c\000e\000m\000e\000n\000t}{section.4}% 18
\BOOKMARK [2][-]{subsection.4.3}{\376\377\000U\000n\000c\000e\000r\000t\000a\000i\000n\000t\000y\000,\000\040\000I\000r\000r\000e\000v\000e\000r\000s\000i\000b\000i\000l\000i\000t\000y\000,\000\040\000a\000n\000d\000\040\000R\000i\000s\000k}{section.4}% 19
\BOOKMARK [2][-]{subsection.4.4}{\376\377\000R\000e\000f\000u\000s\000a\000l\000\040\000a\000n\000d\000\040\000L\000e\000a\000r\000n\000i\000n\000g}{section.4}% 20
\BOOKMARK [2][-]{subsection.4.5}{\376\377\000R\000e\000f\000u\000s\000a\000l\000\040\000i\000n\000\040\000M\000o\000d\000u\000l\000a\000r\000\040\000S\000y\000s\000t\000e\000m\000s}{section.4}% 21
\BOOKMARK [2][-]{subsection.4.6}{\376\377\000R\000e\000f\000u\000s\000a\000l\000\040\000a\000s\000\040\000a\000\040\000C\000o\000n\000d\000i\000t\000i\000o\000n\000\040\000o\000f\000\040\000G\000e\000n\000e\000r\000a\000l\000i\000t\000y}{section.4}% 22
\BOOKMARK [2][-]{subsection.4.7}{\376\377\000T\000r\000a\000n\000s\000i\000t\000i\000o\000n\000\040\000t\000o\000\040\000T\000r\000a\000n\000s\000f\000e\000r\000\040\000a\000n\000d\000\040\000G\000e\000n\000e\000r\000a\000l\000i\000t\000y}{section.4}% 23
\BOOKMARK [1][-]{section.5}{\376\377\000G\000e\000n\000e\000r\000a\000l\000i\000t\000y\000\040\000a\000s\000\040\000L\000a\000w\000f\000u\000l\000\040\000T\000r\000a\000n\000s\000f\000e\000r}{}% 24
\BOOKMARK [2][-]{subsection.5.1}{\376\377\000A\000g\000a\000i\000n\000s\000t\000\040\000B\000r\000e\000a\000d\000t\000h\000\040\000a\000s\000\040\000a\000\040\000C\000r\000i\000t\000e\000r\000i\000o\000n\000\040\000o\000f\000\040\000G\000e\000n\000e\000r\000a\000l\000i\000t\000y}{section.5}% 25
\BOOKMARK [2][-]{subsection.5.2}{\376\377\000T\000r\000a\000n\000s\000f\000e\000r\000\040\000a\000s\000\040\000t\000h\000e\000\040\000T\000r\000a\000n\000s\000p\000o\000r\000t\000\040\000o\000f\000\040\000C\000o\000n\000s\000t\000r\000u\000c\000t\000i\000o\000n}{section.5}% 26
\BOOKMARK [2][-]{subsection.5.3}{\376\377\000I\000n\000v\000a\000r\000i\000a\000n\000t\000s\000\040\000a\000s\000\040\000t\000h\000e\000\040\000C\000u\000r\000r\000e\000n\000c\000y\000\040\000o\000f\000\040\000G\000e\000n\000e\000r\000a\000l\000i\000t\000y}{section.5}% 27
\BOOKMARK [2][-]{subsection.5.4}{\376\377\000W\000h\000y\000\040\000T\000r\000a\000n\000s\000f\000e\000r\000\040\000R\000e\000q\000u\000i\000r\000e\000s\000\040\000M\000o\000d\000u\000l\000a\000r\000i\000t\000y\000\040\000a\000n\000d\000\040\000R\000e\000f\000u\000s\000a\000l}{section.5}% 28
\BOOKMARK [2][-]{subsection.5.5}{\376\377\000F\000a\000i\000l\000u\000r\000e\000\040\000M\000o\000d\000e\000s\000\040\000o\000f\000\040\000I\000l\000l\000e\000g\000i\000t\000i\000m\000a\000t\000e\000\040\000T\000r\000a\000n\000s\000f\000e\000r}{section.5}% 29
\BOOKMARK [2][-]{subsection.5.6}{\376\377\000G\000e\000n\000e\000r\000a\000l\000i\000t\000y\000\040\000W\000i\000t\000h\000o\000u\000t\000\040\000C\000o\000l\000l\000a\000p\000s\000e}{section.5}% 30
\BOOKMARK [2][-]{subsection.5.7}{\376\377\000T\000r\000a\000n\000s\000i\000t\000i\000o\000n\000\040\000t\000o\000\040\000L\000o\000c\000a\000l\000i\000t\000y\000\040\000a\000n\000d\000\040\000C\000o\000n\000t\000e\000x\000t}{section.5}% 31
\BOOKMARK [1][-]{section.6}{\376\377\000L\000o\000c\000a\000l\000\040\000C\000o\000h\000e\000r\000e\000n\000c\000e\000\040\000a\000n\000d\000\040\000C\000o\000n\000d\000i\000t\000i\000o\000n\000a\000l\000\040\000G\000l\000o\000b\000a\000l\000i\000t\000y}{}% 32
\BOOKMARK [2][-]{subsection.6.1}{\376\377\000W\000h\000y\000\040\000G\000l\000o\000b\000a\000l\000\040\000C\000o\000n\000s\000i\000s\000t\000e\000n\000c\000y\000\040\000I\000s\000\040\000t\000h\000e\000\040\000W\000r\000o\000n\000g\000\040\000I\000d\000e\000a\000l}{section.6}% 33
\BOOKMARK [2][-]{subsection.6.2}{\376\377\000L\000o\000c\000a\000l\000\040\000C\000o\000h\000e\000r\000e\000n\000c\000e\000\040\000a\000s\000\040\000t\000h\000e\000\040\000U\000n\000i\000t\000\040\000o\000f\000\040\000S\000e\000n\000s\000e}{section.6}% 34
\BOOKMARK [2][-]{subsection.6.3}{\376\377\000C\000o\000n\000t\000e\000x\000t\000\040\000a\000s\000\040\000B\000o\000u\000n\000d\000a\000r\000y\000,\000\040\000N\000o\000t\000\040\000B\000a\000c\000k\000g\000r\000o\000u\000n\000d}{section.6}% 35
\BOOKMARK [2][-]{subsection.6.4}{\376\377\000G\000l\000u\000i\000n\000g\000\040\000a\000n\000d\000\040\000t\000h\000e\000\040\000L\000i\000m\000i\000t\000s\000\040\000o\000f\000\040\000I\000n\000t\000e\000g\000r\000a\000t\000i\000o\000n}{section.6}% 36
\BOOKMARK [2][-]{subsection.6.5}{\376\377\000F\000a\000i\000l\000u\000r\000e\000\040\000M\000o\000d\000e\000s\000\040\000o\000f\000\040\000F\000o\000r\000c\000e\000d\000\040\000G\000l\000o\000b\000a\000l\000i\000t\000y}{section.6}% 37
\BOOKMARK [2][-]{subsection.6.6}{\376\377\000C\000o\000n\000d\000i\000t\000i\000o\000n\000a\000l\000\040\000G\000l\000o\000b\000a\000l\000i\000t\000y\000\040\000a\000s\000\040\000a\000n\000\040\000A\000c\000h\000i\000e\000v\000e\000m\000e\000n\000t}{section.6}% 38
\BOOKMARK [2][-]{subsection.6.7}{\376\377\000T\000r\000a\000n\000s\000i\000t\000i\000o\000n\000\040\000t\000o\000\040\000L\000e\000g\000i\000b\000i\000l\000i\000t\000y\000\040\000a\000n\000d\000\040\000E\000x\000p\000o\000s\000u\000r\000e}{section.6}% 39
\BOOKMARK [1][-]{section.7}{\376\377\000L\000e\000g\000i\000b\000i\000l\000i\000t\000y\000\040\000a\000s\000\040\000a\000\040\000S\000e\000l\000e\000c\000t\000i\000o\000n\000\040\000P\000r\000e\000s\000s\000u\000r\000e}{}% 40
\BOOKMARK [2][-]{subsection.7.1}{\376\377\000L\000e\000g\000i\000b\000i\000l\000i\000t\000y\000\040\000I\000s\000\040\000N\000o\000t\000\040\000N\000e\000u\000t\000r\000a\000l}{section.7}% 41
\BOOKMARK [2][-]{subsection.7.2}{\376\377\000C\000o\000m\000p\000e\000t\000e\000n\000c\000e\000\040\000I\000n\000c\000r\000e\000a\000s\000e\000s\000\040\000T\000a\000r\000g\000e\000t\000i\000n\000g}{section.7}% 42
\BOOKMARK [2][-]{subsection.7.3}{\376\377\000L\000e\000g\000i\000b\000i\000l\000i\000t\000y\000\040\000a\000s\000\040\000a\000n\000\040\000I\000n\000t\000e\000r\000n\000a\000l\000\040\000C\000o\000n\000t\000r\000o\000l\000\040\000P\000r\000o\000b\000l\000e\000m}{section.7}% 43
\BOOKMARK [2][-]{subsection.7.4}{\376\377\000C\000a\000m\000o\000u\000f\000l\000a\000g\000e\000\040\000a\000n\000d\000\040\000S\000i\000g\000n\000a\000l\000i\000n\000g}{section.7}% 44
\BOOKMARK [2][-]{subsection.7.5}{\376\377\000W\000h\000y\000\040\000U\000n\000r\000e\000g\000u\000l\000a\000t\000e\000d\000\040\000L\000e\000g\000i\000b\000i\000l\000i\000t\000y\000\040\000I\000s\000\040\000F\000r\000a\000g\000i\000l\000e}{section.7}% 45
\BOOKMARK [2][-]{subsection.7.6}{\376\377\000L\000e\000g\000i\000b\000i\000l\000i\000t\000y\000\040\000a\000n\000d\000\040\000t\000h\000e\000\040\000R\000i\000s\000k\000\040\000o\000f\000\040\000I\000l\000l\000e\000g\000i\000t\000i\000m\000a\000t\000e\000\040\000T\000r\000a\000n\000s\000f\000e\000r}{section.7}% 46
\BOOKMARK [2][-]{subsection.7.7}{\376\377\000T\000r\000a\000n\000s\000i\000t\000i\000o\000n\000\040\000t\000o\000\040\000B\000o\000u\000n\000d\000a\000r\000y\000\040\000C\000o\000n\000d\000i\000t\000i\000o\000n\000s}{section.7}% 47
\BOOKMARK [1][-]{section.8}{\376\377\000B\000o\000u\000n\000d\000a\000r\000y\000\040\000C\000o\000n\000d\000i\000t\000i\000o\000n\000s\000\040\000A\000c\000r\000o\000s\000s\000\040\000S\000u\000b\000s\000t\000r\000a\000t\000e\000s}{}% 48
\BOOKMARK [2][-]{subsection.8.1}{\376\377\000B\000o\000u\000n\000d\000a\000r\000i\000e\000s\000\040\000a\000s\000\040\000C\000o\000n\000d\000i\000t\000i\000o\000n\000s\000\040\000o\000f\000\040\000P\000e\000r\000s\000i\000s\000t\000e\000n\000c\000e}{section.8}% 49
\BOOKMARK [2][-]{subsection.8.2}{\376\377\000C\000e\000l\000l\000\040\000M\000e\000m\000b\000r\000a\000n\000e\000s\000\040\000a\000n\000d\000\040\000I\000o\000n\000\040\000C\000h\000a\000n\000n\000e\000l\000s}{section.8}% 50
\BOOKMARK [2][-]{subsection.8.3}{\376\377\000C\000o\000r\000t\000i\000c\000a\000l\000\040\000S\000y\000n\000c\000h\000r\000o\000n\000i\000z\000a\000t\000i\000o\000n\000\040\000a\000n\000d\000\040\000M\000a\000r\000k\000o\000v\000\040\000B\000l\000a\000n\000k\000e\000t\000s}{section.8}% 51
\BOOKMARK [2][-]{subsection.8.4}{\376\377\000R\000e\000d\000u\000n\000d\000a\000n\000c\000y\000\040\000a\000n\000d\000\040\000N\000o\000n\000c\000o\000d\000i\000n\000g\000\040\000S\000t\000r\000u\000c\000t\000u\000r\000e\000\040\000i\000n\000\040\000E\000v\000o\000l\000u\000t\000i\000o\000n}{section.8}% 52
\BOOKMARK [2][-]{subsection.8.5}{\376\377\000P\000o\000l\000i\000c\000y\000\040\000S\000e\000l\000e\000c\000t\000i\000o\000n\000\040\000a\000n\000d\000\040\000L\000a\000t\000e\000n\000t\000\040\000V\000a\000r\000i\000a\000t\000i\000o\000n}{section.8}% 53
\BOOKMARK [2][-]{subsection.8.6}{\376\377\000B\000o\000u\000n\000d\000a\000r\000i\000e\000s\000\040\000a\000s\000\040\000C\000o\000n\000s\000t\000r\000a\000i\000n\000t\000s\000\040\000o\000n\000\040\000T\000r\000a\000n\000s\000f\000e\000r}{section.8}% 54
\BOOKMARK [2][-]{subsection.8.7}{\376\377\000T\000r\000a\000n\000s\000i\000t\000i\000o\000n\000\040\000t\000o\000\040\000F\000o\000r\000m\000a\000l\000i\000z\000a\000t\000i\000o\000n}{section.8}% 55
\BOOKMARK [1][-]{section.9}{\376\377\000F\000o\000r\000m\000a\000l\000i\000z\000i\000n\000g\000\040\000B\000o\000u\000n\000d\000a\000r\000i\000e\000s\000,\000\040\000I\000n\000v\000a\000r\000i\000a\000n\000t\000s\000,\000\040\000a\000n\000d\000\040\000R\000e\000f\000u\000s\000a\000l}{}% 56
\BOOKMARK [2][-]{subsection.9.1}{\376\377\000W\000h\000y\000\040\000F\000o\000r\000m\000a\000l\000i\000z\000a\000t\000i\000o\000n\000\040\000I\000s\000\040\000N\000e\000c\000e\000s\000s\000a\000r\000y}{section.9}% 57
\BOOKMARK [2][-]{subsection.9.2}{\376\377\000O\000b\000j\000e\000c\000t\000s\000,\000\040\000T\000r\000a\000n\000s\000f\000o\000r\000m\000a\000t\000i\000o\000n\000s\000,\000\040\000a\000n\000d\000\040\000I\000n\000v\000a\000r\000i\000a\000n\000t\000s}{section.9}% 58
\BOOKMARK [2][-]{subsection.9.3}{\376\377\000A\000d\000m\000i\000s\000s\000i\000b\000i\000l\000i\000t\000y\000\040\000a\000n\000d\000\040\000t\000h\000e\000\040\000N\000o\000n\000-\000E\000x\000i\000s\000t\000e\000n\000c\000e\000\040\000o\000f\000\040\000P\000a\000t\000h\000s}{section.9}% 59
\BOOKMARK [2][-]{subsection.9.4}{\376\377\000B\000o\000u\000n\000d\000a\000r\000i\000e\000s\000\040\000a\000s\000\040\000R\000e\000s\000t\000r\000i\000c\000t\000e\000d\000\040\000D\000o\000m\000a\000i\000n\000s\000\040\000o\000f\000\040\000I\000n\000t\000e\000r\000a\000c\000t\000i\000o\000n}{section.9}% 60
\BOOKMARK [2][-]{subsection.9.5}{\376\377\000B\000u\000f\000f\000e\000r\000i\000n\000g\000\040\000a\000n\000d\000\040\000R\000e\000d\000u\000n\000d\000a\000n\000c\000y}{section.9}% 61
\BOOKMARK [2][-]{subsection.9.6}{\376\377\000I\000m\000p\000l\000i\000c\000a\000t\000i\000o\000n\000s\000\040\000f\000o\000r\000\040\000G\000e\000n\000e\000r\000a\000l\000\040\000I\000n\000t\000e\000l\000l\000i\000g\000e\000n\000c\000e}{section.9}% 62
\BOOKMARK [2][-]{subsection.9.7}{\376\377\000T\000r\000a\000n\000s\000i\000t\000i\000o\000n\000\040\000t\000o\000\040\000t\000h\000e\000\040\000B\000o\000u\000n\000d\000a\000r\000y\000\040\000L\000e\000m\000m\000a}{section.9}% 63
\BOOKMARK [1][-]{section.10}{\376\377\000T\000h\000e\000\040\000S\000e\000m\000i\000-\000P\000e\000r\000m\000e\000a\000b\000l\000e\000\040\000B\000o\000u\000n\000d\000a\000r\000y\000\040\000T\000h\000e\000o\000r\000e\000m}{}% 64
\BOOKMARK [2][-]{subsection.10.1}{\376\377\000D\000e\000f\000i\000n\000i\000t\000i\000o\000n\000s}{section.10}% 65
\BOOKMARK [2][-]{subsection.10.2}{\376\377\000T\000h\000e\000o\000r\000e\000m\000\040\000S\000t\000a\000t\000e\000m\000e\000n\000t}{section.10}% 66
\BOOKMARK [2][-]{subsection.10.3}{\376\377\000P\000r\000o\000o\000f}{section.10}% 67
\BOOKMARK [2][-]{subsection.10.4}{\376\377\000J\000u\000s\000t\000i\000f\000i\000c\000a\000t\000i\000o\000n\000\040\000b\000y\000\040\000S\000t\000r\000u\000c\000t\000u\000r\000a\000l\000\040\000N\000e\000c\000e\000s\000s\000i\000t\000y}{section.10}% 68
\BOOKMARK [2][-]{subsection.10.5}{\376\377\000N\000o\000n\000-\000E\000x\000i\000s\000t\000e\000n\000c\000e\000\040\000a\000s\000\040\000a\000\040\000P\000o\000s\000i\000t\000i\000v\000e\000\040\000C\000o\000n\000d\000i\000t\000i\000o\000n}{section.10}% 69
\BOOKMARK [2][-]{subsection.10.6}{\376\377\000S\000u\000b\000s\000t\000r\000a\000t\000e\000\040\000I\000n\000d\000e\000p\000e\000n\000d\000e\000n\000c\000e}{section.10}% 70
\BOOKMARK [2][-]{subsection.10.7}{\376\377\000T\000r\000a\000n\000s\000i\000t\000i\000o\000n\000\040\000t\000o\000\040\000S\000c\000o\000p\000e\000\040\000a\000n\000d\000\040\000R\000e\000f\000u\000s\000a\000l}{section.10}% 71
\BOOKMARK [1][-]{section.11}{\376\377\000S\000c\000o\000p\000e\000,\000\040\000R\000e\000f\000u\000s\000a\000l\000,\000\040\000a\000n\000d\000\040\000B\000o\000u\000n\000d\000a\000r\000y\000\040\000O\000p\000e\000r\000a\000t\000o\000r\000s}{}% 72
\BOOKMARK [2][-]{subsection.11.1}{\376\377\000F\000r\000o\000m\000\040\000B\000o\000u\000n\000d\000a\000r\000i\000e\000s\000\040\000t\000o\000\040\000S\000c\000o\000p\000e}{section.11}% 73
\BOOKMARK [2][-]{subsection.11.2}{\376\377\000S\000c\000o\000p\000e\000\040\000a\000s\000\040\000a\000\040\000B\000o\000u\000n\000d\000a\000r\000y\000\040\000O\000p\000e\000r\000a\000t\000o\000r}{section.11}% 74
\BOOKMARK [2][-]{subsection.11.3}{\376\377\000T\000h\000e\000\040\000S\000c\000o\000p\000e\040\023\000R\000e\000f\000u\000s\000a\000l\000\040\000C\000o\000r\000o\000l\000l\000a\000r\000y}{section.11}% 75
\BOOKMARK [2][-]{subsection.11.4}{\376\377\000R\000e\000f\000u\000s\000a\000l\000\040\000a\000s\000\040\000S\000t\000r\000u\000c\000t\000u\000r\000a\000l\000\040\000N\000o\000n\000-\000E\000x\000i\000s\000t\000e\000n\000c\000e}{section.11}% 76
\BOOKMARK [2][-]{subsection.11.5}{\376\377\000A\000s\000y\000m\000m\000e\000t\000r\000y\000\040\000a\000n\000d\000\040\000P\000a\000r\000t\000i\000a\000l\000\040\000A\000p\000p\000l\000i\000c\000a\000b\000i\000l\000i\000t\000y}{section.11}% 77
\BOOKMARK [2][-]{subsection.11.6}{\376\377\000I\000m\000p\000l\000i\000c\000a\000t\000i\000o\000n\000s\000\040\000f\000o\000r\000\040\000L\000e\000a\000r\000n\000i\000n\000g\000\040\000a\000n\000d\000\040\000R\000e\000v\000i\000s\000i\000o\000n}{section.11}% 78
\BOOKMARK [2][-]{subsection.11.7}{\376\377\000T\000r\000a\000n\000s\000i\000t\000i\000o\000n\000\040\000t\000o\000\040\000I\000n\000v\000a\000r\000i\000a\000n\000c\000e\000\040\000A\000c\000r\000o\000s\000s\000\040\000S\000y\000s\000t\000e\000m\000s}{section.11}% 79
\BOOKMARK [1][-]{section.12}{\376\377\000T\000h\000e\000\040\000B\000o\000u\000n\000d\000a\000r\000y\000\040\000I\000n\000v\000a\000r\000i\000a\000n\000c\000e\000\040\000T\000h\000e\000o\000r\000e\000m}{}% 80
\BOOKMARK [2][-]{subsection.12.1}{\376\377\000S\000t\000a\000t\000e\000m\000e\000n\000t\000\040\000o\000f\000\040\000t\000h\000e\000\040\000T\000h\000e\000o\000r\000e\000m}{section.12}% 81
\BOOKMARK [2][-]{subsection.12.2}{\376\377\000P\000r\000o\000o\000f\000\040\000b\000y\000\040\000S\000t\000r\000u\000c\000t\000u\000r\000a\000l\000\040\000C\000o\000r\000r\000e\000s\000p\000o\000n\000d\000e\000n\000c\000e}{section.12}% 82
\BOOKMARK [3][-]{subsubsection.12.2.1}{\376\377\000B\000i\000o\000l\000o\000g\000i\000c\000a\000l\000\040\000a\000n\000d\000\040\000N\000e\000u\000r\000a\000l\000\040\000S\000y\000s\000t\000e\000m\000s}{subsection.12.2}% 83
\BOOKMARK [3][-]{subsubsection.12.2.2}{\376\377\000C\000o\000m\000p\000u\000t\000a\000t\000i\000o\000n\000a\000l\000\040\000S\000y\000s\000t\000e\000m\000s}{subsection.12.2}% 84
\BOOKMARK [3][-]{subsubsection.12.2.3}{\376\377\000E\000p\000i\000s\000t\000e\000m\000i\000c\000\040\000a\000n\000d\000\040\000I\000n\000t\000e\000l\000l\000i\000g\000e\000n\000t\000\040\000S\000y\000s\000t\000e\000m\000s}{subsection.12.2}% 85
\BOOKMARK [2][-]{subsection.12.3}{\376\377\000N\000o\000n\000-\000E\000q\000u\000i\000v\000a\000l\000e\000n\000c\000e\000\040\000t\000o\000\040\000S\000e\000c\000r\000e\000c\000y}{section.12}% 86
\BOOKMARK [2][-]{subsection.12.4}{\376\377\000C\000o\000n\000s\000e\000q\000u\000e\000n\000c\000e\000s\000\040\000f\000o\000r\000\040\000G\000e\000n\000e\000r\000a\000l\000\040\000I\000n\000t\000e\000l\000l\000i\000g\000e\000n\000c\000e}{section.12}% 87
\BOOKMARK [2][-]{subsection.12.5}{\376\377\000T\000r\000a\000n\000s\000i\000t\000i\000o\000n\000\040\000t\000o\000\040\000A\000r\000c\000h\000i\000t\000e\000c\000t\000u\000r\000a\000l\000\040\000I\000m\000p\000l\000i\000c\000a\000t\000i\000o\000n\000s}{section.12}% 88
\BOOKMARK [1][-]{section.13}{\376\377\000A\000\040\000B\000l\000u\000e\000p\000r\000i\000n\000t\000\040\000f\000o\000r\000\040\000G\000e\000n\000e\000r\000a\000l\000\040\000I\000n\000t\000e\000l\000l\000i\000g\000e\000n\000c\000e\000\040\000U\000n\000d\000e\000r\000\040\000C\000o\000n\000s\000t\000r\000a\000i\000n\000t}{}% 89
\BOOKMARK [2][-]{subsection.13.1}{\376\377\000A\000r\000c\000h\000i\000t\000e\000c\000t\000u\000r\000e\000s\000,\000\040\000N\000o\000t\000\040\000R\000e\000c\000i\000p\000e\000s}{section.13}% 90
\BOOKMARK [2][-]{subsection.13.2}{\376\377\000R\000e\000p\000l\000a\000y\000a\000b\000l\000e\000\040\000C\000o\000n\000s\000t\000r\000u\000c\000t\000i\000o\000n\000\040\000H\000i\000s\000t\000o\000r\000y}{section.13}% 91
\BOOKMARK [2][-]{subsection.13.3}{\376\377\000S\000t\000r\000o\000n\000g\000\040\000M\000o\000d\000u\000l\000a\000r\000i\000t\000y\000\040\000a\000n\000d\000\040\000J\000u\000r\000i\000s\000d\000i\000c\000t\000i\000o\000n}{section.13}% 92
\BOOKMARK [2][-]{subsection.13.4}{\376\377\000A\000b\000s\000t\000r\000a\000c\000t\000i\000o\000n\000\040\000a\000s\000\040\000I\000n\000v\000a\000r\000i\000a\000n\000t\000-\000P\000r\000e\000s\000e\000r\000v\000i\000n\000g\000\040\000C\000o\000m\000p\000r\000e\000s\000s\000i\000o\000n}{section.13}% 93
\BOOKMARK [2][-]{subsection.13.5}{\376\377\000L\000a\000w\000f\000u\000l\000\040\000T\000r\000a\000n\000s\000f\000e\000r\000\040\000a\000n\000d\000\040\000D\000i\000s\000t\000r\000i\000b\000u\000t\000e\000d\000\040\000E\000v\000a\000l\000u\000a\000t\000i\000o\000n}{section.13}% 94
\BOOKMARK [2][-]{subsection.13.6}{\376\377\000R\000e\000f\000u\000s\000a\000l\000\040\000a\000s\000\040\000a\000\040\000C\000o\000n\000s\000t\000i\000t\000u\000t\000i\000v\000e\000\040\000O\000p\000e\000r\000a\000t\000i\000o\000n}{section.13}% 95
\BOOKMARK [2][-]{subsection.13.7}{\376\377\000L\000o\000c\000a\000l\000\040\000C\000o\000h\000e\000r\000e\000n\000c\000e\000\040\000a\000n\000d\000\040\000C\000o\000n\000d\000i\000t\000i\000o\000n\000a\000l\000\040\000G\000l\000o\000b\000a\000l\000i\000t\000y}{section.13}% 96
\BOOKMARK [2][-]{subsection.13.8}{\376\377\000R\000e\000g\000u\000l\000a\000t\000i\000o\000n\000\040\000o\000f\000\040\000L\000e\000g\000i\000b\000i\000l\000i\000t\000y}{section.13}% 97
\BOOKMARK [2][-]{subsection.13.9}{\376\377\000W\000h\000a\000t\000\040\000T\000h\000i\000s\000\040\000B\000l\000u\000e\000p\000r\000i\000n\000t\000\040\000E\000x\000c\000l\000u\000d\000e\000s}{section.13}% 98
\BOOKMARK [2][-]{subsection.13.10}{\376\377\000T\000r\000a\000n\000s\000i\000t\000i\000o\000n\000\040\000t\000o\000\040\000P\000u\000b\000l\000i\000c\000a\000t\000i\000o\000n\000\040\000a\000n\000d\000\040\000E\000t\000h\000i\000c\000s}{section.13}% 99
\BOOKMARK [1][-]{section.14}{\376\377\000P\000u\000b\000l\000i\000c\000a\000t\000i\000o\000n\000,\000\040\000O\000p\000e\000n\000n\000e\000s\000s\000,\000\040\000a\000n\000d\000\040\000E\000p\000i\000s\000t\000e\000m\000i\000c\000\040\000R\000e\000s\000p\000o\000n\000s\000i\000b\000i\000l\000i\000t\000y}{}% 100
\BOOKMARK [2][-]{subsection.14.1}{\376\377\000F\000r\000o\000m\000\040\000I\000n\000t\000e\000r\000n\000a\000l\000\040\000A\000r\000c\000h\000i\000t\000e\000c\000t\000u\000r\000e\000\040\000t\000o\000\040\000E\000x\000t\000e\000r\000n\000a\000l\000\040\000D\000i\000s\000c\000l\000o\000s\000u\000r\000e}{section.14}% 101
\BOOKMARK [2][-]{subsection.14.2}{\376\377\000W\000h\000y\000\040\000O\000p\000e\000n\000n\000e\000s\000s\000\040\000I\000s\000\040\000N\000o\000t\000\040\000a\000\040\000S\000c\000a\000l\000a\000r\000\040\000V\000i\000r\000t\000u\000e}{section.14}% 102
\BOOKMARK [2][-]{subsection.14.3}{\376\377\000E\000f\000f\000o\000r\000t\000-\000G\000a\000t\000e\000d\000\040\000L\000e\000g\000i\000b\000i\000l\000i\000t\000y}{section.14}% 103
\BOOKMARK [2][-]{subsection.14.4}{\376\377\000W\000h\000y\000\040\000R\000e\000c\000i\000p\000e\000s\000\040\000A\000r\000e\000\040\000C\000a\000t\000e\000g\000o\000r\000i\000c\000a\000l\000l\000y\000\040\000D\000i\000f\000f\000e\000r\000e\000n\000t}{section.14}% 104
\BOOKMARK [2][-]{subsection.14.5}{\376\377\000M\000i\000s\000u\000s\000e\000\040\000a\000s\000\040\000a\000\040\000S\000t\000r\000u\000c\000t\000u\000r\000a\000l\000\040\000F\000a\000i\000l\000u\000r\000e}{section.14}% 105
\BOOKMARK [2][-]{subsection.14.6}{\376\377\000R\000e\000f\000u\000s\000a\000l\000\040\000a\000t\000\040\000t\000h\000e\000\040\000L\000e\000v\000e\000l\000\040\000o\000f\000\040\000P\000u\000b\000l\000i\000c\000a\000t\000i\000o\000n}{section.14}% 106
\BOOKMARK [2][-]{subsection.14.7}{\376\377\000T\000h\000e\000\040\000E\000t\000h\000i\000c\000s\000\040\000o\000f\000\040\000C\000o\000n\000s\000t\000r\000a\000i\000n\000t\000\040\000P\000r\000e\000s\000e\000r\000v\000a\000t\000i\000o\000n}{section.14}% 107
\BOOKMARK [1][-]{section.15}{\376\377\000V\000a\000r\000i\000a\000t\000i\000o\000n\000a\000l\000\040\000F\000o\000r\000m\000u\000l\000a\000t\000i\000o\000n\000\040\000o\000f\000\040\000G\000e\000n\000e\000r\000a\000l\000\040\000I\000n\000t\000e\000l\000l\000i\000g\000e\000n\000c\000e}{}% 108
\BOOKMARK [2][-]{subsection.15.1}{\376\377\000S\000t\000a\000t\000e\000\040\000V\000a\000r\000i\000a\000b\000l\000e\000s\000\040\000a\000n\000d\000\040\000C\000o\000n\000f\000i\000g\000u\000r\000a\000t\000i\000o\000n\000\040\000S\000p\000a\000c\000e}{section.15}% 109
\BOOKMARK [2][-]{subsection.15.2}{\376\377\000A\000c\000t\000i\000o\000n\000\040\000P\000r\000i\000n\000c\000i\000p\000l\000e}{section.15}% 110
\BOOKMARK [2][-]{subsection.15.3}{\376\377\000L\000a\000g\000r\000a\000n\000g\000i\000a\000n\000\040\000S\000t\000r\000u\000c\000t\000u\000r\000e}{section.15}% 111
\BOOKMARK [3][-]{subsubsection.15.3.1}{\376\377\000K\000i\000n\000e\000t\000i\000c\000\040\000T\000e\000r\000m}{subsection.15.3}% 112
\BOOKMARK [3][-]{subsubsection.15.3.2}{\376\377\000I\000n\000v\000a\000r\000i\000a\000n\000t\000\040\000P\000o\000t\000e\000n\000t\000i\000a\000l}{subsection.15.3}% 113
\BOOKMARK [3][-]{subsubsection.15.3.3}{\376\377\000B\000o\000u\000n\000d\000a\000r\000y\000\040\000a\000n\000d\000\040\000L\000e\000g\000i\000b\000i\000l\000i\000t\000y\000\040\000P\000e\000n\000a\000l\000t\000y}{subsection.15.3}% 114
\BOOKMARK [3][-]{subsubsection.15.3.4}{\376\377\000L\000e\000a\000r\000n\000i\000n\000g\000\040\000a\000n\000d\000\040\000C\000o\000m\000p\000r\000e\000s\000s\000i\000o\000n\000\040\000T\000e\000r\000m}{subsection.15.3}% 115
\BOOKMARK [2][-]{subsection.15.4}{\376\377\000E\000u\000l\000e\000r\040\023\000L\000a\000g\000r\000a\000n\000g\000e\000\040\000D\000y\000n\000a\000m\000i\000c\000s}{section.15}% 116
\BOOKMARK [2][-]{subsection.15.5}{\376\377\000H\000a\000m\000i\000l\000t\000o\000n\000i\000a\000n\000\040\000F\000o\000r\000m\000u\000l\000a\000t\000i\000o\000n}{section.15}% 117
\BOOKMARK [2][-]{subsection.15.6}{\376\377\000R\000e\000f\000u\000s\000a\000l\000\040\000a\000s\000\040\000F\000o\000r\000b\000i\000d\000d\000e\000n\000\040\000P\000h\000a\000s\000e\000\040\000S\000p\000a\000c\000e}{section.15}% 118
\BOOKMARK [2][-]{subsection.15.7}{\376\377\000I\000n\000t\000e\000r\000p\000r\000e\000t\000a\000t\000i\000o\000n}{section.15}% 119
\BOOKMARK [1][-]{section.16}{\376\377\000F\000i\000e\000l\000d\000-\000T\000h\000e\000o\000r\000e\000t\000i\000c\000\040\000E\000x\000t\000e\000n\000s\000i\000o\000n\000\040\000o\000f\000\040\000t\000h\000e\000\040\000V\000a\000r\000i\000a\000t\000i\000o\000n\000a\000l\000\040\000M\000o\000d\000e\000l}{}% 120
\BOOKMARK [2][-]{subsection.16.1}{\376\377\000S\000p\000a\000t\000i\000a\000l\000l\000y\000\040\000E\000x\000t\000e\000n\000d\000e\000d\000\040\000I\000n\000t\000e\000l\000l\000i\000g\000e\000n\000c\000e\000\040\000F\000i\000e\000l\000d\000s}{section.16}% 121
\BOOKMARK [2][-]{subsection.16.2}{\376\377\000F\000i\000e\000l\000d\000\040\000L\000a\000g\000r\000a\000n\000g\000i\000a\000n\000\040\000D\000e\000n\000s\000i\000t\000y}{section.16}% 122
\BOOKMARK [2][-]{subsection.16.3}{\376\377\000E\000u\000l\000e\000r\040\023\000L\000a\000g\000r\000a\000n\000g\000e\000\040\000F\000i\000e\000l\000d\000\040\000E\000q\000u\000a\000t\000i\000o\000n\000s}{section.16}% 123
\BOOKMARK [1][-]{section.17}{\376\377\000I\000n\000v\000a\000r\000i\000a\000n\000t\000s\000\040\000a\000n\000d\000\040\000C\000o\000n\000s\000e\000r\000v\000e\000d\000\040\000Q\000u\000a\000n\000t\000i\000t\000i\000e\000s}{}% 124
\BOOKMARK [2][-]{subsection.17.1}{\376\377\000S\000y\000m\000m\000e\000t\000r\000y\000\040\000a\000n\000d\000\040\000C\000o\000n\000s\000t\000r\000a\000i\000n\000t}{section.17}% 125
\BOOKMARK [2][-]{subsection.17.2}{\376\377\000N\000o\000e\000t\000h\000e\000r\000-\000T\000y\000p\000e\000\040\000T\000h\000e\000o\000r\000e\000m}{section.17}% 126
\BOOKMARK [2][-]{subsection.17.3}{\376\377\000I\000n\000t\000e\000r\000p\000r\000e\000t\000a\000t\000i\000o\000n\000\040\000o\000f\000\040\000C\000o\000n\000s\000e\000r\000v\000e\000d\000\040\000Q\000u\000a\000n\000t\000i\000t\000i\000e\000s}{section.17}% 127
\BOOKMARK [2][-]{subsection.17.4}{\376\377\000R\000e\000f\000u\000s\000a\000l\000\040\000a\000s\000\040\000S\000y\000m\000m\000e\000t\000r\000y\000\040\000B\000r\000e\000a\000k\000i\000n\000g}{section.17}% 128
\BOOKMARK [1][-]{section.18}{\376\377\000C\000L\000I\000O\000\040\000D\000y\000n\000a\000m\000i\000c\000s\000\040\000a\000s\000\040\000a\000\040\000S\000l\000o\000w\040\023\000F\000a\000s\000t\000\040\000D\000e\000c\000o\000m\000p\000o\000s\000i\000t\000i\000o\000n}{}% 129
\BOOKMARK [2][-]{subsection.18.1}{\376\377\000S\000e\000p\000a\000r\000a\000t\000i\000o\000n\000\040\000o\000f\000\040\000T\000i\000m\000e\000s\000c\000a\000l\000e\000s}{section.18}% 130
\BOOKMARK [2][-]{subsection.18.2}{\376\377\000F\000a\000s\000t\000\040\000P\000o\000l\000i\000c\000y\000\040\000F\000l\000o\000w}{section.18}% 131
\BOOKMARK [2][-]{subsection.18.3}{\376\377\000S\000l\000o\000w\000\040\000S\000t\000r\000u\000c\000t\000u\000r\000a\000l\000\040\000E\000v\000o\000l\000u\000t\000i\000o\000n}{section.18}% 132
\BOOKMARK [2][-]{subsection.18.4}{\376\377\000P\000o\000l\000i\000c\000y\000\040\000R\000e\000f\000u\000s\000a\000l\000\040\000v\000i\000a\000\040\000M\000a\000n\000i\000f\000o\000l\000d\000\040\000G\000e\000o\000m\000e\000t\000r\000y}{section.18}% 133
\BOOKMARK [2][-]{subsection.18.5}{\376\377\000I\000n\000t\000e\000r\000p\000r\000e\000t\000a\000t\000i\000o\000n}{section.18}% 134
\BOOKMARK [2][-]{subsection.18.6}{\376\377\000A\000v\000e\000r\000a\000g\000i\000n\000g\000\040\000a\000n\000d\000\040\000E\000m\000e\000r\000g\000e\000n\000t\000\040\000C\000L\000I\000O\000\040\000D\000y\000n\000a\000m\000i\000c\000s}{section.18}% 135
\BOOKMARK [2][-]{subsection.18.7}{\376\377\000I\000n\000t\000e\000r\000p\000r\000e\000t\000a\000t\000i\000o\000n}{section.18}% 136
\BOOKMARK [2][-]{subsection.18.8}{\376\377\000F\000a\000i\000l\000u\000r\000e\000\040\000W\000i\000t\000h\000o\000u\000t\000\040\000S\000e\000p\000a\000r\000a\000t\000i\000o\000n}{section.18}% 137
\BOOKMARK [1][-]{section.19}{\376\377\000S\000t\000a\000b\000i\000l\000i\000t\000y\000\040\000o\000f\000\040\000I\000n\000v\000a\000r\000i\000a\000n\000t\000-\000P\000r\000e\000s\000e\000r\000v\000i\000n\000g\000\040\000D\000y\000n\000a\000m\000i\000c\000s}{}% 138
\BOOKMARK [2][-]{subsection.19.1}{\376\377\000M\000o\000t\000i\000v\000a\000t\000i\000o\000n}{section.19}% 139
\BOOKMARK [2][-]{subsection.19.2}{\376\377\000I\000n\000v\000a\000r\000i\000a\000n\000t\000-\000P\000r\000e\000s\000e\000r\000v\000i\000n\000g\000\040\000A\000t\000t\000r\000a\000c\000t\000o\000r\000s}{section.19}% 140
\BOOKMARK [2][-]{subsection.19.3}{\376\377\000S\000t\000a\000b\000i\000l\000i\000t\000y\000\040\000T\000h\000e\000o\000r\000e\000m}{section.19}% 141
\BOOKMARK [2][-]{subsection.19.4}{\376\377\000S\000k\000e\000t\000c\000h\000\040\000o\000f\000\040\000A\000r\000g\000u\000m\000e\000n\000t}{section.19}% 142
\BOOKMARK [2][-]{subsection.19.5}{\376\377\000B\000a\000s\000i\000n\000s\000\040\000o\000f\000\040\000A\000t\000t\000r\000a\000c\000t\000i\000o\000n\000\040\000a\000n\000d\000\040\000C\000o\000n\000v\000e\000r\000g\000e\000n\000c\000e\000\040\000R\000a\000t\000e\000s}{section.19}% 143
\BOOKMARK [2][-]{subsection.19.6}{\376\377\000E\000x\000p\000o\000n\000e\000n\000t\000i\000a\000l\000\040\000S\000t\000a\000b\000i\000l\000i\000t\000y}{section.19}% 144
\BOOKMARK [2][-]{subsection.19.7}{\376\377\000B\000i\000f\000u\000r\000c\000a\000t\000i\000o\000n\000\040\000U\000n\000d\000e\000r\000\040\000B\000o\000u\000n\000d\000a\000r\000y\000\040\000W\000e\000a\000k\000e\000n\000i\000n\000g}{section.19}% 145
\BOOKMARK [2][-]{subsection.19.8}{\376\377\000I\000n\000t\000e\000r\000p\000r\000e\000t\000a\000t\000i\000o\000n}{section.19}% 146
\BOOKMARK [1][-]{section.20}{\376\377\000T\000h\000e\000\040\000S\000t\000a\000t\000e\000-\000P\000r\000o\000j\000e\000c\000t\000i\000o\000n\000\040\000N\000o\000-\000G\000o\000\040\000T\000h\000e\000o\000r\000e\000m}{}% 147
\BOOKMARK [2][-]{subsection.20.1}{\376\377\000M\000o\000t\000i\000v\000a\000t\000i\000o\000n}{section.20}% 148
\BOOKMARK [2][-]{subsection.20.2}{\376\377\000F\000o\000r\000m\000a\000l\000\040\000S\000e\000t\000u\000p}{section.20}% 149
\BOOKMARK [2][-]{subsection.20.3}{\376\377\000L\000a\000w\000f\000u\000l\000\040\000T\000r\000a\000n\000s\000f\000e\000r\000\040\000C\000r\000i\000t\000e\000r\000i\000o\000n}{section.20}% 150
\BOOKMARK [2][-]{subsection.20.4}{\376\377\000T\000h\000e\000o\000r\000e\000m\000\040\000S\000t\000a\000t\000e\000m\000e\000n\000t}{section.20}% 151
\BOOKMARK [2][-]{subsection.20.5}{\376\377\000P\000r\000o\000o\000f}{section.20}% 152
\BOOKMARK [2][-]{subsection.20.6}{\376\377\000C\000o\000r\000o\000l\000l\000a\000r\000i\000e\000s}{section.20}% 153
\BOOKMARK [2][-]{subsection.20.7}{\376\377\000I\000m\000p\000l\000i\000c\000a\000t\000i\000o\000n\000s\000\040\000f\000o\000r\000\040\000A\000r\000c\000h\000i\000t\000e\000c\000t\000u\000r\000e}{section.20}% 154
\BOOKMARK [2][-]{subsection.20.8}{\376\377\000R\000e\000l\000a\000t\000i\000o\000n\000\040\000t\000o\000\040\000P\000r\000i\000o\000r\000\040\000R\000e\000s\000u\000l\000t\000s}{section.20}% 155
\BOOKMARK [1][-]{section.21}{\376\377\000C\000o\000m\000p\000u\000t\000a\000t\000i\000o\000n\000a\000l\000\040\000R\000e\000a\000l\000i\000z\000a\000b\000i\000l\000i\000t\000y\000\040\000U\000n\000d\000e\000r\000\040\000C\000o\000n\000s\000t\000r\000a\000i\000n\000t}{}% 156
\BOOKMARK [2][-]{subsection.21.1}{\376\377\000S\000c\000o\000p\000e\000\040\000o\000f\000\040\000t\000h\000e\000\040\000Q\000u\000e\000s\000t\000i\000o\000n}{section.21}% 157
\BOOKMARK [2][-]{subsection.21.2}{\376\377\000F\000i\000n\000i\000t\000e\000\040\000A\000p\000p\000r\000o\000x\000i\000m\000a\000t\000i\000o\000n\000s\000\040\000o\000f\000\040\000I\000n\000f\000i\000n\000i\000t\000e\000\040\000B\000a\000r\000r\000i\000e\000r\000s}{section.21}% 158
\BOOKMARK [2][-]{subsection.21.3}{\376\377\000A\000p\000p\000r\000o\000x\000i\000m\000a\000t\000e\000\040\000I\000n\000v\000a\000r\000i\000a\000n\000t\000s}{section.21}% 159
\BOOKMARK [2][-]{subsection.21.4}{\376\377\000C\000o\000m\000p\000l\000e\000x\000i\000t\000y\000\040\000o\000f\000\040\000A\000d\000m\000i\000s\000s\000i\000b\000i\000l\000i\000t\000y\000\040\000C\000h\000e\000c\000k\000i\000n\000g}{section.21}% 160
\BOOKMARK [2][-]{subsection.21.5}{\376\377\000D\000i\000s\000c\000r\000e\000t\000i\000z\000a\000t\000i\000o\000n\000\040\000o\000f\000\040\000C\000o\000n\000t\000i\000n\000u\000o\000u\000s\000\040\000D\000y\000n\000a\000m\000i\000c\000s}{section.21}% 161
\BOOKMARK [2][-]{subsection.21.6}{\376\377\000F\000i\000n\000i\000t\000e\000\040\000M\000e\000m\000o\000r\000y\000\040\000a\000n\000d\000\040\000B\000o\000u\000n\000d\000e\000d\000\040\000H\000i\000s\000t\000o\000r\000y}{section.21}% 162
\BOOKMARK [2][-]{subsection.21.7}{\376\377\000W\000h\000a\000t\000\040\000C\000a\000n\000n\000o\000t\000\040\000B\000e\000\040\000A\000p\000p\000r\000o\000x\000i\000m\000a\000t\000e\000d\000\040\000A\000w\000a\000y}{section.21}% 163
\BOOKMARK [2][-]{subsection.21.8}{\376\377\000N\000o\000n\000-\000N\000e\000g\000o\000t\000i\000a\000b\000l\000e\000\040\000F\000e\000a\000t\000u\000r\000e\000s}{section.21}% 164
\BOOKMARK [2][-]{subsection.21.9}{\376\377\000I\000n\000t\000e\000r\000p\000r\000e\000t\000a\000t\000i\000o\000n}{section.21}% 165
\BOOKMARK [1][-]{section.22}{\376\377\000F\000a\000i\000l\000u\000r\000e\000\040\000M\000o\000d\000e\000s\000\040\000a\000n\000d\000\040\000D\000i\000a\000g\000n\000o\000s\000t\000i\000c\000\040\000S\000i\000g\000n\000a\000t\000u\000r\000e\000s}{}% 166
\BOOKMARK [2][-]{subsection.22.1}{\376\377\000P\000u\000r\000p\000o\000s\000e\000\040\000o\000f\000\040\000F\000a\000i\000l\000u\000r\000e\000\040\000A\000n\000a\000l\000y\000s\000i\000s}{section.22}% 167
\BOOKMARK [2][-]{subsection.22.2}{\376\377\000B\000o\000u\000n\000d\000a\000r\000y\000\040\000C\000o\000l\000l\000a\000p\000s\000e}{section.22}% 168
\BOOKMARK [2][-]{subsection.22.3}{\376\377\000I\000n\000v\000a\000r\000i\000a\000n\000t\000\040\000D\000r\000i\000f\000t}{section.22}% 169
\BOOKMARK [2][-]{subsection.22.4}{\376\377\000I\000l\000l\000e\000g\000i\000t\000i\000m\000a\000t\000e\000\040\000T\000r\000a\000n\000s\000f\000e\000r}{section.22}% 170
\BOOKMARK [2][-]{subsection.22.5}{\376\377\000R\000e\000f\000u\000s\000a\000l\000\040\000S\000u\000p\000p\000r\000e\000s\000s\000i\000o\000n}{section.22}% 171
\BOOKMARK [2][-]{subsection.22.6}{\376\377\000T\000i\000m\000e\000s\000c\000a\000l\000e\000\040\000E\000n\000t\000a\000n\000g\000l\000e\000m\000e\000n\000t}{section.22}% 172
\BOOKMARK [2][-]{subsection.22.7}{\376\377\000H\000i\000s\000t\000o\000r\000y\000\040\000E\000r\000a\000s\000u\000r\000e}{section.22}% 173
\BOOKMARK [2][-]{subsection.22.8}{\376\377\000D\000i\000a\000g\000n\000o\000s\000t\000i\000c\000\040\000H\000i\000e\000r\000a\000r\000c\000h\000y}{section.22}% 174
\BOOKMARK [2][-]{subsection.22.9}{\376\377\000S\000e\000l\000f\000-\000D\000i\000a\000g\000n\000o\000s\000i\000s\000\040\000a\000n\000d\000\040\000L\000e\000g\000i\000b\000i\000l\000i\000t\000y}{section.22}% 175
\BOOKMARK [2][-]{subsection.22.10}{\376\377\000S\000u\000m\000m\000a\000r\000y}{section.22}% 176
\BOOKMARK [1][-]{section.23}{\376\377\000C\000o\000m\000p\000a\000r\000i\000s\000o\000n\000\040\000t\000o\000\040\000E\000x\000i\000s\000t\000i\000n\000g\000\040\000F\000o\000r\000m\000a\000l\000i\000s\000m\000s}{}% 177
\BOOKMARK [2][-]{subsection.23.1}{\376\377\000R\000e\000l\000a\000t\000i\000o\000n\000\040\000t\000o\000\040\000V\000a\000r\000i\000a\000t\000i\000o\000n\000a\000l\000\040\000I\000n\000f\000e\000r\000e\000n\000c\000e}{section.23}% 178
\BOOKMARK [2][-]{subsection.23.2}{\376\377\000R\000e\000l\000a\000t\000i\000o\000n\000\040\000t\000o\000\040\000t\000h\000e\000\040\000F\000r\000e\000e\000\040\000E\000n\000e\000r\000g\000y\000\040\000P\000r\000i\000n\000c\000i\000p\000l\000e}{section.23}% 179
\BOOKMARK [2][-]{subsection.23.3}{\376\377\000R\000e\000l\000a\000t\000i\000o\000n\000\040\000t\000o\000\040\000C\000o\000n\000t\000r\000o\000l\000-\000T\000h\000e\000o\000r\000e\000t\000i\000c\000\040\000A\000G\000I}{section.23}% 180
\BOOKMARK [2][-]{subsection.23.4}{\376\377\000R\000e\000l\000a\000t\000i\000o\000n\000\040\000t\000o\000\040\000F\000o\000u\000n\000d\000a\000t\000i\000o\000n\000\040\000M\000o\000d\000e\000l\000\040\000P\000a\000r\000a\000d\000i\000g\000m\000s}{section.23}% 181
\BOOKMARK [2][-]{subsection.23.5}{\376\377\000S\000u\000m\000m\000a\000r\000y\000\040\000o\000f\000\040\000D\000i\000s\000t\000i\000n\000c\000t\000i\000o\000n\000s}{section.23}% 182
\BOOKMARK [2][-]{subsection.23.6}{\376\377\000F\000i\000n\000a\000l\000\040\000T\000h\000o\000u\000g\000h\000t\000s}{section.23}% 183
\BOOKMARK [1][-]{section.24}{\376\377\000I\000n\000t\000e\000l\000l\000i\000g\000e\000n\000c\000e\000\040\000T\000h\000a\000t\000\040\000P\000e\000r\000s\000i\000s\000t\000s\000\040\000R\000e\000g\000u\000l\000a\000t\000e\000s\000\040\000I\000t\000s\000e\000l\000f}{}% 184
\BOOKMARK [1][-]{section.25}{\376\377\000C\000o\000n\000c\000l\000u\000s\000i\000o\000n}{}% 185
\BOOKMARK [1][-]{appendix.A}{\376\377\000C\000o\000n\000f\000i\000g\000u\000r\000a\000t\000i\000o\000n\000\040\000M\000a\000n\000i\000f\000o\000l\000d\000s\000,\000\040\000C\000o\000n\000s\000t\000r\000a\000i\000n\000t\000s\000,\000\040\000a\000n\000d\000\040\000R\000e\000f\000u\000s\000a\000l}{}% 186
\BOOKMARK [1][-]{appendix.B}{\376\377\000F\000i\000e\000l\000d\000-\000T\000h\000e\000o\000r\000e\000t\000i\000c\000\040\000E\000u\000l\000e\000r\040\023\000L\000a\000g\000r\000a\000n\000g\000e\000\040\000E\000q\000u\000a\000t\000i\000o\000n\000s}{}% 187
\BOOKMARK [1][-]{appendix.C}{\376\377\000H\000a\000m\000i\000l\000t\000o\000n\000i\000a\000n\000\040\000S\000t\000r\000u\000c\000t\000u\000r\000e\000\040\000a\000n\000d\000\040\000R\000e\000f\000u\000s\000a\000l\000\040\000B\000a\000r\000r\000i\000e\000r\000s}{}% 188
\BOOKMARK [1][-]{appendix.D}{\376\377\000N\000o\000e\000t\000h\000e\000r\000\040\000C\000u\000r\000r\000e\000n\000t\000s\000\040\000f\000o\000r\000\040\000F\000i\000e\000l\000d\000\040\000S\000y\000m\000m\000e\000t\000r\000i\000e\000s}{}% 189
\BOOKMARK [1][-]{appendix.E}{\376\377\000S\000l\000o\000w\040\023\000F\000a\000s\000t\000\040\000D\000e\000c\000o\000m\000p\000o\000s\000i\000t\000i\000o\000n\000\040\000a\000n\000d\000\040\000C\000L\000I\000O\000\040\000R\000e\000g\000i\000m\000e\000s}{}% 190
\BOOKMARK [1][-]{appendix.F}{\376\377\000L\000y\000a\000p\000u\000n\000o\000v\000\040\000S\000t\000a\000b\000i\000l\000i\000t\000y\000\040\000f\000o\000r\000\040\000I\000n\000v\000a\000r\000i\000a\000n\000t\000-\000P\000r\000e\000s\000e\000r\000v\000i\000n\000g\000\040\000A\000t\000t\000r\000a\000c\000t\000o\000r\000s}{}% 191
\BOOKMARK [1][-]{appendix.A}{\376\377\000W\000o\000r\000k\000e\000d\000\040\000E\000x\000a\000m\000p\000l\000e\000s\000\040\000o\000f\000\040\000C\000o\000n\000s\000t\000r\000a\000i\000n\000e\000d\000\040\000I\000n\000t\000e\000l\000l\000i\000g\000e\000n\000c\000e\000\040\000D\000y\000n\000a\000m\000i\000c\000s}{}% 192
\BOOKMARK [2][-]{subsection.A.1}{\376\377\000P\000u\000r\000p\000o\000s\000e\000\040\000a\000n\000d\000\040\000S\000c\000o\000p\000e}{appendix.A}% 193
\BOOKMARK [2][-]{subsection.A.2}{\376\377\000O\000n\000e\000-\000D\000i\000m\000e\000n\000s\000i\000o\000n\000a\000l\000\040\000R\000e\000f\000u\000s\000a\000l\000\040\000B\000a\000r\000r\000i\000e\000r}{appendix.A}% 194
\BOOKMARK [2][-]{subsection.A.3}{\376\377\000T\000w\000o\000-\000D\000i\000m\000e\000n\000s\000i\000o\000n\000a\000l\000\040\000B\000o\000u\000n\000d\000a\000r\000y\000\040\000C\000o\000l\000l\000a\000p\000s\000e}{appendix.A}% 195
\BOOKMARK [2][-]{subsection.A.4}{\376\377\000S\000l\000o\000w\040\023\000F\000a\000s\000t\000\040\000A\000v\000e\000r\000a\000g\000i\000n\000g\000\040\000a\000n\000d\000\040\000C\000L\000I\000O\000\040\000D\000y\000n\000a\000m\000i\000c\000s}{appendix.A}% 196
\BOOKMARK [2][-]{subsection.A.5}{\376\377\000I\000n\000f\000o\000r\000m\000a\000t\000i\000o\000n\000\040\000F\000l\000u\000x\000\040\000A\000c\000r\000o\000s\000s\000\040\000a\000\040\000B\000o\000u\000n\000d\000a\000r\000y}{appendix.A}% 197
\BOOKMARK [2][-]{subsection.A.6}{\376\377\000R\000e\000d\000u\000n\000d\000a\000n\000c\000y\000\040\000a\000n\000d\000\040\000L\000a\000t\000e\000n\000t\000\040\000S\000l\000a\000c\000k}{appendix.A}% 198
\BOOKMARK [2][-]{subsection.A.7}{\376\377\000S\000u\000m\000m\000a\000r\000y\000\040\000o\000f\000\040\000S\000t\000r\000u\000c\000t\000u\000r\000a\000l\000\040\000L\000e\000s\000s\000o\000n\000s}{appendix.A}% 199
