\BOOKMARK [0][-]{chapter.1}{\376\377\000F\000o\000u\000n\000d\000a\000t\000i\000o\000n\000s\000\040\000o\000f\000\040\000V\000e\000r\000t\000e\000b\000r\000a\000t\000e\000\040\000O\000r\000g\000a\000n\000i\000z\000a\000t\000i\000o\000n}{}% 1
\BOOKMARK [1][-]{section.1.1}{\376\377\000T\000h\000e\000\040\000V\000e\000r\000t\000e\000b\000r\000a\000t\000e\000\040\000C\000o\000n\000d\000i\000t\000i\000o\000n}{chapter.1}% 2
\BOOKMARK [1][-]{section.1.2}{\376\377\000T\000h\000e\000\040\000A\000x\000i\000a\000l\000\040\000F\000r\000a\000m\000e\000w\000o\000r\000k}{chapter.1}% 3
\BOOKMARK [1][-]{section.1.3}{\376\377\000S\000e\000g\000m\000e\000n\000t\000a\000t\000i\000o\000n\000\040\000a\000n\000d\000\040\000M\000o\000d\000u\000l\000a\000r\000i\000t\000y}{chapter.1}% 4
\BOOKMARK [1][-]{section.1.4}{\376\377\000I\000n\000t\000e\000g\000r\000a\000t\000i\000o\000n\000\040\000o\000f\000\040\000S\000y\000s\000t\000e\000m\000s}{chapter.1}% 5
\BOOKMARK [1][-]{section.1.5}{\376\377\000C\000o\000n\000s\000t\000r\000a\000i\000n\000t\000\040\000a\000n\000d\000\040\000S\000t\000a\000b\000i\000l\000i\000t\000y}{chapter.1}% 6
\BOOKMARK [1][-]{section.1.6}{\376\377\000M\000a\000t\000e\000r\000i\000a\000l\000\040\000C\000o\000n\000t\000i\000n\000u\000i\000t\000y}{chapter.1}% 7
\BOOKMARK [1][-]{section.1.7}{\376\377\000T\000o\000w\000a\000r\000d\000\040\000C\000o\000m\000p\000a\000r\000a\000t\000i\000v\000e\000\040\000A\000n\000a\000l\000y\000s\000i\000s}{chapter.1}% 8
\BOOKMARK [0][-]{chapter.2}{\376\377\000A\000g\000n\000a\000t\000h\000a\000:\000\040\000V\000e\000r\000t\000e\000b\000r\000a\000t\000e\000s\000\040\000W\000i\000t\000h\000o\000u\000t\000\040\000J\000a\000w\000s}{}% 9
\BOOKMARK [1][-]{section.2.1}{\376\377\000R\000e\000c\000o\000n\000s\000i\000d\000e\000r\000i\000n\000g\000\040\000S\000i\000m\000p\000l\000i\000c\000i\000t\000y}{chapter.2}% 10
\BOOKMARK [1][-]{section.2.2}{\376\377\000T\000h\000e\000\040\000A\000x\000i\000a\000l\000\040\000S\000y\000s\000t\000e\000m\000\040\000i\000n\000\040\000J\000a\000w\000l\000e\000s\000s\000\040\000V\000e\000r\000t\000e\000b\000r\000a\000t\000e\000s}{chapter.2}% 11
\BOOKMARK [1][-]{section.2.3}{\376\377\000F\000r\000o\000m\000\040\000M\000a\000t\000e\000r\000i\000a\000l\000\040\000t\000o\000\040\000S\000i\000g\000n\000a\000l\000:\000\040\000M\000e\000c\000h\000a\000n\000o\000t\000r\000a\000n\000s\000d\000u\000c\000t\000i\000o\000n\000\040\000a\000n\000d\000\040\000t\000h\000e\000\040\000T\000r\000a\000n\000s\000l\000a\000t\000i\000o\000n\000\040\000o\000f\000\040\000F\000o\000r\000c\000e}{chapter.2}% 12
\BOOKMARK [0][-]{chapter.3}{\376\377\000F\000r\000o\000m\000\040\000C\000o\000n\000t\000i\000n\000u\000o\000u\000s\000\040\000F\000i\000e\000l\000d\000s\000\040\000t\000o\000\040\000D\000i\000s\000c\000r\000e\000t\000e\000\040\000S\000t\000r\000u\000c\000t\000u\000r\000e\000s}{}% 13
\BOOKMARK [1][-]{section.3.1}{\376\377\000C\000o\000n\000t\000i\000n\000u\000i\000t\000y\000\040\000a\000s\000\040\000t\000h\000e\000\040\000U\000n\000d\000e\000r\000l\000y\000i\000n\000g\000\040\000C\000o\000n\000d\000i\000t\000i\000o\000n}{chapter.3}% 14
\BOOKMARK [1][-]{section.3.2}{\376\377\000G\000r\000a\000d\000i\000e\000n\000t\000s\000\040\000a\000n\000d\000\040\000L\000o\000c\000a\000l\000i\000z\000a\000t\000i\000o\000n}{chapter.3}% 15
\BOOKMARK [1][-]{section.3.3}{\376\377\000B\000o\000u\000n\000d\000a\000r\000y\000\040\000F\000o\000r\000m\000a\000t\000i\000o\000n}{chapter.3}% 16
\BOOKMARK [1][-]{section.3.4}{\376\377\000M\000e\000c\000h\000a\000n\000i\000c\000a\000l\000\040\000S\000t\000a\000b\000i\000l\000i\000z\000a\000t\000i\000o\000n\000\040\000o\000f\000\040\000S\000t\000r\000u\000c\000t\000u\000r\000e}{chapter.3}% 17
\BOOKMARK [1][-]{section.3.5}{\376\377\000D\000i\000s\000c\000r\000e\000t\000e\000\040\000F\000u\000n\000c\000t\000i\000o\000n\000\040\000f\000r\000o\000m\000\040\000C\000o\000n\000t\000i\000n\000u\000o\000u\000s\000\040\000D\000y\000n\000a\000m\000i\000c\000s}{chapter.3}% 18
\BOOKMARK [1][-]{section.3.6}{\376\377\000I\000n\000t\000e\000g\000r\000a\000t\000i\000o\000n\000\040\000A\000c\000r\000o\000s\000s\000\040\000S\000c\000a\000l\000e\000s}{chapter.3}% 19
\BOOKMARK [1][-]{section.3.7}{\376\377\000I\000m\000p\000l\000i\000c\000a\000t\000i\000o\000n\000s\000\040\000f\000o\000r\000\040\000B\000i\000o\000l\000o\000g\000i\000c\000a\000l\000\040\000O\000r\000g\000a\000n\000i\000z\000a\000t\000i\000o\000n}{chapter.3}% 20
\BOOKMARK [1][-]{section.3.8}{\376\377\000F\000r\000o\000m\000\040\000N\000e\000u\000r\000a\000l\000\040\000D\000y\000n\000a\000m\000i\000c\000s\000\040\000t\000o\000\040\000B\000e\000h\000a\000v\000i\000o\000r\000:\000\040\000E\000m\000b\000o\000d\000i\000m\000e\000n\000t\000\040\000a\000n\000d\000\040\000C\000o\000n\000s\000t\000r\000a\000i\000n\000t\000\040\000R\000e\000a\000l\000i\000z\000a\000t\000i\000o\000n}{chapter.3}% 21
\BOOKMARK [1][-]{section.3.9}{\376\377\000L\000o\000c\000o\000m\000o\000t\000i\000o\000n\000\040\000a\000n\000d\000\040\000U\000n\000d\000u\000l\000a\000t\000o\000r\000y\000\040\000M\000o\000t\000i\000o\000n}{chapter.3}% 22
\BOOKMARK [1][-]{section.3.10}{\376\377\000F\000e\000e\000d\000i\000n\000g\000\040\000W\000i\000t\000h\000o\000u\000t\000\040\000J\000a\000w\000s}{chapter.3}% 23
\BOOKMARK [1][-]{section.3.11}{\376\377\000R\000e\000s\000p\000i\000r\000a\000t\000o\000r\000y\000\040\000O\000r\000g\000a\000n\000i\000z\000a\000t\000i\000o\000n}{chapter.3}% 24
\BOOKMARK [1][-]{section.3.12}{\376\377\000S\000e\000n\000s\000o\000r\000y\000\040\000S\000y\000s\000t\000e\000m\000s\000\040\000a\000n\000d\000\040\000E\000n\000v\000i\000r\000o\000n\000m\000e\000n\000t\000a\000l\000\040\000I\000n\000t\000e\000r\000a\000c\000t\000i\000o\000n}{chapter.3}% 25
\BOOKMARK [1][-]{section.3.13}{\376\377\000C\000o\000n\000s\000t\000r\000a\000i\000n\000t\000-\000B\000a\000s\000e\000d\000\040\000I\000n\000t\000e\000r\000p\000r\000e\000t\000a\000t\000i\000o\000n}{chapter.3}% 26
\BOOKMARK [1][-]{section.3.14}{\376\377\000T\000o\000w\000a\000r\000d\000\040\000t\000h\000e\000\040\000O\000r\000i\000g\000i\000n\000\040\000o\000f\000\040\000J\000a\000w\000s}{chapter.3}% 27
\BOOKMARK [0][-]{chapter.4}{\376\377\000T\000h\000e\000\040\000O\000r\000i\000g\000i\000n\000\040\000o\000f\000\040\000J\000a\000w\000s\000:\000\040\000T\000r\000a\000n\000s\000f\000o\000r\000m\000a\000t\000i\000o\000n\000\040\000o\000f\000\040\000t\000h\000e\000\040\000P\000h\000a\000r\000y\000n\000g\000e\000a\000l\000\040\000S\000y\000s\000t\000e\000m}{}% 28
\BOOKMARK [1][-]{section.4.1}{\376\377\000R\000e\000o\000r\000g\000a\000n\000i\000z\000a\000t\000i\000o\000n\000\040\000R\000a\000t\000h\000e\000r\000\040\000T\000h\000a\000n\000\040\000A\000d\000d\000i\000t\000i\000o\000n}{chapter.4}% 29
\BOOKMARK [1][-]{section.4.2}{\376\377\000T\000h\000e\000\040\000P\000h\000a\000r\000y\000n\000g\000e\000a\000l\000\040\000A\000r\000c\000h\000e\000s\000\040\000a\000s\000\040\000a\000\040\000S\000t\000r\000u\000c\000t\000u\000r\000a\000l\000\040\000S\000u\000b\000s\000t\000r\000a\000t\000e}{chapter.4}% 30
\BOOKMARK [1][-]{section.4.3}{\376\377\000M\000e\000c\000h\000a\000n\000i\000c\000a\000l\000\040\000C\000o\000n\000s\000e\000q\000u\000e\000n\000c\000e\000s\000\040\000o\000f\000\040\000A\000r\000t\000i\000c\000u\000l\000a\000t\000i\000o\000n}{chapter.4}% 31
\BOOKMARK [1][-]{section.4.4}{\376\377\000I\000n\000t\000e\000g\000r\000a\000t\000i\000o\000n\000\040\000w\000i\000t\000h\000\040\000M\000u\000s\000c\000u\000l\000a\000r\000\040\000S\000y\000s\000t\000e\000m\000s}{chapter.4}% 32
\BOOKMARK [1][-]{section.4.5}{\376\377\000I\000m\000p\000l\000i\000c\000a\000t\000i\000o\000n\000s\000\040\000f\000o\000r\000\040\000F\000e\000e\000d\000i\000n\000g\000\040\000S\000t\000r\000a\000t\000e\000g\000i\000e\000s}{chapter.4}% 33
\BOOKMARK [1][-]{section.4.6}{\376\377\000E\000f\000f\000e\000c\000t\000s\000\040\000o\000n\000\040\000S\000e\000n\000s\000o\000r\000y\000\040\000a\000n\000d\000\040\000N\000e\000u\000r\000a\000l\000\040\000S\000y\000s\000t\000e\000m\000s}{chapter.4}% 34
\BOOKMARK [1][-]{section.4.7}{\376\377\000F\000r\000o\000m\000\040\000E\000n\000v\000i\000r\000o\000n\000m\000e\000n\000t\000\040\000t\000o\000\040\000I\000n\000t\000e\000r\000n\000a\000l\000\040\000F\000i\000e\000l\000d\000:\000\040\000P\000e\000r\000c\000e\000p\000t\000i\000o\000n\000\040\000a\000s\000\040\000S\000t\000r\000u\000c\000t\000u\000r\000e\000d\000\040\000S\000a\000m\000p\000l\000i\000n\000g}{chapter.4}% 35
\BOOKMARK [1][-]{section.4.8}{\376\377\000M\000a\000t\000e\000r\000i\000a\000l\000\040\000C\000o\000n\000t\000i\000n\000u\000i\000t\000y\000\040\000T\000h\000r\000o\000u\000g\000h\000\040\000T\000r\000a\000n\000s\000f\000o\000r\000m\000a\000t\000i\000o\000n}{chapter.4}% 36
\BOOKMARK [1][-]{section.4.9}{\376\377\000T\000o\000w\000a\000r\000d\000\040\000D\000i\000v\000e\000r\000s\000i\000f\000i\000c\000a\000t\000i\000o\000n}{chapter.4}% 37
\BOOKMARK [0][-]{chapter.5}{\376\377\000C\000h\000o\000n\000d\000r\000i\000c\000h\000t\000h\000y\000e\000s\000:\000\040\000C\000a\000r\000t\000i\000l\000a\000g\000i\000n\000o\000u\000s\000\040\000S\000o\000l\000u\000t\000i\000o\000n\000s}{}% 38
\BOOKMARK [1][-]{section.5.1}{\376\377\000A\000\040\000D\000i\000s\000t\000i\000n\000c\000t\000\040\000S\000t\000r\000u\000c\000t\000u\000r\000a\000l\000\040\000R\000e\000g\000i\000m\000e}{chapter.5}% 39
\BOOKMARK [1][-]{section.5.2}{\376\377\000C\000a\000r\000t\000i\000l\000a\000g\000e\000\040\000a\000s\000\040\000a\000\040\000C\000o\000m\000p\000o\000s\000i\000t\000e\000\040\000M\000a\000t\000e\000r\000i\000a\000l}{chapter.5}% 40
\BOOKMARK [1][-]{section.5.3}{\376\377\000L\000o\000c\000o\000m\000o\000t\000i\000o\000n\000\040\000a\000n\000d\000\040\000M\000e\000c\000h\000a\000n\000i\000c\000a\000l\000\040\000I\000n\000t\000e\000g\000r\000a\000t\000i\000o\000n}{chapter.5}% 41
\BOOKMARK [1][-]{section.5.4}{\376\377\000B\000u\000o\000y\000a\000n\000c\000y\000\040\000a\000n\000d\000\040\000H\000y\000d\000r\000o\000d\000y\000n\000a\000m\000i\000c\000\040\000C\000o\000n\000s\000i\000d\000e\000r\000a\000t\000i\000o\000n\000s}{chapter.5}% 42
\BOOKMARK [1][-]{section.5.5}{\376\377\000F\000e\000e\000d\000i\000n\000g\000\040\000a\000n\000d\000\040\000J\000a\000w\000\040\000M\000e\000c\000h\000a\000n\000i\000c\000s}{chapter.5}% 43
\BOOKMARK [1][-]{section.5.6}{\376\377\000S\000e\000n\000s\000o\000r\000y\000\040\000S\000y\000s\000t\000e\000m\000s\000\040\000a\000n\000d\000\040\000E\000n\000v\000i\000r\000o\000n\000m\000e\000n\000t\000a\000l\000\040\000I\000n\000t\000e\000r\000a\000c\000t\000i\000o\000n}{chapter.5}% 44
\BOOKMARK [1][-]{section.5.7}{\376\377\000C\000o\000n\000s\000t\000r\000a\000i\000n\000t\000-\000B\000a\000s\000e\000d\000\040\000I\000n\000t\000e\000r\000p\000r\000e\000t\000a\000t\000i\000o\000n}{chapter.5}% 45
\BOOKMARK [1][-]{section.5.8}{\376\377\000T\000r\000a\000n\000s\000i\000t\000i\000o\000n\000\040\000t\000o\000\040\000O\000s\000s\000i\000f\000i\000e\000d\000\040\000S\000y\000s\000t\000e\000m\000s}{chapter.5}% 46
\BOOKMARK [0][-]{chapter.6}{\376\377\000O\000s\000t\000e\000i\000c\000h\000t\000h\000y\000e\000s\000:\000\040\000O\000s\000s\000i\000f\000i\000e\000d\000\040\000E\000x\000p\000a\000n\000s\000i\000o\000n}{}% 47
\BOOKMARK [1][-]{section.6.1}{\376\377\000T\000h\000e\000\040\000E\000m\000e\000r\000g\000e\000n\000c\000e\000\040\000o\000f\000\040\000B\000o\000n\000e}{chapter.6}% 48
\BOOKMARK [1][-]{section.6.2}{\376\377\000M\000e\000c\000h\000a\000n\000i\000c\000a\000l\000\040\000C\000o\000n\000s\000e\000q\000u\000e\000n\000c\000e\000s\000\040\000o\000f\000\040\000O\000s\000s\000i\000f\000i\000c\000a\000t\000i\000o\000n}{chapter.6}% 49
\BOOKMARK [1][-]{section.6.3}{\376\377\000B\000u\000o\000y\000a\000n\000c\000y\000\040\000a\000n\000d\000\040\000I\000n\000t\000e\000r\000n\000a\000l\000\040\000R\000e\000g\000u\000l\000a\000t\000i\000o\000n}{chapter.6}% 50
\BOOKMARK [1][-]{section.6.4}{\376\377\000D\000i\000v\000e\000r\000s\000i\000f\000i\000c\000a\000t\000i\000o\000n\000\040\000o\000f\000\040\000F\000o\000r\000m}{chapter.6}% 51
\BOOKMARK [1][-]{section.6.5}{\376\377\000I\000n\000t\000e\000g\000r\000a\000t\000i\000o\000n\000\040\000w\000i\000t\000h\000\040\000M\000u\000s\000c\000u\000l\000a\000r\000\040\000a\000n\000d\000\040\000C\000o\000n\000n\000e\000c\000t\000i\000v\000e\000\040\000S\000y\000s\000t\000e\000m\000s}{chapter.6}% 52
\BOOKMARK [1][-]{section.6.6}{\376\377\000S\000e\000n\000s\000o\000r\000y\000\040\000a\000n\000d\000\040\000N\000e\000u\000r\000a\000l\000\040\000I\000m\000p\000l\000i\000c\000a\000t\000i\000o\000n\000s}{chapter.6}% 53
\BOOKMARK [1][-]{section.6.7}{\376\377\000C\000o\000n\000s\000t\000r\000a\000i\000n\000t\000-\000B\000a\000s\000e\000d\000\040\000I\000n\000t\000e\000r\000p\000r\000e\000t\000a\000t\000i\000o\000n}{chapter.6}% 54
\BOOKMARK [1][-]{section.6.8}{\376\377\000T\000o\000w\000a\000r\000d\000\040\000S\000p\000e\000c\000i\000a\000l\000i\000z\000e\000d\000\040\000C\000o\000n\000t\000r\000o\000l\000\040\000S\000y\000s\000t\000e\000m\000s}{chapter.6}% 55
\BOOKMARK [0][-]{chapter.7}{\376\377\000A\000c\000t\000i\000n\000o\000p\000t\000e\000r\000y\000g\000i\000i\000:\000\040\000D\000i\000s\000t\000r\000i\000b\000u\000t\000e\000d\000\040\000C\000o\000n\000t\000r\000o\000l\000\040\000a\000n\000d\000\040\000F\000i\000n\000-\000B\000a\000s\000e\000d\000\040\000D\000y\000n\000a\000m\000i\000c\000s}{}% 56
\BOOKMARK [1][-]{section.7.1}{\376\377\000F\000r\000o\000m\000\040\000S\000u\000p\000p\000o\000r\000t\000\040\000t\000o\000\040\000C\000o\000n\000t\000r\000o\000l}{chapter.7}% 57
\BOOKMARK [1][-]{section.7.2}{\376\377\000S\000t\000r\000u\000c\000t\000u\000r\000e\000\040\000o\000f\000\040\000F\000i\000n\000\040\000R\000a\000y\000s}{chapter.7}% 58
\BOOKMARK [1][-]{section.7.3}{\376\377\000H\000y\000d\000r\000o\000d\000y\000n\000a\000m\000i\000c\000\040\000I\000n\000t\000e\000r\000a\000c\000t\000i\000o\000n}{chapter.7}% 59
\BOOKMARK [1][-]{section.7.4}{\376\377\000D\000i\000s\000t\000r\000i\000b\000u\000t\000e\000d\000\040\000C\000o\000n\000t\000r\000o\000l\000\040\000S\000y\000s\000t\000e\000m\000s}{chapter.7}% 60
\BOOKMARK [1][-]{section.7.5}{\376\377\000I\000n\000t\000e\000g\000r\000a\000t\000i\000o\000n\000\040\000w\000i\000t\000h\000\040\000A\000x\000i\000a\000l\000\040\000M\000o\000t\000i\000o\000n}{chapter.7}% 61
\BOOKMARK [1][-]{section.7.6}{\376\377\000S\000e\000n\000s\000o\000r\000y\000\040\000F\000e\000e\000d\000b\000a\000c\000k\000\040\000a\000n\000d\000\040\000C\000o\000n\000t\000r\000o\000l}{chapter.7}% 62
\BOOKMARK [1][-]{section.7.7}{\376\377\000C\000o\000n\000s\000t\000r\000a\000i\000n\000t\000-\000B\000a\000s\000e\000d\000\040\000I\000n\000t\000e\000r\000p\000r\000e\000t\000a\000t\000i\000o\000n}{chapter.7}% 63
\BOOKMARK [1][-]{section.7.8}{\376\377\000T\000o\000w\000a\000r\000d\000\040\000S\000t\000r\000u\000c\000t\000u\000r\000a\000l\000\040\000T\000r\000a\000n\000s\000i\000t\000i\000o\000n}{chapter.7}% 64
\BOOKMARK [0][-]{chapter.8}{\376\377\000S\000a\000r\000c\000o\000p\000t\000e\000r\000y\000g\000i\000i\000:\000\040\000S\000t\000r\000u\000c\000t\000u\000r\000a\000l\000\040\000P\000r\000e\000c\000u\000r\000s\000o\000r\000s\000\040\000t\000o\000\040\000L\000i\000m\000b\000-\000B\000a\000s\000e\000d\000\040\000S\000y\000s\000t\000e\000m\000s}{}% 65
\BOOKMARK [1][-]{section.8.1}{\376\377\000A\000\040\000S\000h\000i\000f\000t\000\040\000i\000n\000\040\000S\000t\000r\000u\000c\000t\000u\000r\000a\000l\000\040\000E\000m\000p\000h\000a\000s\000i\000s}{chapter.8}% 66
\BOOKMARK [1][-]{section.8.2}{\376\377\000I\000n\000t\000e\000r\000n\000a\000l\000\040\000S\000t\000r\000u\000c\000t\000u\000r\000e\000\040\000o\000f\000\040\000L\000o\000b\000e\000d\000\040\000F\000i\000n\000s}{chapter.8}% 67
\BOOKMARK [1][-]{section.8.3}{\376\377\000F\000o\000r\000c\000e\000\040\000T\000r\000a\000n\000s\000m\000i\000s\000s\000i\000o\000n\000\040\000a\000n\000d\000\040\000S\000u\000b\000s\000t\000r\000a\000t\000e\000\040\000I\000n\000t\000e\000r\000a\000c\000t\000i\000o\000n}{chapter.8}% 68
\BOOKMARK [1][-]{section.8.4}{\376\377\000I\000n\000t\000e\000g\000r\000a\000t\000i\000o\000n\000\040\000w\000i\000t\000h\000\040\000A\000x\000i\000a\000l\000\040\000S\000y\000s\000t\000e\000m\000s}{chapter.8}% 69
\BOOKMARK [1][-]{section.8.5}{\376\377\000I\000m\000p\000l\000i\000c\000a\000t\000i\000o\000n\000s\000\040\000f\000o\000r\000\040\000L\000o\000c\000o\000m\000o\000t\000i\000o\000n}{chapter.8}% 70
\BOOKMARK [1][-]{section.8.6}{\376\377\000C\000o\000n\000s\000t\000r\000a\000i\000n\000t\000-\000B\000a\000s\000e\000d\000\040\000I\000n\000t\000e\000r\000p\000r\000e\000t\000a\000t\000i\000o\000n}{chapter.8}% 71
\BOOKMARK [1][-]{section.8.7}{\376\377\000C\000o\000n\000s\000t\000r\000a\000i\000n\000t\000\040\000C\000l\000o\000s\000u\000r\000e\000\040\000a\000n\000d\000\040\000t\000h\000e\000\040\000C\000o\000m\000p\000l\000e\000t\000i\000o\000n\000\040\000o\000f\000\040\000F\000o\000r\000m}{chapter.8}% 72
\BOOKMARK [1][-]{section.8.8}{\376\377\000T\000o\000w\000a\000r\000d\000\040\000T\000e\000r\000r\000e\000s\000t\000r\000i\000a\000l\000\040\000S\000y\000s\000t\000e\000m\000s}{chapter.8}% 73
\BOOKMARK [1][-]{section.8.9}{\376\377\000C\000e\000n\000t\000r\000a\000l\000\040\000P\000a\000t\000t\000e\000r\000n\000\040\000G\000e\000n\000e\000r\000a\000t\000o\000r\000s\000\040\000a\000n\000d\000\040\000H\000i\000e\000r\000a\000r\000c\000h\000i\000c\000a\000l\000\040\000O\000s\000c\000i\000l\000l\000a\000t\000o\000r\000y\000\040\000C\000o\000n\000t\000r\000o\000l}{chapter.8}% 74
\BOOKMARK [1][-]{section.8.10}{\376\377\000C\000e\000n\000t\000r\000a\000l\000\040\000P\000a\000t\000t\000e\000r\000n\000\040\000G\000e\000n\000e\000r\000a\000t\000o\000r\000s\000\040\000a\000n\000d\000\040\000R\000h\000y\000t\000h\000m\000i\000c\000\040\000C\000o\000o\000r\000d\000i\000n\000a\000t\000i\000o\000n}{chapter.8}% 75
\BOOKMARK [1][-]{section.8.11}{\376\377\000P\000h\000a\000s\000e\000\040\000G\000r\000a\000d\000i\000e\000n\000t\000s\000,\000\040\000M\000o\000d\000e\000\040\000S\000w\000i\000t\000c\000h\000i\000n\000g\000,\000\040\000a\000n\000d\000\040\000F\000i\000e\000l\000d\000\040\000M\000o\000d\000u\000l\000a\000t\000i\000o\000n}{chapter.8}% 76
\BOOKMARK [0][-]{chapter.9}{\376\377\000S\000e\000n\000s\000o\000r\000i\000m\000o\000t\000o\000r\000\040\000L\000o\000o\000p\000s\000\040\000a\000n\000d\000\040\000C\000l\000o\000s\000e\000d\000-\000L\000o\000o\000p\000\040\000C\000o\000n\000t\000r\000o\000l}{}% 77
\BOOKMARK [1][-]{section.9.1}{\376\377\000T\000h\000e\000\040\000O\000r\000g\000a\000n\000i\000s\000m\000\040\000a\000s\000\040\000a\000\040\000C\000l\000o\000s\000e\000d\000\040\000S\000y\000s\000t\000e\000m}{chapter.9}% 78
\BOOKMARK [1][-]{section.9.2}{\376\377\000C\000o\000u\000p\000l\000i\000n\000g\000\040\000o\000f\000\040\000S\000e\000n\000s\000a\000t\000i\000o\000n\000\040\000a\000n\000d\000\040\000M\000o\000t\000i\000o\000n}{chapter.9}% 79
\BOOKMARK [1][-]{section.9.3}{\376\377\000S\000t\000a\000b\000i\000l\000i\000t\000y\000\040\000a\000n\000d\000\040\000A\000d\000a\000p\000t\000a\000t\000i\000o\000n}{chapter.9}% 80
\BOOKMARK [1][-]{section.9.4}{\376\377\000E\000m\000b\000o\000d\000i\000m\000e\000n\000t\000\040\000o\000f\000\040\000C\000o\000n\000t\000r\000o\000l}{chapter.9}% 81
\BOOKMARK [1][-]{section.9.5}{\376\377\000I\000n\000t\000e\000g\000r\000a\000t\000i\000o\000n\000\040\000A\000c\000r\000o\000s\000s\000\040\000S\000c\000a\000l\000e\000s}{chapter.9}% 82
\BOOKMARK [1][-]{section.9.6}{\376\377\000T\000h\000e\000\040\000S\000E\000E\000K\000I\000N\000G\000\040\000S\000y\000s\000t\000e\000m\000\040\000a\000n\000d\000\040\000G\000r\000a\000d\000i\000e\000n\000t\000-\000G\000u\000i\000d\000e\000d\000\040\000B\000e\000h\000a\000v\000i\000o\000r}{chapter.9}% 83
\BOOKMARK [1][-]{section.9.7}{\376\377\000A\000n\000h\000e\000d\000o\000n\000i\000a\000,\000\040\000S\000t\000r\000e\000s\000s\000,\000\040\000a\000n\000d\000\040\000H\000a\000b\000i\000t\000u\000a\000t\000i\000o\000n\000\040\000i\000n\000\040\000M\000o\000t\000i\000v\000a\000t\000i\000o\000n\000a\000l\000\040\000S\000y\000s\000t\000e\000m\000s}{chapter.9}% 84
\BOOKMARK [1][-]{section.9.8}{\376\377\000H\000a\000b\000i\000t\000u\000a\000t\000i\000o\000n\000\040\000a\000s\000\040\000A\000d\000a\000p\000t\000i\000v\000e\000\040\000F\000i\000l\000t\000e\000r\000i\000n\000g\000\040\000a\000n\000d\000\040\000I\000t\000s\000\040\000L\000i\000m\000i\000t\000s}{chapter.9}% 85
\BOOKMARK [1][-]{section.9.9}{\376\377\000T\000e\000m\000p\000o\000r\000a\000l\000\040\000D\000y\000n\000a\000m\000i\000c\000s\000\040\000o\000f\000\040\000R\000e\000c\000o\000v\000e\000r\000y}{chapter.9}% 86
\BOOKMARK [1][-]{section.9.10}{\376\377\000I\000n\000t\000e\000r\000a\000c\000t\000i\000o\000n\000\040\000w\000i\000t\000h\000\040\000E\000n\000v\000i\000r\000o\000n\000m\000e\000n\000t\000a\000l\000\040\000S\000t\000r\000u\000c\000t\000u\000r\000e}{chapter.9}% 87
\BOOKMARK [1][-]{section.9.11}{\376\377\000M\000a\000t\000e\000r\000i\000a\000l\000\040\000a\000n\000d\000\040\000P\000h\000y\000s\000i\000o\000l\000o\000g\000i\000c\000a\000l\000\040\000M\000e\000d\000i\000a\000t\000i\000o\000n}{chapter.9}% 88
\BOOKMARK [1][-]{section.9.12}{\376\377\000R\000e\000i\000n\000t\000e\000g\000r\000a\000t\000i\000o\000n\000\040\000i\000n\000t\000o\000\040\000t\000h\000e\000\040\000C\000o\000n\000s\000t\000r\000a\000i\000n\000t\000\040\000F\000r\000a\000m\000e\000w\000o\000r\000k}{chapter.9}% 89
\BOOKMARK [1][-]{section.9.13}{\376\377\000C\000o\000n\000t\000i\000n\000u\000i\000t\000y\000\040\000w\000i\000t\000h\000\040\000O\000t\000h\000e\000r\000\040\000S\000y\000s\000t\000e\000m\000s}{chapter.9}% 90
\BOOKMARK [1][-]{section.9.14}{\376\377\000B\000r\000i\000d\000g\000i\000n\000g\000\040\000S\000c\000a\000l\000e\000s\000:\000\040\000F\000r\000o\000m\000\040\000L\000o\000c\000a\000l\000\040\000I\000n\000t\000e\000r\000a\000c\000t\000i\000o\000n\000\040\000t\000o\000\040\000G\000l\000o\000b\000a\000l\000\040\000F\000o\000r\000m}{chapter.9}% 91
\BOOKMARK [1][-]{section.9.15}{\376\377\000E\000m\000b\000o\000d\000i\000e\000d\000\040\000R\000e\000l\000e\000g\000a\000t\000i\000o\000n}{chapter.9}% 92
\BOOKMARK [0][-]{chapter.10}{\376\377\000C\000o\000l\000l\000a\000g\000e\000n\000\040\000a\000n\000d\000\040\000t\000h\000e\000\040\000M\000e\000c\000h\000a\000n\000i\000c\000s\000\040\000o\000f\000\040\000F\000o\000r\000m}{}% 93
\BOOKMARK [1][-]{section.10.1}{\376\377\000A\000\040\000M\000a\000t\000e\000r\000i\000a\000l\000\040\000S\000u\000b\000s\000t\000r\000a\000t\000e}{chapter.10}% 94
\BOOKMARK [1][-]{section.10.2}{\376\377\000H\000i\000e\000r\000a\000r\000c\000h\000i\000c\000a\000l\000\040\000O\000r\000g\000a\000n\000i\000z\000a\000t\000i\000o\000n}{chapter.10}% 95
\BOOKMARK [1][-]{section.10.3}{\376\377\000C\000o\000l\000l\000a\000g\000e\000n\000\040\000a\000s\000\040\000a\000\040\000T\000e\000n\000s\000i\000l\000e\000\040\000F\000i\000e\000l\000d}{chapter.10}% 96
\BOOKMARK [1][-]{section.10.4}{\376\377\000D\000e\000v\000e\000l\000o\000p\000m\000e\000n\000t\000a\000l\000\040\000I\000n\000t\000e\000g\000r\000a\000t\000i\000o\000n}{chapter.10}% 97
\BOOKMARK [1][-]{section.10.5}{\376\377\000M\000a\000t\000e\000r\000i\000a\000l\000\040\000M\000e\000d\000i\000a\000t\000i\000o\000n\000\040\000o\000f\000\040\000M\000o\000r\000p\000h\000o\000l\000o\000g\000y}{chapter.10}% 98
\BOOKMARK [1][-]{section.10.6}{\376\377\000C\000o\000l\000l\000a\000g\000e\000n\000\040\000i\000n\000\040\000C\000a\000r\000t\000i\000l\000a\000g\000e\000\040\000a\000n\000d\000\040\000B\000o\000n\000e}{chapter.10}% 99
\BOOKMARK [1][-]{section.10.7}{\376\377\000C\000o\000n\000s\000t\000r\000a\000i\000n\000t\000\040\000P\000r\000o\000p\000a\000g\000a\000t\000i\000o\000n\000\040\000A\000c\000r\000o\000s\000s\000\040\000S\000y\000s\000t\000e\000m\000s}{chapter.10}% 100
\BOOKMARK [1][-]{section.10.8}{\376\377\000V\000a\000r\000i\000a\000t\000i\000o\000n\000\040\000a\000n\000d\000\040\000A\000m\000p\000l\000i\000f\000i\000c\000a\000t\000i\000o\000n}{chapter.10}% 101
\BOOKMARK [1][-]{section.10.9}{\376\377\000T\000o\000w\000a\000r\000d\000\040\000A\000s\000y\000m\000m\000e\000t\000r\000y\000\040\000a\000n\000d\000\040\000D\000i\000m\000o\000r\000p\000h\000i\000s\000m}{chapter.10}% 102
\BOOKMARK [0][-]{chapter.11}{\376\377\000A\000n\000i\000s\000o\000t\000r\000o\000p\000y\000\040\000a\000n\000d\000\040\000D\000i\000r\000e\000c\000t\000i\000o\000n\000a\000l\000\040\000S\000t\000r\000u\000c\000t\000u\000r\000e}{}% 103
\BOOKMARK [1][-]{section.11.1}{\376\377\000D\000i\000r\000e\000c\000t\000i\000o\000n\000a\000l\000\040\000O\000r\000g\000a\000n\000i\000z\000a\000t\000i\000o\000n\000\040\000i\000n\000\040\000B\000i\000o\000l\000o\000g\000i\000c\000a\000l\000\040\000T\000i\000s\000s\000u\000e\000s}{chapter.11}% 104
\BOOKMARK [1][-]{section.11.2}{\376\377\000C\000o\000l\000l\000a\000g\000e\000n\000\040\000a\000s\000\040\000a\000\040\000D\000i\000r\000e\000c\000t\000i\000o\000n\000a\000l\000\040\000F\000r\000a\000m\000e\000w\000o\000r\000k}{chapter.11}% 105
\BOOKMARK [1][-]{section.11.3}{\376\377\000I\000n\000t\000e\000r\000a\000c\000t\000i\000o\000n\000\040\000w\000i\000t\000h\000\040\000G\000r\000o\000w\000t\000h\000\040\000a\000n\000d\000\040\000R\000e\000m\000o\000d\000e\000l\000i\000n\000g}{chapter.11}% 106
\BOOKMARK [1][-]{section.11.4}{\376\377\000A\000n\000i\000s\000o\000t\000r\000o\000p\000y\000\040\000i\000n\000\040\000M\000o\000v\000e\000m\000e\000n\000t\000\040\000a\000n\000d\000\040\000S\000u\000p\000p\000o\000r\000t}{chapter.11}% 107
\BOOKMARK [1][-]{section.11.5}{\376\377\000I\000m\000p\000l\000i\000c\000a\000t\000i\000o\000n\000s\000\040\000f\000o\000r\000\040\000F\000o\000r\000m\000\040\000a\000n\000d\000\040\000V\000a\000r\000i\000a\000t\000i\000o\000n}{chapter.11}% 108
\BOOKMARK [1][-]{section.11.6}{\376\377\000F\000r\000o\000m\000\040\000I\000s\000o\000t\000r\000o\000p\000y\000\040\000t\000o\000\040\000S\000t\000r\000u\000c\000t\000u\000r\000e\000d\000\040\000F\000o\000r\000m}{chapter.11}% 109
\BOOKMARK [0][-]{chapter.12}{\376\377\000D\000e\000v\000e\000l\000o\000p\000m\000e\000n\000t\000a\000l\000\040\000T\000i\000m\000i\000n\000g\000\040\000a\000n\000d\000\040\000H\000e\000t\000e\000r\000o\000c\000h\000r\000o\000n\000y}{}% 110
\BOOKMARK [1][-]{section.12.1}{\376\377\000D\000e\000v\000e\000l\000o\000p\000m\000e\000n\000t\000\040\000a\000s\000\040\000a\000\040\000T\000e\000m\000p\000o\000r\000a\000l\000\040\000P\000r\000o\000c\000e\000s\000s}{chapter.12}% 111
\BOOKMARK [1][-]{section.12.2}{\376\377\000H\000e\000t\000e\000r\000o\000c\000h\000r\000o\000n\000y\000\040\000a\000n\000d\000\040\000M\000o\000r\000p\000h\000o\000l\000o\000g\000i\000c\000a\000l\000\040\000V\000a\000r\000i\000a\000t\000i\000o\000n}{chapter.12}% 112
\BOOKMARK [1][-]{section.12.3}{\376\377\000I\000n\000t\000e\000r\000a\000c\000t\000i\000o\000n\000\040\000w\000i\000t\000h\000\040\000M\000a\000t\000e\000r\000i\000a\000l\000\040\000C\000o\000n\000s\000t\000r\000a\000i\000n\000t\000s}{chapter.12}% 113
\BOOKMARK [1][-]{section.12.4}{\376\377\000P\000h\000a\000s\000e\000\040\000R\000e\000l\000a\000t\000i\000o\000n\000s\000h\000i\000p\000s\000\040\000i\000n\000\040\000G\000r\000o\000w\000t\000h}{chapter.12}% 114
\BOOKMARK [1][-]{section.12.5}{\376\377\000F\000r\000o\000m\000\040\000T\000i\000m\000i\000n\000g\000\040\000t\000o\000\040\000F\000o\000r\000m}{chapter.12}% 115
\BOOKMARK [0][-]{chapter.13}{\376\377\000S\000y\000m\000m\000e\000t\000r\000y\000\040\000a\000s\000\040\000a\000\040\000B\000i\000o\000l\000o\000g\000i\000c\000a\000l\000\040\000D\000e\000f\000a\000u\000l\000t}{}% 116
\BOOKMARK [1][-]{section.13.1}{\376\377\000T\000h\000e\000\040\000S\000t\000a\000b\000i\000l\000i\000t\000y\000\040\000o\000f\000\040\000B\000i\000l\000a\000t\000e\000r\000a\000l\000\040\000F\000o\000r\000m}{chapter.13}% 117
\BOOKMARK [1][-]{section.13.2}{\376\377\000S\000y\000m\000m\000e\000t\000r\000y\000\040\000a\000n\000d\000\040\000t\000h\000e\000\040\000C\000o\000l\000l\000a\000g\000e\000n\000\040\000F\000i\000e\000l\000d}{chapter.13}% 118
\BOOKMARK [1][-]{section.13.3}{\376\377\000D\000e\000v\000e\000l\000o\000p\000m\000e\000n\000t\000a\000l\000\040\000E\000n\000f\000o\000r\000c\000e\000m\000e\000n\000t\000\040\000o\000f\000\040\000S\000y\000m\000m\000e\000t\000r\000y}{chapter.13}% 119
\BOOKMARK [1][-]{section.13.4}{\376\377\000F\000u\000n\000c\000t\000i\000o\000n\000a\000l\000\040\000A\000d\000v\000a\000n\000t\000a\000g\000e\000s\000\040\000o\000f\000\040\000S\000y\000m\000m\000e\000t\000r\000y}{chapter.13}% 120
\BOOKMARK [1][-]{section.13.5}{\376\377\000P\000e\000r\000m\000i\000s\000s\000i\000b\000l\000e\000\040\000D\000e\000v\000i\000a\000t\000i\000o\000n\000s}{chapter.13}% 121
\BOOKMARK [1][-]{section.13.6}{\376\377\000A\000s\000y\000m\000m\000e\000t\000r\000y\000\040\000a\000s\000\040\000C\000o\000n\000s\000t\000r\000a\000i\000n\000t\000\040\000R\000e\000l\000a\000x\000a\000t\000i\000o\000n}{chapter.13}% 122
\BOOKMARK [1][-]{section.13.7}{\376\377\000T\000o\000w\000a\000r\000d\000\040\000S\000y\000s\000t\000e\000m\000a\000t\000i\000c\000\040\000A\000s\000y\000m\000m\000e\000t\000r\000y}{chapter.13}% 123
\BOOKMARK [1][-]{section.13.8}{\376\377\000P\000r\000e\000v\000i\000e\000w\000\040\000o\000f\000\040\000D\000i\000m\000o\000r\000p\000h\000i\000c\000\040\000S\000y\000s\000t\000e\000m\000s}{chapter.13}% 124
\BOOKMARK [0][-]{chapter.14}{\376\377\000S\000e\000x\000u\000a\000l\000\040\000D\000i\000m\000o\000r\000p\000h\000i\000s\000m\000\040\000a\000s\000\040\000S\000t\000r\000u\000c\000t\000u\000r\000e\000d\000\040\000A\000s\000y\000m\000m\000e\000t\000r\000y}{}% 125
\BOOKMARK [1][-]{section.14.1}{\376\377\000F\000r\000o\000m\000\040\000V\000a\000r\000i\000a\000t\000i\000o\000n\000\040\000t\000o\000\040\000S\000t\000r\000u\000c\000t\000u\000r\000e}{chapter.14}% 126
\BOOKMARK [1][-]{section.14.2}{\376\377\000D\000e\000v\000e\000l\000o\000p\000m\000e\000n\000t\000a\000l\000\040\000B\000i\000f\000u\000r\000c\000a\000t\000i\000o\000n}{chapter.14}% 127
\BOOKMARK [1][-]{section.14.3}{\376\377\000M\000a\000t\000e\000r\000i\000a\000l\000\040\000E\000x\000p\000r\000e\000s\000s\000i\000o\000n\000\040\000o\000f\000\040\000D\000i\000m\000o\000r\000p\000h\000i\000s\000m}{chapter.14}% 128
\BOOKMARK [1][-]{section.14.4}{\376\377\000S\000c\000a\000l\000i\000n\000g\000\040\000a\000n\000d\000\040\000D\000i\000s\000p\000r\000o\000p\000o\000r\000t\000i\000o\000n}{chapter.14}% 129
\BOOKMARK [1][-]{section.14.5}{\376\377\000F\000u\000n\000c\000t\000i\000o\000n\000a\000l\000\040\000D\000i\000v\000e\000r\000g\000e\000n\000c\000e}{chapter.14}% 130
\BOOKMARK [1][-]{section.14.6}{\376\377\000C\000o\000n\000t\000i\000n\000u\000i\000t\000y\000\040\000a\000n\000d\000\040\000E\000x\000t\000r\000e\000m\000e\000s}{chapter.14}% 131
\BOOKMARK [1][-]{section.14.7}{\376\377\000T\000o\000w\000a\000r\000d\000\040\000C\000o\000m\000p\000o\000s\000i\000t\000e\000\040\000O\000r\000g\000a\000n\000i\000s\000m\000s}{chapter.14}% 132
\BOOKMARK [1][-]{section.14.8}{\376\377\000P\000r\000e\000v\000i\000e\000w\000\040\000o\000f\000\040\000E\000x\000t\000r\000e\000m\000e\000\040\000D\000i\000m\000o\000r\000p\000h\000i\000s\000m}{chapter.14}% 133
\BOOKMARK [0][-]{chapter.15}{\376\377\000A\000n\000g\000l\000e\000r\000f\000i\000s\000h\000:\000\040\000E\000x\000t\000r\000e\000m\000e\000\040\000D\000i\000m\000o\000r\000p\000h\000i\000s\000m\000\040\000a\000n\000d\000\040\000C\000o\000m\000p\000o\000s\000i\000t\000e\000\040\000F\000o\000r\000m}{}% 134
\BOOKMARK [1][-]{section.15.1}{\376\377\000A\000n\000\040\000U\000n\000u\000s\000u\000a\000l\000\040\000C\000o\000n\000f\000i\000g\000u\000r\000a\000t\000i\000o\000n}{chapter.15}% 135
\BOOKMARK [1][-]{section.15.2}{\376\377\000E\000c\000o\000l\000o\000g\000i\000c\000a\000l\000\040\000C\000o\000n\000s\000t\000r\000a\000i\000n\000t\000s\000\040\000o\000f\000\040\000t\000h\000e\000\040\000D\000e\000e\000p\000\040\000S\000e\000a}{chapter.15}% 136
\BOOKMARK [1][-]{section.15.3}{\376\377\000D\000e\000v\000e\000l\000o\000p\000m\000e\000n\000t\000a\000l\000\040\000P\000a\000t\000h\000w\000a\000y\000\040\000o\000f\000\040\000F\000u\000s\000i\000o\000n}{chapter.15}% 137
\BOOKMARK [1][-]{section.15.4}{\376\377\000M\000a\000t\000e\000r\000i\000a\000l\000\040\000I\000n\000t\000e\000g\000r\000a\000t\000i\000o\000n\000\040\000a\000n\000d\000\040\000C\000o\000n\000n\000e\000c\000t\000i\000v\000e\000\040\000T\000i\000s\000s\000u\000e}{chapter.15}% 138
\BOOKMARK [1][-]{section.15.5}{\376\377\000I\000m\000m\000u\000n\000e\000\040\000T\000o\000l\000e\000r\000a\000n\000c\000e\000\040\000a\000n\000d\000\040\000S\000y\000s\000t\000e\000m\000\040\000C\000o\000m\000p\000a\000t\000i\000b\000i\000l\000i\000t\000y}{chapter.15}% 139
\BOOKMARK [1][-]{section.15.6}{\376\377\000R\000e\000d\000e\000f\000i\000n\000i\000n\000g\000\040\000I\000n\000d\000i\000v\000i\000d\000u\000a\000l\000i\000t\000y}{chapter.15}% 140
\BOOKMARK [1][-]{section.15.7}{\376\377\000D\000i\000m\000o\000r\000p\000h\000i\000s\000m\000\040\000a\000t\000\040\000I\000t\000s\000\040\000L\000i\000m\000i\000t}{chapter.15}% 141
\BOOKMARK [1][-]{section.15.8}{\376\377\000C\000o\000n\000s\000t\000r\000a\000i\000n\000t\000\040\000S\000y\000n\000t\000h\000e\000s\000i\000s\000\040\000o\000f\000\040\000C\000o\000m\000p\000o\000s\000i\000t\000e\000\040\000F\000o\000r\000m}{chapter.15}% 142
\BOOKMARK [1][-]{section.15.9}{\376\377\000I\000m\000p\000l\000i\000c\000a\000t\000i\000o\000n\000s\000\040\000f\000o\000r\000\040\000V\000e\000r\000t\000e\000b\000r\000a\000t\000e\000\040\000O\000r\000g\000a\000n\000i\000z\000a\000t\000i\000o\000n}{chapter.15}% 143
\BOOKMARK [0][-]{chapter.16}{\376\377\000F\000a\000i\000l\000u\000r\000e\000\040\000M\000o\000d\000e\000s\000\040\000a\000n\000d\000\040\000C\000o\000n\000s\000t\000r\000a\000i\000n\000t\000\040\000B\000r\000e\000a\000k\000d\000o\000w\000n}{}% 144
\BOOKMARK [1][-]{section.16.1}{\376\377\000L\000i\000m\000i\000t\000s\000\040\000o\000f\000\040\000S\000t\000a\000b\000i\000l\000i\000t\000y}{chapter.16}% 145
\BOOKMARK [1][-]{section.16.2}{\376\377\000M\000e\000c\000h\000a\000n\000i\000c\000a\000l\000\040\000F\000a\000i\000l\000u\000r\000e}{chapter.16}% 146
\BOOKMARK [1][-]{section.16.3}{\376\377\000C\000o\000n\000t\000r\000o\000l\000\040\000F\000a\000i\000l\000u\000r\000e}{chapter.16}% 147
\BOOKMARK [1][-]{section.16.4}{\376\377\000B\000e\000h\000a\000v\000i\000o\000r\000a\000l\000\040\000F\000a\000i\000l\000u\000r\000e}{chapter.16}% 148
\BOOKMARK [1][-]{section.16.5}{\376\377\000B\000o\000u\000n\000d\000a\000r\000i\000e\000s\000\040\000o\000f\000\040\000V\000i\000a\000b\000i\000l\000i\000t\000y}{chapter.16}% 149
\BOOKMARK [1][-]{section.16.6}{\376\377\000T\000r\000a\000n\000s\000i\000t\000i\000o\000n\000\040\000t\000o\000\040\000S\000y\000s\000t\000e\000m\000i\000c\000\040\000S\000y\000n\000t\000h\000e\000s\000i\000s}{chapter.16}% 150
\BOOKMARK [0][-]{chapter.17}{\376\377\000C\000i\000r\000c\000u\000l\000a\000t\000o\000r\000y\000\040\000S\000y\000s\000t\000e\000m\000s\000:\000\040\000F\000l\000o\000w\000,\000\040\000C\000o\000n\000s\000t\000r\000a\000i\000n\000t\000,\000\040\000a\000n\000d\000\040\000S\000c\000a\000l\000i\000n\000g}{}% 151
\BOOKMARK [1][-]{section.17.1}{\376\377\000C\000i\000r\000c\000u\000l\000a\000t\000i\000o\000n\000\040\000a\000s\000\040\000a\000\040\000T\000r\000a\000n\000s\000p\000o\000r\000t\000\040\000P\000r\000o\000b\000l\000e\000m}{chapter.17}% 152
\BOOKMARK [1][-]{section.17.2}{\376\377\000C\000l\000o\000s\000e\000d\000\040\000S\000y\000s\000t\000e\000m\000s\000\040\000a\000n\000d\000\040\000P\000r\000e\000s\000s\000u\000r\000e\000\040\000R\000e\000g\000u\000l\000a\000t\000i\000o\000n}{chapter.17}% 153
\BOOKMARK [1][-]{section.17.3}{\376\377\000V\000e\000s\000s\000e\000l\000\040\000A\000r\000c\000h\000i\000t\000e\000c\000t\000u\000r\000e\000\040\000a\000n\000d\000\040\000H\000i\000e\000r\000a\000r\000c\000h\000i\000c\000a\000l\000\040\000B\000r\000a\000n\000c\000h\000i\000n\000g}{chapter.17}% 154
\BOOKMARK [1][-]{section.17.4}{\376\377\000C\000o\000l\000l\000a\000g\000e\000n\000\040\000i\000n\000\040\000V\000a\000s\000c\000u\000l\000a\000r\000\040\000S\000t\000r\000u\000c\000t\000u\000r\000e}{chapter.17}% 155
\BOOKMARK [1][-]{section.17.5}{\376\377\000S\000c\000a\000l\000i\000n\000g\000\040\000C\000o\000n\000s\000t\000r\000a\000i\000n\000t\000s}{chapter.17}% 156
\BOOKMARK [1][-]{section.17.6}{\376\377\000I\000n\000t\000e\000g\000r\000a\000t\000i\000o\000n\000\040\000w\000i\000t\000h\000\040\000R\000e\000s\000p\000i\000r\000a\000t\000i\000o\000n}{chapter.17}% 157
\BOOKMARK [1][-]{section.17.7}{\376\377\000V\000a\000r\000i\000a\000t\000i\000o\000n\000\040\000A\000c\000r\000o\000s\000s\000\040\000L\000i\000n\000e\000a\000g\000e\000s}{chapter.17}% 158
\BOOKMARK [1][-]{section.17.8}{\376\377\000F\000l\000o\000w\000\040\000a\000s\000\040\000a\000\040\000U\000n\000i\000f\000y\000i\000n\000g\000\040\000P\000r\000i\000n\000c\000i\000p\000l\000e}{chapter.17}% 159
\BOOKMARK [1][-]{section.17.9}{\376\377\000T\000o\000w\000a\000r\000d\000\040\000C\000o\000m\000p\000a\000r\000a\000t\000i\000v\000e\000\040\000S\000y\000s\000t\000e\000m\000s}{chapter.17}% 160
\BOOKMARK [0][-]{chapter.18}{\376\377\000R\000e\000s\000p\000i\000r\000a\000t\000i\000o\000n\000:\000\040\000E\000x\000c\000h\000a\000n\000g\000e\000,\000\040\000F\000l\000o\000w\000,\000\040\000a\000n\000d\000\040\000S\000u\000r\000f\000a\000c\000e}{}% 161
\BOOKMARK [1][-]{section.18.1}{\376\377\000T\000h\000e\000\040\000P\000r\000o\000b\000l\000e\000m\000\040\000o\000f\000\040\000G\000a\000s\000\040\000E\000x\000c\000h\000a\000n\000g\000e}{chapter.18}% 162
\BOOKMARK [1][-]{section.18.2}{\376\377\000S\000u\000r\000f\000a\000c\000e\000\040\000A\000r\000e\000a\000\040\000a\000n\000d\000\040\000S\000t\000r\000u\000c\000t\000u\000r\000a\000l\000\040\000L\000i\000m\000i\000t\000s}{chapter.18}% 163
\BOOKMARK [1][-]{section.18.3}{\376\377\000G\000i\000l\000l\000s\000\040\000a\000s\000\040\000F\000l\000o\000w\000-\000E\000x\000c\000h\000a\000n\000g\000e\000\040\000S\000y\000s\000t\000e\000m\000s}{chapter.18}% 164
\BOOKMARK [1][-]{section.18.4}{\376\377\000F\000l\000o\000w\000\040\000R\000e\000g\000u\000l\000a\000t\000i\000o\000n\000\040\000a\000n\000d\000\040\000M\000e\000c\000h\000a\000n\000i\000c\000a\000l\000\040\000S\000u\000p\000p\000o\000r\000t}{chapter.18}% 165
\BOOKMARK [1][-]{section.18.5}{\376\377\000C\000o\000u\000p\000l\000i\000n\000g\000\040\000w\000i\000t\000h\000\040\000C\000i\000r\000c\000u\000l\000a\000t\000i\000o\000n}{chapter.18}% 166
\BOOKMARK [1][-]{section.18.6}{\376\377\000V\000a\000r\000i\000a\000t\000i\000o\000n\000\040\000i\000n\000\040\000R\000e\000s\000p\000i\000r\000a\000t\000o\000r\000y\000\040\000S\000t\000r\000a\000t\000e\000g\000i\000e\000s}{chapter.18}% 167
\BOOKMARK [1][-]{section.18.7}{\376\377\000T\000o\000w\000a\000r\000d\000\040\000A\000i\000r\000\040\000B\000r\000e\000a\000t\000h\000i\000n\000g}{chapter.18}% 168
\BOOKMARK [1][-]{section.18.8}{\376\377\000C\000o\000n\000s\000t\000r\000a\000i\000n\000t\000\040\000I\000n\000t\000e\000g\000r\000a\000t\000i\000o\000n}{chapter.18}% 169
\BOOKMARK [0][-]{chapter.19}{\376\377\000M\000e\000t\000a\000b\000o\000l\000i\000s\000m\000\040\000a\000n\000d\000\040\000E\000n\000e\000r\000g\000e\000t\000i\000c\000\040\000C\000o\000n\000s\000t\000r\000a\000i\000n\000t}{}% 170
\BOOKMARK [1][-]{section.19.1}{\376\377\000E\000n\000e\000r\000g\000y\000\040\000a\000s\000\040\000a\000\040\000L\000i\000m\000i\000t\000i\000n\000g\000\040\000Q\000u\000a\000n\000t\000i\000t\000y}{chapter.19}% 171
\BOOKMARK [1][-]{section.19.2}{\376\377\000C\000o\000u\000p\000l\000i\000n\000g\000\040\000o\000f\000\040\000T\000r\000a\000n\000s\000p\000o\000r\000t\000\040\000a\000n\000d\000\040\000D\000e\000m\000a\000n\000d}{chapter.19}% 172
\BOOKMARK [1][-]{section.19.3}{\376\377\000E\000n\000e\000r\000g\000e\000t\000i\000c\000\040\000C\000o\000s\000t\000\040\000o\000f\000\040\000M\000o\000v\000e\000m\000e\000n\000t}{chapter.19}% 173
\BOOKMARK [1][-]{section.19.4}{\376\377\000T\000i\000s\000s\000u\000e\000\040\000M\000a\000i\000n\000t\000e\000n\000a\000n\000c\000e\000\040\000a\000n\000d\000\040\000T\000u\000r\000n\000o\000v\000e\000r}{chapter.19}% 174
\BOOKMARK [1][-]{section.19.5}{\376\377\000S\000c\000a\000l\000i\000n\000g\000\040\000o\000f\000\040\000M\000e\000t\000a\000b\000o\000l\000i\000c\000\040\000R\000a\000t\000e}{chapter.19}% 175
\BOOKMARK [1][-]{section.19.6}{\376\377\000T\000r\000a\000n\000s\000i\000t\000i\000o\000n\000\040\000t\000o\000\040\000N\000e\000u\000r\000a\000l\000\040\000C\000o\000o\000r\000d\000i\000n\000a\000t\000i\000o\000n}{chapter.19}% 176
\BOOKMARK [0][-]{chapter.20}{\376\377\000N\000e\000u\000r\000a\000l\000\040\000a\000n\000d\000\040\000S\000e\000n\000s\000o\000r\000y\000\040\000S\000y\000s\000t\000e\000m\000s\000:\000\040\000C\000o\000o\000r\000d\000i\000n\000a\000t\000i\000o\000n\000\040\000a\000n\000d\000\040\000I\000n\000t\000e\000g\000r\000a\000t\000i\000o\000n}{}% 177
\BOOKMARK [1][-]{section.20.1}{\376\377\000T\000h\000e\000\040\000P\000r\000o\000b\000l\000e\000m\000\040\000o\000f\000\040\000C\000o\000o\000r\000d\000i\000n\000a\000t\000i\000o\000n}{chapter.20}% 178
\BOOKMARK [1][-]{section.20.2}{\376\377\000C\000e\000n\000t\000r\000a\000l\000i\000z\000a\000t\000i\000o\000n\000\040\000a\000n\000d\000\040\000t\000h\000e\000\040\000V\000e\000r\000t\000e\000b\000r\000a\000t\000e\000\040\000P\000l\000a\000n}{chapter.20}% 179
\BOOKMARK [1][-]{section.20.3}{\376\377\000P\000a\000i\000r\000e\000d\000\040\000O\000r\000g\000a\000n\000i\000z\000a\000t\000i\000o\000n\000\040\000a\000n\000d\000\040\000S\000y\000m\000m\000e\000t\000r\000y}{chapter.20}% 180
\BOOKMARK [1][-]{section.20.4}{\376\377\000S\000e\000n\000s\000o\000r\000y\000\040\000M\000o\000d\000a\000l\000i\000t\000i\000e\000s}{chapter.20}% 181
\BOOKMARK [1][-]{section.20.5}{\376\377\000I\000n\000t\000e\000g\000r\000a\000t\000i\000o\000n\000\040\000o\000f\000\040\000S\000e\000n\000s\000o\000r\000y\000\040\000I\000n\000p\000u\000t\000s}{chapter.20}% 182
\BOOKMARK [1][-]{section.20.6}{\376\377\000M\000o\000t\000o\000r\000\040\000C\000o\000o\000r\000d\000i\000n\000a\000t\000i\000o\000n}{chapter.20}% 183
\BOOKMARK [1][-]{section.20.7}{\376\377\000M\000a\000t\000e\000r\000i\000a\000l\000\040\000M\000e\000d\000i\000a\000t\000i\000o\000n\000\040\000o\000f\000\040\000N\000e\000u\000r\000a\000l\000\040\000O\000u\000t\000p\000u\000t}{chapter.20}% 184
\BOOKMARK [1][-]{section.20.8}{\376\377\000V\000a\000r\000i\000a\000t\000i\000o\000n\000\040\000A\000c\000r\000o\000s\000s\000\040\000L\000i\000n\000e\000a\000g\000e\000s}{chapter.20}% 185
\BOOKMARK [1][-]{section.20.9}{\376\377\000T\000o\000w\000a\000r\000d\000\040\000S\000y\000s\000t\000e\000m\000i\000c\000\040\000S\000y\000n\000t\000h\000e\000s\000i\000s}{chapter.20}% 186
\BOOKMARK [0][-]{chapter.21}{\376\377\000O\000r\000g\000a\000n\000i\000s\000m\000s\000\040\000a\000s\000\040\000M\000a\000t\000e\000r\000i\000a\000l\040\023\000C\000o\000n\000s\000t\000r\000a\000i\000n\000t\000\040\000S\000y\000s\000t\000e\000m\000s}{}% 187
\BOOKMARK [1][-]{section.21.1}{\376\377\000F\000r\000o\000m\000\040\000P\000a\000r\000t\000s\000\040\000t\000o\000\040\000S\000y\000s\000t\000e\000m\000s}{chapter.21}% 188
\BOOKMARK [1][-]{section.21.2}{\376\377\000C\000o\000n\000s\000t\000r\000a\000i\000n\000t\000\040\000a\000s\000\040\000a\000\040\000U\000n\000i\000f\000y\000i\000n\000g\000\040\000P\000r\000i\000n\000c\000i\000p\000l\000e}{chapter.21}% 189
\BOOKMARK [1][-]{section.21.3}{\376\377\000C\000o\000l\000l\000a\000g\000e\000n\000\040\000a\000s\000\040\000a\000\040\000C\000o\000n\000t\000i\000n\000u\000o\000u\000s\000\040\000S\000u\000b\000s\000t\000r\000a\000t\000e}{chapter.21}% 190
\BOOKMARK [1][-]{section.21.4}{\376\377\000C\000o\000u\000p\000l\000i\000n\000g\000\040\000o\000f\000\040\000S\000y\000s\000t\000e\000m\000s}{chapter.21}% 191
\BOOKMARK [1][-]{section.21.5}{\376\377\000S\000y\000m\000m\000e\000t\000r\000y\000\040\000a\000n\000d\000\040\000I\000t\000s\000\040\000R\000e\000l\000a\000x\000a\000t\000i\000o\000n}{chapter.21}% 192
\BOOKMARK [1][-]{section.21.6}{\376\377\000S\000c\000a\000l\000i\000n\000g\000\040\000a\000n\000d\000\040\000T\000r\000a\000n\000s\000f\000o\000r\000m\000a\000t\000i\000o\000n}{chapter.21}% 193
\BOOKMARK [1][-]{section.21.7}{\376\377\000M\000a\000t\000e\000r\000i\000a\000l\000\040\000a\000n\000d\000\040\000P\000r\000o\000c\000e\000s\000s}{chapter.21}% 194
\BOOKMARK [1][-]{section.21.8}{\376\377\000T\000o\000w\000a\000r\000d\000\040\000a\000\040\000U\000n\000i\000f\000i\000e\000d\000\040\000V\000i\000e\000w}{chapter.21}% 195
\BOOKMARK [0][-]{chapter.22}{\376\377\000T\000h\000e\000\040\000S\000t\000r\000u\000c\000t\000u\000r\000e\000\040\000o\000f\000\040\000B\000i\000o\000l\000o\000g\000i\000c\000a\000l\000\040\000P\000o\000s\000s\000i\000b\000i\000l\000i\000t\000y}{}% 196
\BOOKMARK [1][-]{section.22.1}{\376\377\000F\000r\000o\000m\000\040\000D\000e\000s\000c\000r\000i\000p\000t\000i\000o\000n\000\040\000t\000o\000\040\000S\000t\000r\000u\000c\000t\000u\000r\000e}{chapter.22}% 197
\BOOKMARK [1][-]{section.22.2}{\376\377\000T\000h\000e\000\040\000S\000p\000a\000c\000e\000\040\000o\000f\000\040\000F\000o\000r\000m\000s}{chapter.22}% 198
\BOOKMARK [1][-]{section.22.3}{\376\377\000C\000o\000n\000s\000t\000r\000a\000i\000n\000t\000\040\000S\000u\000r\000f\000a\000c\000e\000s}{chapter.22}% 199
\BOOKMARK [1][-]{section.22.4}{\376\377\000M\000a\000t\000e\000r\000i\000a\000l\000\040\000M\000e\000d\000i\000a\000t\000i\000o\000n}{chapter.22}% 200
\BOOKMARK [1][-]{section.22.5}{\376\377\000S\000y\000m\000m\000e\000t\000r\000y\000,\000\040\000D\000i\000m\000o\000r\000p\000h\000i\000s\000m\000,\000\040\000a\000n\000d\000\040\000V\000a\000r\000i\000a\000t\000i\000o\000n}{chapter.22}% 201
\BOOKMARK [1][-]{section.22.6}{\376\377\000E\000x\000t\000r\000e\000m\000e\000s\000\040\000a\000n\000d\000\040\000B\000o\000u\000n\000d\000a\000r\000i\000e\000s}{chapter.22}% 202
\BOOKMARK [1][-]{section.22.7}{\376\377\000E\000v\000o\000l\000u\000t\000i\000o\000n\000\040\000a\000s\000\040\000N\000a\000v\000i\000g\000a\000t\000i\000o\000n}{chapter.22}% 203
\BOOKMARK [1][-]{section.22.8}{\376\377\000I\000n\000t\000e\000g\000r\000a\000t\000i\000o\000n\000\040\000A\000c\000r\000o\000s\000s\000\040\000S\000c\000a\000l\000e\000s}{chapter.22}% 204
\BOOKMARK [1][-]{section.22.9}{\376\377\000C\000o\000n\000c\000l\000u\000s\000i\000o\000n}{chapter.22}% 205
\BOOKMARK [0][-]{chapter.23}{\376\377\000S\000e\000e\000k\000i\000n\000g\000,\000\040\000G\000r\000a\000d\000i\000e\000n\000t\000\040\000N\000a\000v\000i\000g\000a\000t\000i\000o\000n\000,\000\040\000a\000n\000d\000\040\000D\000i\000r\000e\000c\000t\000e\000d\000\040\000B\000e\000h\000a\000v\000i\000o\000r}{}% 206
\BOOKMARK [1][-]{section.23.1}{\376\377\000T\000h\000e\000\040\000P\000r\000o\000b\000l\000e\000m\000\040\000o\000f\000\040\000D\000i\000r\000e\000c\000t\000e\000d\000\040\000S\000e\000a\000r\000c\000h}{chapter.23}% 207
\BOOKMARK [1][-]{section.23.2}{\376\377\000M\000i\000n\000i\000m\000a\000l\000\040\000S\000y\000s\000t\000e\000m\000s\000:\000\040\000G\000r\000a\000d\000i\000e\000n\000t\000\040\000F\000o\000l\000l\000o\000w\000i\000n\000g\000\040\000i\000n\000\040\000N\000e\000m\000a\000t\000o\000d\000e\000s}{chapter.23}% 208
\BOOKMARK [1][-]{section.23.3}{\376\377\000S\000e\000n\000s\000i\000n\000g\000\040\000a\000s\000\040\000L\000o\000c\000a\000l\000\040\000A\000p\000p\000r\000o\000x\000i\000m\000a\000t\000i\000o\000n}{chapter.23}% 209
\BOOKMARK [1][-]{section.23.4}{\376\377\000F\000r\000o\000m\000\040\000M\000e\000c\000h\000a\000n\000i\000s\000m\000\040\000t\000o\000\040\000P\000r\000i\000n\000c\000i\000p\000l\000e}{chapter.23}% 210
\BOOKMARK [1][-]{section.23.5}{\376\377\000T\000h\000e\000\040\000S\000E\000E\000K\000I\000N\000G\000\040\000S\000y\000s\000t\000e\000m\000\040\000i\000n\000\040\000V\000e\000r\000t\000e\000b\000r\000a\000t\000e\000s}{chapter.23}% 211
\BOOKMARK [1][-]{section.23.6}{\376\377\000C\000o\000u\000p\000l\000i\000n\000g\000\040\000M\000o\000t\000i\000v\000a\000t\000i\000o\000n\000\040\000a\000n\000d\000\040\000G\000r\000a\000d\000i\000e\000n\000t}{chapter.23}% 212
\BOOKMARK [1][-]{section.23.7}{\376\377\000M\000a\000t\000e\000r\000i\000a\000l\000\040\000C\000o\000n\000s\000t\000r\000a\000i\000n\000t\000s\000\040\000o\000n\000\040\000B\000e\000h\000a\000v\000i\000o\000r}{chapter.23}% 213
\BOOKMARK [1][-]{section.23.8}{\376\377\000S\000c\000a\000l\000i\000n\000g\000\040\000f\000r\000o\000m\000\040\000S\000i\000m\000p\000l\000i\000c\000i\000t\000y\000\040\000t\000o\000\040\000C\000o\000m\000p\000l\000e\000x\000i\000t\000y}{chapter.23}% 214
\BOOKMARK [1][-]{section.23.9}{\376\377\000T\000o\000w\000a\000r\000d\000\040\000I\000n\000t\000e\000g\000r\000a\000t\000e\000d\000\040\000B\000e\000h\000a\000v\000i\000o\000r}{chapter.23}% 215
\BOOKMARK [1][-]{section.23.10}{\376\377\000A\000\040\000F\000o\000r\000m\000a\000l\000\040\000P\000e\000r\000s\000p\000e\000c\000t\000i\000v\000e\000\040\000o\000n\000\040\000G\000r\000a\000d\000i\000e\000n\000t\000-\000G\000u\000i\000d\000e\000d\000\040\000B\000e\000h\000a\000v\000i\000o\000r}{chapter.23}% 216
\BOOKMARK [1][-]{section.23.11}{\376\377\000T\000e\000m\000p\000o\000r\000a\000l\000\040\000S\000a\000m\000p\000l\000i\000n\000g\000\040\000a\000n\000d\000\040\000G\000r\000a\000d\000i\000e\000n\000t\000\040\000E\000s\000t\000i\000m\000a\000t\000i\000o\000n}{chapter.23}% 217
\BOOKMARK [1][-]{section.23.12}{\376\377\000T\000h\000e\000\040\000S\000E\000E\000K\000I\000N\000G\000\040\000S\000y\000s\000t\000e\000m\000\040\000a\000s\000\040\000G\000a\000i\000n\000\040\000M\000o\000d\000u\000l\000a\000t\000i\000o\000n}{chapter.23}% 218
\BOOKMARK [1][-]{section.23.13}{\376\377\000C\000o\000n\000s\000t\000r\000a\000i\000n\000t\000\040\000o\000f\000\040\000A\000d\000m\000i\000s\000s\000i\000b\000l\000e\000\040\000T\000r\000a\000j\000e\000c\000t\000o\000r\000i\000e\000s}{chapter.23}% 219
\BOOKMARK [1][-]{section.23.14}{\376\377\000B\000e\000h\000a\000v\000i\000o\000r\000\040\000a\000s\000\040\000C\000o\000n\000s\000t\000r\000a\000i\000n\000e\000d\000\040\000D\000e\000s\000c\000e\000n\000t}{chapter.23}% 220
\BOOKMARK [1][-]{section.23.15}{\376\377\000I\000n\000t\000e\000g\000r\000a\000t\000i\000o\000n\000\040\000w\000i\000t\000h\000\040\000t\000h\000e\000\040\000B\000r\000o\000a\000d\000e\000r\000\040\000F\000r\000a\000m\000e\000w\000o\000r\000k}{chapter.23}% 221
\BOOKMARK [1][-]{section.23.16}{\376\377\000B\000e\000h\000a\000v\000i\000o\000r\000\040\000i\000n\000\040\000a\000\040\000S\000c\000a\000l\000a\000r\040\023\000V\000e\000c\000t\000o\000r\040\023\000E\000n\000t\000r\000o\000p\000y\000\040\000F\000i\000e\000l\000d}{chapter.23}% 222
\BOOKMARK [1][-]{section.23.17}{\376\377\000L\000o\000c\000a\000l\000\040\000D\000y\000n\000a\000m\000i\000c\000s\000\040\000o\000f\000\040\000M\000o\000v\000e\000m\000e\000n\000t}{chapter.23}% 223
\BOOKMARK [1][-]{section.23.18}{\376\377\000N\000e\000m\000a\000t\000o\000d\000e\000\040\000N\000a\000v\000i\000g\000a\000t\000i\000o\000n\000\040\000a\000s\000\040\000a\000\040\000L\000i\000m\000i\000t\000i\000n\000g\000\040\000C\000a\000s\000e}{chapter.23}% 224
\BOOKMARK [1][-]{section.23.19}{\376\377\000T\000h\000e\000\040\000S\000E\000E\000K\000I\000N\000G\000\040\000S\000y\000s\000t\000e\000m\000\040\000a\000s\000\040\000F\000i\000e\000l\000d\000\040\000M\000o\000d\000u\000l\000a\000t\000i\000o\000n}{chapter.23}% 225
\BOOKMARK [1][-]{section.23.20}{\376\377\000M\000a\000t\000e\000r\000i\000a\000l\000\040\000C\000o\000n\000s\000t\000r\000a\000i\000n\000t\000s\000\040\000a\000n\000d\000\040\000A\000d\000m\000i\000s\000s\000i\000b\000l\000e\000\040\000M\000o\000t\000i\000o\000n}{chapter.23}% 226
\BOOKMARK [1][-]{section.23.21}{\376\377\000C\000o\000u\000p\000l\000i\000n\000g\000\040\000o\000f\000\040\000F\000i\000e\000l\000d\000s\000\040\000a\000n\000d\000\040\000O\000r\000g\000a\000n\000i\000s\000m}{chapter.23}% 227
\BOOKMARK [1][-]{section.23.22}{\376\377\000I\000n\000t\000e\000g\000r\000a\000t\000i\000o\000n\000\040\000w\000i\000t\000h\000\040\000M\000o\000r\000p\000h\000o\000l\000o\000g\000y\000\040\000a\000n\000d\000\040\000E\000v\000o\000l\000u\000t\000i\000o\000n}{chapter.23}% 228
\BOOKMARK [1][-]{section.23.23}{\376\377\000U\000n\000i\000f\000i\000e\000d\000\040\000I\000n\000t\000e\000r\000p\000r\000e\000t\000a\000t\000i\000o\000n}{chapter.23}% 229
\BOOKMARK [1][-]{section.23.24}{\376\377\000E\000n\000v\000i\000r\000o\000n\000m\000e\000n\000t\000a\000l\000\040\000A\000c\000c\000u\000m\000u\000l\000a\000t\000i\000o\000n\000\040\000a\000n\000d\000\040\000I\000n\000d\000i\000r\000e\000c\000t\000\040\000R\000e\000t\000r\000i\000e\000v\000a\000l}{chapter.23}% 230
\BOOKMARK [1][-]{section.23.25}{\376\377\000E\000x\000a\000m\000p\000l\000e\000:\000\040\000F\000o\000r\000a\000g\000i\000n\000g\000\040\000W\000i\000t\000h\000o\000u\000t\000\040\000E\000x\000p\000l\000i\000c\000i\000t\000\040\000S\000p\000a\000t\000i\000a\000l\000\040\000M\000a\000p\000s}{chapter.23}% 231
\BOOKMARK [1][-]{section.23.26}{\376\377\000S\000h\000a\000r\000e\000d\000\040\000S\000t\000r\000u\000c\000t\000u\000r\000e\000\040\000A\000c\000r\000o\000s\000s\000\040\000S\000y\000s\000t\000e\000m\000s}{chapter.23}% 232
\BOOKMARK [1][-]{section.23.27}{\376\377\000I\000n\000t\000e\000r\000a\000c\000t\000i\000o\000n\000\040\000w\000i\000t\000h\000\040\000M\000o\000t\000i\000v\000a\000t\000i\000o\000n\000a\000l\000\040\000S\000y\000s\000t\000e\000m\000s}{chapter.23}% 233
\BOOKMARK [1][-]{section.23.28}{\376\377\000I\000m\000p\000l\000i\000c\000a\000t\000i\000o\000n\000s\000\040\000f\000o\000r\000\040\000M\000e\000m\000o\000r\000y\000\040\000a\000n\000d\000\040\000R\000e\000p\000r\000e\000s\000e\000n\000t\000a\000t\000i\000o\000n}{chapter.23}% 234
\BOOKMARK [1][-]{section.23.29}{\376\377\000R\000e\000t\000u\000r\000n\000\040\000t\000o\000\040\000t\000h\000e\000\040\000G\000e\000n\000e\000r\000a\000l\000\040\000F\000r\000a\000m\000e\000w\000o\000r\000k}{chapter.23}% 235
\BOOKMARK [1][-]{section.23.30}{\376\377\000E\000x\000t\000e\000r\000n\000a\000l\000\040\000F\000i\000e\000l\000d\000s\000\040\000a\000s\000\040\000I\000n\000f\000o\000r\000m\000a\000t\000i\000o\000n\000a\000l\000\040\000S\000u\000b\000s\000t\000r\000a\000t\000e\000s}{chapter.23}% 236
\BOOKMARK [1][-]{section.23.31}{\376\377\000E\000n\000v\000i\000r\000o\000n\000m\000e\000n\000t\000a\000l\000\040\000E\000n\000c\000o\000d\000i\000n\000g\000\040\000T\000h\000r\000o\000u\000g\000h\000\040\000P\000h\000y\000s\000i\000c\000a\000l\000\040\000P\000r\000o\000c\000e\000s\000s\000e\000s}{chapter.23}% 237
\BOOKMARK [1][-]{section.23.32}{\376\377\000R\000e\000d\000u\000c\000t\000i\000o\000n\000\040\000o\000f\000\040\000I\000n\000t\000e\000r\000n\000a\000l\000\040\000C\000o\000m\000p\000l\000e\000x\000i\000t\000y}{chapter.23}% 238
\BOOKMARK [1][-]{section.23.33}{\376\377\000C\000o\000u\000p\000l\000e\000d\000\040\000D\000y\000n\000a\000m\000i\000c\000s\000\040\000o\000f\000\040\000O\000r\000g\000a\000n\000i\000s\000m\000\040\000a\000n\000d\000\040\000E\000n\000v\000i\000r\000o\000n\000m\000e\000n\000t}{chapter.23}% 239
\BOOKMARK [1][-]{section.23.34}{\376\377\000M\000a\000t\000e\000r\000i\000a\000l\000\040\000M\000e\000d\000i\000a\000t\000i\000o\000n\000\040\000o\000f\000\040\000C\000o\000u\000p\000l\000i\000n\000g}{chapter.23}% 240
\BOOKMARK [1][-]{section.23.35}{\376\377\000S\000c\000a\000l\000e\000\040\000I\000n\000v\000a\000r\000i\000a\000n\000c\000e\000\040\000o\000f\000\040\000t\000h\000e\000\040\000P\000r\000i\000n\000c\000i\000p\000l\000e}{chapter.23}% 241
\BOOKMARK [1][-]{section.23.36}{\376\377\000I\000m\000p\000l\000i\000c\000a\000t\000i\000o\000n\000s\000\040\000f\000o\000r\000\040\000B\000i\000o\000l\000o\000g\000i\000c\000a\000l\000\040\000O\000r\000g\000a\000n\000i\000z\000a\000t\000i\000o\000n}{chapter.23}% 242
\BOOKMARK [1][-]{section.23.37}{\376\377\000R\000e\000t\000u\000r\000n\000\040\000t\000o\000\040\000U\000n\000i\000f\000i\000e\000d\000\040\000C\000o\000n\000s\000t\000r\000a\000i\000n\000t\000\040\000F\000r\000a\000m\000e\000w\000o\000r\000k}{chapter.23}% 243
\BOOKMARK [1][-]{section.23.38}{\376\377\000D\000e\000v\000e\000l\000o\000p\000m\000e\000n\000t\000\040\000a\000s\000\040\000F\000i\000e\000l\000d\000-\000G\000u\000i\000d\000e\000d\000\040\000M\000o\000r\000p\000h\000o\000g\000e\000n\000e\000s\000i\000s}{chapter.23}% 244
\BOOKMARK [1][-]{section.23.39}{\376\377\000M\000e\000c\000h\000a\000n\000i\000c\000a\000l\000\040\000F\000e\000e\000d\000b\000a\000c\000k\000\040\000a\000n\000d\000\040\000S\000t\000r\000u\000c\000t\000u\000r\000a\000l\000\040\000S\000t\000a\000b\000i\000l\000i\000z\000a\000t\000i\000o\000n}{chapter.23}% 245
\BOOKMARK [1][-]{section.23.40}{\376\377\000D\000i\000m\000o\000r\000p\000h\000i\000s\000m\000\040\000a\000s\000\040\000B\000i\000f\000u\000r\000c\000a\000t\000i\000o\000n\000\040\000i\000n\000\040\000D\000e\000v\000e\000l\000o\000p\000m\000e\000n\000t\000a\000l\000\040\000F\000i\000e\000l\000d\000s}{chapter.23}% 246
\BOOKMARK [1][-]{section.23.41}{\376\377\000E\000x\000t\000r\000e\000m\000e\000\040\000D\000i\000v\000e\000r\000g\000e\000n\000c\000e\000:\000\040\000A\000n\000g\000l\000e\000r\000f\000i\000s\000h\000\040\000a\000s\000\040\000B\000o\000u\000n\000d\000a\000r\000y\000\040\000C\000a\000s\000e}{chapter.23}% 247
\BOOKMARK [1][-]{section.23.42}{\376\377\000E\000v\000o\000l\000u\000t\000i\000o\000n\000\040\000a\000s\000\040\000F\000i\000e\000l\000d\000\040\000T\000r\000a\000n\000s\000f\000o\000r\000m\000a\000t\000i\000o\000n}{chapter.23}% 248
\BOOKMARK [1][-]{section.23.43}{\376\377\000C\000o\000n\000t\000i\000n\000u\000i\000t\000y\000\040\000A\000c\000r\000o\000s\000s\000\040\000S\000c\000a\000l\000e\000s}{chapter.23}% 249
\BOOKMARK [1][-]{section.23.44}{\376\377\000U\000n\000i\000f\000i\000e\000d\000\040\000I\000n\000t\000e\000r\000p\000r\000e\000t\000a\000t\000i\000o\000n}{chapter.23}% 250
\BOOKMARK [1][-]{section.23.45}{\376\377\000R\000e\000t\000u\000r\000n\000\040\000t\000o\000\040\000t\000h\000e\000\040\000B\000r\000o\000a\000d\000e\000r\000\040\000T\000h\000e\000s\000i\000s}{chapter.23}% 251
\BOOKMARK [0][-]{chapter.24}{\376\377\000O\000r\000g\000a\000n\000i\000s\000m\000s\000\040\000a\000s\000\040\000I\000n\000t\000e\000g\000r\000a\000t\000e\000d\000\040\000D\000y\000n\000a\000m\000i\000c\000a\000l\000\040\000S\000y\000s\000t\000e\000m\000s}{}% 252
\BOOKMARK [1][-]{section.24.1}{\376\377\000F\000r\000o\000m\000\040\000M\000e\000c\000h\000a\000n\000i\000s\000m\000s\000\040\000t\000o\000\040\000D\000y\000n\000a\000m\000i\000c\000s}{chapter.24}% 253
\BOOKMARK [1][-]{section.24.2}{\376\377\000C\000o\000u\000p\000l\000i\000n\000g\000\040\000A\000c\000r\000o\000s\000s\000\040\000D\000o\000m\000a\000i\000n\000s}{chapter.24}% 254
\BOOKMARK [1][-]{section.24.3}{\376\377\000F\000e\000e\000d\000b\000a\000c\000k\000\040\000a\000n\000d\000\040\000S\000t\000a\000b\000i\000l\000i\000t\000y}{chapter.24}% 255
\BOOKMARK [1][-]{section.24.4}{\376\377\000H\000i\000e\000r\000a\000r\000c\000h\000y\000\040\000o\000f\000\040\000T\000i\000m\000e\000s\000c\000a\000l\000e\000s}{chapter.24}% 256
\BOOKMARK [1][-]{section.24.5}{\376\377\000M\000a\000t\000e\000r\000i\000a\000l\000\040\000C\000o\000n\000s\000t\000r\000a\000i\000n\000t\000s\000\040\000o\000n\000\040\000D\000y\000n\000a\000m\000i\000c\000s}{chapter.24}% 257
\BOOKMARK [1][-]{section.24.6}{\376\377\000I\000n\000t\000e\000g\000r\000a\000t\000i\000o\000n\000\040\000w\000i\000t\000h\000\040\000E\000n\000v\000i\000r\000o\000n\000m\000e\000n\000t\000a\000l\000\040\000F\000i\000e\000l\000d\000s}{chapter.24}% 258
\BOOKMARK [1][-]{section.24.7}{\376\377\000U\000n\000i\000f\000i\000e\000d\000\040\000I\000n\000t\000e\000r\000p\000r\000e\000t\000a\000t\000i\000o\000n}{chapter.24}% 259
\BOOKMARK [1][-]{section.24.8}{\376\377\000T\000o\000w\000a\000r\000d\000\040\000t\000h\000e\000\040\000S\000t\000r\000u\000c\000t\000u\000r\000e\000\040\000o\000f\000\040\000B\000i\000o\000l\000o\000g\000i\000c\000a\000l\000\040\000P\000o\000s\000s\000i\000b\000i\000l\000i\000t\000y}{chapter.24}% 260
\BOOKMARK [0][-]{chapter.25}{\376\377\000T\000h\000e\000\040\000S\000t\000r\000u\000c\000t\000u\000r\000e\000\040\000o\000f\000\040\000B\000i\000o\000l\000o\000g\000i\000c\000a\000l\000\040\000P\000o\000s\000s\000i\000b\000i\000l\000i\000t\000y}{}% 261
\BOOKMARK [1][-]{section.25.1}{\376\377\000F\000r\000o\000m\000\040\000O\000r\000g\000a\000n\000i\000s\000m\000\040\000t\000o\000\040\000S\000p\000a\000c\000e\000\040\000o\000f\000\040\000F\000o\000r\000m\000s}{chapter.25}% 262
\BOOKMARK [1][-]{section.25.2}{\376\377\000C\000o\000n\000s\000t\000r\000a\000i\000n\000t\000\040\000S\000u\000r\000f\000a\000c\000e\000s\000\040\000a\000n\000d\000\040\000A\000d\000m\000i\000s\000s\000i\000b\000l\000e\000\040\000R\000e\000g\000i\000o\000n\000s}{chapter.25}% 263
\BOOKMARK [1][-]{section.25.3}{\376\377\000D\000e\000n\000s\000i\000t\000y\000\040\000a\000n\000d\000\040\000S\000t\000a\000b\000i\000l\000i\000t\000y\000\040\000o\000f\000\040\000C\000o\000n\000f\000i\000g\000u\000r\000a\000t\000i\000o\000n\000s}{chapter.25}% 264
\BOOKMARK [1][-]{section.25.4}{\376\377\000P\000a\000t\000h\000s\000\040\000T\000h\000r\000o\000u\000g\000h\000\040\000t\000h\000e\000\040\000S\000p\000a\000c\000e}{chapter.25}% 265
\BOOKMARK [1][-]{section.25.5}{\376\377\000M\000a\000t\000e\000r\000i\000a\000l\000\040\000M\000e\000d\000i\000a\000t\000i\000o\000n\000\040\000o\000f\000\040\000P\000o\000s\000s\000i\000b\000i\000l\000i\000t\000y}{chapter.25}% 266
\BOOKMARK [1][-]{section.25.6}{\376\377\000S\000y\000m\000m\000e\000t\000r\000y\000\040\000a\000n\000d\000\040\000I\000t\000s\000\040\000V\000a\000r\000i\000a\000t\000i\000o\000n\000s}{chapter.25}% 267
\BOOKMARK [1][-]{section.25.7}{\376\377\000E\000x\000t\000r\000e\000m\000e\000s\000\040\000a\000n\000d\000\040\000B\000o\000u\000n\000d\000a\000r\000y\000\040\000C\000a\000s\000e\000s}{chapter.25}% 268
\BOOKMARK [1][-]{section.25.8}{\376\377\000I\000n\000t\000e\000g\000r\000a\000t\000i\000o\000n\000\040\000A\000c\000r\000o\000s\000s\000\040\000S\000c\000a\000l\000e\000s}{chapter.25}% 269
\BOOKMARK [0][-]{chapter.26}{\376\377\000S\000y\000n\000t\000h\000e\000s\000i\000s\000:\000\040\000C\000o\000n\000s\000t\000r\000a\000i\000n\000t\000,\000\040\000S\000t\000r\000u\000c\000t\000u\000r\000e\000,\000\040\000a\000n\000d\000\040\000B\000e\000h\000a\000v\000i\000o\000r}{}% 270
\BOOKMARK [1][-]{section.26.1}{\376\377\000C\000o\000n\000s\000t\000r\000a\000i\000n\000t\000\040\000a\000s\000\040\000t\000h\000e\000\040\000O\000r\000g\000a\000n\000i\000z\000i\000n\000g\000\040\000P\000r\000i\000n\000c\000i\000p\000l\000e}{chapter.26}% 271
\BOOKMARK [1][-]{section.26.2}{\376\377\000S\000t\000r\000u\000c\000t\000u\000r\000e\000\040\000a\000s\000\040\000S\000t\000a\000b\000i\000l\000i\000z\000e\000d\000\040\000C\000o\000n\000f\000i\000g\000u\000r\000a\000t\000i\000o\000n}{chapter.26}% 272
\BOOKMARK [1][-]{section.26.3}{\376\377\000T\000i\000m\000e\000\040\000a\000n\000d\000\040\000C\000o\000o\000r\000d\000i\000n\000a\000t\000i\000o\000n}{chapter.26}% 273
\BOOKMARK [1][-]{section.26.4}{\376\377\000E\000n\000e\000r\000g\000y\000\040\000a\000n\000d\000\040\000S\000u\000s\000t\000a\000i\000n\000a\000b\000i\000l\000i\000t\000y}{chapter.26}% 274
\BOOKMARK [1][-]{section.26.5}{\376\377\000B\000e\000h\000a\000v\000i\000o\000r\000\040\000a\000s\000\040\000C\000o\000u\000p\000l\000e\000d\000\040\000D\000y\000n\000a\000m\000i\000c\000s}{chapter.26}% 275
\BOOKMARK [1][-]{section.26.6}{\376\377\000L\000i\000m\000i\000t\000s\000\040\000a\000n\000d\000\040\000F\000a\000i\000l\000u\000r\000e}{chapter.26}% 276
\BOOKMARK [1][-]{section.26.7}{\376\377\000A\000\040\000U\000n\000i\000f\000i\000e\000d\000\040\000P\000e\000r\000s\000p\000e\000c\000t\000i\000v\000e}{chapter.26}% 277
\BOOKMARK [1][-]{section.26.8}{\376\377\000C\000l\000o\000s\000i\000n\000g\000\040\000R\000e\000m\000a\000r\000k\000s}{chapter.26}% 278
\BOOKMARK [1][-]{section.Alph0.1}{\376\377\000C\000o\000n\000t\000i\000n\000u\000o\000u\000s\000\040\000F\000i\000e\000l\000d\000s\000\040\000a\000n\000d\000\040\000S\000t\000a\000t\000e\000\040\000R\000e\000p\000r\000e\000s\000e\000n\000t\000a\000t\000i\000o\000n}{chapter.26}% 279
\BOOKMARK [1][-]{section.Alph0.2}{\376\377\000C\000o\000u\000p\000l\000e\000d\000\040\000O\000s\000c\000i\000l\000l\000a\000t\000o\000r\000s\000\040\000a\000n\000d\000\040\000P\000h\000a\000s\000e\000\040\000D\000y\000n\000a\000m\000i\000c\000s}{chapter.26}% 280
\BOOKMARK [1][-]{section.Alph0.3}{\376\377\000G\000r\000a\000d\000i\000e\000n\000t\000-\000B\000a\000s\000e\000d\000\040\000N\000a\000v\000i\000g\000a\000t\000i\000o\000n}{chapter.26}% 281
\BOOKMARK [1][-]{section.Alph0.4}{\376\377\000M\000e\000c\000h\000a\000n\000i\000c\000a\000l\000\040\000S\000t\000r\000e\000s\000s\000\040\000a\000n\000d\000\040\000A\000n\000i\000s\000o\000t\000r\000o\000p\000i\000c\000\040\000M\000a\000t\000e\000r\000i\000a\000l\000s}{chapter.26}% 282
\BOOKMARK [1][-]{section.Alph0.5}{\376\377\000A\000l\000l\000o\000m\000e\000t\000r\000i\000c\000\040\000S\000c\000a\000l\000i\000n\000g}{chapter.26}% 283
\BOOKMARK [1][-]{section.Alph0.6}{\376\377\000S\000t\000a\000b\000i\000l\000i\000t\000y\000\040\000a\000n\000d\000\040\000B\000r\000e\000a\000k\000d\000o\000w\000n}{chapter.26}% 284
\BOOKMARK [1][-]{section.Alph0.7}{\376\377\000A\000\040\000U\000n\000i\000f\000i\000e\000d\000\040\000V\000a\000r\000i\000a\000t\000i\000o\000n\000a\000l\000\040\000a\000n\000d\000\040\000D\000y\000n\000a\000m\000i\000c\000a\000l\000\040\000F\000r\000a\000m\000e\000w\000o\000r\000k}{chapter.26}% 285
\BOOKMARK [1][-]{section.Alph0.8}{\376\377\000D\000i\000m\000e\000n\000s\000i\000o\000n\000l\000e\000s\000s\000\040\000P\000a\000r\000a\000m\000e\000t\000e\000r\000s\000\040\000a\000n\000d\000\040\000R\000e\000g\000i\000m\000e\000\040\000T\000r\000a\000n\000s\000i\000t\000i\000o\000n\000s}{chapter.26}% 286
\BOOKMARK [2][-]{subsection.Alph0.8.1}{\376\377\000A\000d\000v\000e\000c\000t\000i\000o\000n\000\040\000a\000n\000d\000\040\000D\000i\000f\000f\000u\000s\000i\000o\000n}{section.Alph0.8}% 287
\BOOKMARK [2][-]{subsection.Alph0.8.2}{\376\377\000O\000s\000c\000i\000l\000l\000a\000t\000i\000o\000n\000\040\000a\000n\000d\000\040\000D\000a\000m\000p\000i\000n\000g}{section.Alph0.8}% 288
\BOOKMARK [2][-]{subsection.Alph0.8.3}{\376\377\000M\000e\000c\000h\000a\000n\000i\000c\000a\000l\000\040\000C\000o\000m\000p\000l\000i\000a\000n\000c\000e\000\040\000a\000n\000d\000\040\000S\000t\000i\000f\000f\000n\000e\000s\000s}{section.Alph0.8}% 289
\BOOKMARK [2][-]{subsection.Alph0.8.4}{\376\377\000R\000e\000a\000c\000t\000i\000o\000n\000\040\000a\000n\000d\000\040\000D\000i\000f\000f\000u\000s\000i\000o\000n\000\040\000B\000a\000l\000a\000n\000c\000e}{section.Alph0.8}% 290
\BOOKMARK [2][-]{subsection.Alph0.8.5}{\376\377\000S\000c\000a\000l\000i\000n\000g\000\040\000a\000n\000d\000\040\000T\000r\000a\000n\000s\000p\000o\000r\000t\000\040\000E\000f\000f\000i\000c\000i\000e\000n\000c\000y}{section.Alph0.8}% 291
\BOOKMARK [2][-]{subsection.Alph0.8.6}{\376\377\000R\000e\000g\000i\000m\000e\000\040\000T\000r\000a\000n\000s\000i\000t\000i\000o\000n\000s}{section.Alph0.8}% 292
\BOOKMARK [2][-]{subsection.Alph0.8.7}{\376\377\000I\000m\000p\000l\000i\000c\000a\000t\000i\000o\000n\000s\000\040\000f\000o\000r\000\040\000B\000i\000o\000l\000o\000g\000i\000c\000a\000l\000\040\000O\000r\000g\000a\000n\000i\000z\000a\000t\000i\000o\000n}{section.Alph0.8}% 293
