\BOOKMARK [1][-]{section.1}{\376\377\000I\000n\000t\000r\000o\000d\000u\000c\000t\000i\000o\000n}{}% 1
\BOOKMARK [1][-]{section.2}{\376\377\000C\000o\000o\000p\000e\000r\000a\000t\000i\000o\000n\000\040\000a\000s\000\040\000a\000\040\000B\000i\000o\000l\000o\000g\000i\000c\000a\000l\000\040\000P\000r\000i\000n\000c\000i\000p\000l\000e}{}% 2
\BOOKMARK [1][-]{section.3}{\376\377\000E\000n\000d\000o\000s\000y\000m\000b\000i\000o\000s\000i\000s\000\040\000a\000n\000d\000\040\000t\000h\000e\000\040\000A\000r\000c\000h\000i\000t\000e\000c\000t\000u\000r\000e\000\040\000o\000f\000\040\000C\000o\000m\000p\000l\000e\000x\000i\000t\000y}{}% 3
\BOOKMARK [1][-]{section.4}{\376\377\000C\000o\000o\000p\000e\000r\000a\000t\000i\000o\000n\000\040\000a\000s\000\040\000E\000r\000r\000o\000r\000\040\000C\000o\000r\000r\000e\000c\000t\000i\000o\000n\000\040\000A\000c\000r\000o\000s\000s\000\040\000S\000c\000a\000l\000e\000s}{}% 4
\BOOKMARK [2][-]{subsection.4.1}{\376\377\000H\000i\000e\000r\000a\000r\000c\000h\000i\000c\000a\000l\000\040\000E\000r\000r\000o\000r\000-\000C\000o\000r\000r\000e\000c\000t\000i\000n\000g\000\040\000L\000a\000y\000e\000r\000s}{section.4}% 5
\BOOKMARK [1][-]{section.5}{\376\377\000S\000c\000i\000e\000n\000t\000i\000f\000i\000c\000\040\000I\000n\000s\000t\000i\000t\000u\000t\000i\000o\000n\000s\000\040\000a\000s\000\040\000K\000n\000o\000w\000l\000e\000d\000g\000e\000\040\000S\000t\000a\000b\000i\000l\000i\000z\000e\000r\000s}{}% 6
\BOOKMARK [1][-]{section.6}{\376\377\000T\000h\000e\000\040\000M\000y\000t\000h\000\040\000o\000f\000\040\000t\000h\000e\000\040\000A\000g\000r\000i\000c\000u\000l\000t\000u\000r\000a\000l\000\040\000T\000r\000a\000p}{}% 7
\BOOKMARK [1][-]{section.7}{\376\377\000T\000h\000e\000\040\000E\000x\000p\000a\000n\000d\000i\000n\000g\000\040\000R\000a\000d\000i\000u\000s\000\040\000o\000f\000\040\000H\000u\000m\000a\000n\000\040\000C\000o\000n\000c\000e\000r\000n}{}% 8
\BOOKMARK [1][-]{section.8}{\376\377\000C\000i\000v\000i\000l\000i\000z\000a\000t\000i\000o\000n\000\040\000a\000s\000\040\000a\000\040\000C\000o\000o\000r\000d\000i\000n\000a\000t\000i\000o\000n\000\040\000E\000n\000g\000i\000n\000e}{}% 9
\BOOKMARK [1][-]{section.9}{\376\377\000M\000i\000s\000t\000a\000k\000i\000n\000g\000\040\000T\000r\000a\000n\000s\000i\000t\000i\000o\000n\000\040\000f\000o\000r\000\040\000C\000o\000l\000l\000a\000p\000s\000e}{}% 10
\BOOKMARK [1][-]{section.10}{\376\377\000C\000i\000v\000i\000l\000i\000z\000a\000t\000i\000o\000n\000\040\000I\000s\000\040\000N\000o\000t\000\040\000a\000\040\000D\000i\000s\000e\000a\000s\000e}{}% 11
\BOOKMARK [1][-]{section.11}{\376\377\000T\000h\000e\000\040\000F\000u\000t\000u\000r\000e\000\040\000o\000f\000\040\000H\000u\000m\000a\000n\000\040\000C\000o\000o\000r\000d\000i\000n\000a\000t\000i\000o\000n}{}% 12
\BOOKMARK [1][-]{section.12}{\376\377\000T\000h\000e\000o\000r\000y\000-\000L\000a\000d\000e\000n\000n\000e\000s\000s\000\040\000a\000n\000d\000\040\000t\000h\000e\000\040\000I\000l\000l\000u\000s\000i\000o\000n\000\040\000o\000f\000\040\000t\000h\000e\000\040\000`\000`\000G\000i\000s\000h\000\040\000G\000a\000l\000l\000o\000p\000'\000'}{}% 13
\BOOKMARK [2][-]{subsection.12.1}{\376\377\000C\000o\000m\000p\000e\000t\000i\000n\000g\000\040\000I\000n\000t\000e\000r\000p\000r\000e\000t\000i\000v\000e\000\040\000F\000r\000a\000m\000e\000w\000o\000r\000k\000s}{section.12}% 14
\BOOKMARK [1][-]{section.13}{\376\377\000C\000i\000v\000i\000l\000i\000z\000a\000t\000i\000o\000n\000\040\000a\000s\000\040\000P\000l\000a\000n\000e\000t\000a\000r\000y\000\040\000I\000n\000f\000o\000r\000m\000a\000t\000i\000o\000n\000\040\000P\000r\000o\000c\000e\000s\000s\000i\000n\000g}{}% 15
\BOOKMARK [1][-]{section.14}{\376\377\000C\000o\000n\000c\000l\000u\000s\000i\000o\000n}{}% 16
\BOOKMARK [1][-]{appendix.A}{\376\377\000M\000u\000l\000t\000i\000s\000c\000a\000l\000e\000\040\000C\000o\000o\000r\000d\000i\000n\000a\000t\000i\000o\000n\000\040\000S\000y\000s\000t\000e\000m\000s}{}% 17
\BOOKMARK [2][-]{subsection.A.1}{\376\377\000B\000a\000s\000e\000\040\000L\000e\000v\000e\000l\000\040\000C\000o\000m\000p\000o\000n\000e\000n\000t\000s}{appendix.A}% 18
\BOOKMARK [2][-]{subsection.A.2}{\376\377\000C\000o\000o\000r\000d\000i\000n\000a\000t\000i\000o\000n\000\040\000O\000p\000e\000r\000a\000t\000o\000r\000s}{appendix.A}% 19
\BOOKMARK [2][-]{subsection.A.3}{\376\377\000N\000e\000s\000t\000e\000d\000\040\000O\000r\000g\000a\000n\000i\000z\000a\000t\000i\000o\000n\000a\000l\000\040\000S\000t\000r\000u\000c\000t\000u\000r\000e}{appendix.A}% 20
\BOOKMARK [2][-]{subsection.A.4}{\376\377\000S\000y\000s\000t\000e\000m\000\040\000O\000b\000s\000e\000r\000v\000a\000b\000l\000e\000s}{appendix.A}% 21
\BOOKMARK [2][-]{subsection.A.5}{\376\377\000D\000y\000n\000a\000m\000i\000c\000a\000l\000\040\000E\000v\000o\000l\000u\000t\000i\000o\000n}{appendix.A}% 22
\BOOKMARK [2][-]{subsection.A.6}{\376\377\000P\000r\000o\000j\000e\000c\000t\000i\000o\000n\000\040\000O\000p\000e\000r\000a\000t\000o\000r\000s}{appendix.A}% 23
\BOOKMARK [2][-]{subsection.A.7}{\376\377\000H\000i\000e\000r\000a\000r\000c\000h\000i\000c\000a\000l\000\040\000C\000o\000n\000s\000i\000s\000t\000e\000n\000c\000y}{appendix.A}% 24
\BOOKMARK [2][-]{subsection.A.8}{\376\377\000S\000t\000a\000b\000i\000l\000i\000t\000y\000\040\000o\000f\000\040\000M\000u\000l\000t\000i\000s\000c\000a\000l\000e\000\040\000C\000o\000o\000r\000d\000i\000n\000a\000t\000i\000o\000n}{appendix.A}% 25
\BOOKMARK [1][-]{appendix.B}{\376\377\000E\000r\000r\000o\000r\000-\000C\000o\000r\000r\000e\000c\000t\000i\000n\000g\000\040\000C\000o\000o\000r\000d\000i\000n\000a\000t\000i\000o\000n}{}% 26
\BOOKMARK [2][-]{subsection.B.1}{\376\377\000M\000e\000s\000s\000a\000g\000e\000\040\000S\000p\000a\000c\000e}{appendix.B}% 27
\BOOKMARK [2][-]{subsection.B.2}{\376\377\000E\000n\000c\000o\000d\000i\000n\000g}{appendix.B}% 28
\BOOKMARK [2][-]{subsection.B.3}{\376\377\000D\000i\000s\000t\000a\000n\000c\000e\000\040\000S\000t\000r\000u\000c\000t\000u\000r\000e}{appendix.B}% 29
\BOOKMARK [2][-]{subsection.B.4}{\376\377\000E\000r\000r\000o\000r\000\040\000C\000o\000r\000r\000e\000c\000t\000i\000o\000n}{appendix.B}% 30
\BOOKMARK [2][-]{subsection.B.5}{\376\377\000I\000t\000e\000r\000a\000t\000i\000v\000e\000\040\000I\000n\000f\000o\000r\000m\000a\000t\000i\000o\000n\000\040\000D\000y\000n\000a\000m\000i\000c\000s}{appendix.B}% 31
\BOOKMARK [2][-]{subsection.B.6}{\376\377\000D\000i\000s\000t\000r\000i\000b\000u\000t\000e\000d\000\040\000C\000o\000o\000r\000d\000i\000n\000a\000t\000i\000o\000n}{appendix.B}% 32
\BOOKMARK [2][-]{subsection.B.7}{\376\377\000A\000\040\000R\000e\000d\000u\000n\000d\000a\000n\000c\000y\040\023\000S\000t\000a\000b\000i\000l\000i\000t\000y\000\040\000T\000h\000e\000o\000r\000e\000m}{appendix.B}% 33
\BOOKMARK [1][-]{appendix.C}{\376\377\000C\000o\000o\000p\000e\000r\000a\000t\000i\000v\000e\000\040\000E\000v\000o\000l\000u\000t\000i\000o\000n\000a\000r\000y\000\040\000D\000y\000n\000a\000m\000i\000c\000s}{}% 34
\BOOKMARK [2][-]{subsection.C.1}{\376\377\000F\000i\000t\000n\000e\000s\000s\000\040\000S\000t\000r\000u\000c\000t\000u\000r\000e}{appendix.C}% 35
\BOOKMARK [2][-]{subsection.C.2}{\376\377\000R\000e\000p\000l\000i\000c\000a\000t\000o\000r\000\040\000D\000y\000n\000a\000m\000i\000c\000s}{appendix.C}% 36
\BOOKMARK [2][-]{subsection.C.3}{\376\377\000E\000q\000u\000i\000l\000i\000b\000r\000i\000a}{appendix.C}% 37
\BOOKMARK [2][-]{subsection.C.4}{\376\377\000A\000s\000y\000m\000p\000t\000o\000t\000i\000c\000\040\000B\000e\000h\000a\000v\000i\000o\000r}{appendix.C}% 38
\BOOKMARK [2][-]{subsection.C.5}{\376\377\000C\000o\000o\000p\000e\000r\000a\000t\000i\000o\000n\000\040\000a\000n\000d\000\040\000S\000t\000a\000b\000i\000l\000i\000t\000y}{appendix.C}% 39
\BOOKMARK [1][-]{appendix.D}{\376\377\000I\000n\000f\000o\000r\000m\000a\000t\000i\000o\000n\000\040\000A\000c\000c\000u\000m\000u\000l\000a\000t\000i\000o\000n}{}% 40
\BOOKMARK [2][-]{subsection.D.1}{\376\377\000S\000h\000a\000n\000n\000o\000n\000\040\000E\000n\000t\000r\000o\000p\000y}{appendix.D}% 41
\BOOKMARK [2][-]{subsection.D.2}{\376\377\000A\000l\000g\000o\000r\000i\000t\000h\000m\000i\000c\000\040\000I\000n\000f\000o\000r\000m\000a\000t\000i\000o\000n}{appendix.D}% 42
\BOOKMARK [2][-]{subsection.D.3}{\376\377\000I\000t\000e\000r\000a\000t\000i\000v\000e\000\040\000A\000c\000c\000u\000m\000u\000l\000a\000t\000i\000o\000n}{appendix.D}% 43
\BOOKMARK [2][-]{subsection.D.4}{\376\377\000A\000s\000y\000m\000p\000t\000o\000t\000i\000c\000\040\000R\000e\000g\000i\000m\000e}{appendix.D}% 44
\BOOKMARK [2][-]{subsection.D.5}{\376\377\000A\000c\000c\000u\000m\000u\000l\000a\000t\000i\000o\000n\000\040\000a\000n\000d\000\040\000C\000o\000o\000r\000d\000i\000n\000a\000t\000i\000o\000n}{appendix.D}% 45
\BOOKMARK [1][-]{appendix.E}{\376\377\000H\000i\000e\000r\000a\000r\000c\000h\000i\000c\000a\000l\000\040\000S\000t\000a\000b\000i\000l\000i\000t\000y}{}% 46
\BOOKMARK [2][-]{subsection.E.1}{\376\377\000A\000g\000g\000r\000e\000g\000a\000t\000e\000\040\000S\000t\000a\000t\000e\000\040\000V\000a\000r\000i\000a\000b\000l\000e\000s}{appendix.E}% 47
\BOOKMARK [2][-]{subsection.E.2}{\376\377\000G\000r\000a\000d\000i\000e\000n\000t\000\040\000F\000l\000o\000w\000\040\000D\000y\000n\000a\000m\000i\000c\000s}{appendix.E}% 48
\BOOKMARK [2][-]{subsection.E.3}{\376\377\000Q\000u\000a\000d\000r\000a\000t\000i\000c\000\040\000P\000o\000t\000e\000n\000t\000i\000a\000l}{appendix.E}% 49
\BOOKMARK [2][-]{subsection.E.4}{\376\377\000H\000i\000e\000r\000a\000r\000c\000h\000i\000c\000a\000l\000\040\000T\000r\000a\000n\000s\000f\000o\000r\000m\000a\000t\000i\000o\000n}{appendix.E}% 50
\BOOKMARK [2][-]{subsection.E.5}{\376\377\000S\000t\000a\000b\000i\000l\000i\000t\000y\000\040\000A\000c\000r\000o\000s\000s\000\040\000L\000e\000v\000e\000l\000s}{appendix.E}% 51
\BOOKMARK [2][-]{subsection.E.6}{\376\377\000A\000\040\000L\000y\000a\000p\000u\000n\000o\000v\000\040\000S\000t\000a\000b\000i\000l\000i\000t\000y\000\040\000T\000h\000e\000o\000r\000e\000m}{appendix.E}% 52
\BOOKMARK [1][-]{appendix.F}{\376\377\000C\000a\000t\000e\000g\000o\000r\000i\000c\000a\000l\000\040\000C\000o\000o\000r\000d\000i\000n\000a\000t\000i\000o\000n\000\040\000S\000t\000r\000u\000c\000t\000u\000r\000e\000s}{}% 53
\BOOKMARK [2][-]{subsection.F.1}{\376\377\000C\000a\000t\000e\000g\000o\000r\000i\000e\000s\000\040\000o\000f\000\040\000C\000o\000o\000r\000d\000i\000n\000a\000t\000i\000o\000n}{appendix.F}% 54
\BOOKMARK [2][-]{subsection.F.2}{\376\377\000F\000u\000n\000c\000t\000o\000r\000i\000a\000l\000\040\000C\000o\000o\000r\000d\000i\000n\000a\000t\000i\000o\000n\000\040\000M\000a\000p\000s}{appendix.F}% 55
\BOOKMARK [2][-]{subsection.F.3}{\376\377\000T\000e\000n\000s\000o\000r\000\040\000S\000t\000r\000u\000c\000t\000u\000r\000e}{appendix.F}% 56
\BOOKMARK [2][-]{subsection.F.4}{\376\377\000D\000i\000r\000e\000c\000t\000e\000d\000\040\000S\000y\000s\000t\000e\000m\000\040\000o\000f\000\040\000C\000o\000o\000r\000d\000i\000n\000a\000t\000i\000o\000n\000\040\000L\000e\000v\000e\000l\000s}{appendix.F}% 57
\BOOKMARK [2][-]{subsection.F.5}{\376\377\000I\000n\000t\000e\000r\000c\000a\000t\000e\000g\000o\000r\000y\000\040\000M\000a\000p\000p\000i\000n\000g\000s}{appendix.F}% 58
\BOOKMARK [2][-]{subsection.F.6}{\376\377\000A\000\040\000F\000u\000n\000c\000t\000o\000r\000i\000a\000l\000\040\000P\000r\000e\000s\000e\000r\000v\000a\000t\000i\000o\000n\000\040\000T\000h\000e\000o\000r\000e\000m}{appendix.F}% 59
\BOOKMARK [2][-]{subsection.F.7}{\376\377\000A\000n\000\040\000A\000d\000j\000u\000n\000c\000t\000i\000o\000n\000\040\000P\000r\000i\000n\000c\000i\000p\000l\000e\000\040\000f\000o\000r\000\040\000A\000g\000g\000r\000e\000g\000a\000t\000i\000o\000n\000\040\000a\000n\000d\000\040\000R\000e\000s\000o\000l\000u\000t\000i\000o\000n}{appendix.F}% 60
\BOOKMARK [1][-]{appendix.G}{\376\377\000G\000r\000a\000p\000h\000\040\000C\000o\000o\000r\000d\000i\000n\000a\000t\000i\000o\000n\000\040\000D\000y\000n\000a\000m\000i\000c\000s}{}% 61
\BOOKMARK [2][-]{subsection.G.1}{\376\377\000I\000n\000t\000e\000r\000a\000c\000t\000i\000o\000n\000\040\000G\000r\000a\000p\000h}{appendix.G}% 62
\BOOKMARK [2][-]{subsection.G.2}{\376\377\000G\000r\000a\000p\000h\000\040\000L\000a\000p\000l\000a\000c\000i\000a\000n}{appendix.G}% 63
\BOOKMARK [2][-]{subsection.G.3}{\376\377\000C\000o\000n\000s\000e\000n\000s\000u\000s\000\040\000D\000y\000n\000a\000m\000i\000c\000s}{appendix.G}% 64
\BOOKMARK [2][-]{subsection.G.4}{\376\377\000S\000p\000e\000c\000t\000r\000a\000l\000\040\000S\000t\000r\000u\000c\000t\000u\000r\000e}{appendix.G}% 65
\BOOKMARK [2][-]{subsection.G.5}{\376\377\000A\000s\000y\000m\000p\000t\000o\000t\000i\000c\000\040\000C\000o\000o\000r\000d\000i\000n\000a\000t\000i\000o\000n}{appendix.G}% 66
\BOOKMARK [2][-]{subsection.G.6}{\376\377\000A\000\040\000C\000o\000n\000v\000e\000r\000g\000e\000n\000c\000e\000\040\000R\000a\000t\000e\000\040\000T\000h\000e\000o\000r\000e\000m}{appendix.G}% 67
\BOOKMARK [1][-]{appendix.H}{\376\377\000R\000e\000p\000l\000i\000c\000a\000t\000o\000r\040\023\000M\000u\000t\000a\000t\000o\000r\000\040\000S\000y\000s\000t\000e\000m\000s}{}% 68
\BOOKMARK [2][-]{subsection.H.1}{\376\377\000P\000o\000p\000u\000l\000a\000t\000i\000o\000n\000\040\000S\000t\000a\000t\000e}{appendix.H}% 69
\BOOKMARK [2][-]{subsection.H.2}{\376\377\000F\000i\000t\000n\000e\000s\000s\000\040\000S\000t\000r\000u\000c\000t\000u\000r\000e}{appendix.H}% 70
\BOOKMARK [2][-]{subsection.H.3}{\376\377\000M\000u\000t\000a\000t\000i\000o\000n\000\040\000M\000a\000t\000r\000i\000x}{appendix.H}% 71
\BOOKMARK [2][-]{subsection.H.4}{\376\377\000R\000e\000p\000l\000i\000c\000a\000t\000o\000r\040\023\000M\000u\000t\000a\000t\000o\000r\000\040\000D\000y\000n\000a\000m\000i\000c\000s}{appendix.H}% 72
\BOOKMARK [2][-]{subsection.H.5}{\376\377\000E\000q\000u\000i\000l\000i\000b\000r\000i\000u\000m\000\040\000S\000t\000a\000t\000e\000s}{appendix.H}% 73
\BOOKMARK [2][-]{subsection.H.6}{\376\377\000A\000s\000y\000m\000p\000t\000o\000t\000i\000c\000\040\000B\000e\000h\000a\000v\000i\000o\000r}{appendix.H}% 74
\BOOKMARK [2][-]{subsection.H.7}{\376\377\000A\000n\000\040\000E\000i\000g\000e\000n\000v\000e\000c\000t\000o\000r\000\040\000C\000h\000a\000r\000a\000c\000t\000e\000r\000i\000z\000a\000t\000i\000o\000n\000\040\000o\000f\000\040\000E\000q\000u\000i\000l\000i\000b\000r\000i\000u\000m}{appendix.H}% 75
\BOOKMARK [1][-]{appendix.I}{\376\377\000I\000n\000f\000o\000r\000m\000a\000t\000i\000o\000n\000\040\000G\000e\000o\000m\000e\000t\000r\000y}{}% 76
\BOOKMARK [2][-]{subsection.I.1}{\376\377\000S\000t\000a\000t\000i\000s\000t\000i\000c\000a\000l\000\040\000M\000a\000n\000i\000f\000o\000l\000d\000s}{appendix.I}% 77
\BOOKMARK [2][-]{subsection.I.2}{\376\377\000F\000i\000s\000h\000e\000r\000\040\000I\000n\000f\000o\000r\000m\000a\000t\000i\000o\000n\000\040\000M\000e\000t\000r\000i\000c}{appendix.I}% 78
\BOOKMARK [2][-]{subsection.I.3}{\376\377\000K\000u\000l\000l\000b\000a\000c\000k\040\023\000L\000e\000i\000b\000l\000e\000r\000\040\000D\000i\000v\000e\000r\000g\000e\000n\000c\000e}{appendix.I}% 79
\BOOKMARK [2][-]{subsection.I.4}{\376\377\000G\000r\000a\000d\000i\000e\000n\000t\000\040\000S\000t\000r\000u\000c\000t\000u\000r\000e}{appendix.I}% 80
\BOOKMARK [2][-]{subsection.I.5}{\376\377\000N\000a\000t\000u\000r\000a\000l\000\040\000G\000r\000a\000d\000i\000e\000n\000t\000\040\000F\000l\000o\000w}{appendix.I}% 81
\BOOKMARK [2][-]{subsection.I.6}{\376\377\000I\000n\000f\000o\000r\000m\000a\000t\000i\000o\000n\000-\000G\000e\000o\000m\000e\000t\000r\000i\000c\000\040\000D\000y\000n\000a\000m\000i\000c\000s}{appendix.I}% 82
\BOOKMARK [1][-]{appendix.J}{\376\377\000H\000i\000e\000r\000a\000r\000c\000h\000i\000c\000a\000l\000\040\000C\000o\000o\000r\000d\000i\000n\000a\000t\000i\000o\000n\000\040\000O\000p\000e\000r\000a\000t\000o\000r\000s}{}% 83
\BOOKMARK [2][-]{subsection.J.1}{\376\377\000S\000t\000a\000t\000e\000\040\000S\000p\000a\000c\000e\000s}{appendix.J}% 84
\BOOKMARK [2][-]{subsection.J.2}{\376\377\000C\000o\000o\000r\000d\000i\000n\000a\000t\000i\000o\000n\000\040\000O\000p\000e\000r\000a\000t\000o\000r\000s}{appendix.J}% 85
\BOOKMARK [2][-]{subsection.J.3}{\376\377\000P\000r\000o\000j\000e\000c\000t\000i\000o\000n\000\040\000O\000p\000e\000r\000a\000t\000o\000r\000s}{appendix.J}% 86
\BOOKMARK [2][-]{subsection.J.4}{\376\377\000H\000i\000e\000r\000a\000r\000c\000h\000y\000\040\000o\000f\000\040\000S\000t\000a\000t\000e\000s}{appendix.J}% 87
\BOOKMARK [2][-]{subsection.J.5}{\376\377\000O\000p\000e\000r\000a\000t\000o\000r\000\040\000F\000a\000m\000i\000l\000y}{appendix.J}% 88
\BOOKMARK [2][-]{subsection.J.6}{\376\377\000A\000s\000y\000m\000p\000t\000o\000t\000i\000c\000\040\000C\000o\000o\000r\000d\000i\000n\000a\000t\000i\000o\000n}{appendix.J}% 89
\BOOKMARK [1][-]{appendix.K}{\376\377\000D\000i\000s\000t\000r\000i\000b\000u\000t\000e\000d\000\040\000E\000r\000r\000o\000r\000\040\000C\000o\000r\000r\000e\000c\000t\000i\000o\000n}{}% 90
\BOOKMARK [2][-]{subsection.K.1}{\376\377\000M\000e\000s\000s\000a\000g\000e\000\040\000S\000p\000a\000c\000e}{appendix.K}% 91
\BOOKMARK [2][-]{subsection.K.2}{\376\377\000E\000n\000c\000o\000d\000i\000n\000g}{appendix.K}% 92
\BOOKMARK [2][-]{subsection.K.3}{\376\377\000D\000i\000s\000t\000a\000n\000c\000e\000\040\000S\000t\000r\000u\000c\000t\000u\000r\000e}{appendix.K}% 93
\BOOKMARK [2][-]{subsection.K.4}{\376\377\000E\000r\000r\000o\000r\000\040\000C\000o\000r\000r\000e\000c\000t\000i\000o\000n\000\040\000R\000a\000d\000i\000u\000s}{appendix.K}% 94
\BOOKMARK [2][-]{subsection.K.5}{\376\377\000D\000e\000c\000o\000d\000i\000n\000g}{appendix.K}% 95
\BOOKMARK [2][-]{subsection.K.6}{\376\377\000I\000t\000e\000r\000a\000t\000e\000d\000\040\000C\000o\000r\000r\000e\000c\000t\000i\000o\000n}{appendix.K}% 96
\BOOKMARK [2][-]{subsection.K.7}{\376\377\000A\000s\000y\000m\000p\000t\000o\000t\000i\000c\000\040\000C\000o\000r\000r\000e\000c\000t\000i\000o\000n}{appendix.K}% 97
\BOOKMARK [1][-]{appendix.L}{\376\377\000S\000h\000e\000a\000f\000\040\000S\000t\000r\000u\000c\000t\000u\000r\000e\000s\000\040\000f\000o\000r\000\040\000D\000i\000s\000t\000r\000i\000b\000u\000t\000e\000d\000\040\000K\000n\000o\000w\000l\000e\000d\000g\000e}{}% 98
\BOOKMARK [2][-]{subsection.L.1}{\376\377\000U\000n\000d\000e\000r\000l\000y\000i\000n\000g\000\040\000S\000p\000a\000c\000e}{appendix.L}% 99
\BOOKMARK [2][-]{subsection.L.2}{\376\377\000P\000r\000e\000s\000h\000e\000a\000f\000\040\000o\000f\000\040\000I\000n\000f\000o\000r\000m\000a\000t\000i\000o\000n}{appendix.L}% 100
\BOOKMARK [2][-]{subsection.L.3}{\376\377\000R\000e\000s\000t\000r\000i\000c\000t\000i\000o\000n\000\040\000M\000a\000p\000s}{appendix.L}% 101
\BOOKMARK [2][-]{subsection.L.4}{\376\377\000F\000u\000n\000c\000t\000o\000r\000i\000a\000l\000\040\000C\000o\000n\000s\000i\000s\000t\000e\000n\000c\000y}{appendix.L}% 102
\BOOKMARK [2][-]{subsection.L.5}{\376\377\000I\000n\000t\000e\000r\000p\000r\000e\000t\000a\000t\000i\000o\000n}{appendix.L}% 103
\BOOKMARK [1][-]{appendix.M}{\376\377\000G\000l\000u\000i\000n\000g\000\040\000C\000o\000n\000d\000i\000t\000i\000o\000n\000s}{}% 104
\BOOKMARK [2][-]{subsection.M.1}{\376\377\000O\000p\000e\000n\000\040\000C\000o\000v\000e\000r\000s}{appendix.M}% 105
\BOOKMARK [2][-]{subsection.M.2}{\376\377\000L\000o\000c\000a\000l\000\040\000S\000e\000c\000t\000i\000o\000n\000s}{appendix.M}% 106
\BOOKMARK [2][-]{subsection.M.3}{\376\377\000C\000o\000m\000p\000a\000t\000i\000b\000i\000l\000i\000t\000y\000\040\000o\000n\000\040\000O\000v\000e\000r\000l\000a\000p\000s}{appendix.M}% 107
\BOOKMARK [2][-]{subsection.M.4}{\376\377\000E\000x\000i\000s\000t\000e\000n\000c\000e\000\040\000a\000n\000d\000\040\000U\000n\000i\000q\000u\000e\000n\000e\000s\000s\000\040\000o\000f\000\040\000G\000l\000u\000i\000n\000g}{appendix.M}% 108
\BOOKMARK [2][-]{subsection.M.5}{\376\377\000I\000n\000t\000e\000r\000p\000r\000e\000t\000a\000t\000i\000o\000n}{appendix.M}% 109
\BOOKMARK [1][-]{appendix.N}{\376\377\000P\000r\000e\000s\000h\000e\000a\000f\000\040\000D\000y\000n\000a\000m\000i\000c\000s}{}% 110
\BOOKMARK [2][-]{subsection.N.1}{\376\377\000P\000r\000e\000s\000h\000e\000a\000v\000e\000s}{appendix.N}% 111
\BOOKMARK [2][-]{subsection.N.2}{\376\377\000S\000e\000c\000t\000i\000o\000n\000s}{appendix.N}% 112
\BOOKMARK [2][-]{subsection.N.3}{\376\377\000S\000h\000e\000a\000f\000i\000f\000i\000c\000a\000t\000i\000o\000n}{appendix.N}% 113
\BOOKMARK [2][-]{subsection.N.4}{\376\377\000I\000n\000t\000e\000r\000p\000r\000e\000t\000a\000t\000i\000o\000n}{appendix.N}% 114
\BOOKMARK [1][-]{appendix.O}{\376\377\000I\000n\000s\000t\000i\000t\000u\000t\000i\000o\000n\000a\000l\000\040\000S\000e\000c\000t\000i\000o\000n\000s}{}% 115
\BOOKMARK [2][-]{subsection.O.1}{\376\377\000L\000o\000c\000a\000l\000\040\000S\000e\000c\000t\000i\000o\000n\000s}{appendix.O}% 116
\BOOKMARK [2][-]{subsection.O.2}{\376\377\000G\000l\000o\000b\000a\000l\000\040\000S\000e\000c\000t\000i\000o\000n\000s}{appendix.O}% 117
\BOOKMARK [2][-]{subsection.O.3}{\376\377\000R\000e\000s\000t\000r\000i\000c\000t\000i\000o\000n\000\040\000t\000o\000\040\000L\000o\000c\000a\000l\000\040\000D\000o\000m\000a\000i\000n\000s}{appendix.O}% 118
\BOOKMARK [2][-]{subsection.O.4}{\376\377\000K\000e\000r\000n\000e\000l\000\040\000o\000f\000\040\000R\000e\000s\000t\000r\000i\000c\000t\000i\000o\000n}{appendix.O}% 119
\BOOKMARK [2][-]{subsection.O.5}{\376\377\000I\000m\000a\000g\000e\000\040\000o\000f\000\040\000R\000e\000s\000t\000r\000i\000c\000t\000i\000o\000n}{appendix.O}% 120
\BOOKMARK [2][-]{subsection.O.6}{\376\377\000I\000n\000t\000e\000r\000p\000r\000e\000t\000a\000t\000i\000o\000n}{appendix.O}% 121
\BOOKMARK [1][-]{appendix.P}{\376\377\000D\000e\000r\000i\000v\000e\000d\000\040\000S\000t\000r\000u\000c\000t\000u\000r\000e\000s}{}% 122
\BOOKMARK [2][-]{subsection.P.1}{\376\377\000S\000h\000o\000r\000t\000\040\000E\000x\000a\000c\000t\000\040\000S\000e\000q\000u\000e\000n\000c\000e\000s}{appendix.P}% 123
\BOOKMARK [2][-]{subsection.P.2}{\376\377\000C\000o\000h\000o\000m\000o\000l\000o\000g\000y\000\040\000G\000r\000o\000u\000p\000s}{appendix.P}% 124
\BOOKMARK [2][-]{subsection.P.3}{\376\377\001\014\000e\000c\000h\000\040\000C\000o\000h\000o\000m\000o\000l\000o\000g\000y}{appendix.P}% 125
\BOOKMARK [2][-]{subsection.P.4}{\376\377\000C\000o\000b\000o\000u\000n\000d\000a\000r\000y\000\040\000O\000p\000e\000r\000a\000t\000o\000r}{appendix.P}% 126
\BOOKMARK [2][-]{subsection.P.5}{\376\377\000C\000o\000h\000o\000m\000o\000l\000o\000g\000y\000\040\000D\000e\000f\000i\000n\000i\000t\000i\000o\000n}{appendix.P}% 127
\BOOKMARK [2][-]{subsection.P.6}{\376\377\000I\000n\000t\000e\000r\000p\000r\000e\000t\000a\000t\000i\000o\000n}{appendix.P}% 128
\BOOKMARK [1][-]{appendix.Q}{\376\377\000C\000o\000o\000r\000d\000i\000n\000a\000t\000i\000o\000n\000\040\000L\000i\000m\000i\000t\000s}{}% 129
\BOOKMARK [2][-]{subsection.Q.1}{\376\377\000D\000i\000r\000e\000c\000t\000e\000d\000\040\000S\000y\000s\000t\000e\000m\000s\000\040\000o\000f\000\040\000S\000h\000e\000a\000v\000e\000s}{appendix.Q}% 130
\BOOKMARK [2][-]{subsection.Q.2}{\376\377\000I\000n\000v\000e\000r\000s\000e\000\040\000L\000i\000m\000i\000t\000s}{appendix.Q}% 131
\BOOKMARK [2][-]{subsection.Q.3}{\376\377\000D\000i\000r\000e\000c\000t\000\040\000L\000i\000m\000i\000t\000s}{appendix.Q}% 132
\BOOKMARK [2][-]{subsection.Q.4}{\376\377\000N\000a\000t\000u\000r\000a\000l\000\040\000T\000r\000a\000n\000s\000f\000o\000r\000m\000a\000t\000i\000o\000n\000s}{appendix.Q}% 133
\BOOKMARK [2][-]{subsection.Q.5}{\376\377\000C\000a\000t\000e\000g\000o\000r\000y\000\040\000o\000f\000\040\000S\000h\000e\000a\000v\000e\000s}{appendix.Q}% 134
\BOOKMARK [2][-]{subsection.Q.6}{\376\377\000R\000e\000l\000a\000t\000i\000o\000n\000\040\000t\000o\000\040\000P\000r\000e\000s\000h\000e\000a\000v\000e\000s}{appendix.Q}% 135
\BOOKMARK [1][-]{appendix.R}{\376\377\000T\000o\000p\000o\000l\000o\000g\000i\000c\000a\000l\000\040\000E\000n\000t\000r\000o\000p\000y\000\040\000a\000n\000d\000\040\000D\000y\000n\000a\000m\000i\000c\000a\000l\000\040\000S\000t\000a\000b\000i\000l\000i\000t\000y}{}% 136
\BOOKMARK [2][-]{subsection.R.1}{\376\377\000M\000e\000t\000r\000i\000c\000\040\000D\000y\000n\000a\000m\000i\000c\000a\000l\000\040\000S\000y\000s\000t\000e\000m\000s}{appendix.R}% 137
\BOOKMARK [2][-]{subsection.R.2}{\376\377\000D\000y\000n\000a\000m\000i\000c\000a\000l\000\040\000D\000i\000s\000t\000a\000n\000c\000e}{appendix.R}% 138
\BOOKMARK [2][-]{subsection.R.3}{\376\377\000D\000y\000n\000a\000m\000i\000c\000a\000l\000\040\000B\000a\000l\000l\000s}{appendix.R}% 139
\BOOKMARK [2][-]{subsection.R.4}{\376\377\000C\000o\000v\000e\000r\000i\000n\000g\000\040\000N\000u\000m\000b\000e\000r\000s}{appendix.R}% 140
\BOOKMARK [2][-]{subsection.R.5}{\376\377\000S\000e\000p\000a\000r\000a\000t\000e\000d\000\040\000S\000e\000t\000s}{appendix.R}% 141
\BOOKMARK [2][-]{subsection.R.6}{\376\377\000T\000o\000p\000o\000l\000o\000g\000i\000c\000a\000l\000\040\000E\000n\000t\000r\000o\000p\000y}{appendix.R}% 142
\BOOKMARK [2][-]{subsection.R.7}{\376\377\000I\000n\000t\000e\000r\000p\000r\000e\000t\000a\000t\000i\000o\000n}{appendix.R}% 143
\BOOKMARK [1][-]{appendix.S}{\376\377\000M\000e\000a\000s\000u\000r\000e\000-\000T\000h\000e\000o\000r\000e\000t\000i\000c\000\040\000E\000n\000t\000r\000o\000p\000y}{}% 144
\BOOKMARK [2][-]{subsection.S.1}{\376\377\000M\000e\000a\000s\000u\000r\000e\000-\000P\000r\000e\000s\000e\000r\000v\000i\000n\000g\000\040\000S\000y\000s\000t\000e\000m\000s}{appendix.S}% 145
\BOOKMARK [2][-]{subsection.S.2}{\376\377\000P\000a\000r\000t\000i\000t\000i\000o\000n\000s}{appendix.S}% 146
\BOOKMARK [2][-]{subsection.S.3}{\376\377\000E\000n\000t\000r\000o\000p\000y\000\040\000o\000f\000\040\000a\000\040\000P\000a\000r\000t\000i\000t\000i\000o\000n}{appendix.S}% 147
\BOOKMARK [2][-]{subsection.S.4}{\376\377\000R\000e\000f\000i\000n\000e\000d\000\040\000P\000a\000r\000t\000i\000t\000i\000o\000n\000s}{appendix.S}% 148
\BOOKMARK [2][-]{subsection.S.5}{\376\377\000E\000n\000t\000r\000o\000p\000y\000\040\000R\000a\000t\000e}{appendix.S}% 149
\BOOKMARK [2][-]{subsection.S.6}{\376\377\000K\000o\000l\000m\000o\000g\000o\000r\000o\000v\040\023\000S\000i\000n\000a\000i\000\040\000E\000n\000t\000r\000o\000p\000y}{appendix.S}% 150
\BOOKMARK [2][-]{subsection.S.7}{\376\377\000R\000e\000l\000a\000t\000i\000o\000n\000\040\000t\000o\000\040\000T\000o\000p\000o\000l\000o\000g\000i\000c\000a\000l\000\040\000E\000n\000t\000r\000o\000p\000y}{appendix.S}% 151
\BOOKMARK [1][-]{appendix.T}{\376\377\000L\000y\000a\000p\000u\000n\000o\000v\000\040\000S\000t\000r\000u\000c\000t\000u\000r\000e}{}% 152
\BOOKMARK [2][-]{subsection.T.1}{\376\377\000D\000i\000s\000c\000r\000e\000t\000e\000\040\000D\000y\000n\000a\000m\000i\000c\000a\000l\000\040\000S\000y\000s\000t\000e\000m\000s}{appendix.T}% 153
\BOOKMARK [2][-]{subsection.T.2}{\376\377\000L\000y\000a\000p\000u\000n\000o\000v\000\040\000E\000x\000p\000o\000n\000e\000n\000t\000s}{appendix.T}% 154
\BOOKMARK [2][-]{subsection.T.3}{\376\377\000S\000t\000a\000b\000i\000l\000i\000t\000y\000\040\000a\000n\000d\000\040\000I\000n\000s\000t\000a\000b\000i\000l\000i\000t\000y}{appendix.T}% 155
\BOOKMARK [2][-]{subsection.T.4}{\376\377\000L\000y\000a\000p\000u\000n\000o\000v\000\040\000F\000u\000n\000c\000t\000i\000o\000n\000s}{appendix.T}% 156
\BOOKMARK [2][-]{subsection.T.5}{\376\377\000C\000o\000n\000t\000i\000n\000u\000o\000u\000s\000\040\000D\000y\000n\000a\000m\000i\000c\000a\000l\000\040\000S\000y\000s\000t\000e\000m\000s}{appendix.T}% 157
\BOOKMARK [1][-]{appendix.U}{\376\377\000N\000e\000t\000w\000o\000r\000k\000e\000d\000\040\000D\000y\000n\000a\000m\000i\000c\000a\000l\000\040\000S\000y\000s\000t\000e\000m\000s}{}% 158
\BOOKMARK [2][-]{subsection.U.1}{\376\377\000I\000n\000t\000e\000r\000a\000c\000t\000i\000o\000n\000\040\000G\000r\000a\000p\000h}{appendix.U}% 159
\BOOKMARK [2][-]{subsection.U.2}{\376\377\000G\000r\000a\000p\000h\000\040\000L\000a\000p\000l\000a\000c\000i\000a\000n}{appendix.U}% 160
\BOOKMARK [2][-]{subsection.U.3}{\376\377\000N\000e\000t\000w\000o\000r\000k\000\040\000D\000y\000n\000a\000m\000i\000c\000s}{appendix.U}% 161
\BOOKMARK [2][-]{subsection.U.4}{\376\377\000L\000o\000c\000a\000l\000\040\000N\000o\000d\000e\000\040\000D\000y\000n\000a\000m\000i\000c\000s}{appendix.U}% 162
\BOOKMARK [2][-]{subsection.U.5}{\376\377\000E\000q\000u\000i\000l\000i\000b\000r\000i\000a}{appendix.U}% 163
\BOOKMARK [2][-]{subsection.U.6}{\376\377\000L\000i\000n\000e\000a\000r\000\040\000S\000t\000a\000b\000i\000l\000i\000t\000y}{appendix.U}% 164
\BOOKMARK [1][-]{appendix.V}{\376\377\000C\000o\000n\000t\000r\000o\000l\000\040\000a\000n\000d\000\040\000O\000b\000s\000e\000r\000v\000a\000b\000i\000l\000i\000t\000y}{}% 165
\BOOKMARK [2][-]{subsection.V.1}{\376\377\000L\000i\000n\000e\000a\000r\000\040\000C\000o\000n\000t\000r\000o\000l\000\040\000S\000y\000s\000t\000e\000m\000s}{appendix.V}% 166
\BOOKMARK [2][-]{subsection.V.2}{\376\377\000C\000o\000n\000t\000r\000o\000l\000l\000a\000b\000i\000l\000i\000t\000y}{appendix.V}% 167
\BOOKMARK [2][-]{subsection.V.3}{\376\377\000O\000b\000s\000e\000r\000v\000a\000b\000i\000l\000i\000t\000y}{appendix.V}% 168
\BOOKMARK [2][-]{subsection.V.4}{\376\377\000O\000p\000t\000i\000m\000a\000l\000\040\000C\000o\000n\000t\000r\000o\000l}{appendix.V}% 169
\BOOKMARK [2][-]{subsection.V.5}{\376\377\000O\000p\000t\000i\000m\000a\000l\000\040\000F\000e\000e\000d\000b\000a\000c\000k\000\040\000L\000a\000w}{appendix.V}% 170
\BOOKMARK [1][-]{appendix.W}{\376\377\000S\000y\000m\000b\000o\000l\000i\000c\000\040\000D\000y\000n\000a\000m\000i\000c\000s}{}% 171
\BOOKMARK [2][-]{subsection.W.1}{\376\377\000S\000h\000i\000f\000t\000\040\000S\000p\000a\000c\000e\000s}{appendix.W}% 172
\BOOKMARK [2][-]{subsection.W.2}{\376\377\000L\000a\000n\000g\000u\000a\000g\000e\000\040\000o\000f\000\040\000t\000h\000e\000\040\000S\000h\000i\000f\000t}{appendix.W}% 173
\BOOKMARK [2][-]{subsection.W.3}{\376\377\000T\000o\000p\000o\000l\000o\000g\000i\000c\000a\000l\000\040\000E\000n\000t\000r\000o\000p\000y}{appendix.W}% 174
\BOOKMARK [2][-]{subsection.W.4}{\376\377\000S\000u\000b\000s\000h\000i\000f\000t\000s\000\040\000o\000f\000\040\000F\000i\000n\000i\000t\000e\000\040\000T\000y\000p\000e}{appendix.W}% 175
\BOOKMARK [2][-]{subsection.W.5}{\376\377\000E\000n\000t\000r\000o\000p\000y\000\040\000o\000f\000\040\000a\000\040\000S\000u\000b\000s\000h\000i\000f\000t}{appendix.W}% 176
\BOOKMARK [1][-]{appendix.X}{\376\377\000M\000u\000l\000t\000i\000s\000c\000a\000l\000e\000\040\000R\000e\000n\000o\000r\000m\000a\000l\000i\000z\000a\000t\000i\000o\000n}{}% 177
\BOOKMARK [2][-]{subsection.X.1}{\376\377\000H\000i\000e\000r\000a\000r\000c\000h\000y\000\040\000o\000f\000\040\000S\000t\000a\000t\000e\000\040\000S\000p\000a\000c\000e\000s}{appendix.X}% 178
\BOOKMARK [2][-]{subsection.X.2}{\376\377\000S\000c\000a\000l\000e\000-\000D\000e\000p\000e\000n\000d\000e\000n\000t\000\040\000D\000y\000n\000a\000m\000i\000c\000s}{appendix.X}% 179
\BOOKMARK [2][-]{subsection.X.3}{\376\377\000R\000e\000n\000o\000r\000m\000a\000l\000i\000z\000a\000t\000i\000o\000n\000\040\000O\000p\000e\000r\000a\000t\000o\000r}{appendix.X}% 180
\BOOKMARK [2][-]{subsection.X.4}{\376\377\000F\000i\000x\000e\000d\000\040\000P\000o\000i\000n\000t\000s}{appendix.X}% 181
\BOOKMARK [2][-]{subsection.X.5}{\376\377\000L\000i\000n\000e\000a\000r\000i\000z\000a\000t\000i\000o\000n}{appendix.X}% 182
\BOOKMARK [2][-]{subsection.X.6}{\376\377\000R\000e\000l\000e\000v\000a\000n\000t\000\040\000a\000n\000d\000\040\000I\000r\000r\000e\000l\000e\000v\000a\000n\000t\000\040\000D\000i\000r\000e\000c\000t\000i\000o\000n\000s}{appendix.X}% 183
\BOOKMARK [1][-]{appendix.Y}{\376\377\000E\000n\000t\000r\000o\000p\000y\000\040\000P\000r\000o\000d\000u\000c\000t\000i\000o\000n}{}% 184
\BOOKMARK [2][-]{subsection.Y.1}{\376\377\000P\000r\000o\000b\000a\000b\000i\000l\000i\000t\000y\000\040\000D\000e\000n\000s\000i\000t\000i\000e\000s}{appendix.Y}% 185
\BOOKMARK [2][-]{subsection.Y.2}{\376\377\000C\000o\000n\000t\000i\000n\000u\000i\000t\000y\000\040\000E\000q\000u\000a\000t\000i\000o\000n}{appendix.Y}% 186
\BOOKMARK [2][-]{subsection.Y.3}{\376\377\000F\000l\000u\000x\000\040\000D\000e\000c\000o\000m\000p\000o\000s\000i\000t\000i\000o\000n}{appendix.Y}% 187
\BOOKMARK [2][-]{subsection.Y.4}{\376\377\000E\000n\000t\000r\000o\000p\000y\000\040\000F\000u\000n\000c\000t\000i\000o\000n\000a\000l}{appendix.Y}% 188
\BOOKMARK [2][-]{subsection.Y.5}{\376\377\000E\000n\000t\000r\000o\000p\000y\000\040\000E\000v\000o\000l\000u\000t\000i\000o\000n}{appendix.Y}% 189
\BOOKMARK [2][-]{subsection.Y.6}{\376\377\000E\000n\000t\000r\000o\000p\000y\000\040\000P\000r\000o\000d\000u\000c\000t\000i\000o\000n\000\040\000R\000a\000t\000e}{appendix.Y}% 190
\BOOKMARK [2][-]{subsection.Y.7}{\376\377\000N\000o\000n\000n\000e\000g\000a\000t\000i\000v\000i\000t\000y}{appendix.Y}% 191
\BOOKMARK [1][-]{appendix.Z}{\376\377\000V\000a\000r\000i\000a\000t\000i\000o\000n\000a\000l\000\040\000P\000r\000i\000n\000c\000i\000p\000l\000e}{}% 192
\BOOKMARK [2][-]{subsection.Z.1}{\376\377\000I\000n\000v\000a\000r\000i\000a\000n\000t\000\040\000M\000e\000a\000s\000u\000r\000e\000s}{appendix.Z}% 193
\BOOKMARK [2][-]{subsection.Z.2}{\376\377\000V\000a\000r\000i\000a\000t\000i\000o\000n\000a\000l\000\040\000C\000h\000a\000r\000a\000c\000t\000e\000r\000i\000z\000a\000t\000i\000o\000n\000\040\000o\000f\000\040\000E\000n\000t\000r\000o\000p\000y}{appendix.Z}% 194
\BOOKMARK [2][-]{subsection.Z.3}{\376\377\000T\000o\000p\000o\000l\000o\000g\000i\000c\000a\000l\000\040\000P\000r\000e\000s\000s\000u\000r\000e}{appendix.Z}% 195
\BOOKMARK [2][-]{subsection.Z.4}{\376\377\000E\000q\000u\000i\000l\000i\000b\000r\000i\000u\000m\000\040\000M\000e\000a\000s\000u\000r\000e\000s}{appendix.Z}% 196
\BOOKMARK [2][-]{subsection.Z.5}{\376\377\000I\000n\000t\000e\000r\000p\000r\000e\000t\000a\000t\000i\000o\000n}{appendix.Z}% 197
\BOOKMARK [1][-]{appendix.Alph27}{\376\377\000C\000r\000i\000t\000i\000c\000a\000l\000\040\000T\000h\000r\000e\000s\000h\000o\000l\000d\000s}{}% 198
\BOOKMARK [2][-]{subsection.Alph27.1}{\376\377\000E\000n\000t\000r\000o\000p\000y\000\040\000T\000h\000r\000e\000s\000h\000o\000l\000d}{appendix.Alph27}% 199
\BOOKMARK [2][-]{subsection.Alph27.2}{\376\377\000S\000t\000a\000b\000i\000l\000i\000t\000y\000\040\000T\000h\000r\000e\000s\000h\000o\000l\000d}{appendix.Alph27}% 200
\BOOKMARK [2][-]{subsection.Alph27.3}{\376\377\000C\000o\000n\000t\000r\000o\000l\000l\000a\000b\000i\000l\000i\000t\000y\000\040\000T\000h\000r\000e\000s\000h\000o\000l\000d}{appendix.Alph27}% 201
\BOOKMARK [2][-]{subsection.Alph27.4}{\376\377\000C\000o\000h\000o\000m\000o\000l\000o\000g\000i\000c\000a\000l\000\040\000T\000h\000r\000e\000s\000h\000o\000l\000d}{appendix.Alph27}% 202
\BOOKMARK [2][-]{subsection.Alph27.5}{\376\377\000I\000n\000t\000e\000r\000p\000r\000e\000t\000a\000t\000i\000o\000n}{appendix.Alph27}% 203
