\BOOKMARK [1][-]{section.1}{\376\377\000I\000n\000t\000r\000o\000d\000u\000c\000t\000i\000o\000n}{}% 1
\BOOKMARK [1][-]{section.2}{\376\377\000C\000o\000o\000p\000e\000r\000a\000t\000i\000o\000n\000\040\000a\000s\000\040\000a\000\040\000B\000i\000o\000l\000o\000g\000i\000c\000a\000l\000\040\000P\000r\000i\000n\000c\000i\000p\000l\000e}{}% 2
\BOOKMARK [1][-]{section.3}{\376\377\000E\000n\000d\000o\000s\000y\000m\000b\000i\000o\000s\000i\000s\000\040\000a\000n\000d\000\040\000t\000h\000e\000\040\000A\000r\000c\000h\000i\000t\000e\000c\000t\000u\000r\000e\000\040\000o\000f\000\040\000C\000o\000m\000p\000l\000e\000x\000i\000t\000y}{}% 3
\BOOKMARK [1][-]{section.4}{\376\377\000C\000o\000o\000r\000d\000i\000n\000a\000t\000i\000o\000n\000\040\000a\000s\000\040\000H\000i\000e\000r\000a\000r\000c\000h\000i\000c\000a\000l\000\040\000E\000r\000r\000o\000r\000\040\000C\000o\000r\000r\000e\000c\000t\000i\000o\000n}{}% 4
\BOOKMARK [2][-]{subsection.4.1}{\376\377\000H\000i\000e\000r\000a\000r\000c\000h\000i\000c\000a\000l\000\040\000E\000r\000r\000o\000r\000-\000C\000o\000r\000r\000e\000c\000t\000i\000n\000g\000\040\000L\000a\000y\000e\000r\000s}{section.4}% 5
\BOOKMARK [1][-]{section.5}{\376\377\000P\000h\000a\000s\000e\000\040\000T\000r\000a\000n\000s\000i\000t\000i\000o\000n\000s\000\040\000i\000n\000\040\000C\000o\000o\000r\000d\000i\000n\000a\000t\000i\000o\000n\000\040\000R\000e\000g\000i\000m\000e\000s}{}% 6
\BOOKMARK [2][-]{subsection.5.1}{\376\377\000B\000i\000f\000u\000r\000c\000a\000t\000i\000o\000n\000\040\000T\000h\000e\000o\000r\000y\000\040\000a\000n\000d\000\040\000I\000n\000s\000t\000i\000t\000u\000t\000i\000o\000n\000a\000l\000\040\000D\000y\000n\000a\000m\000i\000c\000s}{section.5}% 7
\BOOKMARK [2][-]{subsection.5.2}{\376\377\000C\000a\000t\000a\000s\000t\000r\000o\000p\000h\000e\000\040\000v\000s\000.\000\040\000P\000h\000a\000s\000e\000\040\000T\000r\000a\000n\000s\000i\000t\000i\000o\000n}{section.5}% 8
\BOOKMARK [2][-]{subsection.5.3}{\376\377\000H\000y\000s\000t\000e\000r\000e\000s\000i\000s\000\040\000a\000n\000d\000\040\000P\000a\000t\000h\000\040\000D\000e\000p\000e\000n\000d\000e\000n\000c\000e}{section.5}% 9
\BOOKMARK [1][-]{section.6}{\376\377\000S\000c\000i\000e\000n\000t\000i\000f\000i\000c\000\040\000I\000n\000s\000t\000i\000t\000u\000t\000i\000o\000n\000s\000\040\000a\000s\000\040\000K\000n\000o\000w\000l\000e\000d\000g\000e\000\040\000S\000t\000a\000b\000i\000l\000i\000z\000e\000r\000s}{}% 10
\BOOKMARK [1][-]{section.7}{\376\377\000T\000h\000e\000\040\000M\000y\000t\000h\000\040\000o\000f\000\040\000t\000h\000e\000\040\000A\000g\000r\000i\000c\000u\000l\000t\000u\000r\000a\000l\000\040\000T\000r\000a\000p}{}% 11
\BOOKMARK [1][-]{section.8}{\376\377\000T\000h\000e\000\040\000E\000x\000p\000a\000n\000d\000i\000n\000g\000\040\000R\000a\000d\000i\000u\000s\000\040\000o\000f\000\040\000H\000u\000m\000a\000n\000\040\000C\000o\000n\000c\000e\000r\000n}{}% 12
\BOOKMARK [1][-]{section.9}{\376\377\000C\000i\000v\000i\000l\000i\000z\000a\000t\000i\000o\000n\000\040\000a\000s\000\040\000a\000\040\000C\000o\000o\000r\000d\000i\000n\000a\000t\000i\000o\000n\000\040\000E\000n\000g\000i\000n\000e}{}% 13
\BOOKMARK [1][-]{section.10}{\376\377\000M\000i\000s\000t\000a\000k\000i\000n\000g\000\040\000T\000r\000a\000n\000s\000i\000t\000i\000o\000n\000\040\000f\000o\000r\000\040\000C\000o\000l\000l\000a\000p\000s\000e}{}% 14
\BOOKMARK [1][-]{section.11}{\376\377\000C\000i\000v\000i\000l\000i\000z\000a\000t\000i\000o\000n\000\040\000I\000s\000\040\000N\000o\000t\000\040\000a\000\040\000D\000i\000s\000e\000a\000s\000e}{}% 15
\BOOKMARK [1][-]{section.12}{\376\377\000T\000h\000e\000\040\000F\000u\000t\000u\000r\000e\000\040\000o\000f\000\040\000H\000u\000m\000a\000n\000\040\000C\000o\000o\000r\000d\000i\000n\000a\000t\000i\000o\000n}{}% 16
\BOOKMARK [1][-]{section.13}{\376\377\000T\000h\000e\000o\000r\000y\000-\000L\000a\000d\000e\000n\000n\000e\000s\000s\000\040\000a\000n\000d\000\040\000t\000h\000e\000\040\000I\000l\000l\000u\000s\000i\000o\000n\000\040\000o\000f\000\040\000t\000h\000e\000\040\000`\000`\000G\000i\000s\000h\000\040\000G\000a\000l\000l\000o\000p\000'\000'}{}% 17
\BOOKMARK [2][-]{subsection.13.1}{\376\377\000C\000o\000m\000p\000e\000t\000i\000n\000g\000\040\000I\000n\000t\000e\000r\000p\000r\000e\000t\000i\000v\000e\000\040\000F\000r\000a\000m\000e\000w\000o\000r\000k\000s}{section.13}% 18
\BOOKMARK [1][-]{section.14}{\376\377\000C\000i\000v\000i\000l\000i\000z\000a\000t\000i\000o\000n\000\040\000a\000s\000\040\000P\000l\000a\000n\000e\000t\000a\000r\000y\000\040\000I\000n\000f\000o\000r\000m\000a\000t\000i\000o\000n\000\040\000P\000r\000o\000c\000e\000s\000s\000i\000n\000g}{}% 19
\BOOKMARK [1][-]{section.15}{\376\377\000C\000o\000n\000c\000l\000u\000s\000i\000o\000n}{}% 20
\BOOKMARK [1][-]{appendix.A}{\376\377\000M\000u\000l\000t\000i\000s\000c\000a\000l\000e\000\040\000C\000o\000o\000r\000d\000i\000n\000a\000t\000i\000o\000n\000\040\000S\000y\000s\000t\000e\000m\000s}{}% 21
\BOOKMARK [2][-]{subsection.A.1}{\376\377\000B\000a\000s\000e\000\040\000L\000e\000v\000e\000l\000\040\000C\000o\000m\000p\000o\000n\000e\000n\000t\000s}{appendix.A}% 22
\BOOKMARK [2][-]{subsection.A.2}{\376\377\000C\000o\000o\000r\000d\000i\000n\000a\000t\000i\000o\000n\000\040\000O\000p\000e\000r\000a\000t\000o\000r\000s}{appendix.A}% 23
\BOOKMARK [2][-]{subsection.A.3}{\376\377\000N\000e\000s\000t\000e\000d\000\040\000O\000r\000g\000a\000n\000i\000z\000a\000t\000i\000o\000n\000a\000l\000\040\000S\000t\000r\000u\000c\000t\000u\000r\000e}{appendix.A}% 24
\BOOKMARK [2][-]{subsection.A.4}{\376\377\000S\000y\000s\000t\000e\000m\000\040\000O\000b\000s\000e\000r\000v\000a\000b\000l\000e\000s}{appendix.A}% 25
\BOOKMARK [2][-]{subsection.A.5}{\376\377\000D\000y\000n\000a\000m\000i\000c\000a\000l\000\040\000E\000v\000o\000l\000u\000t\000i\000o\000n}{appendix.A}% 26
\BOOKMARK [2][-]{subsection.A.6}{\376\377\000P\000r\000o\000j\000e\000c\000t\000i\000o\000n\000\040\000O\000p\000e\000r\000a\000t\000o\000r\000s}{appendix.A}% 27
\BOOKMARK [2][-]{subsection.A.7}{\376\377\000S\000t\000a\000b\000i\000l\000i\000t\000y\000\040\000o\000f\000\040\000M\000u\000l\000t\000i\000s\000c\000a\000l\000e\000\040\000C\000o\000o\000r\000d\000i\000n\000a\000t\000i\000o\000n}{appendix.A}% 28
\BOOKMARK [1][-]{appendix.B}{\376\377\000E\000r\000r\000o\000r\000-\000C\000o\000r\000r\000e\000c\000t\000i\000n\000g\000\040\000C\000o\000o\000r\000d\000i\000n\000a\000t\000i\000o\000n}{}% 29
\BOOKMARK [2][-]{subsection.B.1}{\376\377\000M\000e\000s\000s\000a\000g\000e\000\040\000S\000p\000a\000c\000e\000\040\000a\000n\000d\000\040\000E\000n\000c\000o\000d\000i\000n\000g}{appendix.B}% 30
\BOOKMARK [2][-]{subsection.B.2}{\376\377\000D\000i\000s\000t\000a\000n\000c\000e\000\040\000S\000t\000r\000u\000c\000t\000u\000r\000e\000\040\000a\000n\000d\000\040\000E\000r\000r\000o\000r\000\040\000C\000o\000r\000r\000e\000c\000t\000i\000o\000n}{appendix.B}% 31
\BOOKMARK [1][-]{appendix.C}{\376\377\000C\000o\000o\000p\000e\000r\000a\000t\000i\000v\000e\000\040\000E\000v\000o\000l\000u\000t\000i\000o\000n\000a\000r\000y\000\040\000D\000y\000n\000a\000m\000i\000c\000s}{}% 32
\BOOKMARK [1][-]{appendix.D}{\376\377\000I\000n\000f\000o\000r\000m\000a\000t\000i\000o\000n\000\040\000A\000c\000c\000u\000m\000u\000l\000a\000t\000i\000o\000n}{}% 33
\BOOKMARK [1][-]{appendix.E}{\376\377\000H\000i\000e\000r\000a\000r\000c\000h\000i\000c\000a\000l\000\040\000S\000t\000a\000b\000i\000l\000i\000t\000y}{}% 34
\BOOKMARK [2][-]{subsection.E.1}{\376\377\000G\000r\000a\000d\000i\000e\000n\000t\000\040\000F\000l\000o\000w\000\040\000D\000y\000n\000a\000m\000i\000c\000s}{appendix.E}% 35
\BOOKMARK [1][-]{appendix.F}{\376\377\000C\000a\000t\000e\000g\000o\000r\000i\000c\000a\000l\000\040\000C\000o\000o\000r\000d\000i\000n\000a\000t\000i\000o\000n\000\040\000S\000t\000r\000u\000c\000t\000u\000r\000e\000s}{}% 36
\BOOKMARK [2][-]{subsection.F.1}{\376\377\000C\000a\000t\000e\000g\000o\000r\000i\000e\000s\000\040\000a\000n\000d\000\040\000F\000u\000n\000c\000t\000o\000r\000s}{appendix.F}% 37
\BOOKMARK [1][-]{appendix.G}{\376\377\000G\000r\000a\000p\000h\000\040\000C\000o\000o\000r\000d\000i\000n\000a\000t\000i\000o\000n\000\040\000D\000y\000n\000a\000m\000i\000c\000s}{}% 38
\BOOKMARK [1][-]{appendix.H}{\376\377\000R\000e\000p\000l\000i\000c\000a\000t\000o\000r\040\023\000M\000u\000t\000a\000t\000o\000r\000\040\000S\000y\000s\000t\000e\000m\000s}{}% 39
\BOOKMARK [1][-]{appendix.I}{\376\377\000I\000n\000f\000o\000r\000m\000a\000t\000i\000o\000n\000\040\000G\000e\000o\000m\000e\000t\000r\000y}{}% 40
\BOOKMARK [1][-]{appendix.J}{\376\377\000G\000e\000o\000z\000o\000t\000i\000c\000\040\000D\000i\000s\000t\000a\000n\000c\000e\000\040\000a\000s\000\040\000a\000\040\000M\000e\000t\000r\000i\000c\000\040\000S\000t\000r\000u\000c\000t\000u\000r\000e}{}% 41
\BOOKMARK [1][-]{appendix.K}{\376\377\000S\000t\000o\000c\000h\000a\000s\000t\000i\000c\000\040\000I\000n\000s\000t\000i\000t\000u\000t\000i\000o\000n\000a\000l\000\040\000D\000y\000n\000a\000m\000i\000c\000s}{}% 42
\BOOKMARK [2][-]{subsection.K.1}{\376\377\000S\000t\000o\000c\000h\000a\000s\000t\000i\000c\000\040\000D\000i\000f\000f\000e\000r\000e\000n\000t\000i\000a\000l\000\040\000E\000q\000u\000a\000t\000i\000o\000n\000s\000\040\000f\000o\000r\000\040\000C\000o\000o\000r\000d\000i\000n\000a\000t\000i\000o\000n}{appendix.K}% 43
\BOOKMARK [2][-]{subsection.K.2}{\376\377\000F\000o\000k\000k\000e\000r\040\023\000P\000l\000a\000n\000c\000k\000\040\000E\000q\000u\000a\000t\000i\000o\000n}{appendix.K}% 44
\BOOKMARK [2][-]{subsection.K.3}{\376\377\000S\000t\000a\000t\000i\000o\000n\000a\000r\000y\000\040\000D\000i\000s\000t\000r\000i\000b\000u\000t\000i\000o\000n\000s}{appendix.K}% 45
\BOOKMARK [2][-]{subsection.K.4}{\376\377\000M\000e\000t\000a\000s\000t\000a\000b\000i\000l\000i\000t\000y\000\040\000a\000n\000d\000\040\000E\000s\000c\000a\000p\000e\000\040\000f\000r\000o\000m\000\040\000C\000o\000o\000r\000d\000i\000n\000a\000t\000i\000o\000n\000\040\000R\000e\000g\000i\000m\000e\000s}{appendix.K}% 46
\BOOKMARK [2][-]{subsection.K.5}{\376\377\000A\000\040\000S\000t\000o\000c\000h\000a\000s\000t\000i\000c\000\040\000S\000t\000a\000b\000i\000l\000i\000t\000y\000\040\000T\000h\000e\000o\000r\000e\000m}{appendix.K}% 47
\BOOKMARK [1][-]{appendix.L}{\376\377\000T\000o\000p\000o\000s\000-\000T\000h\000e\000o\000r\000e\000t\000i\000c\000\040\000C\000o\000o\000r\000d\000i\000n\000a\000t\000i\000o\000n}{}% 48
\BOOKMARK [2][-]{subsection.L.1}{\376\377\000G\000r\000o\000t\000h\000e\000n\000d\000i\000e\000c\000k\000\040\000T\000o\000p\000o\000i}{appendix.L}% 49
\BOOKMARK [2][-]{subsection.L.2}{\376\377\000I\000n\000t\000e\000r\000n\000a\000l\000\040\000L\000o\000g\000i\000c\000\040\000a\000n\000d\000\040\000D\000i\000s\000t\000r\000i\000b\000u\000t\000e\000d\000\040\000R\000e\000a\000s\000o\000n\000i\000n\000g}{appendix.L}% 50
\BOOKMARK [2][-]{subsection.L.3}{\376\377\000G\000e\000o\000m\000e\000t\000r\000i\000c\000\040\000M\000o\000r\000p\000h\000i\000s\000m\000s\000\040\000a\000s\000\040\000I\000n\000s\000t\000i\000t\000u\000t\000i\000o\000n\000a\000l\000\040\000T\000r\000a\000n\000s\000f\000o\000r\000m\000a\000t\000i\000o\000n\000s}{appendix.L}% 51
\BOOKMARK [2][-]{subsection.L.4}{\376\377\000C\000l\000a\000s\000s\000i\000f\000y\000i\000n\000g\000\040\000T\000o\000p\000o\000s\000\040\000a\000n\000d\000\040\000U\000n\000i\000v\000e\000r\000s\000a\000l\000\040\000C\000o\000o\000r\000d\000i\000n\000a\000t\000i\000o\000n}{appendix.L}% 52
\BOOKMARK [1][-]{appendix.M}{\376\377\000S\000h\000e\000a\000f\000\040\000S\000t\000r\000u\000c\000t\000u\000r\000e\000s\000\040\000f\000o\000r\000\040\000D\000i\000s\000t\000r\000i\000b\000u\000t\000e\000d\000\040\000K\000n\000o\000w\000l\000e\000d\000g\000e}{}% 53
\BOOKMARK [2][-]{subsection.M.1}{\376\377\000P\000r\000e\000s\000h\000e\000a\000v\000e\000s\000,\000\040\000R\000e\000s\000t\000r\000i\000c\000t\000i\000o\000n\000\040\000M\000a\000p\000s\000,\000\040\000a\000n\000d\000\040\000G\000l\000u\000i\000n\000g}{appendix.M}% 54
\BOOKMARK [2][-]{subsection.M.2}{\376\377\000S\000h\000e\000a\000f\000i\000f\000i\000c\000a\000t\000i\000o\000n}{appendix.M}% 55
\BOOKMARK [2][-]{subsection.M.3}{\376\377\001\014\000e\000c\000h\000\040\000C\000o\000h\000o\000m\000o\000l\000o\000g\000y\000\040\000a\000n\000d\000\040\000C\000o\000o\000r\000d\000i\000n\000a\000t\000i\000o\000n\000\040\000O\000b\000s\000t\000r\000u\000c\000t\000i\000o\000n\000s}{appendix.M}% 56
\BOOKMARK [1][-]{appendix.N}{\376\377\000A\000d\000d\000i\000t\000i\000o\000n\000a\000l\000\040\000D\000y\000n\000a\000m\000i\000c\000a\000l\000\040\000S\000t\000r\000u\000c\000t\000u\000r\000e\000s}{}% 57
\BOOKMARK [2][-]{subsection.N.1}{\376\377\000T\000o\000p\000o\000l\000o\000g\000i\000c\000a\000l\000\040\000a\000n\000d\000\040\000M\000e\000a\000s\000u\000r\000e\000-\000T\000h\000e\000o\000r\000e\000t\000i\000c\000\040\000E\000n\000t\000r\000o\000p\000y}{appendix.N}% 58
\BOOKMARK [2][-]{subsection.N.2}{\376\377\000E\000n\000t\000r\000o\000p\000y\000\040\000P\000r\000o\000d\000u\000c\000t\000i\000o\000n\000\040\000i\000n\000\040\000N\000o\000n\000e\000q\000u\000i\000l\000i\000b\000r\000i\000u\000m\000\040\000C\000o\000o\000r\000d\000i\000n\000a\000t\000i\000o\000n}{appendix.N}% 59
\BOOKMARK [2][-]{subsection.N.3}{\376\377\000R\000e\000n\000o\000r\000m\000a\000l\000i\000z\000a\000t\000i\000o\000n\000\040\000a\000n\000d\000\040\000S\000c\000a\000l\000e\000\040\000I\000n\000v\000a\000r\000i\000a\000n\000c\000e}{appendix.N}% 60
\BOOKMARK [2][-]{subsection.N.4}{\376\377\000S\000y\000m\000b\000o\000l\000i\000c\000\040\000D\000y\000n\000a\000m\000i\000c\000s\000\040\000a\000n\000d\000\040\000C\000o\000o\000r\000d\000i\000n\000a\000t\000i\000o\000n\000\040\000C\000o\000m\000p\000l\000e\000x\000i\000t\000y}{appendix.N}% 61
\BOOKMARK [1][-]{appendix.O}{\376\377\000H\000i\000e\000r\000a\000r\000c\000h\000i\000c\000a\000l\000\040\000C\000o\000o\000r\000d\000i\000n\000a\000t\000i\000o\000n\000\040\000O\000p\000e\000r\000a\000t\000o\000r\000s}{}% 62
\BOOKMARK [2][-]{subsection.O.1}{\376\377\000S\000t\000a\000t\000e\000\040\000S\000p\000a\000c\000e\000s}{appendix.O}% 63
\BOOKMARK [2][-]{subsection.O.2}{\376\377\000C\000o\000o\000r\000d\000i\000n\000a\000t\000i\000o\000n\000\040\000O\000p\000e\000r\000a\000t\000o\000r\000s}{appendix.O}% 64
\BOOKMARK [2][-]{subsection.O.3}{\376\377\000P\000r\000o\000j\000e\000c\000t\000i\000o\000n\000\040\000O\000p\000e\000r\000a\000t\000o\000r\000s}{appendix.O}% 65
\BOOKMARK [2][-]{subsection.O.4}{\376\377\000H\000i\000e\000r\000a\000r\000c\000h\000y\000\040\000o\000f\000\040\000S\000t\000a\000t\000e\000s}{appendix.O}% 66
\BOOKMARK [2][-]{subsection.O.5}{\376\377\000O\000p\000e\000r\000a\000t\000o\000r\000\040\000F\000a\000m\000i\000l\000y}{appendix.O}% 67
\BOOKMARK [2][-]{subsection.O.6}{\376\377\000A\000s\000y\000m\000p\000t\000o\000t\000i\000c\000\040\000C\000o\000o\000r\000d\000i\000n\000a\000t\000i\000o\000n}{appendix.O}% 68
\BOOKMARK [1][-]{appendix.P}{\376\377\000D\000i\000s\000t\000r\000i\000b\000u\000t\000e\000d\000\040\000E\000r\000r\000o\000r\000\040\000C\000o\000r\000r\000e\000c\000t\000i\000o\000n}{}% 69
\BOOKMARK [2][-]{subsection.P.1}{\376\377\000M\000e\000s\000s\000a\000g\000e\000\040\000S\000p\000a\000c\000e}{appendix.P}% 70
\BOOKMARK [2][-]{subsection.P.2}{\376\377\000E\000n\000c\000o\000d\000i\000n\000g}{appendix.P}% 71
\BOOKMARK [2][-]{subsection.P.3}{\376\377\000D\000i\000s\000t\000a\000n\000c\000e\000\040\000S\000t\000r\000u\000c\000t\000u\000r\000e}{appendix.P}% 72
\BOOKMARK [2][-]{subsection.P.4}{\376\377\000E\000r\000r\000o\000r\000\040\000C\000o\000r\000r\000e\000c\000t\000i\000o\000n\000\040\000R\000a\000d\000i\000u\000s}{appendix.P}% 73
\BOOKMARK [2][-]{subsection.P.5}{\376\377\000D\000e\000c\000o\000d\000i\000n\000g}{appendix.P}% 74
\BOOKMARK [2][-]{subsection.P.6}{\376\377\000I\000t\000e\000r\000a\000t\000e\000d\000\040\000C\000o\000r\000r\000e\000c\000t\000i\000o\000n}{appendix.P}% 75
\BOOKMARK [2][-]{subsection.P.7}{\376\377\000A\000s\000y\000m\000p\000t\000o\000t\000i\000c\000\040\000C\000o\000r\000r\000e\000c\000t\000i\000o\000n}{appendix.P}% 76
\BOOKMARK [1][-]{appendix.Q}{\376\377\000G\000l\000u\000i\000n\000g\000\040\000C\000o\000n\000d\000i\000t\000i\000o\000n\000s}{}% 77
\BOOKMARK [2][-]{subsection.Q.1}{\376\377\000O\000p\000e\000n\000\040\000C\000o\000v\000e\000r\000s}{appendix.Q}% 78
\BOOKMARK [2][-]{subsection.Q.2}{\376\377\000L\000o\000c\000a\000l\000\040\000S\000e\000c\000t\000i\000o\000n\000s}{appendix.Q}% 79
\BOOKMARK [2][-]{subsection.Q.3}{\376\377\000C\000o\000m\000p\000a\000t\000i\000b\000i\000l\000i\000t\000y\000\040\000o\000n\000\040\000O\000v\000e\000r\000l\000a\000p\000s}{appendix.Q}% 80
\BOOKMARK [2][-]{subsection.Q.4}{\376\377\000E\000x\000i\000s\000t\000e\000n\000c\000e\000\040\000a\000n\000d\000\040\000U\000n\000i\000q\000u\000e\000n\000e\000s\000s\000\040\000o\000f\000\040\000G\000l\000u\000i\000n\000g}{appendix.Q}% 81
\BOOKMARK [2][-]{subsection.Q.5}{\376\377\000I\000n\000t\000e\000r\000p\000r\000e\000t\000a\000t\000i\000o\000n}{appendix.Q}% 82
\BOOKMARK [1][-]{appendix.R}{\376\377\000P\000r\000e\000s\000h\000e\000a\000f\000\040\000D\000y\000n\000a\000m\000i\000c\000s}{}% 83
\BOOKMARK [2][-]{subsection.R.1}{\376\377\000P\000r\000e\000s\000h\000e\000a\000v\000e\000s}{appendix.R}% 84
\BOOKMARK [2][-]{subsection.R.2}{\376\377\000S\000e\000c\000t\000i\000o\000n\000s}{appendix.R}% 85
\BOOKMARK [2][-]{subsection.R.3}{\376\377\000S\000h\000e\000a\000f\000i\000f\000i\000c\000a\000t\000i\000o\000n}{appendix.R}% 86
\BOOKMARK [2][-]{subsection.R.4}{\376\377\000I\000n\000t\000e\000r\000p\000r\000e\000t\000a\000t\000i\000o\000n}{appendix.R}% 87
\BOOKMARK [1][-]{appendix.S}{\376\377\000I\000n\000s\000t\000i\000t\000u\000t\000i\000o\000n\000a\000l\000\040\000S\000e\000c\000t\000i\000o\000n\000s}{}% 88
\BOOKMARK [2][-]{subsection.S.1}{\376\377\000L\000o\000c\000a\000l\000\040\000S\000e\000c\000t\000i\000o\000n\000s}{appendix.S}% 89
\BOOKMARK [2][-]{subsection.S.2}{\376\377\000G\000l\000o\000b\000a\000l\000\040\000S\000e\000c\000t\000i\000o\000n\000s}{appendix.S}% 90
\BOOKMARK [2][-]{subsection.S.3}{\376\377\000R\000e\000s\000t\000r\000i\000c\000t\000i\000o\000n\000\040\000t\000o\000\040\000L\000o\000c\000a\000l\000\040\000D\000o\000m\000a\000i\000n\000s}{appendix.S}% 91
\BOOKMARK [2][-]{subsection.S.4}{\376\377\000K\000e\000r\000n\000e\000l\000\040\000o\000f\000\040\000R\000e\000s\000t\000r\000i\000c\000t\000i\000o\000n}{appendix.S}% 92
\BOOKMARK [2][-]{subsection.S.5}{\376\377\000I\000m\000a\000g\000e\000\040\000o\000f\000\040\000R\000e\000s\000t\000r\000i\000c\000t\000i\000o\000n}{appendix.S}% 93
\BOOKMARK [2][-]{subsection.S.6}{\376\377\000I\000n\000t\000e\000r\000p\000r\000e\000t\000a\000t\000i\000o\000n}{appendix.S}% 94
\BOOKMARK [1][-]{appendix.T}{\376\377\000D\000e\000r\000i\000v\000e\000d\000\040\000S\000t\000r\000u\000c\000t\000u\000r\000e\000s}{}% 95
\BOOKMARK [2][-]{subsection.T.1}{\376\377\000S\000h\000o\000r\000t\000\040\000E\000x\000a\000c\000t\000\040\000S\000e\000q\000u\000e\000n\000c\000e\000s}{appendix.T}% 96
\BOOKMARK [2][-]{subsection.T.2}{\376\377\000C\000o\000h\000o\000m\000o\000l\000o\000g\000y\000\040\000G\000r\000o\000u\000p\000s}{appendix.T}% 97
\BOOKMARK [2][-]{subsection.T.3}{\376\377\001\014\000e\000c\000h\000\040\000C\000o\000h\000o\000m\000o\000l\000o\000g\000y}{appendix.T}% 98
\BOOKMARK [2][-]{subsection.T.4}{\376\377\000C\000o\000b\000o\000u\000n\000d\000a\000r\000y\000\040\000O\000p\000e\000r\000a\000t\000o\000r}{appendix.T}% 99
\BOOKMARK [2][-]{subsection.T.5}{\376\377\000C\000o\000h\000o\000m\000o\000l\000o\000g\000y\000\040\000D\000e\000f\000i\000n\000i\000t\000i\000o\000n}{appendix.T}% 100
\BOOKMARK [2][-]{subsection.T.6}{\376\377\000I\000n\000t\000e\000r\000p\000r\000e\000t\000a\000t\000i\000o\000n}{appendix.T}% 101
\BOOKMARK [1][-]{appendix.U}{\376\377\000C\000o\000o\000r\000d\000i\000n\000a\000t\000i\000o\000n\000\040\000L\000i\000m\000i\000t\000s}{}% 102
\BOOKMARK [2][-]{subsection.U.1}{\376\377\000D\000i\000r\000e\000c\000t\000e\000d\000\040\000S\000y\000s\000t\000e\000m\000s\000\040\000o\000f\000\040\000S\000h\000e\000a\000v\000e\000s}{appendix.U}% 103
\BOOKMARK [2][-]{subsection.U.2}{\376\377\000I\000n\000v\000e\000r\000s\000e\000\040\000L\000i\000m\000i\000t\000s}{appendix.U}% 104
\BOOKMARK [2][-]{subsection.U.3}{\376\377\000D\000i\000r\000e\000c\000t\000\040\000L\000i\000m\000i\000t\000s}{appendix.U}% 105
\BOOKMARK [2][-]{subsection.U.4}{\376\377\000N\000a\000t\000u\000r\000a\000l\000\040\000T\000r\000a\000n\000s\000f\000o\000r\000m\000a\000t\000i\000o\000n\000s}{appendix.U}% 106
\BOOKMARK [2][-]{subsection.U.5}{\376\377\000C\000a\000t\000e\000g\000o\000r\000y\000\040\000o\000f\000\040\000S\000h\000e\000a\000v\000e\000s}{appendix.U}% 107
\BOOKMARK [2][-]{subsection.U.6}{\376\377\000R\000e\000l\000a\000t\000i\000o\000n\000\040\000t\000o\000\040\000P\000r\000e\000s\000h\000e\000a\000v\000e\000s}{appendix.U}% 108
\BOOKMARK [1][-]{appendix.V}{\376\377\000T\000o\000p\000o\000l\000o\000g\000i\000c\000a\000l\000\040\000E\000n\000t\000r\000o\000p\000y\000\040\000a\000n\000d\000\040\000D\000y\000n\000a\000m\000i\000c\000a\000l\000\040\000S\000t\000a\000b\000i\000l\000i\000t\000y}{}% 109
\BOOKMARK [2][-]{subsection.V.1}{\376\377\000M\000e\000t\000r\000i\000c\000\040\000D\000y\000n\000a\000m\000i\000c\000a\000l\000\040\000S\000y\000s\000t\000e\000m\000s}{appendix.V}% 110
\BOOKMARK [2][-]{subsection.V.2}{\376\377\000D\000y\000n\000a\000m\000i\000c\000a\000l\000\040\000D\000i\000s\000t\000a\000n\000c\000e}{appendix.V}% 111
\BOOKMARK [2][-]{subsection.V.3}{\376\377\000D\000y\000n\000a\000m\000i\000c\000a\000l\000\040\000B\000a\000l\000l\000s}{appendix.V}% 112
\BOOKMARK [2][-]{subsection.V.4}{\376\377\000C\000o\000v\000e\000r\000i\000n\000g\000\040\000N\000u\000m\000b\000e\000r\000s}{appendix.V}% 113
\BOOKMARK [2][-]{subsection.V.5}{\376\377\000S\000e\000p\000a\000r\000a\000t\000e\000d\000\040\000S\000e\000t\000s}{appendix.V}% 114
\BOOKMARK [2][-]{subsection.V.6}{\376\377\000T\000o\000p\000o\000l\000o\000g\000i\000c\000a\000l\000\040\000E\000n\000t\000r\000o\000p\000y}{appendix.V}% 115
\BOOKMARK [2][-]{subsection.V.7}{\376\377\000I\000n\000t\000e\000r\000p\000r\000e\000t\000a\000t\000i\000o\000n}{appendix.V}% 116
\BOOKMARK [1][-]{appendix.W}{\376\377\000M\000e\000a\000s\000u\000r\000e\000-\000T\000h\000e\000o\000r\000e\000t\000i\000c\000\040\000E\000n\000t\000r\000o\000p\000y}{}% 117
\BOOKMARK [2][-]{subsection.W.1}{\376\377\000M\000e\000a\000s\000u\000r\000e\000-\000P\000r\000e\000s\000e\000r\000v\000i\000n\000g\000\040\000S\000y\000s\000t\000e\000m\000s}{appendix.W}% 118
\BOOKMARK [2][-]{subsection.W.2}{\376\377\000P\000a\000r\000t\000i\000t\000i\000o\000n\000s}{appendix.W}% 119
\BOOKMARK [2][-]{subsection.W.3}{\376\377\000E\000n\000t\000r\000o\000p\000y\000\040\000o\000f\000\040\000a\000\040\000P\000a\000r\000t\000i\000t\000i\000o\000n}{appendix.W}% 120
\BOOKMARK [2][-]{subsection.W.4}{\376\377\000R\000e\000f\000i\000n\000e\000d\000\040\000P\000a\000r\000t\000i\000t\000i\000o\000n\000s}{appendix.W}% 121
\BOOKMARK [2][-]{subsection.W.5}{\376\377\000E\000n\000t\000r\000o\000p\000y\000\040\000R\000a\000t\000e}{appendix.W}% 122
\BOOKMARK [2][-]{subsection.W.6}{\376\377\000K\000o\000l\000m\000o\000g\000o\000r\000o\000v\040\023\000S\000i\000n\000a\000i\000\040\000E\000n\000t\000r\000o\000p\000y}{appendix.W}% 123
\BOOKMARK [2][-]{subsection.W.7}{\376\377\000R\000e\000l\000a\000t\000i\000o\000n\000\040\000t\000o\000\040\000T\000o\000p\000o\000l\000o\000g\000i\000c\000a\000l\000\040\000E\000n\000t\000r\000o\000p\000y}{appendix.W}% 124
\BOOKMARK [1][-]{appendix.X}{\376\377\000L\000y\000a\000p\000u\000n\000o\000v\000\040\000S\000t\000r\000u\000c\000t\000u\000r\000e}{}% 125
\BOOKMARK [2][-]{subsection.X.1}{\376\377\000D\000i\000s\000c\000r\000e\000t\000e\000\040\000D\000y\000n\000a\000m\000i\000c\000a\000l\000\040\000S\000y\000s\000t\000e\000m\000s}{appendix.X}% 126
\BOOKMARK [2][-]{subsection.X.2}{\376\377\000L\000y\000a\000p\000u\000n\000o\000v\000\040\000E\000x\000p\000o\000n\000e\000n\000t\000s}{appendix.X}% 127
\BOOKMARK [2][-]{subsection.X.3}{\376\377\000S\000t\000a\000b\000i\000l\000i\000t\000y\000\040\000a\000n\000d\000\040\000I\000n\000s\000t\000a\000b\000i\000l\000i\000t\000y}{appendix.X}% 128
\BOOKMARK [2][-]{subsection.X.4}{\376\377\000L\000y\000a\000p\000u\000n\000o\000v\000\040\000F\000u\000n\000c\000t\000i\000o\000n\000s}{appendix.X}% 129
\BOOKMARK [2][-]{subsection.X.5}{\376\377\000C\000o\000n\000t\000i\000n\000u\000o\000u\000s\000\040\000D\000y\000n\000a\000m\000i\000c\000a\000l\000\040\000S\000y\000s\000t\000e\000m\000s}{appendix.X}% 130
\BOOKMARK [1][-]{appendix.Y}{\376\377\000N\000e\000t\000w\000o\000r\000k\000e\000d\000\040\000D\000y\000n\000a\000m\000i\000c\000a\000l\000\040\000S\000y\000s\000t\000e\000m\000s}{}% 131
\BOOKMARK [2][-]{subsection.Y.1}{\376\377\000I\000n\000t\000e\000r\000a\000c\000t\000i\000o\000n\000\040\000G\000r\000a\000p\000h}{appendix.Y}% 132
\BOOKMARK [2][-]{subsection.Y.2}{\376\377\000G\000r\000a\000p\000h\000\040\000L\000a\000p\000l\000a\000c\000i\000a\000n}{appendix.Y}% 133
\BOOKMARK [2][-]{subsection.Y.3}{\376\377\000N\000e\000t\000w\000o\000r\000k\000\040\000D\000y\000n\000a\000m\000i\000c\000s}{appendix.Y}% 134
\BOOKMARK [2][-]{subsection.Y.4}{\376\377\000L\000o\000c\000a\000l\000\040\000N\000o\000d\000e\000\040\000D\000y\000n\000a\000m\000i\000c\000s}{appendix.Y}% 135
\BOOKMARK [2][-]{subsection.Y.5}{\376\377\000E\000q\000u\000i\000l\000i\000b\000r\000i\000a}{appendix.Y}% 136
\BOOKMARK [2][-]{subsection.Y.6}{\376\377\000L\000i\000n\000e\000a\000r\000\040\000S\000t\000a\000b\000i\000l\000i\000t\000y}{appendix.Y}% 137
\BOOKMARK [1][-]{appendix.Z}{\376\377\000C\000o\000n\000t\000r\000o\000l\000\040\000a\000n\000d\000\040\000O\000b\000s\000e\000r\000v\000a\000b\000i\000l\000i\000t\000y}{}% 138
\BOOKMARK [2][-]{subsection.Z.1}{\376\377\000L\000i\000n\000e\000a\000r\000\040\000C\000o\000n\000t\000r\000o\000l\000\040\000S\000y\000s\000t\000e\000m\000s}{appendix.Z}% 139
\BOOKMARK [2][-]{subsection.Z.2}{\376\377\000C\000o\000n\000t\000r\000o\000l\000l\000a\000b\000i\000l\000i\000t\000y}{appendix.Z}% 140
\BOOKMARK [2][-]{subsection.Z.3}{\376\377\000O\000b\000s\000e\000r\000v\000a\000b\000i\000l\000i\000t\000y}{appendix.Z}% 141
\BOOKMARK [2][-]{subsection.Z.4}{\376\377\000O\000p\000t\000i\000m\000a\000l\000\040\000C\000o\000n\000t\000r\000o\000l}{appendix.Z}% 142
\BOOKMARK [2][-]{subsection.Z.5}{\376\377\000O\000p\000t\000i\000m\000a\000l\000\040\000F\000e\000e\000d\000b\000a\000c\000k\000\040\000L\000a\000w}{appendix.Z}% 143
\BOOKMARK [1][-]{appendix.Alph27}{\376\377\000S\000y\000m\000b\000o\000l\000i\000c\000\040\000D\000y\000n\000a\000m\000i\000c\000s}{}% 144
\BOOKMARK [2][-]{subsection.Alph27.1}{\376\377\000S\000h\000i\000f\000t\000\040\000S\000p\000a\000c\000e\000s}{appendix.Alph27}% 145
\BOOKMARK [2][-]{subsection.Alph27.2}{\376\377\000L\000a\000n\000g\000u\000a\000g\000e\000\040\000o\000f\000\040\000t\000h\000e\000\040\000S\000h\000i\000f\000t}{appendix.Alph27}% 146
\BOOKMARK [2][-]{subsection.Alph27.3}{\376\377\000T\000o\000p\000o\000l\000o\000g\000i\000c\000a\000l\000\040\000E\000n\000t\000r\000o\000p\000y}{appendix.Alph27}% 147
\BOOKMARK [2][-]{subsection.Alph27.4}{\376\377\000S\000u\000b\000s\000h\000i\000f\000t\000s\000\040\000o\000f\000\040\000F\000i\000n\000i\000t\000e\000\040\000T\000y\000p\000e}{appendix.Alph27}% 148
\BOOKMARK [2][-]{subsection.Alph27.5}{\376\377\000E\000n\000t\000r\000o\000p\000y\000\040\000o\000f\000\040\000a\000\040\000S\000u\000b\000s\000h\000i\000f\000t}{appendix.Alph27}% 149
\BOOKMARK [1][-]{appendix.Alph28}{\376\377\000M\000u\000l\000t\000i\000s\000c\000a\000l\000e\000\040\000R\000e\000n\000o\000r\000m\000a\000l\000i\000z\000a\000t\000i\000o\000n}{}% 150
\BOOKMARK [2][-]{subsection.Alph28.1}{\376\377\000H\000i\000e\000r\000a\000r\000c\000h\000y\000\040\000o\000f\000\040\000S\000t\000a\000t\000e\000\040\000S\000p\000a\000c\000e\000s}{appendix.Alph28}% 151
\BOOKMARK [2][-]{subsection.Alph28.2}{\376\377\000S\000c\000a\000l\000e\000-\000D\000e\000p\000e\000n\000d\000e\000n\000t\000\040\000D\000y\000n\000a\000m\000i\000c\000s}{appendix.Alph28}% 152
\BOOKMARK [2][-]{subsection.Alph28.3}{\376\377\000R\000e\000n\000o\000r\000m\000a\000l\000i\000z\000a\000t\000i\000o\000n\000\040\000O\000p\000e\000r\000a\000t\000o\000r}{appendix.Alph28}% 153
\BOOKMARK [2][-]{subsection.Alph28.4}{\376\377\000F\000i\000x\000e\000d\000\040\000P\000o\000i\000n\000t\000s}{appendix.Alph28}% 154
\BOOKMARK [2][-]{subsection.Alph28.5}{\376\377\000L\000i\000n\000e\000a\000r\000i\000z\000a\000t\000i\000o\000n}{appendix.Alph28}% 155
\BOOKMARK [2][-]{subsection.Alph28.6}{\376\377\000R\000e\000l\000e\000v\000a\000n\000t\000\040\000a\000n\000d\000\040\000I\000r\000r\000e\000l\000e\000v\000a\000n\000t\000\040\000D\000i\000r\000e\000c\000t\000i\000o\000n\000s}{appendix.Alph28}% 156
\BOOKMARK [1][-]{appendix.Alph29}{\376\377\000E\000n\000t\000r\000o\000p\000y\000\040\000P\000r\000o\000d\000u\000c\000t\000i\000o\000n}{}% 157
\BOOKMARK [2][-]{subsection.Alph29.1}{\376\377\000P\000r\000o\000b\000a\000b\000i\000l\000i\000t\000y\000\040\000D\000e\000n\000s\000i\000t\000i\000e\000s}{appendix.Alph29}% 158
\BOOKMARK [2][-]{subsection.Alph29.2}{\376\377\000C\000o\000n\000t\000i\000n\000u\000i\000t\000y\000\040\000E\000q\000u\000a\000t\000i\000o\000n}{appendix.Alph29}% 159
\BOOKMARK [2][-]{subsection.Alph29.3}{\376\377\000F\000l\000u\000x\000\040\000D\000e\000c\000o\000m\000p\000o\000s\000i\000t\000i\000o\000n}{appendix.Alph29}% 160
\BOOKMARK [2][-]{subsection.Alph29.4}{\376\377\000E\000n\000t\000r\000o\000p\000y\000\040\000F\000u\000n\000c\000t\000i\000o\000n\000a\000l}{appendix.Alph29}% 161
\BOOKMARK [2][-]{subsection.Alph29.5}{\376\377\000E\000n\000t\000r\000o\000p\000y\000\040\000E\000v\000o\000l\000u\000t\000i\000o\000n}{appendix.Alph29}% 162
\BOOKMARK [2][-]{subsection.Alph29.6}{\376\377\000E\000n\000t\000r\000o\000p\000y\000\040\000P\000r\000o\000d\000u\000c\000t\000i\000o\000n\000\040\000R\000a\000t\000e}{appendix.Alph29}% 163
\BOOKMARK [2][-]{subsection.Alph29.7}{\376\377\000N\000o\000n\000n\000e\000g\000a\000t\000i\000v\000i\000t\000y}{appendix.Alph29}% 164
\BOOKMARK [1][-]{appendix.Alph30}{\376\377\000V\000a\000r\000i\000a\000t\000i\000o\000n\000a\000l\000\040\000P\000r\000i\000n\000c\000i\000p\000l\000e}{}% 165
\BOOKMARK [2][-]{subsection.Alph30.1}{\376\377\000I\000n\000v\000a\000r\000i\000a\000n\000t\000\040\000M\000e\000a\000s\000u\000r\000e\000s}{appendix.Alph30}% 166
\BOOKMARK [2][-]{subsection.Alph30.2}{\376\377\000V\000a\000r\000i\000a\000t\000i\000o\000n\000a\000l\000\040\000C\000h\000a\000r\000a\000c\000t\000e\000r\000i\000z\000a\000t\000i\000o\000n\000\040\000o\000f\000\040\000E\000n\000t\000r\000o\000p\000y}{appendix.Alph30}% 167
\BOOKMARK [2][-]{subsection.Alph30.3}{\376\377\000T\000o\000p\000o\000l\000o\000g\000i\000c\000a\000l\000\040\000P\000r\000e\000s\000s\000u\000r\000e}{appendix.Alph30}% 168
\BOOKMARK [2][-]{subsection.Alph30.4}{\376\377\000E\000q\000u\000i\000l\000i\000b\000r\000i\000u\000m\000\040\000M\000e\000a\000s\000u\000r\000e\000s}{appendix.Alph30}% 169
\BOOKMARK [2][-]{subsection.Alph30.5}{\376\377\000I\000n\000t\000e\000r\000p\000r\000e\000t\000a\000t\000i\000o\000n}{appendix.Alph30}% 170
\BOOKMARK [1][-]{appendix.Alph31}{\376\377\000C\000r\000i\000t\000i\000c\000a\000l\000\040\000T\000h\000r\000e\000s\000h\000o\000l\000d\000s}{}% 171
\BOOKMARK [2][-]{subsection.Alph31.1}{\376\377\000E\000n\000t\000r\000o\000p\000y\000\040\000T\000h\000r\000e\000s\000h\000o\000l\000d}{appendix.Alph31}% 172
\BOOKMARK [2][-]{subsection.Alph31.2}{\376\377\000S\000t\000a\000b\000i\000l\000i\000t\000y\000\040\000T\000h\000r\000e\000s\000h\000o\000l\000d}{appendix.Alph31}% 173
\BOOKMARK [2][-]{subsection.Alph31.3}{\376\377\000C\000o\000n\000t\000r\000o\000l\000l\000a\000b\000i\000l\000i\000t\000y\000\040\000T\000h\000r\000e\000s\000h\000o\000l\000d}{appendix.Alph31}% 174
\BOOKMARK [2][-]{subsection.Alph31.4}{\376\377\000C\000o\000h\000o\000m\000o\000l\000o\000g\000i\000c\000a\000l\000\040\000T\000h\000r\000e\000s\000h\000o\000l\000d}{appendix.Alph31}% 175
\BOOKMARK [2][-]{subsection.Alph31.5}{\376\377\000I\000n\000t\000e\000r\000p\000r\000e\000t\000a\000t\000i\000o\000n}{appendix.Alph31}% 176
