\BOOKMARK [1][-]{section.1}{\376\377\000I\000n\000t\000r\000o\000d\000u\000c\000t\000i\000o\000n}{}% 1
\BOOKMARK [1][-]{section.2}{\376\377\000C\000o\000o\000p\000e\000r\000a\000t\000i\000o\000n\000\040\000a\000s\000\040\000a\000\040\000B\000i\000o\000l\000o\000g\000i\000c\000a\000l\000\040\000P\000r\000i\000n\000c\000i\000p\000l\000e}{}% 2
\BOOKMARK [1][-]{section.3}{\376\377\000E\000n\000d\000o\000s\000y\000m\000b\000i\000o\000s\000i\000s\000\040\000a\000n\000d\000\040\000t\000h\000e\000\040\000A\000r\000c\000h\000i\000t\000e\000c\000t\000u\000r\000e\000\040\000o\000f\000\040\000C\000o\000m\000p\000l\000e\000x\000i\000t\000y}{}% 3
\BOOKMARK [1][-]{section.4}{\376\377\000C\000o\000o\000r\000d\000i\000n\000a\000t\000i\000o\000n\000\040\000a\000s\000\040\000H\000i\000e\000r\000a\000r\000c\000h\000i\000c\000a\000l\000\040\000E\000r\000r\000o\000r\000\040\000C\000o\000r\000r\000e\000c\000t\000i\000o\000n}{}% 4
\BOOKMARK [2][-]{subsection.4.1}{\376\377\000H\000i\000e\000r\000a\000r\000c\000h\000i\000c\000a\000l\000\040\000E\000r\000r\000o\000r\000-\000C\000o\000r\000r\000e\000c\000t\000i\000n\000g\000\040\000L\000a\000y\000e\000r\000s}{section.4}% 5
\BOOKMARK [1][-]{section.5}{\376\377\000P\000h\000a\000s\000e\000\040\000T\000r\000a\000n\000s\000i\000t\000i\000o\000n\000s\000\040\000i\000n\000\040\000C\000o\000o\000r\000d\000i\000n\000a\000t\000i\000o\000n\000\040\000R\000e\000g\000i\000m\000e\000s}{}% 6
\BOOKMARK [2][-]{subsection.5.1}{\376\377\000B\000i\000f\000u\000r\000c\000a\000t\000i\000o\000n\000\040\000T\000h\000e\000o\000r\000y\000\040\000a\000n\000d\000\040\000I\000n\000s\000t\000i\000t\000u\000t\000i\000o\000n\000a\000l\000\040\000D\000y\000n\000a\000m\000i\000c\000s}{section.5}% 7
\BOOKMARK [2][-]{subsection.5.2}{\376\377\000C\000a\000t\000a\000s\000t\000r\000o\000p\000h\000e\000\040\000v\000s\000.\000\040\000P\000h\000a\000s\000e\000\040\000T\000r\000a\000n\000s\000i\000t\000i\000o\000n}{section.5}% 8
\BOOKMARK [2][-]{subsection.5.3}{\376\377\000H\000y\000s\000t\000e\000r\000e\000s\000i\000s\000\040\000a\000n\000d\000\040\000P\000a\000t\000h\000\040\000D\000e\000p\000e\000n\000d\000e\000n\000c\000e}{section.5}% 9
\BOOKMARK [1][-]{section.6}{\376\377\000S\000c\000i\000e\000n\000t\000i\000f\000i\000c\000\040\000I\000n\000s\000t\000i\000t\000u\000t\000i\000o\000n\000s\000\040\000a\000s\000\040\000K\000n\000o\000w\000l\000e\000d\000g\000e\000\040\000S\000t\000a\000b\000i\000l\000i\000z\000e\000r\000s}{}% 10
\BOOKMARK [1][-]{section.7}{\376\377\000T\000h\000e\000\040\000M\000y\000t\000h\000\040\000o\000f\000\040\000t\000h\000e\000\040\000A\000g\000r\000i\000c\000u\000l\000t\000u\000r\000a\000l\000\040\000T\000r\000a\000p}{}% 11
\BOOKMARK [1][-]{section.8}{\376\377\000T\000h\000e\000\040\000E\000x\000p\000a\000n\000d\000i\000n\000g\000\040\000R\000a\000d\000i\000u\000s\000\040\000o\000f\000\040\000H\000u\000m\000a\000n\000\040\000C\000o\000n\000c\000e\000r\000n}{}% 12
\BOOKMARK [1][-]{section.9}{\376\377\000C\000i\000v\000i\000l\000i\000z\000a\000t\000i\000o\000n\000\040\000a\000s\000\040\000a\000\040\000C\000o\000o\000r\000d\000i\000n\000a\000t\000i\000o\000n\000\040\000E\000n\000g\000i\000n\000e}{}% 13
\BOOKMARK [1][-]{section.10}{\376\377\000M\000i\000s\000t\000a\000k\000i\000n\000g\000\040\000T\000r\000a\000n\000s\000i\000t\000i\000o\000n\000\040\000f\000o\000r\000\040\000C\000o\000l\000l\000a\000p\000s\000e}{}% 14
\BOOKMARK [1][-]{section.11}{\376\377\000C\000i\000v\000i\000l\000i\000z\000a\000t\000i\000o\000n\000\040\000I\000s\000\040\000N\000o\000t\000\040\000a\000\040\000D\000i\000s\000e\000a\000s\000e}{}% 15
\BOOKMARK [1][-]{section.12}{\376\377\000T\000h\000e\000\040\000F\000u\000t\000u\000r\000e\000\040\000o\000f\000\040\000H\000u\000m\000a\000n\000\040\000C\000o\000o\000r\000d\000i\000n\000a\000t\000i\000o\000n}{}% 16
\BOOKMARK [1][-]{section.13}{\376\377\000T\000h\000e\000o\000r\000y\000-\000L\000a\000d\000e\000n\000n\000e\000s\000s\000\040\000a\000n\000d\000\040\000t\000h\000e\000\040\000I\000l\000l\000u\000s\000i\000o\000n\000\040\000o\000f\000\040\000t\000h\000e\000\040\000`\000`\000G\000i\000s\000h\000\040\000G\000a\000l\000l\000o\000p\000'\000'}{}% 17
\BOOKMARK [2][-]{subsection.13.1}{\376\377\000C\000o\000m\000p\000e\000t\000i\000n\000g\000\040\000I\000n\000t\000e\000r\000p\000r\000e\000t\000i\000v\000e\000\040\000F\000r\000a\000m\000e\000w\000o\000r\000k\000s}{section.13}% 18
\BOOKMARK [1][-]{section.14}{\376\377\000C\000i\000v\000i\000l\000i\000z\000a\000t\000i\000o\000n\000\040\000a\000s\000\040\000P\000l\000a\000n\000e\000t\000a\000r\000y\000\040\000I\000n\000f\000o\000r\000m\000a\000t\000i\000o\000n\000\040\000P\000r\000o\000c\000e\000s\000s\000i\000n\000g}{}% 19
\BOOKMARK [1][-]{section.15}{\376\377\000C\000o\000n\000c\000l\000u\000s\000i\000o\000n}{}% 20
\BOOKMARK [1][-]{appendix.A}{\376\377\000M\000u\000l\000t\000i\000s\000c\000a\000l\000e\000\040\000C\000o\000o\000r\000d\000i\000n\000a\000t\000i\000o\000n\000\040\000S\000y\000s\000t\000e\000m\000s}{}% 21
\BOOKMARK [2][-]{subsection.A.1}{\376\377\000B\000a\000s\000e\000\040\000L\000e\000v\000e\000l\000\040\000C\000o\000m\000p\000o\000n\000e\000n\000t\000s}{appendix.A}% 22
\BOOKMARK [2][-]{subsection.A.2}{\376\377\000C\000o\000o\000r\000d\000i\000n\000a\000t\000i\000o\000n\000\040\000O\000p\000e\000r\000a\000t\000o\000r\000s}{appendix.A}% 23
\BOOKMARK [2][-]{subsection.A.3}{\376\377\000N\000e\000s\000t\000e\000d\000\040\000O\000r\000g\000a\000n\000i\000z\000a\000t\000i\000o\000n\000a\000l\000\040\000S\000t\000r\000u\000c\000t\000u\000r\000e}{appendix.A}% 24
\BOOKMARK [2][-]{subsection.A.4}{\376\377\000S\000y\000s\000t\000e\000m\000\040\000O\000b\000s\000e\000r\000v\000a\000b\000l\000e\000s}{appendix.A}% 25
\BOOKMARK [2][-]{subsection.A.5}{\376\377\000D\000y\000n\000a\000m\000i\000c\000a\000l\000\040\000E\000v\000o\000l\000u\000t\000i\000o\000n}{appendix.A}% 26
\BOOKMARK [2][-]{subsection.A.6}{\376\377\000P\000r\000o\000j\000e\000c\000t\000i\000o\000n\000\040\000O\000p\000e\000r\000a\000t\000o\000r\000s}{appendix.A}% 27
\BOOKMARK [2][-]{subsection.A.7}{\376\377\000S\000t\000a\000b\000i\000l\000i\000t\000y\000\040\000o\000f\000\040\000M\000u\000l\000t\000i\000s\000c\000a\000l\000e\000\040\000C\000o\000o\000r\000d\000i\000n\000a\000t\000i\000o\000n}{appendix.A}% 28
\BOOKMARK [1][-]{appendix.B}{\376\377\000E\000r\000r\000o\000r\000-\000C\000o\000r\000r\000e\000c\000t\000i\000n\000g\000\040\000C\000o\000o\000r\000d\000i\000n\000a\000t\000i\000o\000n}{}% 29
\BOOKMARK [2][-]{subsection.B.1}{\376\377\000M\000e\000s\000s\000a\000g\000e\000\040\000S\000p\000a\000c\000e\000\040\000a\000n\000d\000\040\000E\000n\000c\000o\000d\000i\000n\000g}{appendix.B}% 30
\BOOKMARK [2][-]{subsection.B.2}{\376\377\000D\000i\000s\000t\000a\000n\000c\000e\000\040\000S\000t\000r\000u\000c\000t\000u\000r\000e\000\040\000a\000n\000d\000\040\000E\000r\000r\000o\000r\000\040\000C\000o\000r\000r\000e\000c\000t\000i\000o\000n}{appendix.B}% 31
\BOOKMARK [1][-]{appendix.C}{\376\377\000C\000o\000o\000p\000e\000r\000a\000t\000i\000v\000e\000\040\000E\000v\000o\000l\000u\000t\000i\000o\000n\000a\000r\000y\000\040\000D\000y\000n\000a\000m\000i\000c\000s}{}% 32
\BOOKMARK [1][-]{appendix.D}{\376\377\000I\000n\000f\000o\000r\000m\000a\000t\000i\000o\000n\000\040\000A\000c\000c\000u\000m\000u\000l\000a\000t\000i\000o\000n}{}% 33
\BOOKMARK [1][-]{appendix.E}{\376\377\000H\000i\000e\000r\000a\000r\000c\000h\000i\000c\000a\000l\000\040\000S\000t\000a\000b\000i\000l\000i\000t\000y}{}% 34
\BOOKMARK [2][-]{subsection.E.1}{\376\377\000G\000r\000a\000d\000i\000e\000n\000t\000\040\000F\000l\000o\000w\000\040\000D\000y\000n\000a\000m\000i\000c\000s}{appendix.E}% 35
\BOOKMARK [1][-]{appendix.F}{\376\377\000C\000a\000t\000e\000g\000o\000r\000i\000c\000a\000l\000\040\000C\000o\000o\000r\000d\000i\000n\000a\000t\000i\000o\000n\000\040\000S\000t\000r\000u\000c\000t\000u\000r\000e\000s}{}% 36
\BOOKMARK [2][-]{subsection.F.1}{\376\377\000C\000a\000t\000e\000g\000o\000r\000i\000e\000s\000\040\000a\000n\000d\000\040\000F\000u\000n\000c\000t\000o\000r\000s}{appendix.F}% 37
\BOOKMARK [1][-]{appendix.G}{\376\377\000G\000r\000a\000p\000h\000\040\000C\000o\000o\000r\000d\000i\000n\000a\000t\000i\000o\000n\000\040\000D\000y\000n\000a\000m\000i\000c\000s}{}% 38
\BOOKMARK [1][-]{appendix.H}{\376\377\000R\000e\000p\000l\000i\000c\000a\000t\000o\000r\040\023\000M\000u\000t\000a\000t\000o\000r\000\040\000S\000y\000s\000t\000e\000m\000s}{}% 39
\BOOKMARK [1][-]{appendix.I}{\376\377\000I\000n\000f\000o\000r\000m\000a\000t\000i\000o\000n\000\040\000G\000e\000o\000m\000e\000t\000r\000y}{}% 40
\BOOKMARK [1][-]{appendix.J}{\376\377\000G\000e\000o\000z\000o\000t\000i\000c\000\040\000D\000i\000s\000t\000a\000n\000c\000e\000\040\000a\000s\000\040\000a\000\040\000M\000e\000t\000r\000i\000c\000\040\000S\000t\000r\000u\000c\000t\000u\000r\000e}{}% 41
\BOOKMARK [1][-]{appendix.K}{\376\377\000S\000t\000o\000c\000h\000a\000s\000t\000i\000c\000\040\000I\000n\000s\000t\000i\000t\000u\000t\000i\000o\000n\000a\000l\000\040\000D\000y\000n\000a\000m\000i\000c\000s}{}% 42
\BOOKMARK [2][-]{subsection.K.1}{\376\377\000S\000t\000o\000c\000h\000a\000s\000t\000i\000c\000\040\000D\000i\000f\000f\000e\000r\000e\000n\000t\000i\000a\000l\000\040\000E\000q\000u\000a\000t\000i\000o\000n\000s\000\040\000f\000o\000r\000\040\000C\000o\000o\000r\000d\000i\000n\000a\000t\000i\000o\000n}{appendix.K}% 43
\BOOKMARK [2][-]{subsection.K.2}{\376\377\000F\000o\000k\000k\000e\000r\040\023\000P\000l\000a\000n\000c\000k\000\040\000E\000q\000u\000a\000t\000i\000o\000n}{appendix.K}% 44
\BOOKMARK [2][-]{subsection.K.3}{\376\377\000S\000t\000a\000t\000i\000o\000n\000a\000r\000y\000\040\000D\000i\000s\000t\000r\000i\000b\000u\000t\000i\000o\000n\000s}{appendix.K}% 45
\BOOKMARK [2][-]{subsection.K.4}{\376\377\000M\000e\000t\000a\000s\000t\000a\000b\000i\000l\000i\000t\000y\000\040\000a\000n\000d\000\040\000E\000s\000c\000a\000p\000e\000\040\000f\000r\000o\000m\000\040\000C\000o\000o\000r\000d\000i\000n\000a\000t\000i\000o\000n\000\040\000R\000e\000g\000i\000m\000e\000s}{appendix.K}% 46
\BOOKMARK [2][-]{subsection.K.5}{\376\377\000A\000\040\000S\000t\000o\000c\000h\000a\000s\000t\000i\000c\000\040\000S\000t\000a\000b\000i\000l\000i\000t\000y\000\040\000T\000h\000e\000o\000r\000e\000m}{appendix.K}% 47
\BOOKMARK [1][-]{appendix.L}{\376\377\000T\000o\000p\000o\000s\000-\000T\000h\000e\000o\000r\000e\000t\000i\000c\000\040\000C\000o\000o\000r\000d\000i\000n\000a\000t\000i\000o\000n}{}% 48
\BOOKMARK [2][-]{subsection.L.1}{\376\377\000G\000r\000o\000t\000h\000e\000n\000d\000i\000e\000c\000k\000\040\000T\000o\000p\000o\000i}{appendix.L}% 49
\BOOKMARK [2][-]{subsection.L.2}{\376\377\000I\000n\000t\000e\000r\000n\000a\000l\000\040\000L\000o\000g\000i\000c\000\040\000a\000n\000d\000\040\000D\000i\000s\000t\000r\000i\000b\000u\000t\000e\000d\000\040\000R\000e\000a\000s\000o\000n\000i\000n\000g}{appendix.L}% 50
\BOOKMARK [2][-]{subsection.L.3}{\376\377\000G\000e\000o\000m\000e\000t\000r\000i\000c\000\040\000M\000o\000r\000p\000h\000i\000s\000m\000s\000\040\000a\000s\000\040\000I\000n\000s\000t\000i\000t\000u\000t\000i\000o\000n\000a\000l\000\040\000T\000r\000a\000n\000s\000f\000o\000r\000m\000a\000t\000i\000o\000n\000s}{appendix.L}% 51
\BOOKMARK [2][-]{subsection.L.4}{\376\377\000C\000l\000a\000s\000s\000i\000f\000y\000i\000n\000g\000\040\000T\000o\000p\000o\000s\000\040\000a\000n\000d\000\040\000U\000n\000i\000v\000e\000r\000s\000a\000l\000\040\000C\000o\000o\000r\000d\000i\000n\000a\000t\000i\000o\000n}{appendix.L}% 52
\BOOKMARK [1][-]{appendix.M}{\376\377\000S\000h\000e\000a\000f\000\040\000S\000t\000r\000u\000c\000t\000u\000r\000e\000s\000\040\000f\000o\000r\000\040\000D\000i\000s\000t\000r\000i\000b\000u\000t\000e\000d\000\040\000K\000n\000o\000w\000l\000e\000d\000g\000e}{}% 53
\BOOKMARK [2][-]{subsection.M.1}{\376\377\000P\000r\000e\000s\000h\000e\000a\000v\000e\000s\000,\000\040\000R\000e\000s\000t\000r\000i\000c\000t\000i\000o\000n\000\040\000M\000a\000p\000s\000,\000\040\000a\000n\000d\000\040\000G\000l\000u\000i\000n\000g}{appendix.M}% 54
\BOOKMARK [2][-]{subsection.M.2}{\376\377\000S\000h\000e\000a\000f\000i\000f\000i\000c\000a\000t\000i\000o\000n}{appendix.M}% 55
\BOOKMARK [2][-]{subsection.M.3}{\376\377\001\014\000e\000c\000h\000\040\000C\000o\000h\000o\000m\000o\000l\000o\000g\000y\000\040\000a\000n\000d\000\040\000C\000o\000o\000r\000d\000i\000n\000a\000t\000i\000o\000n\000\040\000O\000b\000s\000t\000r\000u\000c\000t\000i\000o\000n\000s}{appendix.M}% 56
\BOOKMARK [1][-]{appendix.N}{\376\377\000A\000d\000d\000i\000t\000i\000o\000n\000a\000l\000\040\000D\000y\000n\000a\000m\000i\000c\000a\000l\000\040\000S\000t\000r\000u\000c\000t\000u\000r\000e\000s}{}% 57
\BOOKMARK [2][-]{subsection.N.1}{\376\377\000T\000o\000p\000o\000l\000o\000g\000i\000c\000a\000l\000\040\000a\000n\000d\000\040\000M\000e\000a\000s\000u\000r\000e\000-\000T\000h\000e\000o\000r\000e\000t\000i\000c\000\040\000E\000n\000t\000r\000o\000p\000y}{appendix.N}% 58
\BOOKMARK [2][-]{subsection.N.2}{\376\377\000E\000n\000t\000r\000o\000p\000y\000\040\000P\000r\000o\000d\000u\000c\000t\000i\000o\000n\000\040\000i\000n\000\040\000N\000o\000n\000e\000q\000u\000i\000l\000i\000b\000r\000i\000u\000m\000\040\000C\000o\000o\000r\000d\000i\000n\000a\000t\000i\000o\000n}{appendix.N}% 59
\BOOKMARK [2][-]{subsection.N.3}{\376\377\000R\000e\000n\000o\000r\000m\000a\000l\000i\000z\000a\000t\000i\000o\000n\000\040\000a\000n\000d\000\040\000S\000c\000a\000l\000e\000\040\000I\000n\000v\000a\000r\000i\000a\000n\000c\000e}{appendix.N}% 60
\BOOKMARK [2][-]{subsection.N.4}{\376\377\000S\000y\000m\000b\000o\000l\000i\000c\000\040\000D\000y\000n\000a\000m\000i\000c\000s\000\040\000a\000n\000d\000\040\000C\000o\000o\000r\000d\000i\000n\000a\000t\000i\000o\000n\000\040\000C\000o\000m\000p\000l\000e\000x\000i\000t\000y}{appendix.N}% 61
