Script started at Thu Dec 25 14:30:25 AST 2025
Summaries will be saved to source-control.txt
Processing A_Calculus_of_Commitment_Spherepop.txt
Temporary directory created: /mnt/c/Users/nateg/OneDrive/Documentos/GitHub/library/protocols/tmp_A_Calculus_of_Commitment_Spherepop.txt_So2fxI
File split into chunks: /mnt/c/Users/nateg/OneDrive/Documentos/GitHub/library/protocols/tmp_A_Calculus_of_Commitment_Spherepop.txt_So2fxI/chunk_aa
Temporary directory /mnt/c/Users/nateg/OneDrive/Documentos/GitHub/library/protocols/tmp_A_Calculus_of_Commitment_Spherepop.txt_So2fxI removed
A_Calculus_of_Commitment_Spherepop.txt
Processing Event_Historical_Aggregation_MapReduce.txt
Temporary directory created: /mnt/c/Users/nateg/OneDrive/Documentos/GitHub/library/protocols/tmp_Event_Historical_Aggregation_MapReduce.txt_KhXwsr
File split into chunks: /mnt/c/Users/nateg/OneDrive/Documentos/GitHub/library/protocols/tmp_Event_Historical_Aggregation_MapReduce.txt_KhXwsr/chunk_aa
Temporary directory /mnt/c/Users/nateg/OneDrive/Documentos/GitHub/library/protocols/tmp_Event_Historical_Aggregation_MapReduce.txt_KhXwsr removed
Event_Historical_Aggregation_MapReduce.txt
Processing Event_Historical_Frameworks_Briefing.txt
Temporary directory created: /mnt/c/Users/nateg/OneDrive/Documentos/GitHub/library/protocols/tmp_Event_Historical_Frameworks_Briefing.txt_850xAa
File split into chunks: /mnt/c/Users/nateg/OneDrive/Documentos/GitHub/library/protocols/tmp_Event_Historical_Frameworks_Briefing.txt_850xAa/chunk_aa
Temporary directory /mnt/c/Users/nateg/OneDrive/Documentos/GitHub/library/protocols/tmp_Event_Historical_Frameworks_Briefing.txt_850xAa removed
Event_Historical_Frameworks_Briefing.txt
Processing Indivisibility and Entropy.txt
Temporary directory created: /mnt/c/Users/nateg/OneDrive/Documentos/GitHub/library/protocols/tmp_IndivisibilityandEntropy.txt_HDIbm4
File split into chunks: /mnt/c/Users/nateg/OneDrive/Documentos/GitHub/library/protocols/tmp_IndivisibilityandEntropy.txt_HDIbm4/chunk_aa
Temporary directory /mnt/c/Users/nateg/OneDrive/Documentos/GitHub/library/protocols/tmp_IndivisibilityandEntropy.txt_HDIbm4 removed
Indivisibility and Entropy.txt
Processing Meaning_Is_Constraint_Not_Description.txt
Temporary directory created: /mnt/c/Users/nateg/OneDrive/Documentos/GitHub/library/protocols/tmp_Meaning_Is_Constraint_Not_Description.txt_RrqOtG
File split into chunks: /mnt/c/Users/nateg/OneDrive/Documentos/GitHub/library/protocols/tmp_Meaning_Is_Constraint_Not_Description.txt_RrqOtG/chunk_aa
Temporary directory /mnt/c/Users/nateg/OneDrive/Documentos/GitHub/library/protocols/tmp_Meaning_Is_Constraint_Not_Description.txt_RrqOtG removed
Meaning_Is_Constraint_Not_Description.txt
Processing Mute_Compulsion.txt
Temporary directory created: /mnt/c/Users/nateg/OneDrive/Documentos/GitHub/library/protocols/tmp_Mute_Compulsion.txt_Q8EEHq
File split into chunks: /mnt/c/Users/nateg/OneDrive/Documentos/GitHub/library/protocols/tmp_Mute_Compulsion.txt_Q8EEHq/chunk_aa
Temporary directory /mnt/c/Users/nateg/OneDrive/Documentos/GitHub/library/protocols/tmp_Mute_Compulsion.txt_Q8EEHq removed
Mute_Compulsion.txt
Processing README.txt
Temporary directory created: /mnt/c/Users/nateg/OneDrive/Documentos/GitHub/library/protocols/tmp_README.txt_Zp2Tjb
File split into chunks: /mnt/c/Users/nateg/OneDrive/Documentos/GitHub/library/protocols/tmp_README.txt_Zp2Tjb/chunk_aa
Temporary directory /mnt/c/Users/nateg/OneDrive/Documentos/GitHub/library/protocols/tmp_README.txt_Zp2Tjb removed
README.txt
Processing Spend_Your_Freedom.txt
Temporary directory created: /mnt/c/Users/nateg/OneDrive/Documentos/GitHub/library/protocols/tmp_Spend_Your_Freedom.txt_NfPSt0
File split into chunks: /mnt/c/Users/nateg/OneDrive/Documentos/GitHub/library/protocols/tmp_Spend_Your_Freedom.txt_NfPSt0/chunk_aa
Temporary directory /mnt/c/Users/nateg/OneDrive/Documentos/GitHub/library/protocols/tmp_Spend_Your_Freedom.txt_NfPSt0 removed
Spend_Your_Freedom.txt
Processing Understanding_Mute_Compulsion.txt
Temporary directory created: /mnt/c/Users/nateg/OneDrive/Documentos/GitHub/library/protocols/tmp_Understanding_Mute_Compulsion.txt_cUgnDg
File split into chunks: /mnt/c/Users/nateg/OneDrive/Documentos/GitHub/library/protocols/tmp_Understanding_Mute_Compulsion.txt_cUgnDg/chunk_aa
Temporary directory /mnt/c/Users/nateg/OneDrive/Documentos/GitHub/library/protocols/tmp_Understanding_Mute_Compulsion.txt_cUgnDg removed
Understanding_Mute_Compulsion.txt
Script completed at Thu Dec 25 14:34:33 AST 2025
