\BOOKMARK [1][-]{section.1}{\376\377\000I\000n\000t\000r\000o\000d\000u\000c\000t\000i\000o\000n}{}% 1
\BOOKMARK [1][-]{section.2}{\376\377\000S\000e\000m\000a\000n\000t\000i\000c\000\040\000M\000a\000n\000i\000f\000o\000l\000d\000s\000\040\000a\000n\000d\000\040\000t\000h\000e\000\040\000M\000a\000n\000i\000f\000o\000l\000d\000\040\000H\000y\000p\000o\000t\000h\000e\000s\000i\000s}{}% 2
\BOOKMARK [2][-]{subsection.2.1}{\376\377\000C\000o\000r\000e\000\040\000D\000e\000f\000i\000n\000i\000t\000i\000o\000n\000s}{section.2}% 3
\BOOKMARK [2][-]{subsection.2.2}{\376\377\000E\000x\000a\000m\000p\000l\000e\000s\000\040\000o\000f\000\040\000S\000e\000m\000a\000n\000t\000i\000c\000\040\000M\000a\000n\000i\000f\000o\000l\000d\000s}{section.2}% 4
\BOOKMARK [1][-]{section.3}{\376\377\000E\000x\000t\000r\000a\000p\000o\000l\000a\000t\000e\000d\000\040\000R\000i\000e\000m\000a\000n\000n\000i\000a\000n\000\040\000C\000u\000r\000v\000a\000t\000u\000r\000e}{}% 5
\BOOKMARK [2][-]{subsection.3.1}{\376\377\000F\000o\000r\000m\000a\000l\000i\000z\000a\000t\000i\000o\000n}{section.3}% 6
\BOOKMARK [2][-]{subsection.3.2}{\376\377\000M\000a\000t\000h\000e\000m\000a\000t\000i\000c\000a\000l\000\040\000E\000x\000p\000a\000n\000s\000i\000o\000n}{section.3}% 7
\BOOKMARK [1][-]{section.4}{\376\377\000G\000e\000o\000m\000e\000t\000r\000i\000c\000\040\000H\000y\000p\000e\000r\000s\000c\000a\000n\000n\000i\000n\000g\000\040\000a\000n\000d\000\040\000I\000n\000t\000e\000r\000b\000r\000a\000i\000n\000\040\000N\000e\000t\000w\000o\000r\000k\000s}{}% 8
\BOOKMARK [2][-]{subsection.4.1}{\376\377\000D\000i\000s\000c\000r\000e\000t\000e\000\040\000C\000u\000r\000v\000a\000t\000u\000r\000e\000\040\000i\000n\000\040\000N\000e\000t\000w\000o\000r\000k\000s}{section.4}% 9
\BOOKMARK [2][-]{subsection.4.2}{\376\377\000S\000i\000m\000u\000l\000a\000t\000i\000o\000n\000\040\000E\000x\000a\000m\000p\000l\000e}{section.4}% 10
\BOOKMARK [1][-]{section.5}{\376\377\000A\000f\000f\000e\000c\000t\000i\000v\000e\000\040\000I\000n\000f\000e\000r\000e\000n\000c\000e\000\040\000i\000n\000\040\000R\000e\000l\000a\000t\000i\000o\000n\000a\000l\000\040\000D\000y\000n\000a\000m\000i\000c\000s}{}% 11
\BOOKMARK [2][-]{subsection.5.1}{\376\377\000E\000x\000p\000a\000n\000d\000e\000d\000\040\000o\000n\000\040\000P\000s\000y\000c\000h\000o\000t\000h\000e\000r\000a\000p\000y}{section.5}% 12
\BOOKMARK [1][-]{section.6}{\376\377\000M\000a\000p\000p\000i\000n\000g\000\040\000t\000o\000\040\000R\000S\000V\000P\000\040\000F\000i\000e\000l\000d\000\040\000T\000h\000e\000o\000r\000y}{}% 13
\BOOKMARK [2][-]{subsection.6.1}{\376\377\000M\000a\000t\000h\000e\000m\000a\000t\000i\000c\000a\000l\000\040\000C\000o\000r\000r\000e\000s\000p\000o\000n\000d\000e\000n\000c\000e\000s}{section.6}% 14
\BOOKMARK [2][-]{subsection.6.2}{\376\377\000F\000u\000n\000c\000t\000o\000r\000i\000a\000l\000\040\000C\000o\000r\000r\000e\000s\000p\000o\000n\000d\000e\000n\000c\000e}{section.6}% 15
\BOOKMARK [1][-]{section.7}{\376\377\000A\000p\000p\000l\000i\000c\000a\000t\000i\000o\000n\000s\000\040\000t\000o\000\040\000T\000h\000e\000r\000a\000p\000y\000\040\000a\000n\000d\000\040\000P\000s\000y\000c\000h\000i\000a\000t\000r\000y}{}% 16
\BOOKMARK [2][-]{subsection.7.1}{\376\377\000C\000a\000s\000e\000\040\000S\000t\000u\000d\000i\000e\000s}{section.7}% 17
\BOOKMARK [2][-]{subsection.7.2}{\376\377\000S\000u\000m\000m\000a\000r\000y}{section.7}% 18
\BOOKMARK [1][-]{section.8}{\376\377\000F\000u\000t\000u\000r\000e\000\040\000D\000i\000r\000e\000c\000t\000i\000o\000n\000s}{}% 19
\BOOKMARK [1][-]{section.9}{\376\377\000W\000o\000r\000k\000e\000d\000\040\000E\000x\000a\000m\000p\000l\000e\000:\000\040\000S\000e\000p\000a\000r\000a\000t\000i\000o\000n\000\040\000A\000n\000x\000i\000e\000t\000y\000\040\000a\000s\000\040\000C\000u\000r\000v\000a\000t\000u\000r\000e\000\040\000S\000p\000i\000k\000e\000\040\000a\000n\000d\000\040\000I\000t\000s\000\040\000R\000e\000d\000u\000c\000t\000i\000o\000n\000\040\000v\000i\000a\000\040\000L\000e\000a\000r\000n\000i\000n\000g\000\040\000a\000n\000d\000\040\000P\000l\000a\000y}{}% 20
\BOOKMARK [2][-]{subsection.9.1}{\376\377\000S\000e\000t\000u\000p\000:\000\040\000S\000t\000a\000t\000e\000\040\000S\000p\000a\000c\000e\000,\000\040\000F\000i\000e\000l\000d\000s\000,\000\040\000a\000n\000d\000\040\000P\000r\000i\000o\000r\000s}{section.9}% 21
\BOOKMARK [2][-]{subsection.9.2}{\376\377\000D\000y\000n\000a\000m\000i\000c\000s\000:\000\040\000C\000u\000r\000v\000a\000t\000u\000r\000e\040\023\000E\000n\000t\000r\000o\000p\000y\000\040\000C\000o\000u\000p\000l\000i\000n\000g}{section.9}% 22
\BOOKMARK [2][-]{subsection.9.3}{\376\377\000L\000e\000a\000r\000n\000i\000n\000g\000\040\000\050\000I\000n\000o\000c\000u\000l\000a\000t\000i\000o\000n\000\051\000\040\000O\000p\000e\000r\000a\000t\000o\000r}{section.9}% 23
\BOOKMARK [2][-]{subsection.9.4}{\376\377\000P\000l\000a\000y\000\040\000a\000s\000\040\000S\000i\000m\000u\000l\000a\000t\000e\000d\000\040\000D\000a\000n\000g\000e\000r}{section.9}% 24
\BOOKMARK [2][-]{subsection.9.5}{\376\377\000M\000i\000n\000i\000m\000a\000l\000\040\000S\000t\000a\000b\000i\000l\000i\000t\000y\000\040\000C\000l\000a\000i\000m\000\040\000\050\000N\000e\000g\000e\000n\000t\000r\000o\000p\000i\000c\000\040\000C\000o\000r\000r\000i\000d\000o\000r\000\051}{section.9}% 25
\BOOKMARK [2][-]{subsection.9.6}{\376\377\000D\000e\000v\000e\000l\000o\000p\000m\000e\000n\000t\000a\000l\000\040\000V\000i\000g\000n\000e\000t\000t\000e\000\040\000\050\000Q\000u\000a\000l\000i\000t\000a\000t\000i\000v\000e\000\040\000T\000r\000a\000c\000e\000\051}{section.9}% 26
\BOOKMARK [2][-]{subsection.9.7}{\376\377\000Q\000u\000a\000n\000t\000i\000t\000a\000t\000i\000v\000e\000\040\000M\000a\000r\000k\000e\000r\000\040\000\050\000C\000u\000r\000v\000a\000t\000u\000r\000e\040\023\000E\000n\000t\000r\000o\000p\000y\000\040\000I\000n\000t\000e\000g\000r\000a\000l\000\051}{section.9}% 27
\BOOKMARK [2][-]{subsection.9.8}{\376\377\000T\000a\000k\000e\000a\000w\000a\000y\000s}{section.9}% 28
\BOOKMARK [1][-]{section.10}{\376\377\000H\000u\000m\000o\000r\000\040\000a\000s\000\040\000R\000e\000s\000o\000l\000u\000t\000i\000o\000n\000\040\000o\000f\000\040\000M\000i\000s\000m\000a\000t\000c\000h\000e\000d\000\040\000M\000a\000n\000i\000f\000o\000l\000d\000s}{}% 29
\BOOKMARK [2][-]{subsection.10.1}{\376\377\000M\000a\000n\000i\000f\000o\000l\000d\000\040\000I\000n\000t\000e\000r\000f\000e\000r\000e\000n\000c\000e}{section.10}% 30
\BOOKMARK [2][-]{subsection.10.2}{\376\377\000F\000r\000a\000m\000e\000\040\000S\000h\000i\000f\000t\000\040\000a\000s\000\040\000P\000a\000t\000t\000e\000r\000n\000\040\000M\000a\000t\000c\000h\000i\000n\000g}{section.10}% 31
\BOOKMARK [2][-]{subsection.10.3}{\376\377\000R\000S\000V\000P\000\040\000M\000a\000p\000p\000i\000n\000g}{section.10}% 32
\BOOKMARK [2][-]{subsection.10.4}{\376\377\000P\000s\000y\000c\000h\000o\000l\000o\000g\000i\000c\000a\000l\000\040\000I\000m\000p\000l\000i\000c\000a\000t\000i\000o\000n}{section.10}% 33
\BOOKMARK [1][-]{section.11}{\376\377\000C\000o\000m\000p\000l\000e\000x\000\040\000E\000m\000o\000t\000i\000o\000n\000s\000\040\000a\000s\000\040\000H\000i\000g\000h\000e\000r\000-\000O\000r\000d\000e\000r\000\040\000S\000u\000r\000p\000r\000i\000s\000e\000\040\000M\000i\000n\000i\000m\000i\000z\000a\000t\000i\000o\000n}{}% 34
\BOOKMARK [2][-]{subsection.11.1}{\376\377\000E\000x\000a\000m\000p\000l\000e\000s\000\040\000o\000f\000\040\000C\000o\000m\000p\000l\000e\000x\000\040\000E\000m\000o\000t\000i\000o\000n\000s}{section.11}% 35
\BOOKMARK [2][-]{subsection.11.2}{\376\377\000R\000S\000V\000P\000\040\000F\000i\000e\000l\000d\000\040\000M\000a\000p\000p\000i\000n\000g}{section.11}% 36
\BOOKMARK [2][-]{subsection.11.3}{\376\377\000C\000a\000t\000e\000g\000o\000r\000y\000-\000T\000h\000e\000o\000r\000e\000t\000i\000c\000\040\000V\000i\000e\000w}{section.11}% 37
\BOOKMARK [2][-]{subsection.11.4}{\376\377\000S\000h\000e\000a\000f\000-\000T\000h\000e\000o\000r\000e\000t\000i\000c\000\040\000I\000n\000t\000e\000g\000r\000a\000t\000i\000o\000n}{section.11}% 38
\BOOKMARK [1][-]{section.12}{\376\377\000T\000a\000x\000o\000n\000o\000m\000y\000\040\000o\000f\000\040\000E\000m\000o\000t\000i\000o\000n\000s}{}% 39
\BOOKMARK [1][-]{section.13}{\376\377\000C\000a\000t\000e\000g\000o\000r\000i\000c\000a\000l\000\040\000a\000n\000d\000\040\000S\000h\000e\000a\000f\000-\000T\000h\000e\000o\000r\000e\000t\000i\000c\000\040\000C\000o\000r\000r\000e\000s\000p\000o\000n\000d\000e\000n\000c\000e}{}% 40
\BOOKMARK [2][-]{subsection.13.1}{\376\377\000O\000b\000j\000e\000c\000t\000s\000\040\000a\000n\000d\000\040\000M\000o\000r\000p\000h\000i\000s\000m\000s}{section.13}% 41
\BOOKMARK [2][-]{subsection.13.2}{\376\377\000S\000h\000e\000a\000f\000-\000T\000h\000e\000o\000r\000e\000t\000i\000c\000\040\000G\000l\000u\000i\000n\000g}{section.13}% 42
\BOOKMARK [2][-]{subsection.13.3}{\376\377\000N\000a\000t\000u\000r\000a\000l\000\040\000T\000r\000a\000n\000s\000f\000o\000r\000m\000a\000t\000i\000o\000n\000s}{section.13}% 43
\BOOKMARK [2][-]{subsection.13.4}{\376\377\000R\000S\000V\000P\000\040\000I\000n\000t\000e\000g\000r\000a\000t\000i\000o\000n}{section.13}% 44
\BOOKMARK [1][-]{section.14}{\376\377\000T\000h\000e\000\040\000O\000n\000t\000o\000g\000e\000n\000e\000t\000i\000c\000\040\000P\000a\000r\000a\000d\000e\000:\000\040\000D\000e\000v\000e\000l\000o\000p\000m\000e\000n\000t\000a\000l\000\040\000F\000e\000a\000r\000\040\000a\000s\000\040\000C\000u\000r\000v\000a\000t\000u\000r\000e\000\040\000F\000l\000o\000w}{}% 45
\BOOKMARK [2][-]{subsection.14.1}{\376\377\000L\000e\000a\000r\000n\000i\000n\000g\000\040\000a\000s\000\040\000I\000n\000o\000c\000u\000l\000a\000t\000i\000o\000n\000\040\000A\000g\000a\000i\000n\000s\000t\000\040\000S\000u\000r\000p\000r\000i\000s\000e}{section.14}% 46
\BOOKMARK [2][-]{subsection.14.2}{\376\377\000P\000l\000a\000y\000\040\000a\000s\000\040\000S\000i\000m\000u\000l\000a\000t\000e\000d\000\040\000D\000a\000n\000g\000e\000r}{section.14}% 47
\BOOKMARK [2][-]{subsection.14.3}{\376\377\000C\000u\000r\000v\000a\000t\000u\000r\000e\000\040\000F\000l\000o\000w\000\040\000o\000f\000\040\000D\000e\000v\000e\000l\000o\000p\000m\000e\000n\000t\000a\000l\000\040\000P\000h\000o\000b\000i\000a\000s}{section.14}% 48
\BOOKMARK [2][-]{subsection.14.4}{\376\377\000I\000m\000p\000l\000i\000c\000a\000t\000i\000o\000n\000s\000\040\000f\000o\000r\000\040\000R\000S\000V\000P}{section.14}% 49
\BOOKMARK [1][-]{section.15}{\376\377\000T\000h\000e\000\040\000O\000n\000t\000o\000g\000e\000n\000e\000t\000i\000c\000\040\000P\000a\000r\000a\000d\000e\000:\000\040\000D\000e\000v\000e\000l\000o\000p\000m\000e\000n\000t\000a\000l\000\040\000F\000e\000a\000r\000\040\000a\000s\000\040\000C\000u\000r\000v\000a\000t\000u\000r\000e\000\040\000F\000l\000o\000w}{}% 50
\BOOKMARK [2][-]{subsection.15.1}{\376\377\000L\000e\000a\000r\000n\000i\000n\000g\000\040\000a\000s\000\040\000I\000n\000o\000c\000u\000l\000a\000t\000i\000o\000n\000\040\000A\000g\000a\000i\000n\000s\000t\000\040\000S\000u\000r\000p\000r\000i\000s\000e}{section.15}% 51
\BOOKMARK [2][-]{subsection.15.2}{\376\377\000P\000l\000a\000y\000\040\000a\000s\000\040\000S\000i\000m\000u\000l\000a\000t\000e\000d\000\040\000D\000a\000n\000g\000e\000r}{section.15}% 52
\BOOKMARK [2][-]{subsection.15.3}{\376\377\000C\000u\000r\000v\000a\000t\000u\000r\000e\000\040\000F\000l\000o\000w\000\040\000o\000f\000\040\000D\000e\000v\000e\000l\000o\000p\000m\000e\000n\000t\000a\000l\000\040\000P\000h\000o\000b\000i\000a\000s}{section.15}% 53
\BOOKMARK [2][-]{subsection.15.4}{\376\377\000I\000m\000p\000l\000i\000c\000a\000t\000i\000o\000n\000s\000\040\000f\000o\000r\000\040\000R\000S\000V\000P}{section.15}% 54
\BOOKMARK [2][-]{subsection.15.5}{\376\377\000R\000e\000l\000a\000t\000e\000d\000\040\000W\000o\000r\000k}{section.15}% 55
\BOOKMARK [1][-]{section.16}{\376\377\000O\000n\000t\000o\000g\000e\000n\000e\000t\000i\000c\000\040\000P\000a\000r\000a\000d\000e\000\040\000a\000n\000d\000\040\000G\000e\000o\000m\000e\000t\000r\000i\000c\000\040\000H\000y\000p\000e\000r\000s\000c\000a\000n\000n\000i\000n\000g}{}% 56
\BOOKMARK [2][-]{subsection.16.1}{\376\377\000D\000e\000v\000e\000l\000o\000p\000m\000e\000n\000t\000a\000l\000\040\000F\000e\000a\000r\000\040\000T\000r\000a\000j\000e\000c\000t\000o\000r\000i\000e\000s\000\040\000a\000s\000\040\000C\000u\000r\000v\000a\000t\000u\000r\000e\000\040\000F\000l\000o\000w\000s}{section.16}% 57
\BOOKMARK [2][-]{subsection.16.2}{\376\377\000H\000y\000p\000e\000r\000s\000c\000a\000n\000n\000i\000n\000g\000\040\000C\000o\000r\000r\000e\000l\000a\000t\000e\000s}{section.16}% 58
\BOOKMARK [2][-]{subsection.16.3}{\376\377\000I\000n\000t\000e\000g\000r\000a\000t\000i\000o\000n\000\040\000w\000i\000t\000h\000\040\000R\000S\000V\000P\000\040\000F\000i\000e\000l\000d\000s}{section.16}% 59
\BOOKMARK [2][-]{subsection.16.4}{\376\377\000I\000m\000p\000l\000i\000c\000a\000t\000i\000o\000n\000s}{section.16}% 60
\BOOKMARK [1][-]{section.17}{\376\377\000C\000o\000n\000c\000l\000u\000s\000i\000o\000n\000s}{}% 61
\BOOKMARK [1][-]{section.18}{\376\377\000A\000c\000k\000n\000o\000w\000l\000e\000d\000g\000e\000m\000e\000n\000t\000s}{}% 62
\BOOKMARK [1][-]{appendix.A}{\376\377\000F\000o\000r\000m\000a\000l\000\040\000D\000e\000r\000i\000v\000a\000t\000i\000o\000n\000\040\000o\000f\000\040\000E\000x\000t\000r\000a\000p\000o\000l\000a\000t\000e\000d\000\040\000C\000u\000r\000v\000a\000t\000u\000r\000e\000\040\000B\000o\000u\000n\000d\000s}{}% 63
\BOOKMARK [2][-]{subsection.A.1}{\376\377\000A\000\040\000J\000a\000c\000o\000b\000i\000a\000n\000\040\000\050\000b\000i\000-\000L\000i\000p\000s\000c\000h\000i\000t\000z\000\051\000\040\000b\000o\000u\000n\000d}{appendix.A}% 64
\BOOKMARK [2][-]{subsection.A.2}{\376\377\000A\000\040\000R\000i\000c\000c\000i\040\023\000v\000o\000l\000u\000m\000e\000\040\000c\000o\000m\000p\000a\000r\000i\000s\000o\000n\000\040\000b\000o\000u\000n\000d\000\040\000\050\000g\000l\000o\000b\000a\000l\000,\000\040\000c\000u\000r\000v\000a\000t\000u\000r\000e\000-\000c\000o\000n\000t\000r\000o\000l\000l\000e\000d\000\051}{appendix.A}% 65
\BOOKMARK [2][-]{subsection.A.3}{\376\377\000A\000\040\000B\000a\000k\000r\000y\040\023\000\311\000m\000e\000r\000y\000\040\000\050\000L\000S\000I\000/\000T\0002\000\051\000\040\000b\000o\000u\000n\000d\000\040\000v\000i\000a\000\040\000e\000x\000t\000r\000a\000p\000o\000l\000a\000t\000e\000d\000\040\000c\000u\000r\000v\000a\000t\000u\000r\000e}{appendix.A}% 66
\BOOKMARK [2][-]{subsection.A.4}{\376\377\000P\000u\000t\000t\000i\000n\000g\000\040\000t\000h\000e\000\040\000b\000o\000u\000n\000d\000s\000\040\000t\000o\000g\000e\000t\000h\000e\000r}{appendix.A}% 67
\BOOKMARK [2][-]{subsection.A.5}{\376\377\000A\000\040\000n\000o\000r\000m\000a\000l\000\040\000g\000r\000a\000p\000h\000\040\000b\000o\000u\000n\000d\000\040\000u\000n\000d\000e\000r\000\040\000r\000e\000a\000c\000h\000\040\000a\000n\000d\000\040\000s\000e\000c\000o\000n\000d\000\040\000f\000u\000n\000d\000a\000m\000e\000n\000t\000a\000l\000\040\000f\000o\000r\000m}{appendix.A}% 68
\BOOKMARK [2][-]{subsection.A.6}{\376\377\000S\000u\000m\000m\000a\000r\000y}{appendix.A}% 69
\BOOKMARK [1][-]{appendix.B}{\376\377\000S\000i\000m\000u\000l\000a\000t\000i\000o\000n\000\040\000D\000e\000t\000a\000i\000l\000s}{}% 70
\BOOKMARK [2][-]{subsection.B.1}{\376\377\000P\000s\000e\000u\000d\000o\000c\000o\000d\000e}{appendix.B}% 71
\BOOKMARK [2][-]{subsection.B.2}{\376\377\000M\000i\000n\000i\000m\000a\000l\000\040\000P\000y\000t\000h\000o\000n\000\040\000S\000n\000i\000p\000p\000e\000t\000s\000\040\000\050\000J\000u\000p\000y\000t\000e\000r\000\051}{appendix.B}% 72
\BOOKMARK [2][-]{subsection.B.3}{\376\377\000N\000o\000t\000e\000s\000\040\000a\000n\000d\000\040\000E\000x\000t\000e\000n\000s\000i\000o\000n\000s}{appendix.B}% 73
\BOOKMARK [1][-]{appendix.C}{\376\377\000H\000y\000p\000e\000r\000s\000c\000a\000n\000n\000i\000n\000g\000\040\000M\000o\000d\000a\000l\000i\000t\000y\000\040\000C\000o\000m\000p\000a\000r\000i\000s\000o\000n}{}% 74
\BOOKMARK [1][-]{appendix.D}{\376\377\000P\000r\000o\000o\000f\000\040\000S\000k\000e\000t\000c\000h\000e\000s}{}% 75
\BOOKMARK [2][-]{subsection.D.1}{\376\377\000L\000y\000a\000p\000u\000n\000o\000v\000\040\000S\000t\000a\000b\000i\000l\000i\000t\000y\000\040\000f\000o\000r\000\040\000N\000e\000g\000e\000n\000t\000r\000o\000p\000i\000c\000\040\000C\000o\000r\000r\000i\000d\000o\000r\000s}{appendix.D}% 76
\BOOKMARK [2][-]{subsection.D.2}{\376\377\000E\000n\000t\000r\000o\000p\000y\000\040\000B\000o\000u\000n\000d\000s\000\040\000f\000r\000o\000m\000\040\000R\000a\000t\000e\040\023\000D\000i\000s\000t\000o\000r\000t\000i\000o\000n}{appendix.D}% 77
\BOOKMARK [2][-]{subsection.D.3}{\376\377\000T\000a\000k\000e\000a\000w\000a\000y\000s}{appendix.D}% 78
