This is XeTeX, Version 3.141592653-2.6-0.999993 (TeX Live 2022/dev/Debian) (preloaded format=xelatex 2025.8.11)  21 SEP 2025 12:25
entering extended mode
 restricted \write18 enabled.
 %&-line parsing enabled.
**monograph.tex
(./monograph.tex
LaTeX2e <2021-11-15> patch level 1
L3 programming layer <2022-01-21>
(/usr/share/texlive/texmf-dist/tex/latex/base/article.cls
Document Class: article 2021/10/04 v1.4n Standard LaTeX document class
(/usr/share/texlive/texmf-dist/tex/latex/base/size10.clo
File: size10.clo 2021/10/04 v1.4n Standard LaTeX file (size option)
)
\c@part=\count181
\c@section=\count182
\c@subsection=\count183
\c@subsubsection=\count184
\c@paragraph=\count185
\c@subparagraph=\count186
\c@figure=\count187
\c@table=\count188
\abovecaptionskip=\skip47
\belowcaptionskip=\skip48
\bibindent=\dimen138
)
(/usr/share/texlive/texmf-dist/tex/latex/amsmath/amsmath.sty
Package: amsmath 2021/10/15 v2.17l AMS math features
\@mathmargin=\skip49

For additional information on amsmath, use the `?' option.
(/usr/share/texlive/texmf-dist/tex/latex/amsmath/amstext.sty
Package: amstext 2021/08/26 v2.01 AMS text

(/usr/share/texlive/texmf-dist/tex/latex/amsmath/amsgen.sty
File: amsgen.sty 1999/11/30 v2.0 generic functions
\@emptytoks=\toks16
\ex@=\dimen139
))
(/usr/share/texlive/texmf-dist/tex/latex/amsmath/amsbsy.sty
Package: amsbsy 1999/11/29 v1.2d Bold Symbols
\pmbraise@=\dimen140
)
(/usr/share/texlive/texmf-dist/tex/latex/amsmath/amsopn.sty
Package: amsopn 2021/08/26 v2.02 operator names
)
\inf@bad=\count189
LaTeX Info: Redefining \frac on input line 234.
\uproot@=\count190
\leftroot@=\count191
LaTeX Info: Redefining \overline on input line 399.
\classnum@=\count192
\DOTSCASE@=\count193
LaTeX Info: Redefining \ldots on input line 496.
LaTeX Info: Redefining \dots on input line 499.
LaTeX Info: Redefining \cdots on input line 620.
\Mathstrutbox@=\box50
\strutbox@=\box51
\big@size=\dimen141
LaTeX Font Info:    Redeclaring font encoding OML on input line 743.
LaTeX Font Info:    Redeclaring font encoding OMS on input line 744.
\macc@depth=\count194
\c@MaxMatrixCols=\count195
\dotsspace@=\muskip16
\c@parentequation=\count196
\dspbrk@lvl=\count197
\tag@help=\toks17
\row@=\count198
\column@=\count199
\maxfields@=\count266
\andhelp@=\toks18
\eqnshift@=\dimen142
\alignsep@=\dimen143
\tagshift@=\dimen144
\tagwidth@=\dimen145
\totwidth@=\dimen146
\lineht@=\dimen147
\@envbody=\toks19
\multlinegap=\skip50
\multlinetaggap=\skip51
\mathdisplay@stack=\toks20
LaTeX Info: Redefining \[ on input line 2938.
LaTeX Info: Redefining \] on input line 2939.
)
(/usr/share/texlive/texmf-dist/tex/latex/amsfonts/amssymb.sty
Package: amssymb 2013/01/14 v3.01 AMS font symbols

(/usr/share/texlive/texmf-dist/tex/latex/amsfonts/amsfonts.sty
Package: amsfonts 2013/01/14 v3.01 Basic AMSFonts support
\symAMSa=\mathgroup4
\symAMSb=\mathgroup5
LaTeX Font Info:    Redeclaring math symbol \hbar on input line 98.
LaTeX Font Info:    Overwriting math alphabet `\mathfrak' in version `bold'
(Font)                  U/euf/m/n --> U/euf/b/n on input line 106.
))
(/usr/share/texlive/texmf-dist/tex/latex/amscls/amsthm.sty
Package: amsthm 2020/05/29 v2.20.6
\thm@style=\toks21
\thm@bodyfont=\toks22
\thm@headfont=\toks23
\thm@notefont=\toks24
\thm@headpunct=\toks25
\thm@preskip=\skip52
\thm@postskip=\skip53
\thm@headsep=\skip54
\dth@everypar=\toks26
)
\c@definition=\count267
\c@assumption=\count268

(/usr/share/texlive/texmf-dist/tex/latex/mathpartir/mathpartir.sty
Package: mathpartir 2016/02/24 version 1.3.2 Math Paragraph for Typesetting Inf
erence Rules

(/usr/share/texlive/texmf-dist/tex/latex/graphics/keyval.sty
Package: keyval 2014/10/28 v1.15 key=value parser (DPC)
\KV@toks@=\toks27
)
\mpr@andskip=\skip55
\mpr@lista=\toks28
\mpr@listb=\toks29
\mpr@hlist=\box52
\mpr@vlist=\box53
\mpr@right=\box54
)
(/usr/share/texlive/texmf-dist/tex/latex/pgf/frontendlayer/tikz.sty
(/usr/share/texlive/texmf-dist/tex/latex/pgf/basiclayer/pgf.sty
(/usr/share/texlive/texmf-dist/tex/latex/pgf/utilities/pgfrcs.sty
(/usr/share/texlive/texmf-dist/tex/generic/pgf/utilities/pgfutil-common.tex
\pgfutil@everybye=\toks30
\pgfutil@tempdima=\dimen148
\pgfutil@tempdimb=\dimen149

(/usr/share/texlive/texmf-dist/tex/generic/pgf/utilities/pgfutil-common-lists.t
ex)) (/usr/share/texlive/texmf-dist/tex/generic/pgf/utilities/pgfutil-latex.def
\pgfutil@abb=\box55
) (/usr/share/texlive/texmf-dist/tex/generic/pgf/utilities/pgfrcs.code.tex
(/usr/share/texlive/texmf-dist/tex/generic/pgf/pgf.revision.tex)
Package: pgfrcs 2021/05/15 v3.1.9a (3.1.9a)
))
Package: pgf 2021/05/15 v3.1.9a (3.1.9a)

(/usr/share/texlive/texmf-dist/tex/latex/pgf/basiclayer/pgfcore.sty
(/usr/share/texlive/texmf-dist/tex/latex/graphics/graphicx.sty
Package: graphicx 2021/09/16 v1.2d Enhanced LaTeX Graphics (DPC,SPQR)

(/usr/share/texlive/texmf-dist/tex/latex/graphics/graphics.sty
Package: graphics 2021/03/04 v1.4d Standard LaTeX Graphics (DPC,SPQR)

(/usr/share/texlive/texmf-dist/tex/latex/graphics/trig.sty
Package: trig 2021/08/11 v1.11 sin cos tan (DPC)
)
(/usr/share/texlive/texmf-dist/tex/latex/graphics-cfg/graphics.cfg
File: graphics.cfg 2016/06/04 v1.11 sample graphics configuration
)
Package graphics Info: Driver file: xetex.def on input line 107.

(/usr/share/texlive/texmf-dist/tex/latex/graphics-def/xetex.def
File: xetex.def 2021/03/18 v5.0k Graphics/color driver for xetex
))
\Gin@req@height=\dimen150
\Gin@req@width=\dimen151
)
(/usr/share/texlive/texmf-dist/tex/latex/pgf/systemlayer/pgfsys.sty
(/usr/share/texlive/texmf-dist/tex/generic/pgf/systemlayer/pgfsys.code.tex
Package: pgfsys 2021/05/15 v3.1.9a (3.1.9a)

(/usr/share/texlive/texmf-dist/tex/generic/pgf/utilities/pgfkeys.code.tex
\pgfkeys@pathtoks=\toks31
\pgfkeys@temptoks=\toks32

(/usr/share/texlive/texmf-dist/tex/generic/pgf/utilities/pgfkeysfiltered.code.t
ex
\pgfkeys@tmptoks=\toks33
))
\pgf@x=\dimen152
\pgf@y=\dimen153
\pgf@xa=\dimen154
\pgf@ya=\dimen155
\pgf@xb=\dimen156
\pgf@yb=\dimen157
\pgf@xc=\dimen158
\pgf@yc=\dimen159
\pgf@xd=\dimen160
\pgf@yd=\dimen161
\w@pgf@writea=\write3
\r@pgf@reada=\read2
\c@pgf@counta=\count269
\c@pgf@countb=\count270
\c@pgf@countc=\count271
\c@pgf@countd=\count272
\t@pgf@toka=\toks34
\t@pgf@tokb=\toks35
\t@pgf@tokc=\toks36
\pgf@sys@id@count=\count273
 (/usr/share/texlive/texmf-dist/tex/generic/pgf/systemlayer/pgf.cfg
File: pgf.cfg 2021/05/15 v3.1.9a (3.1.9a)
)
Driver file for pgf: pgfsys-xetex.def

(/usr/share/texlive/texmf-dist/tex/generic/pgf/systemlayer/pgfsys-xetex.def
File: pgfsys-xetex.def 2021/05/15 v3.1.9a (3.1.9a)

(/usr/share/texlive/texmf-dist/tex/generic/pgf/systemlayer/pgfsys-dvipdfmx.def
File: pgfsys-dvipdfmx.def 2021/05/15 v3.1.9a (3.1.9a)

(/usr/share/texlive/texmf-dist/tex/generic/pgf/systemlayer/pgfsys-common-pdf.de
f
File: pgfsys-common-pdf.def 2021/05/15 v3.1.9a (3.1.9a)
)
\pgfsys@objnum=\count274
)))
(/usr/share/texlive/texmf-dist/tex/generic/pgf/systemlayer/pgfsyssoftpath.code.
tex
File: pgfsyssoftpath.code.tex 2021/05/15 v3.1.9a (3.1.9a)
\pgfsyssoftpath@smallbuffer@items=\count275
\pgfsyssoftpath@bigbuffer@items=\count276
)
(/usr/share/texlive/texmf-dist/tex/generic/pgf/systemlayer/pgfsysprotocol.code.
tex
File: pgfsysprotocol.code.tex 2021/05/15 v3.1.9a (3.1.9a)
)) (/usr/share/texlive/texmf-dist/tex/latex/xcolor/xcolor.sty
Package: xcolor 2021/10/31 v2.13 LaTeX color extensions (UK)

(/usr/share/texlive/texmf-dist/tex/latex/graphics-cfg/color.cfg
File: color.cfg 2016/01/02 v1.6 sample color configuration
)
Package xcolor Info: Driver file: xetex.def on input line 227.
Package xcolor Info: Model `cmy' substituted by `cmy0' on input line 1352.
Package xcolor Info: Model `RGB' extended on input line 1368.
Package xcolor Info: Model `HTML' substituted by `rgb' on input line 1370.
Package xcolor Info: Model `Hsb' substituted by `hsb' on input line 1371.
Package xcolor Info: Model `tHsb' substituted by `hsb' on input line 1372.
Package xcolor Info: Model `HSB' substituted by `hsb' on input line 1373.
Package xcolor Info: Model `Gray' substituted by `gray' on input line 1374.
Package xcolor Info: Model `wave' substituted by `hsb' on input line 1375.
)
(/usr/share/texlive/texmf-dist/tex/generic/pgf/basiclayer/pgfcore.code.tex
Package: pgfcore 2021/05/15 v3.1.9a (3.1.9a)

(/usr/share/texlive/texmf-dist/tex/generic/pgf/math/pgfmath.code.tex
(/usr/share/texlive/texmf-dist/tex/generic/pgf/math/pgfmathcalc.code.tex
(/usr/share/texlive/texmf-dist/tex/generic/pgf/math/pgfmathutil.code.tex)
(/usr/share/texlive/texmf-dist/tex/generic/pgf/math/pgfmathparser.code.tex
\pgfmath@dimen=\dimen162
\pgfmath@count=\count277
\pgfmath@box=\box56
\pgfmath@toks=\toks37
\pgfmath@stack@operand=\toks38
\pgfmath@stack@operation=\toks39
)
(/usr/share/texlive/texmf-dist/tex/generic/pgf/math/pgfmathfunctions.code.tex
(/usr/share/texlive/texmf-dist/tex/generic/pgf/math/pgfmathfunctions.basic.code
.tex)
(/usr/share/texlive/texmf-dist/tex/generic/pgf/math/pgfmathfunctions.trigonomet
ric.code.tex)
(/usr/share/texlive/texmf-dist/tex/generic/pgf/math/pgfmathfunctions.random.cod
e.tex)
(/usr/share/texlive/texmf-dist/tex/generic/pgf/math/pgfmathfunctions.comparison
.code.tex)
(/usr/share/texlive/texmf-dist/tex/generic/pgf/math/pgfmathfunctions.base.code.
tex)
(/usr/share/texlive/texmf-dist/tex/generic/pgf/math/pgfmathfunctions.round.code
.tex)
(/usr/share/texlive/texmf-dist/tex/generic/pgf/math/pgfmathfunctions.misc.code.
tex)
(/usr/share/texlive/texmf-dist/tex/generic/pgf/math/pgfmathfunctions.integerari
thmetics.code.tex)))
(/usr/share/texlive/texmf-dist/tex/generic/pgf/math/pgfmathfloat.code.tex
\c@pgfmathroundto@lastzeros=\count278
))
(/usr/share/texlive/texmf-dist/tex/generic/pgf/math/pgfint.code.tex)
(/usr/share/texlive/texmf-dist/tex/generic/pgf/basiclayer/pgfcorepoints.code.te
x
File: pgfcorepoints.code.tex 2021/05/15 v3.1.9a (3.1.9a)
\pgf@picminx=\dimen163
\pgf@picmaxx=\dimen164
\pgf@picminy=\dimen165
\pgf@picmaxy=\dimen166
\pgf@pathminx=\dimen167
\pgf@pathmaxx=\dimen168
\pgf@pathminy=\dimen169
\pgf@pathmaxy=\dimen170
\pgf@xx=\dimen171
\pgf@xy=\dimen172
\pgf@yx=\dimen173
\pgf@yy=\dimen174
\pgf@zx=\dimen175
\pgf@zy=\dimen176
)
(/usr/share/texlive/texmf-dist/tex/generic/pgf/basiclayer/pgfcorepathconstruct.
code.tex
File: pgfcorepathconstruct.code.tex 2021/05/15 v3.1.9a (3.1.9a)
\pgf@path@lastx=\dimen177
\pgf@path@lasty=\dimen178
)
(/usr/share/texlive/texmf-dist/tex/generic/pgf/basiclayer/pgfcorepathusage.code
.tex
File: pgfcorepathusage.code.tex 2021/05/15 v3.1.9a (3.1.9a)
\pgf@shorten@end@additional=\dimen179
\pgf@shorten@start@additional=\dimen180
)
(/usr/share/texlive/texmf-dist/tex/generic/pgf/basiclayer/pgfcorescopes.code.te
x
File: pgfcorescopes.code.tex 2021/05/15 v3.1.9a (3.1.9a)
\pgfpic=\box57
\pgf@hbox=\box58
\pgf@layerbox@main=\box59
\pgf@picture@serial@count=\count279
)
(/usr/share/texlive/texmf-dist/tex/generic/pgf/basiclayer/pgfcoregraphicstate.c
ode.tex
File: pgfcoregraphicstate.code.tex 2021/05/15 v3.1.9a (3.1.9a)
\pgflinewidth=\dimen181
)
(/usr/share/texlive/texmf-dist/tex/generic/pgf/basiclayer/pgfcoretransformation
s.code.tex
File: pgfcoretransformations.code.tex 2021/05/15 v3.1.9a (3.1.9a)
\pgf@pt@x=\dimen182
\pgf@pt@y=\dimen183
\pgf@pt@temp=\dimen184
)
(/usr/share/texlive/texmf-dist/tex/generic/pgf/basiclayer/pgfcorequick.code.tex
File: pgfcorequick.code.tex 2021/05/15 v3.1.9a (3.1.9a)
)
(/usr/share/texlive/texmf-dist/tex/generic/pgf/basiclayer/pgfcoreobjects.code.t
ex
File: pgfcoreobjects.code.tex 2021/05/15 v3.1.9a (3.1.9a)
)
(/usr/share/texlive/texmf-dist/tex/generic/pgf/basiclayer/pgfcorepathprocessing
.code.tex
File: pgfcorepathprocessing.code.tex 2021/05/15 v3.1.9a (3.1.9a)
)
(/usr/share/texlive/texmf-dist/tex/generic/pgf/basiclayer/pgfcorearrows.code.te
x
File: pgfcorearrows.code.tex 2021/05/15 v3.1.9a (3.1.9a)
\pgfarrowsep=\dimen185
)
(/usr/share/texlive/texmf-dist/tex/generic/pgf/basiclayer/pgfcoreshade.code.tex
File: pgfcoreshade.code.tex 2021/05/15 v3.1.9a (3.1.9a)
\pgf@max=\dimen186
\pgf@sys@shading@range@num=\count280
\pgf@shadingcount=\count281
)
(/usr/share/texlive/texmf-dist/tex/generic/pgf/basiclayer/pgfcoreimage.code.tex
File: pgfcoreimage.code.tex 2021/05/15 v3.1.9a (3.1.9a)

(/usr/share/texlive/texmf-dist/tex/generic/pgf/basiclayer/pgfcoreexternal.code.
tex
File: pgfcoreexternal.code.tex 2021/05/15 v3.1.9a (3.1.9a)
\pgfexternal@startupbox=\box60
))
(/usr/share/texlive/texmf-dist/tex/generic/pgf/basiclayer/pgfcorelayers.code.te
x
File: pgfcorelayers.code.tex 2021/05/15 v3.1.9a (3.1.9a)
)
(/usr/share/texlive/texmf-dist/tex/generic/pgf/basiclayer/pgfcoretransparency.c
ode.tex
File: pgfcoretransparency.code.tex 2021/05/15 v3.1.9a (3.1.9a)
)
(/usr/share/texlive/texmf-dist/tex/generic/pgf/basiclayer/pgfcorepatterns.code.
tex
File: pgfcorepatterns.code.tex 2021/05/15 v3.1.9a (3.1.9a)
)
(/usr/share/texlive/texmf-dist/tex/generic/pgf/basiclayer/pgfcorerdf.code.tex
File: pgfcorerdf.code.tex 2021/05/15 v3.1.9a (3.1.9a)
)))
(/usr/share/texlive/texmf-dist/tex/generic/pgf/modules/pgfmoduleshapes.code.tex
File: pgfmoduleshapes.code.tex 2021/05/15 v3.1.9a (3.1.9a)
\pgfnodeparttextbox=\box61
) (/usr/share/texlive/texmf-dist/tex/generic/pgf/modules/pgfmoduleplot.code.tex
File: pgfmoduleplot.code.tex 2021/05/15 v3.1.9a (3.1.9a)
)
(/usr/share/texlive/texmf-dist/tex/latex/pgf/compatibility/pgfcomp-version-0-65
.sty
Package: pgfcomp-version-0-65 2021/05/15 v3.1.9a (3.1.9a)
\pgf@nodesepstart=\dimen187
\pgf@nodesepend=\dimen188
)
(/usr/share/texlive/texmf-dist/tex/latex/pgf/compatibility/pgfcomp-version-1-18
.sty
Package: pgfcomp-version-1-18 2021/05/15 v3.1.9a (3.1.9a)
)) (/usr/share/texlive/texmf-dist/tex/latex/pgf/utilities/pgffor.sty
(/usr/share/texlive/texmf-dist/tex/latex/pgf/utilities/pgfkeys.sty
(/usr/share/texlive/texmf-dist/tex/generic/pgf/utilities/pgfkeys.code.tex))
(/usr/share/texlive/texmf-dist/tex/latex/pgf/math/pgfmath.sty
(/usr/share/texlive/texmf-dist/tex/generic/pgf/math/pgfmath.code.tex))
(/usr/share/texlive/texmf-dist/tex/generic/pgf/utilities/pgffor.code.tex
Package: pgffor 2021/05/15 v3.1.9a (3.1.9a)

(/usr/share/texlive/texmf-dist/tex/generic/pgf/math/pgfmath.code.tex)
\pgffor@iter=\dimen189
\pgffor@skip=\dimen190
\pgffor@stack=\toks40
\pgffor@toks=\toks41
))
(/usr/share/texlive/texmf-dist/tex/generic/pgf/frontendlayer/tikz/tikz.code.tex
Package: tikz 2021/05/15 v3.1.9a (3.1.9a)

(/usr/share/texlive/texmf-dist/tex/generic/pgf/libraries/pgflibraryplothandlers
.code.tex
File: pgflibraryplothandlers.code.tex 2021/05/15 v3.1.9a (3.1.9a)
\pgf@plot@mark@count=\count282
\pgfplotmarksize=\dimen191
)
\tikz@lastx=\dimen192
\tikz@lasty=\dimen193
\tikz@lastxsaved=\dimen194
\tikz@lastysaved=\dimen195
\tikz@lastmovetox=\dimen196
\tikz@lastmovetoy=\dimen197
\tikzleveldistance=\dimen198
\tikzsiblingdistance=\dimen199
\tikz@figbox=\box62
\tikz@figbox@bg=\box63
\tikz@tempbox=\box64
\tikz@tempbox@bg=\box65
\tikztreelevel=\count283
\tikznumberofchildren=\count284
\tikznumberofcurrentchild=\count285
\tikz@fig@count=\count286

(/usr/share/texlive/texmf-dist/tex/generic/pgf/modules/pgfmodulematrix.code.tex
File: pgfmodulematrix.code.tex 2021/05/15 v3.1.9a (3.1.9a)
\pgfmatrixcurrentrow=\count287
\pgfmatrixcurrentcolumn=\count288
\pgf@matrix@numberofcolumns=\count289
)
\tikz@expandcount=\count290

(/usr/share/texlive/texmf-dist/tex/generic/pgf/frontendlayer/tikz/libraries/tik
zlibrarytopaths.code.tex
File: tikzlibrarytopaths.code.tex 2021/05/15 v3.1.9a (3.1.9a)
)))
(/usr/share/texlive/texmf-dist/tex/latex/tikz-cd/tikz-cd.sty
Package: tikz-cd 2021/05/04 v1.0 Commutative diagrams with TikZ

(/usr/share/texlive/texmf-dist/tex/generic/tikz-cd/tikzlibrarycd.code.tex
(/usr/share/texlive/texmf-dist/tex/generic/pgf/frontendlayer/tikz/libraries/tik
zlibrarymatrix.code.tex
File: tikzlibrarymatrix.code.tex 2021/05/15 v3.1.9a (3.1.9a)
)
(/usr/share/texlive/texmf-dist/tex/generic/pgf/frontendlayer/tikz/libraries/tik
zlibraryquotes.code.tex
File: tikzlibraryquotes.code.tex 2021/05/15 v3.1.9a (3.1.9a)
)
(/usr/share/texlive/texmf-dist/tex/generic/pgf/libraries/pgflibraryarrows.meta.
code.tex
File: pgflibraryarrows.meta.code.tex 2021/05/15 v3.1.9a (3.1.9a)
\pgfarrowinset=\dimen256
\pgfarrowlength=\dimen257
\pgfarrowwidth=\dimen258
\pgfarrowlinewidth=\dimen259
))) (/usr/share/texlive/texmf-dist/tex/latex/float/float.sty
Package: float 2001/11/08 v1.3d Float enhancements (AL)
\c@float@type=\count291
\float@exts=\toks42
\float@box=\box66
\@float@everytoks=\toks43
\@floatcapt=\box67
)
(/usr/share/texlive/texmf-dist/tex/latex/tools/tabularx.sty
Package: tabularx 2020/01/15 v2.11c `tabularx' package (DPC)

(/usr/share/texlive/texmf-dist/tex/latex/tools/array.sty
Package: array 2021/10/04 v2.5f Tabular extension package (FMi)
\col@sep=\dimen260
\ar@mcellbox=\box68
\extrarowheight=\dimen261
\NC@list=\toks44
\extratabsurround=\skip56
\backup@length=\skip57
\ar@cellbox=\box69
)
\TX@col@width=\dimen262
\TX@old@table=\dimen263
\TX@old@col=\dimen264
\TX@target=\dimen265
\TX@delta=\dimen266
\TX@cols=\count292
\TX@ftn=\toks45
)
(/usr/share/texlive/texmf-dist/tex/latex/booktabs/booktabs.sty
Package: booktabs 2020/01/12 v1.61803398 Publication quality tables
\heavyrulewidth=\dimen267
\lightrulewidth=\dimen268
\cmidrulewidth=\dimen269
\belowrulesep=\dimen270
\belowbottomsep=\dimen271
\aboverulesep=\dimen272
\abovetopsep=\dimen273
\cmidrulesep=\dimen274
\cmidrulekern=\dimen275
\defaultaddspace=\dimen276
\@cmidla=\count293
\@cmidlb=\count294
\@aboverulesep=\dimen277
\@belowrulesep=\dimen278
\@thisruleclass=\count295
\@lastruleclass=\count296
\@thisrulewidth=\dimen279
)
(/usr/share/texlive/texmf-dist/tex/latex/hyperref/hyperref.sty
Package: hyperref 2021-06-07 v7.00m Hypertext links for LaTeX

(/usr/share/texlive/texmf-dist/tex/generic/ltxcmds/ltxcmds.sty
Package: ltxcmds 2020-05-10 v1.25 LaTeX kernel commands for general use (HO)
)
(/usr/share/texlive/texmf-dist/tex/generic/iftex/iftex.sty
Package: iftex 2020/03/06 v1.0d TeX engine tests
)
(/usr/share/texlive/texmf-dist/tex/generic/pdftexcmds/pdftexcmds.sty
Package: pdftexcmds 2020-06-27 v0.33 Utility functions of pdfTeX for LuaTeX (HO
)

(/usr/share/texlive/texmf-dist/tex/generic/infwarerr/infwarerr.sty
Package: infwarerr 2019/12/03 v1.5 Providing info/warning/error messages (HO)
)
Package pdftexcmds Info: \pdf@primitive is available.
Package pdftexcmds Info: \pdf@ifprimitive is available.
Package pdftexcmds Info: \pdfdraftmode not found.
)
(/usr/share/texlive/texmf-dist/tex/generic/kvsetkeys/kvsetkeys.sty
Package: kvsetkeys 2019/12/15 v1.18 Key value parser (HO)
)
(/usr/share/texlive/texmf-dist/tex/generic/kvdefinekeys/kvdefinekeys.sty
Package: kvdefinekeys 2019-12-19 v1.6 Define keys (HO)
)
(/usr/share/texlive/texmf-dist/tex/generic/pdfescape/pdfescape.sty
Package: pdfescape 2019/12/09 v1.15 Implements pdfTeX's escape features (HO)
)
(/usr/share/texlive/texmf-dist/tex/latex/hycolor/hycolor.sty
Package: hycolor 2020-01-27 v1.10 Color options for hyperref/bookmark (HO)
)
(/usr/share/texlive/texmf-dist/tex/latex/letltxmacro/letltxmacro.sty
Package: letltxmacro 2019/12/03 v1.6 Let assignment for LaTeX macros (HO)
)
(/usr/share/texlive/texmf-dist/tex/latex/auxhook/auxhook.sty
Package: auxhook 2019-12-17 v1.6 Hooks for auxiliary files (HO)
)
(/usr/share/texlive/texmf-dist/tex/latex/kvoptions/kvoptions.sty
Package: kvoptions 2020-10-07 v3.14 Key value format for package options (HO)
)
\@linkdim=\dimen280
\Hy@linkcounter=\count297
\Hy@pagecounter=\count298

(/usr/share/texlive/texmf-dist/tex/latex/hyperref/pd1enc.def
File: pd1enc.def 2021-06-07 v7.00m Hyperref: PDFDocEncoding definition (HO)
)
(/usr/share/texlive/texmf-dist/tex/latex/hyperref/hyperref-langpatches.def
File: hyperref-langpatches.def 2021-06-07 v7.00m Hyperref: patches for babel la
nguages
)
(/usr/share/texlive/texmf-dist/tex/generic/intcalc/intcalc.sty
Package: intcalc 2019/12/15 v1.3 Expandable calculations with integers (HO)
)
(/usr/share/texlive/texmf-dist/tex/generic/etexcmds/etexcmds.sty
Package: etexcmds 2019/12/15 v1.7 Avoid name clashes with e-TeX commands (HO)
)
\Hy@SavedSpaceFactor=\count299

(/usr/share/texlive/texmf-dist/tex/latex/hyperref/puenc.def
File: puenc.def 2021-06-07 v7.00m Hyperref: PDF Unicode definition (HO)
)
Package hyperref Info: Hyper figures OFF on input line 4192.
Package hyperref Info: Link nesting OFF on input line 4197.
Package hyperref Info: Hyper index ON on input line 4200.
Package hyperref Info: Plain pages OFF on input line 4207.
Package hyperref Info: Backreferencing OFF on input line 4212.
Package hyperref Info: Implicit mode ON; LaTeX internals redefined.
Package hyperref Info: Bookmarks ON on input line 4445.
\c@Hy@tempcnt=\count300

(/usr/share/texlive/texmf-dist/tex/latex/url/url.sty
\Urlmuskip=\muskip17
Package: url 2013/09/16  ver 3.4  Verb mode for urls, etc.
)
LaTeX Info: Redefining \url on input line 4804.
\XeTeXLinkMargin=\dimen281

(/usr/share/texlive/texmf-dist/tex/generic/bitset/bitset.sty
Package: bitset 2019/12/09 v1.3 Handle bit-vector datatype (HO)

(/usr/share/texlive/texmf-dist/tex/generic/bigintcalc/bigintcalc.sty
Package: bigintcalc 2019/12/15 v1.5 Expandable calculations on big integers (HO
)
))
\Fld@menulength=\count301
\Field@Width=\dimen282
\Fld@charsize=\dimen283
Package hyperref Info: Hyper figures OFF on input line 6076.
Package hyperref Info: Link nesting OFF on input line 6081.
Package hyperref Info: Hyper index ON on input line 6084.
Package hyperref Info: backreferencing OFF on input line 6091.
Package hyperref Info: Link coloring OFF on input line 6096.
Package hyperref Info: Link coloring with OCG OFF on input line 6101.
Package hyperref Info: PDF/A mode OFF on input line 6106.
LaTeX Info: Redefining \ref on input line 6146.
LaTeX Info: Redefining \pageref on input line 6150.

(/usr/share/texlive/texmf-dist/tex/latex/base/atbegshi-ltx.sty
Package: atbegshi-ltx 2021/01/10 v1.0c Emulation of the original atbegshi
package with kernel methods
)
\Hy@abspage=\count302
\c@Item=\count303
\c@Hfootnote=\count304
)
Package hyperref Info: Driver (autodetected): hxetex.

(/usr/share/texlive/texmf-dist/tex/latex/hyperref/hxetex.def
File: hxetex.def 2021-06-07 v7.00m Hyperref driver for XeTeX

(/usr/share/texlive/texmf-dist/tex/generic/stringenc/stringenc.sty
Package: stringenc 2019/11/29 v1.12 Convert strings between diff. encodings (HO
)
)
\pdfm@box=\box70
\c@Hy@AnnotLevel=\count305
\HyField@AnnotCount=\count306
\Fld@listcount=\count307
\c@bookmark@seq@number=\count308

(/usr/share/texlive/texmf-dist/tex/latex/rerunfilecheck/rerunfilecheck.sty
Package: rerunfilecheck 2019/12/05 v1.9 Rerun checks for auxiliary files (HO)

(/usr/share/texlive/texmf-dist/tex/latex/base/atveryend-ltx.sty
Package: atveryend-ltx 2020/08/19 v1.0a Emulation of the original atveryend pac
kage
with kernel methods
)
(/usr/share/texlive/texmf-dist/tex/generic/uniquecounter/uniquecounter.sty
Package: uniquecounter 2019/12/15 v1.4 Provide unlimited unique counter (HO)
)
Package uniquecounter Info: New unique counter `rerunfilecheck' on input line 2
86.
)
\Hy@SectionHShift=\skip58
)
\c@theorem=\count309

(/usr/share/texlive/texmf-dist/tex/latex/l3backend/l3backend-xetex.def
File: l3backend-xetex.def 2022-01-12 L3 backend support: XeTeX

(|extractbb --version)
\c__kernel_sys_dvipdfmx_version_int=\count310
\l__color_backend_stack_int=\count311
\g__color_backend_stack_int=\count312
\g__graphics_track_int=\count313
\l__pdf_internal_box=\box71
\g__pdf_backend_object_int=\count314
\g__pdf_backend_annotation_int=\count315
\g__pdf_backend_link_int=\count316
) (./monograph.aux)
\openout1 = `monograph.aux'.

LaTeX Font Info:    Checking defaults for OML/cmm/m/it on input line 27.
LaTeX Font Info:    ... okay on input line 27.
LaTeX Font Info:    Checking defaults for OMS/cmsy/m/n on input line 27.
LaTeX Font Info:    ... okay on input line 27.
LaTeX Font Info:    Checking defaults for OT1/cmr/m/n on input line 27.
LaTeX Font Info:    ... okay on input line 27.
LaTeX Font Info:    Checking defaults for T1/cmr/m/n on input line 27.
LaTeX Font Info:    ... okay on input line 27.
LaTeX Font Info:    Checking defaults for TS1/cmr/m/n on input line 27.
LaTeX Font Info:    Trying to load font information for TS1+cmr on input line 2
7.

(/usr/share/texlive/texmf-dist/tex/latex/base/ts1cmr.fd
File: ts1cmr.fd 2019/12/16 v2.5j Standard LaTeX font definitions
)
LaTeX Font Info:    ... okay on input line 27.
LaTeX Font Info:    Checking defaults for TU/lmr/m/n on input line 27.
LaTeX Font Info:    ... okay on input line 27.
LaTeX Font Info:    Checking defaults for OMX/cmex/m/n on input line 27.
LaTeX Font Info:    ... okay on input line 27.
LaTeX Font Info:    Checking defaults for U/cmr/m/n on input line 27.
LaTeX Font Info:    ... okay on input line 27.
LaTeX Font Info:    Checking defaults for PD1/pdf/m/n on input line 27.
LaTeX Font Info:    ... okay on input line 27.
LaTeX Font Info:    Checking defaults for PU/pdf/m/n on input line 27.
LaTeX Font Info:    ... okay on input line 27.
Package hyperref Info: Link coloring OFF on input line 27.

(/usr/share/texlive/texmf-dist/tex/latex/hyperref/nameref.sty
Package: nameref 2021-04-02 v2.47 Cross-referencing by name of section

(/usr/share/texlive/texmf-dist/tex/latex/refcount/refcount.sty
Package: refcount 2019/12/15 v3.6 Data extraction from label references (HO)
)
(/usr/share/texlive/texmf-dist/tex/generic/gettitlestring/gettitlestring.sty
Package: gettitlestring 2019/12/15 v1.6 Cleanup title references (HO)
)
\c@section@level=\count317
)
LaTeX Info: Redefining \ref on input line 27.
LaTeX Info: Redefining \pageref on input line 27.
LaTeX Info: Redefining \nameref on input line 27.

(./monograph.out) (./monograph.out)
\@outlinefile=\write4
\openout4 = `monograph.out'.

LaTeX Font Info:    Trying to load font information for U+msa on input line 30.


(/usr/share/texlive/texmf-dist/tex/latex/amsfonts/umsa.fd
File: umsa.fd 2013/01/14 v3.01 AMS symbols A
)
LaTeX Font Info:    Trying to load font information for U+msb on input line 30.


(/usr/share/texlive/texmf-dist/tex/latex/amsfonts/umsb.fd
File: umsb.fd 2013/01/14 v3.01 AMS symbols B
) (./monograph.toc
[1

] [2])
\tf@toc=\write5
\openout5 = `monograph.toc'.

 [3] [4]
Overfull \hbox (0.93109pt too wide) in paragraph at lines 60--60
[]\TU/lmr/bx/n/14.4 Semantic Manifolds and the Manifold Hypoth-
 []

LaTeX Font Info:    Trying to load font information for U+euf on input line 67.

(/usr/share/texlive/texmf-dist/tex/latex/amsfonts/ueuf.fd
File: ueuf.fd 2013/01/14 v3.01 Euler Fraktur
) [5] [6]
Overfull \hbox (0.9887pt too wide) in paragraph at lines 119--119
[]\TU/lmr/bx/n/14.4 Geometric Hyperscanning and Interbrain Net-
 []


Overfull \hbox (6.97002pt too wide) in paragraph at lines 125--126
\TU/lmr/m/n/10 Ricci curvature quantifies expansion/contraction; negative value
s indicate bridges,
 []

[7] [8]
Overfull \hbox (2.93147pt too wide) in paragraph at lines 236--238
[]$\OML/cmm/m/it/10 F$ \TU/lmr/m/n/10 preserves negentropic corridors as subobj
ects, corresponding to restricted
 []

[9]
! Missing { inserted.
<to be read again> 
                   \mskip 
l.300 \|\mathsf{D}_F\| &:= \|F^\!
                                 *h - g\|,\qquad
? 
! Missing { inserted.
<to be read again> 
                   \mskip 
l.301 \mathcal{K}_F := \mathrm{Ric}_{F^\!
                                         *h}-\mathrm{Ric}_g.
? 
! Missing } inserted.
<inserted text> 
                }
l.302 \end{aligned}
                   
? 
! Missing } inserted.
<inserted text> 
                }
l.302 \end{aligned}
                   
? 

Overfull \hbox (21.46248pt too wide) detected at line 303
[] [][]
 []

[10] [11]
Overfull \hbox (11.34001pt too wide) in paragraph at lines 426--433
[]\TU/lmr/bx/n/10 Clinical. \TU/lmr/m/n/10 Curvature entropy offers a candidate
 biomarker—or sociomarker—
 []

[12] [13] [14]
Overfull \hbox (3.03503pt too wide) in paragraph at lines 554--555
[]\TU/lmr/m/n/10 Play is simulated danger: bounded perturbations accelerate cor
ridor widen-
 []

[15]
! Missing { inserted.
<to be read again> 
                   \discretionary 
l.576 \Delta g = F^\*
                      g_2 - g_1.
? 
! Missing } inserted.
<inserted text> 
                }
l.577 \]
        
? 
[16] [17]
Overfull \hbox (3.78734pt too wide) in paragraph at lines 688--690
[]$\OML/cmm/m/it/10 S$ \TU/lmr/m/n/10 (entropy): Transiently increased in awe, 
suppressed in nostalgia, rupture–
 []

[18] [19]
Overfull \hbox (5.0567pt too wide) in paragraph at lines 831--831
[]\TU/lmr/bx/n/14.4 The Ontogenetic Parade: Developmental Fear
 []

[20] [21]
Overfull \hbox (5.0567pt too wide) in paragraph at lines 897--897
[]\TU/lmr/bx/n/14.4 The Ontogenetic Parade: Developmental Fear
 []

[22] [23] [24] [25]
! Missing { inserted.
<to be read again> 
                   \discretionary 
l.1121 \( F^\*
              (\mathrm{vol}_h) = J_F\,\mathrm{vol}_g\).
? 
! Missing } inserted.
<inserted text> 
                }
l.1121 ...(\mathrm{vol}_h) = J_F\,\mathrm{vol}_g\)
                                                  .
? 

Overfull \hbox (7.57785pt too wide) in paragraph at lines 1117--1123
\TU/lmr/m/n/10 on $[]\OT1/cmr/m/n/10 (\OML/cmm/m/it/10 ^^V\OT1/cmr/m/n/10 )$\TU
/lmr/m/n/10 . We write $\OML/cmm/m/it/10 J[]\OT1/cmr/m/n/10 (\OML/cmm/m/it/10 x
\OT1/cmr/m/n/10 )$ \TU/lmr/m/n/10 for the Riemannian Jacobian of $\OML/cmm/m/it
/10 F$\TU/lmr/m/n/10 , i.e. $\OML/cmm/m/it/10 F[]$\TU/lmr/m/n/10 .
 []

! Missing { inserted.
<to be read again> 
                   \discretionary 
l.1124 \mathsf{D}_F := F^\*
                           h - g,\qquad
? 
! Missing { inserted.
<to be read again> 
                   \discretionary 
l.1125 \mathcal{K}_F := \mathrm{Ric}_{F^\*
                                          h}-\mathrm{Ric}_g,\qquad
? 
! Missing { inserted.
<to be read again> 
                   \discretionary 
l.1126 \kappa_F := \mathrm{Scal}(F^\*
                                     h)-\mathrm{Scal}(g).
? 
! Missing } inserted.
<inserted text> 
                }
l.1127 \]
         
? 
! Missing } inserted.
<inserted text> 
                }
l.1127 \]
         
? 
! Missing } inserted.
<inserted text> 
                }
l.1127 \]
         
? 
! Missing { inserted.
<to be read again> 
                   \discretionary 
l.1135 L^{-1}\,g_x(v,v)\ \le\ F^\*
                                  h_x(v,v)\ \le\ L\, g_x(v,v).
? 
! Missing } inserted.
<inserted text> 
                }
l.1136 \]
         
? 
[26]
! Missing { inserted.
<to be read again> 
                   \discretionary 
l.1150 \(G_x := g_x^{-1}F^\*
                            h_x\) has eigenvalues in \([L^{-1},L]\). Hence
? 
! Missing } inserted.
<inserted text> 
                }
l.1150 \(G_x := g_x^{-1}F^\*h_x\)
                                  has eigenvalues in \([L^{-1},L]\). Hence
? 

Overfull \hbox (4.53723pt too wide) in paragraph at lines 1168--1176
[]\TU/lmr/m/n/10 Change of variables: $\OML/cmm/m/it/10 ^^W \OT1/cmr/m/n/10 = \
OML/cmm/m/it/10 F[]^^V$ \TU/lmr/m/n/10 has density $\OML/cmm/m/it/10 ^^Z[]\OT1/
cmr/m/n/10 (\OML/cmm/m/it/10 y\OT1/cmr/m/n/10 ) = [][] \OML/cmm/m/it/10 ^^Z\OT1
/cmr/m/n/10 (\OML/cmm/m/it/10 x\OT1/cmr/m/n/10 )\OML/cmm/m/it/10 =J[]\OT1/cmr/m
/n/10 (\OML/cmm/m/it/10 x\OT1/cmr/m/n/10 )$
 []


Overfull \hbox (17.27606pt too wide) in paragraph at lines 1168--1176
\TU/lmr/m/n/10 duces to $\OML/cmm/m/it/10 ^^Z[]\OT1/cmr/m/n/10 (\OML/cmm/m/it/1
0 F\OT1/cmr/m/n/10 (\OML/cmm/m/it/10 x\OT1/cmr/m/n/10 )) = \OML/cmm/m/it/10 ^^Z
\OT1/cmr/m/n/10 (\OML/cmm/m/it/10 x\OT1/cmr/m/n/10 )\OML/cmm/m/it/10 =J[]\OT1/c
mr/m/n/10 (\OML/cmm/m/it/10 x\OT1/cmr/m/n/10 )$\TU/lmr/m/n/10 . Hence $\OML/cmm
/m/it/10 h\OT1/cmr/m/n/10 (\OML/cmm/m/it/10 ^^W\OT1/cmr/m/n/10 ) = \OMS/cmsy/m/
n/10 ^^@  [] \OML/cmm/m/it/10 ^^Z[] [] ^^Z[] [][] \OT1/cmr/m/n/10 = \OMS/cmsy/m
/n/10 ^^@  [] \OML/cmm/m/it/10 ^^Z [] ^^Z [][] \OT1/cmr/m/n/10 +
 []


Overfull \hbox (0.77853pt too wide) in paragraph at lines 1183--1183
[]\TU/lmr/bx/n/12 A Ricci–volume comparison bound (global, curvature-
 []

[27]
Overfull \hbox (2.14458pt too wide) in paragraph at lines 1228--1228
[]\TU/lmr/bx/n/12 A Bakry–Émery (LSI/T$[]$) bound via extrapolated cur-
 []


Package hyperref Warning: Token not allowed in a PDF string (Unicode):
(hyperref)                removing `math shift' on input line 1228.


Package hyperref Warning: Token not allowed in a PDF string (Unicode):
(hyperref)                removing `subscript' on input line 1228.

! Missing { inserted.
<to be read again> 
                   \discretionary 
l.1239 ...ullback measure \(\widetilde \pi := F^\*
                                                  \pi_h\) on \(X\) has
? 
! Missing } inserted.
<inserted text> 
                }
l.1239 ... measure \(\widetilde \pi := F^\*\pi_h\)
                                                   on \(X\) has
? 
! Missing { inserted.
<to be read again> 
                   \discretionary 
l.1244 ...where \(\mathcal{K}_F=\mathrm{Ric}_{F^\*
                                                  h}-\mathrm{Ric}_g\).
? 
! Missing } inserted.
<inserted text> 
                }
l.1244 ..._F=\mathrm{Ric}_{F^\*h}-\mathrm{Ric}_g\)
                                                  .
? 
! Missing { inserted.
<to be read again> 
                   \discretionary 
l.1248 ...for the generator associated with \(F^\*
                                                  \widehat V\):
? 
! Missing } inserted.
<inserted text> 
                }
l.1248 ...rator associated with \(F^\*\widehat V\)
                                                  :
? 
! Missing { inserted.
<to be read again> 
                   \discretionary 
l.1249 \(\mathrm{Ric}_g+\nabla^2(F^\*
                                     \widehat V) = \mathrm{Ric}_{F^\*h} + \n...

? 
! Missing { inserted.
<to be read again> 
                   \discretionary 
l.1249 ...a^2(F^\*\widehat V) = \mathrm{Ric}_{F^\*
                                                  h} + \nabla^2(F^\*\widehat V)

? 
! Missing { inserted.
<to be read again> 
                   \discretionary 
l.1249 ...) = \mathrm{Ric}_{F^\*h} + \nabla^2(F^\*
                                                  \widehat V)
? 
! Missing } inserted.
<inserted text> 
                }
l.1250  - \mathcal{K}_F\)
                         . Lower bounds combine by min and subtract the oper...

? 
! Missing } inserted.
<inserted text> 
                }
l.1250  - \mathcal{K}_F\)
                         . Lower bounds combine by min and subtract the oper...

? 
! Missing } inserted.
<inserted text> 
                }
l.1250  - \mathcal{K}_F\)
                         . Lower bounds combine by min and subtract the oper...

? 

Overfull \hbox (6.18001pt too wide) in paragraph at lines 1281--1285
\TU/lmr/m/n/10 curvature permits more entropy production for a fixed input info
rmation budget—
 []

[28]
! Missing { inserted.
<to be read again> 
                   \discretionary 
l.1312 curvature control (via \(F^\*
                                    h\) vs.\ \(g\)), and locality-aware rout...

? 
! Missing } inserted.
<inserted text> 
                }
l.1312 curvature control (via \(F^\*h\)
                                        vs.\ \(g\)), and locality-aware rout...

? 
[29]
Overfull \hbox (17.83003pt too wide) detected at line 1377
[]
 []


Overfull \hbox (0.73898pt too wide) in paragraph at lines 1380--1381
 []\TU/lmr/bx/n/10 Forman–Ricci curvature (edge-wise).[] \TU/lmr/m/n/10 For eac
h edge $\OML/cmm/m/it/10 e \OT1/cmr/m/n/10 = (\OML/cmm/m/it/10 u; v\OT1/cmr/m/n
/10 )$ \TU/lmr/m/n/10 with weight
 []

[30]
Overfull \hbox (59.25pt too wide) in paragraph at lines 1415--1415
[]    \TU/lmtt/m/n/10 return plv(x, y) if kind.lower()=="plv" else float(np.cor
rcoef(x,y)[0,1])[] 
 []


Overfull \hbox (122.25pt too wide) in paragraph at lines 1456--1456
[]\TU/lmtt/m/n/10 def build_inter_graph(WA, WB, metric="plv", prune_pct=80, A_x
y=None, B_xy=None, knn_k=3):[] 
 []


Overfull \hbox (6.75pt too wide) in paragraph at lines 1456--1456
[]    \TU/lmtt/m/n/10 tau = np.percentile(W, prune_pct); W = np.where(W>=tau, W
, 0.0)[] 
 []


Overfull \hbox (59.25pt too wide) in paragraph at lines 1456--1456
[]            \TU/lmtt/m/n/10 if W[i,j] > 0: G.add_edge(("A",i), ("B",j), weigh
t=float(W[i,j]))[] 
 []

[31]
Overfull \hbox (33.0pt too wide) in paragraph at lines 1456--1456
[]                \TU/lmtt/m/n/10 if A[u,v] > 0: G.add_edge(("A",u), ("A",v), w
eight=0.01)[] 
 []


Overfull \hbox (33.0pt too wide) in paragraph at lines 1456--1456
[]                \TU/lmtt/m/n/10 if B[u,v] > 0: G.add_edge(("B",u), ("B",v), w
eight=0.01)[] 
 []


Overfull \hbox (17.25pt too wide) in paragraph at lines 1476--1476
[]    \TU/lmtt/m/n/10 return sum(w for *_, w in G.edges(n, data="weight", defau
lt=1.0))[] 
 []


Overfull \hbox (6.75pt too wide) in paragraph at lines 1476--1476
[]        \TU/lmtt/m/n/10 zu = node_strength(G,u) if node_weight=="strength" el
se 1.0[] 
 []


Overfull \hbox (6.75pt too wide) in paragraph at lines 1476--1476
[]        \TU/lmtt/m/n/10 zv = node_strength(G,v) if node_weight=="strength" el
se 1.0[] 
 []


Overfull \hbox (17.25pt too wide) in paragraph at lines 1476--1476
[]                    \TU/lmtt/m/n/10 for (x,y) in G.edges(u) if {x,y}!={u,v} a
nd we>0)[] 
 []


Overfull \hbox (17.25pt too wide) in paragraph at lines 1476--1476
[]                    \TU/lmtt/m/n/10 for (x,y) in G.edges(v) if {x,y}!={u,v} a
nd we>0)[] 
 []


Overfull \hbox (54.0pt too wide) in paragraph at lines 1502--1502
[]        \TU/lmtt/m/n/10 bw = 2*iqr*(v.size**(-1/3)) if iqr>0 else np.std(v)*(
v.size**(-1/3))[] 
 []


Overfull \hbox (80.25pt too wide) in paragraph at lines 1502--1502
[]        \TU/lmtt/m/n/10 p = np.maximum(hist, 1e-12); H = -np.sum(p*np.log(p))
*(edges[1]-edges[0])[] 
 []

[32]
Overfull \hbox (43.5pt too wide) in paragraph at lines 1546--1546
[]\TU/lmtt/m/n/10 XA = 0.5*rng.standard_normal((nA,T)); XB = 0.5*rng.standard_n
ormal((nB,T))[] 
 []


Overfull \hbox (59.25pt too wide) in paragraph at lines 1546--1546
[]\TU/lmtt/m/n/10 f0 = 10.0; phiA = rng.uniform(0,2*np.pi,nA); phiB = rng.unifo
rm(0,2*np.pi,nB)[] 
 []


Overfull \hbox (6.75pt too wide) in paragraph at lines 1546--1546
[]    \TU/lmtt/m/n/10 shared = 0.7*np.sin(2*np.pi*f0*t[tc:] + rng.uniform(0,2*n
p.pi))[] 
 []


Overfull \hbox (48.75pt too wide) in paragraph at lines 1546--1546
[]    \TU/lmtt/m/n/10 G = build_inter_graph(XA[:,s:e], XB[:,s:e], metric="plv",
 prune_pct=80)[] 
 []

[33]
Overfull \hbox (48.75pt too wide) in paragraph at lines 1546--1546
[]\TU/lmtt/m/n/10 Hs = np.array(Hs); corridors = np.array(corridors); times = n
p.array(times)[] 
 []


Overfull \hbox (48.75pt too wide) in paragraph at lines 1558--1558
[]\TU/lmtt/m/n/10 ax.set_title("Curvature–entropy and corridor score over time"
); ax.legend()[] 
 []


Overfull \hbox (38.96907pt too wide) in paragraph at lines 1563--1564
[]\TU/lmr/bx/n/10 ORC (optional)\TU/lmr/m/n/10 : for small graphs, approximate 
Ollivier–Ricci via Sinkhorn/EMD
 []


Overfull \hbox (2.89088pt too wide) in paragraph at lines 1597--1597
[]|\TU/lmr/bx/n/10 Modality| 
 []


Underfull \hbox (badness 10000) in paragraph at lines 1597--1597
[]|\TU/lmr/bx/n/10 Edge-weight
 []


Underfull \hbox (badness 3219) in paragraph at lines 1597--1597
[]|\TU/lmr/bx/n/10 Empirical im-
 []


Underfull \hbox (badness 10000) in paragraph at lines 1597--1597
[]|\TU/lmr/m/n/10 tens–
 []


Underfull \hbox (badness 10000) in paragraph at lines 1597--1597
\TU/lmr/m/n/10 hundreds
 []


Underfull \hbox (badness 6236) in paragraph at lines 1597--1597
[]|\TU/lmr/m/n/10 Captures rapid,
 []


Underfull \hbox (badness 10000) in paragraph at lines 1597--1597
\TU/lmr/m/n/10 transient be-
 []


Underfull \hbox (badness 10000) in paragraph at lines 1597--1597
[]|\TU/lmr/m/n/10 tens–
 []


Underfull \hbox (badness 10000) in paragraph at lines 1597--1597
\TU/lmr/m/n/10 hundreds
 []


Underfull \hbox (badness 10000) in paragraph at lines 1597--1597
[]|\TU/lmr/m/n/10 Spontaneous
 []


Underfull \hbox (badness 10000) in paragraph at lines 1597--1597
\TU/lmr/m/n/10 background ac-
 []


Underfull \hbox (badness 2717) in paragraph at lines 1597--1597
\TU/lmr/m/n/10 taneous fluctua-
 []


Underfull \hbox (badness 10000) in paragraph at lines 1597--1597
[]|\TU/lmr/m/n/10 Captures sus-
 []


Underfull \hbox (badness 10000) in paragraph at lines 1597--1597
\TU/lmr/m/n/10 tained blocks,
 []


Underfull \hbox (badness 10000) in paragraph at lines 1597--1597
[]|\TU/lmr/m/n/10 Long-term
 []


Underfull \hbox (badness 10000) in paragraph at lines 1597--1597
\TU/lmr/m/n/10 resting-state
 []

[34] [35]
! Missing { inserted.
<to be read again> 
                   \mskip 
l.1629 \alpha\,g_x(v,v)\ \le\ F^\!
                                  h_x(v,v)\ \le\ \beta\,g_x(v,v)
? 
! You can't use `\eqno' in math mode.
\endmathdisplay@a ...\df@tag \@empty \else \veqno 
                                                  \alt@tag \df@tag \fi \ifx ...
l.1633 \end{equation}
                     
? 
! Missing } inserted.
<inserted text> 
                }
l.1633 \end{equation}
                     
? 
! Missing { inserted.
<to be read again> 
                   \discretionary 
l.1634 where $\mathcal{K}_F=\mathrm{Ric}_{F^\*
                                              h}-\mathrm{Ric}_g$ is the extr...

? 
! Missing } inserted.
<inserted text> 
                }
l.1634 ...}_F=\mathrm{Ric}_{F^\*h}-\mathrm{Ric}_g$
                                                   is the extrapolated
? 
! Missing { inserted.
<to be read again> 
                   \discretionary 
l.1663 $\nabla_g(V\circ F)=dF^\*
                                \,\nabla_h V$, and the flow gives
? 
! Missing } inserted.
<inserted text> 
                }
l.1663 $\nabla_g(V\circ F)=dF^\*\,\nabla_h V$
                                             , and the flow gives
? 
! Missing { inserted.
<to be read again> 
                   \discretionary 
l.1664 $\dot x=-\,dF^\*
                       \,\nabla_h V$. The metric sandwich
? 
! Missing } inserted.
<inserted text> 
                }
l.1664 $\dot x=-\,dF^\*\,\nabla_h V$
                                    . The metric sandwich
? 
! Missing { inserted.
<to be read again> 
                   \discretionary 
l.1665 $F^\*
            h\simeq G$ with $G\in[\alpha,\beta]$ (Assumption \eqref{eq:corri...

? 
! Missing } inserted.
<inserted text> 
                }
l.1665 $F^\*h\simeq G$
                       with $G\in[\alpha,\beta]$ (Assumption \eqref{eq:corri...

? 
! Missing { inserted.
<to be read again> 
                   \discretionary 
l.1668 = \langle \dot x,\dot x\rangle_{F^\*
                                           h}\ge \alpha\,\|\dot x\|_g^2$.
? 
! Missing } inserted.
<inserted text> 
                }
l.1668 ...angle_{F^\*h}\ge \alpha\,\|\dot x\|_g^2$
                                                  .
? 
! Missing { inserted.
<to be read again> 
                   \discretionary 
l.1671 $\dot V=-\langle \nabla_h V,\,dF\,dF^\*
                                              \,\nabla_h V\rangle_h
? 
! Missing } inserted.
<inserted text> 
                }
l.1672 ...\nabla_h V\|_h^2 \le -\alpha\lambda\, V$
                                                  .
? 

Overfull \hbox (0.35236pt too wide) in paragraph at lines 1678--1682
 []\TU/lmr/bx/n/10 Input-to-state robustness.[] \TU/lmr/m/n/10 If $\OML/cmm/m/i
t/10 F$ \TU/lmr/m/n/10 is time-varying, $\OML/cmm/m/it/10 F[]$\TU/lmr/m/n/10 , 
with $\OMS/cmsy/m/n/10 k\OML/cmm/m/it/10 dF[] \OMS/cmsy/m/n/10 ^^@ \OML/cmm/m/i
t/10 dF\OMS/cmsy/m/n/10 k\OML/cmm/m/it/10 ;  \OMS/cmsy/m/n/10 k\OML/cmm/m/it/10
 @[]F[]\OMS/cmsy/m/n/10 k$
 []

[36]
Overfull \hbox (21.21846pt too wide) in paragraph at lines 1735--1745
 []\TU/lmr/bx/n/10 Geometric $\OML/cmm/m/it/10 R\OT1/cmr/m/n/10 (\OML/cmm/m/it/
10 D\OT1/cmr/m/n/10 )$ \TU/lmr/bx/n/10 estimates.[] \TU/lmr/m/n/10 On a $\OML/c
mm/m/it/10 d$\TU/lmr/m/n/10 -dimensional Riemannian manifold, quadratic
 []


Overfull \hbox (16.94135pt too wide) in paragraph at lines 1735--1745
\TU/lmr/m/n/10 distortion $\OML/cmm/m/it/10 d\OT1/cmr/m/n/10 (\OML/cmm/m/it/10 
y; []\OT1/cmr/m/n/10 ) = \OMS/cmsy/m/n/10 k\OML/cmm/m/it/10 y \OMS/cmsy/m/n/10 
^^@ []k[]$ \TU/lmr/m/n/10 yields (in high-resolution regime) $\OML/cmm/m/it/10 
R\OT1/cmr/m/n/10 (\OML/cmm/m/it/10 D\OT1/cmr/m/n/10 ) \U/msa/m/n/10 & [] []  []
\OML/cmm/m/it/10 ^^[[]=D[]$\TU/lmr/m/n/10 ,
 []


Overfull \hbox (0.23001pt too wide) in paragraph at lines 1771--1780
\TU/lmr/m/n/10 Negentropic corridors—near-isometric regions with small extrapol
ated curvature
 []

[37] [38] (./monograph.bbl [39]
Underfull \hbox (badness 1292) in paragraph at lines 118--122
[]\TU/lmr/m/n/10 Nicolás Hinrichs, Mahault Albarracin, Dimitris Bolis, Yuyue Ji
ang,
 []

[40]
Underfull \hbox (badness 1226) in paragraph at lines 209--213
[]\TU/lmr/m/n/10 Melanie Weber, Johannes Stelzer, Emil Saucan, Alexander Naitsa
t,
 []

) [41] (./monograph.aux)
Package rerunfilecheck Info: File `monograph.out' has not changed.
(rerunfilecheck)             Checksum: 2E2720D110BC52B2002089F12EA584E7;16777.
 ) 
Here is how much of TeX's memory you used:
 21510 strings out of 476191
 416240 string characters out of 5812072
 708460 words of memory out of 5000000
 41843 multiletter control sequences out of 15000+600000
 481166 words of font info for 88 fonts, out of 8000000 for 9000
 1348 hyphenation exceptions out of 8191
 100i,16n,104p,1407b,960s stack positions out of 5000i,500n,10000p,200000b,80000s

Output written on monograph.pdf (41 pages).
