\BOOKMARK [1][-]{section.1}{\376\377\000I\000n\000t\000r\000o\000d\000u\000c\000t\000i\000o\000n}{}% 1
\BOOKMARK [2][-]{subsection.1.1}{\376\377\000T\000i\000m\000e\000\040\000a\000s\000\040\000O\000r\000d\000e\000r\000i\000n\000g\000\040\000v\000s\000.\000\040\000T\000i\000m\000e\000\040\000a\000s\000\040\000B\000a\000c\000k\000g\000r\000o\000u\000n\000d}{section.1}% 2
\BOOKMARK [2][-]{subsection.1.2}{\376\377\000T\000h\000e\000\040\000A\000r\000r\000o\000w\000\040\000o\000f\000\040\000T\000i\000m\000e\000\040\000a\000n\000d\000\040\000I\000t\000s\000\040\000O\000r\000i\000g\000i\000n\000s}{section.1}% 3
\BOOKMARK [2][-]{subsection.1.3}{\376\377\000R\000e\000l\000a\000t\000i\000o\000n\000a\000l\000\040\000a\000n\000d\000\040\000F\000i\000e\000l\000d\000-\000T\000h\000e\000o\000r\000e\000t\000i\000c\000\040\000T\000r\000a\000d\000i\000t\000i\000o\000n\000s}{section.1}% 4
\BOOKMARK [2][-]{subsection.1.4}{\376\377\000A\000i\000m\000\040\000o\000f\000\040\000T\000h\000i\000s\000\040\000W\000o\000r\000k}{section.1}% 5
\BOOKMARK [2][-]{subsection.1.5}{\376\377\000S\000t\000r\000u\000c\000t\000u\000r\000e\000\040\000o\000f\000\040\000t\000h\000e\000\040\000P\000a\000p\000e\000r}{section.1}% 6
\BOOKMARK [1][-]{section.2}{\376\377\000B\000a\000c\000k\000g\000r\000o\000u\000n\000d}{}% 7
\BOOKMARK [2][-]{subsection.2.1}{\376\377\000H\000i\000s\000t\000o\000r\000i\000c\000a\000l\000\040\000C\000o\000n\000t\000e\000x\000t\000:\000\040\000F\000r\000o\000m\000\040\000A\000b\000s\000o\000l\000u\000t\000e\000\040\000t\000o\000\040\000E\000m\000e\000r\000g\000e\000n\000t\000\040\000T\000i\000m\000e}{section.2}% 8
\BOOKMARK [2][-]{subsection.2.2}{\376\377\000T\000h\000e\000\040\000A\000r\000r\000o\000w\000\040\000o\000f\000\040\000T\000i\000m\000e\000\040\000P\000r\000o\000b\000l\000e\000m}{section.2}% 9
\BOOKMARK [2][-]{subsection.2.3}{\376\377\000R\000e\000l\000a\000t\000i\000o\000n\000a\000l\000\040\000C\000o\000n\000f\000i\000g\000u\000r\000a\000t\000i\000o\000n\000\040\000S\000p\000a\000c\000e}{section.2}% 10
\BOOKMARK [2][-]{subsection.2.4}{\376\377\000F\000i\000e\000l\000d\000-\000T\000h\000e\000o\000r\000e\000t\000i\000c\000\040\000A\000p\000p\000r\000o\000a\000c\000h\000e\000s}{section.2}% 11
\BOOKMARK [2][-]{subsection.2.5}{\376\377\000T\000h\000e\000\040\000R\000e\000l\000a\000t\000i\000v\000i\000s\000t\000i\000c\000\040\000S\000c\000a\000l\000a\000r\040\023\000V\000e\000c\000t\000o\000r\000\040\000P\000l\000e\000n\000u\000m\000\040\000\050\000R\000S\000V\000P\000\051}{section.2}% 12
\BOOKMARK [1][-]{section.3}{\376\377\000M\000a\000t\000h\000e\000m\000a\000t\000i\000c\000a\000l\000\040\000F\000r\000a\000m\000e\000w\000o\000r\000k}{}% 13
\BOOKMARK [2][-]{subsection.3.1}{\376\377\000T\000h\000e\000\040\000B\000a\000s\000e\000\040\000S\000p\000a\000c\000e\000\040\000C\000\040\000a\000s\000\040\000a\000\040\000S\000i\000t\000e}{section.3}% 14
\BOOKMARK [2][-]{subsection.3.2}{\376\377\000R\000S\000V\000P\000\040\000F\000i\000e\000l\000d\000s\000\040\000a\000s\000\040\000a\000\040\000F\000i\000b\000e\000r\000\040\000B\000u\000n\000d\000l\000e\000\040\000o\000v\000e\000r\000\040\000C}{section.3}% 15
\BOOKMARK [2][-]{subsection.3.3}{\376\377\000S\000h\000e\000a\000f\000\040\000o\000f\000\040\000S\000o\000l\000u\000t\000i\000o\000n\000s\000\040\000F}{section.3}% 16
\BOOKMARK [2][-]{subsection.3.4}{\376\377\000R\000S\000V\000P\000\040\000D\000y\000n\000a\000m\000i\000c\000s\000\040\000a\000s\000\040\000a\000n\000\040\000E\000n\000d\000o\000f\000u\000n\000c\000t\000o\000r}{section.3}% 17
\BOOKMARK [2][-]{subsection.3.5}{\376\377\000P\000r\000o\000j\000e\000c\000t\000i\000o\000n\000\040\000t\000o\000\040\000t\000h\000e\000\040\000R\000e\000l\000a\000t\000i\000o\000n\000a\000l\000\040\000B\000a\000s\000e}{section.3}% 18
\BOOKMARK [2][-]{subsection.3.6}{\376\377\000G\000e\000o\000d\000e\000s\000i\000c\000-\000F\000l\000o\000w\000\040\000F\000u\000n\000c\000t\000o\000r\000\040\000o\000n\000\040\000C}{section.3}% 19
\BOOKMARK [2][-]{subsection.3.7}{\376\377\000T\000h\000e\000\040\000E\000q\000u\000i\000v\000a\000l\000e\000n\000c\000e\000\040\000a\000s\000\040\000a\000\040\000N\000a\000t\000u\000r\000a\000l\000i\000t\000y\000\040\000C\000o\000n\000d\000i\000t\000i\000o\000n}{section.3}% 20
\BOOKMARK [1][-]{section.4}{\376\377\000P\000r\000o\000j\000e\000c\000t\000i\000o\000n\000\040\000a\000n\000d\000\040\000E\000q\000u\000i\000v\000a\000l\000e\000n\000c\000e}{}% 21
\BOOKMARK [2][-]{subsection.4.1}{\376\377\000P\000r\000o\000j\000e\000c\000t\000i\000o\000n\000\040\000f\000r\000o\000m\000\040\000F\000u\000l\000l\000\040\000S\000t\000a\000t\000e\000\040\000S\000p\000a\000c\000e\000\040\000t\000o\000\040\000R\000e\000l\000a\000t\000i\000o\000n\000a\000l\000\040\000B\000a\000s\000e}{section.4}% 22
\BOOKMARK [2][-]{subsection.4.2}{\376\377\000R\000S\000V\000P\000\040\000D\000y\000n\000a\000m\000i\000c\000s\000\040\000a\000n\000d\000\040\000I\000t\000s\000\040\000P\000r\000o\000j\000e\000c\000t\000i\000o\000n}{section.4}% 23
\BOOKMARK [2][-]{subsection.4.3}{\376\377\000G\000e\000o\000d\000e\000s\000i\000c\000\040\000F\000l\000o\000w\000\040\000o\000n\000\040\000t\000h\000e\000\040\000R\000e\000l\000a\000t\000i\000o\000n\000a\000l\000\040\000B\000a\000s\000e}{section.4}% 24
\BOOKMARK [2][-]{subsection.4.4}{\376\377\000T\000h\000e\000\040\000N\000a\000t\000u\000r\000a\000l\000i\000t\000y\000\040\000C\000o\000n\000d\000i\000t\000i\000o\000n}{section.4}% 25
\BOOKMARK [2][-]{subsection.4.5}{\376\377\000E\000x\000a\000c\000t\000\040\000v\000s\000.\000\040\000C\000o\000n\000s\000t\000r\000a\000i\000n\000e\000d\000\040\000E\000q\000u\000i\000v\000a\000l\000e\000n\000c\000e}{section.4}% 26
\BOOKMARK [2][-]{subsection.4.6}{\376\377\000\311\000t\000a\000l\000\351\000-\000S\000p\000a\000c\000e\000\040\000I\000n\000t\000e\000r\000p\000r\000e\000t\000a\000t\000i\000o\000n}{section.4}% 27
\BOOKMARK [1][-]{section.5}{\376\377\000C\000o\000n\000c\000e\000p\000t\000u\000a\000l\000\040\000I\000m\000p\000l\000i\000c\000a\000t\000i\000o\000n\000s}{}% 28
\BOOKMARK [2][-]{subsection.5.1}{\376\377\000O\000n\000t\000o\000l\000o\000g\000y\000\040\000o\000f\000\040\000T\000i\000m\000e}{section.5}% 29
\BOOKMARK [2][-]{subsection.5.2}{\376\377\000G\000e\000o\000m\000e\000t\000r\000y\000\040\000v\000s\000.\000\040\000P\000h\000y\000s\000i\000c\000a\000l\000\040\000C\000o\000n\000t\000e\000n\000t}{section.5}% 30
\BOOKMARK [2][-]{subsection.5.3}{\376\377\000T\000h\000e\000\040\000A\000r\000r\000o\000w\000\040\000o\000f\000\040\000T\000i\000m\000e\000\040\000a\000s\000\040\000a\000\040\000N\000a\000t\000u\000r\000a\000l\000i\000t\000y\000\040\000C\000o\000n\000d\000i\000t\000i\000o\000n}{section.5}% 31
\BOOKMARK [2][-]{subsection.5.4}{\376\377\000E\000x\000a\000c\000t\000\040\000a\000n\000d\000\040\000C\000o\000n\000s\000t\000r\000a\000i\000n\000e\000d\000\040\000R\000e\000g\000i\000m\000e\000s}{section.5}% 32
\BOOKMARK [2][-]{subsection.5.5}{\376\377\000O\000b\000s\000e\000r\000v\000a\000t\000i\000o\000n\000a\000l\000\040\000a\000n\000d\000\040\000E\000m\000p\000i\000r\000i\000c\000a\000l\000\040\000C\000o\000n\000s\000i\000d\000e\000r\000a\000t\000i\000o\000n\000s}{section.5}% 33
\BOOKMARK [2][-]{subsection.5.6}{\376\377\000P\000h\000i\000l\000o\000s\000o\000p\000h\000i\000c\000a\000l\000\040\000S\000i\000g\000n\000i\000f\000i\000c\000a\000n\000c\000e}{section.5}% 34
\BOOKMARK [1][-]{section.6}{\376\377\000E\000x\000t\000e\000n\000s\000i\000o\000n\000s\000\040\000a\000n\000d\000\040\000F\000u\000t\000u\000r\000e\000\040\000W\000o\000r\000k}{}% 35
\BOOKMARK [2][-]{subsection.6.1}{\376\377\000B\000e\000y\000o\000n\000d\000\040\000P\000u\000r\000e\000\040\000G\000e\000o\000d\000e\000s\000i\000c\000s\000:\000\040\000C\000o\000n\000s\000t\000r\000a\000i\000n\000e\000d\000\040\000F\000l\000o\000w\000s\000\040\000i\000n\000\040\000C}{section.6}% 36
\BOOKMARK [2][-]{subsection.6.2}{\376\377\000Q\000u\000a\000n\000t\000i\000z\000a\000t\000i\000o\000n\000\040\000o\000f\000\040\000t\000h\000e\000\040\000F\000r\000a\000m\000e\000w\000o\000r\000k}{section.6}% 37
\BOOKMARK [2][-]{subsection.6.3}{\376\377\000S\000t\000o\000c\000h\000a\000s\000t\000i\000c\000\040\000a\000n\000d\000\040\000C\000o\000a\000r\000s\000e\000-\000G\000r\000a\000i\000n\000e\000d\000\040\000D\000y\000n\000a\000m\000i\000c\000s}{section.6}% 38
\BOOKMARK [2][-]{subsection.6.4}{\376\377\000C\000o\000m\000p\000u\000t\000a\000t\000i\000o\000n\000a\000l\000\040\000M\000o\000d\000e\000l\000i\000n\000g\000\040\000a\000n\000d\000\040\000S\000i\000m\000u\000l\000a\000t\000i\000o\000n\000s}{section.6}% 39
\BOOKMARK [2][-]{subsection.6.5}{\376\377\000O\000b\000s\000e\000r\000v\000a\000t\000i\000o\000n\000a\000l\000\040\000S\000i\000g\000n\000a\000t\000u\000r\000e\000s\000\040\000a\000n\000d\000\040\000E\000m\000p\000i\000r\000i\000c\000a\000l\000\040\000T\000e\000s\000t\000s}{section.6}% 40
\BOOKMARK [2][-]{subsection.6.6}{\376\377\000B\000r\000o\000a\000d\000e\000r\000\040\000T\000h\000e\000o\000r\000e\000t\000i\000c\000a\000l\000\040\000I\000n\000t\000e\000g\000r\000a\000t\000i\000o\000n}{section.6}% 41
\BOOKMARK [1][-]{section.7}{\376\377\000C\000o\000n\000c\000l\000u\000s\000i\000o\000n}{}% 42
