This is LuaHBTeX, Version 1.14.0 (TeX Live 2022/dev/Debian)  (format=lualatex 2025.8.11)  30 AUG 2025 18:50
 restricted system commands enabled.
**monograph.tex
(./monograph.tex
LaTeX2e <2021-11-15> patch level 1
Lua module: luaotfload 2021-05-21 3.18 Lua based OpenType font support
Lua module: lualibs 2021-05-20 2.74 ConTeXt Lua standard libraries.
Lua module: lualibs-extended 2021-05-20 2.74 ConTeXt Lua libraries -- extended c
ollection.
luaotfload | conf : Root cache directory is "/home/bonobo/.texlive2021/texmf-var
/luatex-cache/generic/names".
luaotfload | init : Loading fontloader "fontloader-2021-05-20.lua" from kpse-res
olved path "/usr/share/texlive/texmf-dist/tex/luatex/luaotfload/fontloader-2021-
05-20.lua".
Lua-only attribute luaotfload@noligature = 1
Lua-only attribute luaotfload@syllabe = 2
luaotfload | init : Context OpenType loader version 3.116
Inserting `luaotfload.node_processor' at position 1 in `pre_linebreak_filter'.
Inserting `luaotfload.node_processor' at position 1 in `hpack_filter'.
Inserting `luaotfload.glyph_stream' at position 1 in `glyph_stream_provider'.
Inserting `luaotfload.define_font' at position 1 in `define_font'.
Lua-only attribute luaotfload_color_attribute = 3
luaotfload | conf : Root cache directory is "/home/bonobo/.texlive2021/texmf-var
/luatex-cache/generic/names".
Inserting `luaotfload.harf.strip_prefix' at position 1 in `find_opentype_file'.
Inserting `luaotfload.harf.strip_prefix' at position 1 in `find_truetype_file'.
Inserting `luaotfload.harf.finalize_vlist' at position 1 in `post_linebreak_filt
er'.
Inserting `luaotfload.harf.finalize_hlist' at position 2 in `hpack_filter'.
Inserting `luaotfload.cleanup_files' at position 1 in `wrapup_run'.
Inserting `luaotfload.harf.finalize_unicode' at position 1 in `finish_pdffile'.
Inserting `luaotfload.glyphinfo' at position 1 in `glyph_info'.
Lua-only attribute luaotfload.letterspace_done = 4
Inserting `luaotfload.aux.set_sscale_dimens' at position 1 in `luaotfload.patch_
font'.
Inserting `luaotfload.aux.set_font_index' at position 2 in `luaotfload.patch_fon
t'.
Inserting `luaotfload.aux.patch_cambria_domh' at position 3 in `luaotfload.patch
_font'.
Inserting `luaotfload.aux.fixup_fontdata' at position 1 in `luaotfload.patch_fon
t_unsafe'.
Inserting `luaotfload.aux.set_capheight' at position 4 in `luaotfload.patch_font
'.
Inserting `luaotfload.aux.set_xheight' at position 5 in `luaotfload.patch_font'.
Inserting `luaotfload.rewrite_fontname' at position 6 in `luaotfload.patch_font'
. L3 programming layer <2022-01-21>
Inserting `tracingstacklevels' at position 1 in `input_level_string'.
(/usr/share/texlive/texmf-dist/tex/latex/base/book.cls
Document Class: book 2021/10/04 v1.4n Standard LaTeX document class
(/usr/share/texlive/texmf-dist/tex/latex/base/bk10.clo
File: bk10.clo 2021/10/04 v1.4n Standard LaTeX file (size option)
luaotfload | db : Font names database loaded from /home/bonobo/.texlive2021/texm
f-var/luatex-cache/generic/names/luaotfload-names.luc)
\c@part=\count183
\c@chapter=\count184
\c@section=\count185
\c@subsection=\count186
\c@subsubsection=\count187
\c@paragraph=\count188
\c@subparagraph=\count189
\c@figure=\count190
\c@table=\count191
\abovecaptionskip=\skip47
\belowcaptionskip=\skip48
\bibindent=\dimen137
)
(/usr/share/texlive/texmf-dist/tex/latex/base/fontenc.sty
Package: fontenc 2021/04/29 v2.0v Standard LaTeX package
LaTeX Font Info:    Trying to load font information for T1+lmr on input line 11
2.

(/usr/share/texmf/tex/latex/lm/t1lmr.fd
File: t1lmr.fd 2009/10/30 v1.6 Font defs for Latin Modern
))
(/usr/share/texmf/tex/latex/lm/lmodern.sty
Package: lmodern 2009/10/30 v1.6 Latin Modern Fonts
LaTeX Font Info:    Overwriting symbol font `operators' in version `normal'
(Font)                  OT1/cmr/m/n --> OT1/lmr/m/n on input line 22.
LaTeX Font Info:    Overwriting symbol font `letters' in version `normal'
(Font)                  OML/cmm/m/it --> OML/lmm/m/it on input line 23.
LaTeX Font Info:    Overwriting symbol font `symbols' in version `normal'
(Font)                  OMS/cmsy/m/n --> OMS/lmsy/m/n on input line 24.
LaTeX Font Info:    Overwriting symbol font `largesymbols' in version `normal'
(Font)                  OMX/cmex/m/n --> OMX/lmex/m/n on input line 25.
LaTeX Font Info:    Overwriting symbol font `operators' in version `bold'
(Font)                  OT1/cmr/bx/n --> OT1/lmr/bx/n on input line 26.
LaTeX Font Info:    Overwriting symbol font `letters' in version `bold'
(Font)                  OML/cmm/b/it --> OML/lmm/b/it on input line 27.
LaTeX Font Info:    Overwriting symbol font `symbols' in version `bold'
(Font)                  OMS/cmsy/b/n --> OMS/lmsy/b/n on input line 28.
LaTeX Font Info:    Overwriting symbol font `largesymbols' in version `bold'
(Font)                  OMX/cmex/m/n --> OMX/lmex/m/n on input line 29.
LaTeX Font Info:    Overwriting math alphabet `\mathbf' in version `normal'
(Font)                  OT1/cmr/bx/n --> OT1/lmr/bx/n on input line 31.
LaTeX Font Info:    Overwriting math alphabet `\mathsf' in version `normal'
(Font)                  OT1/cmss/m/n --> OT1/lmss/m/n on input line 32.
LaTeX Font Info:    Overwriting math alphabet `\mathit' in version `normal'
(Font)                  OT1/cmr/m/it --> OT1/lmr/m/it on input line 33.
LaTeX Font Info:    Overwriting math alphabet `\mathtt' in version `normal'
(Font)                  OT1/cmtt/m/n --> OT1/lmtt/m/n on input line 34.
LaTeX Font Info:    Overwriting math alphabet `\mathbf' in version `bold'
(Font)                  OT1/cmr/bx/n --> OT1/lmr/bx/n on input line 35.
LaTeX Font Info:    Overwriting math alphabet `\mathsf' in version `bold'
(Font)                  OT1/cmss/bx/n --> OT1/lmss/bx/n on input line 36.
LaTeX Font Info:    Overwriting math alphabet `\mathit' in version `bold'
(Font)                  OT1/cmr/bx/it --> OT1/lmr/bx/it on input line 37.
LaTeX Font Info:    Overwriting math alphabet `\mathtt' in version `bold'
(Font)                  OT1/cmtt/m/n --> OT1/lmtt/m/n on input line 38.
)
(/usr/share/texlive/texmf-dist/tex/latex/base/inputenc.sty
Package: inputenc 2021/02/14 v1.3d Input encoding file
\inpenc@prehook=\toks16
\inpenc@posthook=\toks17


Package inputenc Warning: inputenc package ignored with utf8 based engines.

) (/usr/share/texlive/texmf-dist/tex/latex/microtype/microtype.sty
Package: microtype 2021/12/10 v3.0b Micro-typographical refinements (RS)

(/usr/share/texlive/texmf-dist/tex/latex/graphics/keyval.sty
Package: keyval 2014/10/28 v1.15 key=value parser (DPC)
\KV@toks@=\toks18
)
(/usr/share/texlive/texmf-dist/tex/latex/etoolbox/etoolbox.sty
Package: etoolbox 2020/10/05 v2.5k e-TeX tools for LaTeX (JAW)
\etb@tempcnta=\count192
)
\MT@toks=\toks19
\MT@count=\count193
\MT@tempbox=\box50
LaTeX Info: Redefining \leftprotrusion on input line 1010.
LaTeX Info: Redefining \rightprotrusion on input line 1018.
LaTeX Info: Redefining \textls on input line 1173.
\MT@outer@kern=\dimen138
LaTeX Info: Redefining \textmicrotypecontext on input line 1759.
\MT@listname@count=\count194

(/usr/share/texlive/texmf-dist/tex/latex/microtype/microtype-luatex.def
File: microtype-luatex.def 2021/12/10 v3.0b Definitions specific to luatex (RS)

Lua module: microtype 2021/12/10 3.0b microtype module.
Module microtype Info: overwriting function `keepligature' on input line 63
LaTeX Info: Redefining \lsstyle on input line 685.
LaTeX Info: Redefining \lslig on input line 685.
\MT@outer@space=\skip49
)
Package microtype Info: Loading configuration file microtype.cfg.

(/usr/share/texlive/texmf-dist/tex/latex/microtype/microtype.cfg
File: microtype.cfg 2021/12/10 v3.0b microtype main configuration file (RS)
))
(/usr/share/texlive/texmf-dist/tex/latex/csquotes/csquotes.sty
Package: csquotes 2021-02-22 v5.2l context-sensitive quotations (JAW)
\csq@reset=\count195
\csq@gtype=\count196
\csq@glevel=\count197
\csq@qlevel=\count198
\csq@maxlvl=\count199
\csq@tshold=\count266
\csq@ltx@everypar=\toks20

(/usr/share/texlive/texmf-dist/tex/latex/csquotes/csquotes.def
File: csquotes.def 2021-02-22 v5.2l csquotes generic definitions (JAW)
)
Package csquotes Info: Trying to load configuration file 'csquotes.cfg'...
Package csquotes Info: ... configuration file loaded successfully.

(/usr/share/texlive/texmf-dist/tex/latex/csquotes/csquotes.cfg
File: csquotes.cfg 
))
(/usr/share/texlive/texmf-dist/tex/latex/siunitx/siunitx.sty
Package: siunitx 2022-02-02 v3.0.46 A comprehensive (SI) units package
\l__siunitx_angle_tmp_dim=\dimen139
\l__siunitx_angle_marker_box=\box51
\l__siunitx_angle_unit_box=\box52
\l__siunitx_compound_count_int=\count267

(/usr/share/texlive/texmf-dist/tex/latex/translations/translations.sty
Package: translations 2022/01/04 v1.11 internationalization of LaTeX2e packages
 (CN)

(/usr/share/texlive/texmf-dist/tex/generic/pdftexcmds/pdftexcmds.sty
Package: pdftexcmds 2020-06-27 v0.33 Utility functions of pdfTeX for LuaTeX (HO
)

(/usr/share/texlive/texmf-dist/tex/generic/infwarerr/infwarerr.sty
Package: infwarerr 2019/12/03 v1.5 Providing info/warning/error messages (HO)
)
(/usr/share/texlive/texmf-dist/tex/generic/iftex/iftex.sty
Package: iftex 2020/03/06 v1.0d TeX engine tests
)
(/usr/share/texlive/texmf-dist/tex/generic/ltxcmds/ltxcmds.sty
Package: ltxcmds 2020-05-10 v1.25 LaTeX kernel commands for general use (HO)
)
Package pdftexcmds Info: \pdf@primitive is available.
Package pdftexcmds Info: \pdf@ifprimitive is available.
Package pdftexcmds Info: \pdfdraftmode found.
\pdftexcmds@toks=\toks21
))
\l__siunitx_number_exponent_fixed_int=\count268
\l__siunitx_number_min_decimal_int=\count269
\l__siunitx_number_min_integer_int=\count270
\l__siunitx_number_round_precision_int=\count271
\l__siunitx_number_group_minimum_int=\count272

(/usr/share/texlive/texmf-dist/tex/latex/amsmath/amstext.sty
Package: amstext 2021/08/26 v2.01 AMS text

(/usr/share/texlive/texmf-dist/tex/latex/amsmath/amsgen.sty
File: amsgen.sty 1999/11/30 v2.0 generic functions
\@emptytoks=\toks22
\ex@=\dimen140
))
\l__siunitx_table_tmp_box=\box53
\l__siunitx_table_tmp_dim=\dimen141
\l__siunitx_table_column_width_dim=\dimen142
\l__siunitx_table_integer_box=\box54
\l__siunitx_table_decimal_box=\box55
\l__siunitx_table_before_box=\box56
\l__siunitx_table_after_box=\box57
\l__siunitx_table_before_dim=\dimen143
\l__siunitx_table_carry_dim=\dimen144
\l__siunitx_unit_tmp_int=\count273
\l__siunitx_unit_position_int=\count274
\l__siunitx_unit_total_int=\count275

(/usr/share/texlive/texmf-dist/tex/latex/l3packages/l3keys2e/l3keys2e.sty
(/usr/share/texlive/texmf-dist/tex/latex/l3kernel/expl3.sty
Package: expl3 2022-01-21 L3 programming layer (loader) 

(/usr/share/texlive/texmf-dist/tex/latex/l3backend/l3backend-luatex.def
File: l3backend-luatex.def 2022-01-12 L3 backend support: PDF output (LuaTeX)
\l__color_backend_stack_int=\count276
\l__pdf_internal_box=\box58
))
Package: l3keys2e 2022-01-12 LaTeX2e option processing using LaTeX3 keys
)
(/usr/share/texlive/texmf-dist/tex/latex/tools/array.sty
Package: array 2021/10/04 v2.5f Tabular extension package (FMi)
\col@sep=\dimen145
\ar@mcellbox=\box59
\extrarowheight=\dimen146
\NC@list=\toks23
\extratabsurround=\skip50
\backup@length=\skip51
\ar@cellbox=\box60
))

Package siunitx Info: Option "detect-weight" has been deprecated in this
(siunitx)             release.
(siunitx)             
(siunitx)             Use "reset-text-series = false, text-series-to-math =
(siunitx)             true" as a replacement.


Package siunitx Info: Option "detect-family" has been deprecated in this
(siunitx)             release.
(siunitx)             
(siunitx)             Use "reset-text-family = false, text-family-to-math =
(siunitx)             true" as a replacement.


(/usr/share/texlive/texmf-dist/tex/latex/cleveref/cleveref.sty
Package: cleveref 2018/03/27 v0.21.4 Intelligent cross-referencing
Package cleveref Info: always capitalise cross-reference names on input line 78
25.
Package cleveref Info: include cross-reference names in hyperlinks on input lin
e 7836.
Package cleveref Info: include cross-reference names in hyperlinks on input lin
e 7852.
Package cleveref Info: always capitalise cross-reference names on input line 78
52.
)
(/usr/share/texlive/texmf-dist/tex/latex/natbib/natbib.sty
Package: natbib 2010/09/13 8.31b (PWD, AO)
\bibhang=\skip52
\bibsep=\skip53
LaTeX Info: Redefining \cite on input line 694.
\c@NAT@ctr=\count277
)
(/usr/share/texlive/texmf-dist/tex/latex/amsmath/amsmath.sty
Package: amsmath 2021/10/15 v2.17l AMS math features
\@mathmargin=\skip54

For additional information on amsmath, use the `?' option.
(/usr/share/texlive/texmf-dist/tex/latex/amsmath/amsbsy.sty
Package: amsbsy 1999/11/29 v1.2d Bold Symbols
\pmbraise@=\dimen147
)
(/usr/share/texlive/texmf-dist/tex/latex/amsmath/amsopn.sty
Package: amsopn 2021/08/26 v2.02 operator names
)
\inf@bad=\count278
LaTeX Info: Redefining \frac on input line 236.
\uproot@=\count279
\leftroot@=\count280
LaTeX Info: Redefining \overline on input line 399.
\classnum@=\count281
\DOTSCASE@=\count282
LaTeX Info: Redefining \ldots on input line 496.
LaTeX Info: Redefining \dots on input line 499.
LaTeX Info: Redefining \cdots on input line 620.
\Mathstrutbox@=\box61
\strutbox@=\box62
\big@size=\dimen148
LaTeX Font Info:    Redeclaring font encoding OML on input line 743.
LaTeX Font Info:    Redeclaring font encoding OMS on input line 744.
\macc@depth=\count283
\c@MaxMatrixCols=\count284
\dotsspace@=\muskip16
\c@parentequation=\count285
\dspbrk@lvl=\count286
\tag@help=\toks24
\row@=\count287
\column@=\count288
\maxfields@=\count289
\andhelp@=\toks25
\eqnshift@=\dimen149
\alignsep@=\dimen150
\tagshift@=\dimen151
\tagwidth@=\dimen152
\totwidth@=\dimen153
\lineht@=\dimen154
\@envbody=\toks26
\multlinegap=\skip55
\multlinetaggap=\skip56
\mathdisplay@stack=\toks27
LaTeX Info: Redefining \[ on input line 2938.
LaTeX Info: Redefining \] on input line 2939.
)
(/usr/share/texlive/texmf-dist/tex/latex/amsfonts/amssymb.sty
Package: amssymb 2013/01/14 v3.01 AMS font symbols

(/usr/share/texlive/texmf-dist/tex/latex/amsfonts/amsfonts.sty
Package: amsfonts 2013/01/14 v3.01 Basic AMSFonts support
\symAMSa=\mathgroup4
\symAMSb=\mathgroup5
LaTeX Font Info:    Redeclaring math symbol \hbar on input line 98.
LaTeX Font Info:    Overwriting math alphabet `\mathfrak' in version `bold'
(Font)                  U/euf/m/n --> U/euf/b/n on input line 106.
))
(/usr/share/texlive/texmf-dist/tex/latex/geometry/geometry.sty
Package: geometry 2020/01/02 v5.9 Page Geometry

(/usr/share/texlive/texmf-dist/tex/generic/iftex/ifvtex.sty
Package: ifvtex 2019/10/25 v1.7 ifvtex legacy package. Use iftex instead.
)
\Gm@cnth=\count290
\Gm@cntv=\count291
\c@Gm@tempcnt=\count292
\Gm@bindingoffset=\dimen155
\Gm@wd@mp=\dimen156
\Gm@odd@mp=\dimen157
\Gm@even@mp=\dimen158
\Gm@layoutwidth=\dimen159
\Gm@layoutheight=\dimen160
\Gm@layouthoffset=\dimen161
\Gm@layoutvoffset=\dimen162
\Gm@dimlist=\toks28
)
(/usr/share/texlive/texmf-dist/tex/latex/hyperref/hyperref.sty
Package: hyperref 2021-06-07 v7.00m Hypertext links for LaTeX

(/usr/share/texlive/texmf-dist/tex/generic/kvsetkeys/kvsetkeys.sty
Package: kvsetkeys 2019/12/15 v1.18 Key value parser (HO)
)
(/usr/share/texlive/texmf-dist/tex/generic/kvdefinekeys/kvdefinekeys.sty
Package: kvdefinekeys 2019-12-19 v1.6 Define keys (HO)
)
(/usr/share/texlive/texmf-dist/tex/generic/pdfescape/pdfescape.sty
Package: pdfescape 2019/12/09 v1.15 Implements pdfTeX's escape features (HO)
)
(/usr/share/texlive/texmf-dist/tex/latex/hycolor/hycolor.sty
Package: hycolor 2020-01-27 v1.10 Color options for hyperref/bookmark (HO)
)
(/usr/share/texlive/texmf-dist/tex/latex/letltxmacro/letltxmacro.sty
Package: letltxmacro 2019/12/03 v1.6 Let assignment for LaTeX macros (HO)
)
(/usr/share/texlive/texmf-dist/tex/latex/auxhook/auxhook.sty
Package: auxhook 2019-12-17 v1.6 Hooks for auxiliary files (HO)
)
(/usr/share/texlive/texmf-dist/tex/latex/kvoptions/kvoptions.sty
Package: kvoptions 2020-10-07 v3.14 Key value format for package options (HO)
)
\@linkdim=\dimen163
\Hy@linkcounter=\count293
\Hy@pagecounter=\count294

(/usr/share/texlive/texmf-dist/tex/latex/hyperref/pd1enc.def
File: pd1enc.def 2021-06-07 v7.00m Hyperref: PDFDocEncoding definition (HO)
)
(/usr/share/texlive/texmf-dist/tex/latex/hyperref/hyperref-langpatches.def
File: hyperref-langpatches.def 2021-06-07 v7.00m Hyperref: patches for babel la
nguages
)
(/usr/share/texlive/texmf-dist/tex/generic/intcalc/intcalc.sty
Package: intcalc 2019/12/15 v1.3 Expandable calculations with integers (HO)
)
(/usr/share/texlive/texmf-dist/tex/generic/etexcmds/etexcmds.sty
Package: etexcmds 2019/12/15 v1.7 Avoid name clashes with e-TeX commands (HO)
)
\Hy@SavedSpaceFactor=\count295

(/usr/share/texlive/texmf-dist/tex/latex/hyperref/puenc.def
File: puenc.def 2021-06-07 v7.00m Hyperref: PDF Unicode definition (HO)
)
Package hyperref Info: Hyper figures OFF on input line 4192.
Package hyperref Info: Link nesting OFF on input line 4197.
Package hyperref Info: Hyper index ON on input line 4200.
Package hyperref Info: Plain pages OFF on input line 4207.
Package hyperref Info: Backreferencing OFF on input line 4212.
Package hyperref Info: Implicit mode ON; LaTeX internals redefined.
Package hyperref Info: Bookmarks ON on input line 4445.
\c@Hy@tempcnt=\count296

(/usr/share/texlive/texmf-dist/tex/latex/url/url.sty
\Urlmuskip=\muskip17
Package: url 2013/09/16  ver 3.4  Verb mode for urls, etc.
)
LaTeX Info: Redefining \url on input line 4804.
\XeTeXLinkMargin=\dimen164

(/usr/share/texlive/texmf-dist/tex/generic/bitset/bitset.sty
Package: bitset 2019/12/09 v1.3 Handle bit-vector datatype (HO)

(/usr/share/texlive/texmf-dist/tex/generic/bigintcalc/bigintcalc.sty
Package: bigintcalc 2019/12/15 v1.5 Expandable calculations on big integers (HO
)
))
\Fld@menulength=\count297
\Field@Width=\dimen165
\Fld@charsize=\dimen166
Package hyperref Info: Hyper figures OFF on input line 6076.
Package hyperref Info: Link nesting OFF on input line 6081.
Package hyperref Info: Hyper index ON on input line 6084.
Package hyperref Info: backreferencing OFF on input line 6091.
Package hyperref Info: Link coloring OFF on input line 6096.
Package hyperref Info: Link coloring with OCG OFF on input line 6101.
Package hyperref Info: PDF/A mode OFF on input line 6106.
LaTeX Info: Redefining \ref on input line 6146.
LaTeX Info: Redefining \pageref on input line 6150.

(/usr/share/texlive/texmf-dist/tex/latex/base/atbegshi-ltx.sty
Package: atbegshi-ltx 2021/01/10 v1.0c Emulation of the original atbegshi
package with kernel methods
)
\Hy@abspage=\count298
\c@Item=\count299
\c@Hfootnote=\count300
)
Package hyperref Info: Driver (autodetected): hluatex.

(/usr/share/texlive/texmf-dist/tex/latex/hyperref/hluatex.def
File: hluatex.def 2021-06-07 v7.00m Hyperref driver for luaTeX

(/usr/share/texlive/texmf-dist/tex/generic/stringenc/stringenc.sty
Package: stringenc 2019/11/29 v1.12 Convert strings between diff. encodings (HO
)
)
(/usr/share/texlive/texmf-dist/tex/latex/base/atveryend-ltx.sty
Package: atveryend-ltx 2020/08/19 v1.0a Emulation of the original atveryend pac
kage
with kernel methods
)
\Fld@listcount=\count301
\c@bookmark@seq@number=\count302

(/usr/share/texlive/texmf-dist/tex/latex/rerunfilecheck/rerunfilecheck.sty
Package: rerunfilecheck 2019/12/05 v1.9 Rerun checks for auxiliary files (HO)

(/usr/share/texlive/texmf-dist/tex/generic/uniquecounter/uniquecounter.sty
Package: uniquecounter 2019/12/15 v1.4 Provide unlimited unique counter (HO)
)
Package uniquecounter Info: New unique counter `rerunfilecheck' on input line 2
86.
)
\Hy@SectionHShift=\skip57
)
(/usr/share/texlive/texmf-dist/tex/latex/enumitem/enumitem.sty
Package: enumitem 2019/06/20 v3.9 Customized lists
\labelindent=\skip58
\enit@outerparindent=\dimen167
\enit@toks=\toks29
\enit@inbox=\box63
\enit@count@id=\count303
\enitdp@description=\count304
)
(/usr/share/texlive/texmf-dist/tex/latex/graphics/graphicx.sty
Package: graphicx 2021/09/16 v1.2d Enhanced LaTeX Graphics (DPC,SPQR)

(/usr/share/texlive/texmf-dist/tex/latex/graphics/graphics.sty
Package: graphics 2021/03/04 v1.4d Standard LaTeX Graphics (DPC,SPQR)

(/usr/share/texlive/texmf-dist/tex/latex/graphics/trig.sty
Package: trig 2021/08/11 v1.11 sin cos tan (DPC)
)
(/usr/share/texlive/texmf-dist/tex/latex/graphics-cfg/graphics.cfg
File: graphics.cfg 2016/06/04 v1.11 sample graphics configuration
)
Package graphics Info: Driver file: luatex.def on input line 107.

(/usr/share/texlive/texmf-dist/tex/latex/graphics-def/luatex.def
File: luatex.def 2021/06/01 v1.2c Graphics/color driver for luatex
))
\Gin@req@height=\dimen168
\Gin@req@width=\dimen169
)
(/usr/share/texlive/texmf-dist/tex/latex/amscls/amsthm.sty
Package: amsthm 2020/05/29 v2.20.6
\thm@style=\toks30
\thm@bodyfont=\toks31
\thm@headfont=\toks32
\thm@notefont=\toks33
\thm@headpunct=\toks34
\thm@preskip=\skip59
\thm@postskip=\skip60
\thm@headsep=\skip61
\dth@everypar=\toks35
)
\c@definition=\count305
\c@proposition=\count306
\c@lemma=\count307
Package csquotes Info: Checking for multilingual support...
Package csquotes Info: ... none found.
Package translations Info: No language package found. I am going to use `englis
h' as default language. on input line 49.
 (./monograph.aux)
\openout1 = monograph.aux

LaTeX Font Info:    Checking defaults for OML/cmm/m/it on input line 49.
LaTeX Font Info:    ... okay on input line 49.
LaTeX Font Info:    Checking defaults for OMS/cmsy/m/n on input line 49.
LaTeX Font Info:    ... okay on input line 49.
LaTeX Font Info:    Checking defaults for OT1/cmr/m/n on input line 49.
LaTeX Font Info:    ... okay on input line 49.
LaTeX Font Info:    Checking defaults for T1/cmr/m/n on input line 49.
LaTeX Font Info:    ... okay on input line 49.
LaTeX Font Info:    Checking defaults for TS1/cmr/m/n on input line 49.
LaTeX Font Info:    Trying to load font information for TS1+cmr on input line 4
9.

(/usr/share/texlive/texmf-dist/tex/latex/base/ts1cmr.fd
File: ts1cmr.fd 2019/12/16 v2.5j Standard LaTeX font definitions
)
LaTeX Font Info:    ... okay on input line 49.
LaTeX Font Info:    Checking defaults for TU/lmr/m/n on input line 49.
LaTeX Font Info:    ... okay on input line 49.
LaTeX Font Info:    Checking defaults for OMX/cmex/m/n on input line 49.
LaTeX Font Info:    ... okay on input line 49.
LaTeX Font Info:    Checking defaults for U/cmr/m/n on input line 49.
LaTeX Font Info:    ... okay on input line 49.
LaTeX Font Info:    Checking defaults for PD1/pdf/m/n on input line 49.
LaTeX Font Info:    ... okay on input line 49.
LaTeX Font Info:    Checking defaults for PU/pdf/m/n on input line 49.
LaTeX Font Info:    ... okay on input line 49.
LaTeX Info: Redefining \microtypecontext on input line 49.
Package microtype Info: Applying patch `item' on input line 49.
Package microtype Info: Applying patch `toc' on input line 49.
Package microtype Info: Applying patch `eqnum' on input line 49.
Package microtype Info: Applying patch `footnote' on input line 49.
Package microtype Info: Generating PDF output.
Package microtype Info: Character protrusion enabled (level 2).
Package microtype Info: Using default protrusion set `alltext'.
Package microtype Info: Automatic font expansion enabled (level 2),
(microtype)             stretch: 20, shrink: 20, step: 1, non-selected.
Package microtype Info: Using default expansion set `alltext-nott'.
LaTeX Info: Redefining \showhyphens on input line 49.
Package microtype Info: No adjustment of tracking.
Package microtype Info: No adjustment of spacing.
Package microtype Info: No adjustment of kerning.

(/usr/share/texlive/texmf-dist/tex/latex/microtype/mt-cmr.cfg
File: mt-cmr.cfg 2013/05/19 v2.2 microtype config. file: Computer Modern Roman 
(RS)
)
(/usr/share/texlive/texmf-dist/tex/latex/graphics/color.sty
Package: color 2021/12/07 v1.3c Standard LaTeX Color (DPC)

(/usr/share/texlive/texmf-dist/tex/latex/graphics-cfg/color.cfg
File: color.cfg 2016/01/02 v1.6 sample color configuration
)
Package color Info: Driver file: luatex.def on input line 149.
)
(/usr/share/texlive/texmf-dist/tex/latex/translations/translations-basic-dictio
nary-english.trsl
File: translations-basic-dictionary-english.trsl (english translation file `tra
nslations-basic-dictionary')
)
Package translations Info: loading dictionary `translations-basic-dictionary' f
or `english'. on input line 49.


! Package cleveref Error: cleveref must be loaded after hyperref!.

See the cleveref package documentation for explanation.
Type  H <return>  for immediate help.
 ...                                              
                                                  
l.49 \begin{document}
                   
? 

! Package cleveref Error: cleveref must be loaded after amsmath!.

See the cleveref package documentation for explanation.
Type  H <return>  for immediate help.
 ...                                              
                                                  
l.49 \begin{document}
                   
? 
*geometry* driver: auto-detecting
*geometry* detected driver: luatex
*geometry* verbose mode - [ preamble ] result:
* driver: luatex
* paper: a4paper
* layout: <same size as paper>
* layoutoffset:(h,v)=(0.0pt,0.0pt)
* modes: twoside 
* h-part:(L,W,R)=(72.26999pt, 452.9679pt, 72.26999pt)
* v-part:(T,H,B)=(72.26999pt, 700.50687pt, 72.26999pt)
* \paperwidth=597.50787pt
* \paperheight=845.04684pt
* \textwidth=452.9679pt
* \textheight=700.50687pt
* \oddsidemargin=0.0pt
* \evensidemargin=0.0pt
* \topmargin=-30.06749pt
* \headheight=12.0pt
* \headsep=18.06749pt
* \topskip=10.0pt
* \footskip=25.29494pt
* \marginparwidth=125.0pt
* \marginparsep=7.0pt
* \columnsep=10.0pt
* \skip\footins=9.0pt plus 4.0pt minus 2.0pt
* \hoffset=0.0pt
* \voffset=0.0pt
* \mag=1000
* \@twocolumnfalse
* \@twosidetrue
* \@mparswitchtrue
* \@reversemarginfalse
* (1in=72.27pt=25.4mm, 1cm=28.453pt)

Package hyperref Info: Link coloring OFF on input line 49.
(/usr/share/texlive/texmf-dist/tex/latex/hyperref/nameref.sty
Package: nameref 2021-04-02 v2.47 Cross-referencing by name of section

(/usr/share/texlive/texmf-dist/tex/latex/refcount/refcount.sty
Package: refcount 2019/12/15 v3.6 Data extraction from label references (HO)
)
(/usr/share/texlive/texmf-dist/tex/generic/gettitlestring/gettitlestring.sty
Package: gettitlestring 2019/12/15 v1.6 Cleanup title references (HO)
)
\c@section@level=\count308
)
LaTeX Info: Redefining \ref on input line 49.
LaTeX Info: Redefining \pageref on input line 49.
LaTeX Info: Redefining \nameref on input line 49.
\@outlinefile=\write3

\openout3 = monograph.out

(/usr/share/texlive/texmf-dist/tex/context/base/mkii/supp-pdf.mkii
[Loading MPS to PDF converter (version 2006.09.02).]
\scratchcounter=\count309
\scratchdimen=\dimen170
\scratchbox=\box64
\nofMPsegments=\count310
\nofMParguments=\count311
\everyMPshowfont=\toks36
\MPscratchCnt=\count312
\MPscratchDim=\dimen171
\MPnumerator=\count313
\makeMPintoPDFobject=\count314
\everyMPtoPDFconversion=\toks37
) (/usr/share/texlive/texmf-dist/tex/latex/epstopdf-pkg/epstopdf-base.sty
Package: epstopdf-base 2020-01-24 v2.11 Base part for package epstopdf
Package epstopdf-base Info: Redefining graphics rule for `.eps' on input line 4
85.

(/usr/share/texlive/texmf-dist/tex/latex/latexconfig/epstopdf-sys.cfg
File: epstopdf-sys.cfg 2010/07/13 v1.3 Configuration of (r)epstopdf for TeX Liv
e
))
LaTeX Font Info:    Trying to load font information for OT1+lmr on input line 5
2.

(/usr/share/texmf/tex/latex/lm/ot1lmr.fd
File: ot1lmr.fd 2009/10/30 v1.6 Font defs for Latin Modern
)
LaTeX Font Info:    Trying to load font information for OML+lmm on input line 5
2.

(/usr/share/texmf/tex/latex/lm/omllmm.fd
File: omllmm.fd 2009/10/30 v1.6 Font defs for Latin Modern
)
LaTeX Font Info:    Trying to load font information for OMS+lmsy on input line 
52.

(/usr/share/texmf/tex/latex/lm/omslmsy.fd
File: omslmsy.fd 2009/10/30 v1.6 Font defs for Latin Modern
)
LaTeX Font Info:    Trying to load font information for OMX+lmex on input line 
52.

(/usr/share/texmf/tex/latex/lm/omxlmex.fd
File: omxlmex.fd 2009/10/30 v1.6 Font defs for Latin Modern
)
LaTeX Font Info:    External font `lmex10' loaded for size
(Font)              <12> on input line 52.
LaTeX Font Info:    External font `lmex10' loaded for size
(Font)              <8> on input line 52.
LaTeX Font Info:    External font `lmex10' loaded for size
(Font)              <6> on input line 52.
LaTeX Font Info:    Trying to load font information for U+msa on input line 52.


(/usr/share/texlive/texmf-dist/tex/latex/amsfonts/umsa.fd
File: umsa.fd 2013/01/14 v3.01 AMS symbols A
)
(/usr/share/texlive/texmf-dist/tex/latex/microtype/mt-msa.cfg
File: mt-msa.cfg 2006/02/04 v1.1 microtype config. file: AMS symbols (a) (RS)
)
LaTeX Font Info:    Trying to load font information for U+msb on input line 52.


(/usr/share/texlive/texmf-dist/tex/latex/amsfonts/umsb.fd
File: umsb.fd 2013/01/14 v3.01 AMS symbols B
)
(/usr/share/texlive/texmf-dist/tex/latex/microtype/mt-msb.cfg
File: mt-msb.cfg 2005/06/01 v1.0 microtype config. file: AMS symbols (b) (RS)
) [1


{/var/lib/texmf/fonts/map/pdftex/updmap/pdftex.map}]

Package natbib Warning: Citation `doctorow2022' on page  undefined on input lin
e 55.

[1

]
\tf@toc=\write4

\openout4 = monograph.toc
 [1


]
warning  (pdf backend): ignoring duplicate destination with the name 'page.1'
[1


]
Chapter 1.

Package natbib Warning: Citation `doctorow2022' on page 2 undefined on input li
ne 68.

LaTeX Font Info:    External font `lmex10' loaded for size
(Font)              <10> on input line 74.
LaTeX Font Info:    External font `lmex10' loaded for size
(Font)              <7> on input line 74.
LaTeX Font Info:    External font `lmex10' loaded for size
(Font)              <5> on input line 74.

Package natbib Warning: Citation `doctorow2022' on page 2 undefined on input li
ne 75.


LaTeX Warning: Reference `ch:hidden-costs' on page 1 undefined on input line 84
.


LaTeX Warning: Reference `app:rsvp' on page 1 undefined on input line 84.


Package natbib Warning: Citation `norman1988' on page 2 undefined on input line
 88.


Package natbib Warning: Citation `colak2024' on page 2 undefined on input line 
88.


Package natbib Warning: Citation `designlab2024' on page 2 undefined on input l
ine 88.


Package natbib Warning: Citation `extentia2024' on page 2 undefined on input li
ne 88.

[2


Missing character: There is no — (U+2014) in font ec-lmr10!
Missing character: There is no — (U+2014) in font ec-lmr10!
Missing character: There is no — (U+2014) in font ec-lmr10!
Missing character: There is no — (U+2014) in font ec-lmr10!
]

Package natbib Warning: Citation `doctorow2022' on page 3 undefined on input li
ne 97.


LaTeX Warning: Reference `app:rsvp' on page 1 undefined on input line 107.


LaTeX Warning: Reference `ch:history' on page 1 undefined on input line 111.


LaTeX Warning: Reference `ch:hidden-costs' on page 1 undefined on input line 11
1.


LaTeX Warning: Reference `ch:aesthetic' on page 1 undefined on input line 111.


LaTeX Warning: Reference `ch:cases' on page 1 undefined on input line 111.


LaTeX Warning: Reference `ch:illusion' on page 1 undefined on input line 111.


LaTeX Warning: Reference `ch:metrics' on page 1 undefined on input line 111.


LaTeX Warning: Reference `ch:principles' on page 1 undefined on input line 111.



LaTeX Warning: Reference `ch:vision' on page 1 undefined on input line 111.


LaTeX Warning: Reference `ch:routing' on page 1 undefined on input line 111.


LaTeX Warning: Reference `ch:paradigm' on page 1 undefined on input line 111.


LaTeX Warning: Reference `ch:policy' on page 1 undefined on input line 111.

[3]
Chapter 2.

LaTeX Warning: Reference `ch:intro' on page 1 undefined on input line 116.


Package natbib Warning: Citation `norman1988' on page 4 undefined on input line
 120.


Package natbib Warning: Citation `extentia2024' on page 4 undefined on input li
ne 120.


Package natbib Warning: Citation `doctorow2022' on page 4 undefined on input li
ne 124.


Package natbib Warning: Citation `colak2024' on page 4 undefined on input line 
128.


Package natbib Warning: Citation `doctorow2022' on page 4 undefined on input li
ne 128.


LaTeX Warning: Reference `eq:autonomy' on page 1 undefined on input line 132.


Package natbib Warning: Citation `doctorow2022' on page 4 undefined on input li
ne 132.


Package natbib Warning: Citation `extentia2024' on page 4 undefined on input li
ne 132.


LaTeX Warning: Reference `ch:hidden-costs' on page 1 undefined on input line 13
6.


LaTeX Warning: Reference `ch:illusion' on page 1 undefined on input line 136.

[4


Missing character: There is no — (U+2014) in font ec-lmr10!
Missing character: There is no ’ (U+2019) in font ec-lmr10!
Missing character: There is no ’ (U+2019) in font ec-lmr10!
Missing character: There is no — (U+2014) in font ec-lmr10!
Missing character: There is no ’ (U+2019) in font ec-lmr10!
Missing character: There is no — (U+2014) in font ec-lmr10!
Missing character: There is no — (U+2014) in font ec-lmr10!
]

LaTeX Warning: Reference `ch:hidden-costs' on page 1 undefined on input line 13
9.


LaTeX Warning: Reference `app:rsvp' on page 1 undefined on input line 139.

[5]
Chapter 3.

LaTeX Warning: Reference `ch:history' on page 1 undefined on input line 144.


LaTeX Warning: Reference `ch:illusion' on page 1 undefined on input line 144.


LaTeX Warning: Reference `eq:autonomy' on page 1 undefined on input line 156.


LaTeX Warning: Reference `eq:intro-S' on page 1 undefined on input line 156.

! Undefined control sequence.
<argument> ...r \SI {0.005}{\kWh }; grid mix \SI {0.5}{\kgCO 
                                                  2e/\kWh }; baseline $\Auto...
l.180 ...$\Auton \approx 2.5$, $\Sent \approx 10$).}
                                                  
? 
! Undefined control sequence.
<argument> \kgCO 
      2e/\kWh 
l.180 ...$\Auton \approx 2.5$, $\Sent \approx 10$).}
                                                  
? 
! Undefined control sequence.
\l__siunitx_unit_tmp_tl ->\kgCO 
                                2e/\kWh 
l.180 ...$\Auton \approx 2.5$, $\Sent \approx 10$).}
                                                  
? 
! Undefined control sequence.
<argument> \kgCO 
      2e/\kWh 
l.180 ...$\Auton \approx 2.5$, $\Sent \approx 10$).}
                                                  
? 
! Undefined control sequence.
\l__siunitx_unit_tmp_tl ->\kgCO 
                                2e/\kWh 
l.180 ...$\Auton \approx 2.5$, $\Sent \approx 10$).}
                                                  
? 

Package natbib Warning: Citation `doctorow2022' on page 6 undefined on input li
ne 185.


Package natbib Warning: Citation `extentia2024' on page 6 undefined on input li
ne 185.


LaTeX Warning: Reference `eq:entropy-suppress' on page 1 undefined on input lin
e 189.


LaTeX Warning: Reference `eq:capacity' on page 1 undefined on input line 189.


Package natbib Warning: Citation `doctorow2022' on page 6 undefined on input li
ne 189.


LaTeX Warning: Reference `app:rsvp' on page 1 undefined on input line 189.

[6


Missing character: There is no — (U+2014) in font ec-lmr10!
Missing character: There is no — (U+2014) in font ec-lmr10!
]

Package natbib Warning: Citation `extentia2024' on page 7 undefined on input li
ne 195.


Package natbib Warning: Citation `doctorow2022' on page 7 undefined on input li
ne 197.


Package natbib Warning: Citation `extentia2024' on page 7 undefined on input li
ne 199.


LaTeX Warning: Reference `app:rsvp' on page 1 undefined on input line 201.


LaTeX Warning: Reference `ch:principles' on page 1 undefined on input line 205.



LaTeX Warning: Reference `ch:metrics' on page 1 undefined on input line 205.


LaTeX Warning: Reference `tab:deltas' on page 1 undefined on input line 208.


LaTeX Warning: Reference `ch:illusion' on page 1 undefined on input line 208.


LaTeX Warning: Reference `app:rsvp' on page 1 undefined on input line 208.

[7
Missing character: There is no — (U+2014) in font ec-lmr10!
Missing character: There is no ’ (U+2019) in font ec-lmr10!
Missing character: There is no – (U+2013) in font ec-lmr10!
Missing character: There is no – (U+2013) in font ec-lmr10!
] [8

]
Chapter 4.

LaTeX Warning: Reference `ch:hidden-costs' on page 1 undefined on input line 21
5.


LaTeX Warning: Reference `ch:cases' on page 1 undefined on input line 215.


Package natbib Warning: Citation `colak2024' on page 9 undefined on input line 
219.


Package natbib Warning: Citation `doctorow2022' on page 9 undefined on input li
ne 219.


LaTeX Warning: Reference `app:rsvp' on page 1 undefined on input line 219.


Package natbib Warning: Citation `colak2024' on page 9 undefined on input line 
225.


Package natbib Warning: Citation `doctorow2022' on page 9 undefined on input li
ne 226.


LaTeX Warning: Reference `app:conjunction' on page 1 undefined on input line 22
7.


Package natbib Warning: Citation `colak2024' on page 9 undefined on input line 
233.


Package natbib Warning: Citation `colak2024' on page 9 undefined on input line 
239.


LaTeX Warning: Reference `eq:entropy-suppress' on page 1 undefined on input lin
e 239.


LaTeX Warning: Reference `app:rsvp' on page 1 undefined on input line 239.

[9


Missing character: There is no ’ (U+2019) in font ec-lmr10!
Missing character: There is no – (U+2013) in font ec-lmr10!
Missing character: There is no ’ (U+2019) in font ec-lmr10!
Missing character: There is no ’ (U+2019) in font ec-lmr10!
]

LaTeX Warning: Reference `ch:principles' on page 1 undefined on input line 249.



Package natbib Warning: Citation `gallace2006' on page 10 undefined on input li
ne 253.


Package natbib Warning: Citation `lewis1942' on page 10 undefined on input line
 257.


LaTeX Warning: Reference `eq:capacity' on page 1 undefined on input line 264.


Package natbib Warning: Citation `doctorow2022' on page 10 undefined on input l
ine 265.


LaTeX Warning: Reference `ch:principles' on page 1 undefined on input line 267.



LaTeX Warning: Reference `ch:cases' on page 1 undefined on input line 267.


LaTeX Warning: Reference `ch:cases' on page 1 undefined on input line 270.


LaTeX Warning: Reference `app:rsvp' on page 1 undefined on input line 270.

[10
Missing character: There is no — (U+2014) in font ec-lmr10!
Missing character: There is no — (U+2014) in font ec-lmr10!
Missing character: There is no — (U+2014) in font ec-lmr10!
Missing character: There is no ’ (U+2019) in font ec-lmr10!
Missing character: There is no – (U+2013) in font ec-lmr10!
Missing character: There is no — (U+2014) in font ec-lmr10!
Missing character: There is no — (U+2014) in font ec-lmr10!
Missing character: There is no — (U+2014) in font ec-lmr10!
Missing character: There is no — (U+2014) in font ec-lmr10!
]
Chapter 5.

LaTeX Warning: Reference `ch:illusion' on page 1 undefined on input line 275.


LaTeX Warning: Reference `ch:aesthetic' on page 1 undefined on input line 275.


LaTeX Warning: Reference `app:rsvp' on page 1 undefined on input line 279.


Package natbib Warning: Citation `colak2024' on page 11 undefined on input line
 283.


Package natbib Warning: Citation `doctorow2022' on page 11 undefined on input l
ine 283.


Package natbib Warning: Citation `extentia2024' on page 11 undefined on input l
ine 283.

! Undefined control sequence.
<argument> \kgCO 
      2e
l.287 ...$ increase of 10\%, or \SI{0.0055}{\kgCO2e}
                                                   vs. \SI{0.005}{\kgCO2e} b...
? 
! Undefined control sequence.
\l__siunitx_unit_tmp_tl ->\kgCO 
                                2e
l.287 ...$ increase of 10\%, or \SI{0.0055}{\kgCO2e}
                                                   vs. \SI{0.005}{\kgCO2e} b...
? 
! Undefined control sequence.
<argument> \kgCO 
      2e
l.287 ...SI{0.0055}{\kgCO2e} vs. \SI{0.005}{\kgCO2e}
                                                   baseline) \citep{colak202...
? 
! Undefined control sequence.
\l__siunitx_unit_tmp_tl ->\kgCO 
                                2e
l.287 ...SI{0.0055}{\kgCO2e} vs. \SI{0.005}{\kgCO2e}
                                                   baseline) \citep{colak202...
? 

Package natbib Warning: Citation `colak2024' on page 11 undefined on input line
 287.


Package natbib Warning: Citation `doctorow2022' on page 11 undefined on input l
ine 287.


Package natbib Warning: Citation `colak2024' on page 11 undefined on input line
 287.

! Undefined control sequence.
<argument> \kgCO 
      2e
l.291 ...uting to $\Cfoot \approx \SI{0.05}{\kgCO2e}
                                                  $ per hour of use \citep{d...
? 
! Undefined control sequence.
\l__siunitx_unit_tmp_tl ->\kgCO 
                                2e
l.291 ...uting to $\Cfoot \approx \SI{0.05}{\kgCO2e}
                                                  $ per hour of use \citep{d...
? 

Package natbib Warning: Citation `designlab2024' on page 11 undefined on input 
line 291.


Package natbib Warning: Citation `doctorow2022' on page 11 undefined on input l
ine 291.


LaTeX Warning: Reference `ch:routing' on page 1 undefined on input line 291.


Package natbib Warning: Citation `gallace2006' on page 11 undefined on input li
ne 295.

[11


Missing character: There is no — (U+2014) in font ec-lmr10!
Missing character: There is no — (U+2014) in font ec-lmr10!
Missing character: There is no ’ (U+2019) in font ec-lmr10!
Missing character: There is no ’ (U+2019) in font ec-lmr10!
]

Package natbib Warning: Citation `lewis1942' on page 12 undefined on input line
 299.


LaTeX Warning: Reference `ch:aesthetic' on page 1 undefined on input line 299.


LaTeX Warning: Reference `tab:deltas' on page 1 undefined on input line 302.


LaTeX Warning: Reference `ch:aesthetic' on page 1 undefined on input line 302.


LaTeX Warning: Reference `ch:principles' on page 1 undefined on input line 302.


[12
Missing character: There is no — (U+2014) in font ec-lmr10!
Missing character: There is no — (U+2014) in font ec-lmr10!
Missing character: There is no — (U+2014) in font ec-lmr10!
Missing character: There is no — (U+2014) in font ec-lmr10!
]
Chapter 6.

LaTeX Warning: Reference `ch:cases' on page 1 undefined on input line 307.


LaTeX Warning: Reference `ch:principles' on page 1 undefined on input line 307.



Package natbib Warning: Citation `doctorow2022' on page 13 undefined on input l
ine 311.


LaTeX Warning: Reference `app:rsvp' on page 1 undefined on input line 311.


Package natbib Warning: Citation `designlab2024' on page 13 undefined on input 
line 315.


Package natbib Warning: Citation `extentia2024' on page 13 undefined on input l
ine 315.


Package natbib Warning: Citation `colak2024' on page 13 undefined on input line
 319.


Package natbib Warning: Citation `doctorow2022' on page 13 undefined on input l
ine 319.


Package natbib Warning: Citation `doctorow2022' on page 13 undefined on input l
ine 323.


Package natbib Warning: Citation `hurvich1981' on page 13 undefined on input li
ne 327.


Package natbib Warning: Citation `kaufman1949' on page 13 undefined on input li
ne 327.


LaTeX Warning: Reference `app:rsvp' on page 1 undefined on input line 327.


Package natbib Warning: Citation `bregman1990' on page 13 undefined on input li
ne 331.


Package natbib Warning: Citation `colak2024' on page 13 undefined on input line
 331.

[13


Missing character: There is no ’ (U+2019) in font ec-lmr10!
Missing character: There is no ’ (U+2019) in font ec-lmbx12!
Missing character: There is no – (U+2013) in font ec-lmr10!
Missing character: There is no ’ (U+2019) in font ec-lmr10!
Missing character: There is no — (U+2014) in font ec-lmr10!
Missing character: There is no — (U+2014) in font ec-lmr10!
Missing character: There is no ’ (U+2019) in font ec-lmr10!
Missing character: There is no ’ (U+2019) in font ec-lmr10!
Missing character: There is no ’ (U+2019) in font ec-lmr10!
Missing character: There is no – (U+2013) in font ec-lmr10!
Missing character: There is no ’ (U+2019) in font ec-lmr10!
Missing character: There is no — (U+2014) in font ec-lmr10!
Missing character: There is no — (U+2014) in font ec-lmr10!
Missing character: There is no ’ (U+2019) in font ec-lmr10!
]

Package natbib Warning: Citation `gallace2006' on page 14 undefined on input li
ne 335.


Package natbib Warning: Citation `lewis1942' on page 14 undefined on input line
 339.


LaTeX Warning: Reference `app:rsvp' on page 1 undefined on input line 339.


Package natbib Warning: Citation `lewis1942' on page 14 undefined on input line
 343.


LaTeX Warning: Reference `ch:principles' on page 1 undefined on input line 346.



LaTeX Warning: Reference `app:rsvp' on page 1 undefined on input line 346.

[14
Missing character: There is no – (U+2013) in font ec-lmr10!
Missing character: There is no ’ (U+2019) in font ec-lmr10!
Missing character: There is no ’ (U+2019) in font ec-lmr10!
Missing character: There is no ’ (U+2019) in font ec-lmr10!
] [15

]
Chapter 7.

LaTeX Warning: Reference `ch:aesthetic' on page 1 undefined on input line 353.


LaTeX Warning: Reference `ch:metrics' on page 1 undefined on input line 353.


Package natbib Warning: Citation `doctorow2022' on page 16 undefined on input l
ine 357.


LaTeX Warning: Reference `app:rsvp' on page 1 undefined on input line 357.


Package natbib Warning: Citation `designlab2024' on page 16 undefined on input 
line 357.


Package natbib Warning: Citation `extentia2024' on page 16 undefined on input l
ine 362.


LaTeX Warning: Reference `eq:capacity' on page 1 undefined on input line 363.


Package natbib Warning: Citation `doctorow2022' on page 16 undefined on input l
ine 364.


Package natbib Warning: Citation `designlab2024' on page 16 undefined on input 
line 367.


Package natbib Warning: Citation `colak2024' on page 16 undefined on input line
 368.


Package natbib Warning: Citation `extentia2024' on page 16 undefined on input l
ine 373.


Package natbib Warning: Citation `colak2024' on page 16 undefined on input line
 377.


Package natbib Warning: Citation `doctorow2022' on page 16 undefined on input l
ine 377.


Package natbib Warning: Citation `colak2024' on page 16 undefined on input line
 377.


Package natbib Warning: Citation `designlab2024' on page 16 undefined on input 
line 381.

[16


Missing character: There is no ’ (U+2019) in font ec-lmr10!
Missing character: There is no – (U+2013) in font ec-lmr10!
Missing character: There is no – (U+2013) in font ec-lmr10!
Missing character: There is no — (U+2014) in font ec-lmr10!
Missing character: There is no — (U+2014) in font ec-lmr10!
Missing character: There is no ’ (U+2019) in font ec-lmr10!
]

Package natbib Warning: Citation `colak2024' on page 17 undefined on input line
 385.


LaTeX Warning: Reference `ch:metrics' on page 1 undefined on input line 385.


LaTeX Warning: Reference `ch:metrics' on page 1 undefined on input line 388.


LaTeX Warning: Reference `ch:policy' on page 1 undefined on input line 388.

[17
Missing character: There is no ’ (U+2019) in font ec-lmr10!
]
Chapter 8.

LaTeX Warning: Reference `ch:principles' on page 1 undefined on input line 393.



LaTeX Warning: Reference `app:rsvp' on page 1 undefined on input line 397.


Package natbib Warning: Citation `prigogine1984' on page 18 undefined on input 
line 397.


Package natbib Warning: Citation `doctorow2022' on page 18 undefined on input l
ine 397.


Package natbib Warning: Citation `extentia2024' on page 18 undefined on input l
ine 406.

! Undefined control sequence.
<argument> \kgCO 
      2e/\kWh 
l.415 ...bon intensity (e.g., \SI{0.5}{\kgCO2e/\kWh}
                                                   for coal-heavy grids). To...
? 
! Undefined control sequence.
\l__siunitx_unit_tmp_tl ->\kgCO 
                                2e/\kWh 
l.415 ...bon intensity (e.g., \SI{0.5}{\kgCO2e/\kWh}
                                                   for coal-heavy grids). To...
? 

Package natbib Warning: Citation `colak2024' on page 18 undefined on input line
 415.


Package natbib Warning: Citation `doctorow2022' on page 18 undefined on input l
ine 424.

[18


Missing character: There is no ’ (U+2019) in font ec-lmr10!
Missing character: There is no ’ (U+2019) in font ec-lmr10!
]

LaTeX Warning: Reference `app:rsvp' on page 1 undefined on input line 433.


LaTeX Warning: Reference `tab:deltas' on page 1 undefined on input line 442.


LaTeX Warning: Reference `ch:policy' on page 1 undefined on input line 458.


LaTeX Warning: Reference `app:rsvp' on page 1 undefined on input line 458.

[19] [20

]
Chapter 9.

LaTeX Warning: Reference `ch:metrics' on page 1 undefined on input line 465.


LaTeX Warning: Reference `ch:paradigm' on page 1 undefined on input line 465.


Package natbib Warning: Citation `adobe2021' on page 21 undefined on input line
 469.


Package natbib Warning: Citation `doctorow2022' on page 21 undefined on input l
ine 469.


LaTeX Warning: Reference `app:rsvp' on page 1 undefined on input line 469.

! Undefined control sequence.
<argument> \kgCO 
      2e
l.473 ...$\Cfoot$ ratings (e.g., \SI{<0.01}{\kgCO2e}
                                                  /interaction for \enquote{...
? 
! Undefined control sequence.
\l__siunitx_unit_tmp_tl ->\kgCO 
                                2e
l.473 ...$\Cfoot$ ratings (e.g., \SI{<0.01}{\kgCO2e}
                                                  /interaction for \enquote{...
? 

Package natbib Warning: Citation `adobe2021' on page 21 undefined on input line
 473.


Package natbib Warning: Citation `extentia2024' on page 21 undefined on input l
ine 473.


Package natbib Warning: Citation `colak2024' on page 21 undefined on input line
 477.


Package natbib Warning: Citation `doctorow2022' on page 21 undefined on input l
ine 477.


Package natbib Warning: Citation `colak2024' on page 21 undefined on input line
 477.


Package natbib Warning: Citation `adobe2021' on page 21 undefined on input line
 481.


LaTeX Warning: Reference `ch:metrics' on page 1 undefined on input line 487.


LaTeX Warning: Reference `ch:principles' on page 1 undefined on input line 491.



LaTeX Warning: Reference `ch:paradigm' on page 1 undefined on input line 494.


LaTeX Warning: Reference `app:rsvp' on page 1 undefined on input line 494.

[21


Missing character: There is no ’ (U+2019) in font ec-lmr10!
]
Chapter 10.

LaTeX Warning: Reference `ch:policy' on page 1 undefined on input line 499.


LaTeX Warning: Reference `ch:routing' on page 1 undefined on input line 499.


Package natbib Warning: Citation `colak2024' on page 22 undefined on input line
 503.


Package natbib Warning: Citation `doctorow2022' on page 22 undefined on input l
ine 503.


Package natbib Warning: Citation `colak2024' on page 22 undefined on input line
 509.


Package natbib Warning: Citation `doctorow2022' on page 22 undefined on input l
ine 510.


LaTeX Warning: Reference `app:rsvp' on page 1 undefined on input line 511.


Package natbib Warning: Citation `colak2024' on page 22 undefined on input line
 520.


LaTeX Warning: Reference `ch:policy' on page 1 undefined on input line 525.


LaTeX Warning: Reference `ch:routing' on page 1 undefined on input line 528.


LaTeX Warning: Reference `app:rsvp' on page 1 undefined on input line 528.

[22


Missing character: There is no – (U+2013) in font ec-lmr10!
]
Chapter 11.

LaTeX Warning: Reference `ch:paradigm' on page 1 undefined on input line 533.


LaTeX Warning: Reference `ch:vision' on page 1 undefined on input line 533.


Package natbib Warning: Citation `doctorow2022' on page 23 undefined on input l
ine 537.


Package natbib Warning: Citation `designlab2024' on page 23 undefined on input 
line 537.


Package natbib Warning: Citation `doctorow2022' on page 23 undefined on input l
ine 550.


LaTeX Warning: Reference `ch:principles' on page 1 undefined on input line 560.



LaTeX Warning: Reference `ch:vision' on page 1 undefined on input line 563.


LaTeX Warning: Reference `app:rsvp' on page 1 undefined on input line 563.

[23


Missing character: There is no ’ (U+2019) in font ec-lmr10!
]
Chapter 12.

LaTeX Warning: Reference `ch:routing' on page 1 undefined on input line 568.


LaTeX Warning: Reference `app:rsvp' on page 1 undefined on input line 572.


Package natbib Warning: Citation `colak2024' on page 24 undefined on input line
 572.


Package natbib Warning: Citation `doctorow2022' on page 24 undefined on input l
ine 572.


Package natbib Warning: Citation `colak2024' on page 24 undefined on input line
 576.


Package natbib Warning: Citation `doctorow2022' on page 24 undefined on input l
ine 580.

! Undefined control sequence.
<argument> \USD 
     /\kWh 
l.584 ...ue to fund green UX. A \SI{0.01}{\USD/\kWh}
                                                   tax could reduce data cen...
? 
! Undefined control sequence.
\l__siunitx_unit_tmp_tl ->\USD 
                               /\kWh 
l.584 ...ue to fund green UX. A \SI{0.01}{\USD/\kWh}
                                                   tax could reduce data cen...
? 

Package natbib Warning: Citation `adobe2021' on page 24 undefined on input line
 584.


LaTeX Warning: Reference `app:rsvp' on page 1 undefined on input line 588.

[24


Missing character: There is no — (U+2014) in font ec-lmr10!
Missing character: There is no — (U+2014) in font ec-lmr10!
Missing character: There is no ’ (U+2019) in font ec-lmr10!
]

LaTeX Warning: Reference `app:conjunction' on page 1 undefined on input line 60
9.


LaTeX Warning: Reference `app:rsvp' on page 1 undefined on input line 609.

[25] [26

]
Appendix A.
! Double subscript.
l.637 \KL_
        m(x,t) = D_{\mathrm{KL}}\big(p_m(x,t;\cdot) \|\pi_m(\cdot)\big) \geq 0.

? 

Package natbib Warning: Citation `kaufman1949' on page 27 undefined on input li
ne 641.

! Double subscript.
l.655 \sigma_m(x,t) = g_m\big(\KL_
                                m(x,t)\big), \quad g_m'(u) > 0, \quad g_m''(...
? 
[27

]
! Use of \df@label doesn't match its definition.
\endmathdisplay@a ... \ltx@label \@xp {\df@label }
                                                  \fi \fi \ifnum \dspbrk@lvl...
l.728 \end{equation}
                  
? 
Runaway argument?
{\fi \fi \ifnum \dspbrk@lvl >\m@ne \postdisplaypenalty -\@getpen \dspbrk@lvl \ET
C.
! Paragraph ended before \ltx@label was complete.
<to be read again> 
\par 
l.730 
    
? 
! Missing $ inserted.
<inserted text> 
$
l.730 
    
? 
! Missing } inserted.
<inserted text> 
}
l.730 
    
? 
! Display math should end with $$.
<to be read again> 
\tex_par:D 
l.730 
    
? 
! Extra }, or forgotten \endgroup.
\par ...m \@noitemerr {\@@par }\fi \else {\@@par }
                                                  \fi 
l.730 
    
? 

LaTeX Warning: Reference `eq:phi' on page 28 undefined on input line 738.


LaTeX Warning: Reference `eq:S' on page 28 undefined on input line 738.


LaTeX Warning: Reference `eq:budget' on page 28 undefined on input line 738.


LaTeX Warning: Reference `eq:objective' on page 28 undefined on input line 743.



LaTeX Warning: Reference `eq:objective' on page 28 undefined on input line 745.


Runaway argument?
{proposition> 
! Paragraph ended before \end  was complete.
<to be read again> 
\par 
l.748 
    
? 

LaTeX Warning: Reference `eq:v' on page 28 undefined on input line 753.

[28]

LaTeX Warning: Reference `eq:raw-salience' on page 1 undefined on input line 76
4.


LaTeX Warning: Reference `eq:capacity' on page 1 undefined on input line 765.


LaTeX Warning: Reference `eq:semiotic-entropy' on page 1 undefined on input lin
e 766.


LaTeX Warning: Reference `eq:ws-reg' on page 29 undefined on input line 767.


LaTeX Warning: Reference `sec:tactile-ecology' on page 1 undefined on input lin
e 774.


LaTeX Warning: Reference `sec:sound-ecology' on page 1 undefined on input line 
774.


LaTeX Warning: Reference `sec:color-ecology' on page 1 undefined on input line 
774.


Package natbib Warning: Citation `doctorow2022' on page 29 undefined on input l
ine 779.

[29
Missing character: There is no — (U+2014) in font ec-lmri10!
Missing character: There is no – (U+2013) in font ec-lmri10!
Missing character: There is no – (U+2013) in font ec-lmri10!
Missing character: There is no ’ (U+2019) in font ec-lmri10!
]
Appendix B.

LaTeX Warning: Reference `ch:aesthetic' on page 1 undefined on input line 784.


LaTeX Warning: Reference `ch:illusion' on page 1 undefined on input line 784.


Package natbib Warning: Citation `tversky1983' on page 30 undefined on input li
ne 802.


LaTeX Warning: Command \textquotedblleft invalid in math mode on input line 816
.


LaTeX Warning: Command \textquotedblright invalid in math mode on input line 81
6.


LaTeX Warning: Command \textquotedblleft invalid in math mode on input line 816
.


LaTeX Warning: Command \textquotedblright invalid in math mode on input line 81
6.


LaTeX Warning: Command \textquotedblleft invalid in math mode on input line 816
.


LaTeX Warning: Command \textquotedblright invalid in math mode on input line 81
6.

[30

]

LaTeX Warning: Reference `ch:principles' on page 1 undefined on input line 850.



LaTeX Warning: Reference `app:rsvp' on page 1 undefined on input line 850.


LaTeX Warning: Reference `ch:illusion' on page 1 undefined on input line 853.

[31
Missing character: There is no ’ (U+2019) in font ec-lmri10!
Missing character: There is no ’ (U+2019) in font ec-lmri10!
]
Appendix C.

LaTeX Warning: Reference `ch:aesthetic' on page 1 undefined on input line 858.


LaTeX Warning: Reference `ch:cases' on page 1 undefined on input line 858.


LaTeX Warning: Reference `ch:illusion' on page 1 undefined on input line 858.


Package natbib Warning: Citation `colak2024' on page 32 undefined on input line
 862.


LaTeX Warning: Reference `eq:salience' on page 1 undefined on input line 862.


Package natbib Warning: Citation `colak2024' on page 32 undefined on input line
 866.


LaTeX Warning: Reference `ch:cases' on page 1 undefined on input line 866.


Package natbib Warning: Citation `doctorow2022' on page 32 undefined on input l
ine 870.

[32


Missing character: There is no — (U+2014) in font ec-lmri10!
Missing character: There is no — (U+2014) in font ec-lmri10!
Missing character: There is no ’ (U+2019) in font ec-lmri10!
Missing character: There is no ’ (U+2019) in font ec-lmri10!
]
Appendix D.

LaTeX Warning: Reference `ch:routing' on page 1 undefined on input line 878.


LaTeX Warning: Reference `ch:policy' on page 1 undefined on input line 878.

! Undefined control sequence.
<argument> \kgCO 
      2e
l.882 ...by 10\% due to idling (\SI{0.0055}{\kgCO2e}
                                                   vs. \SI{0.005}{\kgCO2e}) ...
? 
! Undefined control sequence.
\l__siunitx_unit_tmp_tl ->\kgCO 
                                2e
l.882 ...by 10\% due to idling (\SI{0.0055}{\kgCO2e}
                                                   vs. \SI{0.005}{\kgCO2e}) ...
? 
! Undefined control sequence.
<argument> \kgCO 
      2e
l.882 ...SI{0.0055}{\kgCO2e} vs. \SI{0.005}{\kgCO2e}
                                                  ) \citep{colak2024}. Eco-r...
? 
! Undefined control sequence.
\l__siunitx_unit_tmp_tl ->\kgCO 
                                2e
l.882 ...SI{0.0055}{\kgCO2e} vs. \SI{0.005}{\kgCO2e}
                                                  ) \citep{colak2024}. Eco-r...
? 

Package natbib Warning: Citation `colak2024' on page 33 undefined on input line
 882.


Package natbib Warning: Citation `extentia2024' on page 33 undefined on input l
ine 886.


Package natbib Warning: Citation `doctorow2022' on page 33 undefined on input l
ine 890.


LaTeX Warning: Reference `ch:vision' on page 1 undefined on input line 893.

[33


Missing character: There is no — (U+2014) in font ec-lmri10!
Missing character: There is no — (U+2014) in font ec-lmri10!
Missing character: There is no ’ (U+2019) in font ec-lmri10!
Missing character: There is no ’ (U+2019) in font ec-lmri10!
]
No file monograph.bbl.

Package natbib Warning: There were undefined citations.


! LaTeX Error: \begin{proposition} on input line 741 ended by \end{document}.

See the LaTeX manual or LaTeX Companion for explanation.
Type  H <return>  for immediate help.
 ...                                              
                                                  
l.899 \end{document}
                  
? 
(./monograph.aux)

LaTeX Warning: There were undefined references.


LaTeX Warning: Label(s) may have changed. Rerun to get cross-references right.


Package rerunfilecheck Warning: File `monograph.out' has changed.
(rerunfilecheck)                Rerun to get outlines right
(rerunfilecheck)                or use package `bookmark'.

Package rerunfilecheck Info: Checksums for `monograph.out':
(rerunfilecheck)             Before: <no file>
(rerunfilecheck)             After:  5503B2FB4C7BC57540CC10084068406B;22475.
)
(\end occurred inside a group at level 3)

### semi simple group (level 3) entered at line 741 (\begingroup)
### semi simple group (level 2) entered at line 725 (\begingroup)
### semi simple group (level 1) entered at line 722 (\begingroup)
### bottom level
(\end occurred when \ifx on line 728 was incomplete)
(\end occurred when \if on line 728 was incomplete)

Here is how much of LuaTeX's memory you used:
 19808 strings out of 477805
 125236,794899 words of node,token memory allocated
 1056 words of node memory still in use:
   8 hlist, 2 vlist, 2 rule, 1 local_par, 4 glue, 5 kern, 1 penalty, 1 margin_ke
rn, 4 glyph, 95 attribute, 81 glue_spec, 95 attribute_list, 1 write nodes
   avail lists: 1:2,2:925,3:310,4:110,5:518,6:43,7:7156,8:70,9:563,10:30,11:656
 39629 multiletter control sequences out of 65536+600000
 67 fonts using 4489255 bytes
 71i,11n,75p,1229b,1157s stack positions out of 5000i,500n,10000p,200000b,80000s
{/usr/share/texmf/fonts/enc/dvips/lm/lm-mathit.enc}{/usr/share/texmf/fonts/enc/d
vips/lm/lm-ts1.enc}{/usr/share/texmf/fonts/enc/dvips/lm/lm-mathex.enc}{/usr/shar
e/texmf/fonts/enc/dvips/lm/lm-mathsy.enc}{/usr/share/texmf/fonts/enc/dvips/lm/lm
-rm.enc}{/usr/share/texmf/fonts/enc/dvips/lm/lm-ec.enc}</usr/share/texmf/fonts/t
ype1/public/lm/lmbx10.pfb></usr/share/texmf/fonts/type1/public/lm/lmbx12.pfb></u
sr/share/texmf/fonts/type1/public/lm/lmex10.pfb></usr/share/texmf/fonts/type1/pu
blic/lm/lmmi10.pfb></usr/share/texmf/fonts/type1/public/lm/lmmi5.pfb></usr/share
/texmf/fonts/type1/public/lm/lmmi7.pfb></usr/share/texmf/fonts/type1/public/lm/l
mr10.pfb></usr/share/texmf/fonts/type1/public/lm/lmr12.pfb></usr/share/texmf/fon
ts/type1/public/lm/lmr17.pfb></usr/share/texmf/fonts/type1/public/lm/lmr7.pfb></
usr/share/texmf/fonts/type1/public/lm/lmri10.pfb></usr/share/texmf/fonts/type1/p
ublic/lm/lmsy10.pfb></usr/share/texmf/fonts/type1/public/lm/lmsy7.pfb></usr/shar
e/texlive/texmf-dist/fonts/type1/public/amsfonts/symbols/msbm10.pfb>
Output written on monograph.pdf (36 pages, 329855 bytes).

PDF statistics: 428 PDF objects out of 1000 (max. 8388607)
 372 compressed objects within 4 object streams
 229 named destinations out of 1000 (max. 131072)
 1 words of extra memory for PDF output out of 10000 (max. 100000000)

