\BOOKMARK [-1][-]{part.1}{\376\377\000I\000\040\000F\000r\000a\000m\000i\000n\000g\000\040\000t\000h\000e\000\040\000P\000r\000o\000b\000l\000e\000m}{}% 1
\BOOKMARK [0][-]{chapter.1}{\376\377\000I\000n\000t\000r\000o\000d\000u\000c\000t\000i\000o\000n\000:\000\040\000T\000h\000e\000\040\000D\000u\000a\000l\000\040\000P\000e\000r\000i\000l\000\040\000o\000f\000\040\000U\000s\000e\000r\000-\000F\000r\000i\000e\000n\000d\000l\000i\000n\000e\000s\000s}{part.1}% 2
\BOOKMARK [1][-]{section.1.1}{\376\377\000C\000o\000n\000t\000r\000i\000b\000u\000t\000i\000o\000n\000s\000\040\000a\000n\000d\000\040\000C\000l\000a\000i\000m\000s}{chapter.1}% 3
\BOOKMARK [1][-]{section.1.2}{\376\377\000S\000e\000a\000m\000l\000e\000s\000s\000n\000e\000s\000s\000\040\000a\000n\000d\000\040\000I\000t\000s\000\040\000D\000i\000s\000c\000o\000n\000t\000e\000n\000t\000s}{chapter.1}% 4
\BOOKMARK [1][-]{section.1.3}{\376\377\000A\000u\000t\000o\000n\000o\000m\000y\000\040\000U\000n\000d\000e\000r\000\040\000A\000p\000p\000\040\000E\000n\000c\000l\000o\000s\000u\000r\000e}{chapter.1}% 5
\BOOKMARK [1][-]{section.1.4}{\376\377\000R\000S\000V\000P\000\040\000a\000s\000\040\000a\000\040\000D\000e\000s\000c\000r\000i\000p\000t\000i\000v\000e\000-\000D\000e\000s\000i\000g\000n\000\040\000F\000r\000a\000m\000e\000w\000o\000r\000k}{chapter.1}% 6
\BOOKMARK [1][-]{section.1.5}{\376\377\000S\000t\000r\000u\000c\000t\000u\000r\000e\000\040\000o\000f\000\040\000t\000h\000e\000\040\000B\000o\000o\000k}{chapter.1}% 7
\BOOKMARK [0][-]{chapter.2}{\376\377\000A\000\040\000B\000r\000i\000e\000f\000\040\000H\000i\000s\000t\000o\000r\000y\000\040\000o\000f\000\040\000`\000`\000U\000s\000e\000r\000-\000F\000r\000i\000e\000n\000d\000l\000y\000'\000'}{part.1}% 8
\BOOKMARK [1][-]{section.2.1}{\376\377\000F\000r\000o\000m\000\040\000M\000e\000t\000a\000p\000h\000o\000r\000\040\000t\000o\000\040\000A\000c\000c\000e\000s\000s\000\040\000\050\0001\0009\0008\0000\000s\040\023\0001\0009\0009\0000\000s\000\051}{chapter.2}% 9
\BOOKMARK [1][-]{section.2.2}{\376\377\000W\000e\000b\000\040\0002\000.\0000\000\040\000a\000n\000d\000\040\000t\000h\000e\000\040\000T\000o\000u\000c\000h\000\040\000T\000u\000r\000n\000\040\000\050\0002\0000\0000\0004\040\023\0002\0000\0001\0003\000\051}{chapter.2}% 10
\BOOKMARK [1][-]{section.2.3}{\376\377\000F\000r\000i\000e\000n\000d\000l\000y\000\040\000D\000a\000r\000k\000\040\000P\000a\000t\000t\000e\000r\000n\000s}{chapter.2}% 11
\BOOKMARK [1][-]{section.2.4}{\376\377\000F\000r\000o\000m\000\040\000W\000e\000b\000\040\000t\000o\000\040\000W\000a\000l\000l\000e\000d\000\040\000G\000a\000r\000d\000e\000n}{chapter.2}% 12
\BOOKMARK [1][-]{section.2.5}{\376\377\000E\000c\000o\000l\000o\000g\000i\000c\000a\000l\000\040\000a\000n\000d\000\040\000S\000o\000c\000i\000a\000l\000\040\000I\000m\000p\000l\000i\000c\000a\000t\000i\000o\000n\000s}{chapter.2}% 13
\BOOKMARK [1][-]{section.2.6}{\376\377\000S\000u\000m\000m\000a\000r\000y}{chapter.2}% 14
\BOOKMARK [0][-]{chapter.3}{\376\377\000T\000h\000e\000\040\000H\000i\000d\000d\000e\000n\000\040\000C\000o\000s\000t\000s\000\040\000o\000f\000\040\000S\000e\000a\000m\000l\000e\000s\000s\000n\000e\000s\000s}{part.1}% 15
\BOOKMARK [1][-]{section.3.1}{\376\377\000O\000p\000e\000r\000a\000t\000i\000o\000n\000a\000l\000\040\000M\000e\000t\000r\000i\000c\000s}{chapter.3}% 16
\BOOKMARK [1][-]{section.3.2}{\376\377\000D\000e\000s\000i\000g\000n\000\040\000P\000a\000t\000t\000e\000r\000n\000\040\000E\000f\000f\000e\000c\000t\000s}{chapter.3}% 17
\BOOKMARK [1][-]{section.3.3}{\376\377\000R\000S\000V\000P\000\040\000I\000n\000t\000e\000r\000p\000r\000e\000t\000a\000t\000i\000o\000n}{chapter.3}% 18
\BOOKMARK [1][-]{section.3.4}{\376\377\000D\000e\000s\000i\000g\000n\000\040\000A\000b\000a\000t\000e\000m\000e\000n\000t\000\040\000L\000e\000v\000e\000r\000s}{chapter.3}% 19
\BOOKMARK [1][-]{section.3.5}{\376\377\000F\000r\000o\000m\000\040\000M\000e\000t\000r\000i\000c\000s\000\040\000t\000o\000\040\000G\000o\000v\000e\000r\000n\000a\000n\000c\000e}{chapter.3}% 20
\BOOKMARK [1][-]{section.3.6}{\376\377\000S\000u\000m\000m\000a\000r\000y}{chapter.3}% 21
\BOOKMARK [-1][-]{part.2}{\376\377\000I\000I\000\040\000C\000u\000l\000t\000u\000r\000a\000l\000\040\000a\000n\000d\000\040\000C\000o\000g\000n\000i\000t\000i\000v\000e\000\040\000P\000a\000r\000a\000l\000l\000e\000l\000s}{}% 22
\BOOKMARK [0][-]{chapter.4}{\376\377\000T\000h\000e\000\040\000I\000l\000l\000u\000s\000i\000o\000n\000\040\000o\000f\000\040\000S\000i\000m\000p\000l\000i\000c\000i\000t\000y\000:\000\040\000C\000o\000g\000n\000i\000t\000i\000v\000e\000\040\000a\000n\000d\000\040\000A\000e\000s\000t\000h\000e\000t\000i\000c\000\040\000M\000e\000c\000h\000a\000n\000i\000s\000m\000s}{part.2}% 23
\BOOKMARK [1][-]{section.4.1}{\376\377\000I\000n\000t\000r\000o\000d\000u\000c\000t\000i\000o\000n}{chapter.4}% 24
\BOOKMARK [1][-]{section.4.2}{\376\377\000B\000i\000a\000s\000e\000s\000\040\000t\000h\000a\000t\000\040\000P\000o\000w\000e\000r\000\040\000F\000r\000i\000e\000n\000d\000l\000i\000n\000e\000s\000s}{chapter.4}% 25
\BOOKMARK [1][-]{section.4.3}{\376\377\000A\000e\000s\000t\000h\000e\000t\000i\000c\000\040\000C\000u\000e\000\040\000S\000t\000a\000c\000k\000i\000n\000g}{chapter.4}% 26
\BOOKMARK [1][-]{section.4.4}{\376\377\000R\000S\000V\000P\000\040\000V\000i\000e\000w}{chapter.4}% 27
\BOOKMARK [1][-]{section.4.5}{\376\377\000T\000a\000c\000t\000i\000l\000e\000\040\000E\000c\000o\000l\000o\000g\000y\000\040\000a\000n\000d\000\040\000H\000a\000p\000t\000i\000c\000\040\000M\000a\000n\000i\000p\000u\000l\000a\000t\000i\000o\000n}{chapter.4}% 28
\BOOKMARK [1][-]{section.4.6}{\376\377\000N\000a\000r\000r\000a\000t\000i\000v\000e\000\040\000C\000u\000e\000s\000\040\000a\000n\000d\000\040\000V\000i\000s\000u\000a\000l\000\040\000G\000u\000i\000d\000a\000n\000c\000e}{chapter.4}% 29
\BOOKMARK [1][-]{section.4.7}{\376\377\000I\000m\000p\000l\000i\000c\000a\000t\000i\000o\000n\000s\000\040\000f\000o\000r\000\040\000D\000e\000s\000i\000g\000n}{chapter.4}% 30
\BOOKMARK [1][-]{section.4.8}{\376\377\000S\000u\000m\000m\000a\000r\000y}{chapter.4}% 31
\BOOKMARK [0][-]{chapter.5}{\376\377\000C\000a\000s\000e\000\040\000S\000t\000u\000d\000i\000e\000s\000\040\000i\000n\000\040\000O\000v\000e\000r\000c\000o\000n\000s\000u\000m\000p\000t\000i\000o\000n\000\040\000a\000n\000d\000\040\000C\000o\000n\000t\000r\000o\000l}{part.2}% 32
\BOOKMARK [1][-]{section.5.1}{\376\377\000I\000n\000t\000r\000o\000d\000u\000c\000t\000i\000o\000n}{chapter.5}% 33
\BOOKMARK [1][-]{section.5.2}{\376\377\000S\000t\000r\000e\000a\000m\000i\000n\000g\000\040\000S\000e\000r\000v\000i\000c\000e\000s}{chapter.5}% 34
\BOOKMARK [1][-]{section.5.3}{\376\377\000M\000o\000b\000i\000l\000e\000\040\000A\000p\000p\000s}{chapter.5}% 35
\BOOKMARK [1][-]{section.5.4}{\376\377\000S\000o\000c\000i\000a\000l\000\040\000M\000e\000d\000i\000a}{chapter.5}% 36
\BOOKMARK [1][-]{section.5.5}{\376\377\000T\000a\000c\000t\000i\000l\000e\000\040\000E\000c\000o\000l\000o\000g\000y\000\040\000i\000n\000\040\000A\000p\000p\000s}{chapter.5}% 37
\BOOKMARK [1][-]{section.5.6}{\376\377\000N\000a\000r\000r\000a\000t\000i\000v\000e\000\040\000A\000m\000p\000l\000i\000f\000i\000c\000a\000t\000i\000o\000n\000\040\000i\000n\000\040\000S\000o\000c\000i\000a\000l\000\040\000M\000e\000d\000i\000a}{chapter.5}% 38
\BOOKMARK [1][-]{section.5.7}{\376\377\000S\000u\000m\000m\000a\000r\000y}{chapter.5}% 39
\BOOKMARK [0][-]{chapter.6}{\376\377\000A\000e\000s\000t\000h\000e\000t\000i\000c\000\040\000a\000n\000d\000\040\000B\000e\000h\000a\000v\000i\000o\000r\000a\000l\000\040\000T\000r\000a\000p\000s\000\040\000i\000n\000\040\000U\000X}{part.2}% 40
\BOOKMARK [1][-]{section.6.1}{\376\377\000I\000n\000t\000r\000o\000d\000u\000c\000t\000i\000o\000n}{chapter.6}% 41
\BOOKMARK [1][-]{section.6.2}{\376\377\000M\000i\000n\000i\000m\000a\000l\000i\000s\000m\040\031\000s\000\040\000D\000o\000u\000b\000l\000e\000\040\000E\000d\000g\000e}{chapter.6}% 42
\BOOKMARK [1][-]{section.6.3}{\376\377\000G\000a\000m\000i\000f\000i\000c\000a\000t\000i\000o\000n\000\040\000a\000n\000d\000\040\000A\000d\000d\000i\000c\000t\000i\000o\000n}{chapter.6}% 43
\BOOKMARK [1][-]{section.6.4}{\376\377\000B\000e\000h\000a\000v\000i\000o\000r\000a\000l\000\040\000L\000o\000c\000k\000-\000I\000n}{chapter.6}% 44
\BOOKMARK [1][-]{section.6.5}{\376\377\000C\000o\000l\000o\000r\000\040\000E\000c\000o\000l\000o\000g\000y\000\040\000a\000n\000d\000\040\000S\000e\000m\000i\000o\000t\000i\000c\000\040\000E\000n\000t\000r\000o\000p\000y}{chapter.6}% 45
\BOOKMARK [1][-]{section.6.6}{\376\377\000S\000o\000u\000n\000d\000\040\000E\000c\000o\000l\000o\000g\000y\000\040\000a\000n\000d\000\040\000S\000e\000m\000i\000o\000t\000i\000c\000\040\000E\000n\000t\000r\000o\000p\000y}{chapter.6}% 46
\BOOKMARK [1][-]{section.6.7}{\376\377\000T\000a\000c\000t\000i\000l\000e\000\040\000E\000c\000o\000l\000o\000g\000y\000\040\000a\000n\000d\000\040\000H\000a\000p\000t\000i\000c\000\040\000M\000a\000n\000i\000p\000u\000l\000a\000t\000i\000o\000n}{chapter.6}% 47
\BOOKMARK [1][-]{section.6.8}{\376\377\000N\000a\000r\000r\000a\000t\000i\000v\000e\000\040\000C\000u\000e\000s\000\040\000a\000n\000d\000\040\000V\000i\000s\000u\000a\000l\000\040\000G\000u\000i\000d\000a\000n\000c\000e}{chapter.6}% 48
\BOOKMARK [1][-]{section.6.9}{\376\377\000M\000o\000r\000a\000l\000\040\000R\000e\000a\000l\000i\000s\000m\000\040\000a\000n\000d\000\040\000t\000h\000e\000\040\000S\000c\000r\000e\000w\000t\000a\000p\000e\000\040\000C\000o\000u\000n\000t\000e\000r\000f\000o\000i\000l}{chapter.6}% 49
\BOOKMARK [1][-]{section.6.10}{\376\377\000S\000u\000m\000m\000a\000r\000y}{chapter.6}% 50
\BOOKMARK [-1][-]{part.3}{\376\377\000I\000I\000I\000\040\000S\000u\000s\000t\000a\000i\000n\000a\000b\000l\000e\000\040\000A\000l\000t\000e\000r\000n\000a\000t\000i\000v\000e\000s}{}% 51
\BOOKMARK [0][-]{chapter.7}{\376\377\000P\000r\000i\000n\000c\000i\000p\000l\000e\000s\000\040\000o\000f\000\040\000S\000u\000s\000t\000a\000i\000n\000a\000b\000l\000e\000\040\000U\000X\000\040\000D\000e\000s\000i\000g\000n}{part.3}% 52
\BOOKMARK [1][-]{section.7.1}{\376\377\000I\000n\000t\000r\000o\000d\000u\000c\000t\000i\000o\000n}{chapter.7}% 53
\BOOKMARK [1][-]{section.7.2}{\376\377\000S\000e\000v\000e\000n\000\040\000P\000r\000i\000n\000c\000i\000p\000l\000e\000s\000\040\000\050\000F\000o\000r\000m\000a\000l\000i\000z\000e\000d\000\051}{chapter.7}% 54
\BOOKMARK [1][-]{section.7.3}{\376\377\000E\000f\000f\000i\000c\000i\000e\000n\000c\000y\000\040\000a\000n\000d\000\040\000M\000i\000n\000i\000m\000a\000l\000i\000s\000m}{chapter.7}% 55
\BOOKMARK [1][-]{section.7.4}{\376\377\000U\000s\000e\000r\000\040\000A\000w\000a\000r\000e\000n\000e\000s\000s\000\040\000a\000n\000d\000\040\000E\000n\000g\000a\000g\000e\000m\000e\000n\000t}{chapter.7}% 56
\BOOKMARK [1][-]{section.7.5}{\376\377\000A\000c\000c\000e\000s\000s\000i\000b\000i\000l\000i\000t\000y\000\040\000a\000n\000d\000\040\000L\000i\000f\000e\000c\000y\000c\000l\000e\000\040\000T\000h\000i\000n\000k\000i\000n\000g}{chapter.7}% 57
\BOOKMARK [1][-]{section.7.6}{\376\377\000I\000m\000p\000l\000e\000m\000e\000n\000t\000a\000t\000i\000o\000n\000\040\000C\000h\000a\000l\000l\000e\000n\000g\000e\000s}{chapter.7}% 58
\BOOKMARK [1][-]{section.7.7}{\376\377\000S\000u\000m\000m\000a\000r\000y}{chapter.7}% 59
\BOOKMARK [0][-]{chapter.8}{\376\377\000M\000e\000t\000r\000i\000c\000s\000\040\000f\000o\000r\000\040\000E\000c\000o\000-\000F\000r\000i\000e\000n\000d\000l\000y\000\040\000I\000n\000t\000e\000r\000f\000a\000c\000e\000s}{part.3}% 60
\BOOKMARK [1][-]{section.8.1}{\376\377\000I\000n\000t\000r\000o\000d\000u\000c\000t\000i\000o\000n}{chapter.8}% 61
\BOOKMARK [1][-]{section.8.2}{\376\377\000E\000n\000e\000r\000g\000y\000\040\000p\000e\000r\000\040\000I\000n\000t\000e\000r\000a\000c\000t\000i\000o\000n}{chapter.8}% 62
\BOOKMARK [1][-]{section.8.3}{\376\377\000C\000a\000r\000b\000o\000n\000\040\000F\000o\000o\000t\000p\000r\000i\000n\000t\000\040\000E\000s\000t\000i\000m\000a\000t\000i\000o\000n}{chapter.8}% 63
\BOOKMARK [1][-]{section.8.4}{\376\377\000A\000u\000t\000o\000n\000o\000m\000y\000\040\000S\000c\000o\000r\000e}{chapter.8}% 64
\BOOKMARK [1][-]{section.8.5}{\376\377\000S\000e\000m\000i\000o\000t\000i\000c\000\040\000E\000n\000t\000r\000o\000p\000y}{chapter.8}% 65
\BOOKMARK [1][-]{section.8.6}{\376\377\000C\000o\000m\000p\000o\000s\000i\000t\000e\000\040\000S\000u\000s\000t\000a\000i\000n\000a\000b\000i\000l\000i\000t\000y\000\040\000S\000c\000o\000r\000e}{chapter.8}% 66
\BOOKMARK [1][-]{section.8.7}{\376\377\000I\000n\000s\000t\000r\000u\000m\000e\000n\000t\000a\000t\000i\000o\000n}{chapter.8}% 67
\BOOKMARK [1][-]{section.8.8}{\376\377\000S\000u\000m\000m\000a\000r\000y}{chapter.8}% 68
\BOOKMARK [-1][-]{part.4}{\376\377\000I\000V\000\040\000C\000i\000v\000i\000c\000\040\000a\000n\000d\000\040\000S\000o\000c\000i\000o\000e\000c\000o\000n\000o\000m\000i\000c\000\040\000E\000x\000t\000e\000n\000s\000i\000o\000n\000s}{}% 69
\BOOKMARK [0][-]{chapter.9}{\376\377\000P\000o\000l\000i\000c\000y\000\040\000I\000m\000p\000l\000i\000c\000a\000t\000i\000o\000n\000s\000\040\000f\000o\000r\000\040\000T\000e\000c\000h\000\040\000D\000e\000s\000i\000g\000n}{part.4}% 70
\BOOKMARK [1][-]{section.9.1}{\376\377\000I\000n\000t\000r\000o\000d\000u\000c\000t\000i\000o\000n}{chapter.9}% 71
\BOOKMARK [1][-]{section.9.2}{\376\377\000E\000c\000o\000-\000L\000a\000b\000e\000l\000s\000\040\000a\000n\000d\000\040\000S\000t\000a\000n\000d\000a\000r\000d\000s}{chapter.9}% 72
\BOOKMARK [1][-]{section.9.3}{\376\377\000R\000e\000g\000u\000l\000a\000t\000i\000o\000n\000\040\000o\000f\000\040\000D\000a\000r\000k\000\040\000P\000a\000t\000t\000e\000r\000n\000s}{chapter.9}% 73
\BOOKMARK [1][-]{section.9.4}{\376\377\000G\000l\000o\000b\000a\000l\000\040\000I\000n\000i\000t\000i\000a\000t\000i\000v\000e\000s}{chapter.9}% 74
\BOOKMARK [1][-]{section.9.5}{\376\377\000E\000n\000f\000o\000r\000c\000e\000m\000e\000n\000t\000\040\000M\000e\000c\000h\000a\000n\000i\000s\000m\000s}{chapter.9}% 75
\BOOKMARK [1][-]{section.9.6}{\376\377\000S\000u\000m\000m\000a\000r\000y}{chapter.9}% 76
\BOOKMARK [0][-]{chapter.10}{\376\377\000T\000o\000w\000a\000r\000d\000\040\000a\000n\000\040\000E\000n\000v\000i\000r\000o\000n\000m\000e\000n\000t\000-\000C\000e\000n\000t\000e\000r\000e\000d\000\040\000D\000e\000s\000i\000g\000n\000\040\000P\000a\000r\000a\000d\000i\000g\000m}{part.4}% 77
\BOOKMARK [1][-]{section.10.1}{\376\377\000I\000n\000t\000r\000o\000d\000u\000c\000t\000i\000o\000n}{chapter.10}% 78
\BOOKMARK [1][-]{section.10.2}{\376\377\000C\000o\000r\000e\000\040\000S\000h\000i\000f\000t\000s}{chapter.10}% 79
\BOOKMARK [1][-]{section.10.3}{\376\377\000I\000m\000p\000l\000e\000m\000e\000n\000t\000a\000t\000i\000o\000n\000\040\000S\000t\000r\000a\000t\000e\000g\000i\000e\000s}{chapter.10}% 80
\BOOKMARK [1][-]{section.10.4}{\376\377\000C\000h\000a\000l\000l\000e\000n\000g\000e\000s\000\040\000a\000n\000d\000\040\000M\000i\000t\000i\000g\000a\000t\000i\000o\000n\000s}{chapter.10}% 81
\BOOKMARK [1][-]{section.10.5}{\376\377\000S\000u\000m\000m\000a\000r\000y}{chapter.10}% 82
\BOOKMARK [0][-]{chapter.11}{\376\377\000I\000d\000e\000a\000\040\000R\000o\000u\000t\000i\000n\000g\000\040\000i\000n\000\040\000S\000u\000s\000t\000a\000i\000n\000a\000b\000l\000e\000\040\000D\000i\000g\000i\000t\000a\000l\000\040\000E\000c\000o\000s\000y\000s\000t\000e\000m\000s}{part.4}% 83
\BOOKMARK [1][-]{section.11.1}{\376\377\000I\000n\000t\000r\000o\000d\000u\000c\000t\000i\000o\000n}{chapter.11}% 84
\BOOKMARK [1][-]{section.11.2}{\376\377\000R\000o\000u\000t\000i\000n\000g\000\040\000M\000e\000t\000r\000i\000c\000s}{chapter.11}% 85
\BOOKMARK [1][-]{section.11.3}{\376\377\000E\000x\000a\000m\000p\000l\000e\000s}{chapter.11}% 86
\BOOKMARK [1][-]{section.11.4}{\376\377\000I\000m\000p\000l\000e\000m\000e\000n\000t\000a\000t\000i\000o\000n}{chapter.11}% 87
\BOOKMARK [1][-]{section.11.5}{\376\377\000S\000u\000m\000m\000a\000r\000y}{chapter.11}% 88
\BOOKMARK [0][-]{chapter.12}{\376\377\000V\000i\000s\000i\000o\000n\000\040\000f\000o\000r\000\040\000a\000n\000\040\000E\000c\000o\000l\000o\000g\000i\000c\000a\000l\000\040\000U\000X\000\040\000P\000o\000l\000i\000t\000i\000c\000a\000l\000\040\000E\000c\000o\000n\000o\000m\000y}{part.4}% 89
\BOOKMARK [1][-]{section.12.1}{\376\377\000I\000n\000t\000r\000o\000d\000u\000c\000t\000i\000o\000n}{chapter.12}% 90
\BOOKMARK [1][-]{section.12.2}{\376\377\000A\000t\000t\000e\000n\000t\000i\000o\000n\000\040\000a\000s\000\040\000E\000c\000o\000-\000C\000o\000m\000m\000o\000n\000s}{chapter.12}% 91
\BOOKMARK [1][-]{section.12.3}{\376\377\000I\000n\000c\000e\000n\000t\000i\000v\000e\000s\000\040\000f\000o\000r\000\040\000G\000r\000e\000e\000n\000\040\000D\000e\000s\000i\000g\000n}{chapter.12}% 92
\BOOKMARK [1][-]{section.12.4}{\376\377\000R\000e\000d\000i\000s\000t\000r\000i\000b\000u\000t\000i\000o\000n\000\040\000o\000f\000\040\000C\000o\000s\000t\000s}{chapter.12}% 93
\BOOKMARK [1][-]{section.12.5}{\376\377\000B\000e\000y\000o\000n\000d\000\040\000C\000o\000n\000s\000u\000m\000p\000t\000i\000o\000n}{chapter.12}% 94
\BOOKMARK [1][-]{section.12.6}{\376\377\000A\000p\000p\000l\000i\000c\000a\000t\000i\000o\000n\000s}{chapter.12}% 95
\BOOKMARK [1][-]{section.12.7}{\376\377\000N\000o\000r\000m\000a\000t\000i\000v\000e\000\040\000V\000i\000s\000i\000o\000n}{chapter.12}% 96
\BOOKMARK [1][-]{section.12.8}{\376\377\000S\000u\000m\000m\000a\000r\000y}{chapter.12}% 97
\BOOKMARK [-1][-]{part.5}{\376\377\000V\000\040\000A\000p\000p\000e\000n\000d\000i\000c\000e\000s}{}% 98
\BOOKMARK [0][-]{appendix.A}{\376\377\000R\000S\000V\000P\000\040\000F\000o\000r\000m\000a\000l\000i\000z\000a\000t\000i\000o\000n\000\040\000o\000f\000\040\000A\000l\000a\000r\000m\000\040\000C\000h\000a\000n\000n\000e\000l\000s\000\040\000a\000n\000d\000\040\000S\000e\000m\000i\000o\000t\000i\000c\000\040\000E\000n\000t\000r\000o\000p\000y}{part.5}% 99
\BOOKMARK [1][-]{section.A.1}{\376\377\000P\000r\000e\000l\000i\000m\000i\000n\000a\000r\000i\000e\000s\000\040\000a\000n\000d\000\040\000N\000o\000t\000a\000t\000i\000o\000n}{appendix.A}% 100
\BOOKMARK [1][-]{section.A.2}{\376\377\000S\000a\000l\000i\000e\000n\000c\000e\000,\000\040\000H\000a\000b\000i\000t\000u\000a\000t\000i\000o\000n\000,\000\040\000a\000n\000d\000\040\000S\000e\000m\000i\000o\000t\000i\000c\000\040\000E\000n\000t\000r\000o\000p\000y}{appendix.A}% 101
\BOOKMARK [1][-]{section.A.3}{\376\377\000R\000S\000V\000P\000\040\000D\000y\000n\000a\000m\000i\000c\000s\000\040\000w\000i\000t\000h\000\040\000U\000X\000\040\000A\000l\000a\000r\000m\000\040\000C\000h\000a\000n\000n\000e\000l\000s}{appendix.A}% 102
\BOOKMARK [1][-]{section.A.4}{\376\377\000D\000e\000s\000i\000g\000n\000\040\000P\000r\000i\000n\000c\000i\000p\000l\000e\000:\000\040\000W\000a\000b\000i\000-\000S\000a\000b\000i\000\040\000S\000p\000a\000r\000s\000i\000t\000y}{appendix.A}% 103
\BOOKMARK [1][-]{section.A.5}{\376\377\000C\000a\000p\000a\000c\000i\000t\000y\000\040\000a\000n\000d\000\040\000T\000u\000r\000b\000u\000l\000e\000n\000c\000e}{appendix.A}% 104
\BOOKMARK [1][-]{section.A.6}{\376\377\000R\000S\000V\000P\000\040\000R\000e\000l\000a\000t\000i\000o\000n\000s\000:\000\040\000A\000l\000a\000r\000m\000\040\000C\000h\000a\000n\000n\000e\000l\000s\000\040\000a\000n\000d\000\040\000S\000e\000m\000i\000o\000t\000i\000c\000\040\000E\000n\000t\000r\000o\000p\000y}{appendix.A}% 105
\BOOKMARK [1][-]{section.A.7}{\376\377\000A\000p\000p\000l\000i\000c\000a\000t\000i\000o\000n\000\040\000t\000o\000\040\000S\000u\000s\000t\000a\000i\000n\000a\000b\000l\000e\000\040\000U\000X}{appendix.A}% 106
\BOOKMARK [0][-]{appendix.B}{\376\377\000C\000o\000n\000j\000u\000n\000c\000t\000i\000o\000n\000\040\000v\000s\000.\000\040\000B\000e\000l\000i\000e\000v\000a\000b\000i\000l\000i\000t\000y}{part.5}% 107
\BOOKMARK [1][-]{section.B.1}{\376\377\000C\000o\000n\000j\000u\000n\000c\000t\000i\000o\000n\000\040\000A\000l\000w\000a\000y\000s\000\040\000L\000o\000w\000e\000r\000s\000\040\000P\000r\000o\000b\000a\000b\000i\000l\000i\000t\000y}{appendix.B}% 108
\BOOKMARK [1][-]{section.B.2}{\376\377\000P\000e\000r\000c\000e\000p\000t\000u\000a\000l\000\040\000B\000e\000l\000i\000e\000v\000a\000b\000i\000l\000i\000t\000y\000\040\000F\000u\000n\000c\000t\000i\000o\000n\000a\000l}{appendix.B}% 109
\BOOKMARK [1][-]{section.B.3}{\376\377\000W\000o\000r\000k\000e\000d\000\040\000E\000x\000a\000m\000p\000l\000e\000:\000\040\000L\000i\000n\000d\000a\000-\000S\000t\000y\000l\000e\000\040\000U\000X}{appendix.B}% 110
\BOOKMARK [1][-]{section.B.4}{\376\377\000W\000h\000y\000\040\000M\000o\000r\000e\000\040\000D\000e\000t\000a\000i\000l\000s\000\040\000F\000e\000e\000l\000\040\000M\000o\000r\000e\000\040\000R\000e\000a\000l}{appendix.B}% 111
\BOOKMARK [1][-]{section.B.5}{\376\377\000D\000e\000s\000i\000g\000n\000\040\000I\000m\000p\000l\000i\000c\000a\000t\000i\000o\000n\000s}{appendix.B}% 112
\BOOKMARK [1][-]{section.B.6}{\376\377\000S\000u\000m\000m\000a\000r\000y}{appendix.B}% 113
\BOOKMARK [0][-]{appendix.C}{\376\377\000C\000u\000l\000t\000u\000r\000a\000l\000\040\000C\000a\000s\000e\000\040\000S\000t\000u\000d\000i\000e\000s}{part.5}% 114
\BOOKMARK [1][-]{section.C.1}{\376\377\000A\000d\000v\000e\000r\000t\000i\000s\000i\000n\000g\000\040\000a\000n\000d\000\040\000C\000u\000e\000\040\000S\000a\000t\000u\000r\000a\000t\000i\000o\000n}{appendix.C}% 115
\BOOKMARK [1][-]{section.C.2}{\376\377\000G\000a\000m\000i\000f\000i\000c\000a\000t\000i\000o\000n\000\040\000a\000n\000d\000\040\000B\000e\000h\000a\000v\000i\000o\000r\000a\000l\000\040\000L\000o\000c\000k\000-\000I\000n}{appendix.C}% 116
\BOOKMARK [1][-]{section.C.3}{\376\377\000A\000p\000p\000-\000O\000n\000l\000y\000\040\000R\000e\000s\000t\000r\000i\000c\000t\000i\000o\000n\000s}{appendix.C}% 117
\BOOKMARK [1][-]{section.C.4}{\376\377\000S\000u\000m\000m\000a\000r\000y}{appendix.C}% 118
\BOOKMARK [0][-]{appendix.D}{\376\377\000C\000i\000v\000i\000c\000\040\000A\000p\000p\000l\000i\000c\000a\000t\000i\000o\000n\000s}{part.5}% 119
\BOOKMARK [1][-]{section.D.1}{\376\377\000T\000r\000a\000n\000s\000p\000o\000r\000t\000\040\000A\000p\000p\000s}{appendix.D}% 120
\BOOKMARK [1][-]{section.D.2}{\376\377\000E\000n\000e\000r\000g\000y\000\040\000G\000r\000i\000d\000s}{appendix.D}% 121
\BOOKMARK [1][-]{section.D.3}{\376\377\000G\000o\000v\000e\000r\000n\000a\000n\000c\000e\000\040\000P\000l\000a\000t\000f\000o\000r\000m\000s}{appendix.D}% 122
\BOOKMARK [1][-]{section.D.4}{\376\377\000S\000u\000m\000m\000a\000r\000y}{appendix.D}% 123
