\BOOKMARK [1][-]{section.1}{\376\377\000I\000n\000t\000r\000o\000d\000u\000c\000t\000i\000o\000n\000:\000\040\000T\000h\000e\000\040\000M\000e\000t\000a\000p\000h\000y\000s\000i\000c\000s\000\040\000o\000f\000\040\000L\000o\000c\000a\000t\000i\000o\000n}{}% 1
\BOOKMARK [1][-]{section.2}{\376\377\000A\000\040\000P\000h\000i\000l\000o\000s\000o\000p\000h\000i\000c\000a\000l\000\040\000P\000r\000e\000l\000u\000d\000e\000:\000\040\000T\000h\000e\000\040\000P\000a\000t\000t\000e\000r\000n\000\040\000o\000f\000\040\000R\000e\000t\000u\000r\000n}{}% 2
\BOOKMARK [1][-]{section.3}{\376\377\000E\000n\000g\000i\000n\000e\000e\000r\000i\000n\000g\000\040\000S\000u\000b\000s\000t\000r\000a\000t\000e\000:\000\040\000T\000h\000e\000\040\000C\000i\000r\000c\000u\000l\000a\000t\000i\000o\000n\000\040\000L\000o\000o\000p}{}% 3
\BOOKMARK [1][-]{section.4}{\376\377\000T\000r\000a\000j\000e\000c\000t\000o\000r\000y\000\040\000a\000s\000\040\000t\000h\000e\000\040\000P\000r\000i\000m\000i\000t\000i\000v\000e\000\040\000E\000n\000t\000i\000t\000y}{}% 4
\BOOKMARK [2][-]{subsection.4.1}{\376\377\000F\000r\000o\000m\000\040\000O\000b\000j\000e\000c\000t\000s\000\040\000t\000o\000\040\000M\000o\000r\000p\000h\000i\000s\000m\000s}{section.4}% 5
\BOOKMARK [2][-]{subsection.4.2}{\376\377\000R\000S\000V\000P\000\040\000F\000o\000r\000m\000a\000l\000i\000s\000a\000t\000i\000o\000n}{section.4}% 6
\BOOKMARK [2][-]{subsection.4.3}{\376\377\000T\000h\000e\000\040\000T\000r\000a\000j\000e\000c\000t\000o\000r\000y\000-\000I\000d\000e\000n\000t\000i\000t\000y\000\040\000T\000h\000e\000s\000i\000s}{section.4}% 7
\BOOKMARK [1][-]{section.5}{\376\377\000M\000e\000m\000o\000r\000y\000\040\000a\000s\000\040\000R\000e\000c\000u\000r\000r\000e\000n\000c\000e\000\040\000o\000f\000\040\000T\000r\000a\000j\000e\000c\000t\000o\000r\000y}{}% 8
\BOOKMARK [2][-]{subsection.5.1}{\376\377\000T\000h\000e\000\040\000R\000e\000c\000u\000r\000r\000e\000n\000c\000e\000\040\000D\000e\000f\000i\000n\000i\000t\000i\000o\000n}{section.5}% 9
\BOOKMARK [2][-]{subsection.5.2}{\376\377\000F\000o\000r\000m\000a\000l\000\040\000P\000r\000o\000p\000e\000r\000t\000i\000e\000s}{section.5}% 10
\BOOKMARK [2][-]{subsection.5.3}{\376\377\000C\000h\000a\000i\000n\000-\000o\000f\000-\000M\000e\000m\000o\000r\000y\000\040\000C\000o\000n\000n\000e\000c\000t\000i\000o\000n}{section.5}% 11
\BOOKMARK [1][-]{section.6}{\376\377\000E\000n\000t\000r\000o\000p\000y\000\040\000a\000s\000\040\000A\000c\000c\000e\000s\000s\000i\000b\000i\000l\000i\000t\000y}{}% 12
\BOOKMARK [2][-]{subsection.6.1}{\376\377\000T\000w\000o\000\040\000S\000e\000n\000s\000e\000s\000\040\000o\000f\000\040\000E\000n\000t\000r\000o\000p\000y}{section.6}% 13
\BOOKMARK [2][-]{subsection.6.2}{\376\377\000T\000h\000e\000\040\000A\000c\000c\000e\000s\000s\000i\000b\000i\000l\000i\000t\000y\000\040\000R\000e\000s\000t\000o\000r\000a\000t\000i\000o\000n\000\040\000T\000h\000e\000o\000r\000e\000m}{section.6}% 14
\BOOKMARK [2][-]{subsection.6.3}{\376\377\000P\000h\000i\000l\000o\000s\000o\000p\000h\000i\000c\000a\000l\000\040\000S\000i\000g\000n\000i\000f\000i\000c\000a\000n\000c\000e}{section.6}% 15
\BOOKMARK [1][-]{section.7}{\376\377\000C\000u\000r\000v\000a\000t\000u\000r\000e\000\040\000o\000f\000\040\000A\000c\000c\000e\000s\000s\000i\000b\000i\000l\000i\000t\000y\000\040\000S\000p\000a\000c\000e}{}% 16
\BOOKMARK [2][-]{subsection.7.1}{\376\377\000A\000c\000c\000e\000s\000s\000i\000b\000i\000l\000i\000t\000y\000\040\000a\000s\000\040\000a\000\040\000S\000c\000a\000l\000a\000r\000\040\000F\000i\000e\000l\000d}{section.7}% 17
\BOOKMARK [2][-]{subsection.7.2}{\376\377\000A\000\040\000C\000u\000r\000v\000a\000t\000u\000r\000e\000\040\000M\000e\000a\000s\000u\000r\000e\000\040\000o\000n\000\040\000R\000o\000u\000t\000i\000n\000g\000\040\000S\000p\000a\000c\000e}{section.7}% 18
\BOOKMARK [2][-]{subsection.7.3}{\376\377\000C\000o\000n\000n\000e\000c\000t\000i\000o\000n\000\040\000t\000o\000\040\000H\000i\000d\000d\000e\000n\000\040\000C\000u\000r\000v\000a\000t\000u\000r\000e}{section.7}% 19
\BOOKMARK [1][-]{section.8}{\376\377\000H\000a\000m\000i\000l\000t\000o\000n\000i\000a\000n\000\040\000F\000o\000r\000m\000u\000l\000a\000t\000i\000o\000n\000:\000\040\000C\000L\000I\000O\000\040\000a\000s\000\040\000H\000a\000r\000d\000w\000a\000r\000e}{}% 20
\BOOKMARK [2][-]{subsection.8.1}{\376\377\000T\000h\000e\000\040\000C\000L\000I\000O\000\040\000C\000o\000n\000s\000t\000r\000a\000i\000n\000t\000\040\000F\000i\000e\000l\000d}{section.8}% 21
\BOOKMARK [2][-]{subsection.8.2}{\376\377\000L\000a\000g\000r\000a\000n\000g\000i\000a\000n\000\040\000F\000o\000r\000m\000u\000l\000a\000t\000i\000o\000n}{section.8}% 22
\BOOKMARK [2][-]{subsection.8.3}{\376\377\000H\000a\000m\000i\000l\000t\000o\000n\000i\000a\000n\000\040\000F\000o\000r\000m\000u\000l\000a\000t\000i\000o\000n}{section.8}% 23
\BOOKMARK [2][-]{subsection.8.4}{\376\377\000C\000o\000n\000s\000e\000r\000v\000a\000t\000i\000o\000n\000\040\000a\000n\000d\000\040\000D\000i\000s\000s\000i\000p\000a\000t\000i\000o\000n}{section.8}% 24
\BOOKMARK [1][-]{section.9}{\376\377\000P\000r\000o\000c\000e\000s\000s\000\040\000O\000n\000t\000o\000l\000o\000g\000y\000\040\000a\000n\000d\000\040\000t\000h\000e\000\040\000B\000e\000y\000o\000n\000d\000\040\000P\000r\000o\000c\000e\000s\000s\000\040\000T\000h\000e\000s\000i\000s}{}% 25
\BOOKMARK [2][-]{subsection.9.1}{\376\377\000T\000h\000e\000\040\000P\000r\000o\000c\000e\000s\000s\000\040\000T\000u\000r\000n}{section.9}% 26
\BOOKMARK [2][-]{subsection.9.2}{\376\377\000T\000h\000e\000\040\000S\000h\000i\000p\000\040\000o\000f\000\040\000T\000h\000e\000s\000e\000u\000s\000\040\000R\000e\000s\000o\000l\000u\000t\000i\000o\000n}{section.9}% 27
\BOOKMARK [2][-]{subsection.9.3}{\376\377\000B\000e\000y\000o\000n\000d\000\040\000P\000r\000o\000c\000e\000s\000s\000:\000\040\000A\000d\000m\000i\000s\000s\000i\000b\000i\000l\000i\000t\000y\000\040\000a\000s\000\040\000t\000h\000e\000\040\000D\000e\000e\000p\000e\000r\000\040\000P\000r\000i\000m\000i\000t\000i\000v\000e}{section.9}% 28
\BOOKMARK [1][-]{section.10}{\376\377\000S\000i\000m\000u\000l\000a\000t\000e\000d\000\040\000A\000g\000e\000n\000c\000y\000\040\000a\000n\000d\000\040\000E\000m\000e\000r\000g\000e\000n\000t\000\040\000I\000n\000t\000e\000l\000l\000i\000g\000e\000n\000c\000e}{}% 29
\BOOKMARK [2][-]{subsection.10.1}{\376\377\000T\000h\000e\000\040\000A\000p\000p\000e\000a\000r\000a\000n\000c\000e\000\040\000o\000f\000\040\000A\000g\000e\000n\000c\000y}{section.10}% 30
\BOOKMARK [2][-]{subsection.10.2}{\376\377\000F\000o\000r\000m\000a\000l\000\040\000M\000o\000d\000e\000l\000\040\000o\000f\000\040\000E\000m\000e\000r\000g\000e\000n\000t\000\040\000A\000g\000e\000n\000c\000y}{section.10}% 31
\BOOKMARK [2][-]{subsection.10.3}{\376\377\000C\000o\000l\000l\000e\000c\000t\000i\000v\000e\000\040\000I\000n\000t\000e\000l\000l\000i\000g\000e\000n\000c\000e}{section.10}% 32
\BOOKMARK [1][-]{section.11}{\376\377\000S\000y\000n\000t\000h\000e\000s\000i\000s\000:\000\040\000C\000o\000m\000p\000u\000t\000a\000t\000i\000o\000n\000\040\000a\000s\000\040\000A\000d\000m\000i\000s\000s\000i\000b\000i\000l\000i\000t\000y\000\040\000S\000t\000r\000u\000c\000t\000u\000r\000e}{}% 33
\BOOKMARK [1][-]{section.12}{\376\377\000C\000o\000n\000c\000l\000u\000s\000i\000o\000n}{}% 34
