\BOOKMARK [0][]{chapter*.1}{\376\377\000P\000r\000e\000f\000a\000c\000e}{}% 1
\BOOKMARK [0][]{chapter*.1}{\376\377\000L\000i\000s\000t\000\040\000o\000f\000\040\000F\000i\000g\000u\000r\000e\000s}{}% 2
\BOOKMARK [-1][]{part.1}{\376\377\000I\000\040\000T\000h\000e\000\040\000P\000h\000e\000n\000o\000m\000e\000n\000o\000l\000o\000g\000y\000\040\000o\000f\000\040\000D\000i\000s\000a\000p\000p\000e\000a\000r\000i\000n\000g\000\040\000D\000i\000f\000f\000i\000c\000u\000l\000t\000y}{}% 3
\BOOKMARK [0][]{chapter.1}{\376\377\000I\000n\000t\000r\000o\000d\000u\000c\000t\000i\000o\000n\000:\000\040\000W\000h\000e\000r\000e\000\040\000D\000o\000e\000s\000\040\000E\000f\000f\000o\000r\000t\000\040\000G\000o\000?}{part.1}% 4
\BOOKMARK [1][]{section.1.1}{\376\377\000T\000h\000e\000\040\000S\000m\000o\000o\000t\000h\000\040\000S\000u\000r\000f\000a\000c\000e\000\040\000a\000n\000d\000\040\000W\000h\000a\000t\000\040\000I\000t\000\040\000C\000o\000n\000c\000e\000a\000l\000s}{chapter.1}% 5
\BOOKMARK [1][]{section.1.2}{\376\377\000T\000h\000r\000e\000e\000\040\000D\000o\000m\000a\000i\000n\000s\000,\000\040\000O\000n\000e\000\040\000P\000a\000t\000t\000e\000r\000n}{chapter.1}% 6
\BOOKMARK [1][]{section.1.3}{\376\377\000T\000h\000e\000\040\000G\000u\000i\000d\000i\000n\000g\000\040\000Q\000u\000e\000s\000t\000i\000o\000n}{chapter.1}% 7
\BOOKMARK [1][]{section.1.4}{\376\377\000O\000r\000g\000a\000n\000i\000z\000a\000t\000i\000o\000n\000\040\000o\000f\000\040\000t\000h\000e\000\040\000M\000o\000n\000o\000g\000r\000a\000p\000h}{chapter.1}% 8
\BOOKMARK [0][]{chapter.2}{\376\377\000C\000o\000n\000s\000e\000r\000v\000a\000t\000i\000o\000n\000\040\000o\000f\000\040\000D\000i\000f\000f\000i\000c\000u\000l\000t\000y}{part.1}% 9
\BOOKMARK [1][]{section.2.1}{\376\377\000T\000h\000e\000\040\000P\000r\000i\000n\000c\000i\000p\000l\000e\000\040\000S\000t\000a\000t\000e\000d}{chapter.2}% 10
\BOOKMARK [1][]{section.2.2}{\376\377\000L\000a\000y\000e\000r\000e\000d\000\040\000S\000y\000s\000t\000e\000m\000s\000\040\000a\000n\000d\000\040\000B\000u\000r\000d\000e\000n\000\040\000T\000r\000a\000n\000s\000f\000e\000r}{chapter.2}% 11
\BOOKMARK [1][]{section.2.3}{\376\377\000E\000x\000a\000m\000p\000l\000e\000s\000\040\000A\000c\000r\000o\000s\000s\000\040\000D\000o\000m\000a\000i\000n\000s}{chapter.2}% 12
\BOOKMARK [2][]{subsection.2.3.1}{\376\377\000C\000o\000m\000p\000u\000t\000a\000t\000i\000o\000n\000\040\000a\000n\000d\000\040\000t\000h\000e\000\040\000I\000n\000t\000e\000r\000f\000a\000c\000e\000\040\000S\000t\000a\000c\000k}{section.2.3}% 13
\BOOKMARK [2][]{subsection.2.3.2}{\376\377\000F\000i\000n\000a\000n\000c\000i\000a\000l\000\040\000I\000n\000s\000t\000r\000u\000m\000e\000n\000t\000s\000\040\000a\000n\000d\000\040\000A\000b\000s\000t\000r\000a\000c\000t\000e\000d\000\040\000C\000l\000a\000i\000m\000s}{section.2.3}% 14
\BOOKMARK [2][]{subsection.2.3.3}{\376\377\000A\000I\000\040\000T\000r\000a\000i\000n\000i\000n\000g\000\040\000a\000n\000d\000\040\000E\000p\000i\000s\000t\000e\000m\000i\000c\000\040\000G\000r\000o\000u\000n\000d\000i\000n\000g}{section.2.3}% 15
\BOOKMARK [1][]{section.2.4}{\376\377\000E\000x\000p\000o\000s\000u\000r\000e\000\040\000E\000v\000e\000n\000t\000s}{chapter.2}% 16
\BOOKMARK [1][]{section.2.5}{\376\377\000T\000o\000w\000a\000r\000d\000\040\000a\000\040\000P\000h\000y\000s\000i\000c\000a\000l\000\040\000I\000n\000t\000e\000r\000p\000r\000e\000t\000a\000t\000i\000o\000n}{chapter.2}% 17
\BOOKMARK [0][]{chapter.3}{\376\377\000E\000x\000o\000c\000a\000p\000i\000t\000a\000l\000i\000s\000m\000,\000\040\000S\000l\000o\000p\000,\000\040\000a\000n\000d\000\040\000t\000h\000e\000\040\000F\000l\000i\000g\000h\000t\000\040\000f\000r\000o\000m\000\040\000G\000r\000o\000u\000n\000d\000i\000n\000g}{part.1}% 18
\BOOKMARK [1][]{section.3.1}{\376\377\000E\000x\000o\000c\000a\000p\000i\000t\000a\000l\000i\000s\000m\000\040\000a\000n\000d\000\040\000t\000h\000e\000\040\000A\000t\000t\000e\000m\000p\000t\000\040\000t\000o\000\040\000E\000s\000c\000a\000p\000e\000\040\000C\000o\000n\000s\000t\000r\000a\000i\000n\000t}{chapter.3}% 19
\BOOKMARK [1][]{section.3.2}{\376\377\000T\000h\000e\000\040\000S\000l\000o\000p\000\040\000E\000c\000o\000n\000o\000m\000y\000\040\000a\000s\000\040\000C\000o\000m\000p\000o\000s\000i\000t\000i\000o\000n\000a\000l\000\040\000F\000a\000i\000l\000u\000r\000e}{chapter.3}% 20
\BOOKMARK [1][]{section.3.3}{\376\377\000F\000i\000n\000a\000n\000c\000i\000a\000l\000\040\000C\000i\000r\000c\000u\000l\000a\000r\000i\000t\000y\000\040\000a\000s\000\040\000P\000h\000y\000s\000i\000c\000a\000l\000\040\000A\000n\000a\000l\000o\000g}{chapter.3}% 21
\BOOKMARK [1][]{section.3.4}{\376\377\000T\000h\000e\000\040\000C\000o\000m\000m\000o\000n\000\040\000S\000t\000r\000u\000c\000t\000u\000r\000e}{chapter.3}% 22
\BOOKMARK [-1][]{part.2}{\376\377\000I\000I\000\040\000T\000h\000e\000\040\000F\000o\000r\000m\000a\000l\000\040\000F\000r\000a\000m\000e\000w\000o\000r\000k}{}% 23
\BOOKMARK [0][]{chapter.4}{\376\377\000R\000e\000l\000a\000t\000i\000o\000n\000a\000l\000\040\000O\000n\000t\000o\000l\000o\000g\000y\000:\000\040\000B\000e\000y\000o\000n\000d\000\040\000V\000a\000l\000u\000e\000s\000\040\000a\000n\000d\000\040\000F\000i\000e\000l\000d\000s}{part.2}% 24
\BOOKMARK [1][]{section.4.1}{\376\377\000A\000g\000a\000i\000n\000s\000t\000\040\000V\000a\000l\000u\000e\000\040\000P\000r\000i\000m\000i\000t\000i\000v\000e\000s}{chapter.4}% 25
\BOOKMARK [1][]{section.4.2}{\376\377\000T\000h\000e\000\040\000M\000i\000n\000i\000m\000a\000l\000\040\000R\000e\000l\000a\000t\000i\000o\000n\000a\000l\000\040\000S\000y\000s\000t\000e\000m}{chapter.4}% 26
\BOOKMARK [1][]{section.4.3}{\376\377\000C\000o\000n\000s\000i\000s\000t\000e\000n\000c\000y\000\040\000a\000n\000d\000\040\000D\000e\000f\000e\000c\000t\000s}{chapter.4}% 27
\BOOKMARK [1][]{section.4.4}{\376\377\000C\000o\000n\000t\000r\000a\000d\000i\000c\000t\000i\000o\000n\000\040\000a\000s\000\040\000S\000t\000r\000u\000c\000t\000u\000r\000a\000l\000\040\000F\000a\000c\000t}{chapter.4}% 28
\BOOKMARK [1][]{section.4.5}{\376\377\000T\000h\000e\000\040\000C\000u\000r\000v\000a\000t\000u\000r\000e\000\040\000I\000n\000t\000e\000r\000p\000r\000e\000t\000a\000t\000i\000o\000n}{chapter.4}% 29
\BOOKMARK [0][]{chapter.5}{\376\377\000E\000n\000e\000r\000g\000y\000\040\000a\000s\000\040\000O\000b\000s\000t\000r\000u\000c\000t\000i\000o\000n}{part.2}% 30
\BOOKMARK [1][]{section.5.1}{\376\377\000T\000h\000e\000\040\000E\000n\000e\000r\000g\000y\000\040\000F\000u\000n\000c\000t\000i\000o\000n\000a\000l}{chapter.5}% 31
\BOOKMARK [1][]{section.5.2}{\376\377\000K\000n\000o\000w\000n\000\040\000P\000h\000y\000s\000i\000c\000a\000l\000\040\000E\000n\000e\000r\000g\000i\000e\000s\000\040\000a\000s\000\040\000S\000p\000e\000c\000i\000a\000l\000\040\000C\000a\000s\000e\000s}{chapter.5}% 32
\BOOKMARK [2][]{subsection.5.2.1}{\376\377\000E\000l\000e\000c\000t\000r\000o\000m\000a\000g\000n\000e\000t\000i\000c\000\040\000E\000n\000e\000r\000g\000y}{section.5.2}% 33
\BOOKMARK [2][]{subsection.5.2.2}{\376\377\000Y\000a\000n\000g\040\023\000M\000i\000l\000l\000s\000\040\000E\000n\000e\000r\000g\000y}{section.5.2}% 34
\BOOKMARK [2][]{subsection.5.2.3}{\376\377\000E\000l\000a\000s\000t\000i\000c\000\040\000E\000n\000e\000r\000g\000y}{section.5.2}% 35
\BOOKMARK [2][]{subsection.5.2.4}{\376\377\000G\000r\000a\000v\000i\000t\000a\000t\000i\000o\000n\000a\000l\000\040\000E\000n\000e\000r\000g\000y}{section.5.2}% 36
\BOOKMARK [1][]{section.5.3}{\376\377\000E\000n\000e\000r\000g\000y\000\040\000D\000e\000n\000s\000i\000t\000y\000\040\000a\000n\000d\000\040\000I\000t\000s\000\040\000L\000o\000c\000a\000l\000i\000z\000a\000t\000i\000o\000n}{chapter.5}% 37
\BOOKMARK [1][]{section.5.4}{\376\377\000T\000h\000e\000\040\000I\000n\000t\000e\000r\000p\000r\000e\000t\000a\000t\000i\000o\000n}{chapter.5}% 38
\BOOKMARK [0][]{chapter.6}{\376\377\000D\000y\000n\000a\000m\000i\000c\000s\000:\000\040\000P\000r\000o\000p\000a\000g\000a\000t\000i\000o\000n\000\040\000o\000f\000\040\000C\000o\000n\000t\000r\000a\000d\000i\000c\000t\000i\000o\000n}{part.2}% 39
\BOOKMARK [1][]{section.6.1}{\376\377\000F\000i\000n\000i\000t\000e\000\040\000P\000r\000o\000p\000a\000g\000a\000t\000i\000o\000n\000\040\000a\000s\000\040\000F\000u\000n\000d\000a\000m\000e\000n\000t\000a\000l\000\040\000C\000o\000n\000s\000t\000r\000a\000i\000n\000t}{chapter.6}% 40
\BOOKMARK [1][]{section.6.2}{\376\377\000L\000o\000c\000a\000l\000\040\000U\000p\000d\000a\000t\000e\000\040\000R\000u\000l\000e\000s}{chapter.6}% 41
\BOOKMARK [1][]{section.6.3}{\376\377\000E\000m\000e\000r\000g\000e\000n\000c\000e\000\040\000o\000f\000\040\000W\000a\000v\000e\000\040\000B\000e\000h\000a\000v\000i\000o\000r}{chapter.6}% 42
\BOOKMARK [2][]{subsection.6.3.1}{\376\377\000L\000i\000n\000e\000a\000r\000\040\000A\000p\000p\000r\000o\000x\000i\000m\000a\000t\000i\000o\000n}{section.6.3}% 43
\BOOKMARK [2][]{subsection.6.3.2}{\376\377\000T\000h\000e\000\040\000W\000a\000v\000e\000\040\000E\000q\000u\000a\000t\000i\000o\000n}{section.6.3}% 44
\BOOKMARK [2][]{subsection.6.3.3}{\376\377\000P\000h\000y\000s\000i\000c\000a\000l\000\040\000I\000n\000t\000e\000r\000p\000r\000e\000t\000a\000t\000i\000o\000n}{section.6.3}% 45
\BOOKMARK [1][]{section.6.4}{\376\377\000D\000i\000f\000f\000u\000s\000i\000o\000n\000\040\000a\000s\000\040\000O\000v\000e\000r\000d\000a\000m\000p\000e\000d\000\040\000P\000r\000o\000p\000a\000g\000a\000t\000i\000o\000n}{chapter.6}% 46
\BOOKMARK [1][]{section.6.5}{\376\377\000V\000a\000r\000i\000a\000t\000i\000o\000n\000a\000l\000\040\000P\000r\000i\000n\000c\000i\000p\000l\000e\000\040\000a\000n\000d\000\040\000G\000r\000a\000d\000i\000e\000n\000t\000\040\000F\000l\000o\000w\000\040\000o\000f\000\040\000C\000o\000n\000s\000t\000r\000a\000i\000n\000t}{chapter.6}% 47
\BOOKMARK [1][]{section.6.6}{\376\377\000R\000e\000g\000i\000m\000e\000s\000\040\000o\000f\000\040\000P\000r\000o\000p\000a\000g\000a\000t\000i\000o\000n\000:\000\040\000H\000y\000p\000e\000r\000b\000o\000l\000i\000c\000,\000\040\000P\000a\000r\000a\000b\000o\000l\000i\000c\000,\000\040\000a\000n\000d\000\040\000M\000i\000x\000e\000d\000\040\000S\000y\000s\000t\000e\000m\000s}{chapter.6}% 48
\BOOKMARK [0][]{chapter.7}{\376\377\000D\000i\000s\000s\000i\000p\000a\000t\000i\000o\000n\000,\000\040\000E\000n\000t\000r\000o\000p\000y\000,\000\040\000a\000n\000d\000\040\000t\000h\000e\000\040\000R\000e\000d\000i\000s\000t\000r\000i\000b\000u\000t\000i\000o\000n\000\040\000o\000f\000\040\000C\000o\000n\000t\000r\000a\000d\000i\000c\000t\000i\000o\000n}{part.2}% 49
\BOOKMARK [1][]{section.7.1}{\376\377\000D\000i\000s\000s\000i\000p\000a\000t\000i\000o\000n\000\040\000a\000s\000\040\000A\000n\000n\000i\000h\000i\000l\000a\000t\000i\000o\000n\000\040\000o\000f\000\040\000D\000e\000f\000e\000c\000t\000s}{chapter.7}% 50
\BOOKMARK [1][]{section.7.2}{\376\377\000E\000n\000t\000r\000o\000p\000y\000\040\000a\000s\000\040\000D\000i\000s\000t\000r\000i\000b\000u\000t\000e\000d\000\040\000C\000o\000n\000t\000r\000a\000d\000i\000c\000t\000i\000o\000n}{chapter.7}% 51
\BOOKMARK [1][]{section.7.3}{\376\377\000E\000n\000t\000r\000o\000p\000y\000\040\000F\000l\000u\000x\000\040\000a\000n\000d\000\040\000P\000r\000o\000d\000u\000c\000t\000i\000o\000n}{chapter.7}% 52
\BOOKMARK [1][]{section.7.4}{\376\377\000E\000q\000u\000i\000l\000i\000b\000r\000i\000u\000m\000,\000\040\000I\000r\000r\000e\000v\000e\000r\000s\000i\000b\000i\000l\000i\000t\000y\000,\000\040\000a\000n\000d\000\040\000t\000h\000e\000\040\000P\000e\000r\000p\000e\000t\000u\000a\000l\000\040\000P\000r\000e\000s\000e\000n\000t}{chapter.7}% 53
\BOOKMARK [0][]{chapter.8}{\376\377\000R\000e\000n\000o\000r\000m\000a\000l\000i\000z\000a\000t\000i\000o\000n\000\040\000a\000n\000d\000\040\000S\000c\000a\000l\000e\000-\000D\000e\000p\000e\000n\000d\000e\000n\000t\000\040\000C\000o\000n\000s\000t\000r\000a\000i\000n\000t}{part.2}% 54
\BOOKMARK [1][]{section.8.1}{\376\377\000S\000c\000a\000l\000e\000\040\000D\000e\000p\000e\000n\000d\000e\000n\000c\000e\000\040\000a\000n\000d\000\040\000C\000o\000a\000r\000s\000e\000-\000G\000r\000a\000i\000n\000i\000n\000g}{chapter.8}% 55
\BOOKMARK [1][]{section.8.2}{\376\377\000R\000e\000n\000o\000r\000m\000a\000l\000i\000z\000a\000t\000i\000o\000n\000\040\000F\000l\000o\000w\000\040\000a\000s\000\040\000T\000r\000a\000j\000e\000c\000t\000o\000r\000y\000\040\000i\000n\000\040\000T\000h\000e\000o\000r\000y\000\040\000S\000p\000a\000c\000e}{chapter.8}% 56
\BOOKMARK [1][]{section.8.3}{\376\377\000S\000y\000m\000m\000e\000t\000r\000y\000,\000\040\000G\000a\000u\000g\000e\000\040\000F\000r\000e\000e\000d\000o\000m\000,\000\040\000a\000n\000d\000\040\000R\000e\000d\000u\000n\000d\000a\000n\000t\000\040\000D\000e\000s\000c\000r\000i\000p\000t\000i\000o\000n}{chapter.8}% 57
\BOOKMARK [-1][]{part.3}{\376\377\000I\000I\000I\000\040\000C\000o\000n\000n\000e\000c\000t\000i\000o\000n\000s\000\040\000t\000o\000\040\000E\000s\000t\000a\000b\000l\000i\000s\000h\000e\000d\000\040\000P\000h\000y\000s\000i\000c\000s}{}% 58
\BOOKMARK [0][]{chapter.9}{\376\377\000G\000a\000u\000g\000e\000\040\000T\000h\000e\000o\000r\000y\000\040\000a\000n\000d\000\040\000t\000h\000e\000\040\000R\000e\000l\000a\000t\000i\000o\000n\000a\000l\000\040\000I\000n\000t\000e\000r\000p\000r\000e\000t\000a\000t\000i\000o\000n}{part.3}% 59
\BOOKMARK [1][]{section.9.1}{\376\377\000G\000a\000u\000g\000e\000\040\000T\000h\000e\000o\000r\000y\000\040\000a\000s\000\040\000R\000e\000l\000a\000t\000i\000o\000n\000a\000l\000\040\000P\000h\000y\000s\000i\000c\000s}{chapter.9}% 60
\BOOKMARK [1][]{section.9.2}{\376\377\000W\000i\000l\000s\000o\000n\000\040\000L\000o\000o\000p\000s\000\040\000a\000n\000d\000\040\000L\000o\000o\000p\000\040\000D\000e\000f\000e\000c\000t\000s}{chapter.9}% 61
\BOOKMARK [1][]{section.9.3}{\376\377\000Y\000a\000n\000g\040\023\000M\000i\000l\000l\000s\000\040\000E\000q\000u\000a\000t\000i\000o\000n\000s\000\040\000a\000s\000\040\000D\000e\000f\000e\000c\000t\000\040\000M\000i\000n\000i\000m\000i\000z\000a\000t\000i\000o\000n}{chapter.9}% 62
\BOOKMARK [1][]{section.9.4}{\376\377\000C\000o\000n\000f\000i\000n\000e\000m\000e\000n\000t\000\040\000a\000n\000d\000\040\000D\000e\000f\000e\000c\000t\000\040\000T\000u\000b\000e\000s}{chapter.9}% 63
\BOOKMARK [0][]{chapter.10}{\376\377\000G\000e\000n\000e\000r\000a\000l\000\040\000R\000e\000l\000a\000t\000i\000v\000i\000t\000y\000\040\000a\000n\000d\000\040\000C\000u\000r\000v\000e\000d\000\040\000C\000o\000n\000s\000t\000r\000a\000i\000n\000t}{part.3}% 64
\BOOKMARK [1][]{section.10.1}{\376\377\000S\000p\000a\000c\000e\000t\000i\000m\000e\000\040\000C\000u\000r\000v\000a\000t\000u\000r\000e\000\040\000a\000s\000\040\000R\000e\000l\000a\000t\000i\000o\000n\000a\000l\000\040\000D\000e\000f\000e\000c\000t}{chapter.10}% 65
\BOOKMARK [1][]{section.10.2}{\376\377\000T\000h\000e\000\040\000E\000i\000n\000s\000t\000e\000i\000n\000\040\000E\000q\000u\000a\000t\000i\000o\000n\000s\000\040\000a\000s\000\040\000D\000e\000f\000e\000c\000t\000\040\000B\000a\000l\000a\000n\000c\000e}{chapter.10}% 66
\BOOKMARK [1][]{section.10.3}{\376\377\000C\000o\000s\000m\000o\000l\000o\000g\000i\000c\000a\000l\000\040\000E\000x\000p\000a\000n\000s\000i\000o\000n\000\040\000a\000s\000\040\000G\000l\000o\000b\000a\000l\000\040\000D\000e\000f\000e\000c\000t}{chapter.10}% 67
\BOOKMARK [0][]{chapter.11}{\376\377\000T\000h\000e\000r\000m\000o\000d\000y\000n\000a\000m\000i\000c\000s\000\040\000a\000n\000d\000\040\000t\000h\000e\000\040\000M\000o\000r\000t\000a\000l\000i\000t\000y\000\040\000o\000f\000\040\000R\000e\000s\000o\000l\000u\000t\000i\000o\000n}{part.3}% 68
\BOOKMARK [1][]{section.11.1}{\376\377\000T\000h\000e\000\040\000T\000h\000e\000r\000m\000o\000d\000y\000n\000a\000m\000i\000c\000\040\000E\000m\000b\000e\000d\000d\000i\000n\000g\000\040\000o\000f\000\040\000C\000o\000n\000s\000t\000r\000a\000i\000n\000t}{chapter.11}% 69
\BOOKMARK [1][]{section.11.2}{\376\377\000T\000h\000e\000\040\000T\000h\000e\000r\000m\000o\000d\000y\000n\000a\000m\000i\000c\000\040\000C\000o\000s\000t\000\040\000o\000f\000\040\000R\000e\000s\000o\000l\000u\000t\000i\000o\000n}{chapter.11}% 70
\BOOKMARK [1][]{section.11.3}{\376\377\000P\000e\000r\000p\000e\000t\000u\000a\000l\000\040\000I\000n\000c\000o\000m\000p\000l\000e\000t\000i\000o\000n}{chapter.11}% 71
\BOOKMARK [0][]{chapter.12}{\376\377\000T\000h\000e\000\040\000R\000S\000V\000P\000\040\000F\000r\000a\000m\000e\000w\000o\000r\000k\000\040\000a\000s\000\040\000C\000o\000n\000s\000t\000r\000a\000i\000n\000t\000\040\000F\000i\000e\000l\000d\000\040\000T\000h\000e\000o\000r\000y}{part.3}% 72
\BOOKMARK [1][]{section.12.1}{\376\377\000I\000n\000t\000r\000o\000d\000u\000c\000t\000i\000o\000n\000\040\000t\000o\000\040\000R\000S\000V\000P}{chapter.12}% 73
\BOOKMARK [1][]{section.12.2}{\376\377\000R\000S\000V\000P\000\040\000E\000q\000u\000a\000t\000i\000o\000n\000s\000\040\000a\000s\000\040\000C\000o\000n\000s\000t\000r\000a\000i\000n\000t\000\040\000P\000r\000o\000p\000a\000g\000a\000t\000i\000o\000n}{chapter.12}% 74
\BOOKMARK [1][]{section.12.3}{\376\377\000R\000S\000V\000P\000\040\000F\000i\000e\000l\000d\000s\000\040\000a\000s\000\040\000S\000e\000c\000t\000i\000o\000n\000s\000\040\000o\000f\000\040\000a\000\040\000S\000h\000e\000a\000f\000\040\000o\000f\000\040\000C\000a\000t\000e\000g\000o\000r\000i\000e\000s}{chapter.12}% 75
\BOOKMARK [1][]{section.12.4}{\376\377\000S\000t\000r\000u\000c\000t\000u\000r\000e\000s\000\040\000a\000s\000\040\000M\000e\000t\000a\000s\000t\000a\000b\000l\000e\000\040\000C\000o\000n\000f\000i\000g\000u\000r\000a\000t\000i\000o\000n\000s}{chapter.12}% 76
\BOOKMARK [0][]{chapter.13}{\376\377\000N\000u\000l\000l\000\040\000C\000o\000n\000v\000e\000n\000t\000i\000o\000n\000\040\000L\000o\000g\000i\000c\000\040\000a\000n\000d\000\040\000t\000h\000e\000\040\000P\000a\000r\000a\000l\000l\000e\000l\000i\000z\000a\000t\000i\000o\000n\000\040\000o\000f\000\040\000C\000o\000n\000s\000t\000r\000a\000i\000n\000t\000\040\000R\000e\000s\000o\000l\000u\000t\000i\000o\000n}{part.3}% 77
\BOOKMARK [1][]{section.13.1}{\376\377\000S\000e\000q\000u\000e\000n\000t\000i\000a\000l\000i\000t\000y\000\040\000a\000s\000\040\000A\000r\000t\000i\000f\000a\000c\000t}{chapter.13}% 78
\BOOKMARK [1][]{section.13.2}{\376\377\000T\000h\000e\000\040\000P\000a\000r\000t\000i\000a\000l\000\040\000O\000r\000d\000e\000r\000\040\000o\000f\000\040\000C\000o\000m\000p\000u\000t\000a\000t\000i\000o\000n}{chapter.13}% 79
\BOOKMARK [1][]{section.13.3}{\376\377\000C\000o\000m\000p\000l\000e\000t\000i\000o\000n\000\040\000S\000i\000g\000n\000a\000l\000i\000n\000g\000\040\000a\000n\000d\000\040\000L\000o\000c\000a\000l\000\040\000C\000a\000u\000s\000a\000l\000i\000t\000y}{chapter.13}% 80
\BOOKMARK [1][]{section.13.4}{\376\377\000C\000o\000m\000p\000u\000t\000a\000t\000i\000o\000n\000\040\000a\000s\000\040\000C\000o\000n\000s\000t\000r\000a\000i\000n\000t\000\040\000R\000e\000s\000o\000l\000u\000t\000i\000o\000n}{chapter.13}% 81
\BOOKMARK [1][]{section.13.5}{\376\377\000T\000h\000e\000\040\000I\000l\000l\000u\000s\000i\000o\000n\000\040\000o\000f\000\040\000S\000e\000q\000u\000e\000n\000c\000e\000\040\000a\000n\000d\000\040\000t\000h\000e\000\040\000R\000e\000a\000l\000i\000t\000y\000\040\000o\000f\000\040\000P\000a\000r\000t\000i\000a\000l\000\040\000O\000r\000d\000e\000r}{chapter.13}% 82
\BOOKMARK [0][]{chapter.14}{\376\377\000C\000a\000t\000e\000g\000o\000r\000i\000c\000a\000l\000\040\000F\000o\000r\000m\000u\000l\000a\000t\000i\000o\000n\000:\000\040\000C\000o\000m\000p\000o\000s\000i\000t\000i\000o\000n\000,\000\040\000O\000b\000s\000t\000r\000u\000c\000t\000i\000o\000n\000,\000\040\000a\000n\000d\000\040\000D\000e\000r\000i\000v\000e\000d\000\040\000E\000n\000e\000r\000g\000y}{part.3}% 83
\BOOKMARK [1][]{section.14.1}{\376\377\000F\000r\000o\000m\000\040\000R\000e\000l\000a\000t\000i\000o\000n\000s\000\040\000t\000o\000\040\000M\000o\000r\000p\000h\000i\000s\000m\000s}{chapter.14}% 84
\BOOKMARK [1][]{section.14.2}{\376\377\000D\000e\000r\000i\000v\000e\000d\000\040\000O\000b\000s\000t\000r\000u\000c\000t\000i\000o\000n\000\040\000a\000n\000d\000\040\000t\000h\000e\000\040\000E\000x\000t\000\040\000I\000n\000t\000e\000r\000p\000r\000e\000t\000a\000t\000i\000o\000n}{chapter.14}% 85
\BOOKMARK [1][]{section.14.3}{\376\377\000S\000h\000e\000a\000f\000\040\000C\000o\000h\000o\000m\000o\000l\000o\000g\000y\000\040\000a\000n\000d\000\040\000G\000l\000o\000b\000a\000l\000\040\000O\000b\000s\000t\000r\000u\000c\000t\000i\000o\000n}{chapter.14}% 86
\BOOKMARK [1][]{section.14.4}{\376\377\000M\000o\000n\000o\000i\000d\000a\000l\000\040\000S\000t\000r\000u\000c\000t\000u\000r\000e\000\040\000a\000n\000d\000\040\000I\000n\000t\000e\000r\000a\000c\000t\000i\000o\000n}{chapter.14}% 87
\BOOKMARK [1][]{section.14.5}{\376\377\000F\000u\000n\000c\000t\000o\000r\000i\000a\000l\000\040\000D\000y\000n\000a\000m\000i\000c\000s\000\040\000a\000n\000d\000\040\000C\000o\000m\000p\000u\000t\000a\000t\000i\000o\000n}{chapter.14}% 88
\BOOKMARK [1][]{section.14.6}{\376\377\000M\000a\000x\000w\000e\000l\000l\000\040\000T\000h\000e\000o\000r\000y\000\040\000f\000r\000o\000m\000\040\000L\000a\000t\000t\000i\000c\000e\000\040\000C\000o\000m\000m\000u\000t\000a\000t\000i\000v\000i\000t\000y\000\040\000D\000e\000f\000e\000c\000t\000s}{chapter.14}% 89
\BOOKMARK [1][]{section.14.7}{\376\377\000N\000u\000l\000l\000\040\000C\000o\000n\000v\000e\000n\000t\000i\000o\000n\000\040\000L\000o\000g\000i\000c\000\040\000a\000s\000\040\000S\000h\000e\000a\000f\000\040\000G\000l\000u\000i\000n\000g}{chapter.14}% 90
\BOOKMARK [1][]{section.14.8}{\376\377\000H\000o\000m\000o\000t\000o\000p\000y\000,\000\040\000H\000i\000g\000h\000e\000r\000\040\000S\000t\000r\000u\000c\000t\000u\000r\000e\000,\000\040\000a\000n\000d\000\040\000O\000b\000s\000t\000r\000u\000c\000t\000i\000o\000n\000\040\000C\000l\000a\000s\000s\000e\000s}{chapter.14}% 91
\BOOKMARK [1][]{section.14.9}{\376\377\000T\000h\000e\000\040\000U\000n\000i\000f\000i\000e\000d\000\040\000O\000n\000t\000o\000l\000o\000g\000y}{chapter.14}% 92
\BOOKMARK [-1][]{part.4}{\376\377\000I\000V\000\040\000I\000m\000p\000l\000i\000c\000a\000t\000i\000o\000n\000s\000\040\000a\000n\000d\000\040\000O\000p\000e\000n\000\040\000P\000r\000o\000b\000l\000e\000m\000s}{}% 93
\BOOKMARK [0][]{chapter.15}{\376\377\000C\000o\000g\000n\000i\000t\000i\000o\000n\000,\000\040\000P\000e\000r\000c\000e\000p\000t\000i\000o\000n\000,\000\040\000a\000n\000d\000\040\000t\000h\000e\000\040\000M\000a\000n\000a\000g\000e\000m\000e\000n\000t\000\040\000o\000f\000\040\000C\000o\000n\000t\000r\000a\000d\000i\000c\000t\000i\000o\000n}{part.4}% 94
\BOOKMARK [1][]{section.15.1}{\376\377\000P\000e\000r\000c\000e\000p\000t\000i\000o\000n\000\040\000a\000s\000\040\000D\000e\000f\000e\000c\000t\000\040\000R\000e\000d\000u\000c\000t\000i\000o\000n}{chapter.15}% 95
\BOOKMARK [1][]{section.15.2}{\376\377\000P\000r\000e\000d\000i\000c\000t\000i\000v\000e\000\040\000P\000r\000o\000c\000e\000s\000s\000i\000n\000g}{chapter.15}% 96
\BOOKMARK [1][]{section.15.3}{\376\377\000C\000o\000n\000s\000c\000i\000o\000u\000s\000n\000e\000s\000s\000\040\000a\000s\000\040\000I\000n\000t\000e\000g\000r\000a\000t\000e\000d\000\040\000R\000e\000s\000o\000l\000u\000t\000i\000o\000n}{chapter.15}% 97
\BOOKMARK [0][]{chapter.16}{\376\377\000A\000r\000t\000i\000f\000i\000c\000i\000a\000l\000\040\000I\000n\000t\000e\000l\000l\000i\000g\000e\000n\000c\000e\000\040\000a\000n\000d\000\040\000E\000p\000i\000s\000t\000e\000m\000i\000c\000\040\000E\000n\000t\000r\000o\000p\000y}{part.4}% 98
\BOOKMARK [1][]{section.16.1}{\376\377\000M\000o\000d\000e\000l\000\040\000C\000o\000l\000l\000a\000p\000s\000e\000\040\000a\000s\000\040\000R\000e\000l\000a\000t\000i\000o\000n\000a\000l\000\040\000D\000e\000c\000o\000m\000p\000o\000s\000i\000t\000i\000o\000n}{chapter.16}% 99
\BOOKMARK [1][]{section.16.2}{\376\377\000A\000l\000i\000g\000n\000m\000e\000n\000t\000\040\000a\000s\000\040\000C\000o\000n\000s\000t\000r\000a\000i\000n\000t\000\040\000C\000o\000m\000p\000a\000t\000i\000b\000i\000l\000i\000t\000y}{chapter.16}% 100
\BOOKMARK [1][]{section.16.3}{\376\377\000S\000t\000a\000b\000i\000l\000i\000t\000y\000,\000\040\000P\000h\000a\000s\000e\000\040\000T\000r\000a\000n\000s\000i\000t\000i\000o\000n\000s\000,\000\040\000a\000n\000d\000\040\000M\000o\000d\000e\000l\000\040\000C\000o\000l\000l\000a\000p\000s\000e}{chapter.16}% 101
\BOOKMARK [0][]{chapter.17}{\376\377\000P\000o\000l\000i\000t\000i\000c\000a\000l\000\040\000E\000c\000o\000n\000o\000m\000y\000\040\000a\000s\000\040\000C\000o\000n\000s\000t\000r\000a\000i\000n\000t\000\040\000G\000e\000o\000g\000r\000a\000p\000h\000y}{part.4}% 102
\BOOKMARK [1][]{section.17.1}{\376\377\000P\000r\000o\000d\000u\000c\000t\000i\000o\000n\000\040\000a\000n\000d\000\040\000t\000h\000e\000\040\000G\000r\000o\000u\000n\000d\000i\000n\000g\000\040\000R\000e\000l\000a\000t\000i\000o\000n}{chapter.17}% 103
\BOOKMARK [1][]{section.17.2}{\376\377\000T\000h\000e\000\040\000P\000o\000l\000i\000t\000i\000c\000a\000l\000\040\000E\000c\000o\000n\000o\000m\000y\000\040\000o\000f\000\040\000E\000n\000t\000r\000o\000p\000y}{chapter.17}% 104
\BOOKMARK [1][]{section.17.3}{\376\377\000C\000o\000n\000s\000t\000r\000a\000i\000n\000t\000\040\000G\000r\000a\000d\000i\000e\000n\000t\000s\000\040\000a\000n\000d\000\040\000E\000x\000t\000r\000a\000c\000t\000i\000o\000n\000\040\000F\000i\000e\000l\000d\000s}{chapter.17}% 105
\BOOKMARK [0][]{chapter.18}{\376\377\000A\000u\000g\000m\000e\000n\000t\000e\000d\000\040\000P\000e\000r\000c\000e\000p\000t\000i\000o\000n\000\040\000a\000n\000d\000\040\000t\000h\000e\000\040\000C\000o\000n\000s\000t\000r\000a\000i\000n\000t\000\040\000I\000n\000t\000e\000r\000f\000a\000c\000e}{part.4}% 106
\BOOKMARK [1][]{section.18.1}{\376\377\000T\000h\000e\000\040\000I\000n\000t\000e\000r\000f\000a\000c\000e\000\040\000a\000s\000\040\000B\000o\000t\000t\000l\000e\000n\000e\000c\000k}{chapter.18}% 107
\BOOKMARK [1][]{section.18.2}{\376\377\000T\000h\000e\000\040\000F\000a\000i\000l\000u\000r\000e\000\040\000o\000f\000\040\000E\000a\000r\000l\000y\000\040\000A\000u\000g\000m\000e\000n\000t\000e\000d\000\040\000R\000e\000a\000l\000i\000t\000y}{chapter.18}% 108
\BOOKMARK [1][]{section.18.3}{\376\377\000G\000r\000o\000u\000n\000d\000i\000n\000g\000\040\000i\000n\000\040\000a\000n\000\040\000E\000x\000i\000s\000t\000i\000n\000g\000\040\000C\000o\000n\000s\000t\000r\000a\000i\000n\000t\000:\000\040\000V\000i\000s\000u\000a\000l\000\040\000A\000c\000c\000e\000s\000s\000i\000b\000i\000l\000i\000t\000y}{chapter.18}% 109
\BOOKMARK [1][]{section.18.4}{\376\377\000A\000u\000g\000m\000e\000n\000t\000e\000d\000\040\000P\000e\000r\000c\000e\000p\000t\000i\000o\000n\000\040\000a\000s\000\040\000a\000\040\000L\000i\000v\000e\000\040\000S\000e\000m\000a\000n\000t\000i\000c\000\040\000F\000i\000e\000l\000d}{chapter.18}% 110
\BOOKMARK [1][]{section.18.5}{\376\377\000E\000m\000b\000o\000d\000i\000e\000d\000\040\000T\000r\000a\000j\000e\000c\000t\000o\000r\000i\000e\000s\000\040\000a\000n\000d\000\040\000t\000h\000e\000\040\000R\000e\000a\000c\000q\000u\000i\000s\000i\000t\000i\000o\000n\000\040\000o\000f\000\040\000N\000a\000i\000v\000e\000\040\000P\000h\000y\000s\000i\000c\000s}{chapter.18}% 111
\BOOKMARK [1][]{section.18.6}{\376\377\000B\000o\000d\000y\000\040\000K\000i\000n\000e\000m\000a\000t\000i\000c\000s\000\040\000a\000n\000d\000\040\000S\000e\000l\000f\000-\000M\000o\000d\000e\000l\000i\000n\000g}{chapter.18}% 112
\BOOKMARK [1][]{section.18.7}{\376\377\000C\000o\000n\000t\000i\000n\000u\000o\000u\000s\000\040\000I\000n\000p\000u\000t\000\040\000a\000n\000d\000\040\000t\000h\000e\000\040\000E\000x\000p\000a\000n\000s\000i\000o\000n\000\040\000o\000f\000\040\000t\000h\000e\000\040\000C\000o\000n\000s\000t\000r\000a\000i\000n\000t\000\040\000S\000u\000r\000f\000a\000c\000e}{chapter.18}% 113
\BOOKMARK [1][]{section.18.8}{\376\377\000F\000u\000t\000u\000r\000e\000\040\000D\000i\000r\000e\000c\000t\000i\000o\000n\000s\000:\000\040\000T\000o\000w\000a\000r\000d\000\040\000A\000m\000b\000i\000e\000n\000t\000\040\000C\000o\000m\000p\000u\000t\000a\000t\000i\000o\000n}{chapter.18}% 114
\BOOKMARK [0][]{chapter.19}{\376\377\000C\000o\000n\000t\000r\000a\000g\000r\000a\000d\000e\000\040\000C\000o\000m\000p\000u\000t\000a\000t\000i\000o\000n\000:\000\040\000T\000r\000a\000j\000e\000c\000t\000o\000r\000i\000e\000s\000,\000\040\000D\000i\000s\000c\000r\000e\000t\000e\000\040\000S\000y\000s\000t\000e\000m\000s\000,\000\040\000a\000n\000d\000\040\000E\000q\000u\000i\000v\000a\000l\000e\000n\000c\000e}{part.4}% 115
\BOOKMARK [1][]{section.19.1}{\376\377\000C\000o\000n\000t\000r\000a\000g\000r\000a\000d\000e\000\040\000C\000o\000m\000p\000u\000t\000a\000t\000i\000o\000n\000\040\000D\000e\000f\000i\000n\000e\000d}{chapter.19}% 116
\BOOKMARK [1][]{section.19.2}{\376\377\000L\000o\000c\000a\000l\000\040\000C\000o\000m\000p\000l\000e\000t\000i\000o\000n\000\040\000a\000n\000d\000\040\000C\000o\000m\000m\000i\000t\000\040\000S\000e\000m\000a\000n\000t\000i\000c\000s}{chapter.19}% 117
\BOOKMARK [1][]{section.19.3}{\376\377\000E\000m\000b\000o\000d\000i\000e\000d\000\040\000M\000o\000t\000i\000o\000n\000\040\000a\000s\000\040\000C\000o\000n\000t\000r\000a\000g\000r\000a\000d\000e\000\040\000C\000o\000m\000p\000u\000t\000a\000t\000i\000o\000n}{chapter.19}% 118
\BOOKMARK [1][]{section.19.4}{\376\377\000D\000i\000s\000c\000r\000e\000t\000e\000\040\000C\000o\000n\000t\000r\000a\000g\000r\000a\000d\000e\000\040\000C\000o\000m\000p\000u\000t\000a\000t\000i\000o\000n}{chapter.19}% 119
\BOOKMARK [1][]{section.19.5}{\376\377\000W\000o\000r\000k\000e\000d\000\040\000E\000x\000a\000m\000p\000l\000e\000\040\000I\000:\000\040\000B\000a\000l\000a\000n\000c\000e\000\040\000C\000o\000r\000r\000e\000c\000t\000i\000o\000n\000\040\000a\000s\000\040\000D\000i\000s\000c\000r\000e\000t\000e\000\040\000T\000r\000a\000j\000e\000c\000t\000o\000r\000y}{chapter.19}% 120
\BOOKMARK [1][]{section.19.6}{\376\377\000W\000o\000r\000k\000e\000d\000\040\000E\000x\000a\000m\000p\000l\000e\000\040\000I\000I\000:\000\040\000L\000o\000o\000p\000\040\000O\000b\000s\000t\000r\000u\000c\000t\000i\000o\000n\000\040\000a\000n\000d\000\040\000P\000r\000o\000p\000a\000g\000a\000t\000i\000o\000n}{chapter.19}% 121
\BOOKMARK [1][]{section.19.7}{\376\377\000W\000o\000r\000k\000e\000d\000\040\000E\000x\000a\000m\000p\000l\000e\000\040\000I\000I\000I\000:\000\040\000N\000u\000l\000l\000\040\000C\000o\000n\000v\000e\000n\000t\000i\000o\000n\000\040\000L\000o\000g\000i\000c\000\040\000a\000s\000\040\000S\000h\000e\000a\000f\000\040\000G\000l\000u\000i\000n\000g}{chapter.19}% 122
\BOOKMARK [1][]{section.19.8}{\376\377\000E\000q\000u\000i\000v\000a\000l\000e\000n\000c\000e\000\040\000o\000f\000\040\000t\000h\000e\000\040\000T\000h\000r\000e\000e\000\040\000M\000o\000d\000e\000l\000s}{chapter.19}% 123
\BOOKMARK [1][]{section.19.9}{\376\377\000C\000o\000m\000p\000l\000e\000x\000i\000t\000y\000\040\000a\000s\000\040\000C\000o\000n\000s\000t\000r\000a\000i\000n\000t\000\040\000G\000e\000o\000m\000e\000t\000r\000y}{chapter.19}% 124
\BOOKMARK [1][]{section.19.10}{\376\377\000I\000m\000p\000l\000i\000c\000a\000t\000i\000o\000n\000s\000\040\000f\000o\000r\000\040\000C\000o\000m\000p\000u\000t\000a\000t\000i\000o\000n\000\040\000a\000n\000d\000\040\000I\000n\000t\000e\000r\000f\000a\000c\000e\000\040\000D\000e\000s\000i\000g\000n}{chapter.19}% 125
\BOOKMARK [1][]{section.19.11}{\376\377\000W\000h\000a\000t\000\040\000t\000h\000e\000\040\000F\000r\000a\000m\000e\000w\000o\000r\000k\000\040\000D\000o\000e\000s\000\040\000N\000o\000t\000\040\000Y\000e\000t\000\040\000P\000r\000o\000v\000i\000d\000e}{chapter.19}% 126
\BOOKMARK [1][]{section.19.12}{\376\377\000T\000h\000e\000\040\000R\000e\000s\000e\000a\000r\000c\000h\000\040\000P\000r\000o\000g\000r\000a\000m}{chapter.19}% 127
\BOOKMARK [1][]{section.19.13}{\376\377\000T\000h\000e\000\040\000N\000o\000n\000-\000C\000l\000o\000s\000u\000r\000e\000\040\000T\000h\000e\000o\000r\000e\000m}{chapter.19}% 128
\BOOKMARK [0][]{chapter.20}{\376\377\000C\000o\000n\000c\000l\000u\000s\000i\000o\000n\000:\000\040\000T\000h\000e\000\040\000U\000n\000i\000v\000e\000r\000s\000e\000\040\000a\000s\000\040\000U\000n\000f\000i\000n\000i\000s\000h\000e\000d\000\040\000R\000e\000s\000o\000l\000u\000t\000i\000o\000n}{part.4}% 129
\BOOKMARK [1][]{section.20.1}{\376\377\000T\000h\000e\000\040\000C\000e\000n\000t\000r\000a\000l\000\040\000A\000r\000g\000u\000m\000e\000n\000t}{chapter.20}% 130
\BOOKMARK [1][]{section.20.2}{\376\377\000T\000h\000e\000\040\000F\000i\000n\000a\000l\000\040\000F\000o\000r\000m\000u\000l\000a\000t\000i\000o\000n}{chapter.20}% 131
\BOOKMARK [1][]{section.20.3}{\376\377\000O\000n\000\040\000P\000e\000r\000m\000a\000n\000e\000n\000c\000e\000\040\000a\000n\000d\000\040\000P\000r\000o\000c\000e\000s\000s}{chapter.20}% 132
\BOOKMARK [1][]{section.20.4}{\376\377\000T\000h\000e\000\040\000P\000r\000e\000s\000e\000n\000t\000\040\000a\000s\000\040\000R\000e\000s\000o\000l\000u\000t\000i\000o\000n\000\040\000F\000r\000o\000n\000t}{chapter.20}% 133
\BOOKMARK [1][]{section.20.5}{\376\377\000C\000o\000n\000c\000l\000u\000s\000i\000o\000n}{chapter.20}% 134
\BOOKMARK [0][]{chapter.21}{\376\377\000F\000r\000o\000m\000\040\000A\000s\000s\000e\000m\000b\000l\000e\000d\000\040\000E\000x\000p\000r\000e\000s\000s\000i\000o\000n\000s\000\040\000t\000o\000\040\000D\000e\000r\000i\000v\000e\000d\000\040\000S\000t\000r\000u\000c\000t\000u\000r\000e}{part.4}% 135
\BOOKMARK [1][]{section.21.1}{\376\377\000T\000h\000e\000\040\000P\000r\000o\000b\000l\000e\000m\000\040\000o\000f\000\040\000A\000s\000s\000e\000m\000b\000l\000e\000d\000\040\000F\000o\000r\000m\000a\000l\000i\000s\000m}{chapter.21}% 136
\BOOKMARK [1][]{section.21.2}{\376\377\000M\000a\000s\000s\000\040\000a\000s\000\040\000O\000b\000s\000t\000r\000u\000c\000t\000i\000o\000n\000\040\000F\000l\000o\000w}{chapter.21}% 137
\BOOKMARK [1][]{section.21.3}{\376\377\000O\000b\000s\000e\000r\000v\000a\000b\000l\000e\000\040\000E\000x\000p\000e\000c\000t\000a\000t\000i\000o\000n\000s\000\040\000a\000s\000\040\000E\000n\000t\000r\000o\000p\000y\000\040\000P\000r\000o\000j\000e\000c\000t\000i\000o\000n\000s}{chapter.21}% 138
\BOOKMARK [1][]{section.21.4}{\376\377\000M\000o\000d\000i\000f\000i\000e\000d\000\040\000P\000o\000i\000s\000s\000o\000n\000\040\000E\000q\000u\000a\000t\000i\000o\000n\000\040\000f\000r\000o\000m\000\040\000R\000S\000V\000P}{chapter.21}% 139
\BOOKMARK [1][]{section.21.5}{\376\377\000E\000i\000n\000s\000t\000e\000i\000n\000\040\000E\000q\000u\000a\000t\000i\000o\000n\000\040\000w\000i\000t\000h\000\040\000E\000n\000t\000r\000o\000p\000i\000c\000\040\000S\000o\000u\000r\000c\000e}{chapter.21}% 140
\BOOKMARK [1][]{section.21.6}{\376\377\000I\000n\000f\000o\000r\000m\000a\000t\000i\000o\000n\000\040\000S\000c\000a\000l\000i\000n\000g\000\040\000L\000a\000w}{chapter.21}% 141
\BOOKMARK [1][]{section.21.7}{\376\377\000V\000a\000r\000i\000a\000t\000i\000o\000n\000a\000l\000\040\000C\000l\000o\000s\000u\000r\000e\000\040\000a\000n\000d\000\040\000P\000a\000t\000h\000\040\000I\000n\000t\000e\000g\000r\000a\000l}{chapter.21}% 142
\BOOKMARK [1][]{section.21.8}{\376\377\000C\000o\000n\000c\000l\000u\000s\000i\000o\000n\000:\000\040\000F\000r\000o\000m\000\040\000C\000o\000l\000l\000a\000g\000e\000\040\000t\000o\000\040\000T\000h\000e\000o\000r\000y}{chapter.21}% 143
\BOOKMARK [0][]{chapter.22}{\376\377\000R\000e\000n\000o\000r\000m\000a\000l\000i\000z\000a\000t\000i\000o\000n\000\040\000o\000f\000\040\000E\000n\000t\000r\000o\000p\000i\000c\000\040\000C\000o\000u\000p\000l\000i\000n\000g\000s}{part.4}% 144
\BOOKMARK [1][]{section.22.1}{\376\377\000W\000h\000y\000\040\000R\000e\000n\000o\000r\000m\000a\000l\000i\000z\000a\000t\000i\000o\000n\000\040\000I\000s\000\040\000N\000e\000c\000e\000s\000s\000a\000r\000y}{chapter.22}% 145
\BOOKMARK [1][]{section.22.2}{\376\377\000C\000o\000a\000r\000s\000e\000-\000G\000r\000a\000i\000n\000i\000n\000g\000\040\000o\000f\000\040\000t\000h\000e\000\040\000R\000S\000V\000P\000\040\000F\000i\000e\000l\000d\000s}{chapter.22}% 146
\BOOKMARK [1][]{section.22.3}{\376\377\000B\000e\000t\000a\000\040\000F\000u\000n\000c\000t\000i\000o\000n\000s\000\040\000f\000o\000r\000\040\000E\000n\000t\000r\000o\000p\000i\000c\000\040\000C\000o\000u\000p\000l\000i\000n\000g\000s}{chapter.22}% 147
\BOOKMARK [1][]{section.22.4}{\376\377\000I\000n\000t\000e\000r\000p\000r\000e\000t\000a\000t\000i\000o\000n}{chapter.22}% 148
\BOOKMARK [0][]{chapter.23}{\376\377\000N\000o\000e\000t\000h\000e\000r\000\040\000T\000h\000e\000o\000r\000e\000m\000\040\000f\000o\000r\000\040\000C\000o\000n\000s\000t\000r\000a\000i\000n\000t\000\040\000F\000i\000e\000l\000d\000s}{part.4}% 149
\BOOKMARK [1][]{section.23.1}{\376\377\000S\000y\000m\000m\000e\000t\000r\000y\000\040\000i\000n\000\040\000R\000e\000l\000a\000t\000i\000o\000n\000a\000l\000\040\000S\000y\000s\000t\000e\000m\000s}{chapter.23}% 150
\BOOKMARK [1][]{section.23.2}{\376\377\000C\000o\000n\000s\000e\000r\000v\000e\000d\000\040\000Q\000u\000a\000n\000t\000i\000t\000i\000e\000s}{chapter.23}% 151
\BOOKMARK [1][]{section.23.3}{\376\377\000I\000n\000t\000e\000r\000p\000r\000e\000t\000a\000t\000i\000o\000n}{chapter.23}% 152
\BOOKMARK [0][]{chapter.24}{\376\377\000H\000a\000m\000i\000l\000t\000o\000n\000i\000a\000n\000\040\000S\000t\000r\000u\000c\000t\000u\000r\000e\000\040\000a\000n\000d\000\040\000P\000h\000a\000s\000e\000\040\000S\000p\000a\000c\000e\000\040\000o\000f\000\040\000C\000o\000n\000s\000t\000r\000a\000i\000n\000t\000\040\000F\000i\000e\000l\000d\000s}{part.4}% 153
\BOOKMARK [1][]{section.24.1}{\376\377\000F\000r\000o\000m\000\040\000L\000a\000g\000r\000a\000n\000g\000i\000a\000n\000\040\000t\000o\000\040\000H\000a\000m\000i\000l\000t\000o\000n\000i\000a\000n}{chapter.24}% 154
\BOOKMARK [1][]{section.24.2}{\376\377\000H\000a\000m\000i\000l\000t\000o\000n\000i\000a\000n\000\040\000F\000u\000n\000c\000t\000i\000o\000n\000a\000l}{chapter.24}% 155
\BOOKMARK [1][]{section.24.3}{\376\377\000C\000o\000n\000s\000t\000r\000a\000i\000n\000t\000\040\000S\000t\000r\000u\000c\000t\000u\000r\000e\000\040\000a\000n\000d\000\040\000G\000a\000u\000g\000e\000\040\000F\000i\000x\000i\000n\000g}{chapter.24}% 156
\BOOKMARK [1][]{section.24.4}{\376\377\000S\000y\000m\000p\000l\000e\000c\000t\000i\000c\000\040\000S\000t\000r\000u\000c\000t\000u\000r\000e\000\040\000a\000n\000d\000\040\000E\000n\000t\000r\000o\000p\000y\000\040\000I\000r\000r\000e\000v\000e\000r\000s\000i\000b\000i\000l\000i\000t\000y}{chapter.24}% 157
\BOOKMARK [1][]{section.24.5}{\376\377\000I\000n\000t\000e\000r\000p\000r\000e\000t\000a\000t\000i\000o\000n}{chapter.24}% 158
\BOOKMARK [0][]{chapter.25}{\376\377\000Q\000u\000a\000n\000t\000i\000z\000a\000t\000i\000o\000n\000\040\000o\000f\000\040\000C\000o\000n\000s\000t\000r\000a\000i\000n\000t\000\040\000F\000i\000e\000l\000d\000s}{part.4}% 159
\BOOKMARK [1][]{section.25.1}{\376\377\000M\000o\000t\000i\000v\000a\000t\000i\000o\000n\000\040\000a\000n\000d\000\040\000M\000e\000t\000h\000o\000d}{chapter.25}% 160
\BOOKMARK [1][]{section.25.2}{\376\377\000P\000h\000y\000s\000i\000c\000a\000l\000\040\000S\000t\000a\000t\000e\000\040\000S\000p\000a\000c\000e\000\040\000a\000n\000d\000\040\000Q\000u\000a\000n\000t\000u\000m\000\040\000C\000o\000n\000s\000t\000r\000a\000i\000n\000t\000s}{chapter.25}% 161
\BOOKMARK [1][]{section.25.3}{\376\377\000P\000a\000t\000h\000\040\000I\000n\000t\000e\000g\000r\000a\000l\000\040\000F\000o\000r\000m\000u\000l\000a\000t\000i\000o\000n}{chapter.25}% 162
\BOOKMARK [1][]{section.25.4}{\376\377\000D\000e\000n\000s\000i\000t\000y\000\040\000O\000p\000e\000r\000a\000t\000o\000r\000s\000\040\000a\000n\000d\000\040\000Q\000u\000a\000n\000t\000u\000m\000\040\000O\000b\000s\000e\000r\000v\000a\000b\000l\000e\000s}{chapter.25}% 163
\BOOKMARK [1][]{section.25.5}{\376\377\000E\000f\000f\000e\000c\000t\000i\000v\000e\000\040\000A\000c\000t\000i\000o\000n\000\040\000S\000t\000r\000u\000c\000t\000u\000r\000e}{chapter.25}% 164
\BOOKMARK [0][]{chapter.26}{\376\377\000E\000m\000e\000r\000g\000e\000n\000c\000e\000\040\000o\000f\000\040\000C\000l\000a\000s\000s\000i\000c\000a\000l\000\040\000S\000p\000a\000c\000e\000t\000i\000m\000e\000\040\000f\000r\000o\000m\000\040\000E\000n\000t\000r\000o\000p\000i\000c\000\040\000C\000o\000n\000s\000t\000r\000a\000i\000n\000t\000\040\000F\000i\000e\000l\000d\000s}{part.4}% 165
\BOOKMARK [1][]{section.26.1}{\376\377\000T\000h\000e\000\040\000Q\000u\000e\000s\000t\000i\000o\000n\000\040\000o\000f\000\040\000S\000p\000a\000c\000e\000t\000i\000m\000e\000\040\000E\000m\000e\000r\000g\000e\000n\000c\000e}{chapter.26}% 166
\BOOKMARK [1][]{section.26.2}{\376\377\000C\000l\000a\000s\000s\000i\000c\000a\000l\000\040\000L\000i\000m\000i\000t\000\040\000a\000n\000d\000\040\000E\000m\000e\000r\000g\000e\000n\000t\000\040\000E\000i\000n\000s\000t\000e\000i\000n\000\040\000E\000q\000u\000a\000t\000i\000o\000n\000s}{chapter.26}% 167
\BOOKMARK [1][]{section.26.3}{\376\377\000T\000i\000m\000e\000\040\000a\000s\000\040\000R\000e\000s\000o\000l\000u\000t\000i\000o\000n\000\040\000F\000l\000o\000w}{chapter.26}% 168
\BOOKMARK [1][]{section.26.4}{\376\377\000S\000p\000a\000t\000i\000a\000l\000\040\000S\000t\000r\000u\000c\000t\000u\000r\000e\000\040\000a\000s\000\040\000C\000o\000n\000s\000t\000r\000a\000i\000n\000t\000\040\000C\000o\000m\000p\000a\000t\000i\000b\000i\000l\000i\000t\000y}{chapter.26}% 169
\BOOKMARK [1][]{section.26.5}{\376\377\000C\000o\000s\000m\000o\000l\000o\000g\000i\000c\000a\000l\000\040\000I\000n\000t\000e\000r\000p\000r\000e\000t\000a\000t\000i\000o\000n}{chapter.26}% 170
\BOOKMARK [0][]{chapter.27}{\376\377\000O\000b\000s\000e\000r\000v\000a\000t\000i\000o\000n\000a\000l\000\040\000S\000i\000g\000n\000a\000t\000u\000r\000e\000s\000\040\000a\000n\000d\000\040\000F\000a\000l\000s\000i\000f\000i\000a\000b\000l\000e\000\040\000P\000r\000e\000d\000i\000c\000t\000i\000o\000n\000s}{part.4}% 171
\BOOKMARK [1][]{section.27.1}{\376\377\000F\000r\000o\000m\000\040\000F\000o\000r\000m\000a\000l\000i\000s\000m\000\040\000t\000o\000\040\000T\000e\000s\000t\000a\000b\000i\000l\000i\000t\000y}{chapter.27}% 172
\BOOKMARK [1][]{section.27.2}{\376\377\000B\000a\000s\000e\000l\000i\000n\000e\000:\000\040\000C\000D\000M\000\040\000E\000x\000p\000e\000c\000t\000a\000t\000i\000o\000n\000s}{chapter.27}% 173
\BOOKMARK [1][]{section.27.3}{\376\377\000P\000r\000e\000d\000i\000c\000t\000i\000o\000n\000\040\000I\000:\000\040\000M\000o\000d\000i\000f\000i\000e\000d\000\040\000R\000e\000d\000s\000h\000i\000f\000t\040\023\000D\000i\000s\000t\000a\000n\000c\000e\000\040\000R\000e\000l\000a\000t\000i\000o\000n}{chapter.27}% 174
\BOOKMARK [1][]{section.27.4}{\376\377\000P\000r\000e\000d\000i\000c\000t\000i\000o\000n\000\040\000I\000I\000:\000\040\000D\000i\000r\000e\000c\000t\000i\000o\000n\000a\000l\000\040\000V\000a\000r\000i\000a\000t\000i\000o\000n\000\040\000i\000n\000\040\000I\000n\000f\000e\000r\000r\000e\000d\000\040\000E\000x\000p\000a\000n\000s\000i\000o\000n\000\040\000R\000a\000t\000e}{chapter.27}% 175
\BOOKMARK [1][]{section.27.5}{\376\377\000P\000r\000e\000d\000i\000c\000t\000i\000o\000n\000\040\000I\000I\000I\000:\000\040\000S\000t\000r\000u\000c\000t\000u\000r\000e\000\040\000F\000o\000r\000m\000a\000t\000i\000o\000n\000\040\000W\000i\000t\000h\000o\000u\000t\000\040\000D\000a\000r\000k\000\040\000M\000a\000t\000t\000e\000r}{chapter.27}% 176
\BOOKMARK [1][]{section.27.6}{\376\377\000P\000r\000e\000d\000i\000c\000t\000i\000o\000n\000\040\000I\000V\000:\000\040\000L\000e\000n\000s\000i\000n\000g\000\040\000A\000n\000o\000m\000a\000l\000i\000e\000s\000\040\000C\000o\000r\000r\000e\000l\000a\000t\000e\000d\000\040\000w\000i\000t\000h\000\040\000E\000n\000t\000r\000o\000p\000y}{chapter.27}% 177
\BOOKMARK [1][]{section.27.7}{\376\377\000P\000r\000e\000d\000i\000c\000t\000i\000o\000n\000\040\000V\000:\000\040\000T\000i\000m\000e\000\040\000V\000a\000r\000i\000a\000t\000i\000o\000n\000\040\000o\000f\000\040\000E\000f\000f\000e\000c\000t\000i\000v\000e\000\040\000C\000o\000n\000s\000t\000a\000n\000t\000s}{chapter.27}% 178
\BOOKMARK [1][]{section.27.8}{\376\377\000C\000o\000m\000p\000a\000r\000i\000s\000o\000n\000\040\000w\000i\000t\000h\000\040\000C\000D\000M}{chapter.27}% 179
\BOOKMARK [1][]{section.27.9}{\376\377\000F\000a\000l\000s\000i\000f\000i\000a\000b\000i\000l\000i\000t\000y\000\040\000C\000o\000n\000d\000i\000t\000i\000o\000n\000s}{chapter.27}% 180
\BOOKMARK [1][]{section.27.10}{\376\377\000E\000x\000p\000e\000r\000i\000m\000e\000n\000t\000a\000l\000\040\000P\000a\000t\000h\000w\000a\000y\000s}{chapter.27}% 181
\BOOKMARK [1][]{section.27.11}{\376\377\000C\000o\000n\000c\000l\000u\000s\000i\000o\000n}{chapter.27}% 182
\BOOKMARK [0][]{chapter.28}{\376\377\000V\000a\000r\000i\000a\000t\000i\000o\000n\000a\000l\000\040\000F\000o\000u\000n\000d\000a\000t\000i\000o\000n\000s\000\040\000a\000n\000d\000\040\000R\000e\000l\000a\000t\000i\000o\000n\000a\000l\000\040\000R\000e\000f\000o\000r\000m\000u\000l\000a\000t\000i\000o\000n}{part.4}% 183
\BOOKMARK [1][]{section.28.1}{\376\377\000V\000a\000r\000i\000a\000t\000i\000o\000n\000a\000l\000\040\000S\000t\000r\000u\000c\000t\000u\000r\000e\000:\000\040\000E\000n\000e\000r\000g\000y\000\040\000a\000s\000\040\000R\000e\000g\000u\000l\000a\000r\000i\000z\000e\000d\000\040\000C\000o\000m\000p\000a\000t\000i\000b\000i\000l\000i\000t\000y}{chapter.28}% 184
\BOOKMARK [2][]{subsection.28.1.1}{\376\377\000T\000h\000e\000\040\000A\000c\000t\000i\000o\000n\000\040\000F\000u\000n\000c\000t\000i\000o\000n\000a\000l}{section.28.1}% 185
\BOOKMARK [2][]{subsection.28.1.2}{\376\377\000S\000t\000r\000u\000c\000t\000u\000r\000a\000l\000\040\000E\000q\000u\000i\000v\000a\000l\000e\000n\000c\000e\000\040\000w\000i\000t\000h\000\040\000K\000n\000o\000w\000n\000\040\000T\000h\000e\000o\000r\000i\000e\000s}{section.28.1}% 186
\BOOKMARK [2][]{subsection.28.1.3}{\376\377\000T\000h\000e\000\040\000E\000q\000u\000a\000t\000i\000o\000n\000\040\000o\000f\000\040\000M\000o\000t\000i\000o\000n}{section.28.1}% 187
\BOOKMARK [2][]{subsection.28.1.4}{\376\377\000E\000n\000e\000r\000g\000y\000\040\000D\000e\000n\000s\000i\000t\000y\000\040\000a\000n\000d\000\040\000P\000r\000o\000p\000o\000s\000i\000t\000i\000o\000n}{section.28.1}% 188
\BOOKMARK [2][]{subsection.28.1.5}{\376\377\000I\000n\000f\000o\000r\000m\000a\000t\000i\000o\000n\000-\000T\000h\000e\000o\000r\000e\000t\000i\000c\000\040\000R\000e\000f\000i\000n\000e\000m\000e\000n\000t}{section.28.1}% 189
\BOOKMARK [2][]{subsection.28.1.6}{\376\377\000C\000o\000n\000n\000e\000c\000t\000i\000o\000n\000\040\000t\000o\000\040\000R\000S\000V\000P}{section.28.1}% 190
\BOOKMARK [1][]{section.28.2}{\376\377\000R\000e\000l\000a\000t\000i\000o\000n\000a\000l\000\040\000R\000e\000f\000o\000r\000m\000u\000l\000a\000t\000i\000o\000n\000:\000\040\000E\000n\000e\000r\000g\000y\000\040\000a\000s\000\040\000F\000a\000i\000l\000u\000r\000e\000\040\000o\000f\000\040\000C\000l\000o\000s\000u\000r\000e}{chapter.28}% 191
\BOOKMARK [2][]{subsection.28.2.1}{\376\377\000F\000r\000o\000m\000\040\000V\000a\000l\000u\000e\000s\000\040\000t\000o\000\040\000R\000e\000l\000a\000t\000i\000o\000n\000s}{section.28.2}% 192
\BOOKMARK [2][]{subsection.28.2.2}{\376\377\000C\000l\000o\000s\000u\000r\000e\000\040\000a\000n\000d\000\040\000I\000t\000s\000\040\000F\000a\000i\000l\000u\000r\000e}{section.28.2}% 193
\BOOKMARK [2][]{subsection.28.2.3}{\376\377\000C\000o\000n\000t\000i\000n\000u\000u\000m\000\040\000L\000i\000m\000i\000t\000\040\000a\000n\000d\000\040\000C\000u\000r\000v\000a\000t\000u\000r\000e}{section.28.2}% 194
\BOOKMARK [2][]{subsection.28.2.4}{\376\377\000S\000c\000a\000l\000a\000r\000\040\000F\000i\000e\000l\000d\000\040\000E\000n\000e\000r\000g\000y\000\040\000a\000s\000\040\000S\000p\000e\000c\000i\000a\000l\000\040\000C\000a\000s\000e}{section.28.2}% 195
\BOOKMARK [1][]{section.28.3}{\376\377\000I\000n\000f\000o\000r\000m\000a\000t\000i\000o\000n\000-\000T\000h\000e\000o\000r\000e\000t\000i\000c\000\040\000F\000o\000u\000n\000d\000a\000t\000i\000o\000n\000:\000\040\000E\000n\000e\000r\000g\000y\000\040\000a\000s\000\040\000D\000i\000v\000e\000r\000g\000e\000n\000c\000e\000\040\000f\000r\000o\000m\000\040\000C\000o\000n\000s\000i\000s\000t\000e\000n\000c\000y}{chapter.28}% 196
\BOOKMARK [2][]{subsection.28.3.1}{\376\377\000R\000e\000l\000a\000t\000i\000o\000n\000a\000l\000\040\000C\000o\000n\000s\000i\000s\000t\000e\000n\000c\000y\000\040\000a\000s\000\040\000D\000i\000s\000t\000r\000i\000b\000u\000t\000i\000o\000n\000a\000l\000\040\000A\000g\000r\000e\000e\000m\000e\000n\000t}{section.28.3}% 197
\BOOKMARK [2][]{subsection.28.3.2}{\376\377\000T\000h\000e\000\040\000Q\000u\000a\000d\000r\000a\000t\000i\000c\000\040\000L\000i\000m\000i\000t\000\040\000a\000n\000d\000\040\000F\000i\000s\000h\000e\000r\000\040\000G\000e\000o\000m\000e\000t\000r\000y}{section.28.3}% 198
\BOOKMARK [2][]{subsection.28.3.3}{\376\377\000F\000r\000e\000e\000\040\000E\000n\000e\000r\000g\000y\000\040\000F\000u\000n\000c\000t\000i\000o\000n\000a\000l\000\040\000a\000n\000d\000\040\000V\000a\000r\000i\000a\000t\000i\000o\000n\000a\000l\000\040\000D\000y\000n\000a\000m\000i\000c\000s}{section.28.3}% 199
\BOOKMARK [1][]{section.28.4}{\376\377\000S\000h\000e\000a\000f\000-\000T\000h\000e\000o\000r\000e\000t\000i\000c\000\040\000U\000n\000i\000f\000i\000c\000a\000t\000i\000o\000n\000:\000\040\000O\000b\000s\000t\000r\000u\000c\000t\000i\000o\000n\000\040\000a\000s\000\040\000C\000o\000h\000o\000m\000o\000l\000o\000g\000y}{chapter.28}% 200
\BOOKMARK [2][]{subsection.28.4.1}{\376\377\000F\000r\000o\000m\000\040\000L\000o\000c\000a\000l\000\040\000C\000o\000n\000s\000i\000s\000t\000e\000n\000c\000y\000\040\000t\000o\000\040\000G\000l\000o\000b\000a\000l\000\040\000S\000t\000r\000u\000c\000t\000u\000r\000e}{section.28.4}% 201
\BOOKMARK [2][]{subsection.28.4.2}{\376\377\000I\000n\000f\000o\000r\000m\000a\000t\000i\000o\000n\000-\000T\000h\000e\000o\000r\000e\000t\000i\000c\000\040\000L\000i\000f\000t}{section.28.4}% 202
\BOOKMARK [2][]{subsection.28.4.3}{\376\377\000D\000y\000n\000a\000m\000i\000c\000s\000\040\000a\000s\000\040\000C\000o\000h\000o\000m\000o\000l\000o\000g\000y\000\040\000F\000l\000o\000w}{section.28.4}% 203
\BOOKMARK [0][]{chapter.29}{\376\377\000E\000m\000e\000r\000g\000e\000n\000c\000e\000\040\000o\000f\000\040\000S\000p\000a\000c\000e\000t\000i\000m\000e\000,\000\040\000D\000y\000n\000a\000m\000i\000c\000s\000,\000\040\000a\000n\000d\000\040\000F\000u\000l\000l\000\040\000U\000n\000i\000f\000i\000c\000a\000t\000i\000o\000n}{part.4}% 204
\BOOKMARK [1][]{section.29.1}{\376\377\000E\000m\000e\000r\000g\000e\000n\000c\000e\000\040\000o\000f\000\040\000S\000p\000a\000c\000e\000t\000i\000m\000e\000\040\000a\000n\000d\000\040\000D\000i\000m\000e\000n\000s\000i\000o\000n\000a\000l\000\040\000C\000o\000n\000s\000t\000r\000a\000i\000n\000t}{chapter.29}% 205
\BOOKMARK [2][]{subsection.29.1.1}{\376\377\000P\000r\000e\000-\000G\000e\000o\000m\000e\000t\000r\000i\000c\000\040\000S\000t\000a\000r\000t\000i\000n\000g\000\040\000P\000o\000i\000n\000t}{section.29.1}% 206
\BOOKMARK [2][]{subsection.29.1.2}{\376\377\000D\000i\000m\000e\000n\000s\000i\000o\000n\000\040\000a\000s\000\040\000C\000o\000m\000p\000o\000s\000i\000t\000i\000o\000n\000a\000l\000\040\000R\000a\000n\000k}{section.29.1}% 207
\BOOKMARK [2][]{subsection.29.1.3}{\376\377\000E\000m\000e\000r\000g\000e\000n\000t\000\040\000M\000e\000t\000r\000i\000c\000\040\000a\000n\000d\000\040\000C\000a\000u\000s\000a\000l\000\040\000S\000t\000r\000u\000c\000t\000u\000r\000e}{section.29.1}% 208
\BOOKMARK [1][]{section.29.2}{\376\377\000D\000y\000n\000a\000m\000i\000c\000s\000\040\000a\000s\000\040\000C\000o\000n\000s\000t\000r\000a\000i\000n\000t\000\040\000F\000l\000o\000w\000:\000\040\000W\000a\000v\000e\000,\000\040\000D\000i\000f\000f\000u\000s\000i\000o\000n\000,\000\040\000a\000n\000d\000\040\000R\000S\000V\000P\000\040\000E\000q\000u\000a\000t\000i\000o\000n\000s}{chapter.29}% 209
\BOOKMARK [2][]{subsection.29.2.1}{\376\377\000F\000r\000o\000m\000\040\000S\000t\000a\000t\000i\000c\000\040\000O\000b\000s\000t\000r\000u\000c\000t\000i\000o\000n\000\040\000t\000o\000\040\000E\000v\000o\000l\000u\000t\000i\000o\000n}{section.29.2}% 210
\BOOKMARK [2][]{subsection.29.2.2}{\376\377\000H\000y\000p\000e\000r\000b\000o\000l\000i\000c\000,\000\040\000P\000a\000r\000a\000b\000o\000l\000i\000c\000,\000\040\000a\000n\000d\000\040\000N\000o\000n\000l\000i\000n\000e\000a\000r\000\040\000R\000e\000g\000i\000m\000e\000s}{section.29.2}% 211
\BOOKMARK [2][]{subsection.29.2.3}{\376\377\000R\000S\000V\000P\000\040\000a\000s\000\040\000C\000o\000a\000r\000s\000e\000-\000G\000r\000a\000i\000n\000e\000d\000\040\000O\000b\000s\000t\000r\000u\000c\000t\000i\000o\000n\000\040\000D\000y\000n\000a\000m\000i\000c\000s}{section.29.2}% 212
\BOOKMARK [1][]{section.29.3}{\376\377\000F\000u\000l\000l\000\040\000U\000n\000i\000f\000i\000c\000a\000t\000i\000o\000n\000:\000\040\000F\000r\000o\000m\000\040\000R\000e\000l\000a\000t\000i\000o\000n\000a\000l\000\040\000A\000l\000g\000e\000b\000r\000a\000\040\000t\000o\000\040\000P\000h\000y\000s\000i\000c\000a\000l\000\040\000L\000a\000w\000s}{chapter.29}% 213
\BOOKMARK [2][]{subsection.29.3.1}{\376\377\000T\000h\000e\000\040\000U\000n\000i\000f\000y\000i\000n\000g\000\040\000O\000b\000j\000e\000c\000t\000i\000v\000e}{section.29.3}% 214
\BOOKMARK [2][]{subsection.29.3.2}{\376\377\000P\000r\000i\000m\000i\000t\000i\000v\000e\000\040\000L\000a\000y\000e\000r\000\040\000a\000n\000d\000\040\000D\000e\000r\000i\000v\000e\000d\000\040\000Q\000u\000a\000n\000t\000i\000t\000i\000e\000s}{section.29.3}% 215
\BOOKMARK [2][]{subsection.29.3.3}{\376\377\000R\000e\000c\000o\000v\000e\000r\000y\000\040\000o\000f\000\040\000G\000a\000u\000g\000e\000\040\000T\000h\000e\000o\000r\000y\000,\000\040\000G\000e\000n\000e\000r\000a\000l\000\040\000R\000e\000l\000a\000t\000i\000v\000i\000t\000y\000,\000\040\000a\000n\000d\000\040\000T\000h\000e\000r\000m\000o\000d\000y\000n\000a\000m\000i\000c\000s}{section.29.3}% 216
\BOOKMARK [2][]{subsection.29.3.4}{\376\377\000M\000a\000s\000s\000\040\000a\000s\000\040\000L\000o\000c\000a\000l\000i\000z\000e\000d\000\040\000P\000e\000r\000s\000i\000s\000t\000e\000n\000t\000\040\000O\000b\000s\000t\000r\000u\000c\000t\000i\000o\000n}{section.29.3}% 217
\BOOKMARK [2][]{subsection.29.3.5}{\376\377\000T\000h\000e\000\040\000C\000e\000n\000t\000r\000a\000l\000\040\000I\000d\000e\000n\000t\000i\000t\000y}{section.29.3}% 218
\BOOKMARK [1][]{section.29.4}{\376\377\000P\000r\000e\000d\000i\000c\000t\000i\000o\000n\000s\000,\000\040\000T\000e\000s\000t\000a\000b\000l\000e\000\040\000C\000o\000n\000s\000e\000q\000u\000e\000n\000c\000e\000s\000,\000\040\000a\000n\000d\000\040\000F\000a\000i\000l\000u\000r\000e\000\040\000M\000o\000d\000e\000s}{chapter.29}% 219
\BOOKMARK [2][]{subsection.29.4.1}{\376\377\000F\000r\000o\000m\000\040\000F\000r\000a\000m\000e\000w\000o\000r\000k\000\040\000t\000o\000\040\000E\000m\000p\000i\000r\000i\000c\000a\000l\000\040\000C\000o\000n\000t\000e\000n\000t}{section.29.4}% 220
\BOOKMARK [2][]{subsection.29.4.2}{\376\377\000S\000e\000v\000e\000n\000\040\000P\000r\000e\000d\000i\000c\000t\000i\000o\000n\000s}{section.29.4}% 221
\BOOKMARK [2][]{subsection.29.4.3}{\376\377\000F\000a\000i\000l\000u\000r\000e\000\040\000M\000o\000d\000e\000s}{section.29.4}% 222
\BOOKMARK [2][]{subsection.29.4.4}{\376\377\000F\000a\000l\000s\000i\000f\000i\000a\000b\000i\000l\000i\000t\000y\000\040\000C\000r\000i\000t\000e\000r\000i\000a}{section.29.4}% 223
\BOOKMARK [0][]{chapter*.2}{\376\377\000M\000a\000t\000h\000e\000m\000a\000t\000i\000c\000a\000l\000\040\000A\000p\000p\000e\000n\000d\000i\000x}{part.4}% 224
