\BOOKMARK [-1][-]{part.1}{\376\377\000I\000\040\000A\000n\000c\000i\000e\000n\000t\000\040\000R\000o\000o\000t\000s\000\040\000o\000f\000\040\000I\000n\000t\000e\000r\000p\000r\000e\000t\000a\000t\000i\000o\000n}{}% 1
\BOOKMARK [0][-]{chapter.1}{\376\377\000J\000o\000b\000\040\0003\0001\000:\0003\0003\000\040\000a\000n\000d\000\040\000t\000h\000e\000\040\000F\000i\000r\000s\000t\000\040\000W\000r\000i\000t\000t\000e\000n\000\040\000V\000e\000r\000s\000e}{part.1}% 2
\BOOKMARK [1][-]{section.1.1}{\376\377\000D\000u\000a\000l\000\040\000R\000e\000a\000d\000i\000n\000g\000:\000\040\000E\000x\000c\000r\000e\000m\000e\000n\000t\000\040\000a\000n\000d\000\040\000M\000e\000a\000n\000i\000n\000g}{chapter.1}% 3
\BOOKMARK [1][-]{section.1.2}{\376\377\000S\000c\000a\000r\000c\000i\000t\000y\000\040\000a\000n\000d\000\040\000S\000e\000l\000e\000c\000t\000i\000v\000e\000\040\000A\000t\000t\000e\000n\000t\000i\000o\000n}{chapter.1}% 4
\BOOKMARK [1][-]{section.1.3}{\376\377\000C\000o\000n\000c\000e\000a\000l\000m\000e\000n\000t\000\040\000a\000s\000\040\000t\000h\000e\000\040\000O\000r\000i\000g\000i\000n\000\040\000o\000f\000\040\000V\000i\000e\000w\000p\000o\000i\000n\000t\000\040\000D\000i\000v\000e\000r\000s\000i\000t\000y}{chapter.1}% 5
\BOOKMARK [1][-]{section.1.4}{\376\377\000R\000S\000V\000P\000\040\000C\000o\000n\000n\000e\000c\000t\000i\000o\000n\000s}{chapter.1}% 6
\BOOKMARK [1][-]{section.1.5}{\376\377\000I\000m\000p\000l\000i\000c\000a\000t\000i\000o\000n\000s}{chapter.1}% 7
\BOOKMARK [0][-]{chapter.2}{\376\377\000E\000c\000c\000l\000e\000s\000i\000a\000s\000t\000e\000s\000\040\0001\0001\000:\0006\000\040\000a\000n\000d\000\040\000t\000h\000e\000\040\000P\000r\000i\000n\000c\000i\000p\000l\000e\000\040\000o\000f\000\040\000S\000c\000a\000t\000t\000e\000r\000i\000n\000g}{part.1}% 8
\BOOKMARK [1][-]{section.2.1}{\376\377\000P\000h\000i\000l\000o\000l\000o\000g\000i\000c\000a\000l\000\040\000N\000o\000t\000e}{chapter.2}% 9
\BOOKMARK [1][-]{section.2.2}{\376\377\000S\000c\000a\000t\000t\000e\000r\000i\000n\000g\000\040\000a\000s\000\040\000D\000i\000s\000t\000r\000i\000b\000u\000t\000e\000d\000\040\000A\000t\000t\000e\000n\000t\000i\000o\000n}{chapter.2}% 10
\BOOKMARK [1][-]{section.2.3}{\376\377\000S\000c\000a\000t\000t\000e\000r\000i\000n\000g\000\040\000i\000n\000\040\000E\000v\000o\000l\000u\000t\000i\000o\000n\000a\000r\000y\000\040\000a\000n\000d\000\040\000C\000o\000g\000n\000i\000t\000i\000v\000e\000\040\000C\000o\000n\000t\000e\000x\000t\000s}{chapter.2}% 11
\BOOKMARK [1][-]{section.2.4}{\376\377\000R\000S\000V\000P\000\040\000F\000o\000r\000m\000a\000l\000i\000z\000a\000t\000i\000o\000n}{chapter.2}% 12
\BOOKMARK [1][-]{section.2.5}{\376\377\000D\000i\000a\000l\000e\000c\000t\000i\000c\000\040\000o\000f\000\040\000C\000o\000n\000c\000e\000a\000l\000m\000e\000n\000t\000\040\000a\000n\000d\000\040\000S\000c\000a\000t\000t\000e\000r\000i\000n\000g}{chapter.2}% 13
\BOOKMARK [1][-]{section.2.6}{\376\377\000I\000m\000p\000l\000i\000c\000a\000t\000i\000o\000n\000s}{chapter.2}% 14
\BOOKMARK [0][-]{chapter.3}{\376\377\000T\000h\000e\000\040\000S\000e\000v\000e\000n\000\040\000M\000e\000a\000n\000i\000n\000g\000s\000\040\000o\000f\000\040\000I\000q\000r\000a\002\276}{part.1}% 15
\BOOKMARK [1][-]{section.3.1}{\376\377\000P\000h\000i\000l\000o\000l\000o\000g\000i\000c\000a\000l\000\040\000E\000n\000u\000m\000e\000r\000a\000t\000i\000o\000n\000\040\000o\000f\000\040\000t\000h\000e\000\040\000S\000e\000v\000e\000n\000\040\000M\000e\000a\000n\000i\000n\000g\000s}{chapter.3}% 16
\BOOKMARK [1][-]{section.3.2}{\376\377\000P\000o\000e\000t\000i\000c\000\040\000R\000e\000n\000d\000e\000r\000i\000n\000g}{chapter.3}% 17
\BOOKMARK [1][-]{section.3.3}{\376\377\000C\000o\000g\000n\000i\000t\000i\000v\000e\000\040\000a\000n\000d\000\040\000C\000o\000m\000p\000u\000t\000a\000t\000i\000o\000n\000a\000l\000\040\000M\000a\000p\000p\000i\000n\000g}{chapter.3}% 18
\BOOKMARK [1][-]{section.3.4}{\376\377\000C\000r\000o\000s\000s\000-\000C\000u\000l\000t\000u\000r\000a\000l\000\040\000P\000a\000r\000a\000l\000l\000e\000l\000s}{chapter.3}% 19
\BOOKMARK [1][-]{section.3.5}{\376\377\000R\000S\000V\000P\000\040\000I\000n\000t\000e\000g\000r\000a\000t\000i\000o\000n}{chapter.3}% 20
\BOOKMARK [0][-]{chapter.4}{\376\377\000J\000o\000s\000e\000p\000h\000,\000\040\000S\000a\000m\000s\000o\000n\000,\000\040\000a\000n\000d\000\040\000E\000s\000c\000a\000p\000e\000\040\000b\000y\000\040\000S\000h\000e\000d\000d\000i\000n\000g\000\040\000I\000d\000e\000n\000t\000i\000t\000y}{part.1}% 21
\BOOKMARK [1][-]{section.4.1}{\376\377\000N\000a\000r\000r\000a\000t\000i\000v\000e\000\040\000P\000a\000r\000a\000l\000l\000e\000l\000s}{chapter.4}% 22
\BOOKMARK [1][-]{section.4.2}{\376\377\000F\000o\000r\000m\000a\000l\000i\000z\000a\000t\000i\000o\000n\000\040\000v\000i\000a\000\040\000I\000n\000f\000o\000r\000m\000a\000t\000i\000o\000n\000\040\000T\000h\000e\000o\000r\000y}{chapter.4}% 23
\BOOKMARK [1][-]{section.4.3}{\376\377\000E\000v\000o\000l\000u\000t\000i\000o\000n\000a\000r\000y\000\040\000a\000n\000d\000\040\000C\000o\000g\000n\000i\000t\000i\000v\000e\000\040\000P\000e\000r\000s\000p\000e\000c\000t\000i\000v\000e\000s}{chapter.4}% 24
\BOOKMARK [1][-]{section.4.4}{\376\377\000V\000i\000e\000w\000p\000o\000i\000n\000t\000\040\000D\000i\000v\000e\000r\000s\000i\000t\000y\000\040\000a\000s\000\040\000S\000u\000r\000v\000i\000v\000a\000l}{chapter.4}% 25
\BOOKMARK [1][-]{section.4.5}{\376\377\000R\000S\000V\000P\000\040\000F\000o\000r\000m\000a\000l\000i\000z\000a\000t\000i\000o\000n\000:\000\040\000P\000D\000E\000\040\000a\000n\000d\000\040\000C\000o\000n\000t\000r\000o\000l\000\040\000A\000n\000a\000l\000o\000g\000i\000e\000s\000\040\000o\000f\000\040\000I\000d\000e\000n\000t\000i\000t\000y\000\040\000S\000h\000e\000d\000d\000i\000n\000g}{chapter.4}% 26
\BOOKMARK [2][-]{subsection.4.5.1}{\376\377\000S\000t\000a\000t\000e\000\040\000F\000i\000e\000l\000d\000s\000\040\000a\000n\000d\000\040\000C\000o\000u\000p\000l\000i\000n\000g\000s}{section.4.5}% 27
\BOOKMARK [2][-]{subsection.4.5.2}{\376\377\000M\000a\000r\000k\000e\000r\000\040\000T\000r\000a\000n\000s\000p\000o\000r\000t\000\040\000a\000n\000d\000\040\000S\000h\000e\000d\000d\000i\000n\000g}{section.4.5}% 28
\BOOKMARK [2][-]{subsection.4.5.3}{\376\377\000M\000u\000t\000u\000a\000l\000\040\000I\000n\000f\000o\000r\000m\000a\000t\000i\000o\000n\000\040\000P\000r\000o\000x\000y\000\040\000a\000n\000d\000\040\000D\000e\000c\000o\000u\000p\000l\000i\000n\000g}{section.4.5}% 29
\BOOKMARK [2][-]{subsection.4.5.4}{\376\377\000D\000i\000v\000e\000r\000g\000e\000n\000c\000e\000\040\000C\000o\000n\000s\000t\000r\000a\000i\000n\000t\000s\000\040\000a\000n\000d\000\040\000E\000s\000c\000a\000p\000e\000\040\000C\000h\000a\000n\000n\000e\000l\000s}{section.4.5}% 30
\BOOKMARK [2][-]{subsection.4.5.5}{\376\377\000O\000p\000t\000i\000m\000a\000l\000\040\000C\000o\000n\000t\000r\000o\000l\000\040\000P\000r\000o\000b\000l\000e\000m\000\040\000\050\000E\000s\000c\000a\000p\000e\000-\000b\000y\000-\000D\000i\000v\000e\000s\000t\000m\000e\000n\000t\000\051}{section.4.5}% 31
\BOOKMARK [2][-]{subsection.4.5.6}{\376\377\000S\000t\000a\000t\000i\000o\000n\000a\000r\000i\000t\000y\000\040\000a\000n\000d\000\040\000S\000h\000e\000d\000d\000i\000n\000g\000\040\000I\000m\000p\000u\000l\000s\000e}{section.4.5}% 32
\BOOKMARK [2][-]{subsection.4.5.7}{\376\377\000E\000n\000t\000r\000o\000p\000y\040\023\000I\000n\000f\000o\000r\000m\000a\000t\000i\000o\000n\000\040\000T\000r\000a\000d\000e\000-\000o\000f\000f}{section.4.5}% 33
\BOOKMARK [2][-]{subsection.4.5.8}{\376\377\000C\000a\000n\000o\000n\000i\000c\000a\000l\000\040\040\034\000J\000o\000s\000e\000p\000h\040\023\000S\000a\000m\000s\000o\000n\040\023\000G\000e\000t\000h\000s\000e\000m\000a\000n\000e\040\035\000\040\000P\000r\000o\000f\000i\000l\000e\000s}{section.4.5}% 34
\BOOKMARK [2][-]{subsection.4.5.9}{\376\377\000P\000r\000o\000p\000o\000s\000i\000t\000i\000o\000n\000\040\000\050\000S\000u\000f\000f\000i\000c\000i\000e\000n\000t\000\040\000C\000o\000n\000d\000i\000t\000i\000o\000n\000\040\000f\000o\000r\000\040\000D\000e\000c\000o\000u\000p\000l\000e\000d\000\040\000E\000s\000c\000a\000p\000e\000\051}{section.4.5}% 35
\BOOKMARK [2][-]{subsection.4.5.10}{\376\377\000I\000n\000t\000e\000r\000p\000r\000e\000t\000a\000t\000i\000o\000n}{section.4.5}% 36
\BOOKMARK [-1][-]{part.2}{\376\377\000I\000I\000\040\000A\000l\000g\000e\000b\000r\000a\000,\000\040\000B\000a\000l\000a\000n\000c\000e\000,\000\040\000a\000n\000d\000\040\000E\000a\000r\000l\000y\000\040\000C\000o\000m\000p\000u\000t\000a\000t\000i\000o\000n}{}% 37
\BOOKMARK [0][-]{chapter.5}{\376\377\000A\000l\000-\000J\000a\000b\000r\000\040\000a\000n\000d\000\040\000t\000h\000e\000\040\000F\000u\000l\000c\000r\000u\000m\000\040\000o\000f\000\040\000B\000a\000l\000a\000n\000c\000e}{part.2}% 38
\BOOKMARK [1][-]{section.5.1}{\376\377\000E\000q\000u\000a\000l\000i\000t\000y\000\040\000a\000s\000\040\000a\000\040\000F\000u\000l\000c\000r\000u\000m}{chapter.5}% 39
\BOOKMARK [1][-]{section.5.2}{\376\377\000F\000r\000o\000m\000\040\000B\000o\000n\000e\000-\000S\000e\000t\000t\000i\000n\000g\000\040\000t\000o\000\040\000A\000b\000s\000t\000r\000a\000c\000t\000i\000o\000n}{chapter.5}% 40
\BOOKMARK [1][-]{section.5.3}{\376\377\000F\000o\000r\000m\000a\000l\000i\000z\000a\000t\000i\000o\000n\000\040\000o\000f\000\040\000B\000a\000l\000a\000n\000c\000e}{chapter.5}% 41
\BOOKMARK [1][-]{section.5.4}{\376\377\000G\000r\000a\000p\000h\000i\000c\000a\000l\000\040\000a\000n\000d\000\040\000C\000o\000m\000p\000u\000t\000a\000t\000i\000o\000n\000a\000l\000\040\000A\000n\000a\000l\000o\000g\000i\000e\000s}{chapter.5}% 42
\BOOKMARK [0][-]{chapter.6}{\376\377\000O\000p\000e\000r\000a\000t\000o\000r\000s\000,\000\040\000P\000i\000p\000e\000l\000i\000n\000e\000s\000,\000\040\000a\000n\000d\000\040\000M\000o\000d\000a\000l\000\040\000C\000o\000n\000t\000r\000o\000l}{part.2}% 43
\BOOKMARK [1][-]{section.6.1}{\376\377\000C\000o\000m\000m\000a\000n\000d\000\040\000C\000h\000a\000i\000n\000i\000n\000g\000\040\000a\000s\000\040\000A\000l\000g\000e\000b\000r\000a\000i\000c\000\040\000C\000o\000m\000p\000o\000s\000i\000t\000i\000o\000n}{chapter.6}% 44
\BOOKMARK [1][-]{section.6.2}{\376\377\000B\000y\000o\000b\000u\000\040\000a\000n\000d\000\040\000M\000u\000l\000t\000i\000p\000l\000e\000x\000e\000d\000\040\000B\000a\000l\000a\000n\000c\000e}{chapter.6}% 45
\BOOKMARK [1][-]{section.6.3}{\376\377\000V\000i\000m\000\040\000a\000n\000d\000\040\000M\000o\000d\000a\000l\000\040\000O\000p\000e\000r\000a\000t\000o\000r\000s}{chapter.6}% 46
\BOOKMARK [1][-]{section.6.4}{\376\377\000A\000u\000t\000o\000H\000o\000t\000k\000e\000y\000\040\000a\000n\000d\000\040\000T\000r\000i\000g\000g\000e\000r\000e\000d\000\040\000R\000e\000s\000t\000o\000r\000a\000t\000i\000o\000n\000s}{chapter.6}% 47
\BOOKMARK [1][-]{section.6.5}{\376\377\000F\000o\000r\000m\000a\000l\000\040\000S\000e\000m\000a\000n\000t\000i\000c\000\040\000M\000a\000p\000p\000i\000n\000g}{chapter.6}% 48
\BOOKMARK [1][-]{section.6.6}{\376\377\000R\000S\000V\000P\000\040\000I\000n\000t\000e\000r\000p\000r\000e\000t\000a\000t\000i\000o\000n}{chapter.6}% 49
\BOOKMARK [1][-]{section.6.7}{\376\377\000C\000o\000n\000c\000l\000u\000s\000i\000o\000n}{chapter.6}% 50
\BOOKMARK [1][-]{section.6.8}{\376\377\000N\000e\000u\000r\000a\000l\000\040\000I\000n\000t\000e\000r\000p\000r\000e\000t\000a\000t\000i\000o\000n\000:\000\040\000W\000e\000i\000g\000h\000t\000\040\000a\000n\000d\000\040\000B\000i\000a\000s}{chapter.6}% 51
\BOOKMARK [1][-]{section.6.9}{\376\377\000E\000n\000t\000r\000o\000p\000y\000\040\000a\000n\000d\000\040\000A\000l\000g\000e\000b\000r\000a\000i\000c\000\040\000B\000a\000l\000a\000n\000c\000e}{chapter.6}% 52
\BOOKMARK [1][-]{section.6.10}{\376\377\000I\000m\000p\000l\000i\000c\000a\000t\000i\000o\000n\000s\000\040\000f\000o\000r\000\040\000C\000o\000m\000p\000u\000t\000a\000t\000i\000o\000n}{chapter.6}% 53
\BOOKMARK [1][-]{section.6.11}{\376\377\000S\000u\000m\000m\000a\000r\000y}{chapter.6}% 54
\BOOKMARK [0][-]{chapter.7}{\376\377\000W\000e\000i\000g\000h\000t\000s\000,\000\040\000G\000r\000a\000p\000h\000s\000,\000\040\000a\000n\000d\000\040\000N\000e\000u\000r\000o\000n\000s}{part.2}% 55
\BOOKMARK [1][-]{section.7.1}{\376\377\000L\000i\000n\000e\000a\000r\000\040\000E\000q\000u\000a\000t\000i\000o\000n\000s\000\040\000a\000s\000\040\000W\000e\000i\000g\000h\000t\040\023\000B\000a\000l\000a\000n\000c\000e\000\040\000R\000e\000l\000a\000t\000i\000o\000n\000s}{chapter.7}% 56
\BOOKMARK [1][-]{section.7.2}{\376\377\000G\000r\000a\000p\000h\000-\000T\000h\000e\000o\000r\000e\000t\000i\000c\000\040\000I\000n\000t\000e\000r\000p\000r\000e\000t\000a\000t\000i\000o\000n\000s}{chapter.7}% 57
\BOOKMARK [1][-]{section.7.3}{\376\377\000N\000e\000u\000r\000a\000l\000\040\000M\000o\000d\000e\000l\000s\000:\000\040\000S\000l\000o\000p\000e\000s\000\040\000a\000n\000d\000\040\000I\000n\000t\000e\000r\000c\000e\000p\000t\000s}{chapter.7}% 58
\BOOKMARK [1][-]{section.7.4}{\376\377\000R\000S\000V\000P\000\040\000I\000n\000t\000e\000r\000p\000r\000e\000t\000a\000t\000i\000o\000n}{chapter.7}% 59
\BOOKMARK [1][-]{section.7.5}{\376\377\000S\000u\000m\000m\000a\000r\000y}{chapter.7}% 60
\BOOKMARK [-1][-]{part.3}{\376\377\000I\000I\000I\000\040\000P\000e\000r\000c\000e\000p\000t\000i\000o\000n\000,\000\040\000C\000o\000n\000t\000r\000o\000l\000,\000\040\000a\000n\000d\000\040\000C\000o\000n\000s\000c\000i\000o\000u\000s\000n\000e\000s\000s}{}% 61
\BOOKMARK [0][-]{chapter.8}{\376\377\000P\000a\000r\000a\000b\000l\000e\000\040\000o\000f\000\040\000t\000h\000e\000\040\000S\000o\000w\000e\000r\000\040\000a\000s\000\040\000N\000a\000t\000u\000r\000a\000l\000\040\000S\000e\000l\000e\000c\000t\000i\000o\000n}{part.3}% 62
\BOOKMARK [1][-]{section.8.1}{\376\377\000S\000c\000r\000i\000p\000t\000u\000r\000a\000l\000\040\000N\000a\000r\000r\000a\000t\000i\000v\000e\000\040\000a\000n\000d\000\040\000S\000t\000r\000u\000c\000t\000u\000r\000a\000l\000\040\000M\000o\000t\000i\000f\000s}{chapter.8}% 63
\BOOKMARK [1][-]{section.8.2}{\376\377\000D\000a\000r\000w\000i\000n\000i\000a\000n\000\040\000A\000n\000t\000i\000c\000i\000p\000a\000t\000i\000o\000n\000s}{chapter.8}% 64
\BOOKMARK [1][-]{section.8.3}{\376\377\000B\000a\000y\000e\000s\000i\000a\000n\000\040\000R\000e\000c\000a\000s\000t\000i\000n\000g\000:\000\040\000S\000e\000e\000d\000s\000\040\000a\000s\000\040\000H\000y\000p\000o\000t\000h\000e\000s\000e\000s}{chapter.8}% 65
\BOOKMARK [1][-]{section.8.4}{\376\377\000C\000o\000g\000n\000i\000t\000i\000v\000e\000\040\000a\000n\000d\000\040\000E\000v\000o\000l\000u\000t\000i\000o\000n\000a\000r\000y\000\040\000A\000n\000a\000l\000o\000g\000i\000e\000s}{chapter.8}% 66
\BOOKMARK [1][-]{section.8.5}{\376\377\000I\000n\000f\000o\000r\000m\000a\000t\000i\000o\000n\000-\000T\000h\000e\000o\000r\000e\000t\000i\000c\000\040\000F\000r\000a\000m\000i\000n\000g}{chapter.8}% 67
\BOOKMARK [1][-]{section.8.6}{\376\377\000R\000S\000V\000P\000\040\000I\000n\000t\000e\000r\000p\000r\000e\000t\000a\000t\000i\000o\000n}{chapter.8}% 68
\BOOKMARK [1][-]{section.8.7}{\376\377\000V\000i\000e\000w\000p\000o\000i\000n\000t\000\040\000D\000i\000v\000e\000r\000s\000i\000t\000y\000\040\000i\000n\000\040\000I\000n\000t\000e\000r\000p\000r\000e\000t\000a\000t\000i\000o\000n}{chapter.8}% 69
\BOOKMARK [1][-]{section.8.8}{\376\377\000S\000u\000m\000m\000a\000r\000y}{chapter.8}% 70
\BOOKMARK [0][-]{chapter.9}{\376\377\000P\000e\000r\000c\000e\000p\000t\000u\000a\000l\000\040\000C\000o\000n\000t\000r\000o\000l\000\040\000T\000h\000e\000o\000r\000y\000\040\000a\000n\000d\000\040\000A\000c\000t\000i\000v\000e\000\040\000I\000n\000f\000e\000r\000e\000n\000c\000e}{part.3}% 71
\BOOKMARK [1][-]{section.9.1}{\376\377\000C\000o\000n\000t\000r\000o\000l\000\040\000a\000s\000\040\000P\000e\000r\000c\000e\000p\000t\000i\000o\000n\000\040\000R\000e\000g\000u\000l\000a\000t\000i\000o\000n}{chapter.9}% 72
\BOOKMARK [1][-]{section.9.2}{\376\377\000F\000r\000e\000e\000-\000E\000n\000e\000r\000g\000y\000\040\000M\000i\000n\000i\000m\000i\000z\000a\000t\000i\000o\000n}{chapter.9}% 73
\BOOKMARK [1][-]{section.9.3}{\376\377\000H\000i\000e\000r\000a\000r\000c\000h\000i\000e\000s\000\040\000a\000n\000d\000\040\000N\000e\000s\000t\000e\000d\000\040\000L\000o\000o\000p\000s}{chapter.9}% 74
\BOOKMARK [1][-]{section.9.4}{\376\377\000S\000c\000r\000i\000p\000t\000u\000r\000a\000l\000\040\000S\000t\000r\000a\000t\000e\000g\000i\000e\000s\000\040\000o\000f\000\040\000A\000d\000a\000p\000t\000i\000v\000e\000\040\000C\000o\000n\000t\000r\000o\000l}{chapter.9}% 75
\BOOKMARK [1][-]{section.9.5}{\376\377\000R\000S\000V\000P\000\040\000T\000r\000a\000n\000s\000l\000a\000t\000i\000o\000n}{chapter.9}% 76
\BOOKMARK [1][-]{section.9.6}{\376\377\000I\000m\000p\000l\000i\000c\000a\000t\000i\000o\000n\000s\000\040\000f\000o\000r\000\040\000C\000o\000n\000s\000c\000i\000o\000u\000s\000n\000e\000s\000s}{chapter.9}% 77
\BOOKMARK [1][-]{section.9.7}{\376\377\000S\000u\000m\000m\000a\000r\000y}{chapter.9}% 78
\BOOKMARK [1][-]{section.9.8}{\376\377\000W\000o\000r\000k\000e\000d\000\040\000N\000u\000m\000e\000r\000i\000c\000a\000l\000\040\000E\000x\000a\000m\000p\000l\000e\000:\000\040\000T\000h\000e\000r\000m\000o\000s\000t\000a\000t\000\040\000a\000s\000\040\000P\000C\000T\000\040\000L\000o\000o\000p\000\040\000a\000n\000d\000\040\000F\000r\000e\000e\000-\000E\000n\000e\000r\000g\000y\000\040\000M\000i\000n\000i\000m\000i\000z\000e\000r}{chapter.9}% 79
\BOOKMARK [2][-]{subsection.9.8.1}{\376\377\000P\000l\000a\000n\000t\000,\000\040\000S\000e\000n\000s\000o\000r\000,\000\040\000a\000n\000d\000\040\000C\000o\000n\000t\000r\000o\000l\000l\000e\000r\000\040\000\050\000P\000C\000T\000\040\000V\000i\000e\000w\000\051}{section.9.8}% 80
\BOOKMARK [2][-]{subsection.9.8.2}{\376\377\000S\000a\000m\000e\000\040\000S\000y\000s\000t\000e\000m\000\040\000a\000s\000\040\000F\000r\000e\000e\000-\000E\000n\000e\000r\000g\000y\000\040\000M\000i\000n\000i\000m\000i\000z\000a\000t\000i\000o\000n\000\040\000\050\000F\000E\000P\000\040\000V\000i\000e\000w\000\051}{section.9.8}% 81
\BOOKMARK [2][-]{subsection.9.8.3}{\376\377\000D\000i\000s\000c\000r\000e\000t\000e\000-\000T\000i\000m\000e\000\040\000S\000i\000m\000u\000l\000a\000t\000i\000o\000n\000\040\000\050\000P\000C\000T\000\040\000a\000n\000d\000\040\000F\000E\000P\000\051}{section.9.8}% 82
\BOOKMARK [2][-]{subsection.9.8.4}{\376\377\000R\000S\000V\000P\000\040\000M\000a\000p\000p\000i\000n\000g}{section.9.8}% 83
\BOOKMARK [2][-]{subsection.9.8.5}{\376\377\000T\000a\000k\000e\000a\000w\000a\000y\000s}{section.9.8}% 84
\BOOKMARK [0][-]{chapter.10}{\376\377\000T\000h\000e\000\040\000C\000o\000n\000s\000c\000i\000o\000u\000s\000\040\000T\000u\000r\000i\000n\000g\000\040\000M\000a\000c\000h\000i\000n\000e}{part.3}% 85
\BOOKMARK [1][-]{section.10.1}{\376\377\000A\000r\000c\000h\000i\000t\000e\000c\000t\000u\000r\000e\000\040\000o\000f\000\040\000t\000h\000e\000\040\000C\000T\000M}{chapter.10}% 86
\BOOKMARK [1][-]{section.10.2}{\376\377\000A\000t\000t\000e\000n\000t\000i\000o\000n\000\040\000v\000e\000r\000s\000u\000s\000\040\000A\000w\000a\000r\000e\000n\000e\000s\000s}{chapter.10}% 87
\BOOKMARK [1][-]{section.10.3}{\376\377\000B\000r\000a\000i\000n\000i\000s\000h\000:\000\040\000I\000n\000t\000e\000r\000n\000a\000l\000\040\000M\000u\000l\000t\000i\000m\000o\000d\000a\000l\000\040\000L\000a\000n\000g\000u\000a\000g\000e}{chapter.10}% 88
\BOOKMARK [1][-]{section.10.4}{\376\377\000C\000o\000m\000p\000a\000r\000i\000s\000o\000n\000s\000\040\000t\000o\000\040\000O\000t\000h\000e\000r\000\040\000T\000h\000e\000o\000r\000i\000e\000s}{chapter.10}% 89
\BOOKMARK [1][-]{section.10.5}{\376\377\000M\000a\000t\000h\000e\000m\000a\000t\000i\000c\000a\000l\000\040\000C\000h\000a\000r\000a\000c\000t\000e\000r\000i\000z\000a\000t\000i\000o\000n}{chapter.10}% 90
\BOOKMARK [1][-]{section.10.6}{\376\377\000R\000S\000V\000P\000\040\000I\000n\000t\000e\000g\000r\000a\000t\000i\000o\000n}{chapter.10}% 91
\BOOKMARK [1][-]{section.10.7}{\376\377\000S\000c\000r\000i\000p\000t\000u\000r\000a\000l\000\040\000A\000n\000a\000l\000o\000g\000i\000e\000s\000\040\000o\000f\000\040\000B\000r\000o\000a\000d\000c\000a\000s\000t}{chapter.10}% 92
\BOOKMARK [1][-]{section.10.8}{\376\377\000S\000u\000m\000m\000a\000r\000y}{chapter.10}% 93
\BOOKMARK [0][-]{chapter.11}{\376\377\000T\000h\000e\000\040\000R\000e\000l\000a\000t\000i\000v\000i\000s\000t\000i\000c\000\040\000S\000c\000a\000l\000a\000r\040\023\000V\000e\000c\000t\000o\000r\000\040\000P\000l\000e\000n\000u\000m}{part.3}% 94
\BOOKMARK [1][-]{section.11.1}{\376\377\000F\000i\000e\000l\000d\000\040\000E\000q\000u\000a\000t\000i\000o\000n\000s}{chapter.11}% 95
\BOOKMARK [1][-]{section.11.2}{\376\377\000I\000n\000t\000e\000r\000p\000r\000e\000t\000a\000t\000i\000o\000n\000\040\000o\000f\000\040\000T\000e\000r\000m\000s}{chapter.11}% 96
\BOOKMARK [1][-]{section.11.3}{\376\377\000C\000o\000s\000m\000o\000l\000o\000g\000i\000c\000a\000l\000\040\000I\000m\000p\000l\000i\000c\000a\000t\000i\000o\000n\000s}{chapter.11}% 97
\BOOKMARK [1][-]{section.11.4}{\376\377\000C\000o\000n\000n\000e\000c\000t\000i\000o\000n\000\040\000t\000o\000\040\000R\000e\000l\000a\000t\000i\000v\000i\000t\000y}{chapter.11}% 98
\BOOKMARK [1][-]{section.11.5}{\376\377\000M\000a\000t\000h\000e\000m\000a\000t\000i\000c\000a\000l\000\040\000P\000r\000o\000p\000e\000r\000t\000i\000e\000s}{chapter.11}% 99
\BOOKMARK [1][-]{section.11.6}{\376\377\000R\000S\000V\000P\000\040\000a\000s\000\040\000a\000\040\000U\000n\000i\000v\000e\000r\000s\000a\000l\000\040\000F\000r\000a\000m\000e\000w\000o\000r\000k}{chapter.11}% 100
\BOOKMARK [1][-]{section.11.7}{\376\377\000S\000u\000m\000m\000a\000r\000y}{chapter.11}% 101
\BOOKMARK [1][-]{section.11.8}{\376\377\000W\000o\000r\000k\000e\000d\000\040\000D\000e\000r\000i\000v\000a\000t\000i\000o\000n\000:\000\040\000E\000n\000t\000r\000o\000p\000i\000c\000\040\000R\000e\000d\000s\000h\000i\000f\000t\000\040\000A\000l\000o\000n\000g\000\040\000N\000u\000l\000l\000\040\000T\000r\000a\000j\000e\000c\000t\000o\000r\000i\000e\000s}{chapter.11}% 102
\BOOKMARK [2][-]{subsection.11.8.1}{\376\377\000W\000a\000v\000e\000\040\000t\000r\000a\000n\000s\000p\000o\000r\000t\000\040\000w\000i\000t\000h\000\040\000e\000n\000t\000r\000o\000p\000y\040\023\000i\000n\000d\000u\000c\000e\000d\000\040\000d\000e\000c\000o\000h\000e\000r\000e\000n\000c\000e}{section.11.8}% 103
\BOOKMARK [2][-]{subsection.11.8.2}{\376\377\000F\000r\000e\000q\000u\000e\000n\000c\000y\000\040\000t\000r\000a\000n\000s\000p\000o\000r\000t\000\040\000a\000n\000d\000\040\000r\000e\000d\000s\000h\000i\000f\000t}{section.11.8}% 104
\BOOKMARK [2][-]{subsection.11.8.3}{\376\377\000L\000i\000n\000k\000\040\000t\000o\000\040\000R\000S\000V\000P\000\040\000P\000D\000E\000s}{section.11.8}% 105
\BOOKMARK [2][-]{subsection.11.8.4}{\376\377\000A\000m\000p\000l\000i\000t\000u\000d\000e\000,\000\040\000f\000l\000u\000x\000,\000\040\000a\000n\000d\000\040\000t\000h\000e\000\040\000d\000i\000s\000t\000a\000n\000c\000e\000\040\000d\000u\000a\000l\000i\000t\000y}{section.11.8}% 106
\BOOKMARK [2][-]{subsection.11.8.5}{\376\377\000L\000i\000m\000i\000t\000i\000n\000g\000\040\000c\000a\000s\000e\000s\000\040\000a\000n\000d\000\040\000o\000b\000s\000e\000r\000v\000a\000t\000i\000o\000n\000a\000l\000\040\000h\000a\000n\000d\000l\000e\000s}{section.11.8}% 107
\BOOKMARK [2][-]{subsection.11.8.6}{\376\377\000S\000u\000m\000m\000a\000r\000y\000\040\000o\000f\000\040\000t\000h\000e\000\040\000e\000n\000t\000r\000o\000p\000i\000c\000\040\000r\000e\000d\000s\000h\000i\000f\000t\000\040\000l\000a\000w}{section.11.8}% 108
\BOOKMARK [0][-]{chapter.12}{\376\377\000S\000p\000e\000c\000t\000r\000a\000l\000\040\000G\000a\000p\000s\000\040\000a\000n\000d\000\040\000C\000r\000y\000s\000t\000a\000l\000l\000i\000n\000e\000\040\000R\000e\000s\000e\000t}{part.3}% 109
\BOOKMARK [1][-]{section.12.1}{\376\377\000S\000p\000e\000c\000t\000r\000a\000l\000\040\000F\000i\000l\000t\000e\000r\000i\000n\000g\000\040\000i\000n\000\040\000R\000S\000V\000P}{chapter.12}% 110
\BOOKMARK [1][-]{section.12.2}{\376\377\000S\000p\000e\000c\000t\000r\000a\000l\000\040\000G\000a\000p\000s\000\040\000a\000n\000d\000\040\000O\000r\000d\000e\000r\000\040\000F\000o\000r\000m\000a\000t\000i\000o\000n}{chapter.12}% 111
\BOOKMARK [1][-]{section.12.3}{\376\377\000C\000r\000y\000s\000t\000a\000l\000l\000i\000n\000e\000\040\000R\000e\000s\000e\000t\000\040\000v\000i\000a\000\040\000P\000o\000i\000n\000c\000a\000r\000\351\000\040\000R\000e\000c\000u\000r\000r\000e\000n\000c\000e}{chapter.12}% 112
\BOOKMARK [1][-]{section.12.4}{\376\377\000M\000a\000t\000h\000e\000m\000a\000t\000i\000c\000a\000l\000\040\000C\000h\000a\000r\000a\000c\000t\000e\000r\000i\000z\000a\000t\000i\000o\000n}{chapter.12}% 113
\BOOKMARK [1][-]{section.12.5}{\376\377\000I\000m\000p\000l\000i\000c\000a\000t\000i\000o\000n\000s}{chapter.12}% 114
\BOOKMARK [1][-]{section.12.6}{\376\377\000S\000u\000m\000m\000a\000r\000y}{chapter.12}% 115
\BOOKMARK [1][-]{section.12.7}{\376\377\000W\000o\000r\000k\000e\000d\000\040\000E\000s\000t\000i\000m\000a\000t\000e\000\040\000o\000f\000\040\000P\000o\000i\000n\000c\000a\000r\000\351\000\040\000R\000e\000c\000u\000r\000r\000e\000n\000c\000e\000\040\000T\000i\000m\000e\000\040\000i\000n\000\040\000R\000S\000V\000P}{chapter.12}% 116
\BOOKMARK [2][-]{subsection.12.7.1}{\376\377\000S\000t\000e\000p\000\040\0001\000:\000\040\000E\000n\000t\000r\000o\000p\000y\040\023\000D\000r\000i\000v\000e\000n\000\040\000D\000i\000m\000e\000n\000s\000i\000o\000n\000a\000l\000\040\000R\000e\000d\000u\000c\000t\000i\000o\000n}{section.12.7}% 117
\BOOKMARK [2][-]{subsection.12.7.2}{\376\377\000S\000t\000e\000p\000\040\0002\000:\000\040\000C\000o\000a\000r\000s\000e\040\023\000G\000r\000a\000i\000n\000e\000d\000\040\000S\000t\000a\000t\000e\000\040\000C\000o\000u\000n\000t\000\040\000a\000n\000d\000\040\000R\000e\000c\000u\000r\000r\000e\000n\000c\000e\000\040\000B\000o\000u\000n\000d}{section.12.7}% 118
\BOOKMARK [2][-]{subsection.12.7.3}{\376\377\000S\000t\000e\000p\000\040\0003\000:\000\040\000C\000r\000y\000s\000t\000a\000l\000l\000i\000n\000e\000\040\000R\000e\000s\000e\000t\000\040\000T\000i\000m\000e\000\040\000v\000e\000r\000s\000u\000s\000\040\000P\000o\000i\000n\000c\000a\000r\000\351\000\040\000T\000i\000m\000e}{section.12.7}% 119
\BOOKMARK [2][-]{subsection.12.7.4}{\376\377\000S\000t\000e\000p\000\040\0004\000:\000\040\000E\000a\000r\000l\000y\040\023\000T\000i\000m\000e\000\040\000C\000o\000n\000t\000r\000a\000s\000t\000\040\000\050\000H\000i\000g\000h\000-\000E\000n\000t\000r\000o\000p\000y\000\040\000E\000r\000a\000\051}{section.12.7}% 120
\BOOKMARK [2][-]{subsection.12.7.5}{\376\377\000S\000t\000e\000p\000\040\0005\000:\000\040\000S\000u\000m\000m\000a\000r\000y\000\040\000i\000n\000\040\000a\000\040\000S\000i\000n\000g\000l\000e\000\040\000S\000c\000a\000l\000i\000n\000g\000\040\000L\000a\000w}{section.12.7}% 121
\BOOKMARK [-1][-]{part.4}{\376\377\000I\000V\000\040\000N\000a\000t\000u\000r\000a\000l\000\040\000S\000e\000l\000e\000c\000t\000i\000o\000n\000\040\000a\000t\000\040\000C\000o\000s\000m\000i\000c\000\040\000S\000c\000a\000l\000e}{}% 122
\BOOKMARK [0][-]{chapter.13}{\376\377\000C\000o\000s\000m\000o\000l\000o\000g\000i\000c\000a\000l\000\040\000N\000a\000t\000u\000r\000a\000l\000\040\000S\000e\000l\000e\000c\000t\000i\000o\000n}{part.4}% 123
\BOOKMARK [1][-]{section.13.1}{\376\377\000W\000h\000e\000e\000l\000e\000r\000:\000\040\000B\000u\000d\000d\000i\000n\000g\000\040\000U\000n\000i\000v\000e\000r\000s\000e\000s}{chapter.13}% 124
\BOOKMARK [1][-]{section.13.2}{\376\377\000S\000m\000o\000l\000i\000n\000:\000\040\000B\000l\000a\000c\000k\000\040\000H\000o\000l\000e\000\040\000R\000e\000p\000r\000o\000d\000u\000c\000t\000i\000o\000n}{chapter.13}% 125
\BOOKMARK [1][-]{section.13.3}{\376\377\000G\000o\000u\000g\000h\000:\000\040\000T\000h\000e\000\040\000E\000g\000g\000\040\000a\000n\000d\000\040\000t\000h\000e\000\040\000R\000o\000c\000k}{chapter.13}% 126
\BOOKMARK [1][-]{section.13.4}{\376\377\000O\000b\000s\000e\000r\000v\000a\000t\000i\000o\000n\000a\000l\000\040\000T\000o\000u\000c\000h\000p\000o\000i\000n\000t\000s\000:\000\040\000J\000W\000S\000T}{chapter.13}% 127
\BOOKMARK [1][-]{section.13.5}{\376\377\000R\000S\000V\000P\000\040\000R\000e\000f\000r\000a\000m\000i\000n\000g}{chapter.13}% 128
\BOOKMARK [1][-]{section.13.6}{\376\377\000S\000u\000m\000m\000a\000r\000y}{chapter.13}% 129
\BOOKMARK [0][-]{chapter.14}{\376\377\000R\000S\000V\000P\000\040\000v\000e\000r\000s\000u\000s\000\040\000C\000o\000s\000m\000o\000l\000o\000g\000i\000c\000a\000l\000\040\000N\000a\000t\000u\000r\000a\000l\000\040\000S\000e\000l\000e\000c\000t\000i\000o\000n}{part.4}% 130
\BOOKMARK [1][-]{section.14.1}{\376\377\000E\000n\000t\000r\000o\000p\000i\000c\000\040\000S\000m\000o\000o\000t\000h\000i\000n\000g\000\040\000v\000e\000r\000s\000u\000s\000\040\000R\000e\000p\000r\000o\000d\000u\000c\000t\000i\000v\000e\000\040\000V\000a\000r\000i\000a\000t\000i\000o\000n}{chapter.14}% 131
\BOOKMARK [1][-]{section.14.2}{\376\377\000C\000r\000y\000s\000t\000a\000l\000l\000i\000n\000e\000\040\000R\000e\000s\000e\000t\000\040\000a\000s\000\040\000A\000t\000t\000r\000a\000c\000t\000o\000r}{chapter.14}% 132
\BOOKMARK [1][-]{section.14.3}{\376\377\000I\000n\000f\000o\000r\000m\000a\000t\000i\000o\000n\040\023\000T\000h\000e\000o\000r\000e\000t\000i\000c\000\040\000C\000o\000n\000t\000r\000a\000s\000t}{chapter.14}% 133
\BOOKMARK [1][-]{section.14.4}{\376\377\000S\000u\000m\000m\000a\000r\000y}{chapter.14}% 134
\BOOKMARK [-1][-]{part.5}{\376\377\000V\000\040\000C\000o\000m\000p\000u\000t\000a\000t\000i\000o\000n\000a\000l\000\040\000a\000n\000d\000\040\000M\000a\000t\000h\000e\000m\000a\000t\000i\000c\000a\000l\000\040\000A\000n\000a\000l\000o\000g\000i\000e\000s}{}% 135
\BOOKMARK [0][-]{chapter.15}{\376\377\000P\000i\000p\000e\000l\000i\000n\000e\000s\000,\000\040\000S\000h\000o\000r\000t\000c\000u\000t\000s\000,\000\040\000a\000n\000d\000\040\000M\000o\000d\000a\000l\000\040\000O\000p\000e\000r\000a\000t\000o\000r\000s}{part.5}% 136
\BOOKMARK [1][-]{section.15.1}{\376\377\000A\000u\000t\000o\000H\000o\000t\000k\000e\000y\000:\000\040\000T\000r\000i\000g\000g\000e\000r\000s\000\040\000a\000n\000d\000\040\000R\000e\000a\000c\000t\000i\000v\000e\000\040\000C\000o\000n\000t\000r\000o\000l}{chapter.15}% 137
\BOOKMARK [1][-]{section.15.2}{\376\377\000V\000i\000m\000:\000\040\000M\000o\000d\000a\000l\000\040\000O\000p\000e\000r\000a\000t\000o\000r\000s\000\040\000a\000n\000d\000\040\000C\000o\000m\000p\000o\000s\000i\000t\000i\000o\000n\000a\000l\000i\000t\000y}{chapter.15}% 138
\BOOKMARK [1][-]{section.15.3}{\376\377\000B\000y\000o\000b\000u\000:\000\040\000M\000u\000l\000t\000i\000p\000l\000e\000x\000i\000n\000g\000\040\000a\000n\000d\000\040\000C\000o\000n\000t\000r\000o\000l\000\040\000O\000v\000e\000r\000\040\000C\000o\000n\000t\000e\000x\000t\000s}{chapter.15}% 139
\BOOKMARK [1][-]{section.15.4}{\376\377\000P\000i\000p\000e\000l\000i\000n\000e\000s\000\040\000a\000n\000d\000\040\000C\000o\000n\000s\000t\000r\000a\000i\000n\000t\000\040\000S\000a\000t\000i\000s\000f\000a\000c\000t\000i\000o\000n}{chapter.15}% 140
\BOOKMARK [1][-]{section.15.5}{\376\377\000M\000o\000d\000a\000l\000\040\000a\000n\000d\000\040\000H\000i\000e\000r\000a\000r\000c\000h\000i\000c\000a\000l\000\040\000C\000o\000n\000t\000r\000o\000l\000\040\000i\000n\000\040\000R\000S\000V\000P}{chapter.15}% 141
\BOOKMARK [1][-]{section.15.6}{\376\377\000S\000u\000m\000m\000a\000r\000y}{chapter.15}% 142
\BOOKMARK [1][-]{section.15.7}{\376\377\000F\000o\000r\000m\000a\000l\000\040\000S\000e\000m\000a\000n\000t\000i\000c\000s\000:\000\040\000P\000i\000p\000e\000l\000i\000n\000e\000s\000\040\000a\000n\000d\000\040\000M\000o\000d\000a\000l\000\040\000O\000p\000e\000r\000a\000t\000o\000r\000s}{chapter.15}% 143
\BOOKMARK [2][-]{subsection.15.7.1}{\376\377\000F\000u\000n\000c\000t\000o\000r\000s\000\040\000f\000o\000r\000\040\000M\000o\000d\000e\000\040\000T\000r\000a\000n\000s\000i\000t\000i\000o\000n\000s}{section.15.7}% 144
\BOOKMARK [2][-]{subsection.15.7.2}{\376\377\000M\000o\000n\000a\000d\000s\000\040\000f\000o\000r\000\040\000P\000i\000p\000e\000l\000i\000n\000e\000s}{section.15.7}% 145
\BOOKMARK [2][-]{subsection.15.7.3}{\376\377\000M\000o\000d\000a\000l\000\040\000L\000o\000g\000i\000c\000\040\000a\000s\000\040\000O\000p\000e\000r\000a\000t\000o\000r\000\040\000S\000e\000m\000a\000n\000t\000i\000c\000s}{section.15.7}% 146
\BOOKMARK [2][-]{subsection.15.7.4}{\376\377\000C\000a\000t\000e\000g\000o\000r\000y\000\040\000o\000f\000\040\000R\000S\000V\000P\000\040\000O\000p\000e\000r\000a\000t\000o\000r\000s}{section.15.7}% 147
\BOOKMARK [2][-]{subsection.15.7.5}{\376\377\000S\000u\000m\000m\000a\000r\000y}{section.15.7}% 148
\BOOKMARK [0][-]{chapter.16}{\376\377\000C\000a\000t\000e\000g\000o\000r\000y\000,\000\040\000S\000h\000e\000a\000f\000,\000\040\000a\000n\000d\000\040\000F\000u\000n\000c\000t\000o\000r\000i\000a\000l\000\040\000M\000a\000p\000p\000i\000n\000g}{part.5}% 149
\BOOKMARK [1][-]{section.16.1}{\376\377\000R\000S\000V\000P\000\040\000a\000s\000\040\000a\000\040\000S\000y\000m\000m\000e\000t\000r\000i\000c\000\040\000M\000o\000n\000o\000i\000d\000a\000l\000\040\000C\000a\000t\000e\000g\000o\000r\000y}{chapter.16}% 150
\BOOKMARK [1][-]{section.16.2}{\376\377\000S\000h\000e\000a\000f\000-\000T\000h\000e\000o\000r\000e\000t\000i\000c\000\040\000G\000l\000u\000i\000n\000g}{chapter.16}% 151
\BOOKMARK [1][-]{section.16.3}{\376\377\000F\000u\000n\000c\000t\000o\000r\000i\000a\000l\000\040\000S\000e\000m\000a\000n\000t\000i\000c\000s}{chapter.16}% 152
\BOOKMARK [1][-]{section.16.4}{\376\377\000A\000d\000j\000u\000n\000c\000t\000i\000o\000n\000s\000\040\000a\000n\000d\000\040\000C\000o\000n\000s\000t\000r\000a\000i\000n\000t\000\040\000R\000e\000s\000o\000l\000u\000t\000i\000o\000n}{chapter.16}% 153
\BOOKMARK [1][-]{section.16.5}{\376\377\000S\000u\000m\000m\000a\000r\000y}{chapter.16}% 154
\BOOKMARK [0][-]{chapter.17}{\376\377\000T\000o\000p\000o\000l\000o\000g\000i\000c\000a\000l\000\040\000a\000n\000d\000\040\000S\000e\000m\000a\000n\000t\000i\000c\000\040\000I\000n\000f\000r\000a\000s\000t\000r\000u\000c\000t\000u\000r\000e}{part.5}% 155
\BOOKMARK [1][-]{section.17.1}{\376\377\000S\000h\000e\000a\000f\000-\000T\000h\000e\000o\000r\000e\000t\000i\000c\000\040\000I\000n\000t\000e\000g\000r\000a\000t\000i\000o\000n}{chapter.17}% 156
\BOOKMARK [1][-]{section.17.2}{\376\377\000H\000o\000m\000o\000t\000o\000p\000y\000\040\000C\000o\000l\000i\000m\000i\000t\000s\000\040\000a\000n\000d\000\040\000G\000l\000o\000b\000a\000l\000\040\000C\000o\000h\000e\000r\000e\000n\000c\000e}{chapter.17}% 157
\BOOKMARK [1][-]{section.17.3}{\376\377\000T\000o\000p\000o\000l\000o\000g\000i\000c\000a\000l\000\040\000I\000n\000v\000a\000r\000i\000a\000n\000t\000s\000\040\000a\000s\000\040\000S\000e\000m\000a\000n\000t\000i\000c\000\040\000A\000n\000c\000h\000o\000r\000s}{chapter.17}% 158
\BOOKMARK [1][-]{section.17.4}{\376\377\000E\000n\000t\000r\000o\000p\000y\000,\000\040\000T\000o\000p\000o\000l\000o\000g\000y\000,\000\040\000a\000n\000d\000\040\000C\000o\000n\000s\000t\000r\000a\000i\000n\000t\000\040\000R\000e\000l\000a\000x\000a\000t\000i\000o\000n}{chapter.17}% 159
\BOOKMARK [1][-]{section.17.5}{\376\377\000S\000u\000m\000m\000a\000r\000y}{chapter.17}% 160
\BOOKMARK [0][-]{chapter.18}{\376\377\000S\000t\000r\000u\000c\000t\000u\000r\000a\000l\000\040\000F\000r\000a\000m\000i\000n\000g}{part.5}% 161
\BOOKMARK [1][-]{section.18.1}{\376\377\000F\000o\000u\000n\000d\000a\000t\000i\000o\000n\000s\000\040\000o\000f\000\040\000R\000S\000V\000P\000\040\000T\000o\000p\000o\000l\000o\000g\000y}{chapter.18}% 162
\BOOKMARK [1][-]{section.18.2}{\376\377\000T\000h\000e\000\040\000R\000S\000V\000P\000\040\000T\000h\000e\000o\000r\000e\000m\000\040\000o\000f\000\040\000V\000i\000e\000w\000p\000o\000i\000n\000t\000\040\000D\000i\000v\000e\000r\000s\000i\000t\000y}{chapter.18}% 163
\BOOKMARK [1][-]{section.18.3}{\376\377\000C\000o\000r\000o\000l\000l\000a\000r\000i\000e\000s}{chapter.18}% 164
\BOOKMARK [1][-]{section.18.4}{\376\377\000I\000n\000t\000e\000r\000p\000r\000e\000t\000i\000v\000e\000\040\000N\000o\000t\000e}{chapter.18}% 165
\BOOKMARK [0][-]{chapter.19}{\376\377\000F\000i\000n\000a\000l\000\040\000S\000y\000n\000t\000h\000e\000s\000i\000s\000:\000\040\000V\000i\000e\000w\000p\000o\000i\000n\000t\000\040\000D\000i\000v\000e\000r\000s\000i\000t\000y\000\040\000i\000n\000\040\000R\000S\000V\000P}{part.5}% 166
\BOOKMARK [1][-]{section.19.1}{\376\377\000I\000n\000t\000r\000o\000d\000u\000c\000t\000i\000o\000n}{chapter.19}% 167
\BOOKMARK [1][-]{section.19.2}{\376\377\000S\000c\000r\000i\000p\000t\000u\000r\000a\000l\000\040\000E\000x\000e\000g\000e\000s\000i\000s\000\040\000a\000n\000d\000\040\000C\000o\000n\000c\000e\000a\000l\000m\000e\000n\000t}{chapter.19}% 168
\BOOKMARK [1][-]{section.19.3}{\376\377\000A\000l\000g\000e\000b\000r\000a\000i\000c\000\040\000B\000a\000l\000a\000n\000c\000e\000\040\000a\000s\000\040\000E\000n\000t\000r\000o\000p\000i\000c\000\040\000R\000e\000s\000t\000o\000r\000a\000t\000i\000o\000n}{chapter.19}% 169
\BOOKMARK [1][-]{section.19.4}{\376\377\000P\000e\000r\000c\000e\000p\000t\000u\000a\000l\000\040\000C\000o\000n\000t\000r\000o\000l\000\040\000a\000n\000d\000\040\000C\000o\000n\000s\000c\000i\000o\000u\000s\000\040\000C\000o\000m\000p\000u\000t\000a\000t\000i\000o\000n}{chapter.19}% 170
\BOOKMARK [1][-]{section.19.5}{\376\377\000R\000S\000V\000P\000\040\000C\000o\000s\000m\000o\000l\000o\000g\000y\000:\000\040\000E\000n\000t\000r\000o\000p\000i\000c\000\040\000S\000m\000o\000o\000t\000h\000i\000n\000g\000\040\000a\000n\000d\000\040\000R\000e\000s\000e\000t}{chapter.19}% 171
\BOOKMARK [1][-]{section.19.6}{\376\377\000M\000a\000t\000h\000e\000m\000a\000t\000i\000c\000a\000l\000\040\000I\000n\000f\000r\000a\000s\000t\000r\000u\000c\000t\000u\000r\000e\000\040\000o\000f\000\040\000D\000i\000v\000e\000r\000s\000i\000t\000y}{chapter.19}% 172
\BOOKMARK [1][-]{section.19.7}{\376\377\000C\000o\000m\000p\000u\000t\000a\000t\000i\000o\000n\000a\000l\000\040\000A\000n\000a\000l\000o\000g\000i\000e\000s}{chapter.19}% 173
\BOOKMARK [1][-]{section.19.8}{\376\377\000F\000i\000n\000a\000l\000\040\000I\000n\000t\000e\000g\000r\000a\000t\000i\000o\000n}{chapter.19}% 174
\BOOKMARK [1][-]{section.19.9}{\376\377\000C\000o\000n\000c\000l\000u\000s\000i\000o\000n}{chapter.19}% 175
\BOOKMARK [1][-]{section.19.10}{\376\377\000P\000r\000i\000n\000c\000i\000p\000l\000e\000\040\000o\000f\000\040\000I\000r\000r\000e\000d\000u\000c\000i\000b\000l\000e\000\040\000P\000l\000u\000r\000a\000l\000i\000t\000y}{chapter.19}% 176
\BOOKMARK [0][-]{appendix.A}{\376\377\000P\000h\000i\000l\000o\000l\000o\000g\000i\000c\000a\000l\000\040\000N\000o\000t\000e\000s\000\040\000\050\000H\000e\000b\000r\000e\000w\000,\000\040\000G\000r\000e\000e\000k\000,\000\040\000A\000r\000a\000b\000i\000c\000,\000\040\000C\000r\000o\000s\000s\000-\000T\000r\000a\000d\000i\000t\000i\000o\000n\000\051}{part.5}% 177
\BOOKMARK [0][-]{appendix.B}{\376\377\000F\000u\000l\000l\000\040\000E\000q\000u\000a\000t\000i\000o\000n\000s\000\040\000a\000n\000d\000\040\000P\000r\000o\000o\000f\000s\000\040\000\050\000P\000C\000T\000,\000\040\000A\000c\000t\000i\000v\000e\000\040\000I\000n\000f\000e\000r\000e\000n\000c\000e\000,\000\040\000C\000T\000M\000,\000\040\000R\000S\000V\000P\000\051}{part.5}% 178
\BOOKMARK [0][-]{appendix.C}{\376\377\000C\000o\000m\000p\000u\000t\000a\000t\000i\000o\000n\000a\000l\000\040\000C\000o\000m\000p\000l\000e\000x\000i\000t\000y\000\040\000a\000n\000d\000\040\000I\000n\000f\000o\000r\000m\000a\000t\000i\000o\000n\000\040\000B\000o\000u\000n\000d\000s}{part.5}% 179
\BOOKMARK [0][-]{appendix.D}{\376\377\000C\000a\000t\000a\000l\000o\000g\000u\000e\000\040\000E\000n\000t\000r\000y\000\040\040\024\000\040\000C\000o\000r\000a\000n\000\040\000C\000u\000b\000i\000c\000\040\000O\000r\000t\000h\000o\000h\000e\000d\000r\000o\000n\000\040\000R\000e\000c\000t\000a\000n\000g\000u\000l\000a\000r\000\040\000a\000n\000d\000\040\000N\000e\000a\000t}{part.5}% 180
\BOOKMARK [0][-]{appendix.E}{\376\377\000T\000h\000e\000\040\000S\000e\000v\000e\000n\000\040\000M\000e\000a\000n\000i\000n\000g\000s\000\040\000o\000f\000\040\000I\000q\000r\000a\002\276\000\040\000P\000o\000e\000m}{part.5}% 181
\BOOKMARK [0][-]{appendix.F}{\376\377\000L\000a\000T\000e\000X\000\040\000M\000a\000c\000r\000o\000s\000\040\000a\000n\000d\000\040\000C\000o\000d\000e\000\040\000f\000o\000r\000\040\000S\000i\000m\000u\000l\000a\000t\000i\000o\000n\000s}{part.5}% 182
\BOOKMARK [0][-]{appendix.G}{\376\377\000E\000x\000t\000e\000n\000d\000e\000d\000\040\000M\000a\000t\000h\000e\000m\000a\000t\000i\000c\000a\000l\000\040\000I\000n\000f\000r\000a\000s\000t\000r\000u\000c\000t\000u\000r\000e}{part.5}% 183
\BOOKMARK [0][-]{appendix.H}{\376\377\000B\000i\000b\000l\000i\000o\000g\000r\000a\000p\000h\000i\000c\000\040\000A\000n\000n\000o\000t\000a\000t\000i\000o\000n\000s}{part.5}% 184
