This is XeTeX, Version 3.141592653-2.6-0.999993 (TeX Live 2022/dev/Debian) (preloaded format=xelatex 2025.8.11)  14 SEP 2025 16:58
entering extended mode
 restricted \write18 enabled.
 %&-line parsing enabled.
**viewpoint-diversity.tex
(./viewpoint-diversity.tex
LaTeX2e <2021-11-15> patch level 1
L3 programming layer <2022-01-21>
(/usr/share/texlive/texmf-dist/tex/latex/base/book.cls
Document Class: book 2021/10/04 v1.4n Standard LaTeX document class
(/usr/share/texlive/texmf-dist/tex/latex/base/bk11.clo
File: bk11.clo 2021/10/04 v1.4n Standard LaTeX file (size option)
)
\c@part=\count181
\c@chapter=\count182
\c@section=\count183
\c@subsection=\count184
\c@subsubsection=\count185
\c@paragraph=\count186
\c@subparagraph=\count187
\c@figure=\count188
\c@table=\count189
\abovecaptionskip=\skip47
\belowcaptionskip=\skip48
\bibindent=\dimen138
)
(/usr/share/texlive/texmf-dist/tex/latex/geometry/geometry.sty
Package: geometry 2020/01/02 v5.9 Page Geometry

(/usr/share/texlive/texmf-dist/tex/latex/graphics/keyval.sty
Package: keyval 2014/10/28 v1.15 key=value parser (DPC)
\KV@toks@=\toks16
)
(/usr/share/texlive/texmf-dist/tex/generic/iftex/ifvtex.sty
Package: ifvtex 2019/10/25 v1.7 ifvtex legacy package. Use iftex instead.

(/usr/share/texlive/texmf-dist/tex/generic/iftex/iftex.sty
Package: iftex 2020/03/06 v1.0d TeX engine tests
))
\Gm@cnth=\count190
\Gm@cntv=\count191
\c@Gm@tempcnt=\count192
\Gm@bindingoffset=\dimen139
\Gm@wd@mp=\dimen140
\Gm@odd@mp=\dimen141
\Gm@even@mp=\dimen142
\Gm@layoutwidth=\dimen143
\Gm@layoutheight=\dimen144
\Gm@layouthoffset=\dimen145
\Gm@layoutvoffset=\dimen146
\Gm@dimlist=\toks17
)
(/usr/share/texlive/texmf-dist/tex/latex/setspace/setspace.sty
Package: setspace 2011/12/19 v6.7a set line spacing
)
(/usr/share/texlive/texmf-dist/tex/latex/titlesec/titlesec.sty
Package: titlesec 2021/07/05 v2.14 Sectioning titles
\ttl@box=\box50
\beforetitleunit=\skip49
\aftertitleunit=\skip50
\ttl@plus=\dimen147
\ttl@minus=\dimen148
\ttl@toksa=\toks18
\titlewidth=\dimen149
\titlewidthlast=\dimen150
\titlewidthfirst=\dimen151
)
(/usr/share/texlive/texmf-dist/tex/latex/tocloft/tocloft.sty
Package: tocloft 2017/08/31 v2.3i parameterised ToC, etc., typesetting
Package tocloft Info: The document has chapter divisions on input line 51.
\cftparskip=\skip51
\cftbeforetoctitleskip=\skip52
\cftaftertoctitleskip=\skip53
\cftbeforepartskip=\skip54
\cftpartnumwidth=\skip55
\cftpartindent=\skip56
\cftbeforechapskip=\skip57
\cftchapindent=\skip58
\cftchapnumwidth=\skip59
\cftbeforesecskip=\skip60
\cftsecindent=\skip61
\cftsecnumwidth=\skip62
\cftbeforesubsecskip=\skip63
\cftsubsecindent=\skip64
\cftsubsecnumwidth=\skip65
\cftbeforesubsubsecskip=\skip66
\cftsubsubsecindent=\skip67
\cftsubsubsecnumwidth=\skip68
\cftbeforeparaskip=\skip69
\cftparaindent=\skip70
\cftparanumwidth=\skip71
\cftbeforesubparaskip=\skip72
\cftsubparaindent=\skip73
\cftsubparanumwidth=\skip74
\cftbeforeloftitleskip=\skip75
\cftafterloftitleskip=\skip76
\cftbeforefigskip=\skip77
\cftfigindent=\skip78
\cftfignumwidth=\skip79
\c@lofdepth=\count193
\c@lotdepth=\count194
\cftbeforelottitleskip=\skip80
\cftafterlottitleskip=\skip81
\cftbeforetabskip=\skip82
\cfttabindent=\skip83
\cfttabnumwidth=\skip84
)
(/usr/share/texlive/texmf-dist/tex/latex/appendix/appendix.sty
Package: appendix 2020/02/08 v1.2c extra appendix facilities
\c@@pps=\count195
\c@@ppsavesec=\count196
\c@@ppsaveapp=\count197
)
(/usr/share/texlive/texmf-dist/tex/latex/amsmath/amsmath.sty
Package: amsmath 2021/10/15 v2.17l AMS math features
\@mathmargin=\skip85

For additional information on amsmath, use the `?' option.
(/usr/share/texlive/texmf-dist/tex/latex/amsmath/amstext.sty
Package: amstext 2021/08/26 v2.01 AMS text

(/usr/share/texlive/texmf-dist/tex/latex/amsmath/amsgen.sty
File: amsgen.sty 1999/11/30 v2.0 generic functions
\@emptytoks=\toks19
\ex@=\dimen152
))
(/usr/share/texlive/texmf-dist/tex/latex/amsmath/amsbsy.sty
Package: amsbsy 1999/11/29 v1.2d Bold Symbols
\pmbraise@=\dimen153
)
(/usr/share/texlive/texmf-dist/tex/latex/amsmath/amsopn.sty
Package: amsopn 2021/08/26 v2.02 operator names
)
\inf@bad=\count198
LaTeX Info: Redefining \frac on input line 234.
\uproot@=\count199
\leftroot@=\count266
LaTeX Info: Redefining \overline on input line 399.
\classnum@=\count267
\DOTSCASE@=\count268
LaTeX Info: Redefining \ldots on input line 496.
LaTeX Info: Redefining \dots on input line 499.
LaTeX Info: Redefining \cdots on input line 620.
\Mathstrutbox@=\box51
\strutbox@=\box52
\big@size=\dimen154
LaTeX Font Info:    Redeclaring font encoding OML on input line 743.
LaTeX Font Info:    Redeclaring font encoding OMS on input line 744.
\macc@depth=\count269
\c@MaxMatrixCols=\count270
\dotsspace@=\muskip16
\c@parentequation=\count271
\dspbrk@lvl=\count272
\tag@help=\toks20
\row@=\count273
\column@=\count274
\maxfields@=\count275
\andhelp@=\toks21
\eqnshift@=\dimen155
\alignsep@=\dimen156
\tagshift@=\dimen157
\tagwidth@=\dimen158
\totwidth@=\dimen159
\lineht@=\dimen160
\@envbody=\toks22
\multlinegap=\skip86
\multlinetaggap=\skip87
\mathdisplay@stack=\toks23
LaTeX Info: Redefining \[ on input line 2938.
LaTeX Info: Redefining \] on input line 2939.
)
(/usr/share/texlive/texmf-dist/tex/latex/amsfonts/amssymb.sty
Package: amssymb 2013/01/14 v3.01 AMS font symbols

(/usr/share/texlive/texmf-dist/tex/latex/amsfonts/amsfonts.sty
Package: amsfonts 2013/01/14 v3.01 Basic AMSFonts support
\symAMSa=\mathgroup4
\symAMSb=\mathgroup5
LaTeX Font Info:    Redeclaring math symbol \hbar on input line 98.
LaTeX Font Info:    Overwriting math alphabet `\mathfrak' in version `bold'
(Font)                  U/euf/m/n --> U/euf/b/n on input line 106.
))
(/usr/share/texlive/texmf-dist/tex/latex/amscls/amsthm.sty
Package: amsthm 2020/05/29 v2.20.6
\thm@style=\toks24
\thm@bodyfont=\toks25
\thm@headfont=\toks26
\thm@notefont=\toks27
\thm@headpunct=\toks28
\thm@preskip=\skip88
\thm@postskip=\skip89
\thm@headsep=\skip90
\dth@everypar=\toks29
)
(/usr/share/texlive/texmf-dist/tex/latex/hyperref/hyperref.sty
Package: hyperref 2021-06-07 v7.00m Hypertext links for LaTeX

(/usr/share/texlive/texmf-dist/tex/generic/ltxcmds/ltxcmds.sty
Package: ltxcmds 2020-05-10 v1.25 LaTeX kernel commands for general use (HO)
)
(/usr/share/texlive/texmf-dist/tex/generic/pdftexcmds/pdftexcmds.sty
Package: pdftexcmds 2020-06-27 v0.33 Utility functions of pdfTeX for LuaTeX (HO
)

(/usr/share/texlive/texmf-dist/tex/generic/infwarerr/infwarerr.sty
Package: infwarerr 2019/12/03 v1.5 Providing info/warning/error messages (HO)
)
Package pdftexcmds Info: \pdf@primitive is available.
Package pdftexcmds Info: \pdf@ifprimitive is available.
Package pdftexcmds Info: \pdfdraftmode not found.
)
(/usr/share/texlive/texmf-dist/tex/generic/kvsetkeys/kvsetkeys.sty
Package: kvsetkeys 2019/12/15 v1.18 Key value parser (HO)
)
(/usr/share/texlive/texmf-dist/tex/generic/kvdefinekeys/kvdefinekeys.sty
Package: kvdefinekeys 2019-12-19 v1.6 Define keys (HO)
)
(/usr/share/texlive/texmf-dist/tex/generic/pdfescape/pdfescape.sty
Package: pdfescape 2019/12/09 v1.15 Implements pdfTeX's escape features (HO)
)
(/usr/share/texlive/texmf-dist/tex/latex/hycolor/hycolor.sty
Package: hycolor 2020-01-27 v1.10 Color options for hyperref/bookmark (HO)
)
(/usr/share/texlive/texmf-dist/tex/latex/letltxmacro/letltxmacro.sty
Package: letltxmacro 2019/12/03 v1.6 Let assignment for LaTeX macros (HO)
)
(/usr/share/texlive/texmf-dist/tex/latex/auxhook/auxhook.sty
Package: auxhook 2019-12-17 v1.6 Hooks for auxiliary files (HO)
)
(/usr/share/texlive/texmf-dist/tex/latex/kvoptions/kvoptions.sty
Package: kvoptions 2020-10-07 v3.14 Key value format for package options (HO)
)
\@linkdim=\dimen161
\Hy@linkcounter=\count276
\Hy@pagecounter=\count277

(/usr/share/texlive/texmf-dist/tex/latex/hyperref/pd1enc.def
File: pd1enc.def 2021-06-07 v7.00m Hyperref: PDFDocEncoding definition (HO)
)
(/usr/share/texlive/texmf-dist/tex/latex/hyperref/hyperref-langpatches.def
File: hyperref-langpatches.def 2021-06-07 v7.00m Hyperref: patches for babel la
nguages
)
(/usr/share/texlive/texmf-dist/tex/generic/intcalc/intcalc.sty
Package: intcalc 2019/12/15 v1.3 Expandable calculations with integers (HO)
)
(/usr/share/texlive/texmf-dist/tex/generic/etexcmds/etexcmds.sty
Package: etexcmds 2019/12/15 v1.7 Avoid name clashes with e-TeX commands (HO)
)
\Hy@SavedSpaceFactor=\count278

(/usr/share/texlive/texmf-dist/tex/latex/hyperref/puenc.def
File: puenc.def 2021-06-07 v7.00m Hyperref: PDF Unicode definition (HO)
)
Package hyperref Info: Hyper figures OFF on input line 4192.
Package hyperref Info: Link nesting OFF on input line 4197.
Package hyperref Info: Hyper index ON on input line 4200.
Package hyperref Info: Plain pages OFF on input line 4207.
Package hyperref Info: Backreferencing OFF on input line 4212.
Package hyperref Info: Implicit mode ON; LaTeX internals redefined.
Package hyperref Info: Bookmarks ON on input line 4445.
\c@Hy@tempcnt=\count279

(/usr/share/texlive/texmf-dist/tex/latex/url/url.sty
\Urlmuskip=\muskip17
Package: url 2013/09/16  ver 3.4  Verb mode for urls, etc.
)
LaTeX Info: Redefining \url on input line 4804.
\XeTeXLinkMargin=\dimen162

(/usr/share/texlive/texmf-dist/tex/generic/bitset/bitset.sty
Package: bitset 2019/12/09 v1.3 Handle bit-vector datatype (HO)

(/usr/share/texlive/texmf-dist/tex/generic/bigintcalc/bigintcalc.sty
Package: bigintcalc 2019/12/15 v1.5 Expandable calculations on big integers (HO
)
))
\Fld@menulength=\count280
\Field@Width=\dimen163
\Fld@charsize=\dimen164
Package hyperref Info: Hyper figures OFF on input line 6076.
Package hyperref Info: Link nesting OFF on input line 6081.
Package hyperref Info: Hyper index ON on input line 6084.
Package hyperref Info: backreferencing OFF on input line 6091.
Package hyperref Info: Link coloring OFF on input line 6096.
Package hyperref Info: Link coloring with OCG OFF on input line 6101.
Package hyperref Info: PDF/A mode OFF on input line 6106.
LaTeX Info: Redefining \ref on input line 6146.
LaTeX Info: Redefining \pageref on input line 6150.

(/usr/share/texlive/texmf-dist/tex/latex/base/atbegshi-ltx.sty
Package: atbegshi-ltx 2021/01/10 v1.0c Emulation of the original atbegshi
package with kernel methods
)
\Hy@abspage=\count281
\c@Item=\count282
\c@Hfootnote=\count283
)
Package hyperref Info: Driver (autodetected): hxetex.

(/usr/share/texlive/texmf-dist/tex/latex/hyperref/hxetex.def
File: hxetex.def 2021-06-07 v7.00m Hyperref driver for XeTeX

(/usr/share/texlive/texmf-dist/tex/generic/stringenc/stringenc.sty
Package: stringenc 2019/11/29 v1.12 Convert strings between diff. encodings (HO
)
)
\pdfm@box=\box53
\c@Hy@AnnotLevel=\count284
\HyField@AnnotCount=\count285
\Fld@listcount=\count286
\c@bookmark@seq@number=\count287

(/usr/share/texlive/texmf-dist/tex/latex/rerunfilecheck/rerunfilecheck.sty
Package: rerunfilecheck 2019/12/05 v1.9 Rerun checks for auxiliary files (HO)

(/usr/share/texlive/texmf-dist/tex/latex/base/atveryend-ltx.sty
Package: atveryend-ltx 2020/08/19 v1.0a Emulation of the original atveryend pac
kage
with kernel methods
)
(/usr/share/texlive/texmf-dist/tex/generic/uniquecounter/uniquecounter.sty
Package: uniquecounter 2019/12/15 v1.4 Provide unlimited unique counter (HO)
)
Package uniquecounter Info: New unique counter `rerunfilecheck' on input line 2
86.
)
\Hy@SectionHShift=\skip91
)
(/usr/share/texlive/texmf-dist/tex/latex/fontspec/fontspec.sty
(/usr/share/texlive/texmf-dist/tex/latex/l3packages/xparse/xparse.sty
(/usr/share/texlive/texmf-dist/tex/latex/l3kernel/expl3.sty
Package: expl3 2022-01-21 L3 programming layer (loader) 

(/usr/share/texlive/texmf-dist/tex/latex/l3backend/l3backend-xetex.def
File: l3backend-xetex.def 2022-01-12 L3 backend support: XeTeX

(|extractbb --version)
\c__kernel_sys_dvipdfmx_version_int=\count288
\l__color_backend_stack_int=\count289
\g__color_backend_stack_int=\count290
\g__graphics_track_int=\count291
\l__pdf_internal_box=\box54
\g__pdf_backend_object_int=\count292
\g__pdf_backend_annotation_int=\count293
\g__pdf_backend_link_int=\count294
))
Package: xparse 2022-01-12 L3 Experimental document command parser
)
Package: fontspec 2022/01/15 v2.8a Font selection for XeLaTeX and LuaLaTeX

(/usr/share/texlive/texmf-dist/tex/latex/fontspec/fontspec-xetex.sty
Package: fontspec-xetex 2022/01/15 v2.8a Font selection for XeLaTeX and LuaLaTe
X
\l__fontspec_script_int=\count295
\l__fontspec_language_int=\count296
\l__fontspec_strnum_int=\count297
\l__fontspec_tmp_int=\count298
\l__fontspec_tmpa_int=\count299
\l__fontspec_tmpb_int=\count300
\l__fontspec_tmpc_int=\count301
\l__fontspec_em_int=\count302
\l__fontspec_emdef_int=\count303
\l__fontspec_strong_int=\count304
\l__fontspec_strongdef_int=\count305
\l__fontspec_tmpa_dim=\dimen165
\l__fontspec_tmpb_dim=\dimen166
\l__fontspec_tmpc_dim=\dimen167

(/usr/share/texlive/texmf-dist/tex/latex/base/fontenc.sty
Package: fontenc 2021/04/29 v2.0v Standard LaTeX package
)
(/usr/share/texlive/texmf-dist/tex/latex/fontspec/fontspec.cfg)))
(/usr/share/texlive/texmf-dist/tex/latex/natbib/natbib.sty
Package: natbib 2010/09/13 8.31b (PWD, AO)
\bibhang=\skip92
\bibsep=\skip93
LaTeX Info: Redefining \cite on input line 694.
\c@NAT@ctr=\count306
)

Package fontspec Info: Font family 'NovaMonoStandardGalactic(0)' created for
(fontspec)             font 'NovaMonoStandardGalactic' with options
(fontspec)             [Ligatures=TeX,Path=./,Extension=.ttf].
(fontspec)              
(fontspec)              This font family consists of the following NFSS
(fontspec)             series/shapes:
(fontspec)              
(fontspec)             - 'normal' (m/n) with NFSS spec.:
(fontspec)             <->"[./NovaMonoStandardGalactic.ttf]/OT:language=dflt;ma
pping=tex-text;"
(fontspec)             - 'small caps'  (m/sc) with NFSS spec.: 

\c@theorem=\count307
Package hyperref Info: Option `colorlinks' set `true' on input line 40.

(./viewpoint-diversity.aux)
\openout1 = `viewpoint-diversity.aux'.

LaTeX Font Info:    Checking defaults for OML/cmm/m/it on input line 50.
LaTeX Font Info:    ... okay on input line 50.
LaTeX Font Info:    Checking defaults for OMS/cmsy/m/n on input line 50.
LaTeX Font Info:    ... okay on input line 50.
LaTeX Font Info:    Checking defaults for OT1/cmr/m/n on input line 50.
LaTeX Font Info:    ... okay on input line 50.
LaTeX Font Info:    Checking defaults for T1/cmr/m/n on input line 50.
LaTeX Font Info:    ... okay on input line 50.
LaTeX Font Info:    Checking defaults for TS1/cmr/m/n on input line 50.
LaTeX Font Info:    Trying to load font information for TS1+cmr on input line 5
0.

(/usr/share/texlive/texmf-dist/tex/latex/base/ts1cmr.fd
File: ts1cmr.fd 2019/12/16 v2.5j Standard LaTeX font definitions
)
LaTeX Font Info:    ... okay on input line 50.
LaTeX Font Info:    Checking defaults for TU/lmr/m/n on input line 50.
LaTeX Font Info:    ... okay on input line 50.
LaTeX Font Info:    Checking defaults for OMX/cmex/m/n on input line 50.
LaTeX Font Info:    ... okay on input line 50.
LaTeX Font Info:    Checking defaults for U/cmr/m/n on input line 50.
LaTeX Font Info:    ... okay on input line 50.
LaTeX Font Info:    Checking defaults for PD1/pdf/m/n on input line 50.
LaTeX Font Info:    ... okay on input line 50.
LaTeX Font Info:    Checking defaults for PU/pdf/m/n on input line 50.
LaTeX Font Info:    ... okay on input line 50.

*geometry* driver: auto-detecting
*geometry* detected driver: xetex
*geometry* verbose mode - [ preamble ] result:
* driver: xetex
* paper: a4paper
* layout: <same size as paper>
* layoutoffset:(h,v)=(0.0pt,0.0pt)
* modes: twoside 
* h-part:(L,W,R)=(72.26999pt, 452.9679pt, 72.26999pt)
* v-part:(T,H,B)=(72.26999pt, 700.50687pt, 72.26999pt)
* \paperwidth=597.50787pt
* \paperheight=845.04684pt
* \textwidth=452.9679pt
* \textheight=700.50687pt
* \oddsidemargin=0.0pt
* \evensidemargin=0.0pt
* \topmargin=-31.8738pt
* \headheight=12.0pt
* \headsep=19.8738pt
* \topskip=11.0pt
* \footskip=27.46295pt
* \marginparwidth=106.0pt
* \marginparsep=7.0pt
* \columnsep=10.0pt
* \skip\footins=10.0pt plus 4.0pt minus 2.0pt
* \hoffset=0.0pt
* \voffset=0.0pt
* \mag=1000
* \@twocolumnfalse
* \@twosidetrue
* \@mparswitchtrue
* \@reversemarginfalse
* (1in=72.27pt=25.4mm, 1cm=28.453pt)

(/usr/share/texlive/texmf-dist/tex/latex/graphics/color.sty
Package: color 2021/12/07 v1.3c Standard LaTeX Color (DPC)

(/usr/share/texlive/texmf-dist/tex/latex/graphics-cfg/color.cfg
File: color.cfg 2016/01/02 v1.6 sample color configuration
)
Package color Info: Driver file: xetex.def on input line 149.

(/usr/share/texlive/texmf-dist/tex/latex/graphics-def/xetex.def
File: xetex.def 2021/03/18 v5.0k Graphics/color driver for xetex
))
Package hyperref Info: Link coloring ON on input line 50.

(/usr/share/texlive/texmf-dist/tex/latex/hyperref/nameref.sty
Package: nameref 2021-04-02 v2.47 Cross-referencing by name of section

(/usr/share/texlive/texmf-dist/tex/latex/refcount/refcount.sty
Package: refcount 2019/12/15 v3.6 Data extraction from label references (HO)
)
(/usr/share/texlive/texmf-dist/tex/generic/gettitlestring/gettitlestring.sty
Package: gettitlestring 2019/12/15 v1.6 Cleanup title references (HO)
)
\c@section@level=\count308
)
LaTeX Info: Redefining \ref on input line 50.
LaTeX Info: Redefining \pageref on input line 50.
LaTeX Info: Redefining \nameref on input line 50.

(./viewpoint-diversity.out) (./viewpoint-diversity.out)
\@outlinefile=\write3
\openout3 = `viewpoint-diversity.out'.


Package fontspec Info: Adjusting the maths setup (use [no-math] to avoid
(fontspec)             this).

\symlegacymaths=\mathgroup6
LaTeX Font Info:    Overwriting symbol font `legacymaths' in version `bold'
(Font)                  OT1/cmr/m/n --> OT1/cmr/bx/n on input line 50.
LaTeX Font Info:    Redeclaring math accent \acute on input line 50.
LaTeX Font Info:    Redeclaring math accent \grave on input line 50.
LaTeX Font Info:    Redeclaring math accent \ddot on input line 50.
LaTeX Font Info:    Redeclaring math accent \tilde on input line 50.
LaTeX Font Info:    Redeclaring math accent \bar on input line 50.
LaTeX Font Info:    Redeclaring math accent \breve on input line 50.
LaTeX Font Info:    Redeclaring math accent \check on input line 50.
LaTeX Font Info:    Redeclaring math accent \hat on input line 50.
LaTeX Font Info:    Redeclaring math accent \dot on input line 50.
LaTeX Font Info:    Redeclaring math accent \mathring on input line 50.
LaTeX Font Info:    Redeclaring math symbol \Gamma on input line 50.
LaTeX Font Info:    Redeclaring math symbol \Delta on input line 50.
LaTeX Font Info:    Redeclaring math symbol \Theta on input line 50.
LaTeX Font Info:    Redeclaring math symbol \Lambda on input line 50.
LaTeX Font Info:    Redeclaring math symbol \Xi on input line 50.
LaTeX Font Info:    Redeclaring math symbol \Pi on input line 50.
LaTeX Font Info:    Redeclaring math symbol \Sigma on input line 50.
LaTeX Font Info:    Redeclaring math symbol \Upsilon on input line 50.
LaTeX Font Info:    Redeclaring math symbol \Phi on input line 50.
LaTeX Font Info:    Redeclaring math symbol \Psi on input line 50.
LaTeX Font Info:    Redeclaring math symbol \Omega on input line 50.
LaTeX Font Info:    Redeclaring math symbol \mathdollar on input line 50.
LaTeX Font Info:    Redeclaring symbol font `operators' on input line 50.
LaTeX Font Info:    Encoding `OT1' has changed to `TU' for symbol font
(Font)              `operators' in the math version `normal' on input line 50.
LaTeX Font Info:    Overwriting symbol font `operators' in version `normal'
(Font)                  OT1/cmr/m/n --> TU/NovaMonoStandardGalactic(0)/m/n on i
nput line 50.
LaTeX Font Info:    Encoding `OT1' has changed to `TU' for symbol font
(Font)              `operators' in the math version `bold' on input line 50.
LaTeX Font Info:    Overwriting symbol font `operators' in version `bold'
(Font)                  OT1/cmr/bx/n --> TU/NovaMonoStandardGalactic(0)/m/n on 
input line 50.
LaTeX Font Info:    Overwriting symbol font `operators' in version `normal'
(Font)                  TU/NovaMonoStandardGalactic(0)/m/n --> TU/NovaMonoStand
ardGalactic(0)/m/n on input line 50.
LaTeX Font Info:    Overwriting math alphabet `\mathit' in version `normal'
(Font)                  OT1/cmr/m/it --> TU/NovaMonoStandardGalactic(0)/m/it on
 input line 50.
LaTeX Font Info:    Overwriting math alphabet `\mathbf' in version `normal'
(Font)                  OT1/cmr/bx/n --> TU/NovaMonoStandardGalactic(0)/b/n on 
input line 50.
LaTeX Font Info:    Overwriting math alphabet `\mathsf' in version `normal'
(Font)                  OT1/cmss/m/n --> TU/lmss/m/n on input line 50.
LaTeX Font Info:    Overwriting math alphabet `\mathtt' in version `normal'
(Font)                  OT1/cmtt/m/n --> TU/lmtt/m/n on input line 50.
LaTeX Font Info:    Overwriting symbol font `operators' in version `bold'
(Font)                  TU/NovaMonoStandardGalactic(0)/m/n --> TU/NovaMonoStand
ardGalactic(0)/b/n on input line 50.
LaTeX Font Info:    Overwriting math alphabet `\mathit' in version `bold'
(Font)                  OT1/cmr/bx/it --> TU/NovaMonoStandardGalactic(0)/b/it o
n input line 50.
LaTeX Font Info:    Overwriting math alphabet `\mathsf' in version `bold'
(Font)                  OT1/cmss/bx/n --> TU/lmss/b/n on input line 50.
LaTeX Font Info:    Overwriting math alphabet `\mathtt' in version `bold'
(Font)                  OT1/cmtt/m/n --> TU/lmtt/b/n on input line 50.
LaTeX Font Info:    Trying to load font information for U+msa on input line 54.


(/usr/share/texlive/texmf-dist/tex/latex/amsfonts/umsa.fd
File: umsa.fd 2013/01/14 v3.01 AMS symbols A
)
LaTeX Font Info:    Trying to load font information for U+msb on input line 54.


(/usr/share/texlive/texmf-dist/tex/latex/amsfonts/umsb.fd
File: umsb.fd 2013/01/14 v3.01 AMS symbols B
) [1


]

! LaTeX Error: Environment abstract undefined.

See the LaTeX manual or LaTeX Companion for explanation.
Type  H <return>  for immediate help.
 ...                                              
                                                  
l.56 \begin{abstract}
                     
? 

! LaTeX Error: \begin{document} ended by \end{abstract}.

See the LaTeX manual or LaTeX Companion for explanation.
Type  H <return>  for immediate help.
 ...                                              
                                                  
l.62 \end{abstract}
                   
? 
[2]

LaTeX Font Warning: Font shape `TU/NovaMonoStandardGalactic(0)/b/n' undefined
(Font)              using `TU/NovaMonoStandardGalactic(0)/m/n' instead on input
 line 65.

(./viewpoint-diversity.toc
Underfull \vbox (badness 10000) has occurred while \output is active []

 [3

]
Missing character: There is no ʾ (U+02BE) in font [./NovaMonoStandardGalactic.t
tf]/OT:language=dflt;mapping=tex-text;!
[4]
Overfull \hbox (1.85213pt too wide) detected at line 37
\TU/NovaMonoStandardGalactic(0)/b/n/10.95 4.5.10 
 []

[5]
Overfull \hbox (1.85213pt too wide) detected at line 105
\TU/NovaMonoStandardGalactic(0)/b/n/10.95 11.8.1 
 []


Overfull \hbox (1.85213pt too wide) detected at line 106
\TU/NovaMonoStandardGalactic(0)/b/n/10.95 11.8.2 
 []


Overfull \hbox (1.85213pt too wide) detected at line 107
\TU/NovaMonoStandardGalactic(0)/b/n/10.95 11.8.3 
 []


Overfull \hbox (1.85213pt too wide) detected at line 108
\TU/NovaMonoStandardGalactic(0)/b/n/10.95 11.8.4 
 []


Overfull \hbox (1.85213pt too wide) detected at line 109
\TU/NovaMonoStandardGalactic(0)/b/n/10.95 11.8.5 
 []


Overfull \hbox (1.85213pt too wide) detected at line 110
\TU/NovaMonoStandardGalactic(0)/b/n/10.95 11.8.6 
 []

[6]
Overfull \hbox (1.85213pt too wide) detected at line 119
\TU/NovaMonoStandardGalactic(0)/b/n/10.95 12.7.1 
 []


Overfull \hbox (1.85213pt too wide) detected at line 120
\TU/NovaMonoStandardGalactic(0)/b/n/10.95 12.7.2 
 []


Overfull \hbox (1.85213pt too wide) detected at line 121
\TU/NovaMonoStandardGalactic(0)/b/n/10.95 12.7.3 
 []


Overfull \hbox (1.85213pt too wide) detected at line 122
\TU/NovaMonoStandardGalactic(0)/b/n/10.95 12.7.4 
 []


Overfull \hbox (1.85213pt too wide) detected at line 123
\TU/NovaMonoStandardGalactic(0)/b/n/10.95 12.7.5 
 []


Overfull \hbox (1.85213pt too wide) detected at line 146
\TU/NovaMonoStandardGalactic(0)/b/n/10.95 15.7.1 
 []


Overfull \hbox (1.85213pt too wide) detected at line 147
\TU/NovaMonoStandardGalactic(0)/b/n/10.95 15.7.2 
 []


Overfull \hbox (1.85213pt too wide) detected at line 148
\TU/NovaMonoStandardGalactic(0)/b/n/10.95 15.7.3 
 []

[7]
Overfull \hbox (1.85213pt too wide) detected at line 149
\TU/NovaMonoStandardGalactic(0)/b/n/10.95 15.7.4 
 []


Overfull \hbox (1.85213pt too wide) detected at line 150
\TU/NovaMonoStandardGalactic(0)/b/n/10.95 15.7.5 
 []


Overfull \hbox (5.5584pt too wide) detected at line 178
\TU/NovaMonoStandardGalactic(0)/b/n/10.95 19.10 
 []


LaTeX Font Warning: Font shape `TU/NovaMonoStandardGalactic(0)/b/it' undefined
(Font)              using `TU/NovaMonoStandardGalactic(0)/b/n' instead on input
 line 184.

Missing character: There is no ʾ (U+02BE) in font [./NovaMonoStandardGalactic.t
tf]/OT:language=dflt;mapping=tex-text;!
[8])
\tf@toc=\write4
\openout4 = `viewpoint-diversity.toc'.

 [9] [10

]
Chapter 1.

LaTeX Font Warning: Font shape `TU/NovaMonoStandardGalactic(0)/m/it' undefined
(Font)              using `TU/NovaMonoStandardGalactic(0)/m/n' instead on input
 line 83.

[11

] [12]
Chapter 2.
Missing character: There is no ʿ (U+02BF) in font [./NovaMonoStandardGalactic.t
tf]/OT:language=dflt;mapping=tex-text;!
Missing character: There is no ʿ (U+02BF) in font [./NovaMonoStandardGalactic.t
tf]/OT:language=dflt;mapping=tex-text;!
[13

] [14] [15]
Chapter 3.
Missing character: There is no ʾ (U+02BE) in font [./NovaMonoStandardGalactic.t
tf]/OT:language=dflt;mapping=tex-text;!
Missing character: There is no ʾ (U+02BE) in font [./NovaMonoStandardGalactic.t
tf]/OT:language=dflt;mapping=tex-text;!
Missing character: There is no ʾ (U+02BE) in font [./NovaMonoStandardGalactic.t
tf]/OT:language=dflt;mapping=tex-text;!
Missing character: There is no أ (U+0623) in font [./NovaMonoStandardGalactic.t
tf]/OT:language=dflt;mapping=tex-text;!
Missing character: There is no ق (U+0642) in font [./NovaMonoStandardGalactic.t
tf]/OT:language=dflt;mapping=tex-text;!
Missing character: There is no ر (U+0631) in font [./NovaMonoStandardGalactic.t
tf]/OT:language=dflt;mapping=tex-text;!
Missing character: There is no أ (U+0623) in font [./NovaMonoStandardGalactic.t
tf]/OT:language=dflt;mapping=tex-text;!
Missing character: There is no ʿ (U+02BF) in font [./NovaMonoStandardGalactic.t
tf]/OT:language=dflt;mapping=tex-text;!
Missing character: There is no ʾ (U+02BE) in font [./NovaMonoStandardGalactic.t
tf]/OT:language=dflt;mapping=tex-text;!
Missing character: There is no ʾ (U+02BE) in font [./NovaMonoStandardGalactic.t
tf]/OT:language=dflt;mapping=tex-text;!
[16

]
Missing character: There is no ʾ (U+02BE) in font [./NovaMonoStandardGalactic.t
tf]/OT:language=dflt;mapping=tex-text;!
Missing character: There is no ṛ (U+1E5B) in font [./NovaMonoStandardGalactic.t
tf]/OT:language=dflt;mapping=tex-text;!
Missing character: There is no ṣ (U+1E63) in font [./NovaMonoStandardGalactic.t
tf]/OT:language=dflt;mapping=tex-text;!
Missing character: There is no ṭ (U+1E6D) in font [./NovaMonoStandardGalactic.t
tf]/OT:language=dflt;mapping=tex-text;!
Missing character: There is no ʾ (U+02BE) in font [./NovaMonoStandardGalactic.t
tf]/OT:language=dflt;mapping=tex-text;!
[17] [18]
Chapter 4.
[19

] [20]
Overfull \hbox (11.63283pt too wide) in paragraph at lines 262--264
\TU/NovaMonoStandardGalactic(0)/m/it/10.95 with $\OML/cmm/m/it/10.95 a[]; a[] >
 \OT1/cmr/m/n/10.95 0$ \TU/NovaMonoStandardGalactic(0)/m/it/10.95 and $[]$ spat
ial averages. Driving $\OML/cmm/m/it/10.95 J[] \OMS/cmsy/m/n/10.95 ! \OT1/cmr/m
/n/10.95 0$ \TU/NovaMonoStandardGalactic(0)/m/it/10.95 realizes $\OML/cmm/m/it/
10.95 I\OT1/cmr/m/n/10.95 ([]; []) \OMS/cmsy/m/n/10.95 !
 []

[21] [22] [23] [24

]
Chapter 5.
Missing character: There is no ṣ (U+1E63) in font [./NovaMonoStandardGalactic.t
tf]/OT:language=dflt;mapping=tex-text;!
[25

] [26]
Chapter 6.
[27

] [28] [29]
Overfull \hbox (2.0231pt too wide) in paragraph at lines 502--505
[]\TU/NovaMonoStandardGalactic(0)/m/it/10.95 Thus, the artificial neuron is a l
iving instantiation of al-jabr: restora-
 []

[30]
Overfull \hbox (1.1255pt too wide) in paragraph at lines 528--529
[]\TU/NovaMonoStandardGalactic(0)/m/it/10.95 In semantics, competing interpreta
tions are reconciled by gluing sheaves
 []

[31]
Overfull \hbox (28.72623pt too wide) in paragraph at lines 541--544
[]\TU/NovaMonoStandardGalactic(0)/m/it/10.95 Constraint Satisfaction. Algebra a
nticipates modern constraint-satisfaction
 []

[32] [33]
Chapter 7.
[34

] [35] [36] [37

] [38

] [39]
Chapter 8.
[40

]
Overfull \hbox (3.96208pt too wide) in paragraph at lines 776--777
[]$\OML/cmm/m/it/10.95 S$ \TU/NovaMonoStandardGalactic(0)/m/it/10.95 (entropy) 
represents disorder introduced by environmental constraints. 
 []

[41] [42]
Chapter 9.
[43

]
Overfull \hbox (0.71559pt too wide) in paragraph at lines 843--845
[]\TU/NovaMonoStandardGalactic(0)/m/it/10.95 Joseph storing grain anticipates e
rror minimization by buffering against
 []

[44]
Underfull \vbox (badness 1117) has occurred while \output is active []

 [45]
[46] [47]
Chapter 10.
[48

] [49] [50] [51]
Chapter 11.
[52

] [53] [54]
Overfull \hbox (86.81236pt too wide) detected at line 1265
\OML/cmm/m/it/10.95 ^^\[]  \OT1/cmr/m/n/10.95 =  \OML/cmm/m/it/10.95 ^^_  [][] 
  S\OT1/cmr/m/n/10.95 (\OML/cmm/m/it/10.95 `\OT1/cmr/m/n/10.95 ) \OML/cmm/m/it/
10.95 d`  []  S \OMS/cmsy/m/n/10.95 ^^X G\OT1/cmr/m/n/10.95 [^^H\OML/cmm/m/it/1
0.95 ; []\OT1/cmr/m/n/10.95 ]  \OMS/cmsy/m/n/10.95 )  \OML/cmm/m/it/10.95 z[]\O
T1/cmr/m/n/10.95 ^^A^^H[][]\OML/cmm/m/it/10.95 :
 []

[55] [56]
Chapter 12.
[57

] [58] [59]
Overfull \hbox (47.53468pt too wide) in paragraph at lines 1430--1434
\TU/NovaMonoStandardGalactic(0)/m/it/10.95 For a measure–preserving flow on the
 compact coarse state space, a pigeonhole/Markov–
 []

[60] [61] [62

]
Chapter 13.

Underfull \vbox (badness 2205) has occurred while \output is active []

 [63

]
[64] [65]
Chapter 14.
[66

] [67] [68

]
Chapter 15.
[69

] [70]
Underfull \vbox (badness 5203) has occurred while \output is active []

 [71]
[72]
Chapter 16.
[73

] [74] [75]
Chapter 17.
[76

]
Overfull \hbox (1.34921pt too wide) in paragraph at lines 1940--1945
\TU/NovaMonoStandardGalactic(0)/m/it/10.95 Topological and semantic infrastruct
ure unifies RSVP across domains. Sheaves
 []

[77] [78]
Chapter 18.

Underfull \vbox (badness 2608) has occurred while \output is active []

 [79

]
[80] [81]
Chapter 19.
Missing character: There is no ʾ (U+02BE) in font [./NovaMonoStandardGalactic.t
tf]/OT:language=dflt;mapping=tex-text;!
[82

] [83] (./appendices.tex [84] [85]
Appendix A.
Missing character: There is no כ (U+05DB) in font [./NovaMonoStandardGalactic.t
tf]/OT:language=dflt;mapping=tex-text;!
Missing character: There is no ּ (U+05BC) in font [./NovaMonoStandardGalactic.t
tf]/OT:language=dflt;mapping=tex-text;!
Missing character: There is no ָ (U+05B8) in font [./NovaMonoStandardGalactic.t
tf]/OT:language=dflt;mapping=tex-text;!
Missing character: There is no ס (U+05E1) in font [./NovaMonoStandardGalactic.t
tf]/OT:language=dflt;mapping=tex-text;!
Missing character: There is no ָ (U+05B8) in font [./NovaMonoStandardGalactic.t
tf]/OT:language=dflt;mapping=tex-text;!
Missing character: There is no ה (U+05D4) in font [./NovaMonoStandardGalactic.t
tf]/OT:language=dflt;mapping=tex-text;!
Missing character: There is no ʾ (U+02BE) in font [./NovaMonoStandardGalactic.t
tf]/OT:language=dflt;mapping=tex-text;!
Missing character: There is no ʾ (U+02BE) in font [./NovaMonoStandardGalactic.t
tf]/OT:language=dflt;mapping=tex-text;!
Missing character: There is no أ (U+0623) in font [./NovaMonoStandardGalactic.t
tf]/OT:language=dflt;mapping=tex-text;!
Missing character: There is no ق (U+0642) in font [./NovaMonoStandardGalactic.t
tf]/OT:language=dflt;mapping=tex-text;!
Missing character: There is no ر (U+0631) in font [./NovaMonoStandardGalactic.t
tf]/OT:language=dflt;mapping=tex-text;!
Missing character: There is no أ (U+0623) in font [./NovaMonoStandardGalactic.t
tf]/OT:language=dflt;mapping=tex-text;!

Underfull \vbox (badness 3386) has occurred while \output is active []

 [86

]
Missing character: There is no ṛ (U+1E5B) in font [./NovaMonoStandardGalactic.t
tf]/OT:language=dflt;mapping=tex-text;!
[87]
Appendix B.
[88

] [89]
Appendix C.
[90

]
Appendix D.
[91

]
Appendix E.
Missing character: There is no ʾ (U+02BE) in font [./NovaMonoStandardGalactic.t
tf]/OT:language=dflt;mapping=tex-text;!
Missing character: There is no ʾ (U+02BE) in font [./NovaMonoStandardGalactic.t
tf]/OT:language=dflt;mapping=tex-text;!
[92

]
Appendix F.
[93

]
Appendix G.
[94

]
Appendix H.
) (./viewpoint-diversity.bbl [95

]
Missing character: There is no أ (U+0623) in font [./NovaMonoStandardGalactic.t
tf]/OT:language=dflt;mapping=tex-text;!
Missing character: There is no ق (U+0642) in font [./NovaMonoStandardGalactic.t
tf]/OT:language=dflt;mapping=tex-text;!
Missing character: There is no ر (U+0631) in font [./NovaMonoStandardGalactic.t
tf]/OT:language=dflt;mapping=tex-text;!
Missing character: There is no أ (U+0623) in font [./NovaMonoStandardGalactic.t
tf]/OT:language=dflt;mapping=tex-text;!
Missing character: There is no أ (U+0623) in font [lmmono10-regular]:!
Missing character: There is no ق (U+0642) in font [lmmono10-regular]:!
Missing character: There is no ر (U+0631) in font [lmmono10-regular]:!
Missing character: There is no أ (U+0623) in font [lmmono10-regular]:!
Missing character: There is no ʔ (U+0294) in font [./NovaMonoStandardGalactic.t
tf]/OT:language=dflt;mapping=tex-text;!
[96

]) [97] (./viewpoint-diversity.aux)

LaTeX Font Warning: Some font shapes were not available, defaults substituted.

Package rerunfilecheck Info: File `viewpoint-diversity.out' has not changed.
(rerunfilecheck)             Checksum: 3FDC0A378058FCF6F457C3DA546737E2;41000.
 ) 
Here is how much of TeX's memory you used:
 13188 strings out of 476191
 254463 string characters out of 5812072
 656669 words of memory out of 5000000
 33748 multiletter control sequences out of 15000+600000
 479347 words of font info for 80 fonts, out of 8000000 for 9000
 1348 hyphenation exceptions out of 8191
 73i,12n,77p,895b,464s stack positions out of 5000i,500n,10000p,200000b,80000s

Output written on viewpoint-diversity.pdf (97 pages).
