\BOOKMARK [0][-]{chapter*.2}{\376\377\000P\000r\000e\000f\000a\000c\000e}{}% 1
\BOOKMARK [-1][-]{part.1}{\376\377\000T\000h\000e\000\040\000C\000o\000m\000p\000u\000t\000a\000t\000i\000o\000n\000a\000l\000\040\000A\000r\000c\000h\000i\000t\000e\000c\000t\000u\000r\000e\000\040\000o\000f\000\040\000F\000e\000e\000l\000i\000n\000g}{}% 2
\BOOKMARK [0][-]{chapter.1}{\376\377\000O\000n\000t\000o\000l\000o\000g\000i\000c\000a\000l\000\040\000C\000o\000m\000m\000i\000t\000m\000e\000n\000t\000s\000:\000\040\000W\000h\000a\000t\000\040\000M\000i\000n\000d\000s\000\040\000A\000r\000e\000\040\000M\000a\000d\000e\000\040\000O\000f}{part.1}% 3
\BOOKMARK [1][-]{section.1.1}{\376\377\000T\000h\000e\000\040\000O\000r\000g\000a\000n\000i\000s\000m\000\040\000a\000s\000\040\000a\000\040\000C\000o\000n\000t\000r\000o\000l\000\040\000M\000a\000n\000i\000f\000o\000l\000d}{chapter.1}% 4
\BOOKMARK [1][-]{section.1.2}{\376\377\000V\000a\000l\000e\000n\000c\000e\000\040\000a\000s\000\040\000a\000\040\000G\000r\000a\000d\000i\000e\000n\000t\000\040\000F\000i\000e\000l\000d\000\040\000o\000n\000\040\000S\000t\000a\000t\000e\000\040\000S\000p\000a\000c\000e}{chapter.1}% 5
\BOOKMARK [1][-]{section.1.3}{\376\377\000D\000r\000i\000v\000e\000s\000\040\000a\000s\000\040\000H\000o\000m\000e\000o\000s\000t\000a\000t\000i\000c\000\040\000S\000u\000b\000m\000a\000n\000i\000f\000o\000l\000d\000s}{chapter.1}% 6
\BOOKMARK [0][-]{chapter.2}{\376\377\000F\000u\000n\000c\000t\000i\000o\000n\000a\000l\000\040\000A\000n\000a\000t\000o\000m\000y\000\040\000o\000f\000\040\000t\000h\000e\000\040\000F\000e\000l\000t\000\040\000S\000t\000a\000t\000e}{part.1}% 7
\BOOKMARK [1][-]{section.2.1}{\376\377\000T\000h\000r\000e\000e\000\040\000C\000o\000r\000e\000\040\000S\000u\000b\000s\000y\000s\000t\000e\000m\000s}{chapter.2}% 8
\BOOKMARK [1][-]{section.2.2}{\376\377\000W\000h\000e\000r\000e\000\040\000a\000n\000d\000\040\000H\000o\000w\000\040\000F\000e\000e\000l\000i\000n\000g\000\040\000i\000s\000\040\000G\000e\000n\000e\000r\000a\000t\000e\000d}{chapter.2}% 9
\BOOKMARK [1][-]{section.2.3}{\376\377\000G\000l\000o\000b\000a\000l\000\040\000B\000r\000o\000a\000d\000c\000a\000s\000t\000\040\000a\000s\000\040\000M\000e\000t\000a\000b\000o\000l\000i\000c\000\040\000P\000r\000i\000o\000r\000i\000t\000y}{chapter.2}% 10
\BOOKMARK [0][-]{chapter.3}{\376\377\000T\000h\000e\000\040\000F\000o\000r\000m\000a\000l\000\040\000S\000t\000r\000u\000c\000t\000u\000r\000e\000\040\000o\000f\000\040\000A\000f\000f\000e\000c\000t\000i\000v\000e\000\040\000C\000o\000m\000p\000u\000t\000a\000t\000i\000o\000n}{part.1}% 11
\BOOKMARK [1][-]{section.3.1}{\376\377\000E\000r\000r\000o\000r\000\040\000\040\000F\000e\000e\000l\000i\000n\000g\000\040\000\040\000A\000c\000t\000i\000o\000n}{chapter.3}% 12
\BOOKMARK [1][-]{section.3.2}{\376\377\000T\000h\000e\000\040\000E\000n\000e\000r\000g\000e\000t\000i\000c\000\040\000C\000o\000s\000t\000\040\000M\000o\000d\000e\000l}{chapter.3}% 13
\BOOKMARK [1][-]{section.3.3}{\376\377\000A\000f\000f\000e\000c\000t\000i\000v\000e\000\040\000C\000o\000m\000p\000r\000e\000s\000s\000i\000o\000n}{chapter.3}% 14
\BOOKMARK [0][-]{chapter.4}{\376\377\000G\000l\000o\000b\000a\000l\000\040\000C\000o\000n\000t\000r\000o\000l\000\040\000T\000h\000r\000o\000u\000g\000h\000\040\000A\000f\000f\000e\000c\000t}{part.1}% 15
\BOOKMARK [1][-]{section.4.1}{\376\377\000A\000f\000f\000e\000c\000t\000\040\000a\000s\000\040\000C\000o\000o\000r\000d\000i\000n\000a\000t\000i\000o\000n\000\040\000L\000a\000y\000e\000r}{chapter.4}% 16
\BOOKMARK [1][-]{section.4.2}{\376\377\000W\000h\000y\000\040\000A\000f\000f\000e\000c\000t\000\040\000M\000u\000s\000t\000\040\000H\000a\000v\000e\000\040\000P\000h\000e\000n\000o\000m\000e\000n\000o\000l\000o\000g\000y}{chapter.4}% 17
\BOOKMARK [1][-]{section.4.3}{\376\377\000T\000h\000e\000\040\000O\000r\000g\000a\000n\000i\000s\000m\000\040\000a\000s\000\040\000T\000h\000e\000r\000m\000o\000d\000y\000n\000a\000m\000i\000c\000\040\000C\000o\000n\000t\000r\000o\000l\000l\000e\000r}{chapter.4}% 18
\BOOKMARK [-1][-]{part.2}{\376\377\000R\000S\000V\000P\000\040\000F\000i\000e\000l\000d\000\040\000T\000h\000e\000o\000r\000y\000\040\000a\000s\000\040\000A\000f\000f\000e\000c\000t\000i\000v\000e\000\040\000G\000e\000o\000m\000e\000t\000r\000y}{}% 19
\BOOKMARK [0][-]{chapter.5}{\376\377\000T\000h\000e\000\040\000S\000o\000l\000m\000s\000\040\000M\000a\000n\000i\000f\000o\000l\000d\000\040\000a\000s\000\040\000a\000\040\000D\000e\000r\000i\000v\000e\000d\000\040\000F\000i\000e\000l\000d\000\040\000O\000b\000j\000e\000c\000t}{part.2}% 20
\BOOKMARK [1][-]{section.5.1}{\376\377\000F\000r\000o\000m\000\040\000S\000t\000a\000t\000e\000\040\000M\000a\000n\000i\000f\000o\000l\000d\000\040\000t\000o\000\040\000M\000a\000p\000p\000i\000n\000g\000\040\000S\000t\000a\000c\000k}{chapter.5}% 21
\BOOKMARK [1][-]{section.5.2}{\376\377\000F\000e\000e\000l\000i\000n\000g\000\040\000a\000s\000\040\000a\000\040\000F\000u\000n\000c\000t\000i\000o\000n\000a\000l\000\040\000o\000n\000\040\000t\000h\000e\000\040\000D\000e\000r\000i\000v\000e\000d\000\040\000G\000e\000o\000m\000e\000t\000r\000i\000c\000\040\000O\000b\000j\000e\000c\000t}{chapter.5}% 22
\BOOKMARK [0][-]{chapter.6}{\376\377\000S\000c\000a\000l\000a\000r\000,\000\040\000V\000e\000c\000t\000o\000r\000,\000\040\000a\000n\000d\000\040\000E\000n\000t\000r\000o\000p\000i\000c\000\040\000F\000i\000e\000l\000d\000s\000\040\000a\000s\000\040\000D\000e\000e\000p\000\040\000S\000u\000b\000s\000t\000r\000a\000t\000e}{part.2}% 23
\BOOKMARK [1][-]{section.6.1}{\376\377\000S\000c\000a\000l\000a\000r\000\040\000A\000f\000f\000e\000c\000t\000i\000v\000e\000\040\000F\000i\000e\000l\000d\000\040\000a\000n\000d\000\040\000R\000S\000V\000P\000'\000s\000\040}{chapter.6}% 24
\BOOKMARK [1][-]{section.6.2}{\376\377\000V\000e\000c\000t\000o\000r\000\040\000F\000l\000o\000w\000\040\000a\000n\000d\000\040\000I\000n\000t\000e\000n\000t\000i\000o\000n\000a\000l\000\040\000A\000c\000t\000i\000o\000n}{chapter.6}% 25
\BOOKMARK [1][-]{section.6.3}{\376\377\000D\000r\000i\000v\000e\000s\000\040\000a\000s\000\040\000B\000o\000u\000n\000d\000a\000r\000y\000\040\000C\000o\000n\000d\000i\000t\000i\000o\000n\000s}{chapter.6}% 26
\BOOKMARK [0][-]{chapter.7}{\376\377\000H\000o\000m\000e\000o\000s\000t\000a\000s\000i\000s\000\040\000a\000s\000\040\000a\000\040\000S\000h\000i\000f\000t\000e\000d\000\040\000S\000y\000m\000p\000l\000e\000c\000t\000i\000c\000\040\000P\000r\000o\000b\000l\000e\000m}{part.2}% 27
\BOOKMARK [1][-]{section.7.1}{\376\377\000V\000i\000a\000b\000l\000e\000\040\000S\000t\000a\000t\000e\000s\000\040\000a\000s\000\040\000L\000a\000g\000r\000a\000n\000g\000i\000a\000n\000\040\000S\000u\000b\000s\000t\000a\000c\000k}{chapter.7}% 28
\BOOKMARK [1][-]{section.7.2}{\376\377\000A\000c\000t\000i\000o\000n\000\040\000S\000e\000l\000e\000c\000t\000i\000o\000n\000\040\000a\000s\000\040\000S\000y\000m\000p\000l\000e\000c\000t\000i\000c\000\040\000T\000r\000a\000n\000s\000p\000o\000r\000t}{chapter.7}% 29
\BOOKMARK [0][-]{chapter.8}{\376\377\000R\000S\000V\000P\000'\000s\000\040\000I\000n\000t\000e\000r\000p\000r\000e\000t\000a\000t\000i\000o\000n\000\040\000o\000f\000\040\000A\000f\000f\000e\000c\000t\000i\000v\000e\000\040\000C\000o\000n\000s\000c\000i\000o\000u\000s\000n\000e\000s\000s}{part.2}% 30
\BOOKMARK [1][-]{section.8.1}{\376\377\000F\000e\000e\000l\000i\000n\000g\000\040\000a\000s\000\040\000L\000o\000c\000a\000l\000i\000z\000e\000d\000\040\000S\000c\000a\000l\000a\000r\000\040\000P\000o\000t\000e\000n\000t\000i\000a\000l}{chapter.8}% 31
\BOOKMARK [1][-]{section.8.2}{\376\377\000C\000o\000n\000s\000c\000i\000o\000u\000s\000n\000e\000s\000s\000\040\000a\000s\000\040\000M\000i\000n\000i\000m\000a\000l\000-\000A\000c\000t\000i\000o\000n\000\040\000S\000e\000c\000t\000i\000o\000n}{chapter.8}% 32
\BOOKMARK [-1][-]{part.3}{\376\377\000C\000L\000I\000O\000\040\000i\000n\000\040\000t\000h\000e\000\040\000B\000r\000a\000i\000n}{}% 33
\BOOKMARK [0][-]{chapter.9}{\376\377\000L\000e\000v\000e\000l\000\040\0000\000:\000\040\000A\000f\000f\000e\000c\000t\000i\000v\000e\000\040\000S\000t\000e\000e\000r\000i\000n\000g}{part.3}% 34
\BOOKMARK [1][-]{section.9.1}{\376\377\000T\000h\000e\000\040\000B\000r\000a\000i\000n\000s\000t\000e\000m\000\040\000a\000s\000\040\000A\000f\000f\000e\000c\000t\000i\000v\000e\000\040\000C\000o\000r\000e}{chapter.9}% 35
\BOOKMARK [1][-]{section.9.2}{\376\377\000A\000f\000f\000e\000c\000t\000\040\000a\000s\000\040\000H\000o\000m\000e\000o\000s\000t\000a\000t\000i\000c\000\040\000E\000r\000r\000o\000r}{chapter.9}% 36
\BOOKMARK [1][-]{section.9.3}{\376\377\000A\000f\000f\000e\000c\000t\000i\000v\000e\000\040\000G\000a\000t\000i\000n\000g}{chapter.9}% 37
\BOOKMARK [0][-]{chapter.10}{\376\377\000L\000e\000v\000e\000l\000\040\0001\000:\000\040\000L\000o\000c\000a\000l\000\040\000P\000r\000e\000d\000i\000c\000t\000i\000o\000n\000\040\000M\000e\000c\000h\000a\000n\000i\000s\000m\000s}{part.3}% 38
\BOOKMARK [1][-]{section.10.1}{\376\377\000S\000e\000n\000s\000o\000r\000y\000\040\000a\000n\000d\000\040\000R\000e\000f\000l\000e\000x\000i\000v\000e\000\040\000I\000n\000f\000e\000r\000e\000n\000c\000e}{chapter.10}% 39
\BOOKMARK [1][-]{section.10.2}{\376\377\000M\000i\000s\000m\000a\000t\000c\000h\000\040\000D\000e\000t\000e\000c\000t\000i\000o\000n\000\040\000a\000n\000d\000\040\000A\000t\000t\000e\000n\000t\000i\000o\000n}{chapter.10}% 40
\BOOKMARK [0][-]{chapter.11}{\376\377\000L\000e\000v\000e\000l\000\040\0002\000:\000\040\000S\000t\000r\000u\000c\000t\000u\000r\000a\000l\000\040\000M\000o\000d\000e\000l\000s\000\040\000a\000n\000d\000\040\000M\000a\000p\000s}{part.3}% 41
\BOOKMARK [1][-]{section.11.1}{\376\377\000A\000s\000s\000o\000c\000i\000a\000t\000i\000o\000n\000\040\000C\000o\000r\000t\000e\000x\000\040\000a\000n\000d\000\040\000H\000i\000p\000p\000o\000c\000a\000m\000p\000a\000l\000\040\000G\000e\000o\000m\000e\000t\000r\000y}{chapter.11}% 42
\BOOKMARK [1][-]{section.11.2}{\376\377\000B\000a\000s\000a\000l\000\040\000G\000a\000n\000g\000l\000i\000a\000\040\000a\000n\000d\000\040\000M\000o\000d\000e\000l\000\040\000S\000e\000l\000e\000c\000t\000i\000o\000n}{chapter.11}% 43
\BOOKMARK [0][-]{chapter.12}{\376\377\000L\000e\000v\000e\000l\000\040\0003\000:\000\040\000M\000e\000t\000a\000c\000o\000g\000n\000i\000t\000i\000o\000n\000\040\000a\000n\000d\000\040\000S\000t\000r\000a\000t\000e\000g\000y}{part.3}% 44
\BOOKMARK [1][-]{section.12.1}{\376\377\000P\000r\000e\000f\000r\000o\000n\000t\000a\000l\000\040\000C\000o\000n\000t\000r\000o\000l\000\040\000a\000n\000d\000\040\000M\000e\000t\000a\000-\000B\000e\000l\000i\000e\000f\000s}{chapter.12}% 45
\BOOKMARK [1][-]{section.12.2}{\376\377\000A\000t\000t\000e\000n\000t\000i\000o\000n\000\040\000a\000s\000\040\000P\000r\000e\000c\000i\000s\000i\000o\000n\000\040\000A\000l\000l\000o\000c\000a\000t\000i\000o\000n}{chapter.12}% 46
\BOOKMARK [0][-]{chapter.13}{\376\377\000C\000o\000n\000s\000c\000i\000o\000u\000s\000n\000e\000s\000s\000\040\000a\000s\000\040\000R\000e\000c\000u\000r\000s\000i\000v\000e\000\040\000C\000l\000o\000s\000u\000r\000e}{part.3}% 47
\BOOKMARK [1][-]{section.13.1}{\376\377\000R\000e\000c\000u\000r\000s\000i\000v\000e\000\040\000C\000o\000h\000e\000r\000e\000n\000c\000e\000\040\000C\000r\000i\000t\000e\000r\000i\000o\000n}{chapter.13}% 48
\BOOKMARK [1][-]{section.13.2}{\376\377\000G\000l\000o\000b\000a\000l\000\040\000C\000o\000n\000s\000t\000r\000a\000i\000n\000t\000\040\000S\000a\000t\000i\000s\000f\000a\000c\000t\000i\000o\000n}{chapter.13}% 49
\BOOKMARK [-1][-]{part.4}{\376\377\000C\000L\000I\000O\000\040\000a\000s\000\040\000C\000o\000m\000p\000u\000t\000a\000t\000i\000o\000n}{}% 50
\BOOKMARK [0][-]{chapter.14}{\376\377\000T\000h\000e\000\040\000C\000L\000I\000O\000\040\000U\000p\000d\000a\000t\000e\000\040\000E\000q\000u\000a\000t\000i\000o\000n}{part.4}% 51
\BOOKMARK [1][-]{section.14.1}{\376\377\000T\000h\000r\000e\000e\000-\000T\000e\000r\000m\000\040\000S\000t\000r\000u\000c\000t\000u\000r\000e}{chapter.14}% 52
\BOOKMARK [1][-]{section.14.2}{\376\377\000P\000r\000e\000c\000i\000s\000i\000o\000n\000\040\000a\000n\000d\000\040\000A\000f\000f\000e\000c\000t}{chapter.14}% 53
\BOOKMARK [0][-]{chapter.15}{\376\377\000H\000i\000e\000r\000a\000r\000c\000h\000i\000c\000a\000l\000\040\000C\000o\000h\000e\000r\000e\000n\000c\000e\000\040\000a\000n\000d\000\040\000F\000a\000i\000l\000u\000r\000e\000\040\000M\000o\000d\000e\000s}{part.4}% 54
\BOOKMARK [1][-]{section.15.1}{\376\377\000V\000e\000r\000t\000i\000c\000a\000l\000\040\000a\000n\000d\000\040\000L\000a\000t\000e\000r\000a\000l\000\040\000C\000o\000h\000e\000r\000e\000n\000c\000e}{chapter.15}% 55
\BOOKMARK [0][-]{chapter.16}{\376\377\000I\000n\000f\000o\000r\000m\000a\000t\000i\000o\000n\000\040\000G\000e\000o\000m\000e\000t\000r\000y\000\040\000o\000f\000\040\000C\000L\000I\000O}{part.4}% 56
\BOOKMARK [1][-]{section.16.1}{\376\377\000N\000a\000t\000u\000r\000a\000l\000\040\000G\000r\000a\000d\000i\000e\000n\000t\000\040\000D\000y\000n\000a\000m\000i\000c\000s}{chapter.16}% 57
\BOOKMARK [0][-]{chapter.17}{\376\377\000W\000o\000r\000k\000e\000d\000\040\000E\000x\000a\000m\000p\000l\000e\000s\000\040\000a\000n\000d\000\040\000S\000i\000m\000u\000l\000a\000t\000i\000o\000n\000s}{part.4}% 58
\BOOKMARK [1][-]{section.17.1}{\376\377\0001\000D\000\040\000R\000S\000V\000P\000\040\000\040\000C\000L\000I\000O\000\040\000R\000e\000d\000u\000c\000t\000i\000o\000n}{chapter.17}% 59
\BOOKMARK [-1][-]{part.5}{\376\377\000C\000L\000I\000O\000\040\000i\000n\000\040\000A\000r\000t\000i\000f\000i\000c\000i\000a\000l\000\040\000I\000n\000t\000e\000l\000l\000i\000g\000e\000n\000c\000e}{}% 60
\BOOKMARK [0][-]{chapter.18}{\376\377\000L\000i\000m\000i\000t\000a\000t\000i\000o\000n\000s\000\040\000o\000f\000\040\000C\000u\000r\000r\000e\000n\000t\000\040\000G\000e\000n\000e\000r\000a\000t\000i\000v\000e\000\040\000M\000o\000d\000e\000l\000s}{part.5}% 61
\BOOKMARK [0][-]{chapter.19}{\376\377\000D\000e\000s\000i\000g\000n\000i\000n\000g\000\040\000C\000L\000I\000O\000-\000B\000a\000s\000e\000d\000\040\000A\000I\000\040\000A\000r\000c\000h\000i\000t\000e\000c\000t\000u\000r\000e\000s}{part.5}% 62
\BOOKMARK [0][-]{chapter.20}{\376\377\000I\000n\000t\000e\000r\000p\000r\000e\000t\000a\000b\000i\000l\000i\000t\000y\000,\000\040\000S\000a\000f\000e\000t\000y\000,\000\040\000a\000n\000d\000\040\000C\000o\000h\000e\000r\000e\000n\000c\000e}{part.5}% 63
\BOOKMARK [-1][-]{part.6}{\376\377\000C\000L\000I\000O\000\040\000i\000n\000\040\000S\000o\000c\000i\000e\000t\000y}{}% 64
\BOOKMARK [0][-]{chapter.21}{\376\377\000I\000n\000t\000e\000r\000s\000u\000b\000j\000e\000c\000t\000i\000v\000i\000t\000y\000\040\000a\000s\000\040\000C\000o\000u\000p\000l\000e\000d\000\040\000C\000L\000I\000O\000\040\000L\000o\000o\000p\000s}{part.6}% 65
\BOOKMARK [0][-]{chapter.22}{\376\377\000I\000n\000t\000e\000r\000s\000u\000b\000j\000e\000c\000t\000i\000v\000i\000t\000y\000\040\000C\000o\000l\000l\000a\000p\000s\000e}{part.6}% 66
\BOOKMARK [0][-]{chapter.23}{\376\377\000R\000e\000b\000u\000i\000l\000d\000i\000n\000g\000\040\000S\000h\000a\000r\000e\000d\000\040\000R\000e\000a\000l\000i\000t\000y}{part.6}% 67
\BOOKMARK [-1][-]{part.7}{\376\377\000S\000y\000n\000t\000h\000e\000s\000i\000s\000\040\000a\000n\000d\000\040\000F\000u\000t\000u\000r\000e\000\040\000D\000i\000r\000e\000c\000t\000i\000o\000n\000s}{}% 68
\BOOKMARK [0][-]{chapter.24}{\376\377\000U\000n\000i\000f\000i\000e\000d\000\040\000T\000h\000e\000o\000r\000y\000\040\000o\000f\000\040\000C\000o\000g\000n\000i\000t\000i\000v\000e\000\040\000C\000o\000h\000e\000r\000e\000n\000c\000e}{part.7}% 69
\BOOKMARK [0][-]{chapter.25}{\376\377\000F\000u\000t\000u\000r\000e\000\040\000M\000i\000n\000d\000s}{part.7}% 70
\BOOKMARK [0][-]{chapter*.10}{\376\377\000A\000c\000k\000n\000o\000w\000l\000e\000d\000g\000e\000m\000e\000n\000t\000s}{part.7}% 71
\BOOKMARK [0][-]{chapter*.11}{\376\377\000B\000i\000b\000l\000i\000o\000g\000r\000a\000p\000h\000y}{part.7}% 72
\BOOKMARK [0][-]{chapter*.11}{\376\377\000B\000i\000b\000l\000i\000o\000g\000r\000a\000p\000h\000y}{part.7}% 73
