\BOOKMARK [0][-]{chapter*.1}{\376\377\000A\000b\000s\000t\000r\000a\000c\000t}{}% 1
\BOOKMARK [-1][-]{part.1}{\376\377\000I\000\040\000T\000h\000e\000\040\000O\000r\000i\000g\000i\000n\000\040\000o\000f\000\040\000F\000e\000e\000l\000i\000n\000g\000\040\000a\000n\000d\000\040\000t\000h\000e\000\040\000A\000f\000f\000e\000c\000t\000i\000v\000e\000\040\000M\000a\000n\000i\000f\000o\000l\000d}{}% 2
\BOOKMARK [0][-]{chapter.1}{\376\377\000T\000h\000e\000\040\000P\000r\000o\000b\000l\000e\000m\000\040\000o\000f\000\040\000C\000o\000n\000s\000c\000i\000o\000u\000s\000n\000e\000s\000s\000\040\000R\000e\000v\000i\000s\000i\000t\000e\000d}{part.1}% 3
\BOOKMARK [1][-]{section.1.1}{\376\377\000I\000n\000t\000r\000o\000d\000u\000c\000t\000i\000o\000n}{chapter.1}% 4
\BOOKMARK [1][-]{section.1.2}{\376\377\000H\000i\000s\000t\000o\000r\000i\000c\000a\000l\000\040\000F\000a\000i\000l\000u\000r\000e\000s\000\040\000o\000f\000\040\000C\000o\000n\000s\000c\000i\000o\000u\000s\000n\000e\000s\000s\000\040\000T\000h\000e\000o\000r\000y}{chapter.1}% 5
\BOOKMARK [1][-]{section.1.3}{\376\377\000A\000f\000f\000e\000c\000t\000i\000v\000e\000\040\000N\000e\000u\000r\000o\000s\000c\000i\000e\000n\000c\000e\000\040\000a\000n\000d\000\040\000t\000h\000e\000\040\000V\000i\000a\000b\000i\000l\000i\000t\000y\000\040\000C\000r\000i\000t\000e\000r\000i\000o\000n}{chapter.1}% 6
\BOOKMARK [1][-]{section.1.4}{\376\377\000T\000h\000e\000\040\000R\000S\000V\000P\000\040\000F\000i\000e\000l\000d\000\040\000T\000h\000e\000o\000r\000y\000\040\000a\000s\000\040\000P\000h\000y\000s\000i\000c\000a\000l\000\040\000S\000u\000b\000s\000t\000r\000a\000t\000e}{chapter.1}% 7
\BOOKMARK [1][-]{section.1.5}{\376\377\000C\000L\000I\000O\000\040\000a\000s\000\040\000C\000o\000m\000p\000u\000t\000a\000t\000i\000o\000n\000a\000l\000\040\000E\000n\000g\000i\000n\000e}{chapter.1}% 8
\BOOKMARK [1][-]{section.1.6}{\376\377\000A\000\040\000U\000n\000i\000f\000i\000e\000d\000\040\000P\000e\000r\000s\000p\000e\000c\000t\000i\000v\000e}{chapter.1}% 9
\BOOKMARK [0][-]{chapter.2}{\376\377\000T\000h\000e\000\040\000S\000t\000a\000t\000e\000\040\000M\000a\000n\000i\000f\000o\000l\000d\000\040\000o\000f\000\040\000t\000h\000e\000\040\000O\000r\000g\000a\000n\000i\000s\000m}{part.1}% 10
\BOOKMARK [1][-]{section.2.1}{\376\377\000I\000n\000t\000r\000o\000d\000u\000c\000t\000i\000o\000n}{chapter.2}% 11
\BOOKMARK [1][-]{section.2.2}{\376\377\000T\000h\000e\000\040\000D\000e\000f\000i\000n\000i\000t\000i\000o\000n\000\040\000o\000f\000\040\000t\000h\000e\000\040\000M\000a\000n\000i\000f\000o\000l\000d\000\040\000Z}{chapter.2}% 12
\BOOKMARK [1][-]{section.2.3}{\376\377\000I\000n\000t\000e\000r\000o\000c\000e\000p\000t\000i\000o\000n\000,\000\040\000E\000x\000t\000e\000r\000o\000c\000e\000p\000t\000i\000o\000n\000,\000\040\000a\000n\000d\000\040\000P\000o\000l\000i\000c\000y\000\040\000V\000a\000r\000i\000a\000b\000l\000e\000s}{chapter.2}% 13
\BOOKMARK [1][-]{section.2.4}{\376\377\000O\000r\000g\000a\000n\000i\000s\000m\000\040\000S\000t\000a\000t\000e\000\040\000v\000s\000.\000\040\000I\000n\000f\000e\000r\000e\000n\000t\000i\000a\000l\000\040\000S\000t\000a\000t\000e}{chapter.2}% 14
\BOOKMARK [1][-]{section.2.5}{\376\377\000H\000o\000m\000e\000o\000s\000t\000a\000t\000i\000c\000\040\000E\000n\000v\000e\000l\000o\000p\000e\000s\000\040\000a\000n\000d\000\040\000V\000i\000a\000b\000i\000l\000i\000t\000y\000\040\000S\000e\000t\000s}{chapter.2}% 15
\BOOKMARK [1][-]{section.2.6}{\376\377\000W\000h\000y\000\040\000F\000e\000e\000l\000i\000n\000g\000\040\000M\000u\000s\000t\000\040\000B\000e\000\040\000D\000e\000f\000i\000n\000e\000d\000\040\000O\000v\000e\000r\000\040\000Z}{chapter.2}% 16
\BOOKMARK [1][-]{section.2.7}{\376\377\000C\000o\000n\000c\000l\000u\000s\000i\000o\000n}{chapter.2}% 17
\BOOKMARK [0][-]{chapter.3}{\376\377\000A\000f\000f\000e\000c\000t\000\040\000a\000s\000\040\000a\000\040\000G\000r\000a\000d\000i\000e\000n\000t\000\040\000F\000i\000e\000l\000d}{part.1}% 18
\BOOKMARK [1][-]{section.3.1}{\376\377\000I\000n\000t\000r\000o\000d\000u\000c\000t\000i\000o\000n}{chapter.3}% 19
\BOOKMARK [1][-]{section.3.2}{\376\377\000A\000f\000f\000e\000c\000t\000i\000v\000e\000\040\000V\000a\000l\000e\000n\000c\000e\000\040\000a\000s\000\040\000a\000\040\000S\000c\000a\000l\000a\000r\000\040\000F\000i\000e\000l\000d}{chapter.3}% 20
\BOOKMARK [1][-]{section.3.3}{\376\377\000T\000h\000e\000\040\000G\000r\000a\000d\000i\000e\000n\000t\000\040\000I\000n\000t\000e\000r\000p\000r\000e\000t\000a\000t\000i\000o\000n}{chapter.3}% 21
\BOOKMARK [1][-]{section.3.4}{\376\377\000P\000o\000s\000i\000t\000i\000v\000e\000\040\000a\000n\000d\000\040\000N\000e\000g\000a\000t\000i\000v\000e\000\040\000A\000f\000f\000e\000c\000t\000\040\000a\000s\000\040\000A\000s\000c\000e\000n\000t\000\040\000a\000n\000d\000\040\000D\000e\000s\000c\000e\000n\000t}{chapter.3}% 22
\BOOKMARK [1][-]{section.3.5}{\376\377\000A\000f\000f\000e\000c\000t\000\040\000C\000o\000m\000p\000r\000e\000s\000s\000i\000o\000n\000\040\000a\000s\000\040\000D\000i\000m\000e\000n\000s\000i\000o\000n\000a\000l\000i\000t\000y\000\040\000R\000e\000d\000u\000c\000t\000i\000o\000n}{chapter.3}% 23
\BOOKMARK [1][-]{section.3.6}{\376\377\000W\000h\000y\000\040\000A\000f\000f\000e\000c\000t\000\040\000I\000s\000\040\000E\000v\000o\000l\000u\000t\000i\000o\000n\000a\000r\000i\000l\000y\000\040\000P\000r\000i\000o\000r\000\040\000t\000o\000\040\000C\000o\000g\000n\000i\000t\000i\000o\000n}{chapter.3}% 24
\BOOKMARK [1][-]{section.3.7}{\376\377\000C\000o\000n\000c\000l\000u\000s\000i\000o\000n}{chapter.3}% 25
\BOOKMARK [0][-]{chapter.4}{\376\377\000T\000h\000e\000\040\000F\000u\000n\000c\000t\000i\000o\000n\000a\000l\000\040\000A\000n\000a\000t\000o\000m\000y\000\040\000o\000f\000\040\000F\000e\000e\000l\000i\000n\000g}{part.1}% 26
\BOOKMARK [1][-]{section.4.1}{\376\377\000I\000n\000t\000r\000o\000d\000u\000c\000t\000i\000o\000n}{chapter.4}% 27
\BOOKMARK [1][-]{section.4.2}{\376\377\000T\000h\000e\000\040\000S\000u\000b\000c\000o\000r\000t\000i\000c\000a\000l\000\040\000A\000f\000f\000e\000c\000t\000i\000v\000e\000\040\000C\000o\000m\000p\000l\000e\000x}{chapter.4}% 28
\BOOKMARK [1][-]{section.4.3}{\376\377\000A\000r\000o\000u\000s\000a\000l\000,\000\040\000V\000a\000l\000e\000n\000c\000e\000,\000\040\000a\000n\000d\000\040\000t\000h\000e\000\040\000A\000r\000c\000h\000i\000t\000e\000c\000t\000u\000r\000e\000\040\000o\000f\000\040\000M\000o\000t\000i\000v\000a\000t\000i\000o\000n}{chapter.4}% 29
\BOOKMARK [2][-]{subsection.4.3.1}{\376\377\000V\000a\000l\000e\000n\000c\000e}{section.4.3}% 30
\BOOKMARK [2][-]{subsection.4.3.2}{\376\377\000A\000r\000o\000u\000s\000a\000l}{section.4.3}% 31
\BOOKMARK [1][-]{section.4.4}{\376\377\000C\000o\000n\000s\000c\000i\000o\000u\000s\000n\000e\000s\000s\000\040\000W\000i\000t\000h\000o\000u\000t\000\040\000C\000o\000r\000t\000e\000x}{chapter.4}% 32
\BOOKMARK [1][-]{section.4.5}{\376\377\000S\000o\000l\000m\000s\040\031\000\040\000I\000n\000v\000e\000r\000s\000i\000o\000n\000\040\000o\000f\000\040\000t\000h\000e\000\040\000C\000l\000a\000s\000s\000i\000c\000a\000l\000\040\000H\000i\000e\000r\000a\000r\000c\000h\000y}{chapter.4}% 33
\BOOKMARK [1][-]{section.4.6}{\376\377\000T\000h\000e\000\040\000A\000f\000f\000e\000c\000t\000i\000v\000e\000\040\000B\000r\000a\000i\000n\000\040\000a\000s\000\040\000t\000h\000e\000\040\000P\000r\000i\000m\000a\000r\000y\000\040\000C\000o\000n\000t\000r\000o\000l\000\040\000S\000y\000s\000t\000e\000m}{chapter.4}% 34
\BOOKMARK [1][-]{section.4.7}{\376\377\000C\000o\000n\000c\000l\000u\000s\000i\000o\000n}{chapter.4}% 35
\BOOKMARK [0][-]{chapter.5}{\376\377\000A\000f\000f\000e\000c\000t\000i\000v\000e\000\040\000H\000o\000m\000e\000o\000s\000t\000a\000s\000i\000s\000\040\000a\000n\000d\000\040\000t\000h\000e\000\040\000E\000r\000r\000o\000r\000\040\000S\000u\000r\000f\000a\000c\000e}{part.1}% 36
\BOOKMARK [1][-]{section.5.1}{\376\377\000I\000n\000t\000r\000o\000d\000u\000c\000t\000i\000o\000n}{chapter.5}% 37
\BOOKMARK [1][-]{section.5.2}{\376\377\000H\000o\000m\000e\000o\000s\000t\000a\000t\000i\000c\000\040\000E\000r\000r\000o\000r\000\040\000a\000s\000\040\000t\000h\000e\000\040\000G\000e\000n\000e\000r\000a\000t\000o\000r\000\040\000o\000f\000\040\000F\000e\000e\000l\000i\000n\000g}{chapter.5}% 38
\BOOKMARK [1][-]{section.5.3}{\376\377\000P\000r\000e\000d\000i\000c\000t\000i\000o\000n\000\040\000V\000e\000r\000s\000u\000s\000\040\000R\000e\000g\000u\000l\000a\000t\000i\000o\000n}{chapter.5}% 39
\BOOKMARK [1][-]{section.5.4}{\376\377\000A\000f\000f\000e\000c\000t\000i\000v\000e\000\040\000G\000a\000t\000i\000n\000g\000\040\000a\000n\000d\000\040\000M\000o\000d\000u\000l\000a\000t\000e\000d\000\040\000E\000x\000p\000l\000o\000r\000a\000t\000i\000o\000n}{chapter.5}% 40
\BOOKMARK [2][-]{subsection.5.4.1}{\376\377\000N\000e\000g\000a\000t\000i\000v\000e\000\040\000A\000f\000f\000e\000c\000t\000\040\000D\000r\000i\000v\000e\000s\000\040\000E\000x\000p\000l\000o\000i\000t\000a\000t\000i\000o\000n}{section.5.4}% 41
\BOOKMARK [2][-]{subsection.5.4.2}{\376\377\000P\000o\000s\000i\000t\000i\000v\000e\000\040\000A\000f\000f\000e\000c\000t\000\040\000P\000r\000o\000m\000o\000t\000e\000s\000\040\000E\000x\000p\000l\000o\000r\000a\000t\000i\000o\000n}{section.5.4}% 42
\BOOKMARK [1][-]{section.5.5}{\376\377\000W\000h\000e\000n\000\040\000A\000f\000f\000e\000c\000t\000i\000v\000e\000\040\000L\000o\000a\000d\000\040\000B\000e\000c\000o\000m\000e\000s\000\040\000O\000v\000e\000r\000w\000h\000e\000l\000m\000i\000n\000g}{chapter.5}% 43
\BOOKMARK [1][-]{section.5.6}{\376\377\000T\000h\000e\000\040\000C\000o\000m\000p\000u\000t\000a\000t\000i\000o\000n\000a\000l\000\040\000N\000e\000c\000e\000s\000s\000i\000t\000y\000\040\000o\000f\000\040\000F\000e\000e\000l\000i\000n\000g}{chapter.5}% 44
\BOOKMARK [1][-]{section.5.7}{\376\377\000C\000o\000n\000c\000l\000u\000s\000i\000o\000n}{chapter.5}% 45
\BOOKMARK [0][-]{chapter.6}{\376\377\000T\000h\000e\000\040\000A\000f\000f\000e\000c\000t\000i\000v\000e\000\040\000M\000a\000n\000i\000f\000o\000l\000d\000\040\000a\000n\000d\000\040\000A\000c\000t\000i\000o\000n}{part.1}% 46
\BOOKMARK [1][-]{section.6.1}{\376\377\000I\000n\000t\000r\000o\000d\000u\000c\000t\000i\000o\000n}{chapter.6}% 47
\BOOKMARK [1][-]{section.6.2}{\376\377\000D\000r\000i\000v\000e\000s\000\040\000a\000s\000\040\000C\000o\000n\000s\000t\000r\000a\000i\000n\000e\000d\000\040\000S\000u\000b\000m\000a\000n\000i\000f\000o\000l\000d\000s}{chapter.6}% 48
\BOOKMARK [1][-]{section.6.3}{\376\377\000T\000h\000e\000\040\000C\000o\000s\000t\000\040\000o\000f\000\040\000D\000e\000v\000i\000a\000t\000i\000o\000n\000\040\000a\000n\000d\000\040\000I\000t\000s\000\040\000F\000e\000l\000t\000\040\000S\000i\000g\000n\000a\000t\000u\000r\000e}{chapter.6}% 49
\BOOKMARK [1][-]{section.6.4}{\376\377\000P\000o\000l\000i\000c\000y\000\040\000S\000e\000l\000e\000c\000t\000i\000o\000n\000\040\000f\000r\000o\000m\000\040\000G\000r\000a\000d\000i\000e\000n\000t\000\040\000D\000i\000r\000e\000c\000t\000i\000o\000n}{chapter.6}% 50
\BOOKMARK [2][-]{subsection.6.4.1}{\376\377\000A\000f\000f\000e\000c\000t\000\040\000a\000s\000\040\000a\000\040\000U\000n\000i\000v\000e\000r\000s\000a\000l\000\040\000S\000t\000e\000e\000r\000i\000n\000g\000\040\000S\000i\000g\000n\000a\000l}{section.6.4}% 51
\BOOKMARK [1][-]{section.6.5}{\376\377\000E\000m\000b\000o\000d\000i\000e\000d\000\040\000I\000n\000t\000e\000n\000t\000i\000o\000n\000a\000l\000i\000t\000y}{chapter.6}% 52
\BOOKMARK [1][-]{section.6.6}{\376\377\000A\000f\000f\000e\000c\000t\000\040\000a\000s\000\040\000t\000h\000e\000\040\000U\000n\000i\000f\000y\000i\000n\000g\000\040\000S\000t\000e\000e\000r\000i\000n\000g\000\040\000S\000i\000g\000n\000a\000l}{chapter.6}% 53
\BOOKMARK [1][-]{section.6.7}{\376\377\000C\000o\000n\000c\000l\000u\000s\000i\000o\000n}{chapter.6}% 54
\BOOKMARK [0][-]{chapter.7}{\376\377\000R\000S\000V\000P\000\040\000a\000s\000\040\000a\000\040\000F\000i\000e\000l\000d\000-\000T\000h\000e\000o\000r\000e\000t\000i\000c\000\040\000G\000r\000o\000u\000n\000d\000\040\000f\000o\000r\000\040\000F\000e\000e\000l\000i\000n\000g}{part.1}% 55
\BOOKMARK [1][-]{section.7.1}{\376\377\000I\000n\000t\000r\000o\000d\000u\000c\000t\000i\000o\000n}{chapter.7}% 56
\BOOKMARK [1][-]{section.7.2}{\376\377\000S\000c\000a\000l\000a\000r\000\040\000,\000\040\000V\000e\000c\000t\000o\000r\000\040\000v\000,\000\040\000a\000n\000d\000\040\000E\000n\000t\000r\000o\000p\000y\000\040\000D\000e\000n\000s\000i\000t\000y\000\040\000S}{chapter.7}% 57
\BOOKMARK [2][-]{subsection.7.2.1}{\376\377\000S\000c\000a\000l\000a\000r\000\040\000E\000q\000u\000a\000t\000i\000o\000n}{section.7.2}% 58
\BOOKMARK [2][-]{subsection.7.2.2}{\376\377\000V\000e\000c\000t\000o\000r\000\040\000E\000q\000u\000a\000t\000i\000o\000n}{section.7.2}% 59
\BOOKMARK [2][-]{subsection.7.2.3}{\376\377\000E\000n\000t\000r\000o\000p\000y\000\040\000E\000q\000u\000a\000t\000i\000o\000n}{section.7.2}% 60
\BOOKMARK [1][-]{section.7.3}{\376\377\000T\000h\000e\000\040\000O\000r\000g\000a\000n\000i\000s\000m\040\023\000W\000o\000r\000l\000d\000t\000u\000b\000e\000\040\000R\000e\000l\000a\000t\000i\000o\000n}{chapter.7}% 61
\BOOKMARK [1][-]{section.7.4}{\376\377\000T\000h\000e\000\040\000A\000f\000f\000e\000c\000t\000\040\041\222\000\040\000E\000n\000t\000r\000o\000p\000y\000\040\000M\000a\000p\000p\000i\000n\000g}{chapter.7}% 62
\BOOKMARK [1][-]{section.7.5}{\376\377\000P\000o\000t\000e\000n\000t\000i\000a\000l\000\040\000L\000a\000n\000d\000s\000c\000a\000p\000e\000s\000\040\000a\000n\000d\000\040\000A\000t\000t\000r\000a\000c\000t\000o\000r\000s}{chapter.7}% 63
\BOOKMARK [1][-]{section.7.6}{\376\377\000F\000e\000e\000l\000i\000n\000g\000\040\000a\000s\000\040\000t\000h\000e\000\040\000L\000o\000c\000a\000l\000\040\000G\000r\000a\000d\000i\000e\000n\000t\000\040\000o\000f\000\040\000E\000n\000t\000r\000o\000p\000y\000\040\000D\000e\000v\000i\000a\000t\000i\000o\000n}{chapter.7}% 64
\BOOKMARK [1][-]{section.7.7}{\376\377\000C\000o\000n\000c\000l\000u\000s\000i\000o\000n}{chapter.7}% 65
\BOOKMARK [0][-]{chapter.8}{\376\377\000L\000e\000v\000e\000l\000\040\0000\000:\000\040\000A\000f\000f\000e\000c\000t\000i\000v\000e\000\040\000S\000t\000e\000e\000r\000i\000n\000g}{part.1}% 66
\BOOKMARK [1][-]{section.8.1}{\376\377\000I\000n\000t\000r\000o\000d\000u\000c\000t\000i\000o\000n}{chapter.8}% 67
\BOOKMARK [1][-]{section.8.2}{\376\377\000H\000o\000m\000e\000o\000s\000t\000a\000t\000i\000c\000\040\000E\000r\000r\000o\000r\000\040\000a\000n\000d\000\040\000A\000f\000f\000e\000c\000t\000i\000v\000e\000\040\000V\000a\000l\000e\000n\000c\000e}{chapter.8}% 68
\BOOKMARK [1][-]{section.8.3}{\376\377\000A\000f\000f\000e\000c\000t\000i\000v\000e\000\040\000V\000a\000l\000e\000n\000c\000e\000\040\000a\000s\000\040\000a\000\040\000G\000l\000o\000b\000a\000l\000\040\000M\000o\000d\000u\000l\000a\000t\000o\000r}{chapter.8}% 69
\BOOKMARK [1][-]{section.8.4}{\376\377\000I\000n\000t\000e\000r\000o\000c\000e\000p\000t\000i\000v\000e\000\040\000P\000r\000e\000d\000i\000c\000t\000i\000o\000n\000\040\000E\000r\000r\000o\000r\000s}{chapter.8}% 70
\BOOKMARK [1][-]{section.8.5}{\376\377\000A\000f\000f\000e\000c\000t\000i\000v\000e\000\040\000G\000a\000t\000i\000n\000g\000\040\000a\000n\000d\000\040\000P\000r\000e\000c\000i\000s\000i\000o\000n\000\040\000M\000o\000d\000u\000l\000a\000t\000i\000o\000n}{chapter.8}% 71
\BOOKMARK [1][-]{section.8.6}{\376\377\000W\000h\000y\000\040\000A\000l\000l\000\040\000H\000i\000g\000h\000e\000r\000\040\000C\000o\000g\000n\000i\000t\000i\000o\000n\000\040\000I\000s\000\040\000D\000o\000w\000n\000s\000t\000r\000e\000a\000m\000\040\000o\000f\000\040\000F\000e\000e\000l\000i\000n\000g}{chapter.8}% 72
\BOOKMARK [1][-]{section.8.7}{\376\377\000C\000o\000n\000c\000l\000u\000s\000i\000o\000n}{chapter.8}% 73
\BOOKMARK [0][-]{chapter.9}{\376\377\000L\000e\000v\000e\000l\000\040\0001\000:\000\040\000L\000o\000c\000a\000l\000\040\000P\000r\000e\000d\000i\000c\000t\000i\000v\000e\000\040\000M\000e\000c\000h\000a\000n\000i\000s\000m\000s}{part.1}% 74
\BOOKMARK [1][-]{section.9.1}{\376\377\000I\000n\000t\000r\000o\000d\000u\000c\000t\000i\000o\000n}{chapter.9}% 75
\BOOKMARK [1][-]{section.9.2}{\376\377\000F\000a\000s\000t\000\040\000P\000r\000e\000d\000i\000c\000t\000i\000v\000e\000\040\000L\000o\000o\000p\000s}{chapter.9}% 76
\BOOKMARK [1][-]{section.9.3}{\376\377\000C\000o\000r\000t\000i\000c\000a\000l\000\040\000C\000o\000l\000u\000m\000n\000s\000\040\000a\000s\000\040\000L\000o\000c\000a\000l\000\040\000C\000L\000I\000O\000\040\000U\000n\000i\000t\000s}{chapter.9}% 77
\BOOKMARK [1][-]{section.9.4}{\376\377\000M\000i\000s\000m\000a\000t\000c\000h\000\040\000R\000e\000s\000p\000o\000n\000s\000e\000s}{chapter.9}% 78
\BOOKMARK [1][-]{section.9.5}{\376\377\000R\000a\000p\000i\000d\000\040\000P\000r\000e\000c\000i\000s\000i\000o\000n\000\040\000M\000o\000d\000u\000l\000a\000t\000i\000o\000n}{chapter.9}% 79
\BOOKMARK [1][-]{section.9.6}{\376\377\000T\000h\000e\000\040\000H\000a\000n\000d\000o\000f\000f\000\040\000t\000o\000\040\000L\000e\000v\000e\000l\000\040\0002}{chapter.9}% 80
\BOOKMARK [1][-]{section.9.7}{\376\377\000C\000o\000n\000c\000l\000u\000s\000i\000o\000n}{chapter.9}% 81
\BOOKMARK [0][-]{chapter.10}{\376\377\000L\000e\000v\000e\000l\000\040\0002\000:\000\040\000S\000t\000r\000u\000c\000t\000u\000r\000a\000l\000\040\000M\000o\000d\000e\000l\000s\000\040\000a\000n\000d\000\040\000M\000a\000p\000s}{part.1}% 82
\BOOKMARK [1][-]{section.10.1}{\376\377\000I\000n\000t\000r\000o\000d\000u\000c\000t\000i\000o\000n}{chapter.10}% 83
\BOOKMARK [1][-]{section.10.2}{\376\377\000S\000t\000r\000u\000c\000t\000u\000r\000a\000l\000\040\000R\000e\000p\000r\000e\000s\000e\000n\000t\000a\000t\000i\000o\000n\000s}{chapter.10}% 84
\BOOKMARK [1][-]{section.10.3}{\376\377\000S\000p\000a\000t\000i\000a\000l\000\040\000S\000t\000r\000u\000c\000t\000u\000r\000e\000:\000\040\000T\000h\000e\000\040\000H\000i\000p\000p\000o\000c\000a\000m\000p\000a\000l\040\023\000E\000n\000t\000o\000r\000h\000i\000n\000a\000l\000\040\000S\000y\000s\000t\000e\000m}{chapter.10}% 85
\BOOKMARK [1][-]{section.10.4}{\376\377\000S\000e\000m\000a\000n\000t\000i\000c\000\040\000a\000n\000d\000\040\000R\000e\000l\000a\000t\000i\000o\000n\000a\000l\000\040\000S\000t\000r\000u\000c\000t\000u\000r\000e}{chapter.10}% 86
\BOOKMARK [1][-]{section.10.5}{\376\377\000M\000o\000d\000e\000l\000\040\000S\000e\000l\000e\000c\000t\000i\000o\000n\000\040\000a\000n\000d\000\040\000A\000r\000b\000i\000t\000r\000a\000t\000i\000o\000n}{chapter.10}% 87
\BOOKMARK [1][-]{section.10.6}{\376\377\000T\000h\000e\000\040\000T\000h\000r\000e\000s\000h\000o\000l\000d\000\040\000f\000o\000r\000\040\000M\000e\000t\000a\000c\000o\000g\000n\000i\000t\000i\000v\000e\000\040\000E\000s\000c\000a\000l\000a\000t\000i\000o\000n}{chapter.10}% 88
\BOOKMARK [1][-]{section.10.7}{\376\377\000C\000o\000n\000c\000l\000u\000s\000i\000o\000n}{chapter.10}% 89
\BOOKMARK [0][-]{chapter.11}{\376\377\000L\000e\000v\000e\000l\000\040\0003\000:\000\040\000M\000e\000t\000a\000c\000o\000g\000n\000i\000t\000i\000o\000n\000\040\000a\000n\000d\000\040\000S\000t\000r\000a\000t\000e\000g\000y}{part.1}% 90
\BOOKMARK [1][-]{section.11.1}{\376\377\000I\000n\000t\000r\000o\000d\000u\000c\000t\000i\000o\000n}{chapter.11}% 91
\BOOKMARK [1][-]{section.11.2}{\376\377\000T\000h\000e\000\040\000A\000r\000c\000h\000i\000t\000e\000c\000t\000u\000r\000e\000\040\000o\000f\000\040\000M\000e\000t\000a\000c\000o\000g\000n\000i\000t\000i\000o\000n}{chapter.11}% 92
\BOOKMARK [1][-]{section.11.3}{\376\377\000M\000e\000t\000a\000-\000B\000e\000l\000i\000e\000f\000\040\000E\000v\000a\000l\000u\000a\000t\000i\000o\000n}{chapter.11}% 93
\BOOKMARK [1][-]{section.11.4}{\376\377\000P\000r\000e\000c\000i\000s\000i\000o\000n\000\040\000A\000l\000l\000o\000c\000a\000t\000i\000o\000n\000\040\000a\000s\000\040\000A\000t\000t\000e\000n\000t\000i\000o\000n}{chapter.11}% 94
\BOOKMARK [1][-]{section.11.5}{\376\377\000P\000l\000a\000n\000n\000i\000n\000g\000\040\000a\000n\000d\000\040\000S\000t\000r\000a\000t\000e\000g\000i\000c\000\040\000C\000o\000n\000t\000r\000o\000l}{chapter.11}% 95
\BOOKMARK [1][-]{section.11.6}{\376\377\000S\000e\000l\000f\000-\000M\000o\000d\000e\000l\000i\000n\000g\000\040\000a\000n\000d\000\040\000R\000e\000f\000l\000e\000c\000t\000i\000v\000e\000\040\000A\000w\000a\000r\000e\000n\000e\000s\000s}{chapter.11}% 96
\BOOKMARK [1][-]{section.11.7}{\376\377\000W\000h\000e\000n\000\040\000L\000e\000v\000e\000l\000\040\0003\000\040\000F\000a\000i\000l\000s}{chapter.11}% 97
\BOOKMARK [1][-]{section.11.8}{\376\377\000C\000o\000n\000c\000l\000u\000s\000i\000o\000n}{chapter.11}% 98
\BOOKMARK [0][-]{chapter.12}{\376\377\000C\000o\000n\000s\000c\000i\000o\000u\000s\000n\000e\000s\000s\000\040\000a\000s\000\040\000R\000e\000c\000u\000r\000s\000i\000v\000e\000\040\000C\000l\000o\000s\000u\000r\000e}{part.1}% 99
\BOOKMARK [1][-]{section.12.1}{\376\377\000I\000n\000t\000r\000o\000d\000u\000c\000t\000i\000o\000n}{chapter.12}% 100
\BOOKMARK [1][-]{section.12.2}{\376\377\000T\000h\000e\000\040\000F\000o\000u\000r\000\040\000N\000e\000c\000e\000s\000s\000a\000r\000y\000\040\000C\000o\000n\000d\000i\000t\000i\000o\000n\000s}{chapter.12}% 101
\BOOKMARK [1][-]{section.12.3}{\376\377\000R\000e\000c\000u\000r\000s\000i\000v\000e\000\040\000C\000o\000h\000e\000r\000e\000n\000c\000e\000\040\000a\000s\000\040\000t\000h\000e\000\040\000C\000o\000r\000e\000\040\000o\000f\000\040\000C\000o\000n\000s\000c\000i\000o\000u\000s\000n\000e\000s\000s}{chapter.12}% 102
\BOOKMARK [1][-]{section.12.4}{\376\377\000G\000l\000o\000b\000a\000l\000\040\000C\000o\000n\000s\000t\000r\000a\000i\000n\000t\000\040\000S\000a\000t\000i\000s\000f\000a\000c\000t\000i\000o\000n}{chapter.12}% 103
\BOOKMARK [1][-]{section.12.5}{\376\377\000D\000i\000s\000r\000u\000p\000t\000i\000o\000n\000\040\000a\000n\000d\000\040\000F\000r\000a\000g\000m\000e\000n\000t\000a\000t\000i\000o\000n}{chapter.12}% 104
\BOOKMARK [1][-]{section.12.6}{\376\377\000R\000S\000V\000P\000\040\000+\000\040\000S\000o\000l\000m\000s\000\040\000+\000\040\000C\000L\000I\000O\000\040\000C\000o\000n\000v\000e\000r\000g\000e\000n\000c\000e}{chapter.12}% 105
\BOOKMARK [1][-]{section.12.7}{\376\377\000C\000o\000n\000c\000l\000u\000s\000i\000o\000n}{chapter.12}% 106
\BOOKMARK [0][-]{chapter.13}{\376\377\000T\000h\000e\000\040\000C\000L\000I\000O\000\040\000U\000p\000d\000a\000t\000e\000\040\000E\000q\000u\000a\000t\000i\000o\000n}{part.1}% 107
\BOOKMARK [1][-]{section.13.1}{\376\377\000I\000n\000t\000r\000o\000d\000u\000c\000t\000i\000o\000n}{chapter.13}% 108
\BOOKMARK [1][-]{section.13.2}{\376\377\000T\000h\000e\000\040\000N\000e\000e\000d\000\040\000f\000o\000r\000\040\000R\000e\000c\000u\000r\000s\000i\000o\000n}{chapter.13}% 109
\BOOKMARK [1][-]{section.13.3}{\376\377\000P\000r\000e\000d\000i\000c\000t\000i\000o\000n\000\040\000E\000r\000r\000o\000r\000,\000\040\000P\000r\000e\000c\000i\000s\000i\000o\000n\000,\000\040\000a\000n\000d\000\040\000A\000f\000f\000e\000c\000t\000i\000v\000e\000\040\000M\000o\000d\000u\000l\000a\000t\000i\000o\000n}{chapter.13}% 110
\BOOKMARK [1][-]{section.13.4}{\376\377\000T\000h\000e\000\040\000C\000L\000I\000O\000\040\000U\000p\000d\000a\000t\000e\000\040\000E\000q\000u\000a\000t\000i\000o\000n}{chapter.13}% 111
\BOOKMARK [1][-]{section.13.5}{\376\377\000I\000n\000t\000e\000r\000p\000r\000e\000t\000a\000t\000i\000o\000n\000\040\000a\000s\000\040\000N\000a\000t\000u\000r\000a\000l\000\040\000G\000r\000a\000d\000i\000e\000n\000t\000\040\000D\000e\000s\000c\000e\000n\000t}{chapter.13}% 112
\BOOKMARK [1][-]{section.13.6}{\376\377\000A\000f\000f\000e\000c\000t\000\040\000a\000s\000\040\000a\000\040\000G\000l\000o\000b\000a\000l\000\040\000P\000r\000e\000c\000i\000s\000i\000o\000n\000\040\000G\000a\000t\000e}{chapter.13}% 113
\BOOKMARK [1][-]{section.13.7}{\376\377\000T\000h\000e\000\040\000C\000o\000n\000v\000e\000r\000g\000e\000n\000c\000e\000\040\000C\000o\000n\000d\000i\000t\000i\000o\000n\000s}{chapter.13}% 114
\BOOKMARK [1][-]{section.13.8}{\376\377\000C\000o\000n\000c\000l\000u\000s\000i\000o\000n}{chapter.13}% 115
\BOOKMARK [0][-]{chapter.14}{\376\377\000H\000i\000e\000r\000a\000r\000c\000h\000i\000c\000a\000l\000\040\000C\000o\000h\000e\000r\000e\000n\000c\000e}{part.1}% 116
\BOOKMARK [1][-]{section.14.1}{\376\377\000I\000n\000t\000r\000o\000d\000u\000c\000t\000i\000o\000n}{chapter.14}% 117
\BOOKMARK [1][-]{section.14.2}{\376\377\000T\000h\000r\000e\000e\000\040\000F\000o\000r\000m\000s\000\040\000o\000f\000\040\000C\000o\000h\000e\000r\000e\000n\000c\000e}{chapter.14}% 118
\BOOKMARK [1][-]{section.14.3}{\376\377\000V\000e\000r\000t\000i\000c\000a\000l\000\040\000C\000o\000h\000e\000r\000e\000n\000c\000e}{chapter.14}% 119
\BOOKMARK [1][-]{section.14.4}{\376\377\000L\000a\000t\000e\000r\000a\000l\000\040\000C\000o\000h\000e\000r\000e\000n\000c\000e}{chapter.14}% 120
\BOOKMARK [1][-]{section.14.5}{\376\377\000R\000e\000c\000u\000r\000s\000i\000v\000e\000\040\000C\000o\000h\000e\000r\000e\000n\000c\000e}{chapter.14}% 121
\BOOKMARK [1][-]{section.14.6}{\376\377\000M\000e\000c\000h\000a\000n\000i\000s\000m\000s\000\040\000S\000u\000p\000p\000o\000r\000t\000i\000n\000g\000\040\000C\000o\000h\000e\000r\000e\000n\000c\000e}{chapter.14}% 122
\BOOKMARK [2][-]{subsection.14.6.1}{\376\377\000P\000r\000e\000c\000i\000s\000i\000o\000n\000-\000W\000e\000i\000g\000h\000t\000e\000d\000\040\000I\000n\000t\000e\000g\000r\000a\000t\000i\000o\000n}{section.14.6}% 123
\BOOKMARK [2][-]{subsection.14.6.2}{\376\377\000A\000f\000f\000e\000c\000t\000i\000v\000e\000\040\000M\000o\000d\000u\000l\000a\000t\000i\000o\000n}{section.14.6}% 124
\BOOKMARK [2][-]{subsection.14.6.3}{\376\377\000H\000i\000g\000h\000e\000r\000-\000L\000e\000v\000e\000l\000\040\000S\000t\000r\000u\000c\000t\000u\000r\000a\000l\000\040\000P\000r\000i\000o\000r\000s}{section.14.6}% 125
\BOOKMARK [2][-]{subsection.14.6.4}{\376\377\000R\000e\000c\000u\000r\000r\000e\000n\000t\000\040\000E\000r\000r\000o\000r\000\040\000C\000o\000r\000r\000e\000c\000t\000i\000o\000n}{section.14.6}% 126
\BOOKMARK [1][-]{section.14.7}{\376\377\000P\000r\000e\000c\000i\000s\000i\000o\000n\000\040\000C\000o\000l\000l\000a\000p\000s\000e\000\040\000a\000n\000d\000\040\000P\000r\000e\000c\000i\000s\000i\000o\000n\000\040\000H\000y\000p\000e\000r\000i\000n\000f\000l\000a\000t\000i\000o\000n}{chapter.14}% 127
\BOOKMARK [1][-]{section.14.8}{\376\377\000F\000a\000i\000l\000u\000r\000e\000\040\000M\000o\000d\000e\000s\000\040\000o\000f\000\040\000H\000i\000e\000r\000a\000r\000c\000h\000i\000c\000a\000l\000\040\000C\000o\000h\000e\000r\000e\000n\000c\000e}{chapter.14}% 128
\BOOKMARK [2][-]{subsection.14.8.1}{\376\377\000E\000x\000c\000e\000s\000s\000i\000v\000e\000\040\000B\000o\000t\000t\000o\000m\000-\000U\000p\000\040\000N\000o\000i\000s\000e}{section.14.8}% 129
\BOOKMARK [2][-]{subsection.14.8.2}{\376\377\000O\000v\000e\000r\000l\000y\000\040\000R\000i\000g\000i\000d\000\040\000P\000r\000i\000o\000r\000s}{section.14.8}% 130
\BOOKMARK [2][-]{subsection.14.8.3}{\376\377\000A\000f\000f\000e\000c\000t\000i\000v\000e\000\040\000M\000i\000s\000c\000a\000l\000i\000b\000r\000a\000t\000i\000o\000n}{section.14.8}% 131
\BOOKMARK [1][-]{section.14.9}{\376\377\000C\000o\000n\000c\000l\000u\000s\000i\000o\000n}{chapter.14}% 132
\BOOKMARK [0][-]{chapter.15}{\376\377\000I\000n\000f\000o\000r\000m\000a\000t\000i\000o\000n\000\040\000G\000e\000o\000m\000e\000t\000r\000y\000\040\000o\000f\000\040\000C\000L\000I\000O}{part.1}% 133
\BOOKMARK [1][-]{section.15.1}{\376\377\000I\000n\000t\000r\000o\000d\000u\000c\000t\000i\000o\000n}{chapter.15}% 134
\BOOKMARK [1][-]{section.15.2}{\376\377\000T\000h\000e\000\040\000F\000i\000s\000h\000e\000r\000\040\000I\000n\000f\000o\000r\000m\000a\000t\000i\000o\000n\000\040\000M\000e\000t\000r\000i\000c}{chapter.15}% 135
\BOOKMARK [2][-]{subsection.15.2.1}{\376\377\000I\000n\000t\000e\000r\000p\000r\000e\000t\000a\000t\000i\000o\000n}{section.15.2}% 136
\BOOKMARK [1][-]{section.15.3}{\376\377\000N\000a\000t\000u\000r\000a\000l\000\040\000G\000r\000a\000d\000i\000e\000n\000t\000\040\000D\000e\000s\000c\000e\000n\000t\000\040\000a\000s\000\040\000t\000h\000e\000\040\000G\000e\000o\000m\000e\000t\000r\000y\000\040\000o\000f\000\040\000C\000L\000I\000O}{chapter.15}% 137
\BOOKMARK [1][-]{section.15.4}{\376\377\000R\000S\000V\000P\000\040\000a\000s\000\040\000t\000h\000e\000\040\000U\000n\000d\000e\000r\000l\000y\000i\000n\000g\000\040\000G\000e\000o\000m\000e\000t\000r\000i\000c\000\040\000S\000p\000a\000c\000e}{chapter.15}% 138
\BOOKMARK [1][-]{section.15.5}{\376\377\000A\000f\000f\000e\000c\000t\000i\000v\000e\000\040\000M\000o\000d\000u\000l\000a\000t\000i\000o\000n\000\040\000a\000s\000\040\000C\000u\000r\000v\000a\000t\000u\000r\000e\000\040\000C\000o\000n\000t\000r\000o\000l}{chapter.15}% 139
\BOOKMARK [1][-]{section.15.6}{\376\377\000G\000e\000o\000d\000e\000s\000i\000c\000\040\000P\000a\000t\000h\000s\000\040\000i\000n\000\040\000t\000h\000e\000\040\000C\000L\000I\000O\000\040\000S\000p\000a\000c\000e}{chapter.15}% 140
\BOOKMARK [1][-]{section.15.7}{\376\377\000P\000s\000y\000c\000h\000i\000a\000t\000r\000i\000c\000\040\000a\000n\000d\000\040\000A\000I\000\040\000F\000a\000i\000l\000u\000r\000e\000s\000\040\000a\000s\000\040\000G\000e\000o\000m\000e\000t\000r\000i\000c\000\040\000M\000i\000s\000a\000l\000i\000g\000n\000m\000e\000n\000t}{chapter.15}% 141
\BOOKMARK [2][-]{subsection.15.7.1}{\376\377\000S\000c\000h\000i\000z\000o\000p\000h\000r\000e\000n\000i\000a\000-\000l\000i\000k\000e\000\040\000d\000y\000n\000a\000m\000i\000c\000s}{section.15.7}% 142
\BOOKMARK [2][-]{subsection.15.7.2}{\376\377\000O\000b\000s\000e\000s\000s\000i\000v\000e\000\040\000o\000r\000\040\000p\000a\000r\000a\000n\000o\000i\000d\000\040\000r\000i\000g\000i\000d\000i\000t\000y}{section.15.7}% 143
\BOOKMARK [2][-]{subsection.15.7.3}{\376\377\000A\000I\000\040\000b\000r\000i\000t\000t\000l\000e\000n\000e\000s\000s\000\040\000a\000n\000d\000\040\000h\000a\000l\000l\000u\000c\000i\000n\000a\000t\000i\000o\000n}{section.15.7}% 144
\BOOKMARK [1][-]{section.15.8}{\376\377\000C\000o\000n\000c\000l\000u\000s\000i\000o\000n}{chapter.15}% 145
\BOOKMARK [0][-]{chapter.16}{\376\377\000W\000o\000r\000k\000e\000d\000\040\000E\000x\000a\000m\000p\000l\000e\000s}{part.1}% 146
\BOOKMARK [1][-]{section.16.1}{\376\377\000I\000n\000t\000r\000o\000d\000u\000c\000t\000i\000o\000n}{chapter.16}% 147
\BOOKMARK [1][-]{section.16.2}{\376\377\000E\000x\000a\000m\000p\000l\000e\000\040\0001\000:\000\040\0001\000D\000\040\000R\000S\000V\000P\000\040\000\040\000C\000L\000I\000O\000\040\000R\000e\000d\000u\000c\000t\000i\000o\000n}{chapter.16}% 148
\BOOKMARK [1][-]{section.16.3}{\376\377\000E\000x\000a\000m\000p\000l\000e\000\040\0002\000:\000\040\000T\000w\000o\000-\000V\000a\000r\000i\000a\000b\000l\000e\000\040\000H\000o\000m\000e\000o\000s\000t\000a\000s\000i\000s}{chapter.16}% 149
\BOOKMARK [1][-]{section.16.4}{\376\377\000E\000x\000a\000m\000p\000l\000e\000\040\0003\000:\000\040\000F\000e\000a\000r\000\040\000L\000e\000a\000r\000n\000i\000n\000g}{chapter.16}% 150
\BOOKMARK [1][-]{section.16.5}{\376\377\000E\000x\000a\000m\000p\000l\000e\000\040\0004\000:\000\040\000D\000e\000c\000i\000s\000i\000o\000n\000-\000M\000a\000k\000i\000n\000g\000\040\000U\000n\000d\000e\000r\000\040\000U\000n\000c\000e\000r\000t\000a\000i\000n\000t\000y}{chapter.16}% 151
\BOOKMARK [1][-]{section.16.6}{\376\377\000E\000x\000a\000m\000p\000l\000e\000\040\0005\000:\000\040\000P\000h\000a\000s\000e\000\040\000P\000o\000r\000t\000r\000a\000i\000t\000s\000\040\000a\000n\000d\000\040\000F\000i\000x\000e\000d\000\040\000P\000o\000i\000n\000t\000s}{chapter.16}% 152
\BOOKMARK [1][-]{section.16.7}{\376\377\000C\000o\000n\000c\000l\000u\000s\000i\000o\000n}{chapter.16}% 153
\BOOKMARK [0][-]{chapter.17}{\376\377\000C\000L\000I\000O\000\040\000a\000s\000\040\000M\000a\000c\000h\000i\000n\000e\000\040\000A\000r\000c\000h\000i\000t\000e\000c\000t\000u\000r\000e}{part.1}% 154
\BOOKMARK [1][-]{section.17.1}{\376\377\000I\000n\000t\000r\000o\000d\000u\000c\000t\000i\000o\000n}{chapter.17}% 155
\BOOKMARK [1][-]{section.17.2}{\376\377\000A\0000\000:\000\040\000T\000h\000e\000\040\000A\000f\000f\000e\000c\000t\000i\000v\000e\000\040\000C\000o\000r\000e}{chapter.17}% 156
\BOOKMARK [1][-]{section.17.3}{\376\377\000A\0001\000:\000\040\000L\000o\000c\000a\000l\000\040\000P\000r\000e\000d\000i\000c\000t\000o\000r\000s}{chapter.17}% 157
\BOOKMARK [1][-]{section.17.4}{\376\377\000A\0002\000:\000\040\000T\000h\000e\000\040\000S\000t\000r\000u\000c\000t\000u\000r\000a\000l\000\040\000L\000a\000t\000e\000n\000t\000\040\000M\000a\000n\000i\000f\000o\000l\000d}{chapter.17}% 158
\BOOKMARK [1][-]{section.17.5}{\376\377\000A\0003\000:\000\040\000T\000h\000e\000\040\000M\000e\000t\000a\000c\000o\000g\000n\000i\000t\000i\000v\000e\000\040\000C\000o\000n\000t\000r\000o\000l\000l\000e\000r}{chapter.17}% 159
\BOOKMARK [1][-]{section.17.6}{\376\377\000R\000e\000c\000u\000r\000s\000i\000v\000e\000\040\000M\000a\000c\000h\000i\000n\000e\000\040\000C\000o\000h\000e\000r\000e\000n\000c\000e}{chapter.17}% 160
\BOOKMARK [1][-]{section.17.7}{\376\377\000C\000o\000n\000c\000l\000u\000s\000i\000o\000n}{chapter.17}% 161
\BOOKMARK [0][-]{chapter.18}{\376\377\000P\000r\000e\000c\000i\000s\000i\000o\000n\000,\000\040\000R\000e\000l\000i\000a\000b\000i\000l\000i\000t\000y\000,\000\040\000a\000n\000d\000\040\000M\000o\000d\000u\000l\000a\000t\000e\000d\000\040\000L\000e\000a\000r\000n\000i\000n\000g}{part.1}% 162
\BOOKMARK [1][-]{section.18.1}{\376\377\000I\000n\000t\000r\000o\000d\000u\000c\000t\000i\000o\000n}{chapter.18}% 163
\BOOKMARK [1][-]{section.18.2}{\376\377\000P\000r\000e\000c\000i\000s\000i\000o\000n\000\040\000a\000s\000\040\000M\000o\000d\000e\000l\000\040\000T\000r\000u\000s\000t}{chapter.18}% 164
\BOOKMARK [1][-]{section.18.3}{\376\377\000D\000y\000n\000a\000m\000i\000c\000\040\000R\000e\000s\000o\000u\000r\000c\000e\000\040\000A\000l\000l\000o\000c\000a\000t\000i\000o\000n}{chapter.18}% 165
\BOOKMARK [1][-]{section.18.4}{\376\377\000A\000n\000t\000i\000-\000C\000o\000l\000l\000a\000p\000s\000e\000\040\000M\000e\000c\000h\000a\000n\000i\000s\000m\000s}{chapter.18}% 166
\BOOKMARK [2][-]{subsection.18.4.1}{\376\377\000P\000r\000e\000c\000i\000s\000i\000o\000n\000\040\000C\000o\000l\000l\000a\000p\000s\000e}{section.18.4}% 167
\BOOKMARK [2][-]{subsection.18.4.2}{\376\377\000P\000r\000e\000c\000i\000s\000i\000o\000n\000\040\000H\000y\000p\000e\000r\000i\000n\000f\000l\000a\000t\000i\000o\000n}{section.18.4}% 168
\BOOKMARK [1][-]{section.18.5}{\376\377\000N\000o\000i\000s\000e\000\040\000R\000o\000b\000u\000s\000t\000n\000e\000s\000s}{chapter.18}% 169
\BOOKMARK [1][-]{section.18.6}{\376\377\000I\000n\000t\000e\000r\000p\000r\000e\000t\000a\000b\000i\000l\000i\000t\000y\000\040\000I\000m\000p\000l\000i\000c\000a\000t\000i\000o\000n\000s}{chapter.18}% 170
\BOOKMARK [1][-]{section.18.7}{\376\377\000C\000o\000n\000c\000l\000u\000s\000i\000o\000n}{chapter.18}% 171
\BOOKMARK [0][-]{chapter.19}{\376\377\000S\000t\000r\000u\000c\000t\000u\000r\000a\000l\000\040\000G\000e\000n\000e\000r\000a\000l\000i\000z\000a\000t\000i\000o\000n\000\040\000i\000n\000\040\000C\000L\000I\000O\000-\000A\000I}{part.1}% 172
\BOOKMARK [1][-]{section.19.1}{\376\377\000I\000n\000t\000r\000o\000d\000u\000c\000t\000i\000o\000n}{chapter.19}% 173
\BOOKMARK [1][-]{section.19.2}{\376\377\000W\000h\000y\000\040\000C\000u\000r\000r\000e\000n\000t\000\040\000A\000I\000\040\000L\000a\000c\000k\000s\000\040\000S\000t\000r\000u\000c\000t\000u\000r\000e}{chapter.19}% 174
\BOOKMARK [1][-]{section.19.3}{\376\377\000G\000r\000o\000u\000p\000o\000i\000d\000s\000,\000\040\000S\000h\000e\000a\000v\000e\000s\000,\000\040\000a\000n\000d\000\040\000L\000a\000t\000e\000n\000t\000\040\000G\000e\000o\000m\000e\000t\000r\000y}{chapter.19}% 175
\BOOKMARK [2][-]{subsection.19.3.1}{\376\377\000G\000r\000o\000u\000p\000o\000i\000d\000s\000\040\000f\000o\000r\000\040\000R\000e\000l\000a\000t\000i\000o\000n\000a\000l\000\040\000S\000y\000m\000m\000e\000t\000r\000y}{section.19.3}% 176
\BOOKMARK [2][-]{subsection.19.3.2}{\376\377\000S\000h\000e\000a\000v\000e\000s\000\040\000f\000o\000r\000\040\000M\000u\000l\000t\000i\000-\000C\000o\000n\000t\000e\000x\000t\000\040\000I\000n\000t\000e\000g\000r\000a\000t\000i\000o\000n}{section.19.3}% 177
\BOOKMARK [2][-]{subsection.19.3.3}{\376\377\000L\000a\000t\000e\000n\000t\000\040\000G\000e\000o\000m\000e\000t\000r\000y\000\040\000a\000n\000d\000\040\000R\000S\000V\000P}{section.19.3}% 178
\BOOKMARK [1][-]{section.19.4}{\376\377\000M\000u\000l\000t\000i\000-\000S\000c\000a\000l\000e\000\040\000R\000e\000l\000a\000t\000i\000o\000n\000a\000l\000\040\000R\000e\000a\000s\000o\000n\000i\000n\000g}{chapter.19}% 179
\BOOKMARK [1][-]{section.19.5}{\376\377\000S\000y\000m\000b\000o\000l\000i\000c\040\023\000S\000u\000b\000s\000y\000m\000b\000o\000l\000i\000c\000\040\000I\000n\000t\000e\000g\000r\000a\000t\000i\000o\000n}{chapter.19}% 180
\BOOKMARK [1][-]{section.19.6}{\376\377\000L\000o\000n\000g\000-\000H\000o\000r\000i\000z\000o\000n\000\040\000P\000l\000a\000n\000n\000i\000n\000g\000\040\000a\000n\000d\000\040\000M\000e\000t\000a\000-\000C\000o\000g\000n\000i\000t\000i\000o\000n}{chapter.19}% 181
\BOOKMARK [1][-]{section.19.7}{\376\377\000C\000o\000n\000c\000l\000u\000s\000i\000o\000n}{chapter.19}% 182
\BOOKMARK [0][-]{chapter.20}{\376\377\000I\000n\000t\000e\000g\000r\000a\000t\000i\000n\000g\000\040\000C\000L\000I\000O\000\040\000w\000i\000t\000h\000\040\000R\000S\000V\000P\000,\000\040\000H\000Y\000D\000R\000A\000,\000\040\000T\000A\000R\000T\000A\000N\000,\000\040\000C\000o\000M\000,\000\040\000E\000B\000S\000S\000C\000,\000\040\000a\000n\000d\000\040\000t\000h\000e\000\040\000S\000e\000m\000a\000n\000t\000i\000c\000\040\000I\000n\000f\000r\000a\000s\000t\000r\000u\000c\000t\000u\000r\000e}{part.1}% 183
\BOOKMARK [1][-]{section.20.1}{\376\377\000I\000n\000t\000r\000o\000d\000u\000c\000t\000i\000o\000n}{chapter.20}% 184
\BOOKMARK [1][-]{section.20.2}{\376\377\000R\000S\000V\000P\000\040\000a\000s\000\040\000t\000h\000e\000\040\000S\000u\000b\000s\000t\000r\000a\000t\000e\000\040\000f\000o\000r\000\040\000A\000f\000f\000e\000c\000t\000i\000v\000e\000\040\000a\000n\000d\000\040\000D\000y\000n\000a\000m\000i\000c\000a\000l\000\040\000G\000r\000o\000u\000n\000d\000i\000n\000g}{chapter.20}% 185
\BOOKMARK [1][-]{section.20.3}{\376\377\000T\000A\000R\000T\000A\000N\000\040\000a\000n\000d\000\040\000t\000h\000e\000\040\000E\000m\000e\000r\000g\000e\000n\000c\000e\000\040\000o\000f\000\040\000S\000t\000r\000u\000c\000t\000u\000r\000e\000d\000\040\000C\000o\000n\000t\000e\000x\000t}{chapter.20}% 186
\BOOKMARK [1][-]{section.20.4}{\376\377\000H\000Y\000D\000R\000A\000:\000\040\000M\000o\000d\000u\000l\000a\000r\000\040\000D\000e\000c\000o\000m\000p\000o\000s\000i\000t\000i\000o\000n\000\040\000o\000f\000\040\000C\000o\000g\000n\000i\000t\000i\000v\000e\000\040\000W\000o\000r\000k}{chapter.20}% 187
\BOOKMARK [1][-]{section.20.5}{\376\377\000C\000h\000a\000i\000n\000-\000o\000f\000-\000M\000e\000m\000o\000r\000y\000\040\000a\000s\000\040\000T\000e\000m\000p\000o\000r\000a\000l\000\040\000G\000l\000u\000e}{chapter.20}% 188
\BOOKMARK [1][-]{section.20.6}{\376\377\000E\000B\000S\000S\000C\000\040\000a\000s\000\040\000a\000\040\000C\000o\000n\000s\000t\000r\000a\000i\000n\000t\000\040\000o\000n\000\040\000S\000e\000m\000a\000n\000t\000i\000c\000\040\000D\000r\000i\000f\000t}{chapter.20}% 189
\BOOKMARK [1][-]{section.20.7}{\376\377\000S\000e\000m\000a\000n\000t\000i\000c\000\040\000I\000n\000f\000r\000a\000s\000t\000r\000u\000c\000t\000u\000r\000e\000\040\000a\000n\000d\000\040\042\036\000-\000C\000a\000t\000e\000g\000o\000r\000i\000c\000a\000l\000\040\000I\000n\000t\000e\000g\000r\000a\000t\000i\000o\000n}{chapter.20}% 190
\BOOKMARK [1][-]{section.20.8}{\376\377\000U\000n\000i\000f\000i\000e\000d\000\040\000D\000y\000n\000a\000m\000i\000c\000a\000l\000\040\000P\000i\000c\000t\000u\000r\000e}{chapter.20}% 191
\BOOKMARK [1][-]{section.20.9}{\376\377\000C\000o\000n\000c\000l\000u\000s\000i\000o\000n}{chapter.20}% 192
\BOOKMARK [0][-]{chapter.21}{\376\377\000G\000l\000o\000b\000a\000l\000\040\000C\000o\000h\000e\000r\000e\000n\000c\000e\000\040\000a\000n\000d\000\040\000F\000a\000i\000l\000u\000r\000e\000\040\000M\000o\000d\000e\000s\000\040\000i\000n\000\040\000I\000n\000t\000e\000g\000r\000a\000t\000e\000d\000\040\000C\000o\000g\000n\000i\000t\000i\000v\000e\000\040\000S\000y\000s\000t\000e\000m\000s}{part.1}% 193
\BOOKMARK [1][-]{section.21.1}{\376\377\000I\000n\000t\000r\000o\000d\000u\000c\000t\000i\000o\000n}{chapter.21}% 194
\BOOKMARK [1][-]{section.21.2}{\376\377\000G\000l\000o\000b\000a\000l\000\040\000C\000o\000h\000e\000r\000e\000n\000c\000e\000\040\000a\000s\000\040\000a\000\040\000M\000u\000l\000t\000i\000-\000L\000a\000y\000e\000r\000\040\000C\000o\000n\000s\000t\000r\000a\000i\000n\000t}{chapter.21}% 195
\BOOKMARK [2][-]{subsection.21.2.1}{\376\377\000R\000S\000V\000P\000\040\000C\000o\000h\000e\000r\000e\000n\000c\000e}{section.21.2}% 196
\BOOKMARK [2][-]{subsection.21.2.2}{\376\377\000C\000L\000I\000O\000\040\000R\000e\000c\000u\000r\000s\000i\000v\000e\000\040\000C\000o\000h\000e\000r\000e\000n\000c\000e}{section.21.2}% 197
\BOOKMARK [2][-]{subsection.21.2.3}{\376\377\000S\000e\000m\000a\000n\000t\000i\000c\000\040\000C\000o\000h\000e\000r\000e\000n\000c\000e}{section.21.2}% 198
\BOOKMARK [1][-]{section.21.3}{\376\377\000F\000a\000i\000l\000u\000r\000e\000\040\000M\000o\000d\000e\000\040\000I\000:\000\040\000R\000S\000V\000P\000\040\000F\000i\000e\000l\000d\000\040\000I\000n\000s\000t\000a\000b\000i\000l\000i\000t\000y}{chapter.21}% 199
\BOOKMARK [1][-]{section.21.4}{\376\377\000F\000a\000i\000l\000u\000r\000e\000\040\000M\000o\000d\000e\000\040\000I\000I\000:\000\040\000P\000r\000e\000c\000i\000s\000i\000o\000n\000\040\000C\000o\000l\000l\000a\000p\000s\000e}{chapter.21}% 200
\BOOKMARK [1][-]{section.21.5}{\376\377\000F\000a\000i\000l\000u\000r\000e\000\040\000M\000o\000d\000e\000\040\000I\000I\000I\000:\000\040\000P\000r\000e\000c\000i\000s\000i\000o\000n\000\040\000H\000y\000p\000e\000r\000i\000n\000f\000l\000a\000t\000i\000o\000n}{chapter.21}% 201
\BOOKMARK [1][-]{section.21.6}{\376\377\000F\000a\000i\000l\000u\000r\000e\000\040\000M\000o\000d\000e\000\040\000I\000V\000:\000\040\000H\000Y\000D\000R\000A\000\040\000H\000e\000a\000d\000\040\000D\000e\000s\000y\000n\000c\000h\000r\000o\000n\000i\000z\000a\000t\000i\000o\000n}{chapter.21}% 202
\BOOKMARK [1][-]{section.21.7}{\376\377\000F\000a\000i\000l\000u\000r\000e\000\040\000M\000o\000d\000e\000\040\000V\000:\000\040\000M\000e\000m\000o\000r\000y\000\040\000H\000y\000s\000t\000e\000r\000e\000s\000i\000s\000\040\000\050\000C\000o\000M\000\051}{chapter.21}% 203
\BOOKMARK [1][-]{section.21.8}{\376\377\000F\000a\000i\000l\000u\000r\000e\000\040\000M\000o\000d\000e\000\040\000V\000I\000:\000\040\000S\000e\000m\000a\000n\000t\000i\000c\000\040\000O\000b\000s\000t\000r\000u\000c\000t\000i\000o\000n}{chapter.21}% 204
\BOOKMARK [1][-]{section.21.9}{\376\377\000F\000a\000i\000l\000u\000r\000e\000\040\000M\000o\000d\000e\000\040\000V\000I\000I\000:\000\040\000C\000r\000o\000s\000s\000-\000L\000e\000v\000e\000l\000\040\000R\000e\000c\000u\000r\000s\000i\000v\000e\000\040\000D\000e\000c\000o\000u\000p\000l\000i\000n\000g}{chapter.21}% 205
\BOOKMARK [1][-]{section.21.10}{\376\377\000T\000h\000e\000\040\000G\000l\000o\000b\000a\000l\000\040\000S\000t\000a\000b\000i\000l\000i\000t\000y\000\040\000C\000r\000i\000t\000e\000r\000i\000o\000n}{chapter.21}% 206
\BOOKMARK [1][-]{section.21.11}{\376\377\000C\000o\000n\000c\000l\000u\000s\000i\000o\000n}{chapter.21}% 207
\BOOKMARK [0][-]{chapter.22}{\376\377\000C\000L\000I\000O\000\040\000a\000s\000\040\000S\000o\000c\000i\000e\000t\000a\000l\000\040\000C\000o\000g\000n\000i\000t\000i\000o\000n}{part.1}% 208
\BOOKMARK [1][-]{section.22.1}{\376\377\000I\000n\000t\000r\000o\000d\000u\000c\000t\000i\000o\000n}{chapter.22}% 209
\BOOKMARK [1][-]{section.22.2}{\376\377\000S\000o\000c\000i\000e\000t\000i\000e\000s\000\040\000a\000s\000\040\000M\000u\000l\000t\000i\000-\000A\000g\000e\000n\000t\000\040\000C\000L\000I\000O\000\040\000S\000y\000s\000t\000e\000m\000s}{chapter.22}% 210
\BOOKMARK [1][-]{section.22.3}{\376\377\000I\000n\000t\000e\000r\000s\000u\000b\000j\000e\000c\000t\000i\000v\000e\000\040\000P\000r\000e\000c\000i\000s\000i\000o\000n\000\040\000F\000l\000o\000w\000s}{chapter.22}% 211
\BOOKMARK [2][-]{subsection.22.3.1}{\376\377\000L\000o\000w\000\040\000P\000r\000e\000c\000i\000s\000i\000o\000n\000\040\000C\000o\000u\000p\000l\000i\000n\000g}{section.22.3}% 212
\BOOKMARK [2][-]{subsection.22.3.2}{\376\377\000H\000i\000g\000h\000\040\000P\000r\000e\000c\000i\000s\000i\000o\000n\000\040\000C\000o\000u\000p\000l\000i\000n\000g}{section.22.3}% 213
\BOOKMARK [1][-]{section.22.4}{\376\377\000C\000o\000l\000l\000e\000c\000t\000i\000v\000e\000\040\000A\000f\000f\000e\000c\000t\000i\000v\000e\000\040\000F\000i\000e\000l\000d\000s}{chapter.22}% 214
\BOOKMARK [1][-]{section.22.5}{\376\377\000I\000n\000s\000t\000i\000t\000u\000t\000i\000o\000n\000a\000l\000\040\000M\000e\000m\000o\000r\000y\000\040\000a\000s\000\040\000t\000h\000e\000\040\000C\000o\000M\000\040\000L\000a\000y\000e\000r}{chapter.22}% 215
\BOOKMARK [1][-]{section.22.6}{\376\377\000S\000e\000m\000a\000n\000t\000i\000c\000\040\000I\000n\000f\000r\000a\000s\000t\000r\000u\000c\000t\000u\000r\000e\000\040\000i\000n\000\040\000S\000o\000c\000i\000a\000l\000\040\000S\000y\000s\000t\000e\000m\000s}{chapter.22}% 216
\BOOKMARK [1][-]{section.22.7}{\376\377\000C\000u\000l\000t\000u\000r\000a\000l\000\040\000A\000t\000t\000r\000a\000c\000t\000o\000r\000s\000\040\000a\000n\000d\000\040\000D\000i\000v\000e\000r\000g\000e\000n\000c\000e}{chapter.22}% 217
\BOOKMARK [1][-]{section.22.8}{\376\377\000D\000e\000m\000o\000c\000r\000a\000t\000i\000c\000\040\000H\000e\000a\000l\000t\000h\000\040\000a\000n\000d\000\040\000E\000p\000i\000s\000t\000e\000m\000i\000c\000\040\000C\000o\000m\000m\000o\000n\000s}{chapter.22}% 218
\BOOKMARK [1][-]{section.22.9}{\376\377\000W\000h\000e\000n\000\040\000S\000o\000c\000i\000e\000t\000i\000e\000s\000\040\000B\000e\000c\000o\000m\000e\000\040\000C\000o\000h\000e\000r\000e\000n\000t}{chapter.22}% 219
\BOOKMARK [1][-]{section.22.10}{\376\377\000C\000o\000n\000c\000l\000u\000s\000i\000o\000n}{chapter.22}% 220
\BOOKMARK [0][-]{chapter.23}{\376\377\000E\000n\000d\000i\000n\000g\000\040\000I\000n\000t\000e\000r\000s\000u\000b\000j\000e\000c\000t\000i\000v\000i\000t\000y\000\040\000C\000o\000l\000l\000a\000p\000s\000e}{part.1}% 221
\BOOKMARK [1][-]{section.23.1}{\376\377\000I\000n\000t\000r\000o\000d\000u\000c\000t\000i\000o\000n}{chapter.23}% 222
\BOOKMARK [1][-]{section.23.2}{\376\377\000C\000a\000u\000s\000e\000s\000\040\000o\000f\000\040\000C\000o\000l\000l\000a\000p\000s\000e}{chapter.23}% 223
\BOOKMARK [2][-]{subsection.23.2.1}{\376\377\000R\000S\000V\000P\000-\000L\000e\000v\000e\000l\000\040\000C\000o\000l\000l\000a\000p\000s\000e}{section.23.2}% 224
\BOOKMARK [2][-]{subsection.23.2.2}{\376\377\000C\000L\000I\000O\000-\000L\000e\000v\000e\000l\000\040\000C\000o\000l\000l\000a\000p\000s\000e}{section.23.2}% 225
\BOOKMARK [2][-]{subsection.23.2.3}{\376\377\000S\000e\000m\000a\000n\000t\000i\000c\000\040\000C\000o\000l\000l\000a\000p\000s\000e}{section.23.2}% 226
\BOOKMARK [1][-]{section.23.3}{\376\377\000R\000e\000p\000a\000i\000r\000i\000n\000g\000\040\000R\000S\000V\000P\000-\000L\000e\000v\000e\000l\000\040\000C\000o\000n\000d\000i\000t\000i\000o\000n\000s}{chapter.23}% 227
\BOOKMARK [2][-]{subsection.23.3.1}{\376\377\000A\000f\000f\000e\000c\000t\000i\000v\000e\000\040\000D\000e\000c\000o\000m\000p\000r\000e\000s\000s\000i\000o\000n}{section.23.3}% 228
\BOOKMARK [2][-]{subsection.23.3.2}{\376\377\000E\000n\000t\000r\000o\000p\000y\000\040\000R\000e\000b\000a\000l\000a\000n\000c\000i\000n\000g}{section.23.3}% 229
\BOOKMARK [1][-]{section.23.4}{\376\377\000R\000e\000p\000a\000i\000r\000i\000n\000g\000\040\000C\000L\000I\000O\000-\000L\000e\000v\000e\000l\000\040\000P\000r\000e\000c\000i\000s\000i\000o\000n\000\040\000D\000y\000n\000a\000m\000i\000c\000s}{chapter.23}% 230
\BOOKMARK [2][-]{subsection.23.4.1}{\376\377\000R\000e\000s\000t\000o\000r\000i\000n\000g\000\040\000T\000r\000u\000s\000t\000\040\000N\000e\000t\000w\000o\000r\000k\000s}{section.23.4}% 231
\BOOKMARK [2][-]{subsection.23.4.2}{\376\377\000R\000e\000d\000u\000c\000i\000n\000g\000\040\000P\000r\000e\000c\000i\000s\000i\000o\000n\000\040\000H\000y\000p\000e\000r\000i\000n\000f\000l\000a\000t\000i\000o\000n}{section.23.4}% 232
\BOOKMARK [2][-]{subsection.23.4.3}{\376\377\000D\000i\000s\000r\000u\000p\000t\000i\000n\000g\000\040\000H\000y\000s\000t\000e\000r\000e\000s\000i\000s}{section.23.4}% 233
\BOOKMARK [1][-]{section.23.5}{\376\377\000R\000e\000p\000a\000i\000r\000i\000n\000g\000\040\000S\000e\000m\000a\000n\000t\000i\000c\000\040\000I\000n\000f\000r\000a\000s\000t\000r\000u\000c\000t\000u\000r\000e}{chapter.23}% 234
\BOOKMARK [2][-]{subsection.23.5.1}{\376\377\000R\000e\000b\000u\000i\000l\000d\000i\000n\000g\000\040\000S\000h\000a\000r\000e\000d\000\040\000C\000a\000t\000e\000g\000o\000r\000i\000e\000s}{section.23.5}% 235
\BOOKMARK [2][-]{subsection.23.5.2}{\376\377\000R\000e\000s\000t\000o\000r\000i\000n\000g\000\040\000I\000n\000t\000e\000r\000p\000r\000e\000t\000i\000v\000e\000\040\000C\000o\000m\000m\000o\000n\000s}{section.23.5}% 236
\BOOKMARK [2][-]{subsection.23.5.3}{\376\377\000S\000e\000m\000a\000n\000t\000i\000c\000\040\000R\000e\000b\000r\000i\000d\000g\000i\000n\000g\000\040\000B\000e\000t\000w\000e\000e\000n\000\040\000G\000r\000o\000u\000p\000s}{section.23.5}% 237
\BOOKMARK [1][-]{section.23.6}{\376\377\000R\000o\000l\000e\000\040\000o\000f\000\040\000N\000a\000r\000r\000a\000t\000i\000v\000e\000,\000\040\000R\000i\000t\000u\000a\000l\000,\000\040\000a\000n\000d\000\040\000S\000h\000a\000r\000e\000d\000\040\000O\000n\000t\000o\000l\000o\000g\000y}{chapter.23}% 238
\BOOKMARK [2][-]{subsection.23.6.1}{\376\377\000N\000a\000r\000r\000a\000t\000i\000v\000e\000\040\000a\000s\000\040\000T\000e\000m\000p\000o\000r\000a\000l\000\040\000G\000l\000u\000e}{section.23.6}% 239
\BOOKMARK [2][-]{subsection.23.6.2}{\376\377\000R\000i\000t\000u\000a\000l\000\040\000a\000s\000\040\000A\000f\000f\000e\000c\000t\000i\000v\000e\000\040\000S\000y\000n\000c\000h\000r\000o\000n\000i\000z\000a\000t\000i\000o\000n}{section.23.6}% 240
\BOOKMARK [2][-]{subsection.23.6.3}{\376\377\000S\000h\000a\000r\000e\000d\000\040\000O\000n\000t\000o\000l\000o\000g\000y\000\040\000a\000s\000\040\000S\000e\000m\000a\000n\000t\000i\000c\000\040\000S\000c\000a\000f\000f\000o\000l\000d}{section.23.6}% 241
\BOOKMARK [1][-]{section.23.7}{\376\377\000B\000l\000u\000e\000p\000r\000i\000n\000t\000\040\000f\000o\000r\000\040\000R\000e\000s\000t\000o\000r\000a\000t\000i\000o\000n}{chapter.23}% 242
\BOOKMARK [1][-]{section.23.8}{\376\377\000C\000o\000n\000c\000l\000u\000s\000i\000o\000n}{chapter.23}% 243
\BOOKMARK [0][-]{chapter.24}{\376\377\000T\000h\000e\000\040\000U\000n\000i\000f\000i\000e\000d\000\040\000F\000i\000e\000l\000d\000\040\000o\000f\000\040\000C\000o\000n\000s\000c\000i\000o\000u\000s\000\040\000A\000g\000e\000n\000t\000s}{part.1}% 244
\BOOKMARK [1][-]{section.24.1}{\376\377\000I\000n\000t\000r\000o\000d\000u\000c\000t\000i\000o\000n}{chapter.24}% 245
\BOOKMARK [1][-]{section.24.2}{\376\377\000U\000n\000i\000f\000i\000e\000d\000\040\000D\000e\000f\000i\000n\000i\000t\000i\000o\000n\000\040\000o\000f\000\040\000a\000\040\000C\000o\000n\000s\000c\000i\000o\000u\000s\000\040\000A\000g\000e\000n\000t}{chapter.24}% 246
\BOOKMARK [1][-]{section.24.3}{\376\377\000G\000e\000o\000m\000e\000t\000r\000y\000\040\000o\000f\000\040\000C\000o\000n\000s\000c\000i\000o\000u\000s\000n\000e\000s\000s}{chapter.24}% 247
\BOOKMARK [2][-]{subsection.24.3.1}{\376\377\000R\000S\000V\000P\000\040\000a\000s\000\040\000t\000h\000e\000\040\000P\000h\000a\000s\000e\000\040\000S\000p\000a\000c\000e}{section.24.3}% 248
\BOOKMARK [2][-]{subsection.24.3.2}{\376\377\000C\000L\000I\000O\000\040\000a\000s\000\040\000a\000\040\000G\000e\000o\000d\000e\000s\000i\000c\000\040\000F\000l\000o\000w}{section.24.3}% 249
\BOOKMARK [2][-]{subsection.24.3.3}{\376\377\000H\000Y\000D\000R\000A\000\040\000a\000s\000\040\000M\000o\000d\000u\000l\000a\000r\000\040\000C\000u\000r\000v\000a\000t\000u\000r\000e}{section.24.3}% 250
\BOOKMARK [2][-]{subsection.24.3.4}{\376\377\000T\000A\000R\000T\000A\000N\000\040\000a\000s\000\040\000M\000u\000l\000t\000i\000s\000c\000a\000l\000e\000\040\000G\000e\000o\000m\000e\000t\000r\000y}{section.24.3}% 251
\BOOKMARK [2][-]{subsection.24.3.5}{\376\377\000C\000o\000M\000\040\000a\000s\000\040\000T\000e\000m\000p\000o\000r\000a\000l\000\040\000C\000o\000n\000t\000i\000n\000u\000i\000t\000y}{section.24.3}% 252
\BOOKMARK [1][-]{section.24.4}{\376\377\000R\000e\000c\000u\000r\000s\000i\000v\000e\000\040\000C\000a\000u\000s\000a\000t\000i\000o\000n}{chapter.24}% 253
\BOOKMARK [1][-]{section.24.5}{\376\377\000A\000r\000t\000i\000f\000i\000c\000i\000a\000l\000\040\000C\000o\000n\000s\000c\000i\000o\000u\000s\000\040\000A\000g\000e\000n\000t\000s}{chapter.24}% 254
\BOOKMARK [1][-]{section.24.6}{\376\377\000S\000o\000c\000i\000e\000t\000a\000l\000\040\000C\000o\000n\000s\000c\000i\000o\000u\000s\000n\000e\000s\000s}{chapter.24}% 255
\BOOKMARK [1][-]{section.24.7}{\376\377\000F\000i\000n\000a\000l\000\040\000S\000y\000n\000t\000h\000e\000s\000i\000s}{chapter.24}% 256
\BOOKMARK [1][-]{section.24.8}{\376\377\000C\000l\000o\000s\000i\000n\000g\000\040\000A\000r\000g\000u\000m\000e\000n\000t}{chapter.24}% 257
\BOOKMARK [0][-]{chapter*.8}{\376\377\000E\000p\000i\000l\000o\000g\000u\000e}{part.1}% 258
\BOOKMARK [0][-]{appendix.A}{\376\377\000A\000p\000p\000e\000n\000d\000i\000x\000\040\000A\000:\000\040\000T\000h\000e\000\040\000R\000S\000V\000P\000\040\000F\000i\000e\000l\000d\000\040\000T\000h\000e\000o\000r\000y}{part.1}% 259
\BOOKMARK [1][-]{section.A.1}{\376\377\000I\000n\000t\000r\000o\000d\000u\000c\000t\000i\000o\000n}{appendix.A}% 260
\BOOKMARK [1][-]{section.A.2}{\376\377\000T\000h\000e\000\040\000R\000S\000V\000P\000\040\000L\000a\000g\000r\000a\000n\000g\000i\000a\000n}{appendix.A}% 261
\BOOKMARK [1][-]{section.A.3}{\376\377\000E\000u\000l\000e\000r\040\023\000L\000a\000g\000r\000a\000n\000g\000e\000\040\000E\000q\000u\000a\000t\000i\000o\000n\000s}{appendix.A}% 262
\BOOKMARK [2][-]{subsection.A.3.1}{\376\377\000S\000c\000a\000l\000a\000r\000\040\000F\000i\000e\000l\000d\000\040\000E\000q\000u\000a\000t\000i\000o\000n}{section.A.3}% 263
\BOOKMARK [2][-]{subsection.A.3.2}{\376\377\000V\000e\000c\000t\000o\000r\000\040\000F\000i\000e\000l\000d\000\040\000E\000q\000u\000a\000t\000i\000o\000n}{section.A.3}% 264
\BOOKMARK [2][-]{subsection.A.3.3}{\376\377\000E\000n\000t\000r\000o\000p\000y\000\040\000F\000i\000e\000l\000d\000\040\000E\000q\000u\000a\000t\000i\000o\000n}{section.A.3}% 265
\BOOKMARK [1][-]{section.A.4}{\376\377\000C\000o\000n\000s\000t\000r\000a\000i\000n\000t\000\040\000S\000t\000r\000u\000c\000t\000u\000r\000e}{appendix.A}% 266
\BOOKMARK [2][-]{subsection.A.4.1}{\376\377\000G\000a\000u\000g\000e\000\040\000C\000o\000n\000d\000i\000t\000i\000o\000n\000s}{section.A.4}% 267
\BOOKMARK [2][-]{subsection.A.4.2}{\376\377\000E\000n\000t\000r\000o\000p\000y\000\040\000C\000o\000n\000s\000t\000r\000a\000i\000n\000t}{section.A.4}% 268
\BOOKMARK [1][-]{section.A.5}{\376\377\000E\000n\000e\000r\000g\000y\040\023\000M\000o\000m\000e\000n\000t\000u\000m\000\040\000T\000e\000n\000s\000o\000r}{appendix.A}% 269
\BOOKMARK [1][-]{section.A.6}{\376\377\000W\000o\000r\000l\000d\000t\000u\000b\000e\000\040\000E\000m\000b\000e\000d\000d\000i\000n\000g}{appendix.A}% 270
\BOOKMARK [1][-]{section.A.7}{\376\377\000L\000i\000n\000e\000a\000r\000\040\000S\000t\000a\000b\000i\000l\000i\000t\000y\000\040\000A\000n\000a\000l\000y\000s\000i\000s}{appendix.A}% 271
\BOOKMARK [1][-]{section.A.8}{\376\377\000C\000o\000h\000e\000r\000e\000n\000c\000e\000\040\000C\000o\000n\000d\000i\000t\000i\000o\000n}{appendix.A}% 272
\BOOKMARK [1][-]{section.A.9}{\376\377\000C\000o\000n\000c\000l\000u\000s\000i\000o\000n}{appendix.A}% 273
\BOOKMARK [0][-]{appendix.B}{\376\377\000A\000p\000p\000e\000n\000d\000i\000x\000\040\000B\000:\000\040\000I\000n\000f\000o\000r\000m\000a\000t\000i\000o\000n\000\040\000G\000e\000o\000m\000e\000t\000r\000y\000\040\000o\000f\000\040\000C\000L\000I\000O}{part.1}% 274
\BOOKMARK [1][-]{section.B.1}{\376\377\000I\000n\000t\000r\000o\000d\000u\000c\000t\000i\000o\000n}{appendix.B}% 275
\BOOKMARK [1][-]{section.B.2}{\376\377\000S\000t\000a\000t\000i\000s\000t\000i\000c\000a\000l\000\040\000M\000a\000n\000i\000f\000o\000l\000d\000s\000\040\000a\000n\000d\000\040\000t\000h\000e\000\040\000F\000i\000s\000h\000e\000r\000\040\000M\000e\000t\000r\000i\000c}{appendix.B}% 276
\BOOKMARK [1][-]{section.B.3}{\376\377\000A\000f\000f\000e\000c\000t\000i\000v\000e\000\040\000M\000o\000d\000u\000l\000a\000t\000i\000o\000n\000\040\000a\000s\000\040\000M\000e\000t\000r\000i\000c\000\040\000D\000e\000f\000o\000r\000m\000a\000t\000i\000o\000n}{appendix.B}% 277
\BOOKMARK [1][-]{section.B.4}{\376\377\000P\000r\000e\000c\000i\000s\000i\000o\000n\000\040\000W\000e\000i\000g\000h\000t\000i\000n\000g\000\040\000a\000s\000\040\000R\000e\000l\000i\000a\000b\000i\000l\000i\000t\000y\000\040\000E\000s\000t\000i\000m\000a\000t\000i\000o\000n}{appendix.B}% 278
\BOOKMARK [1][-]{section.B.5}{\376\377\000C\000L\000I\000O\000\040\000U\000p\000d\000a\000t\000e\000\040\000R\000u\000l\000e\000\040\000a\000s\000\040\000N\000a\000t\000u\000r\000a\000l\000\040\000G\000r\000a\000d\000i\000e\000n\000t\000\040\000D\000e\000s\000c\000e\000n\000t}{appendix.B}% 279
\BOOKMARK [1][-]{section.B.6}{\376\377\000R\000e\000c\000u\000r\000s\000i\000v\000e\000\040\000C\000L\000I\000O\000\040\000a\000n\000d\000\040\000M\000u\000l\000t\000i\000-\000L\000e\000v\000e\000l\000\040\000G\000e\000o\000m\000e\000t\000r\000y}{appendix.B}% 280
\BOOKMARK [1][-]{section.B.7}{\376\377\000C\000o\000n\000t\000r\000a\000c\000t\000i\000o\000n\000\040\000M\000a\000p\000p\000i\000n\000g\000\040\000T\000h\000e\000o\000r\000e\000m\000\040\000f\000o\000r\000\040\000C\000L\000I\000O}{appendix.B}% 281
\BOOKMARK [1][-]{section.B.8}{\376\377\000C\000o\000n\000n\000e\000c\000t\000i\000o\000n\000\040\000t\000o\000\040\000C\000h\000e\000n\000g\000\040\000e\000t\000\040\000a\000l\000.\000\040\000\050\0002\0000\0002\0005\000\051}{appendix.B}% 282
\BOOKMARK [1][-]{section.B.9}{\376\377\000G\000e\000o\000m\000e\000t\000r\000i\000c\000\040\000D\000i\000a\000g\000r\000a\000m}{appendix.B}% 283
\BOOKMARK [1][-]{section.B.10}{\376\377\000C\000o\000n\000c\000l\000u\000s\000i\000o\000n}{appendix.B}% 284
\BOOKMARK [0][-]{appendix.C}{\376\377\000A\000p\000p\000e\000n\000d\000i\000x\000\040\000C\000:\000\040\000S\000t\000o\000c\000h\000a\000s\000t\000i\000c\000\040\000D\000i\000f\000f\000e\000r\000e\000n\000t\000i\000a\000l\000\040\000D\000y\000n\000a\000m\000i\000c\000s\000\040\000o\000f\000\040\000A\000f\000f\000e\000c\000t\000i\000v\000e\000\040\000R\000e\000g\000u\000l\000a\000t\000i\000o\000n}{part.1}% 285
\BOOKMARK [1][-]{section.C.1}{\376\377\000I\000n\000t\000r\000o\000d\000u\000c\000t\000i\000o\000n}{appendix.C}% 286
\BOOKMARK [1][-]{section.C.2}{\376\377\000H\000o\000m\000e\000o\000s\000t\000a\000t\000i\000c\000\040\000D\000e\000v\000i\000a\000t\000i\000o\000n\000\040\000D\000y\000n\000a\000m\000i\000c\000s}{appendix.C}% 287
\BOOKMARK [1][-]{section.C.3}{\376\377\000A\000f\000f\000e\000c\000t\000i\000v\000e\000\040\000F\000i\000e\000l\000d\000\040\000a\000s\000\040\000S\000c\000a\000l\000a\000r\000\040\000P\000o\000t\000e\000n\000t\000i\000a\000l\000\040\000E\000n\000e\000r\000g\000y}{appendix.C}% 288
\BOOKMARK [1][-]{section.C.4}{\376\377\000L\000y\000a\000p\000u\000n\000o\000v\000\040\000P\000r\000o\000p\000e\000r\000t\000y\000\040\000o\000f\000\040\000t\000h\000e\000\040\000H\000o\000m\000e\000o\000s\000t\000a\000t\000i\000c\000\040\000P\000o\000t\000e\000n\000t\000i\000a\000l}{appendix.C}% 289
\BOOKMARK [1][-]{section.C.5}{\376\377\000T\000h\000e\000\040\000F\000o\000k\000k\000e\000r\040\023\000P\000l\000a\000n\000c\000k\000\040\000E\000q\000u\000a\000t\000i\000o\000n\000\040\000f\000o\000r\000\040\000A\000f\000f\000e\000c\000t\000i\000v\000e\000\040\000D\000i\000s\000t\000r\000i\000b\000u\000t\000i\000o\000n\000s}{appendix.C}% 290
\BOOKMARK [1][-]{section.C.6}{\376\377\000O\000s\000c\000i\000l\000l\000a\000t\000i\000o\000n\000\040\000C\000o\000n\000d\000i\000t\000i\000o\000n\000s\000\040\000a\000n\000d\000\040\000A\000f\000f\000e\000c\000t\000i\000v\000e\000\040\000L\000o\000o\000p\000s}{appendix.C}% 291
\BOOKMARK [1][-]{section.C.7}{\376\377\000E\000s\000c\000a\000p\000e\000-\000T\000i\000m\000e\000\040\000T\000h\000e\000o\000r\000e\000m\000\040\000f\000o\000r\000\040\000A\000f\000f\000e\000c\000t\000i\000v\000e\000\040\000O\000v\000e\000r\000l\000o\000a\000d}{appendix.C}% 292
\BOOKMARK [1][-]{section.C.8}{\376\377\000C\000o\000n\000n\000e\000c\000t\000i\000o\000n\000\040\000t\000o\000\040\000R\000S\000V\000P\000\040\000S\000c\000a\000l\000a\000r\000\040\000F\000i\000e\000l\000d\000\040\000I\000n\000s\000t\000a\000b\000i\000l\000i\000t\000i\000e\000s}{appendix.C}% 293
\BOOKMARK [1][-]{section.C.9}{\376\377\000A\000f\000f\000e\000c\000t\000i\000v\000e\000\040\000D\000y\000n\000a\000m\000i\000c\000s\000\040\000i\000n\000\040\000A\000r\000t\000i\000f\000i\000c\000i\000a\000l\000\040\000C\000L\000I\000O\000\040\000A\000g\000e\000n\000t\000s}{appendix.C}% 294
\BOOKMARK [1][-]{section.C.10}{\376\377\000C\000o\000n\000c\000l\000u\000s\000i\000o\000n}{appendix.C}% 295
\BOOKMARK [0][-]{appendix.D}{\376\377\000A\000p\000p\000e\000n\000d\000i\000x\000\040\000D\000:\000\040\000T\000A\000R\000T\000A\000N\040\024\000R\000e\000c\000u\000r\000s\000i\000v\000e\000\040\000T\000i\000l\000i\000n\000g\000,\000\040\000A\000u\000r\000a\000\040\000F\000i\000e\000l\000d\000s\000,\000\040\000a\000n\000d\000\040\000M\000u\000l\000t\000i\000s\000c\000a\000l\000e\000\040\000S\000e\000m\000a\000n\000t\000i\000c\000\040\000G\000e\000o\000m\000e\000t\000r\000y}{part.1}% 296
\BOOKMARK [1][-]{section.D.1}{\376\377\000I\000n\000t\000r\000o\000d\000u\000c\000t\000i\000o\000n}{appendix.D}% 297
\BOOKMARK [1][-]{section.D.2}{\376\377\000R\000e\000c\000u\000r\000s\000i\000v\000e\000\040\000T\000i\000l\000i\000n\000g\000\040\000o\000n\000\040\000M\000a\000n\000i\000f\000o\000l\000d\000s}{appendix.D}% 298
\BOOKMARK [2][-]{subsection.D.2.1}{\376\377\000D\000e\000f\000i\000n\000i\000t\000i\000o\000n\000\040\000\050\000R\000e\000c\000u\000r\000s\000i\000v\000e\000\040\000T\000i\000l\000i\000n\000g\000\040\000O\000p\000e\000r\000a\000t\000o\000r\000\051}{section.D.2}% 299
\BOOKMARK [2][-]{subsection.D.2.2}{\376\377\000R\000e\000c\000u\000r\000s\000i\000v\000e\000\040\000D\000e\000f\000i\000n\000i\000t\000i\000o\000n}{section.D.2}% 300
\BOOKMARK [1][-]{section.D.3}{\376\377\000A\000u\000r\000a\000\040\000F\000i\000e\000l\000d\000s\000\040\000a\000s\000\040\000M\000e\000t\000a\000d\000a\000t\000a\000\040\000S\000h\000e\000a\000v\000e\000s}{appendix.D}% 301
\BOOKMARK [2][-]{subsection.D.3.1}{\376\377\000C\000o\000m\000p\000a\000t\000i\000b\000i\000l\000i\000t\000y\000\040\000C\000o\000n\000d\000i\000t\000i\000o\000n}{section.D.3}% 302
\BOOKMARK [1][-]{section.D.4}{\376\377\000S\000e\000m\000a\000n\000t\000i\000c\000\040\000N\000o\000i\000s\000e\000\040\000O\000p\000e\000r\000a\000t\000o\000r\000s}{appendix.D}% 303
\BOOKMARK [2][-]{subsection.D.4.1}{\376\377\000P\000r\000e\000s\000e\000r\000v\000a\000t\000i\000o\000n\000\040\000o\000f\000\040\000S\000e\000m\000a\000n\000t\000i\000c\000\040\000C\000o\000h\000e\000r\000e\000n\000c\000e}{section.D.4}% 304
\BOOKMARK [1][-]{section.D.5}{\376\377\000T\000r\000a\000j\000e\000c\000t\000o\000r\000y\000\040\000E\000n\000c\000o\000d\000i\000n\000g}{appendix.D}% 305
\BOOKMARK [1][-]{section.D.6}{\376\377\000T\000i\000k\000Z\000\040\000D\000i\000a\000g\000r\000a\000m\000s\000\040\000o\000f\000\040\000M\000u\000l\000t\000i\000s\000c\000a\000l\000e\000\040\000T\000i\000l\000i\000n\000g}{appendix.D}% 306
\BOOKMARK [1][-]{section.D.7}{\376\377\000S\000t\000a\000b\000i\000l\000i\000t\000y\000\040\000o\000f\000\040\000t\000h\000e\000\040\000R\000e\000c\000u\000r\000s\000i\000v\000e\000\040\000T\000i\000l\000i\000n\000g}{appendix.D}% 307
\BOOKMARK [1][-]{section.D.8}{\376\377\000I\000n\000t\000e\000g\000r\000a\000t\000i\000o\000n\000\040\000w\000i\000t\000h\000\040\000C\000L\000I\000O\000\040\000L\000e\000v\000e\000l\000\040\0002}{appendix.D}% 308
\BOOKMARK [1][-]{section.D.9}{\376\377\000I\000n\000t\000e\000g\000r\000a\000t\000i\000o\000n\000\040\000w\000i\000t\000h\000\040\000R\000S\000V\000P\000\040\000F\000i\000e\000l\000d\000s}{appendix.D}% 309
\BOOKMARK [1][-]{section.D.10}{\376\377\000C\000o\000n\000c\000l\000u\000s\000i\000o\000n}{appendix.D}% 310
\BOOKMARK [0][-]{appendix.E}{\376\377\000A\000p\000p\000e\000n\000d\000i\000x\000\040\000E\000:\000\040\000H\000Y\000D\000R\000A\040\024\000M\000o\000d\000u\000l\000a\000r\000\040\000A\000g\000e\000n\000t\000s\000\040\000a\000s\000\040\000F\000i\000b\000e\000r\000e\000d\000\040\000C\000a\000t\000e\000g\000o\000r\000i\000e\000s}{part.1}% 311
\BOOKMARK [1][-]{section.E.1}{\376\377\000I\000n\000t\000r\000o\000d\000u\000c\000t\000i\000o\000n}{appendix.E}% 312
\BOOKMARK [1][-]{section.E.2}{\376\377\000H\000Y\000D\000R\000A\000\040\000a\000s\000\040\000a\000\040\000F\000i\000b\000e\000r\000e\000d\000\040\000C\000a\000t\000e\000g\000o\000r\000y}{appendix.E}% 313
\BOOKMARK [2][-]{subsection.E.2.1}{\376\377\000D\000e\000f\000i\000n\000i\000t\000i\000o\000n}{section.E.2}% 314
\BOOKMARK [2][-]{subsection.E.2.2}{\376\377\000L\000o\000c\000a\000l\000\040\000C\000a\000r\000t\000e\000s\000i\000a\000n\000\040\000C\000l\000o\000s\000u\000r\000e}{section.E.2}% 315
\BOOKMARK [1][-]{section.E.3}{\376\377\000C\000o\000h\000e\000r\000e\000n\000c\000e\000\040\000M\000o\000r\000p\000h\000i\000s\000m\000s\000\040\000A\000c\000r\000o\000s\000s\000\040\000H\000e\000a\000d\000s}{appendix.E}% 316
\BOOKMARK [2][-]{subsection.E.3.1}{\376\377\000C\000o\000m\000p\000a\000t\000i\000b\000i\000l\000i\000t\000y\000\040\000C\000o\000n\000d\000i\000t\000i\000o\000n}{section.E.3}% 317
\BOOKMARK [1][-]{section.E.4}{\376\377\000P\000r\000e\000c\000i\000s\000i\000o\000n\000-\000W\000e\000i\000g\000h\000t\000e\000d\000\040\000H\000e\000a\000d\000\040\000A\000r\000b\000i\000t\000r\000a\000t\000i\000o\000n}{appendix.E}% 318
\BOOKMARK [2][-]{subsection.E.4.1}{\376\377\000A\000r\000b\000i\000t\000r\000a\000t\000i\000o\000n\000\040\000F\000u\000n\000c\000t\000i\000o\000n\000a\000l}{section.E.4}% 319
\BOOKMARK [1][-]{section.E.5}{\376\377\000F\000i\000b\000e\000r\000w\000i\000s\000e\000\040\000N\000a\000t\000u\000r\000a\000l\000\040\000T\000r\000a\000n\000s\000f\000o\000r\000m\000a\000t\000i\000o\000n\000s}{appendix.E}% 320
\BOOKMARK [1][-]{section.E.6}{\376\377\000T\000i\000k\000Z\000\040\000D\000i\000a\000g\000r\000a\000m\000\040\000o\000f\000\040\000t\000h\000e\000\040\000H\000Y\000D\000R\000A\000\040\000F\000i\000b\000r\000a\000t\000i\000o\000n}{appendix.E}% 321
\BOOKMARK [1][-]{section.E.7}{\376\377\000S\000y\000n\000c\000h\000r\000o\000n\000i\000z\000a\000t\000i\000o\000n\000\040\000T\000h\000e\000o\000r\000e\000m}{appendix.E}% 322
\BOOKMARK [1][-]{section.E.8}{\376\377\000E\000q\000u\000i\000v\000a\000l\000e\000n\000c\000e\000\040\000t\000o\000\040\000C\000L\000I\000O\000-\000L\000e\000v\000e\000l\000\040\000A\000r\000b\000i\000t\000r\000a\000t\000i\000o\000n}{appendix.E}% 323
\BOOKMARK [1][-]{section.E.9}{\376\377\000C\000o\000n\000c\000l\000u\000s\000i\000o\000n}{appendix.E}% 324
\BOOKMARK [0][-]{appendix.F}{\376\377\000A\000p\000p\000e\000n\000d\000i\000x\000\040\000F\000:\000\040\000C\000h\000a\000i\000n\000-\000o\000f\000-\000M\000e\000m\000o\000r\000y\000\040\000\050\000C\000o\000M\000\051\000\040\000T\000r\000a\000c\000e\000\040\000D\000y\000n\000a\000m\000i\000c\000s}{part.1}% 325
\BOOKMARK [1][-]{section.F.1}{\376\377\000I\000n\000t\000r\000o\000d\000u\000c\000t\000i\000o\000n}{appendix.F}% 326
\BOOKMARK [1][-]{section.F.2}{\376\377\000M\000e\000m\000o\000r\000y\000\040\000T\000r\000a\000c\000e\000s\000\040\000a\000s\000\040\000T\000e\000m\000p\000o\000r\000a\000l\000\040\000F\000i\000e\000l\000d\000s}{appendix.F}% 327
\BOOKMARK [2][-]{subsection.F.2.1}{\376\377\000D\000e\000f\000i\000n\000i\000t\000i\000o\000n}{section.F.2}% 328
\BOOKMARK [1][-]{section.F.3}{\376\377\000C\000h\000a\000i\000n\000\040\000C\000o\000n\000s\000t\000r\000u\000c\000t\000i\000o\000n}{appendix.F}% 329
\BOOKMARK [1][-]{section.F.4}{\376\377\000T\000e\000m\000p\000o\000r\000a\000l\000\040\000H\000y\000s\000t\000e\000r\000e\000s\000i\000s}{appendix.F}% 330
\BOOKMARK [2][-]{subsection.F.4.1}{\376\377\000H\000y\000s\000t\000e\000r\000e\000s\000i\000s\000\040\000O\000p\000e\000r\000a\000t\000o\000r}{section.F.4}% 331
\BOOKMARK [1][-]{section.F.5}{\376\377\000T\000h\000e\000\040\000C\000o\000M\000\040\000U\000p\000d\000a\000t\000e\000\040\000E\000q\000u\000a\000t\000i\000o\000n}{appendix.F}% 332
\BOOKMARK [2][-]{subsection.F.5.1}{\376\377\000D\000e\000r\000i\000v\000a\000t\000i\000o\000n}{section.F.5}% 333
\BOOKMARK [1][-]{section.F.6}{\376\377\000A\000n\000t\000i\000-\000F\000o\000r\000g\000e\000t\000t\000i\000n\000g\000\040\000C\000o\000n\000d\000i\000t\000i\000o\000n\000s}{appendix.F}% 334
\BOOKMARK [2][-]{subsection.F.6.1}{\376\377\000T\000h\000e\000o\000r\000e\000m\000\040\000\050\000A\000n\000t\000i\000-\000F\000o\000r\000g\000e\000t\000t\000i\000n\000g\000\040\000S\000t\000a\000b\000i\000l\000i\000t\000y\000\051}{section.F.6}% 335
\BOOKMARK [1][-]{section.F.7}{\376\377\000R\000e\000c\000u\000r\000r\000e\000n\000c\000e\000\040\000a\000n\000d\000\040\000L\000o\000n\000g\000-\000H\000o\000r\000i\000z\000o\000n\000\040\000S\000t\000a\000b\000i\000l\000i\000t\000y}{appendix.F}% 336
\BOOKMARK [2][-]{subsection.F.7.1}{\376\377\000T\000h\000e\000o\000r\000e\000m\000\040\000\050\000R\000e\000c\000u\000r\000r\000e\000n\000c\000e\000\040\000C\000o\000n\000d\000i\000t\000i\000o\000n\000\051}{section.F.7}% 337
\BOOKMARK [1][-]{section.F.8}{\376\377\000S\000i\000m\000p\000l\000i\000c\000i\000a\000l\000\040\000R\000e\000c\000o\000n\000s\000t\000r\000u\000c\000t\000i\000o\000n\000\040\000o\000f\000\040\000M\000e\000m\000o\000r\000y}{appendix.F}% 338
\BOOKMARK [2][-]{subsection.F.8.1}{\376\377\000M\000e\000m\000o\000r\000y\000\040\000a\000s\000\040\000a\000\040\000S\000i\000m\000p\000l\000i\000c\000i\000a\000l\000\040\000O\000b\000j\000e\000c\000t}{section.F.8}% 339
\BOOKMARK [1][-]{section.F.9}{\376\377\000T\000i\000k\000Z\000\040\000D\000i\000a\000g\000r\000a\000m\000\040\000o\000f\000\040\000C\000o\000M\000\040\000T\000r\000a\000c\000e\000\040\000F\000l\000o\000w}{appendix.F}% 340
\BOOKMARK [1][-]{section.F.10}{\376\377\000C\000o\000n\000c\000l\000u\000s\000i\000o\000n}{appendix.F}% 341
\BOOKMARK [0][-]{appendix.G}{\376\377\000S\000e\000m\000a\000n\000t\000i\000c\000\040\000I\000n\000f\000r\000a\000s\000t\000r\000u\000c\000t\000u\000r\000e\000\040\000a\000n\000d\000\040\040\023\000C\000a\000t\000e\000g\000o\000r\000i\000e\000s}{part.1}% 342
\BOOKMARK [1][-]{section.G.1}{\376\377\000O\000v\000e\000r\000v\000i\000e\000w}{appendix.G}% 343
\BOOKMARK [1][-]{section.G.2}{\376\377\000S\000e\000m\000a\000n\000t\000i\000c\000\040\000M\000o\000d\000u\000l\000e\000s\000\040\000a\000s\000\040\000O\000b\000j\000e\000c\000t\000s\000\040\000i\000n\000\040\000a\000\040\000S\000y\000m\000m\000e\000t\000r\000i\000c\000\040\000M\000o\000n\000o\000i\000d\000a\000l\000\040\040\023\000C\000a\000t\000e\000g\000o\000r\000y}{appendix.G}% 344
\BOOKMARK [1][-]{section.G.3}{\376\377\000M\000o\000r\000p\000h\000i\000s\000m\000s\000\040\000a\000n\000d\000\040\000H\000i\000g\000h\000e\000r\000\040\000M\000o\000r\000p\000h\000i\000s\000m\000s}{appendix.G}% 345
\BOOKMARK [1][-]{section.G.4}{\376\377\000F\000i\000b\000r\000a\000t\000i\000o\000n\000s\000\040\000a\000n\000d\000\040\000C\000o\000n\000t\000e\000x\000t\000u\000a\000l\000\040\000V\000a\000r\000i\000a\000t\000i\000o\000n}{appendix.G}% 346
\BOOKMARK [1][-]{section.G.5}{\376\377\000H\000o\000m\000o\000t\000o\000p\000y\000\040\000C\000o\000l\000i\000m\000i\000t\000s\000\040\000a\000n\000d\000\040\000t\000h\000e\000\040\000S\000e\000m\000a\000n\000t\000i\000c\000\040\000M\000e\000r\000g\000e\000\040\000O\000p\000e\000r\000a\000t\000o\000r}{appendix.G}% 347
\BOOKMARK [1][-]{section.G.6}{\376\377\000C\000o\000t\000a\000n\000g\000e\000n\000t\000\040\000C\000o\000m\000p\000l\000e\000x\000\040\000a\000n\000d\000\040\000S\000e\000m\000a\000n\000t\000i\000c\000\040\000O\000b\000s\000t\000r\000u\000c\000t\000i\000o\000n\000\040\000T\000h\000e\000o\000r\000y}{appendix.G}% 348
\BOOKMARK [1][-]{section.G.7}{\376\377\000S\000e\000m\000a\000n\000t\000i\000c\000\040\000G\000l\000u\000i\000n\000g\000\040\000a\000s\000\040\000a\000\040\000S\000h\000e\000a\000f\000\040\000C\000o\000n\000d\000i\000t\000i\000o\000n}{appendix.G}% 349
\BOOKMARK [1][-]{section.G.8}{\376\377\000C\000L\000I\000O\000\040\000L\000e\000v\000e\000l\000\040\0003\000\040\000a\000s\000\040\000a\000\040\000C\000o\000h\000e\000r\000e\000n\000c\000e\000\040\000F\000u\000n\000c\000t\000o\000r}{appendix.G}% 350
\BOOKMARK [1][-]{section.G.9}{\376\377\000C\000o\000n\000c\000l\000u\000s\000i\000o\000n}{appendix.G}% 351
\BOOKMARK [0][-]{appendix.H}{\376\377\000A\000l\000g\000o\000r\000i\000t\000h\000m\000i\000c\000\040\000I\000m\000p\000l\000e\000m\000e\000n\000t\000a\000t\000i\000o\000n\000\040\000o\000f\000\040\000C\000L\000I\000O\000\040\000f\000o\000r\000\040\000A\000r\000t\000i\000f\000i\000c\000i\000a\000l\000\040\000S\000y\000s\000t\000e\000m\000s}{part.1}% 352
\BOOKMARK [1][-]{section.H.1}{\376\377\000I\000n\000t\000r\000o\000d\000u\000c\000t\000i\000o\000n}{appendix.H}% 353
\BOOKMARK [1][-]{section.H.2}{\376\377\000N\000o\000t\000a\000t\000i\000o\000n}{appendix.H}% 354
\BOOKMARK [1][-]{section.H.3}{\376\377\000G\000l\000o\000b\000a\000l\000\040\000C\000L\000I\000O\000\040\000U\000p\000d\000a\000t\000e\000\040\000R\000u\000l\000e}{appendix.H}% 355
\BOOKMARK [1][-]{section.H.4}{\376\377\000A\000f\000f\000e\000c\000t\000i\000v\000e\000\040\000M\000o\000d\000u\000l\000a\000t\000i\000o\000n\000\040\000A\000l\000g\000o\000r\000i\000t\000h\000m}{appendix.H}% 356
\BOOKMARK [1][-]{section.H.5}{\376\377\000P\000r\000e\000c\000i\000s\000i\000o\000n\000\040\000E\000s\000t\000i\000m\000a\000t\000i\000o\000n\000\040\000A\000l\000g\000o\000r\000i\000t\000h\000m}{appendix.H}% 357
\BOOKMARK [1][-]{section.H.6}{\376\377\000C\000L\000I\000O\000\040\000L\000e\000v\000e\000l\000\040\0001\000:\000\040\000L\000o\000c\000a\000l\000\040\000P\000r\000e\000d\000i\000c\000t\000i\000v\000e\000\040\000U\000p\000d\000a\000t\000e\000s}{appendix.H}% 358
\BOOKMARK [1][-]{section.H.7}{\376\377\000C\000L\000I\000O\000\040\000L\000e\000v\000e\000l\000\040\0002\000:\000\040\000S\000t\000r\000u\000c\000t\000u\000r\000a\000l\000\040\000M\000a\000n\000i\000f\000o\000l\000d\000\040\000U\000p\000d\000a\000t\000i\000n\000g}{appendix.H}% 359
\BOOKMARK [1][-]{section.H.8}{\376\377\000C\000L\000I\000O\000\040\000L\000e\000v\000e\000l\000\040\0003\000:\000\040\000M\000e\000t\000a\000c\000o\000g\000n\000i\000t\000i\000v\000e\000\040\000C\000o\000n\000t\000r\000o\000l\000\040\000A\000l\000g\000o\000r\000i\000t\000h\000m}{appendix.H}% 360
\BOOKMARK [1][-]{section.H.9}{\376\377\000R\000e\000c\000u\000r\000s\000i\000v\000e\000\040\000C\000o\000h\000e\000r\000e\000n\000c\000e\000\040\000L\000o\000o\000p}{appendix.H}% 361
\BOOKMARK [1][-]{section.H.10}{\376\377\000B\000e\000l\000i\000e\000f\000-\000R\000e\000d\000u\000c\000t\000i\000o\000n\000\040\000a\000n\000d\000\040\000S\000e\000m\000a\000n\000t\000i\000c\000\040\000M\000e\000r\000g\000e\000\040\000\050\000C\000L\000I\000O\000\040\0002\0000\0002\0005\000\051}{appendix.H}% 362
\BOOKMARK [1][-]{section.H.11}{\376\377\000U\000n\000c\000e\000r\000t\000a\000i\000n\000t\000y\000-\000G\000r\000a\000d\000i\000e\000n\000t\000\040\000D\000i\000a\000g\000n\000o\000s\000t\000i\000c\000\040\000\050\000C\000L\000I\000O\000\040\0002\0000\0002\0005\000\051}{appendix.H}% 363
\BOOKMARK [1][-]{section.H.12}{\376\377\000I\000n\000t\000e\000g\000r\000a\000t\000i\000o\000n\000\040\000w\000i\000t\000h\000\040\000L\000L\000M\000s}{appendix.H}% 364
\BOOKMARK [1][-]{section.H.13}{\376\377\000I\000n\000t\000e\000g\000r\000a\000t\000i\000o\000n\000\040\000w\000i\000t\000h\000\040\000M\000u\000l\000t\000i\000-\000A\000g\000e\000n\000t\000\040\000S\000y\000s\000t\000e\000m\000s}{appendix.H}% 365
\BOOKMARK [1][-]{section.H.14}{\376\377\000C\000o\000m\000p\000u\000t\000a\000t\000i\000o\000n\000a\000l\000\040\000C\000o\000m\000p\000l\000e\000x\000i\000t\000y}{appendix.H}% 366
\BOOKMARK [1][-]{section.H.15}{\376\377\000I\000m\000p\000l\000e\000m\000e\000n\000t\000a\000t\000i\000o\000n\000\040\000C\000o\000n\000s\000t\000r\000a\000i\000n\000t\000s\000\040\000a\000n\000d\000\040\000P\000r\000a\000c\000t\000i\000c\000a\000l\000\040\000N\000o\000t\000e\000s}{appendix.H}% 367
\BOOKMARK [1][-]{section.H.16}{\376\377\000C\000o\000n\000c\000l\000u\000s\000i\000o\000n}{appendix.H}% 368
\BOOKMARK [0][-]{appendix.I}{\376\377\000S\000o\000c\000i\000e\000t\000a\000l\000\040\000C\000L\000I\000O\000:\000\040\000N\000e\000t\000w\000o\000r\000k\000e\000d\000\040\000R\000e\000c\000u\000r\000s\000i\000v\000e\000\040\000C\000o\000h\000e\000r\000e\000n\000c\000e}{part.1}% 369
\BOOKMARK [1][-]{section.I.1}{\376\377\000I\000n\000t\000r\000o\000d\000u\000c\000t\000i\000o\000n}{appendix.I}% 370
\BOOKMARK [1][-]{section.I.2}{\376\377\000S\000o\000c\000i\000e\000t\000a\000l\000\040\000S\000t\000a\000t\000e\000\040\000S\000p\000a\000c\000e}{appendix.I}% 371
\BOOKMARK [1][-]{section.I.3}{\376\377\000P\000r\000e\000c\000i\000s\000i\000o\000n\000-\000W\000e\000i\000g\000h\000t\000e\000d\000\040\000C\000o\000m\000m\000u\000n\000i\000c\000a\000t\000i\000o\000n\000\040\000B\000e\000t\000w\000e\000e\000n\000\040\000A\000g\000e\000n\000t\000s}{appendix.I}% 372
\BOOKMARK [1][-]{section.I.4}{\376\377\000T\000h\000e\000\040\000T\000r\000u\000s\000t\000\040\000M\000a\000t\000r\000i\000x}{appendix.I}% 373
\BOOKMARK [2][-]{subsection.I.4.1}{\376\377\000S\000p\000e\000c\000t\000r\000a\000l\000\040\000S\000t\000a\000b\000i\000l\000i\000t\000y}{section.I.4}% 374
\BOOKMARK [1][-]{section.I.5}{\376\377\000C\000o\000l\000l\000e\000c\000t\000i\000v\000e\000\040\000A\000f\000f\000e\000c\000t\000i\000v\000e\000\040\000F\000i\000e\000l\000d}{appendix.I}% 375
\BOOKMARK [1][-]{section.I.6}{\376\377\000S\000e\000m\000a\000n\000t\000i\000c\000\040\000C\000o\000m\000m\000u\000n\000i\000t\000i\000e\000s\000\040\000a\000n\000d\000\040\000H\000o\000m\000o\000t\000o\000p\000y\000\040\000C\000o\000l\000i\000m\000i\000t\000s}{appendix.I}% 376
\BOOKMARK [1][-]{section.I.7}{\376\377\000G\000l\000o\000b\000a\000l\000\040\000S\000o\000c\000i\000e\000t\000a\000l\000\040\000C\000o\000h\000e\000r\000e\000n\000c\000e\000\040\000C\000r\000i\000t\000e\000r\000i\000o\000n}{appendix.I}% 377
\BOOKMARK [1][-]{section.I.8}{\376\377\000I\000n\000t\000e\000r\000s\000u\000b\000j\000e\000c\000t\000i\000v\000e\000\040\000C\000o\000l\000l\000a\000p\000s\000e}{appendix.I}% 378
\BOOKMARK [1][-]{section.I.9}{\376\377\000T\000h\000e\000\040\000R\000e\000p\000a\000i\000r\000\040\000T\000h\000e\000o\000r\000e\000m}{appendix.I}% 379
\BOOKMARK [1][-]{section.I.10}{\376\377\000E\000x\000a\000m\000p\000l\000e\000:\000\040\000P\000o\000l\000a\000r\000i\000z\000a\000t\000i\000o\000n\000\040\000B\000i\000f\000u\000r\000c\000a\000t\000i\000o\000n}{appendix.I}% 380
\BOOKMARK [1][-]{section.I.11}{\376\377\000E\000x\000a\000m\000p\000l\000e\000:\000\040\000C\000o\000l\000l\000e\000c\000t\000i\000v\000e\000\040\000P\000a\000n\000i\000c\000\040\000S\000h\000o\000c\000k}{appendix.I}% 381
\BOOKMARK [1][-]{section.I.12}{\376\377\000C\000o\000n\000c\000l\000u\000s\000i\000o\000n}{appendix.I}% 382
\BOOKMARK [0][-]{appendix.J}{\376\377\000G\000l\000o\000s\000s\000a\000r\000y\000\040\000o\000f\000\040\000S\000y\000m\000b\000o\000l\000s\000,\000\040\000O\000p\000e\000r\000a\000t\000o\000r\000s\000,\000\040\000a\000n\000d\000\040\000F\000i\000e\000l\000d\000s}{part.1}% 383
\BOOKMARK [1][-]{section.J.1}{\376\377\000R\000S\000V\000P\000\040\000F\000i\000e\000l\000d\000\040\000T\000h\000e\000o\000r\000y}{appendix.J}% 384
\BOOKMARK [1][-]{section.J.2}{\376\377\000C\000L\000I\000O\000\040\000I\000n\000f\000e\000r\000e\000n\000c\000e\000\040\000A\000r\000c\000h\000i\000t\000e\000c\000t\000u\000r\000e}{appendix.J}% 385
\BOOKMARK [1][-]{section.J.3}{\376\377\000T\000A\000R\000T\000A\000N\000\040\000M\000u\000l\000t\000i\000s\000c\000a\000l\000e\000\040\000G\000e\000o\000m\000e\000t\000r\000y}{appendix.J}% 386
\BOOKMARK [1][-]{section.J.4}{\376\377\000H\000Y\000D\000R\000A\000\040\000M\000o\000d\000u\000l\000a\000r\000\040\000A\000g\000e\000n\000t\000\040\000D\000e\000c\000o\000m\000p\000o\000s\000i\000t\000i\000o\000n}{appendix.J}% 387
\BOOKMARK [1][-]{section.J.5}{\376\377\000C\000h\000a\000i\000n\000-\000o\000f\000-\000M\000e\000m\000o\000r\000y\000\040\000\050\000C\000o\000M\000\051\000\040\000T\000r\000a\000c\000e\000\040\000D\000y\000n\000a\000m\000i\000c\000s}{appendix.J}% 388
\BOOKMARK [1][-]{section.J.6}{\376\377\000S\000u\000p\000e\000r\000\040\000I\000n\000f\000o\000r\000m\000a\000t\000i\000o\000n\000\040\000T\000h\000e\000o\000r\000y\000\040\000\050\000S\000I\000T\000\051}{appendix.J}% 389
\BOOKMARK [1][-]{section.J.7}{\376\377\000U\000F\000T\000C\040\023\000S\000F\000\040\000\050\000U\000n\000i\000f\000i\000e\000d\000\040\000F\000i\000e\000l\000d\000\040\000T\000h\000e\000o\000r\000y\000\040\000o\000f\000\040\000C\000o\000h\000e\000r\000e\000n\000c\000e\000\040\040\024\000\040\000S\000u\000p\000e\000r\000-\000F\000i\000e\000l\000d\000\040\000F\000o\000r\000m\000u\000l\000a\000t\000i\000o\000n\000\051}{appendix.J}% 390
\BOOKMARK [1][-]{section.J.8}{\376\377\000S\000o\000c\000i\000e\000t\000a\000l\000\040\000a\000n\000d\000\040\000M\000u\000l\000t\000i\000-\000A\000g\000e\000n\000t\000\040\000C\000L\000I\000O}{appendix.J}% 391
\BOOKMARK [1][-]{section.J.9}{\376\377\000C\000a\000t\000e\000g\000o\000r\000y\000\040\000T\000h\000e\000o\000r\000y\000\040\000a\000n\000d\000\040\000H\000o\000m\000o\000t\000o\000p\000y\000\040\000T\000h\000e\000o\000r\000y}{appendix.J}% 392
\BOOKMARK [1][-]{section.J.10}{\376\377\000D\000i\000f\000f\000e\000r\000e\000n\000t\000i\000a\000l\000\040\000G\000e\000o\000m\000e\000t\000r\000y\000\040\000a\000n\000d\000\040\000I\000n\000f\000o\000r\000m\000a\000t\000i\000o\000n\000\040\000G\000e\000o\000m\000e\000t\000r\000y}{appendix.J}% 393
