\BOOKMARK [1][-]{section.0.1}{\376\377\000I\000n\000t\000r\000o\000d\000u\000c\000t\000i\000o\000n}{}% 1
\BOOKMARK [1][-]{section.0.2}{\376\377\000H\000i\000s\000t\000o\000r\000i\000c\000a\000l\000\040\000C\000o\000n\000t\000e\000x\000t}{}% 2
\BOOKMARK [-1][-]{part.1}{\376\377\000I\000\040\000T\000h\000e\000o\000r\000e\000t\000i\000c\000a\000l\000\040\000F\000o\000u\000n\000d\000a\000t\000i\000o\000n\000s}{}% 3
\BOOKMARK [0][-]{chapter.1}{\376\377\000T\000h\000e\000\040\000P\000u\000z\000z\000l\000e\000\040\000o\000f\000\040\000L\000i\000f\000e\040\031\000s\000\040\000O\000r\000i\000g\000i\000n\000s}{part.1}% 4
\BOOKMARK [0][-]{chapter.2}{\376\377\000F\000r\000o\000m\000\040\000G\000e\000o\000c\000h\000e\000m\000i\000s\000t\000r\000y\000\040\000t\000o\000\040\000C\000a\000t\000a\000l\000y\000t\000i\000c\000\040\000L\000a\000n\000d\000s\000c\000a\000p\000e\000s}{part.1}% 5
\BOOKMARK [-1][-]{part.2}{\376\377\000I\000I\000\040\000A\000\040\000P\000l\000a\000n\000e\000t\000a\000r\000y\000\040\000R\000e\000a\000c\000t\000o\000r\000\040\000M\000o\000d\000e\000l}{}% 6
\BOOKMARK [0][-]{chapter.3}{\376\377\000T\000i\000d\000a\000l\000\040\000T\000r\000i\000t\000u\000r\000a\000t\000i\000o\000n\000s\000\040\000a\000n\000d\000\040\000G\000l\000o\000b\000a\000l\000\040\000A\000u\000t\000o\000c\000a\000t\000a\000l\000y\000s\000i\000s}{part.2}% 7
\BOOKMARK [0][-]{chapter.4}{\376\377\000D\000i\000s\000t\000r\000i\000b\000u\000t\000e\000d\000\040\000P\000r\000o\000t\000o\000-\000M\000e\000t\000a\000b\000o\000l\000i\000s\000m}{part.2}% 8
\BOOKMARK [1][-]{section.4.1}{\376\377\000F\000r\000o\000m\000\040\000R\000a\000n\000d\000o\000m\000\040\000S\000o\000u\000p\000\040\000t\000o\000\040\000S\000t\000r\000u\000c\000t\000u\000r\000e\000d\000\040\000R\000e\000a\000c\000t\000o\000r}{chapter.4}% 9
\BOOKMARK [1][-]{section.4.2}{\376\377\000T\000i\000d\000a\000l\000\040\000F\000o\000r\000c\000e\000s\000\040\000a\000n\000d\000\040\000M\000e\000c\000h\000a\000n\000i\000c\000a\000l\000\040\000T\000r\000i\000t\000u\000r\000a\000t\000i\000o\000n}{chapter.4}% 10
\BOOKMARK [1][-]{section.4.3}{\376\377\000A\000u\000t\000o\000c\000a\000t\000a\000l\000y\000t\000i\000c\000\040\000S\000e\000t\000s\000\040\000a\000n\000d\000\040\000H\000i\000e\000r\000a\000r\000c\000h\000i\000c\000a\000l\000\040\000E\000m\000e\000r\000g\000e\000n\000c\000e}{chapter.4}% 11
\BOOKMARK [1][-]{section.4.4}{\376\377\000T\000e\000m\000p\000o\000r\000a\000l\000\040\000C\000o\000n\000s\000t\000r\000a\000i\000n\000t\000s\000\040\000a\000n\000d\000\040\000P\000h\000a\000s\000e\000\040\000T\000r\000a\000n\000s\000i\000t\000i\000o\000n\000s}{chapter.4}% 12
\BOOKMARK [1][-]{section.4.5}{\376\377\000I\000n\000t\000e\000g\000r\000a\000t\000i\000o\000n\000\040\000w\000i\000t\000h\000\040\000M\000i\000n\000e\000r\000a\000l\000\040\000a\000n\000d\000\040\000E\000n\000v\000i\000r\000o\000n\000m\000e\000n\000t\000a\000l\000\040\000F\000a\000c\000t\000o\000r\000s}{chapter.4}% 13
\BOOKMARK [1][-]{section.4.6}{\376\377\000S\000u\000m\000m\000a\000r\000y}{chapter.4}% 14
\BOOKMARK [-1][-]{part.3}{\376\377\000I\000I\000I\000\040\000M\000a\000t\000h\000e\000m\000a\000t\000i\000c\000a\000l\000\040\000F\000o\000r\000m\000a\000l\000i\000s\000m\000s}{}% 15
\BOOKMARK [0][-]{chapter.5}{\376\377\000R\000S\000V\000P\000\040\000E\000n\000t\000r\000o\000p\000y\000\040\000F\000i\000e\000l\000d\000s\000\040\000a\000n\000d\000\040\000E\000m\000e\000r\000g\000e\000n\000t\000\040\000S\000t\000r\000u\000c\000t\000u\000r\000e}{part.3}% 16
\BOOKMARK [0][-]{chapter.6}{\376\377\000H\000i\000e\000r\000a\000r\000c\000h\000i\000c\000a\000l\000\040\000A\000u\000t\000o\000c\000a\000t\000a\000l\000y\000s\000i\000s\000\040\000a\000n\000d\000\040\000P\000D\000E\000s}{part.3}% 17
\BOOKMARK [0][-]{chapter.7}{\376\377\000R\000a\000t\000e\040\023\000D\000i\000s\000t\000o\000r\000t\000i\000o\000n\000\040\000a\000n\000d\000\040\000I\000n\000f\000o\000r\000m\000a\000t\000i\000o\000n\000\040\000B\000o\000t\000t\000l\000e\000n\000e\000c\000k\000s}{part.3}% 18
\BOOKMARK [1][-]{section.7.1}{\376\377\000O\000v\000e\000r\000v\000i\000e\000w}{chapter.7}% 19
\BOOKMARK [1][-]{section.7.2}{\376\377\000R\000S\000V\000P\000\040\000E\000n\000t\000r\000o\000p\000y\000\040\000F\000i\000e\000l\000d\000s}{chapter.7}% 20
\BOOKMARK [1][-]{section.7.3}{\376\377\000H\000i\000e\000r\000a\000r\000c\000h\000i\000c\000a\000l\000\040\000A\000u\000t\000o\000c\000a\000t\000a\000l\000y\000s\000i\000s\000\040\000a\000s\000\040\000C\000a\000t\000e\000g\000o\000r\000y\000-\000T\000h\000e\000o\000r\000e\000t\000i\000c\000\040\000C\000o\000m\000p\000o\000s\000i\000t\000i\000o\000n}{chapter.7}% 21
\BOOKMARK [1][-]{section.7.4}{\376\377\000E\000n\000t\000r\000o\000p\000y\000-\000R\000e\000s\000p\000e\000c\000t\000i\000n\000g\000\040\000M\000e\000r\000g\000e\000\040\000O\000p\000e\000r\000a\000t\000o\000r\000s}{chapter.7}% 22
\BOOKMARK [1][-]{section.7.5}{\376\377\000P\000D\000E\040\023\000C\000a\000t\000e\000g\000o\000r\000y\000\040\000C\000o\000u\000p\000l\000i\000n\000g}{chapter.7}% 23
\BOOKMARK [1][-]{section.7.6}{\376\377\000S\000c\000a\000l\000i\000n\000g\000\040\000L\000a\000w\000s\000\040\000a\000n\000d\000\040\000H\000i\000e\000r\000a\000r\000c\000h\000i\000c\000a\000l\000\040\000C\000o\000m\000p\000r\000e\000s\000s\000i\000o\000n}{chapter.7}% 24
\BOOKMARK [1][-]{section.7.7}{\376\377\000S\000u\000m\000m\000a\000r\000y\000\040\000o\000f\000\040\000F\000o\000r\000m\000a\000l\000i\000s\000m}{chapter.7}% 25
\BOOKMARK [-1][-]{part.4}{\376\377\000I\000V\000\040\000C\000a\000t\000e\000g\000o\000r\000y\000\040\000T\000h\000e\000o\000r\000y\000\040\000a\000n\000d\000\040\000E\000m\000e\000r\000g\000e\000n\000c\000e}{}% 26
\BOOKMARK [0][-]{chapter.8}{\376\377\000C\000a\000t\000e\000g\000o\000r\000y\000-\000T\000h\000e\000o\000r\000e\000t\000i\000c\000\040\000E\000n\000c\000o\000d\000i\000n\000g\000\040\000o\000f\000\040\000A\000u\000t\000o\000c\000a\000t\000a\000l\000y\000t\000i\000c\000\040\000M\000e\000r\000g\000i\000n\000g}{part.4}% 27
\BOOKMARK [1][-]{section.8.1}{\376\377\000O\000v\000e\000r\000v\000i\000e\000w}{chapter.8}% 28
\BOOKMARK [1][-]{section.8.2}{\376\377\000E\000n\000g\000l\000a\000n\000d\040\031\000s\000\040\000D\000r\000i\000v\000e\000n\000-\000D\000i\000s\000s\000i\000p\000a\000t\000i\000o\000n\000\040\000T\000h\000e\000o\000r\000y}{chapter.8}% 29
\BOOKMARK [1][-]{section.8.3}{\376\377\000W\000a\000l\000k\000e\000r\040\031\000s\000\040\000C\000a\000u\000s\000a\000l\000\040\000I\000n\000f\000o\000r\000m\000a\000t\000i\000o\000n\000\040\000F\000r\000a\000m\000e\000w\000o\000r\000k}{chapter.8}% 30
\BOOKMARK [1][-]{section.8.4}{\376\377\000I\000n\000t\000e\000g\000r\000a\000t\000i\000n\000g\000\040\000E\000n\000g\000l\000a\000n\000d\000\040\000a\000n\000d\000\040\000W\000a\000l\000k\000e\000r\000\040\000i\000n\000t\000o\000\040\000t\000h\000e\000\040\000H\000i\000e\000r\000a\000r\000c\000h\000i\000c\000a\000l\000\040\000A\000u\000t\000o\000c\000a\000t\000a\000l\000y\000s\000i\000s\000\040\000F\000r\000a\000m\000e\000w\000o\000r\000k}{chapter.8}% 31
\BOOKMARK [1][-]{section.8.5}{\376\377\000A\000d\000v\000a\000n\000t\000a\000g\000e\000s\000\040\000o\000f\000\040\000t\000h\000e\000\040\000H\000i\000e\000r\000a\000r\000c\000h\000i\000c\000a\000l\000\040\000A\000u\000t\000o\000c\000a\000t\000a\000l\000y\000s\000i\000s\000\040\000M\000o\000d\000e\000l}{chapter.8}% 32
\BOOKMARK [1][-]{section.8.6}{\376\377\000L\000i\000m\000i\000t\000a\000t\000i\000o\000n\000s\000\040\000a\000n\000d\000\040\000O\000p\000e\000n\000\040\000Q\000u\000e\000s\000t\000i\000o\000n\000s}{chapter.8}% 33
\BOOKMARK [1][-]{section.8.7}{\376\377\000S\000u\000m\000m\000a\000r\000y}{chapter.8}% 34
\BOOKMARK [-1][-]{part.5}{\376\377\000V\000\040\000C\000o\000m\000p\000a\000r\000a\000t\000i\000v\000e\000\040\000F\000r\000a\000m\000e\000w\000o\000r\000k\000s}{}% 35
\BOOKMARK [0][-]{chapter.9}{\376\377\000C\000o\000n\000t\000r\000a\000s\000t\000i\000n\000g\000\040\000T\000h\000e\000o\000r\000i\000e\000s\000\040\000o\000f\000\040\000O\000r\000i\000g\000i\000n\000s}{part.5}% 36
\BOOKMARK [1][-]{section.9.1}{\376\377\000C\000r\000i\000t\000i\000q\000u\000e\000\040\000o\000f\000\040\000E\000n\000d\000r\000e\000s\000\040\000\050\0002\0000\0002\0005\000\051}{chapter.9}% 37
\BOOKMARK [1][-]{section.9.2}{\376\377\000H\000i\000e\000r\000a\000r\000c\000h\000i\000c\000a\000l\000\040\000A\000u\000t\000o\000c\000a\000t\000a\000l\000y\000s\000i\000s\000\040\000a\000s\000\040\000P\000r\000e\000b\000i\000o\000t\000i\000c\000\040\000A\000I\000\040\000A\000n\000a\000l\000o\000g\000y}{chapter.9}% 38
\BOOKMARK [1][-]{section.9.3}{\376\377\000I\000n\000t\000e\000g\000r\000a\000t\000i\000o\000n\000\040\000w\000i\000t\000h\000\040\000E\000n\000g\000l\000a\000n\000d\000\040\000a\000n\000d\000\040\000W\000a\000l\000k\000e\000r}{chapter.9}% 39
\BOOKMARK [1][-]{section.9.4}{\376\377\000I\000m\000p\000l\000i\000c\000a\000t\000i\000o\000n\000s\000\040\000f\000o\000r\000\040\000A\000I\000\040\000a\000n\000d\000\040\000P\000r\000e\000b\000i\000o\000t\000i\000c\000\040\000M\000o\000d\000e\000l\000i\000n\000g}{chapter.9}% 40
\BOOKMARK [1][-]{section.9.5}{\376\377\000S\000u\000m\000m\000a\000r\000y}{chapter.9}% 41
\BOOKMARK [-1][-]{part.6}{\376\377\000V\000I\000\040\000A\000I\000\040\000a\000n\000d\000\040\000A\000r\000t\000i\000f\000i\000c\000i\000a\000l\000\040\000A\000u\000t\000o\000c\000a\000t\000a\000l\000y\000s\000i\000s}{}% 42
\BOOKMARK [0][-]{chapter.10}{\376\377\000S\000c\000a\000l\000i\000n\000g\000\040\000L\000a\000w\000s\000:\000\040\000L\000i\000f\000e\000\040\000v\000s\000\040\000A\000I}{part.6}% 43
\BOOKMARK [0][-]{chapter.11}{\376\377\000S\000i\000m\000u\000l\000a\000t\000i\000n\000g\000\040\000t\000h\000e\000\040\000A\000n\000a\000l\000o\000g\000y}{part.6}% 44
\BOOKMARK [1][-]{section.11.1}{\376\377\000O\000v\000e\000r\000v\000i\000e\000w}{chapter.11}% 45
\BOOKMARK [1][-]{section.11.2}{\376\377\000E\000n\000t\000r\000o\000p\000y\000\040\000F\000i\000e\000l\000d\000s\000\040\000a\000n\000d\000\040\000C\000h\000e\000m\000i\000c\000a\000l\000\040\000P\000e\000r\000s\000i\000s\000t\000e\000n\000c\000e}{chapter.11}% 46
\BOOKMARK [1][-]{section.11.3}{\376\377\000V\000e\000c\000t\000o\000r\000\040\000F\000i\000e\000l\000d\000s\000\040\000a\000n\000d\000\040\000D\000i\000r\000e\000c\000t\000e\000d\000\040\000A\000s\000s\000e\000m\000b\000l\000y}{chapter.11}% 47
\BOOKMARK [1][-]{section.11.4}{\376\377\000C\000a\000t\000e\000g\000o\000r\000y\000-\000T\000h\000e\000o\000r\000e\000t\000i\000c\000\040\000M\000e\000r\000g\000e\000\040\000O\000p\000e\000r\000a\000t\000o\000r\000s}{chapter.11}% 48
\BOOKMARK [1][-]{section.11.5}{\376\377\000R\000S\000V\000P\000-\000B\000a\000s\000e\000d\000\040\000R\000a\000t\000e\000-\000D\000i\000s\000t\000o\000r\000t\000i\000o\000n\000\040\000R\000e\000v\000i\000s\000i\000t\000e\000d}{chapter.11}% 49
\BOOKMARK [1][-]{section.11.6}{\376\377\000I\000n\000t\000e\000g\000r\000a\000t\000i\000o\000n\000\040\000w\000i\000t\000h\000\040\000E\000n\000g\000l\000a\000n\000d\000\040\000a\000n\000d\000\040\000W\000a\000l\000k\000e\000r}{chapter.11}% 50
\BOOKMARK [1][-]{section.11.7}{\376\377\000I\000m\000p\000l\000i\000c\000a\000t\000i\000o\000n\000s\000\040\000f\000o\000r\000\040\000P\000r\000e\000b\000i\000o\000t\000i\000c\000\040\000C\000o\000m\000p\000l\000e\000x\000i\000t\000y}{chapter.11}% 51
\BOOKMARK [1][-]{section.11.8}{\376\377\000R\000e\000f\000e\000r\000e\000n\000c\000e\000s\000\040\000\050\000R\000e\000p\000r\000e\000s\000e\000n\000t\000a\000t\000i\000v\000e\000\051}{chapter.11}% 52
\BOOKMARK [-1][-]{part.7}{\376\377\000V\000I\000I\000\040\000I\000m\000p\000l\000i\000c\000a\000t\000i\000o\000n\000s\000\040\000a\000n\000d\000\040\000P\000r\000e\000d\000i\000c\000t\000i\000o\000n\000s}{}% 53
\BOOKMARK [0][-]{chapter.12}{\376\377\000P\000r\000e\000d\000i\000c\000t\000i\000o\000n\000s\000\040\000f\000o\000r\000\040\000P\000r\000e\000b\000i\000o\000t\000i\000c\000\040\000C\000h\000e\000m\000i\000s\000t\000r\000y}{part.7}% 54
\BOOKMARK [0][-]{chapter.13}{\376\377\000P\000r\000e\000d\000i\000c\000t\000i\000o\000n\000s\000\040\000f\000o\000r\000\040\000A\000I}{part.7}% 55
\BOOKMARK [1][-]{section.13.1}{\376\377\000R\000e\000v\000i\000s\000i\000t\000i\000n\000g\000\040\000E\000n\000d\000r\000e\000s\040\031\000\040\000I\000n\000f\000o\000r\000m\000a\000t\000i\000o\000n\000-\000T\000h\000e\000o\000r\000e\000t\000i\000c\000\040\000A\000r\000g\000u\000m\000e\000n\000t}{chapter.13}% 56
\BOOKMARK [1][-]{section.13.2}{\376\377\000C\000o\000n\000t\000r\000a\000s\000t\000i\000n\000g\000\040\000w\000i\000t\000h\000\040\000E\000n\000g\000l\000a\000n\000d\000\040\000a\000n\000d\000\040\000W\000a\000l\000k\000e\000r}{chapter.13}% 57
\BOOKMARK [1][-]{section.13.3}{\376\377\000S\000c\000a\000l\000i\000n\000g\000\040\000a\000n\000d\000\040\000A\000r\000t\000i\000f\000i\000c\000i\000a\000l\000\040\000I\000n\000t\000e\000l\000l\000i\000g\000e\000n\000c\000e\000\040\000A\000n\000a\000l\000o\000g\000i\000e\000s}{chapter.13}% 58
\BOOKMARK [1][-]{section.13.4}{\376\377\000I\000m\000p\000l\000i\000c\000a\000t\000i\000o\000n\000s\000\040\000f\000o\000r\000\040\000P\000r\000e\000b\000i\000o\000t\000i\000c\000\040\000E\000a\000r\000t\000h}{chapter.13}% 59
\BOOKMARK [1][-]{section.13.5}{\376\377\000C\000r\000i\000t\000i\000c\000a\000l\000\040\000R\000e\000f\000l\000e\000c\000t\000i\000o\000n}{chapter.13}% 60
\BOOKMARK [1][-]{section.13.6}{\376\377\000C\000o\000n\000c\000l\000u\000s\000i\000o\000n}{chapter.13}% 61
\BOOKMARK [-1][-]{part.8}{\376\377\000V\000I\000I\000I\000\040\000E\000x\000p\000e\000r\000i\000m\000e\000n\000t\000a\000l\000\040\000P\000r\000e\000d\000i\000c\000t\000i\000o\000n\000s\000\040\000a\000n\000d\000\040\000S\000u\000g\000g\000e\000s\000t\000e\000d\000\040\000P\000r\000e\000b\000i\000o\000t\000i\000c\000\040\000E\000x\000p\000e\000r\000i\000m\000e\000n\000t\000s}{}% 62
\BOOKMARK [0][-]{section.13.7}{\376\377\000O\000v\000e\000r\000v\000i\000e\000w}{part.8}% 63
\BOOKMARK [1][-]{section.13.8}{\376\377\000R\000S\000V\000P\000\040\000F\000i\000e\000l\000d\000\040\000O\000b\000s\000e\000r\000v\000a\000b\000l\000e\000s\000\040\000i\000n\000\040\000P\000r\000e\000b\000i\000o\000t\000i\000c\000\040\000C\000h\000e\000m\000i\000s\000t\000r\000y}{section.13.7}% 64
\BOOKMARK [1][-]{section.13.9}{\376\377\000E\000x\000p\000e\000r\000i\000m\000e\000n\000t\000a\000l\000\040\000C\000o\000n\000d\000i\000t\000i\000o\000n\000s}{section.13.7}% 65
\BOOKMARK [1][-]{section.13.10}{\376\377\000P\000r\000e\000d\000i\000c\000t\000i\000v\000e\000\040\000M\000e\000t\000r\000i\000c\000s}{section.13.7}% 66
\BOOKMARK [1][-]{section.13.11}{\376\377\000I\000n\000t\000e\000g\000r\000a\000t\000i\000n\000g\000\040\000A\000I\000\040\000M\000o\000d\000e\000l\000i\000n\000g}{section.13.7}% 67
\BOOKMARK [1][-]{section.13.12}{\376\377\000T\000e\000s\000t\000a\000b\000l\000e\000\040\000H\000y\000p\000o\000t\000h\000e\000s\000e\000s}{section.13.7}% 68
\BOOKMARK [1][-]{section.13.13}{\376\377\000F\000u\000t\000u\000r\000e\000\040\000D\000i\000r\000e\000c\000t\000i\000o\000n\000s}{section.13.7}% 69
\BOOKMARK [0][-]{appendix.A}{\376\377\000M\000a\000t\000h\000e\000m\000a\000t\000i\000c\000a\000l\000\040\000D\000e\000r\000i\000v\000a\000t\000i\000o\000n\000s\000\040\000f\000o\000r\000\040\000P\000D\000E\000\040\000M\000o\000d\000e\000l\000s\000\040\000a\000n\000d\000\040\000C\000a\000t\000e\000g\000o\000r\000y\000-\000T\000h\000e\000o\000r\000e\000t\000i\000c\000\040\000F\000o\000r\000m\000a\000l\000i\000s\000m\000s}{part.8}% 70
\BOOKMARK [1][-]{section.A.1}{\376\377\000R\000S\000V\000P\000\040\000F\000i\000e\000l\000d\000\040\000E\000v\000o\000l\000u\000t\000i\000o\000n\000\040\000E\000q\000u\000a\000t\000i\000o\000n\000s\000\040\000D\000e\000r\000i\000v\000a\000t\000i\000o\000n}{appendix.A}% 71
\BOOKMARK [1][-]{section.A.2}{\376\377\000R\000a\000t\000e\000-\000D\000i\000s\000t\000o\000r\000t\000i\000o\000n\000\040\000I\000n\000e\000q\000u\000a\000l\000i\000t\000y\000\040\000D\000e\000r\000i\000v\000a\000t\000i\000o\000n}{appendix.A}% 72
\BOOKMARK [1][-]{section.A.3}{\376\377\000C\000a\000t\000e\000g\000o\000r\000y\000-\000T\000h\000e\000o\000r\000e\000t\000i\000c\000\040\000C\000o\000l\000i\000m\000i\000t\000\040\000D\000e\000r\000i\000v\000a\000t\000i\000o\000n}{appendix.A}% 73
\BOOKMARK [0][-]{appendix.B}{\376\377\000A\000d\000d\000i\000t\000i\000o\000n\000a\000l\000\040\000M\000a\000t\000h\000e\000m\000a\000t\000i\000c\000a\000l\000\040\000F\000o\000r\000m\000u\000l\000a\000s\000\040\000f\000o\000r\000\040\000H\000i\000e\000r\000a\000r\000c\000h\000i\000c\000a\000l\000\040\000M\000o\000d\000e\000l\000s}{part.8}% 74
\BOOKMARK [1][-]{section.B.1}{\376\377\000P\000o\000p\000u\000l\000a\000t\000i\000o\000n\000\040\000P\000D\000E\000\040\000D\000e\000r\000i\000v\000a\000t\000i\000o\000n\000s}{appendix.B}% 75
\BOOKMARK [1][-]{section.B.2}{\376\377\000S\000c\000a\000l\000i\000n\000g\000\040\000L\000a\000w\000\040\000F\000o\000r\000m\000u\000l\000a\000s}{appendix.B}% 76
\BOOKMARK [0][-]{appendix.C}{\376\377\000C\000o\000m\000p\000a\000r\000i\000s\000o\000n\000\040\000T\000a\000b\000l\000e\000:\000\040\000C\000h\000e\000m\000i\000c\000a\000l\000\040\000E\000m\000e\000r\000g\000e\000n\000c\000e\000\040\000v\000s\000\040\000A\000I\000\040\000O\000p\000t\000i\000m\000i\000z\000a\000t\000i\000o\000n}{part.8}% 77
