\BOOKMARK [0][-]{chapter*.2}{\376\377\000A\000b\000s\000t\000r\000a\000c\000t}{}% 1
\BOOKMARK [0][-]{chapter*.3}{\376\377\000P\000r\000e\000f\000a\000c\000e}{}% 2
\BOOKMARK [0][-]{chapter.1}{\376\377\000I\000n\000t\000r\000o\000d\000u\000c\000t\000i\000o\000n}{}% 3
\BOOKMARK [1][-]{section.1.1}{\376\377\000H\000i\000s\000t\000o\000r\000i\000c\000a\000l\000\040\000C\000o\000n\000t\000e\000x\000t}{chapter.1}% 4
\BOOKMARK [1][-]{section.1.2}{\376\377\000M\000o\000t\000i\000v\000a\000t\000i\000o\000n}{chapter.1}% 5
\BOOKMARK [1][-]{section.1.3}{\376\377\000O\000v\000e\000r\000v\000i\000e\000w\000\040\000o\000f\000\040\000t\000h\000e\000\040\000F\000r\000a\000m\000e\000w\000o\000r\000k}{chapter.1}% 6
\BOOKMARK [1][-]{section.1.4}{\376\377\000C\000o\000m\000p\000a\000r\000a\000t\000i\000v\000e\000\040\000F\000r\000a\000m\000e\000w\000o\000r\000k\000s}{chapter.1}% 7
\BOOKMARK [1][-]{section.1.5}{\376\377\000S\000t\000r\000u\000c\000t\000u\000r\000e\000\040\000o\000f\000\040\000t\000h\000e\000\040\000M\000o\000n\000o\000g\000r\000a\000p\000h}{chapter.1}% 8
\BOOKMARK [0][-]{chapter.2}{\376\377\000T\000h\000e\000\040\000P\000l\000e\000n\000u\000m\000:\000\040\000R\000S\000V\000P\000\040\000F\000i\000e\000l\000d\000\040\000T\000h\000e\000o\000r\000y\000\040\000L}{}% 9
\BOOKMARK [1][-]{section.2.1}{\376\377\000P\000h\000i\000l\000o\000s\000o\000p\000h\000i\000c\000a\000l\000\040\000S\000t\000a\000t\000e\000m\000e\000n\000t}{chapter.2}% 10
\BOOKMARK [1][-]{section.2.2}{\376\377\000F\000o\000r\000m\000a\000l\000\040\000M\000o\000d\000e\000l}{chapter.2}% 11
\BOOKMARK [1][-]{section.2.3}{\376\377\000F\000i\000e\000l\000d\000\040\000E\000q\000u\000a\000t\000i\000o\000n\000s\000\040\000D\000e\000r\000i\000v\000a\000t\000i\000o\000n}{chapter.2}% 12
\BOOKMARK [1][-]{section.2.4}{\376\377\000E\000n\000e\000r\000g\000y\000\040\000F\000u\000n\000c\000t\000i\000o\000n\000a\000l\000\040\000I\000n\000t\000e\000r\000p\000r\000e\000t\000a\000t\000i\000o\000n}{chapter.2}% 13
\BOOKMARK [1][-]{section.2.5}{\376\377\000C\000o\000v\000a\000r\000i\000a\000n\000t\000\040\000E\000n\000t\000r\000o\000p\000y\000\040\000C\000u\000r\000r\000e\000n\000t}{chapter.2}% 14
\BOOKMARK [1][-]{section.2.6}{\376\377\000E\000n\000e\000r\000g\000y\040\023\000M\000o\000m\000e\000n\000t\000u\000m\000\040\000T\000e\000n\000s\000o\000r}{chapter.2}% 15
\BOOKMARK [1][-]{section.2.7}{\376\377\000S\000p\000e\000c\000t\000r\000a\000l\000\040\000A\000n\000a\000l\000y\000s\000i\000s}{chapter.2}% 16
\BOOKMARK [1][-]{section.2.8}{\376\377\000E\000n\000t\000r\000o\000p\000y\000\040\000F\000l\000o\000w\000\040\000a\000n\000d\000\040\000N\000e\000g\000e\000n\000t\000r\000o\000p\000i\000c\000\040\000C\000o\000h\000e\000r\000e\000n\000c\000e}{chapter.2}% 17
\BOOKMARK [1][-]{section.2.9}{\376\377\000T\000h\000e\000o\000r\000e\000m}{chapter.2}% 18
\BOOKMARK [1][-]{section.2.10}{\376\377\000C\000o\000m\000p\000u\000t\000a\000t\000i\000o\000n\000a\000l\000\040\000L\000i\000n\000k}{chapter.2}% 19
\BOOKMARK [1][-]{section.2.11}{\376\377\000T\000r\000a\000n\000s\000i\000t\000i\000o\000n}{chapter.2}% 20
\BOOKMARK [0][-]{chapter.3}{\376\377\000T\000h\000e\000\040\000R\000e\000c\000u\000r\000s\000i\000v\000e\000\040\000E\000n\000g\000i\000n\000e\000:\000\040\000C\000L\000I\000O\000\040\000D\000y\000n\000a\000m\000i\000c\000s\000\040\000D}{}% 21
\BOOKMARK [1][-]{section.3.1}{\376\377\000P\000h\000i\000l\000o\000s\000o\000p\000h\000i\000c\000a\000l\000\040\000S\000t\000a\000t\000e\000m\000e\000n\000t}{chapter.3}% 22
\BOOKMARK [1][-]{section.3.2}{\376\377\000F\000o\000r\000m\000a\000l\000\040\000M\000o\000d\000e\000l}{chapter.3}% 23
\BOOKMARK [1][-]{section.3.3}{\376\377\000V\000a\000r\000i\000a\000t\000i\000o\000n\000a\000l\000\040\000D\000e\000r\000i\000v\000a\000t\000i\000o\000n}{chapter.3}% 24
\BOOKMARK [1][-]{section.3.4}{\376\377\000C\000o\000n\000n\000e\000c\000t\000i\000o\000n\000\040\000t\000o\000\040\000R\000e\000i\000n\000f\000o\000r\000c\000e\000m\000e\000n\000t\000\040\000L\000e\000a\000r\000n\000i\000n\000g}{chapter.3}% 25
\BOOKMARK [1][-]{section.3.5}{\376\377\000D\000y\000n\000a\000m\000i\000c\000a\000l\000\040\000P\000r\000o\000p\000e\000r\000t\000i\000e\000s}{chapter.3}% 26
\BOOKMARK [1][-]{section.3.6}{\376\377\000C\000o\000g\000n\000i\000t\000i\000v\000e\000\040\000A\000n\000a\000l\000o\000g\000y}{chapter.3}% 27
\BOOKMARK [1][-]{section.3.7}{\376\377\000P\000r\000o\000p\000o\000s\000i\000t\000i\000o\000n}{chapter.3}% 28
\BOOKMARK [1][-]{section.3.8}{\376\377\000E\000x\000a\000m\000p\000l\000e\000\040\000S\000i\000m\000u\000l\000a\000t\000i\000o\000n}{chapter.3}% 29
\BOOKMARK [1][-]{section.3.9}{\376\377\000C\000o\000m\000p\000u\000t\000a\000t\000i\000o\000n\000a\000l\000\040\000L\000i\000n\000k}{chapter.3}% 30
\BOOKMARK [1][-]{section.3.10}{\376\377\000T\000r\000a\000n\000s\000i\000t\000i\000o\000n}{chapter.3}% 31
\BOOKMARK [0][-]{chapter.4}{\376\377\000T\000h\000e\000\040\000I\000n\000t\000e\000g\000r\000a\000t\000e\000d\000\040\000S\000e\000l\000f\000:\000\040\000H\000Y\000D\000R\000A\000\040\000A\000r\000c\000h\000i\000t\000e\000c\000t\000u\000r\000e\000\040\000S}{}% 32
\BOOKMARK [1][-]{section.4.1}{\376\377\000P\000h\000i\000l\000o\000s\000o\000p\000h\000i\000c\000a\000l\000\040\000S\000t\000a\000t\000e\000m\000e\000n\000t}{chapter.4}% 33
\BOOKMARK [1][-]{section.4.2}{\376\377\000F\000o\000r\000m\000a\000l\000\040\000M\000o\000d\000e\000l}{chapter.4}% 34
\BOOKMARK [1][-]{section.4.3}{\376\377\000I\000n\000f\000o\000r\000m\000a\000t\000i\000o\000n\000\040\000G\000e\000o\000m\000e\000t\000r\000y\000\040\000o\000f\000\040\000H\000Y\000D\000R\000A}{chapter.4}% 35
\BOOKMARK [1][-]{section.4.4}{\376\377\000L\000e\000a\000r\000n\000i\000n\000g\000\040\000a\000n\000d\000\040\000A\000d\000a\000p\000t\000a\000t\000i\000o\000n}{chapter.4}% 36
\BOOKMARK [1][-]{section.4.5}{\376\377\000T\000h\000e\000o\000r\000e\000m}{chapter.4}% 37
\BOOKMARK [1][-]{section.4.6}{\376\377\000C\000o\000m\000p\000u\000t\000a\000t\000i\000o\000n\000a\000l\000\040\000L\000i\000n\000k}{chapter.4}% 38
\BOOKMARK [1][-]{section.4.7}{\376\377\000T\000r\000a\000n\000s\000i\000t\000i\000o\000n}{chapter.4}% 39
\BOOKMARK [0][-]{chapter.5}{\376\377\000T\000h\000e\000\040\000O\000b\000s\000e\000r\000v\000a\000t\000i\000o\000n\000a\000l\000\040\000T\000u\000r\000n\000:\000\040\000T\000h\000e\000\040\000O\000\040\000F\000u\000n\000c\000t\000o\000r}{}% 40
\BOOKMARK [1][-]{section.5.1}{\376\377\000P\000h\000i\000l\000o\000s\000o\000p\000h\000i\000c\000a\000l\000\040\000S\000t\000a\000t\000e\000m\000e\000n\000t}{chapter.5}% 41
\BOOKMARK [1][-]{section.5.2}{\376\377\000F\000o\000r\000m\000a\000l\000\040\000M\000o\000d\000e\000l}{chapter.5}% 42
\BOOKMARK [1][-]{section.5.3}{\376\377\000Q\000u\000a\000d\000r\000a\000t\000i\000c\000\040\000C\000l\000a\000r\000i\000t\000y\000\040\000C\000o\000s\000t\000\040\000M\000o\000d\000e\000l}{chapter.5}% 43
\BOOKMARK [1][-]{section.5.4}{\376\377\000P\000h\000e\000n\000o\000m\000e\000n\000o\000l\000o\000g\000i\000c\000a\000l\000\040\000M\000e\000t\000r\000i\000c}{chapter.5}% 44
\BOOKMARK [1][-]{section.5.5}{\376\377\000F\000o\000u\000r\000i\000e\000r\000\040\000M\000o\000d\000e\000\040\000S\000t\000a\000b\000i\000l\000i\000t\000y}{chapter.5}% 45
\BOOKMARK [1][-]{section.5.6}{\376\377\000C\000o\000m\000p\000u\000t\000a\000t\000i\000o\000n\000a\000l\000\040\000L\000i\000n\000k}{chapter.5}% 46
\BOOKMARK [1][-]{section.5.7}{\376\377\000T\000r\000a\000n\000s\000i\000t\000i\000o\000n}{chapter.5}% 47
\BOOKMARK [0][-]{chapter.6}{\376\377\000T\000h\000e\000\040\000C\000l\000o\000s\000u\000r\000e\000\040\000T\000h\000e\000o\000r\000e\000m\000:\000\040\000C\000o\000g\000n\000i\000t\000i\000v\000e\000\040\000T\000e\000t\000r\000a\000d\000\040\000C\000o\000m\000p\000l\000e\000t\000i\000o\000n}{}% 48
\BOOKMARK [1][-]{section.6.1}{\376\377\000P\000h\000i\000l\000o\000s\000o\000p\000h\000i\000c\000a\000l\000\040\000S\000t\000a\000t\000e\000m\000e\000n\000t}{chapter.6}% 49
\BOOKMARK [1][-]{section.6.2}{\376\377\000F\000u\000n\000c\000t\000i\000o\000n\000a\000l\000-\000A\000n\000a\000l\000y\000t\000i\000c\000\040\000S\000e\000t\000u\000p}{chapter.6}% 50
\BOOKMARK [1][-]{section.6.3}{\376\377\000T\000h\000e\000\040\000C\000o\000g\000n\000i\000t\000i\000v\000e\000\040\000T\000e\000t\000r\000a\000d}{chapter.6}% 51
\BOOKMARK [1][-]{section.6.4}{\376\377\000T\000h\000e\000o\000r\000e\000m}{chapter.6}% 52
\BOOKMARK [1][-]{section.6.5}{\376\377\000C\000o\000r\000o\000l\000l\000a\000r\000i\000e\000s}{chapter.6}% 53
\BOOKMARK [1][-]{section.6.6}{\376\377\000I\000n\000t\000e\000r\000p\000r\000e\000t\000a\000t\000i\000o\000n}{chapter.6}% 54
\BOOKMARK [1][-]{section.6.7}{\376\377\000C\000o\000m\000p\000u\000t\000a\000t\000i\000o\000n\000a\000l\000\040\000L\000i\000n\000k}{chapter.6}% 55
\BOOKMARK [1][-]{section.6.8}{\376\377\000T\000r\000a\000n\000s\000i\000t\000i\000o\000n}{chapter.6}% 56
\BOOKMARK [0][-]{chapter.7}{\376\377\000E\000m\000p\000i\000r\000i\000c\000a\000l\000\040\000S\000i\000g\000n\000a\000t\000u\000r\000e\000s\000:\000\040\000T\000e\000s\000t\000a\000b\000l\000e\000\040\000P\000r\000e\000d\000i\000c\000t\000i\000o\000n\000s}{}% 57
\BOOKMARK [1][-]{section.7.1}{\376\377\000A\000I\000\040\000S\000y\000s\000t\000e\000m\000s}{chapter.7}% 58
\BOOKMARK [1][-]{section.7.2}{\376\377\000N\000e\000u\000r\000o\000s\000c\000i\000e\000n\000t\000i\000f\000i\000c\000\040\000C\000o\000r\000r\000e\000l\000a\000t\000e\000s}{chapter.7}% 59
\BOOKMARK [1][-]{section.7.3}{\376\377\000P\000h\000y\000s\000i\000c\000a\000l\000\040\000S\000y\000s\000t\000e\000m\000s}{chapter.7}% 60
\BOOKMARK [1][-]{section.7.4}{\376\377\000C\000o\000s\000m\000o\000l\000o\000g\000i\000c\000a\000l\000\040\000P\000r\000e\000d\000i\000c\000t\000i\000o\000n\000s}{chapter.7}% 61
\BOOKMARK [1][-]{section.7.5}{\376\377\000C\000o\000m\000p\000u\000t\000a\000t\000i\000o\000n\000a\000l\000\040\000R\000e\000s\000u\000l\000t\000s}{chapter.7}% 62
\BOOKMARK [0][-]{chapter.8}{\376\377\000P\000h\000i\000l\000o\000s\000o\000p\000h\000i\000c\000a\000l\000\040\000I\000m\000p\000l\000i\000c\000a\000t\000i\000o\000n\000s\000:\000\040\000A\000d\000d\000r\000e\000s\000s\000i\000n\000g\000\040\000t\000h\000e\000\040\000H\000a\000r\000d\000\040\000P\000r\000o\000b\000l\000e\000m}{}% 63
\BOOKMARK [1][-]{section.8.1}{\376\377\000B\000i\000n\000d\000i\000n\000g\000\040\000P\000r\000o\000b\000l\000e\000m}{chapter.8}% 64
\BOOKMARK [1][-]{section.8.2}{\376\377\000I\000n\000t\000e\000n\000t\000i\000o\000n\000a\000l\000i\000t\000y}{chapter.8}% 65
\BOOKMARK [1][-]{section.8.3}{\376\377\000F\000r\000e\000e\000\040\000W\000i\000l\000l}{chapter.8}% 66
\BOOKMARK [1][-]{section.8.4}{\376\377\000Q\000u\000a\000l\000i\000a}{chapter.8}% 67
\BOOKMARK [1][-]{section.8.5}{\376\377\000T\000h\000e\000\040\000H\000a\000r\000d\000\040\000P\000r\000o\000b\000l\000e\000m\000\040\000R\000e\000v\000i\000s\000i\000t\000e\000d}{chapter.8}% 68
\BOOKMARK [1][-]{section.8.6}{\376\377\000E\000t\000h\000i\000c\000a\000l\000\040\000a\000n\000d\000\040\000E\000p\000i\000s\000t\000e\000m\000i\000c\000\040\000C\000o\000n\000s\000e\000q\000u\000e\000n\000c\000e\000s}{chapter.8}% 69
\BOOKMARK [1][-]{section.8.7}{\376\377\000M\000e\000t\000a\000-\000P\000h\000i\000l\000o\000s\000o\000p\000h\000i\000c\000a\000l\000\040\000R\000e\000f\000l\000e\000c\000t\000i\000o\000n\000s}{chapter.8}% 70
\BOOKMARK [1][-]{section.8.8}{\376\377\000E\000p\000i\000l\000o\000g\000u\000e}{chapter.8}% 71
\BOOKMARK [0][-]{chapter.9}{\376\377\000E\000t\000h\000i\000c\000a\000l\000\040\000C\000o\000n\000s\000i\000d\000e\000r\000a\000t\000i\000o\000n\000s\000\040\000f\000o\000r\000\040\000A\000r\000t\000i\000f\000i\000c\000i\000a\000l\000\040\000C\000o\000n\000s\000c\000i\000o\000u\000s\000n\000e\000s\000s}{}% 72
\BOOKMARK [1][-]{section.9.1}{\376\377\000E\000t\000h\000i\000c\000a\000l\000\040\000F\000r\000a\000m\000e\000w\000o\000r\000k}{chapter.9}% 73
\BOOKMARK [1][-]{section.9.2}{\376\377\000D\000e\000s\000i\000g\000n\000\040\000P\000r\000i\000n\000c\000i\000p\000l\000e\000s}{chapter.9}% 74
\BOOKMARK [1][-]{section.9.3}{\376\377\000R\000e\000g\000u\000l\000a\000t\000o\000r\000y\000\040\000I\000m\000p\000l\000i\000c\000a\000t\000i\000o\000n\000s}{chapter.9}% 75
\BOOKMARK [0][-]{chapter.10}{\376\377\000D\000e\000r\000i\000v\000a\000t\000i\000o\000n\000s\000\040\000a\000n\000d\000\040\000P\000r\000o\000o\000f\000s}{}% 76
\BOOKMARK [1][-]{section.10.1}{\376\377\000V\000a\000r\000i\000a\000t\000i\000o\000n\000a\000l\000\040\000C\000a\000l\000c\000u\000l\000u\000s\000\040\000f\000o\000r\000\040\000R\000S\000V\000P}{chapter.10}% 77
\BOOKMARK [1][-]{section.10.2}{\376\377\000A\000d\000j\000o\000i\000n\000t\000\040\000D\000e\000r\000i\000v\000a\000t\000i\000o\000n}{chapter.10}% 78
\BOOKMARK [1][-]{section.10.3}{\376\377\000S\000t\000a\000b\000i\000l\000i\000t\000y\000\040\000P\000r\000o\000o\000f}{chapter.10}% 79
\BOOKMARK [1][-]{section.10.4}{\376\377\000C\000o\000l\000i\000m\000i\000t\000\040\000C\000o\000h\000e\000r\000e\000n\000c\000e\000\040\000P\000r\000o\000o\000f}{chapter.10}% 80
\BOOKMARK [1][-]{section.10.5}{\376\377\000F\000i\000x\000e\000d\000-\000P\000o\000i\000n\000t\000\040\000P\000r\000o\000o\000f}{chapter.10}% 81
\BOOKMARK [0][-]{chapter.11}{\376\377\000C\000o\000d\000e\000\040\000L\000i\000s\000t\000i\000n\000g\000s}{}% 82
\BOOKMARK [0][-]{chapter*.17}{\376\377\000F\000u\000t\000u\000r\000e\000\040\000W\000o\000r\000k}{}% 83
\BOOKMARK [0][-]{chapter*.18}{\376\377\000G\000l\000o\000s\000s\000a\000r\000y}{}% 84
