\BOOKMARK [1][-]{section.1}{\376\377\000I\000n\000t\000r\000o\000d\000u\000c\000t\000i\000o\000n}{}% 1
\BOOKMARK [2][-]{subsection.1.1}{\376\377\000M\000a\000t\000h\000e\000m\000a\000t\000i\000c\000a\000l\000\040\000P\000r\000\351\000c\000i\000s}{section.1}% 2
\BOOKMARK [2][-]{subsection.1.2}{\376\377\000T\000h\000o\000u\000g\000h\000t\000\040\000E\000x\000p\000e\000r\000i\000m\000e\000n\000t\000\040\000w\000i\000t\000h\000\040\000M\000a\000x\000i\000m\000\040\000K\000a\000m\000m\000e\000r\000e\000r}{section.1}% 3
\BOOKMARK [2][-]{subsection.1.3}{\376\377\000E\000v\000e\000r\000y\000d\000a\000y\000\040\000E\000x\000a\000m\000p\000l\000e}{section.1}% 4
\BOOKMARK [1][-]{section.2}{\376\377\000B\000a\000c\000k\000g\000r\000o\000u\000n\000d}{}% 5
\BOOKMARK [2][-]{subsection.2.1}{\376\377\000M\000a\000t\000h\000e\000m\000a\000t\000i\000c\000a\000l\000\040\000P\000r\000\351\000c\000i\000s}{section.2}% 6
\BOOKMARK [2][-]{subsection.2.2}{\376\377\000T\000h\000o\000u\000g\000h\000t\000\040\000E\000x\000p\000e\000r\000i\000m\000e\000n\000t\000\040\000w\000i\000t\000h\000\040\000M\000a\000x\000i\000m\000\040\000K\000a\000m\000m\000e\000r\000e\000r}{section.2}% 7
\BOOKMARK [2][-]{subsection.2.3}{\376\377\000E\000v\000e\000r\000y\000d\000a\000y\000\040\000E\000x\000a\000m\000p\000l\000e}{section.2}% 8
\BOOKMARK [1][-]{section.3}{\376\377\000M\000a\000t\000h\000e\000m\000a\000t\000i\000c\000a\000l\000\040\000F\000r\000a\000m\000e\000w\000o\000r\000k}{}% 9
\BOOKMARK [2][-]{subsection.3.1}{\376\377\000M\000a\000t\000h\000e\000m\000a\000t\000i\000c\000a\000l\000\040\000P\000r\000\351\000c\000i\000s}{section.3}% 10
\BOOKMARK [2][-]{subsection.3.2}{\376\377\000T\000h\000o\000u\000g\000h\000t\000\040\000E\000x\000p\000e\000r\000i\000m\000e\000n\000t\000\040\000w\000i\000t\000h\000\040\000M\000a\000x\000i\000m\000\040\000K\000a\000m\000m\000e\000r\000e\000r}{section.3}% 11
\BOOKMARK [2][-]{subsection.3.3}{\376\377\000E\000v\000e\000r\000y\000d\000a\000y\000\040\000E\000x\000a\000m\000p\000l\000e}{section.3}% 12
\BOOKMARK [1][-]{section.4}{\376\377\000P\000r\000o\000j\000e\000c\000t\000i\000o\000n\000\040\000a\000n\000d\000\040\000E\000q\000u\000i\000v\000a\000l\000e\000n\000c\000e}{}% 13
\BOOKMARK [2][-]{subsection.4.1}{\376\377\000M\000a\000t\000h\000e\000m\000a\000t\000i\000c\000a\000l\000\040\000P\000r\000\351\000c\000i\000s}{section.4}% 14
\BOOKMARK [2][-]{subsection.4.2}{\376\377\000T\000h\000o\000u\000g\000h\000t\000\040\000E\000x\000p\000e\000r\000i\000m\000e\000n\000t\000\040\000w\000i\000t\000h\000\040\000M\000a\000x\000i\000m\000\040\000K\000a\000m\000m\000e\000r\000e\000r}{section.4}% 15
\BOOKMARK [2][-]{subsection.4.3}{\376\377\000E\000v\000e\000r\000y\000d\000a\000y\000\040\000E\000x\000a\000m\000p\000l\000e}{section.4}% 16
\BOOKMARK [1][-]{section.5}{\376\377\000C\000o\000n\000c\000e\000p\000t\000u\000a\000l\000\040\000I\000m\000p\000l\000i\000c\000a\000t\000i\000o\000n\000s}{}% 17
\BOOKMARK [2][-]{subsection.5.1}{\376\377\000M\000a\000t\000h\000e\000m\000a\000t\000i\000c\000a\000l\000\040\000P\000r\000\351\000c\000i\000s}{section.5}% 18
\BOOKMARK [2][-]{subsection.5.2}{\376\377\000T\000h\000o\000u\000g\000h\000t\000\040\000E\000x\000p\000e\000r\000i\000m\000e\000n\000t\000\040\000w\000i\000t\000h\000\040\000M\000a\000x\000i\000m\000\040\000K\000a\000m\000m\000e\000r\000e\000r}{section.5}% 19
\BOOKMARK [2][-]{subsection.5.3}{\376\377\000E\000v\000e\000r\000y\000d\000a\000y\000\040\000E\000x\000a\000m\000p\000l\000e}{section.5}% 20
\BOOKMARK [1][-]{section.6}{\376\377\000E\000x\000t\000e\000n\000s\000i\000o\000n\000s\000\040\000a\000n\000d\000\040\000F\000u\000t\000u\000r\000e\000\040\000W\000o\000r\000k}{}% 21
\BOOKMARK [2][-]{subsection.6.1}{\376\377\000M\000a\000t\000h\000e\000m\000a\000t\000i\000c\000a\000l\000\040\000P\000r\000\351\000c\000i\000s}{section.6}% 22
\BOOKMARK [2][-]{subsection.6.2}{\376\377\000T\000h\000o\000u\000g\000h\000t\000\040\000E\000x\000p\000e\000r\000i\000m\000e\000n\000t\000\040\000w\000i\000t\000h\000\040\000M\000a\000x\000i\000m\000\040\000K\000a\000m\000m\000e\000r\000e\000r}{section.6}% 23
\BOOKMARK [2][-]{subsection.6.3}{\376\377\000E\000v\000e\000r\000y\000d\000a\000y\000\040\000E\000x\000a\000m\000p\000l\000e}{section.6}% 24
\BOOKMARK [1][-]{section.7}{\376\377\000C\000o\000n\000c\000l\000u\000s\000i\000o\000n}{}% 25
\BOOKMARK [2][-]{subsection.7.1}{\376\377\000T\000h\000o\000u\000g\000h\000t\000\040\000E\000x\000p\000e\000r\000i\000m\000e\000n\000t\000\040\000w\000i\000t\000h\000\040\000M\000a\000x\000i\000m\000\040\000K\000a\000m\000m\000e\000r\000e\000r}{section.7}% 26
\BOOKMARK [2][-]{subsection.7.2}{\376\377\000E\000v\000e\000r\000y\000d\000a\000y\000\040\000E\000x\000a\000m\000p\000l\000e}{section.7}% 27
\BOOKMARK [1][-]{appendix.A}{\376\377\000E\000n\000t\000r\000o\000p\000y\000\040\000a\000n\000d\000\040\000S\000l\000i\000c\000i\000n\000g\000s}{}% 28
\BOOKMARK [1][-]{appendix.B}{\376\377\000N\000u\000l\000l\000\040\000W\000a\000v\000e\000f\000r\000o\000n\000t\000s\000\040\000a\000n\000d\000\040\000M\000a\000r\000k\000o\000v\000\040\000B\000l\000a\000n\000k\000e\000t\000s}{}% 29
\BOOKMARK [1][-]{appendix.C}{\376\377\000C\000a\000t\000e\000g\000o\000r\000i\000c\000a\000l\000\040\000P\000r\000o\000o\000f\000s}{}% 30
