This is pdfTeX, Version 3.141592653-2.6-1.40.22 (TeX Live 2022/dev/Debian) (preloaded format=pdflatex 2025.8.11)  30 AUG 2025 21:56
entering extended mode
 restricted \write18 enabled.
 %&-line parsing enabled.
**monograph.tex
(./monograph.tex
LaTeX2e <2021-11-15> patch level 1
L3 programming layer <2022-01-21>
(/usr/share/texlive/texmf-dist/tex/latex/base/book.cls
Document Class: book 2021/10/04 v1.4n Standard LaTeX document class
(/usr/share/texlive/texmf-dist/tex/latex/base/bk10.clo
File: bk10.clo 2021/10/04 v1.4n Standard LaTeX file (size option)
)
\c@part=\count185
\c@chapter=\count186
\c@section=\count187
\c@subsection=\count188
\c@subsubsection=\count189
\c@paragraph=\count190
\c@subparagraph=\count191
\c@figure=\count192
\c@table=\count193
\abovecaptionskip=\skip47
\belowcaptionskip=\skip48
\bibindent=\dimen138
)
(/usr/share/texlive/texmf-dist/tex/latex/base/fontenc.sty
Package: fontenc 2021/04/29 v2.0v Standard LaTeX package
)
(/usr/share/texmf/tex/latex/lm/lmodern.sty
Package: lmodern 2009/10/30 v1.6 Latin Modern Fonts
LaTeX Font Info:    Overwriting symbol font `operators' in version `normal'
(Font)                  OT1/cmr/m/n --> OT1/lmr/m/n on input line 22.
LaTeX Font Info:    Overwriting symbol font `letters' in version `normal'
(Font)                  OML/cmm/m/it --> OML/lmm/m/it on input line 23.
LaTeX Font Info:    Overwriting symbol font `symbols' in version `normal'
(Font)                  OMS/cmsy/m/n --> OMS/lmsy/m/n on input line 24.
LaTeX Font Info:    Overwriting symbol font `largesymbols' in version `normal'
(Font)                  OMX/cmex/m/n --> OMX/lmex/m/n on input line 25.
LaTeX Font Info:    Overwriting symbol font `operators' in version `bold'
(Font)                  OT1/cmr/bx/n --> OT1/lmr/bx/n on input line 26.
LaTeX Font Info:    Overwriting symbol font `letters' in version `bold'
(Font)                  OML/cmm/b/it --> OML/lmm/b/it on input line 27.
LaTeX Font Info:    Overwriting symbol font `symbols' in version `bold'
(Font)                  OMS/cmsy/b/n --> OMS/lmsy/b/n on input line 28.
LaTeX Font Info:    Overwriting symbol font `largesymbols' in version `bold'
(Font)                  OMX/cmex/m/n --> OMX/lmex/m/n on input line 29.
LaTeX Font Info:    Overwriting math alphabet `\mathbf' in version `normal'
(Font)                  OT1/cmr/bx/n --> OT1/lmr/bx/n on input line 31.
LaTeX Font Info:    Overwriting math alphabet `\mathsf' in version `normal'
(Font)                  OT1/cmss/m/n --> OT1/lmss/m/n on input line 32.
LaTeX Font Info:    Overwriting math alphabet `\mathit' in version `normal'
(Font)                  OT1/cmr/m/it --> OT1/lmr/m/it on input line 33.
LaTeX Font Info:    Overwriting math alphabet `\mathtt' in version `normal'
(Font)                  OT1/cmtt/m/n --> OT1/lmtt/m/n on input line 34.
LaTeX Font Info:    Overwriting math alphabet `\mathbf' in version `bold'
(Font)                  OT1/cmr/bx/n --> OT1/lmr/bx/n on input line 35.
LaTeX Font Info:    Overwriting math alphabet `\mathsf' in version `bold'
(Font)                  OT1/cmss/bx/n --> OT1/lmss/bx/n on input line 36.
LaTeX Font Info:    Overwriting math alphabet `\mathit' in version `bold'
(Font)                  OT1/cmr/bx/it --> OT1/lmr/bx/it on input line 37.
LaTeX Font Info:    Overwriting math alphabet `\mathtt' in version `bold'
(Font)                  OT1/cmtt/m/n --> OT1/lmtt/m/n on input line 38.
)
(/usr/share/texlive/texmf-dist/tex/latex/microtype/microtype.sty
Package: microtype 2021/12/10 v3.0b Micro-typographical refinements (RS)

(/usr/share/texlive/texmf-dist/tex/latex/graphics/keyval.sty
Package: keyval 2014/10/28 v1.15 key=value parser (DPC)
\KV@toks@=\toks16
)
(/usr/share/texlive/texmf-dist/tex/latex/etoolbox/etoolbox.sty
Package: etoolbox 2020/10/05 v2.5k e-TeX tools for LaTeX (JAW)
\etb@tempcnta=\count194
)
\MT@toks=\toks17
\MT@count=\count195
\MT@tempbox=\box50
LaTeX Info: Redefining \leftprotrusion on input line 1010.
LaTeX Info: Redefining \rightprotrusion on input line 1018.
LaTeX Info: Redefining \textls on input line 1173.
\MT@outer@kern=\dimen139
LaTeX Info: Redefining \textmicrotypecontext on input line 1759.
\MT@listname@count=\count196

(/usr/share/texlive/texmf-dist/tex/latex/microtype/microtype-pdftex.def
File: microtype-pdftex.def 2021/12/10 v3.0b Definitions specific to pdftex (RS)

LaTeX Info: Redefining \lsstyle on input line 897.
LaTeX Info: Redefining \lslig on input line 897.
\MT@outer@space=\skip49
)
Package microtype Info: Loading configuration file microtype.cfg.

(/usr/share/texlive/texmf-dist/tex/latex/microtype/microtype.cfg
File: microtype.cfg 2021/12/10 v3.0b microtype main configuration file (RS)
))
(/usr/share/texlive/texmf-dist/tex/latex/csquotes/csquotes.sty
Package: csquotes 2021-02-22 v5.2l context-sensitive quotations (JAW)
\csq@reset=\count197
\csq@gtype=\count198
\csq@glevel=\count199
\csq@qlevel=\count266
\csq@maxlvl=\count267
\csq@tshold=\count268
\csq@ltx@everypar=\toks18

(/usr/share/texlive/texmf-dist/tex/latex/csquotes/csquotes.def
File: csquotes.def 2021-02-22 v5.2l csquotes generic definitions (JAW)
)
Package csquotes Info: Trying to load configuration file 'csquotes.cfg'...
Package csquotes Info: ... configuration file loaded successfully.

(/usr/share/texlive/texmf-dist/tex/latex/csquotes/csquotes.cfg
File: csquotes.cfg 
))
(/usr/share/texlive/texmf-dist/tex/latex/amsmath/amsmath.sty
Package: amsmath 2021/10/15 v2.17l AMS math features
\@mathmargin=\skip50

For additional information on amsmath, use the `?' option.
(/usr/share/texlive/texmf-dist/tex/latex/amsmath/amstext.sty
Package: amstext 2021/08/26 v2.01 AMS text

(/usr/share/texlive/texmf-dist/tex/latex/amsmath/amsgen.sty
File: amsgen.sty 1999/11/30 v2.0 generic functions
\@emptytoks=\toks19
\ex@=\dimen140
))
(/usr/share/texlive/texmf-dist/tex/latex/amsmath/amsbsy.sty
Package: amsbsy 1999/11/29 v1.2d Bold Symbols
\pmbraise@=\dimen141
)
(/usr/share/texlive/texmf-dist/tex/latex/amsmath/amsopn.sty
Package: amsopn 2021/08/26 v2.02 operator names
)
\inf@bad=\count269
LaTeX Info: Redefining \frac on input line 234.
\uproot@=\count270
\leftroot@=\count271
LaTeX Info: Redefining \overline on input line 399.
\classnum@=\count272
\DOTSCASE@=\count273
LaTeX Info: Redefining \ldots on input line 496.
LaTeX Info: Redefining \dots on input line 499.
LaTeX Info: Redefining \cdots on input line 620.
\Mathstrutbox@=\box51
\strutbox@=\box52
\big@size=\dimen142
LaTeX Font Info:    Redeclaring font encoding OML on input line 743.
LaTeX Font Info:    Redeclaring font encoding OMS on input line 744.
\macc@depth=\count274
\c@MaxMatrixCols=\count275
\dotsspace@=\muskip16
\c@parentequation=\count276
\dspbrk@lvl=\count277
\tag@help=\toks20
\row@=\count278
\column@=\count279
\maxfields@=\count280
\andhelp@=\toks21
\eqnshift@=\dimen143
\alignsep@=\dimen144
\tagshift@=\dimen145
\tagwidth@=\dimen146
\totwidth@=\dimen147
\lineht@=\dimen148
\@envbody=\toks22
\multlinegap=\skip51
\multlinetaggap=\skip52
\mathdisplay@stack=\toks23
LaTeX Info: Redefining \[ on input line 2938.
LaTeX Info: Redefining \] on input line 2939.
)
(/usr/share/texlive/texmf-dist/tex/latex/amsfonts/amssymb.sty
Package: amssymb 2013/01/14 v3.01 AMS font symbols

(/usr/share/texlive/texmf-dist/tex/latex/amsfonts/amsfonts.sty
Package: amsfonts 2013/01/14 v3.01 Basic AMSFonts support
\symAMSa=\mathgroup4
\symAMSb=\mathgroup5
LaTeX Font Info:    Redeclaring math symbol \hbar on input line 98.
LaTeX Font Info:    Overwriting math alphabet `\mathfrak' in version `bold'
(Font)                  U/euf/m/n --> U/euf/b/n on input line 106.
))
(/usr/share/texlive/texmf-dist/tex/latex/siunitx/siunitx.sty
Package: siunitx 2022-02-02 v3.0.46 A comprehensive (SI) units package
\l__siunitx_angle_tmp_dim=\dimen149
\l__siunitx_angle_marker_box=\box53
\l__siunitx_angle_unit_box=\box54
\l__siunitx_compound_count_int=\count281

(/usr/share/texlive/texmf-dist/tex/latex/translations/translations.sty
Package: translations 2022/01/04 v1.11 internationalization of LaTeX2e packages
 (CN)

(/usr/share/texlive/texmf-dist/tex/generic/pdftexcmds/pdftexcmds.sty
Package: pdftexcmds 2020-06-27 v0.33 Utility functions of pdfTeX for LuaTeX (HO
)

(/usr/share/texlive/texmf-dist/tex/generic/infwarerr/infwarerr.sty
Package: infwarerr 2019/12/03 v1.5 Providing info/warning/error messages (HO)
)
(/usr/share/texlive/texmf-dist/tex/generic/iftex/iftex.sty
Package: iftex 2020/03/06 v1.0d TeX engine tests
)
(/usr/share/texlive/texmf-dist/tex/generic/ltxcmds/ltxcmds.sty
Package: ltxcmds 2020-05-10 v1.25 LaTeX kernel commands for general use (HO)
)
Package pdftexcmds Info: \pdf@primitive is available.
Package pdftexcmds Info: \pdf@ifprimitive is available.
Package pdftexcmds Info: \pdfdraftmode found.
))
\l__siunitx_number_exponent_fixed_int=\count282
\l__siunitx_number_min_decimal_int=\count283
\l__siunitx_number_min_integer_int=\count284
\l__siunitx_number_round_precision_int=\count285
\l__siunitx_number_group_minimum_int=\count286
\l__siunitx_table_tmp_box=\box55
\l__siunitx_table_tmp_dim=\dimen150
\l__siunitx_table_column_width_dim=\dimen151
\l__siunitx_table_integer_box=\box56
\l__siunitx_table_decimal_box=\box57
\l__siunitx_table_before_box=\box58
\l__siunitx_table_after_box=\box59
\l__siunitx_table_before_dim=\dimen152
\l__siunitx_table_carry_dim=\dimen153
\l__siunitx_unit_tmp_int=\count287
\l__siunitx_unit_position_int=\count288
\l__siunitx_unit_total_int=\count289

(/usr/share/texlive/texmf-dist/tex/latex/l3packages/l3keys2e/l3keys2e.sty
(/usr/share/texlive/texmf-dist/tex/latex/l3kernel/expl3.sty
Package: expl3 2022-01-21 L3 programming layer (loader) 

(/usr/share/texlive/texmf-dist/tex/latex/l3backend/l3backend-pdftex.def
File: l3backend-pdftex.def 2022-01-12 L3 backend support: PDF output (pdfTeX)
\l__color_backend_stack_int=\count290
\l__pdf_internal_box=\box60
))
Package: l3keys2e 2022-01-12 LaTeX2e option processing using LaTeX3 keys
)
(/usr/share/texlive/texmf-dist/tex/latex/tools/array.sty
Package: array 2021/10/04 v2.5f Tabular extension package (FMi)
\col@sep=\dimen154
\ar@mcellbox=\box61
\extrarowheight=\dimen155
\NC@list=\toks24
\extratabsurround=\skip53
\backup@length=\skip54
\ar@cellbox=\box62
))
(/usr/share/texlive/texmf-dist/tex/latex/geometry/geometry.sty
Package: geometry 2020/01/02 v5.9 Page Geometry

(/usr/share/texlive/texmf-dist/tex/generic/iftex/ifvtex.sty
Package: ifvtex 2019/10/25 v1.7 ifvtex legacy package. Use iftex instead.
)
\Gm@cnth=\count291
\Gm@cntv=\count292
\c@Gm@tempcnt=\count293
\Gm@bindingoffset=\dimen156
\Gm@wd@mp=\dimen157
\Gm@odd@mp=\dimen158
\Gm@even@mp=\dimen159
\Gm@layoutwidth=\dimen160
\Gm@layoutheight=\dimen161
\Gm@layouthoffset=\dimen162
\Gm@layoutvoffset=\dimen163
\Gm@dimlist=\toks25
)
(/usr/share/texlive/texmf-dist/tex/latex/hyperref/hyperref.sty
Package: hyperref 2021-06-07 v7.00m Hypertext links for LaTeX

(/usr/share/texlive/texmf-dist/tex/generic/kvsetkeys/kvsetkeys.sty
Package: kvsetkeys 2019/12/15 v1.18 Key value parser (HO)
)
(/usr/share/texlive/texmf-dist/tex/generic/kvdefinekeys/kvdefinekeys.sty
Package: kvdefinekeys 2019-12-19 v1.6 Define keys (HO)
)
(/usr/share/texlive/texmf-dist/tex/generic/pdfescape/pdfescape.sty
Package: pdfescape 2019/12/09 v1.15 Implements pdfTeX's escape features (HO)
)
(/usr/share/texlive/texmf-dist/tex/latex/hycolor/hycolor.sty
Package: hycolor 2020-01-27 v1.10 Color options for hyperref/bookmark (HO)
)
(/usr/share/texlive/texmf-dist/tex/latex/letltxmacro/letltxmacro.sty
Package: letltxmacro 2019/12/03 v1.6 Let assignment for LaTeX macros (HO)
)
(/usr/share/texlive/texmf-dist/tex/latex/auxhook/auxhook.sty
Package: auxhook 2019-12-17 v1.6 Hooks for auxiliary files (HO)
)
(/usr/share/texlive/texmf-dist/tex/latex/kvoptions/kvoptions.sty
Package: kvoptions 2020-10-07 v3.14 Key value format for package options (HO)
)
\@linkdim=\dimen164
\Hy@linkcounter=\count294
\Hy@pagecounter=\count295

(/usr/share/texlive/texmf-dist/tex/latex/hyperref/pd1enc.def
File: pd1enc.def 2021-06-07 v7.00m Hyperref: PDFDocEncoding definition (HO)
Now handling font encoding PD1 ...
... no UTF-8 mapping file for font encoding PD1
)
(/usr/share/texlive/texmf-dist/tex/latex/hyperref/hyperref-langpatches.def
File: hyperref-langpatches.def 2021-06-07 v7.00m Hyperref: patches for babel la
nguages
)
(/usr/share/texlive/texmf-dist/tex/generic/intcalc/intcalc.sty
Package: intcalc 2019/12/15 v1.3 Expandable calculations with integers (HO)
)
(/usr/share/texlive/texmf-dist/tex/generic/etexcmds/etexcmds.sty
Package: etexcmds 2019/12/15 v1.7 Avoid name clashes with e-TeX commands (HO)
)
\Hy@SavedSpaceFactor=\count296

(/usr/share/texlive/texmf-dist/tex/latex/hyperref/puenc.def
File: puenc.def 2021-06-07 v7.00m Hyperref: PDF Unicode definition (HO)
Now handling font encoding PU ...
... no UTF-8 mapping file for font encoding PU
)
Package hyperref Info: Hyper figures OFF on input line 4192.
Package hyperref Info: Link nesting OFF on input line 4197.
Package hyperref Info: Hyper index ON on input line 4200.
Package hyperref Info: Plain pages OFF on input line 4207.
Package hyperref Info: Backreferencing OFF on input line 4212.
Package hyperref Info: Implicit mode ON; LaTeX internals redefined.
Package hyperref Info: Bookmarks ON on input line 4445.
\c@Hy@tempcnt=\count297

(/usr/share/texlive/texmf-dist/tex/latex/url/url.sty
\Urlmuskip=\muskip17
Package: url 2013/09/16  ver 3.4  Verb mode for urls, etc.
)
LaTeX Info: Redefining \url on input line 4804.
\XeTeXLinkMargin=\dimen165

(/usr/share/texlive/texmf-dist/tex/generic/bitset/bitset.sty
Package: bitset 2019/12/09 v1.3 Handle bit-vector datatype (HO)

(/usr/share/texlive/texmf-dist/tex/generic/bigintcalc/bigintcalc.sty
Package: bigintcalc 2019/12/15 v1.5 Expandable calculations on big integers (HO
)
))
\Fld@menulength=\count298
\Field@Width=\dimen166
\Fld@charsize=\dimen167
Package hyperref Info: Hyper figures OFF on input line 6076.
Package hyperref Info: Link nesting OFF on input line 6081.
Package hyperref Info: Hyper index ON on input line 6084.
Package hyperref Info: backreferencing OFF on input line 6091.
Package hyperref Info: Link coloring OFF on input line 6096.
Package hyperref Info: Link coloring with OCG OFF on input line 6101.
Package hyperref Info: PDF/A mode OFF on input line 6106.
LaTeX Info: Redefining \ref on input line 6146.
LaTeX Info: Redefining \pageref on input line 6150.

(/usr/share/texlive/texmf-dist/tex/latex/base/atbegshi-ltx.sty
Package: atbegshi-ltx 2021/01/10 v1.0c Emulation of the original atbegshi
package with kernel methods
)
\Hy@abspage=\count299
\c@Item=\count300
\c@Hfootnote=\count301
)
Package hyperref Info: Driver (autodetected): hpdftex.

(/usr/share/texlive/texmf-dist/tex/latex/hyperref/hpdftex.def
File: hpdftex.def 2021-06-07 v7.00m Hyperref driver for pdfTeX

(/usr/share/texlive/texmf-dist/tex/latex/base/atveryend-ltx.sty
Package: atveryend-ltx 2020/08/19 v1.0a Emulation of the original atveryend pac
kage
with kernel methods
)
\Fld@listcount=\count302
\c@bookmark@seq@number=\count303

(/usr/share/texlive/texmf-dist/tex/latex/rerunfilecheck/rerunfilecheck.sty
Package: rerunfilecheck 2019/12/05 v1.9 Rerun checks for auxiliary files (HO)

(/usr/share/texlive/texmf-dist/tex/generic/uniquecounter/uniquecounter.sty
Package: uniquecounter 2019/12/15 v1.4 Provide unlimited unique counter (HO)
)
Package uniquecounter Info: New unique counter `rerunfilecheck' on input line 2
86.
)
\Hy@SectionHShift=\skip55
)
(/usr/share/texlive/texmf-dist/tex/latex/natbib/natbib.sty
Package: natbib 2010/09/13 8.31b (PWD, AO)
\bibhang=\skip56
\bibsep=\skip57
LaTeX Info: Redefining \cite on input line 694.
\c@NAT@ctr=\count304
)
(/usr/share/texlive/texmf-dist/tex/latex/enumitem/enumitem.sty
Package: enumitem 2019/06/20 v3.9 Customized lists
\labelindent=\skip58
\enit@outerparindent=\dimen168
\enit@toks=\toks26
\enit@inbox=\box63
\enit@count@id=\count305
\enitdp@description=\count306
)
(/usr/share/texlive/texmf-dist/tex/latex/graphics/graphicx.sty
Package: graphicx 2021/09/16 v1.2d Enhanced LaTeX Graphics (DPC,SPQR)

(/usr/share/texlive/texmf-dist/tex/latex/graphics/graphics.sty
Package: graphics 2021/03/04 v1.4d Standard LaTeX Graphics (DPC,SPQR)

(/usr/share/texlive/texmf-dist/tex/latex/graphics/trig.sty
Package: trig 2021/08/11 v1.11 sin cos tan (DPC)
)
(/usr/share/texlive/texmf-dist/tex/latex/graphics-cfg/graphics.cfg
File: graphics.cfg 2016/06/04 v1.11 sample graphics configuration
)
Package graphics Info: Driver file: pdftex.def on input line 107.

(/usr/share/texlive/texmf-dist/tex/latex/graphics-def/pdftex.def
File: pdftex.def 2020/10/05 v1.2a Graphics/color driver for pdftex
))
\Gin@req@height=\dimen169
\Gin@req@width=\dimen170
)
(/usr/share/texlive/texmf-dist/tex/latex/amscls/amsthm.sty
Package: amsthm 2020/05/29 v2.20.6
\thm@style=\toks27
\thm@bodyfont=\toks28
\thm@headfont=\toks29
\thm@notefont=\toks30
\thm@headpunct=\toks31
\thm@preskip=\skip59
\thm@postskip=\skip60
\thm@headsep=\skip61
\dth@everypar=\toks32
)
(/usr/share/texlive/texmf-dist/tex/latex/cleveref/cleveref.sty
Package: cleveref 2018/03/27 v0.21.4 Intelligent cross-referencing
Package cleveref Info: `hyperref' support loaded on input line 2370.
LaTeX Info: Redefining \cref on input line 2370.
LaTeX Info: Redefining \Cref on input line 2370.
LaTeX Info: Redefining \crefrange on input line 2370.
LaTeX Info: Redefining \Crefrange on input line 2370.
LaTeX Info: Redefining \cpageref on input line 2370.
LaTeX Info: Redefining \Cpageref on input line 2370.
LaTeX Info: Redefining \cpagerefrange on input line 2370.
LaTeX Info: Redefining \Cpagerefrange on input line 2370.
LaTeX Info: Redefining \labelcref on input line 2370.
LaTeX Info: Redefining \labelcpageref on input line 2370.
Package cleveref Info: `amsthm' support loaded on input line 3026.
Package cleveref Info: always capitalise cross-reference names on input line 78
25.
Package cleveref Info: include cross-reference names in hyperlinks on input lin
e 7836.
Package cleveref Info: include cross-reference names in hyperlinks on input lin
e 7852.
Package cleveref Info: always capitalise cross-reference names on input line 78
52.
)
\c@definition=\count307
\c@proposition=\count308
\c@lemma=\count309
Package csquotes Info: Checking for multilingual support...
Package csquotes Info: ... none found.
Package translations Info: No language package found. I am going to use `englis
h' as default language. on input line 55.
LaTeX Font Info:    Trying to load font information for T1+lmr on input line 55
.

(/usr/share/texmf/tex/latex/lm/t1lmr.fd
File: t1lmr.fd 2009/10/30 v1.6 Font defs for Latin Modern
) (./monograph.aux)
\openout1 = `monograph.aux'.

LaTeX Font Info:    Checking defaults for OML/cmm/m/it on input line 55.
LaTeX Font Info:    ... okay on input line 55.
LaTeX Font Info:    Checking defaults for OMS/cmsy/m/n on input line 55.
LaTeX Font Info:    ... okay on input line 55.
LaTeX Font Info:    Checking defaults for OT1/cmr/m/n on input line 55.
LaTeX Font Info:    ... okay on input line 55.
LaTeX Font Info:    Checking defaults for T1/cmr/m/n on input line 55.
LaTeX Font Info:    ... okay on input line 55.
LaTeX Font Info:    Checking defaults for TS1/cmr/m/n on input line 55.
LaTeX Font Info:    ... okay on input line 55.
LaTeX Font Info:    Checking defaults for OMX/cmex/m/n on input line 55.
LaTeX Font Info:    ... okay on input line 55.
LaTeX Font Info:    Checking defaults for U/cmr/m/n on input line 55.
LaTeX Font Info:    ... okay on input line 55.
LaTeX Font Info:    Checking defaults for PD1/pdf/m/n on input line 55.
LaTeX Font Info:    ... okay on input line 55.
LaTeX Font Info:    Checking defaults for PU/pdf/m/n on input line 55.
LaTeX Font Info:    ... okay on input line 55.
LaTeX Info: Redefining \microtypecontext on input line 55.
Package microtype Info: Applying patch `item' on input line 55.
Package microtype Info: Applying patch `toc' on input line 55.
Package microtype Info: Applying patch `eqnum' on input line 55.
Package microtype Info: Applying patch `footnote' on input line 55.
Package microtype Info: Generating PDF output.
Package microtype Info: Character protrusion enabled (level 2).
Package microtype Info: Using default protrusion set `alltext'.
Package microtype Info: Automatic font expansion enabled (level 2),
(microtype)             stretch: 20, shrink: 20, step: 1, non-selected.
Package microtype Info: Using default expansion set `alltext-nott'.
LaTeX Info: Redefining \showhyphens on input line 55.
Package microtype Info: No adjustment of tracking.
Package microtype Info: No adjustment of interword spacing.
Package microtype Info: No adjustment of character kerning.

(/usr/share/texlive/texmf-dist/tex/latex/microtype/mt-cmr.cfg
File: mt-cmr.cfg 2013/05/19 v2.2 microtype config. file: Computer Modern Roman 
(RS)
)
(/usr/share/texlive/texmf-dist/tex/latex/graphics/color.sty
Package: color 2021/12/07 v1.3c Standard LaTeX Color (DPC)

(/usr/share/texlive/texmf-dist/tex/latex/graphics-cfg/color.cfg
File: color.cfg 2016/01/02 v1.6 sample color configuration
)
Package color Info: Driver file: pdftex.def on input line 149.
)
(/usr/share/texlive/texmf-dist/tex/latex/translations/translations-basic-dictio
nary-english.trsl
File: translations-basic-dictionary-english.trsl (english translation file `tra
nslations-basic-dictionary')
)
Package translations Info: loading dictionary `translations-basic-dictionary' f
or `english'. on input line 55.

*geometry* driver: auto-detecting
*geometry* detected driver: pdftex
*geometry* verbose mode - [ preamble ] result:
* driver: pdftex
* paper: a4paper
* layout: <same size as paper>
* layoutoffset:(h,v)=(0.0pt,0.0pt)
* modes: twoside 
* h-part:(L,W,R)=(72.26999pt, 452.9679pt, 72.26999pt)
* v-part:(T,H,B)=(72.26999pt, 700.50687pt, 72.26999pt)
* \paperwidth=597.50787pt
* \paperheight=845.04684pt
* \textwidth=452.9679pt
* \textheight=700.50687pt
* \oddsidemargin=0.0pt
* \evensidemargin=0.0pt
* \topmargin=-30.06749pt
* \headheight=12.0pt
* \headsep=18.06749pt
* \topskip=10.0pt
* \footskip=25.29494pt
* \marginparwidth=125.0pt
* \marginparsep=7.0pt
* \columnsep=10.0pt
* \skip\footins=9.0pt plus 4.0pt minus 2.0pt
* \hoffset=0.0pt
* \voffset=0.0pt
* \mag=1000
* \@twocolumnfalse
* \@twosidetrue
* \@mparswitchtrue
* \@reversemarginfalse
* (1in=72.27pt=25.4mm, 1cm=28.453pt)

Package hyperref Info: Link coloring OFF on input line 55.
(/usr/share/texlive/texmf-dist/tex/latex/hyperref/nameref.sty
Package: nameref 2021-04-02 v2.47 Cross-referencing by name of section

(/usr/share/texlive/texmf-dist/tex/latex/refcount/refcount.sty
Package: refcount 2019/12/15 v3.6 Data extraction from label references (HO)
)
(/usr/share/texlive/texmf-dist/tex/generic/gettitlestring/gettitlestring.sty
Package: gettitlestring 2019/12/15 v1.6 Cleanup title references (HO)
)
\c@section@level=\count310
)
LaTeX Info: Redefining \ref on input line 55.
LaTeX Info: Redefining \pageref on input line 55.
LaTeX Info: Redefining \nameref on input line 55.

(./monograph.out) (./monograph.out)
\@outlinefile=\write3
\openout3 = `monograph.out'.


(/usr/share/texlive/texmf-dist/tex/context/base/mkii/supp-pdf.mkii
[Loading MPS to PDF converter (version 2006.09.02).]
\scratchcounter=\count311
\scratchdimen=\dimen171
\scratchbox=\box64
\nofMPsegments=\count312
\nofMParguments=\count313
\everyMPshowfont=\toks33
\MPscratchCnt=\count314
\MPscratchDim=\dimen172
\MPnumerator=\count315
\makeMPintoPDFobject=\count316
\everyMPtoPDFconversion=\toks34
) (/usr/share/texlive/texmf-dist/tex/latex/epstopdf-pkg/epstopdf-base.sty
Package: epstopdf-base 2020-01-24 v2.11 Base part for package epstopdf
Package epstopdf-base Info: Redefining graphics rule for `.eps' on input line 4
85.

(/usr/share/texlive/texmf-dist/tex/latex/latexconfig/epstopdf-sys.cfg
File: epstopdf-sys.cfg 2010/07/13 v1.3 Configuration of (r)epstopdf for TeX Liv
e
))
LaTeX Font Info:    Trying to load font information for OT1+lmr on input line 5
8.

(/usr/share/texmf/tex/latex/lm/ot1lmr.fd
File: ot1lmr.fd 2009/10/30 v1.6 Font defs for Latin Modern
)
LaTeX Font Info:    Trying to load font information for OML+lmm on input line 5
8.

(/usr/share/texmf/tex/latex/lm/omllmm.fd
File: omllmm.fd 2009/10/30 v1.6 Font defs for Latin Modern
)
LaTeX Font Info:    Trying to load font information for OMS+lmsy on input line 
58.

(/usr/share/texmf/tex/latex/lm/omslmsy.fd
File: omslmsy.fd 2009/10/30 v1.6 Font defs for Latin Modern
)
LaTeX Font Info:    Trying to load font information for OMX+lmex on input line 
58.

(/usr/share/texmf/tex/latex/lm/omxlmex.fd
File: omxlmex.fd 2009/10/30 v1.6 Font defs for Latin Modern
)
LaTeX Font Info:    External font `lmex10' loaded for size
(Font)              <12> on input line 58.
LaTeX Font Info:    External font `lmex10' loaded for size
(Font)              <8> on input line 58.
LaTeX Font Info:    External font `lmex10' loaded for size
(Font)              <6> on input line 58.
LaTeX Font Info:    Trying to load font information for U+msa on input line 58.


(/usr/share/texlive/texmf-dist/tex/latex/amsfonts/umsa.fd
File: umsa.fd 2013/01/14 v3.01 AMS symbols A
)
(/usr/share/texlive/texmf-dist/tex/latex/microtype/mt-msa.cfg
File: mt-msa.cfg 2006/02/04 v1.1 microtype config. file: AMS symbols (a) (RS)
)
LaTeX Font Info:    Trying to load font information for U+msb on input line 58.


(/usr/share/texlive/texmf-dist/tex/latex/amsfonts/umsb.fd
File: umsb.fd 2013/01/14 v3.01 AMS symbols B
)
(/usr/share/texlive/texmf-dist/tex/latex/microtype/mt-msb.cfg
File: mt-msb.cfg 2005/06/01 v1.0 microtype config. file: AMS symbols (b) (RS)
) [1


{/var/lib/texmf/fonts/map/pdftex/updmap/pdftex.map}]

Package natbib Warning: Citation `doctorow2022' on page  undefined on input lin
e 62.

LaTeX Font Info:    External font `lmex10' loaded for size
(Font)              <10> on input line 62.
LaTeX Font Info:    External font `lmex10' loaded for size
(Font)              <7> on input line 62.
LaTeX Font Info:    External font `lmex10' loaded for size
(Font)              <5> on input line 62.
[1

] (./monograph.toc [1


] [2])
\tf@toc=\write4
\openout4 = `monograph.toc'.

 [3]pdfTeX warning (ext4): destination with the same identifier (name{page.1}) 
has been already used, duplicate ignored
<to be read again> 
                   \relax 
l.73 \part{Framing the Problem}
                                [1


]
Chapter 1.

Package natbib Warning: Citation `extentia2024' on page 2 undefined on input li
ne 78.


Package natbib Warning: Citation `doctorow2022' on page 2 undefined on input li
ne 78.


Package natbib Warning: Citation `norman1988' on page 2 undefined on input line
 80.


Package natbib Warning: Citation `extentia2024' on page 2 undefined on input li
ne 86.


Package natbib Warning: Citation `doctorow2022' on page 2 undefined on input li
ne 87.

LaTeX Font Info:    Trying to load font information for TS1+lmr on input line 1
00.
(/usr/share/texmf/tex/latex/lm/ts1lmr.fd
File: ts1lmr.fd 2009/10/30 v1.6 Font defs for Latin Modern
)

Package natbib Warning: Citation `norman1988' on page 2 undefined on input line
 100.


Package natbib Warning: Citation `extentia2024' on page 2 undefined on input li
ne 101.

[2

]

Package natbib Warning: Citation `doctorow2022' on page 3 undefined on input li
ne 103.

[3]
Chapter 2.

Package natbib Warning: Citation `norman1988' on page 4 undefined on input line
 130.


Package natbib Warning: Citation `doctorow2022' on page 4 undefined on input li
ne 130.


Package natbib Warning: Citation `norman1988' on page 4 undefined on input line
 134.


Package natbib Warning: Citation `extentia2024' on page 4 undefined on input li
ne 134.


Package natbib Warning: Citation `extentia2024' on page 4 undefined on input li
ne 136.


Package natbib Warning: Citation `doctorow2022' on page 4 undefined on input li
ne 140.


Package natbib Warning: Citation `extentia2024' on page 4 undefined on input li
ne 142.


Package natbib Warning: Citation `colak2024' on page 4 undefined on input line 
146.


Package natbib Warning: Citation `doctorow2022' on page 4 undefined on input li
ne 146.

[4

]

Package natbib Warning: Citation `extentia2024' on page 5 undefined on input li
ne 148.


LaTeX Warning: Reference `eq:autonomy' on page 1 undefined on input line 152.


Package natbib Warning: Citation `doctorow2022' on page 5 undefined on input li
ne 152.


Package natbib Warning: Citation `extentia2024' on page 5 undefined on input li
ne 152.


Package natbib Warning: Citation `doctorow2022' on page 5 undefined on input li
ne 154.


Package natbib Warning: Citation `extentia2024' on page 5 undefined on input li
ne 158.

[5]
Chapter 3.
! Undefined control sequence.
\kgCOe ->\ERROR 
                
l.175 ...= f(\Eint, \text{grid mix}) \quad [\kgCOe
                                                  /\text{interaction}],
? 

Package natbib Warning: Citation `extentia2024' on page 6 undefined on input li
ne 188.


Package natbib Warning: Citation `extentia2024' on page 6 undefined on input li
ne 210.


Package natbib Warning: Citation `doctorow2022' on page 6 undefined on input li
ne 210.


Package natbib Warning: Citation `colak2024' on page 6 undefined on input line 
210.

[6

]

Package natbib Warning: Citation `doctorow2022' on page 7 undefined on input li
ne 214.


Package natbib Warning: Citation `extentia2024' on page 7 undefined on input li
ne 220.


Package natbib Warning: Citation `doctorow2022' on page 7 undefined on input li
ne 222.


Package natbib Warning: Citation `extentia2024' on page 7 undefined on input li
ne 224.

[7] [8

] [9]
Chapter 4.

Package natbib Warning: Citation `colak2024' on page 10 undefined on input line
 248.


Package natbib Warning: Citation `doctorow2022' on page 10 undefined on input l
ine 248.


Package natbib Warning: Citation `norman1988' on page 10 undefined on input lin
e 248.


Package natbib Warning: Citation `colak2024' on page 10 undefined on input line
 254.


Package natbib Warning: Citation `doctorow2022' on page 10 undefined on input l
ine 255.


Package natbib Warning: Citation `tversky1983' on page 10 undefined on input li
ne 261.


Package natbib Warning: Citation `colak2024' on page 10 undefined on input line
 262.


Package natbib Warning: Citation `colak2024' on page 10 undefined on input line
 268.

[10

]

Package natbib Warning: Citation `gallace2006' on page 11 undefined on input li
ne 282.


Package natbib Warning: Citation `colak2024' on page 11 undefined on input line
 282.


Package natbib Warning: Citation `lewis1942' on page 11 undefined on input line
 286.


Package natbib Warning: Citation `colak2024' on page 11 undefined on input line
 286.

[11]
Chapter 5.

Package natbib Warning: Citation `doctorow2022' on page 12 undefined on input l
ine 298.


Package natbib Warning: Citation `colak2024' on page 12 undefined on input line
 302.


Package natbib Warning: Citation `doctorow2022' on page 12 undefined on input l
ine 302.


Package natbib Warning: Citation `extentia2024' on page 12 undefined on input l
ine 302.


Package natbib Warning: Citation `colak2024' on page 12 undefined on input line
 306.


Package natbib Warning: Citation `doctorow2022' on page 12 undefined on input l
ine 306.


Package natbib Warning: Citation `colak2024' on page 12 undefined on input line
 306.


! LaTeX Error: Command \bfseries invalid in math mode.

See the LaTeX manual or LaTeX Companion for explanation.
Type  H <return>  for immediate help.
 ...                                              
                                                  
l.310 ...{0.05}{\kgCOe}/hour \citep{designlab2024}
                                                  . App designs limit multi-...

? 

Package natbib Warning: Citation `designlab2024' on page 12 undefined on input 
line 310.


! LaTeX Error: Bad math environment delimiter.

See the LaTeX manual or LaTeX Companion for explanation.
Type  H <return>  for immediate help.
 ...                                              
                                                  
l.310 ...mit multi-threaded dialogues, reducing \(
                                                  \Auton\) by 22\% (\(\Auton...

? 

Package natbib Warning: Citation `doctorow2022' on page 12 undefined on input l
ine 310.


Underfull \hbox (badness 10000) in paragraph at lines 310--311
\T1/lmr/m/n/10 (+20) Instagram's in-fi-nite scroll drives data us-age, con-trib
ut-ing to $\OML/lmm/m/it/10 C[] \OMS/lmsy/m/n/10 ^^Y
 []


Underfull \hbox (badness 2158) in paragraph at lines 310--311
\OT1/lmr/m/n/10 (+20) 0\OML/lmm/m/it/10 :\OT1/lmr/m/n/10 (+20) 05 []\OML/lmm/m/
it/10 =hour\OT1/lmr/m/n/10 (+20) ([])\OML/lmm/m/it/10 :Appdesignslimitmulti \OM
S/lmsy/m/n/10 ^^@ \OML/lmm/m/it/10 threadeddialogues; reducing\OMS/lmsy/m/n/10 
A$ \T1/lmr/m/n/10 (+20) by 22% ($\OMS/lmsy/m/n/10 A ^^Y \OT1/lmr/m/n/10 (+20) 1
\OML/lmm/m/it/10 :\OT1/lmr/m/n/10 (+20) 9$
 []


Package natbib Warning: Citation `gallace2006' on page 12 undefined on input li
ne 314.

[12

]

Package natbib Warning: Citation `lewis1942' on page 13 undefined on input line
 318.


Package natbib Warning: Citation `colak2024' on page 13 undefined on input line
 318.

[13]
Chapter 6.

Package natbib Warning: Citation `doctorow2022' on page 14 undefined on input l
ine 326.


Package natbib Warning: Citation `hurvich1981' on page 14 undefined on input li
ne 330.

Runaway argument?
{kaufman1949]. Restraint counters these traps, aligning with wabi-sab\ETC.
! Paragraph ended before \@citex was complete.
<to be read again> 
                   \par 
l.331 
      
? 

Package natbib Warning: Citation `designlab2024' on page 14 undefined on input 
line 334.


Package natbib Warning: Citation `extentia2024' on page 14 undefined on input l
ine 334.


Package natbib Warning: Citation `colak2024' on page 14 undefined on input line
 338.


Package natbib Warning: Citation `doctorow2022' on page 14 undefined on input l
ine 338.


Package natbib Warning: Citation `doctorow2022' on page 14 undefined on input l
ine 342.


Package natbib Warning: Citation `hurvich1981' on page 14 undefined on input li
ne 346.

Runaway argument?
{kaufman1949]. UX overuse (e.g., McDonald’s logos) raises \(\Sent \)\ETC.
! Paragraph ended before \@citex was complete.
<to be read again> 
                   \par 
l.347 
      
? 
Runaway argument?
{bregman1990]. UX hijacks this with notification pings, raising \(\Sent \ETC.
! Paragraph ended before \@citex was complete.
<to be read again> 
                   \par 
l.351 
      
? 

Package natbib Warning: Citation `gallace2006' on page 14 undefined on input li
ne 354.

[14

]

Package natbib Warning: Citation `lewis1942' on page 15 undefined on input line
 358.


Package natbib Warning: Citation `colak2024' on page 15 undefined on input line
 358.


Package natbib Warning: Citation `lewis1942' on page 15 undefined on input line
 362.


Package natbib Warning: Citation `doctorow2022' on page 15 undefined on input l
ine 362.

[15] [16

] [17]
Chapter 7.

Package natbib Warning: Citation `doctorow2022' on page 18 undefined on input l
ine 380.


Package natbib Warning: Citation `designlab2024' on page 18 undefined on input 
line 380.


Package natbib Warning: Citation `extentia2024' on page 18 undefined on input l
ine 385.


Package natbib Warning: Citation `doctorow2022' on page 18 undefined on input l
ine 387.


Package natbib Warning: Citation `designlab2024' on page 18 undefined on input 
line 390.

Runaway argument?
{colak2024]. \end {enumerate} 
! Paragraph ended before \@citex was complete.
<to be read again> 
                   \par 
l.393 
      
? 

Package natbib Warning: Citation `extentia2024' on page 18 undefined on input l
ine 396.


Package natbib Warning: Citation `colak2024' on page 18 undefined on input line
 400.


Package natbib Warning: Citation `doctorow2022' on page 18 undefined on input l
ine 400.


Package natbib Warning: Citation `designlab2024' on page 18 undefined on input 
line 404.


Package natbib Warning: Citation `colak2024' on page 18 undefined on input line
 408.

[18

] [19]
Chapter 8.

Package natbib Warning: Citation `prigogine1984' on page 20 undefined on input 
line 420.


Package natbib Warning: Citation `doctorow2022' on page 20 undefined on input l
ine 420.


Package natbib Warning: Citation `extentia2024' on page 20 undefined on input l
ine 428.

! Undefined control sequence.
\kgCOe ->\ERROR 
                
l.434 ...(\Eint(i), \text{grid mix}) \quad [\kgCOe
                                                  /\text{interaction}],
? 

Package natbib Warning: Citation `colak2024' on page 20 undefined on input line
 436.


Package natbib Warning: Citation `doctorow2022' on page 20 undefined on input l
ine 444.

[20

] [21] [22

] [23]
Chapter 9.

Package natbib Warning: Citation `adobe2021' on page 24 undefined on input line
 478.


Package natbib Warning: Citation `doctorow2022' on page 24 undefined on input l
ine 478.

Runaway argument?
{adobe2021,extentia2024]. Certified badges ensure transparency. 
! Paragraph ended before \@citex was complete.
<to be read again> 
                   \par 
l.487 
      
? 
Runaway argument?
{colak2024,doctorow2022]. EU cookie consent regulations provide a mod\ETC.
! Paragraph ended before \@citex was complete.
<to be read again> 
                   \par 
l.491 
      
? 
Runaway argument?
{adobe2021,extentia2024]. 
! Paragraph ended before \@citex was complete.
<to be read again> 
                   \par 
l.495 
      
? 

! LaTeX Error: Command \item invalid in math mode.

See the LaTeX manual or LaTeX Companion for explanation.
Type  H <return>  for immediate help.
 ...                                              
                                                  
l.502   \item
              \(\Auton \geq 2.0\) floors, verified via graph-based sampling.
? 

! LaTeX Error: Something's wrong--perhaps a missing \item.

See the LaTeX manual or LaTeX Companion for explanation.
Type  H <return>  for immediate help.
 ...                                              
                                                  
l.502   \item \(
                \Auton \geq 2.0\) floors, verified via graph-based sampling.
? 

! LaTeX Error: Something's wrong--perhaps a missing \item.

See the LaTeX manual or LaTeX Companion for explanation.
Type  H <return>  for immediate help.
 ...                                              
                                                  
l.502   \item \(
                \Auton \geq 2.0\) floors, verified via graph-based sampling.
? 

! LaTeX Error: Bad math environment delimiter.

See the LaTeX manual or LaTeX Companion for explanation.
Type  H <return>  for immediate help.
 ...                                              
                                                  
l.502   \item \(
                \Auton \geq 2.0\) floors, verified via graph-based sampling.
? 
[24

]
Chapter 10.
Runaway argument?
{colak2024,doctorow2022]. 
! Paragraph ended before \@citex was complete.
<to be read again> 
                   \par 
l.513 
      
? 

Package natbib Warning: Citation `colak2024' on page 25 undefined on input line
 521.


Package natbib Warning: Citation `doctorow2022' on page 25 undefined on input l
ine 522.


Package natbib Warning: Citation `colak2024' on page 25 undefined on input line
 531.

[25

]
Chapter 11.
Runaway argument?
{doctorow2022,designlab2024]. 
! Paragraph ended before \@citex was complete.
<to be read again> 
                   \par 
l.545 
      
? 

Package natbib Warning: Citation `doctorow2022' on page 26 undefined on input l
ine 560.

[26

]
Chapter 12.
Runaway argument?
{colak2024,doctorow2022]. 
! Paragraph ended before \@citex was complete.
<to be read again> 
                   \par 
l.573 
      
? 

Package natbib Warning: Citation `colak2024' on page 27 undefined on input line
 580.

Runaway argument?
{doctorow2022]. 
! Paragraph ended before \@citex was complete.
<to be read again> 
                   \par 
l.585 
      
? 
Runaway argument?
{adobe2021]. 
! Paragraph ended before \@citex was complete.
<to be read again> 
                   \par 
l.589 
      
? 
Runaway argument?
{colak2024]. 
! Paragraph ended before \@citex was complete.
<to be read again> 
                   \par 
l.593 
      
? 
[27

] [28]
Appendix A.
! Double subscript.
l.639 \KL_
          {m}(x,t) = \mathrm{D}_{\mathrm{KL}}(p_m(x,t;\cdot) \parallel \pi_m...

? 

Package natbib Warning: Citation `kaufman1949' on page 29 undefined on input li
ne 643.

! Double subscript.
l.655 \sigma_{m}(x,t) = g_m(\KL_
                                {m}(x,t)), \quad g_m'(u) > 0, \quad g_m''(u)...

? 
[29

]

Package natbib Warning: Citation `doctorow2022' on page 30 undefined on input l
ine 721.

[30]
Appendix B.

Package natbib Warning: Citation `tversky1983' on page 31 undefined on input li
ne 748.

[31

]
Appendix C.

Package natbib Warning: Citation `doctorow2022' on page 32 undefined on input l
ine 777.

[32

]
Appendix D.

Package natbib Warning: Citation `colak2024' on page 33 undefined on input line
 793.


Package natbib Warning: Citation `colak2024' on page 33 undefined on input line
 797.


Package natbib Warning: Citation `doctorow2022' on page 33 undefined on input l
ine 797.


Package natbib Warning: Citation `doctorow2022' on page 33 undefined on input l
ine 801.

[33

]
Appendix E.

Package natbib Warning: Citation `colak2024' on page 34 undefined on input line
 813.


Package natbib Warning: Citation `extentia2024' on page 34 undefined on input l
ine 817.


Package natbib Warning: Citation `doctorow2022' on page 34 undefined on input l
ine 821.

(./monograph.bbl [34

]
LaTeX Font Info:    Trying to load font information for T1+lmtt on input line 1
3.
 (/usr/share/texmf/tex/latex/lm/t1lmtt.fd
File: t1lmtt.fd 2009/10/30 v1.6 Font defs for Latin Modern
)
Package microtype Info: Loading generic protrusion settings for font family
(microtype)             `lmtt' (encoding: T1).
(microtype)             For optimal results, create family-specific settings.
(microtype)             See the microtype manual for details.

Underfull \hbox (badness 10000) in paragraph at lines 9--16
[]\T1/lmr/m/n/10 (+20) Adobe.  Ux de-sign and sus-tain-abil-ity: What you need 
to know.  \T1/lmr/m/it/10 (+20) Adobe
 []


Underfull \hbox (badness 10000) in paragraph at lines 9--16
\T1/lmr/m/it/10 (+20) Blog\T1/lmr/m/n/10 (+20) , 2021.  URL []$\T1/lmtt/m/n/10 
https : / / blog . adobe . com / en / publish / 2021 / 09 / 24 /
 []


Underfull \hbox (badness 10000) in paragraph at lines 9--16
\T1/lmtt/m/n/10 sustainable-[]ux-[]design-[]what-[]is-[]it-[]and-[]how-[]can-[]
it-[]benefit-[]your-[]organization$[]\T1/lmr/m/n/10 (+20) .
 []


Underfull \hbox (badness 10000) in paragraph at lines 18--25
[]\T1/lmr/m/n/10 (+20) Nergis Co-lak.  Sus-tain-able ux de-sign: Pro-mot-ing be
-hav-ior through cog-
 []


Underfull \hbox (badness 10000) in paragraph at lines 18--25
\T1/lmr/m/n/10 (+20) ni-tive bi-ases.  \T1/lmr/m/it/10 (+20) UX Planet\T1/lmr/m
/n/10 (+20) , 2024.  URL []$\T1/lmtt/m/n/10 https : / / uxplanet . org /
 []


Underfull \hbox (badness 10000) in paragraph at lines 18--25
\T1/lmtt/m/n/10 sustainable-[]ux-[]design-[]promoting-[]behavior-[]through-[]co
gnitive-[]biases-[]08a30b9807e4$[]\T1/lmr/m/n/10 (+20) .
 []


Underfull \hbox (badness 2799) in paragraph at lines 36--43
[]\T1/lmr/m/n/10 (+20) Cory Doc-torow.  The en-shit-ti-fi-ca-tion of ev-ery-thi
ng.  []$\T1/lmtt/m/n/10 https : / / doctorow . medium . com /
 []


Underfull \hbox (badness 10000) in paragraph at lines 45--53
[]\T1/lmr/m/n/10 (+20) Extentia.  Un-lock-ing sus-tain-able ux de-sign: Key pri
n-ci-ples, com-po-nents
 []


Underfull \hbox (badness 10000) in paragraph at lines 45--53
\T1/lmr/m/n/10 (+20) and im-por-tance.  \T1/lmr/m/it/10 (+20) Ex-ten-tia Blog\T
1/lmr/m/n/10 (+20) , 2024.  URL []$\T1/lmtt/m/n/10 https : / / www . extentia .
 com /
 []


Underfull \hbox (badness 10000) in paragraph at lines 45--53
\T1/lmtt/m/n/10 unlocking-[]sustainable-[]ux-[]design-[]key-[]principles-[]comp
onents-[]and-[]importance/$[]\T1/lmr/m/n/10 (+20) .
 []

)

Package natbib Warning: There were undefined citations.


! LaTeX Error: \begin{enumerate} on input line 384 ended by \end{document}.

See the LaTeX manual or LaTeX Companion for explanation.
Type  H <return>  for immediate help.
 ...                                              
                                                  
l.829 \end{document}
                    
? 
[35

] (./monograph.aux

Package natbib Warning: Citation(s) may have changed.
(natbib)                Rerun to get citations correct.

)

LaTeX Warning: There were undefined references.


LaTeX Warning: Label(s) may have changed. Rerun to get cross-references right.

Package rerunfilecheck Info: File `monograph.out' has not changed.
(rerunfilecheck)             Checksum: C34BF3F9BD05995FCF9743156FE980D6;20634.
 )
(\end occurred inside a group at level 14)

### semi simple group (level 14) entered at line 592 (\begingroup)
### semi simple group (level 13) entered at line 588 (\begingroup)
### semi simple group (level 12) entered at line 584 (\begingroup)
### semi simple group (level 11) entered at line 572 (\begingroup)
### semi simple group (level 10) entered at line 544 (\begingroup)
### semi simple group (level 9) entered at line 512 (\begingroup)
### semi simple group (level 8) entered at line 494 (\begingroup)
### semi simple group (level 7) entered at line 490 (\begingroup)
### semi simple group (level 6) entered at line 486 (\begingroup)
### semi simple group (level 5) entered at line 391 (\begingroup)
### semi simple group (level 4) entered at line 384 (\begingroup)
### semi simple group (level 3) entered at line 350 (\begingroup)
### semi simple group (level 2) entered at line 346 (\begingroup)
### semi simple group (level 1) entered at line 330 (\begingroup)
### bottom level 
Here is how much of TeX's memory you used:
 19666 strings out of 478287
 371175 string characters out of 5849289
 685090 words of memory out of 5000000
 37124 multiletter control sequences out of 15000+600000
 558613 words of font info for 209 fonts, out of 8000000 for 9000
 1141 hyphenation exceptions out of 8191
 71i,11n,79p,1316b,2089s stack positions out of 5000i,500n,10000p,200000b,80000s
{/usr/share/texmf/fonts/enc/dvips/lm/lm-ec.enc}{/usr/share/texm
f/fonts/enc/dvips/lm/lm-mathit.enc}{/usr/share/texmf/fonts/enc/dvips/lm/lm-math
ex.enc}{/usr/share/texmf/fonts/enc/dvips/lm/lm-ts1.enc}{/usr/share/texmf/fonts/
enc/dvips/lm/lm-mathsy.enc}{/usr/share/texmf/fonts/enc/dvips/lm/lm-rm.enc}</usr
/share/texmf/fonts/type1/public/lm/lmbx10.pfb></usr/share/texmf/fonts/type1/pub
lic/lm/lmbx12.pfb></usr/share/texmf/fonts/type1/public/lm/lmex10.pfb></usr/shar
e/texmf/fonts/type1/public/lm/lmmi10.pfb></usr/share/texmf/fonts/type1/public/l
m/lmmi5.pfb></usr/share/texmf/fonts/type1/public/lm/lmmi7.pfb></usr/share/texmf
/fonts/type1/public/lm/lmr10.pfb></usr/share/texmf/fonts/type1/public/lm/lmr12.
pfb></usr/share/texmf/fonts/type1/public/lm/lmr17.pfb></usr/share/texmf/fonts/t
ype1/public/lm/lmr7.pfb></usr/share/texmf/fonts/type1/public/lm/lmri10.pfb></us
r/share/texmf/fonts/type1/public/lm/lmsy10.pfb></usr/share/texmf/fonts/type1/pu
blic/lm/lmsy7.pfb></usr/share/texmf/fonts/type1/public/lm/lmtt10.pfb></usr/shar
e/texlive/texmf-dist/fonts/type1/public/amsfonts/symbols/msbm10.pfb>
Output written on monograph.pdf (40 pages, 371300 bytes).
PDF statistics:
 1113 PDF objects out of 1200 (max. 8388607)
 1027 compressed objects within 11 object streams
 233 named destinations out of 1000 (max. 500000)
 50641 words of extra memory for PDF output out of 51595 (max. 10000000)

