\BOOKMARK [1][-]{section.1}{\376\377\000I\000n\000t\000r\000o\000d\000u\000c\000t\000i\000o\000n}{}% 1
\BOOKMARK [1][-]{section.2}{\376\377\000F\000o\000r\000m\000a\000l\000\040\000S\000e\000t\000t\000i\000n\000g}{}% 2
\BOOKMARK [2][-]{subsection.2.1}{\376\377\000T\000h\000e\000\040\000S\000i\000t\000e\000\040\000o\000f\000\040\000C\000o\000n\000s\000t\000r\000a\000i\000n\000t\000\040\000H\000i\000s\000t\000o\000r\000i\000e\000s}{section.2}% 3
\BOOKMARK [2][-]{subsection.2.2}{\376\377\000T\000o\000p\000o\000s\000\040\000o\000f\000\040\000F\000e\000a\000s\000i\000b\000l\000e\000\040\000T\000r\000a\000j\000e\000c\000t\000o\000r\000i\000e\000s}{section.2}% 4
\BOOKMARK [1][-]{section.3}{\376\377\000T\000h\000e\000\040\000B\000i\000n\000d\000i\000n\000g\000\040\000I\000n\000v\000a\000r\000i\000a\000n\000t}{}% 5
\BOOKMARK [2][-]{subsection.3.1}{\376\377\000D\000y\000n\000a\000m\000i\000c\000a\000l\000\040\000I\000n\000t\000e\000r\000p\000r\000e\000t\000a\000t\000i\000o\000n}{section.3}% 6
\BOOKMARK [1][-]{section.4}{\376\377\000A\000p\000p\000l\000i\000c\000a\000t\000i\000o\000n\000s\000\040\000a\000n\000d\000\040\000P\000h\000i\000l\000o\000s\000o\000p\000h\000i\000c\000a\000l\000\040\000C\000o\000n\000s\000e\000q\000u\000e\000n\000c\000e\000s}{}% 7
\BOOKMARK [1][-]{section.5}{\376\377\000A\000m\000b\000i\000g\000u\000i\000t\000y\000\040\000a\000s\000\040\000H\000i\000g\000h\000e\000r\000\040\000H\000o\000m\000o\000t\000o\000p\000y\000\040\000i\000n\000\040\000D\000e\000r\000i\000v\000e\000d\000\040\000S\000t\000a\000c\000k\000s}{}% 8
\BOOKMARK [2][-]{subsection.5.1}{\376\377\000T\000h\000e\000\040\000D\000e\000r\000i\000v\000e\000d\000\040\000S\000t\000a\000c\000k\000\040\000o\000f\000\040\000S\000e\000m\000a\000n\000t\000i\000c\000\040\000S\000t\000a\000t\000e\000s}{section.5}% 9
\BOOKMARK [2][-]{subsection.5.2}{\376\377\000M\000a\000p\000p\000i\000n\000g\000\040\000S\000p\000a\000c\000e\000s\000\040\000a\000n\000d\000\040\000A\000m\000b\000i\000g\000u\000i\000t\000y}{section.5}% 10
\BOOKMARK [2][-]{subsection.5.3}{\376\377\000T\000h\000e\000\040\000S\000e\000l\000f\000\040\000a\000s\000\040\000n\000-\000S\000t\000a\000c\000k}{section.5}% 11
\BOOKMARK [1][-]{section.6}{\376\377\000T\000h\000e\000\040\000C\000o\000h\000o\000m\000o\000l\000o\000g\000i\000c\000a\000l\000\040\000E\000n\000e\000r\000g\000y\000\040\000F\000u\000n\000c\000t\000i\000o\000n\000a\000l}{}% 12
\BOOKMARK [2][-]{subsection.6.1}{\376\377\000O\000b\000s\000t\000r\000u\000c\000t\000i\000o\000n\000\040\000C\000l\000a\000s\000s\000e\000s}{section.6}% 13
\BOOKMARK [2][-]{subsection.6.2}{\376\377\000T\000h\000e\000\040\000G\000l\000o\000b\000a\000l\000\040\000F\000u\000n\000c\000t\000i\000o\000n\000a\000l}{section.6}% 14
\BOOKMARK [1][-]{section.7}{\376\377\000S\000y\000n\000t\000h\000e\000t\000i\000c\000\040\000G\000r\000o\000u\000n\000d\000i\000n\000g\000\040\000a\000s\000\040\000G\000r\000a\000d\000i\000e\000n\000t\000\040\000F\000l\000o\000w}{}% 15
\BOOKMARK [2][-]{subsection.7.1}{\376\377\000C\000L\000I\000O\000\040\000D\000y\000n\000a\000m\000i\000c\000s\000\040\000a\000s\000\040\000D\000e\000s\000c\000e\000n\000t}{section.7}% 16
\BOOKMARK [2][-]{subsection.7.2}{\376\377\000B\000i\000n\000d\000i\000n\000g\000\040\000I\000n\000v\000a\000r\000i\000a\000n\000t\000s\000\040\000a\000s\000\040\000C\000r\000i\000t\000i\000c\000a\000l\000\040\000P\000o\000i\000n\000t\000s}{section.7}% 17
\BOOKMARK [1][-]{section.8}{\376\377\000R\000e\000t\000u\000r\000n\000\040\000U\000n\000d\000e\000r\000\040\000C\000o\000n\000s\000t\000r\000a\000i\000n\000t\000\040\000a\000s\000\040\000G\000e\000o\000m\000e\000t\000r\000i\000c\000\040\000S\000t\000a\000b\000i\000l\000i\000t\000y}{}% 18
\BOOKMARK [1][-]{section.9}{\376\377\000L\000i\000n\000e\000a\000r\000\040\000C\000o\000n\000c\000u\000r\000r\000e\000n\000t\000\040\000C\000o\000n\000s\000t\000r\000a\000i\000n\000t\000s}{}% 19
\BOOKMARK [2][-]{subsection.9.1}{\376\377\000B\000a\000c\000k\000g\000r\000o\000u\000n\000d}{section.9}% 20
\BOOKMARK [2][-]{subsection.9.2}{\376\377\000A\000c\000c\000e\000s\000s\000i\000b\000l\000e\000\040\000C\000o\000n\000s\000t\000r\000a\000i\000n\000t\000s\000\040\000a\000s\000\040\000B\000i\000n\000d\000i\000n\000g\000\040\000R\000e\000s\000i\000d\000u\000e}{section.9}% 21
\BOOKMARK [2][-]{subsection.9.3}{\376\377\000C\000o\000n\000s\000t\000r\000a\000i\000n\000t\000\040\000C\000o\000n\000s\000u\000m\000p\000t\000i\000o\000n\000\040\000a\000s\000\040\000O\000b\000s\000t\000r\000u\000c\000t\000i\000o\000n\000\040\000P\000r\000o\000j\000e\000c\000t\000i\000o\000n}{section.9}% 22
\BOOKMARK [1][-]{section.10}{\376\377\000E\000q\000u\000i\000v\000a\000l\000e\000n\000c\000e\000s\000\040\000a\000s\000\040\000G\000e\000o\000m\000e\000t\000r\000i\000c\000\040\000R\000e\000l\000a\000t\000i\000o\000n\000s}{}% 23
\BOOKMARK [2][-]{subsection.10.1}{\376\377\000B\000i\000s\000i\000m\000u\000l\000a\000t\000i\000o\000n\000\040\000a\000s\000\040\000G\000r\000a\000d\000i\000e\000n\000t\000-\000F\000l\000o\000w\000\040\000E\000q\000u\000i\000v\000a\000l\000e\000n\000c\000e}{section.10}% 24
\BOOKMARK [2][-]{subsection.10.2}{\376\377\000B\000a\000r\000b\000e\000d\000\040\000C\000o\000n\000g\000r\000u\000e\000n\000c\000e\000\040\000a\000s\000\040\000D\000e\000s\000c\000e\000n\000t\000\040\000C\000o\000n\000g\000r\000u\000e\000n\000c\000e}{section.10}% 25
\BOOKMARK [1][-]{section.11}{\376\377\000C\000L\000I\000O\000-\000O\000b\000s\000e\000r\000v\000a\000t\000i\000o\000n\000a\000l\000\040\000E\000q\000u\000i\000v\000a\000l\000e\000n\000c\000e}{}% 26
\BOOKMARK [1][-]{section.12}{\376\377\000S\000e\000m\000a\000n\000t\000i\000c\000\040\000C\000a\000t\000e\000g\000o\000r\000y\000\040\000a\000n\000d\000\040\000M\000o\000n\000o\000i\000d\000a\000l\000\040\000S\000t\000r\000u\000c\000t\000u\000r\000e}{}% 27
\BOOKMARK [1][-]{section.13}{\376\377\000F\000i\000x\000e\000d\000-\000P\000o\000i\000n\000t\000\040\000A\000l\000g\000e\000b\000r\000a\000\040\000o\000f\000\040\000C\000L\000I\000O}{}% 28
\BOOKMARK [1][-]{section.14}{\376\377\000C\000L\000I\000O\000\040\000a\000s\000\040\000S\000h\000e\000a\000f\000\040\000E\000n\000d\000o\000f\000u\000n\000c\000t\000o\000r}{}% 29
\BOOKMARK [1][-]{section.15}{\376\377\000S\000e\000t\000u\000p\000\040\000a\000n\000d\000\040\000A\000s\000s\000u\000m\000p\000t\000i\000o\000n\000s}{}% 30
\BOOKMARK [1][-]{section.16}{\376\377\000T\000h\000e\000o\000r\000e\000m\000\040\0001\000:\000\040\000B\000i\000s\000i\000m\000u\000l\000a\000t\000i\000o\000n\000-\000I\000n\000v\000a\000r\000i\000a\000n\000t\000\040\000L\000y\000a\000p\000u\000n\000o\000v\000\040\000F\000u\000n\000c\000t\000i\000o\000n}{}% 31
\BOOKMARK [1][-]{section.17}{\376\377\000T\000h\000e\000o\000r\000e\000m\000\040\0002\000:\000\040\000B\000i\000s\000i\000m\000u\000l\000a\000t\000i\000o\000n\000\040\000a\000s\000\040\000H\000o\000m\000o\000t\000o\000p\000y\000\040\000E\000q\000u\000i\000v\000a\000l\000e\000n\000c\000e\000\040\000o\000f\000\040\000D\000e\000s\000c\000e\000n\000t\000\040\000T\000r\000a\000j\000e\000c\000t\000o\000r\000i\000e\000s}{}% 32
\BOOKMARK [1][-]{section.18}{\376\377\000F\000r\000o\000m\000\040\000M\000o\000n\000o\000t\000o\000n\000i\000c\000\040\000C\000o\000n\000t\000e\000x\000t\000\040\000G\000r\000o\000w\000t\000h\000\040\000t\000o\000\040\000A\000d\000a\000p\000t\000i\000v\000e\000\040\000S\000t\000a\000t\000e\000\040\000R\000e\000s\000t\000r\000i\000c\000t\000i\000o\000n}{}% 33
\BOOKMARK [2][-]{subsection.18.1}{\376\377\000R\000S\000V\000P\000\040\000F\000i\000e\000l\000d\000\040\000R\000e\000p\000r\000e\000s\000e\000n\000t\000a\000t\000i\000o\000n}{section.18}% 34
\BOOKMARK [2][-]{subsection.18.2}{\376\377\000V\000a\000r\000i\000a\000t\000i\000o\000n\000a\000l\000\040\000F\000o\000r\000m\000u\000l\000a\000t\000i\000o\000n}{section.18}% 35
\BOOKMARK [2][-]{subsection.18.3}{\376\377\000E\000v\000i\000c\000t\000i\000o\000n\000\040\000a\000s\000\040\000E\000n\000t\000r\000o\000p\000i\000c\000\040\000P\000r\000o\000j\000e\000c\000t\000i\000o\000n}{section.18}% 36
\BOOKMARK [2][-]{subsection.18.4}{\376\377\000S\000h\000e\000a\000f\000-\000T\000h\000e\000o\000r\000e\000t\000i\000c\000\040\000I\000n\000t\000e\000r\000p\000r\000e\000t\000a\000t\000i\000o\000n}{section.18}% 37
\BOOKMARK [2][-]{subsection.18.5}{\376\377\000P\000o\000l\000i\000c\000y\000\040\000U\000n\000i\000f\000i\000c\000a\000t\000i\000o\000n\000\040\000a\000n\000d\000\040\000S\000i\000n\000g\000l\000e\000-\000S\000i\000g\000n\000a\000l\000\040\000O\000p\000t\000i\000m\000i\000z\000a\000t\000i\000o\000n}{section.18}% 38
\BOOKMARK [2][-]{subsection.18.6}{\376\377\000B\000u\000d\000g\000e\000t\000-\000A\000w\000a\000r\000e\000\040\000I\000n\000t\000e\000r\000o\000c\000e\000p\000t\000i\000o\000n\000\040\000a\000s\000\040\000F\000i\000e\000l\000d\000-\000A\000w\000a\000r\000e\000n\000e\000s\000s}{section.18}% 39
\BOOKMARK [2][-]{subsection.18.7}{\376\377\000T\000h\000e\000\040\000R\000e\000p\000l\000a\000y\000\040\000M\000a\000s\000k\000\040\000a\000n\000d\000\040\000P\000a\000t\000h\000-\000F\000a\000i\000t\000h\000f\000u\000l\000\040\000A\000d\000m\000i\000s\000s\000i\000b\000i\000l\000i\000t\000y}{section.18}% 40
\BOOKMARK [2][-]{subsection.18.8}{\376\377\000N\000G\000C\000'\000s\000\040\000E\000m\000p\000i\000r\000i\000c\000a\000l\000\040\000L\000y\000a\000p\000u\000n\000o\000v\000\040\000S\000i\000g\000n\000a\000l}{section.18}% 41
\BOOKMARK [2][-]{subsection.18.9}{\376\377\000G\000r\000a\000p\000h\000\040\000A\000g\000g\000r\000e\000g\000a\000t\000i\000o\000n\000\040\000a\000s\000\040\000C\000o\000m\000p\000u\000t\000a\000t\000i\000o\000n\000a\000l\000\040\000H\000o\000m\000o\000t\000o\000p\000y\000\040\000C\000o\000l\000i\000m\000i\000t}{section.18}% 42
\BOOKMARK [2][-]{subsection.18.10}{\376\377\000T\000o\000w\000a\000r\000d\000\040\000S\000e\000m\000a\000n\000t\000i\000c\000\040\000R\000e\000n\000o\000r\000m\000a\000l\000i\000z\000a\000t\000i\000o\000n}{section.18}% 43
\BOOKMARK [1][-]{section.19}{\376\377\000W\000o\000r\000k\000e\000d\000\040\000E\000x\000a\000m\000p\000l\000e\000:\000\040\000B\000i\000n\000d\000i\000n\000g\000\040\000a\000n\000d\000\040\000R\000u\000p\000t\000u\000r\000e\000\040\000i\000n\000\040\000a\000\040\000F\000i\000n\000i\000t\000e\000\040\000C\000o\000n\000s\000t\000r\000a\000i\000n\000t\000\040\000S\000y\000s\000t\000e\000m}{}% 44
\BOOKMARK [2][-]{subsection.19.1}{\376\377\000T\000h\000e\000\040\000C\000o\000n\000s\000t\000r\000a\000i\000n\000t\000\040\000S\000y\000s\000t\000e\000m}{section.19}% 45
\BOOKMARK [2][-]{subsection.19.2}{\376\377\000P\000r\000e\000s\000e\000r\000v\000i\000n\000g\000\040\000C\000l\000o\000s\000u\000r\000e\000\040\000E\000v\000e\000n\000t}{section.19}% 46
\BOOKMARK [2][-]{subsection.19.3}{\376\377\000R\000u\000p\000t\000u\000r\000e\000\040\000E\000v\000e\000n\000t}{section.19}% 47
\BOOKMARK [2][-]{subsection.19.4}{\376\377\000P\000a\000r\000t\000i\000a\000l\000\040\000R\000u\000p\000t\000u\000r\000e\000\040\000/\000\040\000A\000m\000b\000i\000g\000u\000i\000t\000y}{section.19}% 48
\BOOKMARK [2][-]{subsection.19.5}{\376\377\000D\000i\000a\000g\000r\000a\000m\000m\000a\000t\000i\000c\000\040\000F\000o\000r\000m}{section.19}% 49
\BOOKMARK [1][-]{section.20}{\376\377\000O\000p\000e\000n\000\040\000P\000r\000o\000b\000l\000e\000m\000s}{}% 50
\BOOKMARK [1][-]{section.21}{\376\377\000C\000o\000n\000c\000l\000u\000s\000i\000o\000n}{}% 51
