\BOOKMARK [1][-]{section.1}{\376\377\000I\000n\000t\000r\000o\000d\000u\000c\000t\000i\000o\000n\000:\000\040\000F\000r\000o\000m\000\040\000F\000o\000r\000c\000e\000\040\000t\000o\000\040\000C\000o\000n\000s\000t\000r\000a\000i\000n\000t}{}% 1
\BOOKMARK [1][-]{section.2}{\376\377\000T\000a\000x\000o\000n\000o\000m\000y\000\040\000o\000f\000\040\000C\000o\000n\000s\000t\000r\000a\000i\000n\000t\000s}{}% 2
\BOOKMARK [2][-]{subsection.2.1}{\376\377\000C\000o\000n\000t\000e\000x\000t\000-\000F\000r\000e\000e\000\040\000C\000o\000n\000s\000t\000r\000a\000i\000n\000t\000s}{section.2}% 3
\BOOKMARK [2][-]{subsection.2.2}{\376\377\000C\000o\000n\000t\000e\000x\000t\000-\000S\000e\000n\000s\000i\000t\000i\000v\000e\000\040\000C\000o\000n\000s\000t\000r\000a\000i\000n\000t\000s}{section.2}% 4
\BOOKMARK [2][-]{subsection.2.3}{\376\377\000T\000h\000e\000\040\000D\000u\000a\000l\000i\000t\000y}{section.2}% 5
\BOOKMARK [1][-]{section.3}{\376\377\000M\000e\000a\000n\000i\000n\000g\000\040\000a\000s\000\040\000E\000m\000b\000o\000d\000i\000e\000d\000\040\000T\000o\000p\000o\000l\000o\000g\000y}{}% 6
\BOOKMARK [2][-]{subsection.3.1}{\376\377\000A\000t\000t\000r\000a\000c\000t\000o\000r\000s\000\040\000a\000s\000\040\000I\000n\000t\000e\000n\000t\000i\000o\000n\000s}{section.3}% 7
\BOOKMARK [2][-]{subsection.3.2}{\376\377\000B\000i\000n\000d\000i\000n\000g\000\040\000a\000s\000\040\000B\000a\000s\000i\000n\000\040\000D\000e\000p\000t\000h}{section.3}% 8
\BOOKMARK [2][-]{subsection.3.3}{\376\377\000N\000o\000i\000s\000e\000\040\000a\000n\000d\000\040\000E\000q\000u\000i\000v\000o\000c\000a\000t\000i\000o\000n}{section.3}% 9
\BOOKMARK [1][-]{section.4}{\376\377\000I\000d\000e\000n\000t\000i\000t\000y\000\040\000a\000s\000\040\000a\000\040\000D\000y\000n\000a\000m\000i\000c\000a\000l\000\040\000F\000i\000x\000e\000d\000\040\000P\000o\000i\000n\000t}{}% 10
\BOOKMARK [2][-]{subsection.4.1}{\376\377\000T\000h\000e\000\040\000S\000u\000b\000s\000t\000a\000n\000c\000e\000\040\000V\000i\000e\000w\000\040\000a\000n\000d\000\040\000I\000t\000s\000\040\000L\000i\000m\000i\000t\000s}{section.4}% 11
\BOOKMARK [2][-]{subsection.4.2}{\376\377\000T\000h\000e\000\040\000P\000r\000o\000c\000e\000s\000s\000\040\000V\000i\000e\000w}{section.4}% 12
\BOOKMARK [2][-]{subsection.4.3}{\376\377\000R\000e\000c\000u\000r\000s\000i\000v\000e\000\040\000C\000l\000o\000s\000u\000r\000e}{section.4}% 13
\BOOKMARK [2][-]{subsection.4.4}{\376\377\000W\000h\000a\000t\000\040\000P\000e\000r\000s\000i\000s\000t\000s\000:\000\040\000T\000h\000e\000\040\000F\000i\000x\000e\000d\000\040\000P\000o\000i\000n\000t\000\040\000o\000f\000\040\000C\000o\000n\000s\000t\000r\000a\000i\000n\000t}{section.4}% 14
\BOOKMARK [1][-]{section.5}{\376\377\000W\000h\000o\000\040\000a\000n\000d\000\040\000W\000h\000a\000t\000:\000\040\000T\000h\000e\000\040\000D\000i\000s\000t\000i\000n\000c\000t\000i\000o\000n\000\040\000o\000f\000\040\000T\000r\000a\000j\000e\000c\000t\000o\000r\000i\000e\000s}{}% 15
\BOOKMARK [2][-]{subsection.5.1}{\376\377\000T\000w\000o\000\040\000Q\000u\000e\000s\000t\000i\000o\000n\000s}{section.5}% 16
\BOOKMARK [2][-]{subsection.5.2}{\376\377\000I\000n\000d\000i\000v\000i\000d\000u\000a\000l\000i\000t\000y\000\040\000a\000s\000\040\000P\000a\000t\000h\000-\000D\000e\000p\000e\000n\000d\000e\000n\000c\000e}{section.5}% 17
\BOOKMARK [1][-]{section.6}{\376\377\000R\000e\000l\000a\000t\000i\000o\000n\000a\000l\000\040\000I\000d\000e\000n\000t\000i\000t\000y\000\040\000a\000n\000d\000\040\000P\000l\000a\000s\000t\000i\000c\000i\000t\000y}{}% 18
\BOOKMARK [2][-]{subsection.6.1}{\376\377\000O\000p\000e\000n\000\040\000S\000y\000s\000t\000e\000m\000s}{section.6}% 19
\BOOKMARK [2][-]{subsection.6.2}{\376\377\000P\000l\000a\000s\000t\000i\000c\000i\000t\000y\000\040\000a\000n\000d\000\040\000B\000i\000f\000u\000r\000c\000a\000t\000i\000o\000n}{section.6}% 20
\BOOKMARK [1][-]{section.7}{\376\377\000T\000h\000e\000\040\000U\000n\000i\000f\000i\000e\000d\000\040\000P\000i\000c\000t\000u\000r\000e}{}% 21
\BOOKMARK [2][-]{subsection.7.1}{\376\377\000T\000h\000r\000e\000e\000\040\000D\000o\000m\000a\000i\000n\000s\000,\000\040\000O\000n\000e\000\040\000M\000e\000c\000h\000a\000n\000i\000s\000m}{section.7}% 22
\BOOKMARK [2][-]{subsection.7.2}{\376\377\000A\000\040\000U\000n\000i\000f\000i\000e\000d\000\040\000P\000r\000i\000n\000c\000i\000p\000l\000e}{section.7}% 23
\BOOKMARK [1][-]{section.8}{\376\377\000C\000o\000n\000t\000e\000x\000t\000\040\000a\000s\000\040\000C\000o\000n\000s\000t\000r\000a\000i\000n\000t\000\040\000F\000i\000e\000l\000d\000,\000\040\000N\000o\000t\000\040\000C\000o\000n\000t\000a\000i\000n\000e\000r}{}% 24
\BOOKMARK [2][-]{subsection.8.1}{\376\377\000E\000n\000e\000r\000g\000y\000,\000\040\000E\000f\000f\000i\000c\000i\000e\000n\000c\000y\000,\000\040\000a\000n\000d\000\040\000C\000o\000n\000s\000t\000r\000a\000i\000n\000t\000\040\000C\000o\000m\000p\000r\000e\000s\000s\000i\000o\000n}{section.8}% 25
\BOOKMARK [2][-]{subsection.8.2}{\376\377\000L\000o\000c\000a\000l\000i\000t\000y\000\040\000a\000n\000d\000\040\000t\000h\000e\000\040\000N\000o\000n\000-\000F\000u\000n\000g\000i\000b\000i\000l\000i\000t\000y\000\040\000o\000f\000\040\000C\000o\000n\000t\000e\000x\000t}{section.8}% 26
\BOOKMARK [1][-]{section.9}{\376\377\000L\000e\000a\000r\000n\000i\000n\000g\000\040\000a\000s\000\040\000T\000o\000p\000o\000l\000o\000g\000y\000\040\000T\000r\000a\000n\000s\000f\000o\000r\000m\000a\000t\000i\000o\000n}{}% 27
\BOOKMARK [2][-]{subsection.9.1}{\376\377\000U\000n\000k\000n\000o\000w\000n\000\040\000U\000n\000k\000n\000o\000w\000n\000s\000\040\000a\000n\000d\000\040\000C\000o\000n\000s\000t\000r\000a\000i\000n\000t\000\040\000F\000a\000i\000l\000u\000r\000e}{section.9}% 28
\BOOKMARK [2][-]{subsection.9.2}{\376\377\000A\000l\000i\000g\000n\000m\000e\000n\000t\000\040\000a\000s\000\040\000C\000o\000n\000s\000t\000r\000a\000i\000n\000t\000\040\000S\000y\000n\000c\000h\000r\000o\000n\000i\000z\000a\000t\000i\000o\000n}{section.9}% 29
\BOOKMARK [1][-]{section.10}{\376\377\000C\000o\000n\000c\000l\000u\000s\000i\000o\000n}{}% 30
