\BOOKMARK [1][-]{section.1}{\376\377\000I\000n\000t\000r\000o\000d\000u\000c\000t\000i\000o\000n}{}% 1
\BOOKMARK [1][-]{section.2}{\376\377\000A\000u\000d\000i\000o\000\040\000a\000s\000\040\000P\000r\000o\000s\000o\000d\000i\000c\000\040\000T\000e\000x\000t}{}% 2
\BOOKMARK [2][-]{subsection.2.1}{\376\377\000F\000o\000r\000m\000a\000l\000\040\000E\000n\000c\000o\000d\000i\000n\000g\000\040\000o\000f\000\040\000S\000p\000e\000e\000c\000h}{section.2}% 3
\BOOKMARK [2][-]{subsection.2.2}{\376\377\000N\000o\000n\000-\000S\000p\000e\000e\000c\000h\000\040\000A\000u\000d\000i\000o}{section.2}% 4
\BOOKMARK [1][-]{section.3}{\376\377\000V\000i\000d\000e\000o\000\040\000a\000s\000\040\000S\000c\000e\000n\000a\000r\000i\000o\000\040\000D\000e\000s\000c\000r\000i\000p\000t\000i\000o\000n}{}% 5
\BOOKMARK [2][-]{subsection.3.1}{\376\377\000S\000c\000e\000n\000a\000r\000i\000o\000\040\000G\000r\000a\000p\000h\000s}{section.3}% 6
\BOOKMARK [2][-]{subsection.3.2}{\376\377\000C\000a\000m\000e\000r\000a\000\040\000a\000n\000d\000\040\000R\000e\000n\000d\000e\000r\000i\000n\000g\000\040\000P\000a\000r\000a\000m\000e\000t\000e\000r\000s}{section.3}% 7
\BOOKMARK [1][-]{section.4}{\376\377\000T\000e\000x\000t\000\040\000a\000s\000\040\000U\000n\000i\000v\000e\000r\000s\000a\000l\000\040\000M\000e\000d\000i\000u\000m}{}% 8
\BOOKMARK [1][-]{section.5}{\376\377\000T\000h\000e\000\040\000I\000n\000t\000e\000r\000n\000a\000l\000\040\000L\000a\000n\000g\000u\000a\000g\000e\000\040\000o\000f\000\040\000t\000h\000e\000\040\000P\000e\000r\000c\000e\000p\000t\000u\000a\000l\000\040\000C\000a\000t\000e\000g\000o\000r\000y}{}% 9
\BOOKMARK [1][-]{section.6}{\376\377\000F\000o\000r\000m\000a\000l\000\040\000S\000e\000m\000a\000n\000t\000i\000c\000s\000\040\000o\000f\000\040\000P\000e\000r\000c\000e\000p\000t\000u\000a\000l\000\040\000E\000q\000u\000i\000v\000a\000l\000e\000n\000c\000e}{}% 10
\BOOKMARK [1][-]{section.7}{\376\377\000O\000b\000s\000e\000r\000v\000e\000r\000-\000R\000e\000l\000a\000t\000i\000v\000e\000\040\000S\000e\000m\000a\000n\000t\000i\000c\000s}{}% 11
\BOOKMARK [1][-]{section.8}{\376\377\000E\000x\000p\000r\000e\000s\000s\000i\000v\000i\000t\000y\000\040\000o\000f\000\040\000t\000h\000e\000\040\000T\000e\000x\000t\000u\000a\000l\000\040\000L\000a\000n\000g\000u\000a\000g\000e}{}% 12
\BOOKMARK [1][-]{section.9}{\376\377\000I\000n\000f\000o\000r\000m\000a\000t\000i\000o\000n\000-\000T\000h\000e\000o\000r\000e\000t\000i\000c\000\040\000F\000o\000u\000n\000d\000a\000t\000i\000o\000n\000s}{}% 13
\BOOKMARK [2][-]{subsection.9.1}{\376\377\000T\000h\000e\000\040\000S\000e\000m\000a\000n\000t\000i\000c\000\040\000R\000a\000t\000e\040\023\000D\000i\000s\000t\000o\000r\000t\000i\000o\000n\000\040\000F\000u\000n\000c\000t\000i\000o\000n}{section.9}% 14
\BOOKMARK [2][-]{subsection.9.2}{\376\377\000T\000h\000e\000\040\000I\000n\000f\000o\000r\000m\000a\000t\000i\000o\000n\000\040\000B\000o\000t\000t\000l\000e\000n\000e\000c\000k\000\040\000C\000o\000n\000n\000e\000c\000t\000i\000o\000n}{section.9}% 15
\BOOKMARK [1][-]{section.10}{\376\377\000S\000e\000m\000a\000n\000t\000i\000c\000\040\000C\000h\000a\000n\000n\000e\000l\000s\000\040\000a\000n\000d\000\040\000C\000o\000m\000m\000u\000n\000i\000c\000a\000t\000i\000o\000n\000\040\000L\000i\000m\000i\000t\000s}{}% 16
\BOOKMARK [1][-]{section.11}{\376\377\000C\000o\000m\000p\000r\000e\000s\000s\000i\000o\000n\000\040\000a\000s\000\040\000I\000n\000t\000e\000r\000p\000r\000e\000t\000a\000t\000i\000o\000n\000:\000\040\000T\000h\000e\000\040\000E\000p\000i\000s\000t\000e\000m\000i\000c\000\040\000D\000i\000m\000e\000n\000s\000i\000o\000n}{}% 17
\BOOKMARK [1][-]{section.12}{\376\377\000D\000u\000a\000l\000i\000t\000y\000\040\000B\000e\000t\000w\000e\000e\000n\000\040\000C\000o\000m\000p\000r\000e\000s\000s\000i\000o\000n\000\040\000a\000n\000d\000\040\000P\000r\000e\000d\000i\000c\000t\000i\000o\000n}{}% 18
\BOOKMARK [1][-]{section.13}{\376\377\000K\000o\000l\000m\000o\000g\000o\000r\000o\000v\000\040\000C\000o\000m\000p\000l\000e\000x\000i\000t\000y\000\040\000a\000n\000d\000\040\000M\000o\000d\000e\000l\000-\000R\000e\000l\000a\000t\000i\000v\000e\000\040\000C\000o\000m\000p\000r\000e\000s\000s\000i\000o\000n}{}% 19
\BOOKMARK [1][-]{section.14}{\376\377\000E\000n\000t\000r\000o\000p\000y\000\040\000R\000e\000d\000i\000s\000t\000r\000i\000b\000u\000t\000i\000o\000n\000\040\000a\000n\000d\000\040\000M\000o\000d\000e\000l\000\040\000D\000e\000p\000e\000n\000d\000e\000n\000c\000e}{}% 20
\BOOKMARK [1][-]{section.15}{\376\377\000C\000o\000m\000p\000l\000e\000x\000i\000t\000y\000\040\000o\000f\000\040\000E\000n\000c\000o\000d\000i\000n\000g\000\040\000a\000n\000d\000\040\000D\000e\000c\000o\000d\000i\000n\000g}{}% 21
\BOOKMARK [1][-]{section.16}{\376\377\000C\000a\000t\000e\000g\000o\000r\000i\000c\000a\000l\000\040\000S\000t\000r\000u\000c\000t\000u\000r\000e\000\040\000o\000f\000\040\000S\000e\000m\000a\000n\000t\000i\000c\000\040\000C\000o\000m\000p\000r\000e\000s\000s\000i\000o\000n}{}% 22
\BOOKMARK [2][-]{subsection.16.1}{\376\377\000A\000d\000j\000o\000i\000n\000t\000\040\000S\000t\000r\000u\000c\000t\000u\000r\000e}{section.16}% 23
\BOOKMARK [1][-]{section.17}{\376\377\000A\000d\000j\000o\000i\000n\000t\040\023\000V\000a\000r\000i\000a\000t\000i\000o\000n\000a\000l\000\040\000C\000o\000r\000r\000e\000s\000p\000o\000n\000d\000e\000n\000c\000e}{}% 24
\BOOKMARK [1][-]{section.18}{\376\377\000H\000i\000e\000r\000a\000r\000c\000h\000i\000c\000a\000l\000\040\000T\000e\000m\000p\000l\000a\000t\000e\000s\000\040\000a\000s\000\040\000O\000b\000j\000e\000c\000t\000s\000\040\000i\000n\000\040\000a\000\040\000F\000i\000b\000e\000r\000e\000d\000\040\000C\000a\000t\000e\000g\000o\000r\000y}{}% 25
\BOOKMARK [1][-]{section.19}{\376\377\000C\000o\000m\000p\000o\000s\000i\000t\000i\000o\000n\000a\000l\000i\000t\000y\000\040\000a\000n\000d\000\040\000M\000o\000n\000o\000i\000d\000a\000l\000\040\000S\000t\000r\000u\000c\000t\000u\000r\000e}{}% 26
\BOOKMARK [1][-]{section.20}{\376\377\000N\000a\000t\000u\000r\000a\000l\000\040\000T\000r\000a\000n\000s\000f\000o\000r\000m\000a\000t\000i\000o\000n\000s\000\040\000a\000n\000d\000\040\000C\000r\000o\000s\000s\000-\000M\000o\000d\000a\000l\000\040\000C\000o\000n\000s\000i\000s\000t\000e\000n\000c\000y}{}% 27
\BOOKMARK [1][-]{section.21}{\376\377\000S\000h\000e\000a\000f\000-\000T\000h\000e\000o\000r\000e\000t\000i\000c\000\040\000G\000l\000u\000i\000n\000g\000\040\000o\000f\000\040\000L\000o\000c\000a\000l\000\040\000D\000e\000s\000c\000r\000i\000p\000t\000i\000o\000n\000s}{}% 28
\BOOKMARK [1][-]{section.22}{\376\377\000E\000n\000r\000i\000c\000h\000e\000d\000\040\000C\000a\000t\000e\000g\000o\000r\000i\000e\000s\000\040\000a\000n\000d\000\040\000M\000e\000t\000r\000i\000c\000\040\000S\000e\000m\000a\000n\000t\000i\000c\000s}{}% 29
\BOOKMARK [1][-]{section.23}{\376\377\000H\000i\000g\000h\000e\000r\000\040\000C\000a\000t\000e\000g\000o\000r\000i\000e\000s\000\040\000a\000n\000d\000\040\000G\000e\000n\000e\000r\000a\000t\000i\000v\000e\000\040\000H\000i\000s\000t\000o\000r\000i\000e\000s}{}% 30
\BOOKMARK [1][-]{section.24}{\376\377\000S\000e\000m\000a\000n\000t\000i\000c\000\040\000C\000o\000m\000p\000r\000e\000s\000s\000i\000o\000n\000\040\000a\000s\000\040\000a\000\040\000L\000i\000m\000i\000t\000\040\000C\000o\000n\000s\000t\000r\000u\000c\000t\000i\000o\000n}{}% 31
\BOOKMARK [1][-]{section.25}{\376\377\000F\000u\000n\000c\000t\000o\000r\000i\000a\000l\000\040\000F\000a\000c\000t\000o\000r\000i\000z\000a\000t\000i\000o\000n\000\040\000o\000f\000\040\000R\000e\000p\000r\000e\000s\000e\000n\000t\000a\000t\000i\000o\000n}{}% 32
\BOOKMARK [1][-]{section.26}{\376\377\000P\000r\000o\000t\000o\000t\000y\000p\000e\000\040\000L\000i\000b\000r\000a\000r\000i\000e\000s\000\040\000a\000n\000d\000\040\000G\000e\000n\000e\000r\000a\000t\000i\000v\000e\000\040\000P\000r\000i\000o\000r\000s}{}% 33
\BOOKMARK [2][-]{subsection.26.1}{\376\377\000N\000e\000a\000r\000e\000s\000t\000-\000P\000r\000o\000t\000o\000t\000y\000p\000e\000\040\000P\000r\000o\000j\000e\000c\000t\000i\000o\000n}{section.26}% 34
\BOOKMARK [2][-]{subsection.26.2}{\376\377\000D\000i\000f\000f\000e\000r\000e\000n\000c\000e\000\040\000E\000n\000c\000o\000d\000i\000n\000g\000\040\000a\000s\000\040\000S\000t\000r\000u\000c\000t\000u\000r\000e\000d\000\040\000D\000e\000v\000i\000a\000t\000i\000o\000n}{section.26}% 35
\BOOKMARK [1][-]{section.27}{\376\377\000D\000i\000f\000f\000e\000r\000e\000n\000t\000i\000a\000l\000\040\000S\000t\000r\000u\000c\000t\000u\000r\000e\000\040\000o\000f\000\040\000D\000e\000v\000i\000a\000t\000i\000o\000n\000s}{}% 36
\BOOKMARK [1][-]{section.28}{\376\377\000C\000o\000m\000p\000r\000e\000s\000s\000i\000o\000n\000\040\000a\000s\000\040\000V\000a\000r\000i\000a\000t\000i\000o\000n\000a\000l\000\040\000I\000n\000f\000e\000r\000e\000n\000c\000e}{}% 37
\BOOKMARK [1][-]{section.29}{\376\377\000C\000o\000m\000p\000o\000s\000i\000t\000i\000o\000n\000a\000l\000\040\000D\000e\000l\000t\000a\000\040\000A\000l\000g\000e\000b\000r\000a\000\040\000a\000n\000d\000\040\000G\000r\000o\000u\000p\000o\000i\000d\000\040\000S\000t\000r\000u\000c\000t\000u\000r\000e}{}% 38
\BOOKMARK [1][-]{section.30}{\376\377\000T\000e\000m\000p\000o\000r\000a\000l\000\040\000F\000a\000c\000t\000o\000r\000i\000z\000a\000t\000i\000o\000n\000\040\000a\000n\000d\000\040\000E\000v\000e\000n\000t\000\040\000S\000t\000r\000e\000a\000m\000s}{}% 39
\BOOKMARK [1][-]{section.31}{\376\377\000I\000t\000e\000r\000a\000t\000i\000v\000e\000\040\000R\000e\000f\000i\000n\000e\000m\000e\000n\000t\000\040\000a\000n\000d\000\040\000M\000u\000l\000t\000i\000-\000S\000c\000a\000l\000e\000\040\000A\000p\000p\000r\000o\000x\000i\000m\000a\000t\000i\000o\000n}{}% 40
\BOOKMARK [1][-]{section.32}{\376\377\000S\000e\000m\000a\000n\000t\000i\000c\000\040\000F\000i\000x\000e\000d\000\040\000P\000o\000i\000n\000t\000s\000\040\000a\000n\000d\000\040\000C\000o\000m\000p\000r\000e\000s\000s\000i\000o\000n\000\040\000S\000t\000a\000b\000i\000l\000i\000t\000y}{}% 41
\BOOKMARK [1][-]{section.33}{\376\377\000L\000e\000a\000r\000n\000i\000n\000g\000\040\000t\000h\000e\000\040\000P\000r\000o\000t\000o\000t\000y\000p\000e\000\040\000S\000p\000a\000c\000e}{}% 42
\BOOKMARK [1][-]{section.34}{\376\377\000F\000u\000n\000c\000t\000o\000r\000i\000a\000l\000\040\000L\000e\000a\000r\000n\000i\000n\000g\000\040\000a\000n\000d\000\040\000D\000a\000t\000a\000s\000e\000t\000\040\000a\000s\000\040\000a\000\040\000C\000o\000l\000i\000m\000i\000t}{}% 43
\BOOKMARK [1][-]{section.35}{\376\377\000A\000d\000a\000p\000t\000i\000v\000e\000\040\000P\000r\000o\000t\000o\000t\000y\000p\000e\000\040\000E\000x\000p\000a\000n\000s\000i\000o\000n}{}% 44
\BOOKMARK [1][-]{section.36}{\376\377\000T\000o\000p\000o\000l\000o\000g\000i\000c\000a\000l\000\040\000S\000t\000r\000u\000c\000t\000u\000r\000e\000\040\000o\000f\000\040\000S\000i\000g\000n\000a\000l\000\040\000a\000n\000d\000\040\000D\000e\000s\000c\000r\000i\000p\000t\000i\000o\000n\000\040\000S\000p\000a\000c\000e\000s}{}% 45
\BOOKMARK [1][-]{section.37}{\376\377\000G\000e\000o\000m\000e\000t\000r\000i\000c\000\040\000S\000t\000r\000u\000c\000t\000u\000r\000e\000\040\000o\000f\000\040\000t\000h\000e\000\040\000P\000r\000o\000t\000o\000t\000y\000p\000e\000\040\000M\000a\000n\000i\000f\000o\000l\000d}{}% 46
\BOOKMARK [1][-]{section.38}{\376\377\000S\000e\000m\000a\000n\000t\000i\000c\000\040\000C\000u\000r\000v\000a\000t\000u\000r\000e\000\040\000a\000n\000d\000\040\000C\000o\000m\000p\000l\000e\000x\000i\000t\000y\000\040\000o\000f\000\040\000R\000e\000p\000r\000e\000s\000e\000n\000t\000a\000t\000i\000o\000n}{}% 47
\BOOKMARK [1][-]{section.39}{\376\377\000I\000n\000f\000o\000r\000m\000a\000t\000i\000o\000n\000\040\000G\000e\000o\000m\000e\000t\000r\000y\000\040\000a\000n\000d\000\040\000S\000t\000a\000t\000i\000s\000t\000i\000c\000a\000l\000\040\000S\000t\000r\000u\000c\000t\000u\000r\000e}{}% 48
\BOOKMARK [1][-]{section.40}{\376\377\000S\000t\000o\000c\000h\000a\000s\000t\000i\000c\000\040\000G\000e\000n\000e\000r\000a\000t\000i\000v\000e\000\040\000M\000o\000d\000e\000l\000s\000\040\000a\000n\000d\000\040\000M\000e\000a\000s\000u\000r\000e\000-\000T\000h\000e\000o\000r\000e\000t\000i\000c\000\040\000S\000t\000r\000u\000c\000t\000u\000r\000e}{}% 49
\BOOKMARK [1][-]{section.41}{\376\377\000C\000o\000n\000n\000e\000c\000t\000i\000o\000n\000s\000\040\000t\000o\000\040\000C\000a\000u\000s\000a\000l\000\040\000S\000t\000r\000u\000c\000t\000u\000r\000e}{}% 50
\BOOKMARK [1][-]{section.42}{\376\377\000I\000n\000t\000e\000r\000v\000e\000n\000t\000i\000o\000n\000a\000l\000\040\000S\000e\000m\000a\000n\000t\000i\000c\000s\000\040\000a\000n\000d\000\040\000C\000o\000u\000n\000t\000e\000r\000f\000a\000c\000t\000u\000a\000l\000\040\000C\000o\000m\000p\000r\000e\000s\000s\000i\000o\000n}{}% 51
\BOOKMARK [1][-]{section.43}{\376\377\000T\000h\000e\000r\000m\000o\000d\000y\000n\000a\000m\000i\000c\000\040\000A\000n\000a\000l\000o\000g\000y\000\040\000a\000n\000d\000\040\000F\000r\000e\000e\000\040\000E\000n\000e\000r\000g\000y}{}% 52
\BOOKMARK [1][-]{section.44}{\376\377\000L\000i\000m\000i\000t\000s\000\040\000o\000f\000\040\000C\000o\000m\000p\000r\000e\000s\000s\000i\000o\000n\000\040\000u\000n\000d\000e\000r\000\040\000M\000o\000d\000e\000l\000\040\000M\000i\000s\000m\000a\000t\000c\000h}{}% 53
\BOOKMARK [1][-]{section.45}{\376\377\000R\000o\000b\000u\000s\000t\000n\000e\000s\000s\000\040\000a\000n\000d\000\040\000A\000d\000v\000e\000r\000s\000a\000r\000i\000a\000l\000\040\000C\000o\000n\000s\000i\000d\000e\000r\000a\000t\000i\000o\000n\000s}{}% 54
\BOOKMARK [1][-]{section.46}{\376\377\000C\000a\000t\000e\000g\000o\000r\000y\000\040\000o\000f\000\040\000G\000e\000n\000e\000r\000a\000t\000i\000v\000e\000\040\000P\000r\000o\000g\000r\000a\000m\000s}{}% 55
\BOOKMARK [1][-]{section.47}{\376\377\000H\000o\000m\000o\000t\000o\000p\000y\000\040\000a\000n\000d\000\040\000E\000q\000u\000i\000v\000a\000l\000e\000n\000c\000e\000\040\000o\000f\000\040\000D\000e\000s\000c\000r\000i\000p\000t\000i\000o\000n\000s}{}% 56
\BOOKMARK [1][-]{section.48}{\376\377\000G\000a\000u\000g\000e\000\040\000F\000r\000e\000e\000d\000o\000m\000\040\000i\000n\000\040\000D\000e\000s\000c\000r\000i\000p\000t\000i\000o\000n\000\040\000a\000n\000d\000\040\000G\000e\000n\000e\000r\000a\000t\000i\000v\000e\000\040\000R\000e\000d\000u\000n\000d\000a\000n\000c\000y}{}% 57
\BOOKMARK [1][-]{section.49}{\376\377\000A\000l\000g\000e\000b\000r\000a\000i\000c\000\040\000S\000t\000r\000u\000c\000t\000u\000r\000e\000\040\000o\000f\000\040\000t\000h\000e\000\040\000D\000e\000s\000c\000r\000i\000p\000t\000i\000o\000n\000\040\000L\000a\000n\000g\000u\000a\000g\000e}{}% 58
\BOOKMARK [1][-]{section.50}{\376\377\000C\000o\000m\000p\000a\000r\000i\000s\000o\000n\000\040\000w\000i\000t\000h\000\040\000C\000l\000a\000s\000s\000i\000c\000a\000l\000\040\000C\000o\000m\000p\000r\000e\000s\000s\000i\000o\000n\000\040\000P\000a\000r\000a\000d\000i\000g\000m\000s}{}% 59
\BOOKMARK [1][-]{section.51}{\376\377\000C\000o\000n\000s\000t\000r\000a\000i\000n\000t\040\023\000G\000e\000n\000e\000r\000a\000t\000i\000o\000n\000\040\000S\000e\000p\000a\000r\000a\000t\000i\000o\000n\000\040\000a\000n\000d\000\040\000t\000h\000e\000\040\000S\000t\000r\000u\000c\000t\000u\000r\000a\000l\000\040\000O\000r\000i\000g\000i\000n\000\040\000o\000f\000\040\000C\000o\000m\000p\000r\000e\000s\000s\000i\000o\000n}{}% 60
\BOOKMARK [2][-]{subsection.51.1}{\376\377\000T\000h\000e\000\040\000S\000e\000p\000a\000r\000a\000t\000i\000o\000n\000\040\000P\000r\000i\000n\000c\000i\000p\000l\000e}{section.51}% 61
\BOOKMARK [2][-]{subsection.51.2}{\376\377\000C\000o\000r\000o\000l\000l\000a\000r\000i\000e\000s}{section.51}% 62
\BOOKMARK [2][-]{subsection.51.3}{\376\377\000I\000n\000t\000e\000r\000p\000r\000e\000t\000a\000t\000i\000o\000n}{section.51}% 63
\BOOKMARK [1][-]{section.52}{\376\377\000S\000y\000s\000t\000e\000m\000\040\000A\000r\000c\000h\000i\000t\000e\000c\000t\000u\000r\000e\000\040\000a\000n\000d\000\040\000L\000a\000y\000e\000r\000e\000d\000\040\000D\000e\000s\000i\000g\000n}{}% 64
\BOOKMARK [1][-]{section.53}{\376\377\000A\000\040\000T\000e\000x\000t\000u\000a\000l\000\040\000I\000n\000t\000e\000r\000m\000e\000d\000i\000a\000t\000e\000\040\000R\000e\000p\000r\000e\000s\000e\000n\000t\000a\000t\000i\000o\000n}{}% 65
\BOOKMARK [1][-]{section.54}{\376\377\000H\000u\000m\000a\000n\000\040\000I\000n\000t\000e\000r\000p\000r\000e\000t\000a\000b\000i\000l\000i\000t\000y\000\040\000a\000n\000d\000\040\000C\000o\000-\000A\000u\000t\000h\000o\000r\000i\000n\000g}{}% 66
\BOOKMARK [1][-]{section.55}{\376\377\000C\000o\000g\000n\000i\000t\000i\000v\000e\000\040\000A\000l\000i\000g\000n\000m\000e\000n\000t\000\040\000a\000n\000d\000\040\000P\000e\000r\000c\000e\000p\000t\000u\000a\000l\000\040\000S\000t\000r\000u\000c\000t\000u\000r\000e}{}% 67
\BOOKMARK [1][-]{section.56}{\376\377\000G\000e\000n\000e\000r\000a\000t\000i\000v\000e\000\040\000M\000e\000d\000i\000a\000\040\000O\000n\000t\000o\000l\000o\000g\000y\000:\000\040\000D\000e\000s\000c\000r\000i\000p\000t\000i\000o\000n\000\040\000R\000e\000p\000l\000a\000c\000e\000s\000\040\000S\000i\000g\000n\000a\000l}{}% 68
\BOOKMARK [1][-]{section.57}{\376\377\000E\000t\000h\000i\000c\000a\000l\000\040\000a\000n\000d\000\040\000E\000p\000i\000s\000t\000e\000m\000i\000c\000\040\000C\000o\000n\000s\000i\000d\000e\000r\000a\000t\000i\000o\000n\000s}{}% 69
\BOOKMARK [2][-]{subsection.57.1}{\376\377\000A\000u\000t\000h\000e\000n\000t\000i\000c\000i\000t\000y\000\040\000a\000n\000d\000\040\000P\000r\000o\000v\000e\000n\000a\000n\000c\000e}{section.57}% 70
\BOOKMARK [2][-]{subsection.57.2}{\376\377\000E\000p\000i\000s\000t\000e\000m\000i\000c\000\040\000S\000t\000a\000b\000i\000l\000i\000t\000y}{section.57}% 71
\BOOKMARK [2][-]{subsection.57.3}{\376\377\000M\000a\000n\000i\000p\000u\000l\000a\000t\000i\000o\000n\000\040\000a\000n\000d\000\040\000D\000e\000c\000e\000p\000t\000i\000o\000n}{section.57}% 72
\BOOKMARK [1][-]{section.58}{\376\377\000E\000c\000o\000n\000o\000m\000i\000c\000\040\000a\000n\000d\000\040\000I\000n\000f\000r\000a\000s\000t\000r\000u\000c\000t\000u\000r\000a\000l\000\040\000I\000m\000p\000l\000i\000c\000a\000t\000i\000o\000n\000s}{}% 73
\BOOKMARK [1][-]{section.59}{\376\377\000O\000p\000e\000n\000\040\000P\000r\000o\000b\000l\000e\000m\000s\000\040\000a\000n\000d\000\040\000R\000e\000s\000e\000a\000r\000c\000h\000\040\000D\000i\000r\000e\000c\000t\000i\000o\000n\000s}{}% 74
\BOOKMARK [1][-]{section.60}{\376\377\000O\000n\000\040\000S\000t\000r\000u\000c\000t\000u\000r\000a\000l\000\040\000C\000o\000h\000e\000r\000e\000n\000c\000e\000\040\000a\000n\000d\000\040\000C\000o\000m\000m\000o\000n\000\040\000M\000i\000s\000i\000n\000t\000e\000r\000p\000r\000e\000t\000a\000t\000i\000o\000n\000s}{}% 75
\BOOKMARK [2][-]{subsection.60.1}{\376\377\000S\000h\000e\000a\000f\000-\000T\000h\000e\000o\000r\000e\000t\000i\000c\000\040\000S\000t\000r\000u\000c\000t\000u\000r\000e\000\040\000B\000e\000y\000o\000n\000d\000\040\000S\000p\000a\000t\000i\000a\000l\000\040\000T\000i\000l\000i\000n\000g}{section.60}% 76
\BOOKMARK [2][-]{subsection.60.2}{\376\377\000N\000a\000t\000u\000r\000a\000l\000\040\000T\000r\000a\000n\000s\000f\000o\000r\000m\000a\000t\000i\000o\000n\000s\000\040\000a\000s\000\040\000C\000o\000m\000m\000u\000t\000a\000t\000i\000v\000e\000\040\000C\000o\000h\000e\000r\000e\000n\000c\000e}{section.60}% 77
\BOOKMARK [2][-]{subsection.60.3}{\376\377\000L\000i\000e\000\040\000G\000r\000o\000u\000p\000s\000\040\000a\000n\000d\000\040\000G\000l\000o\000b\000a\000l\000\040\000P\000a\000r\000a\000m\000e\000t\000e\000r\000i\000z\000a\000t\000i\000o\000n}{section.60}% 78
\BOOKMARK [2][-]{subsection.60.4}{\376\377\000C\000o\000n\000s\000t\000r\000a\000i\000n\000t\000\040\000V\000e\000r\000s\000u\000s\000\040\000G\000e\000n\000e\000r\000a\000t\000i\000o\000n\000:\000\040\000A\000\040\000R\000e\000c\000a\000p\000i\000t\000u\000l\000a\000t\000i\000o\000n}{section.60}% 79
\BOOKMARK [1][-]{section.61}{\376\377\000T\000o\000w\000a\000r\000d\000\040\000a\000\040\000G\000e\000n\000e\000r\000a\000t\000i\000v\000e\000\040\000M\000e\000d\000i\000a\000\040\000E\000c\000o\000l\000o\000g\000y}{}% 80
\BOOKMARK [1][-]{section.62}{\376\377\000T\000h\000e\000\040\000P\000h\000a\000s\000e\000\040\000T\000r\000a\000n\000s\000i\000t\000i\000o\000n\000:\000\040\000F\000r\000o\000m\000\040\000S\000i\000g\000n\000a\000l\000\040\000P\000r\000e\000s\000e\000r\000v\000a\000t\000i\000o\000n\000\040\000t\000o\000\040\000L\000a\000t\000e\000n\000t\000\040\000C\000o\000m\000m\000u\000n\000i\000c\000a\000t\000i\000o\000n}{}% 81
\BOOKMARK [2][-]{subsection.62.1}{\376\377\000T\000h\000e\000\040\000E\000m\000e\000r\000g\000e\000n\000c\000e\000\040\000o\000f\000\040\000a\000\040\000U\000n\000i\000v\000e\000r\000s\000a\000l\000\040\000L\000a\000t\000e\000n\000t\000\040\000T\000o\000p\000o\000l\000o\000g\000y}{section.62}% 82
\BOOKMARK [2][-]{subsection.62.2}{\376\377\000I\000n\000f\000o\000r\000m\000a\000t\000i\000o\000n\000\040\000A\000s\000y\000m\000m\000e\000t\000r\000y\000\040\000a\000n\000d\000\040\000t\000h\000e\000\040\000C\000o\000m\000p\000u\000t\000a\000t\000i\000o\000n\000a\000l\000\040\000E\000d\000g\000e}{section.62}% 83
\BOOKMARK [2][-]{subsection.62.3}{\376\377\000S\000e\000m\000a\000n\000t\000i\000c\000\040\000D\000r\000i\000f\000t\000\040\000a\000n\000d\000\040\000t\000h\000e\000\040\000A\000u\000t\000o\000n\000o\000m\000y\000\040\000o\000f\000\040\000t\000h\000e\000\040\000S\000u\000b\000s\000t\000r\000a\000t\000e}{section.62}% 84
\BOOKMARK [1][-]{section.63}{\376\377\000S\000e\000m\000a\000n\000t\000i\000c\000\040\000D\000r\000i\000f\000t\000\040\000D\000y\000n\000a\000m\000i\000c\000s}{}% 85
\BOOKMARK [1][-]{section.64}{\376\377\000S\000e\000m\000a\000n\000t\000i\000c\000\040\000P\000h\000a\000s\000e\000\040\000S\000p\000a\000c\000e}{}% 86
\BOOKMARK [1][-]{section.65}{\376\377\000T\000o\000w\000a\000r\000d\000\040\000a\000\040\000U\000n\000i\000f\000i\000e\000d\000\040\000T\000h\000e\000o\000r\000y\000\040\000o\000f\000\040\000R\000e\000p\000r\000e\000s\000e\000n\000t\000a\000t\000i\000o\000n}{}% 87
\BOOKMARK [1][-]{section.66}{\376\377\000C\000o\000n\000s\000t\000r\000a\000i\000n\000t\000\040\000I\000n\000v\000a\000r\000i\000a\000n\000t\000s\000\040\000a\000n\000d\000\040\000t\000h\000e\000\040\000S\000t\000r\000u\000c\000t\000u\000r\000e\000\040\000o\000f\000\040\000R\000e\000p\000r\000e\000s\000e\000n\000t\000a\000t\000i\000o\000n}{}% 88
\BOOKMARK [1][-]{section.67}{\376\377\000A\000m\000e\000r\000i\000c\000a\000n\000\040\000S\000i\000g\000n\000\040\000L\000a\000n\000g\000u\000a\000g\000e\000\040\000a\000s\000\040\000a\000\040\000R\000e\000a\000l\000i\000z\000e\000d\000\040\000S\000e\000m\000a\000n\000t\000i\000c\000\040\000C\000o\000m\000p\000r\000e\000s\000s\000i\000o\000n\000\040\000S\000y\000s\000t\000e\000m}{}% 89
\BOOKMARK [1][-]{section.68}{\376\377\000H\000a\000n\000d\000s\000h\000a\000p\000e\000\040\000C\000l\000a\000s\000s\000i\000f\000i\000e\000r\000s\000\040\000a\000s\000\040\000P\000r\000o\000t\000o\000t\000y\000p\000e\000\040\000O\000b\000j\000e\000c\000t\000s}{}% 90
\BOOKMARK [1][-]{section.69}{\376\377\000D\000o\000m\000i\000n\000a\000n\000t\000\040\000H\000a\000n\000d\000\040\000A\000s\000y\000m\000m\000e\000t\000r\000y\000\040\000a\000s\000\040\000a\000\040\000S\000t\000r\000u\000c\000t\000u\000r\000a\000l\000\040\000P\000r\000i\000o\000r}{}% 91
\BOOKMARK [1][-]{section.70}{\376\377\000S\000p\000e\000e\000d\000,\000\040\000F\000o\000r\000c\000e\000,\000\040\000a\000n\000d\000\040\000M\000o\000t\000i\000o\000n\000\040\000a\000s\000\040\000S\000e\000m\000a\000n\000t\000i\000c\000\040\000G\000r\000a\000d\000i\000e\000n\000t\000s}{}% 92
\BOOKMARK [1][-]{section.71}{\376\377\000F\000a\000c\000i\000a\000l\000\040\000E\000x\000p\000r\000e\000s\000s\000i\000o\000n\000\040\000a\000n\000d\000\040\000B\000o\000d\000y\000\040\000P\000o\000s\000t\000u\000r\000e\000\040\000a\000s\000\040\000G\000l\000o\000b\000a\000l\000\040\000C\000o\000n\000s\000t\000r\000a\000i\000n\000t\000\040\000F\000i\000e\000l\000d\000s}{}% 93
\BOOKMARK [1][-]{section.72}{\376\377\000S\000p\000a\000t\000i\000a\000l\000\040\000S\000c\000a\000l\000i\000n\000g\000\040\000a\000n\000d\000\040\000O\000b\000s\000e\000r\000v\000a\000t\000i\000o\000n\000a\000l\000\040\000R\000e\000g\000i\000m\000e}{}% 94
\BOOKMARK [1][-]{section.73}{\376\377\000H\000i\000s\000t\000o\000r\000i\000c\000a\000l\000\040\000D\000r\000i\000f\000t\000\040\000a\000n\000d\000\040\000S\000t\000r\000u\000c\000t\000u\000r\000a\000l\000\040\000S\000i\000m\000p\000l\000i\000f\000i\000c\000a\000t\000i\000o\000n\000\040\000i\000n\000\040\000A\000S\000L}{}% 95
\BOOKMARK [1][-]{section.74}{\376\377\000A\000S\000L\000\040\000a\000s\000\040\000a\000n\000\040\000I\000m\000p\000l\000e\000m\000e\000n\000t\000a\000t\000i\000o\000n\000\040\000o\000f\000\040\000t\000h\000e\000\040\000F\000o\000r\000m\000a\000l\000\040\000A\000r\000c\000h\000i\000t\000e\000c\000t\000u\000r\000e}{}% 96
\BOOKMARK [1][-]{appendix.A}{\376\377\000F\000o\000r\000m\000a\000l\000i\000z\000a\000t\000i\000o\000n\000\040\000o\000f\000\040\000S\000e\000m\000a\000n\000t\000i\000c\000\040\000C\000o\000m\000p\000r\000e\000s\000s\000i\000o\000n\000\040\000a\000s\000\040\000a\000n\000\040\000O\000p\000t\000i\000m\000i\000z\000a\000t\000i\000o\000n\000\040\000P\000r\000o\000b\000l\000e\000m}{}% 97
\BOOKMARK [1][-]{appendix.B}{\376\377\000R\000a\000t\000e\040\023\000D\000i\000s\000t\000o\000r\000t\000i\000o\000n\000\040\000I\000n\000t\000e\000r\000p\000r\000e\000t\000a\000t\000i\000o\000n\000\040\000w\000i\000t\000h\000\040\000M\000o\000d\000e\000l\000\040\000D\000e\000p\000e\000n\000d\000e\000n\000c\000e}{}% 98
\BOOKMARK [1][-]{appendix.C}{\376\377\000C\000a\000t\000e\000g\000o\000r\000i\000c\000a\000l\000\040\000E\000q\000u\000i\000v\000a\000l\000e\000n\000c\000e\000\040\000u\000p\000\040\000t\000o\000\040\000P\000e\000r\000c\000e\000p\000t\000u\000a\000l\000\040\000I\000s\000o\000m\000o\000r\000p\000h\000i\000s\000m}{}% 99
\BOOKMARK [1][-]{appendix.D}{\376\377\000S\000h\000e\000a\000f\000-\000T\000h\000e\000o\000r\000e\000t\000i\000c\000\040\000C\000o\000n\000s\000t\000r\000u\000c\000t\000i\000o\000n\000\040\000o\000f\000\040\000G\000l\000o\000b\000a\000l\000\040\000D\000e\000s\000c\000r\000i\000p\000t\000i\000o\000n\000s}{}% 100
\BOOKMARK [1][-]{appendix.E}{\376\377\000L\000i\000e\000\040\000G\000r\000o\000u\000p\000\040\000S\000t\000r\000u\000c\000t\000u\000r\000e\000\040\000o\000f\000\040\000T\000r\000a\000n\000s\000f\000o\000r\000m\000a\000t\000i\000o\000n\000s}{}% 101
\BOOKMARK [1][-]{appendix.F}{\376\377\000K\000o\000l\000m\000o\000g\000o\000r\000o\000v\000\040\000C\000o\000m\000p\000l\000e\000x\000i\000t\000y\000\040\000R\000e\000l\000a\000t\000i\000v\000e\000\040\000t\000o\000\040\000a\000\040\000G\000e\000n\000e\000r\000a\000t\000i\000v\000e\000\040\000M\000o\000d\000e\000l}{}% 102
\BOOKMARK [1][-]{appendix.G}{\376\377\000F\000i\000x\000e\000d\000\040\000P\000o\000i\000n\000t\000\040\000a\000n\000d\000\040\000S\000t\000a\000b\000i\000l\000i\000t\000y\000\040\000A\000n\000a\000l\000y\000s\000i\000s}{}% 103
\BOOKMARK [1][-]{appendix.H}{\376\377\000F\000u\000n\000c\000t\000o\000r\000i\000a\000l\000\040\000S\000e\000m\000a\000n\000t\000i\000c\000s\000\040\000o\000f\000\040\000t\000h\000e\000\040\000T\000e\000x\000t\000u\000a\000l\000\040\000L\000a\000n\000g\000u\000a\000g\000e}{}% 104
\BOOKMARK [1][-]{appendix.I}{\376\377\000A\000s\000y\000m\000p\000t\000o\000t\000i\000c\000\040\000U\000n\000i\000v\000e\000r\000s\000a\000l\000i\000t\000y}{}% 105
