This is pdfTeX, Version 3.141592653-2.6-1.40.22 (TeX Live 2022/dev/Debian) (preloaded format=pdflatex 2025.8.11)  13 AUG 2025 09:48
entering extended mode
 restricted \write18 enabled.
 %&-line parsing enabled.
**entropic-smoothing.tex
(./entropic-smoothing.tex
LaTeX2e <2021-11-15> patch level 1
L3 programming layer <2022-01-21>
(/usr/share/texlive/texmf-dist/tex/latex/base/article.cls
Document Class: article 2021/10/04 v1.4n Standard LaTeX document class
(/usr/share/texlive/texmf-dist/tex/latex/base/size11.clo
File: size11.clo 2021/10/04 v1.4n Standard LaTeX file (size option)
)
\c@part=\count185
\c@section=\count186
\c@subsection=\count187
\c@subsubsection=\count188
\c@paragraph=\count189
\c@subparagraph=\count190
\c@figure=\count191
\c@table=\count192
\abovecaptionskip=\skip47
\belowcaptionskip=\skip48
\bibindent=\dimen138
)
(/usr/share/texlive/texmf-dist/tex/latex/amsmath/amsmath.sty
Package: amsmath 2021/10/15 v2.17l AMS math features
\@mathmargin=\skip49

For additional information on amsmath, use the `?' option.
(/usr/share/texlive/texmf-dist/tex/latex/amsmath/amstext.sty
Package: amstext 2021/08/26 v2.01 AMS text

(/usr/share/texlive/texmf-dist/tex/latex/amsmath/amsgen.sty
File: amsgen.sty 1999/11/30 v2.0 generic functions
\@emptytoks=\toks16
\ex@=\dimen139
))
(/usr/share/texlive/texmf-dist/tex/latex/amsmath/amsbsy.sty
Package: amsbsy 1999/11/29 v1.2d Bold Symbols
\pmbraise@=\dimen140
)
(/usr/share/texlive/texmf-dist/tex/latex/amsmath/amsopn.sty
Package: amsopn 2021/08/26 v2.02 operator names
)
\inf@bad=\count193
LaTeX Info: Redefining \frac on input line 234.
\uproot@=\count194
\leftroot@=\count195
LaTeX Info: Redefining \overline on input line 399.
\classnum@=\count196
\DOTSCASE@=\count197
LaTeX Info: Redefining \ldots on input line 496.
LaTeX Info: Redefining \dots on input line 499.
LaTeX Info: Redefining \cdots on input line 620.
\Mathstrutbox@=\box50
\strutbox@=\box51
\big@size=\dimen141
LaTeX Font Info:    Redeclaring font encoding OML on input line 743.
LaTeX Font Info:    Redeclaring font encoding OMS on input line 744.
\macc@depth=\count198
\c@MaxMatrixCols=\count199
\dotsspace@=\muskip16
\c@parentequation=\count266
\dspbrk@lvl=\count267
\tag@help=\toks17
\row@=\count268
\column@=\count269
\maxfields@=\count270
\andhelp@=\toks18
\eqnshift@=\dimen142
\alignsep@=\dimen143
\tagshift@=\dimen144
\tagwidth@=\dimen145
\totwidth@=\dimen146
\lineht@=\dimen147
\@envbody=\toks19
\multlinegap=\skip50
\multlinetaggap=\skip51
\mathdisplay@stack=\toks20
LaTeX Info: Redefining \[ on input line 2938.
LaTeX Info: Redefining \] on input line 2939.
)
(/usr/share/texlive/texmf-dist/tex/latex/amsfonts/amssymb.sty
Package: amssymb 2013/01/14 v3.01 AMS font symbols

(/usr/share/texlive/texmf-dist/tex/latex/amsfonts/amsfonts.sty
Package: amsfonts 2013/01/14 v3.01 Basic AMSFonts support
\symAMSa=\mathgroup4
\symAMSb=\mathgroup5
LaTeX Font Info:    Redeclaring math symbol \hbar on input line 98.
LaTeX Font Info:    Overwriting math alphabet `\mathfrak' in version `bold'
(Font)                  U/euf/m/n --> U/euf/b/n on input line 106.
))
(/usr/share/texlive/texmf-dist/tex/latex/amscls/amsthm.sty
Package: amsthm 2020/05/29 v2.20.6
\thm@style=\toks21
\thm@bodyfont=\toks22
\thm@headfont=\toks23
\thm@notefont=\toks24
\thm@headpunct=\toks25
\thm@preskip=\skip52
\thm@postskip=\skip53
\thm@headsep=\skip54
\dth@everypar=\toks26
)
(/usr/share/texlive/texmf-dist/tex/latex/geometry/geometry.sty
Package: geometry 2020/01/02 v5.9 Page Geometry

(/usr/share/texlive/texmf-dist/tex/latex/graphics/keyval.sty
Package: keyval 2014/10/28 v1.15 key=value parser (DPC)
\KV@toks@=\toks27
)
(/usr/share/texlive/texmf-dist/tex/generic/iftex/ifvtex.sty
Package: ifvtex 2019/10/25 v1.7 ifvtex legacy package. Use iftex instead.

(/usr/share/texlive/texmf-dist/tex/generic/iftex/iftex.sty
Package: iftex 2020/03/06 v1.0d TeX engine tests
))
\Gm@cnth=\count271
\Gm@cntv=\count272
\c@Gm@tempcnt=\count273
\Gm@bindingoffset=\dimen148
\Gm@wd@mp=\dimen149
\Gm@odd@mp=\dimen150
\Gm@even@mp=\dimen151
\Gm@layoutwidth=\dimen152
\Gm@layoutheight=\dimen153
\Gm@layouthoffset=\dimen154
\Gm@layoutvoffset=\dimen155
\Gm@dimlist=\toks28
)
(/usr/share/texlive/texmf-dist/tex/latex/natbib/natbib.sty
Package: natbib 2010/09/13 8.31b (PWD, AO)
\bibhang=\skip55
\bibsep=\skip56
LaTeX Info: Redefining \cite on input line 694.
\c@NAT@ctr=\count274
)
(/usr/share/texlive/texmf-dist/tex/latex/hyperref/hyperref.sty
Package: hyperref 2021-06-07 v7.00m Hypertext links for LaTeX

(/usr/share/texlive/texmf-dist/tex/generic/ltxcmds/ltxcmds.sty
Package: ltxcmds 2020-05-10 v1.25 LaTeX kernel commands for general use (HO)
)
(/usr/share/texlive/texmf-dist/tex/generic/pdftexcmds/pdftexcmds.sty
Package: pdftexcmds 2020-06-27 v0.33 Utility functions of pdfTeX for LuaTeX (HO
)

(/usr/share/texlive/texmf-dist/tex/generic/infwarerr/infwarerr.sty
Package: infwarerr 2019/12/03 v1.5 Providing info/warning/error messages (HO)
)
Package pdftexcmds Info: \pdf@primitive is available.
Package pdftexcmds Info: \pdf@ifprimitive is available.
Package pdftexcmds Info: \pdfdraftmode found.
)
(/usr/share/texlive/texmf-dist/tex/generic/kvsetkeys/kvsetkeys.sty
Package: kvsetkeys 2019/12/15 v1.18 Key value parser (HO)
)
(/usr/share/texlive/texmf-dist/tex/generic/kvdefinekeys/kvdefinekeys.sty
Package: kvdefinekeys 2019-12-19 v1.6 Define keys (HO)
)
(/usr/share/texlive/texmf-dist/tex/generic/pdfescape/pdfescape.sty
Package: pdfescape 2019/12/09 v1.15 Implements pdfTeX's escape features (HO)
)
(/usr/share/texlive/texmf-dist/tex/latex/hycolor/hycolor.sty
Package: hycolor 2020-01-27 v1.10 Color options for hyperref/bookmark (HO)
)
(/usr/share/texlive/texmf-dist/tex/latex/letltxmacro/letltxmacro.sty
Package: letltxmacro 2019/12/03 v1.6 Let assignment for LaTeX macros (HO)
)
(/usr/share/texlive/texmf-dist/tex/latex/auxhook/auxhook.sty
Package: auxhook 2019-12-17 v1.6 Hooks for auxiliary files (HO)
)
(/usr/share/texlive/texmf-dist/tex/latex/kvoptions/kvoptions.sty
Package: kvoptions 2020-10-07 v3.14 Key value format for package options (HO)
)
\@linkdim=\dimen156
\Hy@linkcounter=\count275
\Hy@pagecounter=\count276

(/usr/share/texlive/texmf-dist/tex/latex/hyperref/pd1enc.def
File: pd1enc.def 2021-06-07 v7.00m Hyperref: PDFDocEncoding definition (HO)
Now handling font encoding PD1 ...
... no UTF-8 mapping file for font encoding PD1
)
(/usr/share/texlive/texmf-dist/tex/latex/hyperref/hyperref-langpatches.def
File: hyperref-langpatches.def 2021-06-07 v7.00m Hyperref: patches for babel la
nguages
)
(/usr/share/texlive/texmf-dist/tex/generic/intcalc/intcalc.sty
Package: intcalc 2019/12/15 v1.3 Expandable calculations with integers (HO)
)
(/usr/share/texlive/texmf-dist/tex/generic/etexcmds/etexcmds.sty
Package: etexcmds 2019/12/15 v1.7 Avoid name clashes with e-TeX commands (HO)
)
\Hy@SavedSpaceFactor=\count277

(/usr/share/texlive/texmf-dist/tex/latex/hyperref/puenc.def
File: puenc.def 2021-06-07 v7.00m Hyperref: PDF Unicode definition (HO)
Now handling font encoding PU ...
... no UTF-8 mapping file for font encoding PU
)
Package hyperref Info: Hyper figures OFF on input line 4192.
Package hyperref Info: Link nesting OFF on input line 4197.
Package hyperref Info: Hyper index ON on input line 4200.
Package hyperref Info: Plain pages OFF on input line 4207.
Package hyperref Info: Backreferencing OFF on input line 4212.
Package hyperref Info: Implicit mode ON; LaTeX internals redefined.
Package hyperref Info: Bookmarks ON on input line 4445.
\c@Hy@tempcnt=\count278

(/usr/share/texlive/texmf-dist/tex/latex/url/url.sty
\Urlmuskip=\muskip17
Package: url 2013/09/16  ver 3.4  Verb mode for urls, etc.
)
LaTeX Info: Redefining \url on input line 4804.
\XeTeXLinkMargin=\dimen157

(/usr/share/texlive/texmf-dist/tex/generic/bitset/bitset.sty
Package: bitset 2019/12/09 v1.3 Handle bit-vector datatype (HO)

(/usr/share/texlive/texmf-dist/tex/generic/bigintcalc/bigintcalc.sty
Package: bigintcalc 2019/12/15 v1.5 Expandable calculations on big integers (HO
)
))
\Fld@menulength=\count279
\Field@Width=\dimen158
\Fld@charsize=\dimen159
Package hyperref Info: Hyper figures OFF on input line 6076.
Package hyperref Info: Link nesting OFF on input line 6081.
Package hyperref Info: Hyper index ON on input line 6084.
Package hyperref Info: backreferencing OFF on input line 6091.
Package hyperref Info: Link coloring OFF on input line 6096.
Package hyperref Info: Link coloring with OCG OFF on input line 6101.
Package hyperref Info: PDF/A mode OFF on input line 6106.
LaTeX Info: Redefining \ref on input line 6146.
LaTeX Info: Redefining \pageref on input line 6150.

(/usr/share/texlive/texmf-dist/tex/latex/base/atbegshi-ltx.sty
Package: atbegshi-ltx 2021/01/10 v1.0c Emulation of the original atbegshi
package with kernel methods
)
\Hy@abspage=\count280
\c@Item=\count281
\c@Hfootnote=\count282
)
Package hyperref Info: Driver (autodetected): hpdftex.

(/usr/share/texlive/texmf-dist/tex/latex/hyperref/hpdftex.def
File: hpdftex.def 2021-06-07 v7.00m Hyperref driver for pdfTeX

(/usr/share/texlive/texmf-dist/tex/latex/base/atveryend-ltx.sty
Package: atveryend-ltx 2020/08/19 v1.0a Emulation of the original atveryend pac
kage
with kernel methods
)
\Fld@listcount=\count283
\c@bookmark@seq@number=\count284

(/usr/share/texlive/texmf-dist/tex/latex/rerunfilecheck/rerunfilecheck.sty
Package: rerunfilecheck 2019/12/05 v1.9 Rerun checks for auxiliary files (HO)

(/usr/share/texlive/texmf-dist/tex/generic/uniquecounter/uniquecounter.sty
Package: uniquecounter 2019/12/15 v1.4 Provide unlimited unique counter (HO)
)
Package uniquecounter Info: New unique counter `rerunfilecheck' on input line 2
86.
)
\Hy@SectionHShift=\skip57
)
(/usr/share/texlive/texmf-dist/tex/latex/tocloft/tocloft.sty
Package: tocloft 2017/08/31 v2.3i parameterised ToC, etc., typesetting
Package tocloft Info: The document has section divisions on input line 51.
\cftparskip=\skip58
\cftbeforetoctitleskip=\skip59
\cftaftertoctitleskip=\skip60
\cftbeforepartskip=\skip61
\cftpartnumwidth=\skip62
\cftpartindent=\skip63
\cftbeforesecskip=\skip64
\cftsecindent=\skip65
\cftsecnumwidth=\skip66
\cftbeforesubsecskip=\skip67
\cftsubsecindent=\skip68
\cftsubsecnumwidth=\skip69
\cftbeforesubsubsecskip=\skip70
\cftsubsubsecindent=\skip71
\cftsubsubsecnumwidth=\skip72
\cftbeforeparaskip=\skip73
\cftparaindent=\skip74
\cftparanumwidth=\skip75
\cftbeforesubparaskip=\skip76
\cftsubparaindent=\skip77
\cftsubparanumwidth=\skip78
\cftbeforeloftitleskip=\skip79
\cftafterloftitleskip=\skip80
\cftbeforefigskip=\skip81
\cftfigindent=\skip82
\cftfignumwidth=\skip83
\c@lofdepth=\count285
\c@lotdepth=\count286
\cftbeforelottitleskip=\skip84
\cftafterlottitleskip=\skip85
\cftbeforetabskip=\skip86
\cfttabindent=\skip87
\cfttabnumwidth=\skip88
)
(/usr/share/texlive/texmf-dist/tex/latex/enumitem/enumitem.sty
Package: enumitem 2019/06/20 v3.9 Customized lists
\labelindent=\skip89
\enit@outerparindent=\dimen160
\enit@toks=\toks29
\enit@inbox=\box52
\enit@count@id=\count287
\enitdp@description=\count288
)
(/usr/share/texlive/texmf-dist/tex/latex/preprint/authblk.sty
Package: authblk 2001/02/27 1.3 (PWD)
\affilsep=\skip90
\@affilsep=\skip91
\c@Maxaffil=\count289
\c@authors=\count290
\c@affil=\count291
)
\c@theorem=\count292
\c@lemma=\count293
\c@proposition=\count294
\c@corollary=\count295
\c@definition=\count296
\c@example=\count297

(/usr/share/texlive/texmf-dist/tex/latex/l3backend/l3backend-pdftex.def
File: l3backend-pdftex.def 2022-01-12 L3 backend support: PDF output (pdfTeX)
\l__color_backend_stack_int=\count298
\l__pdf_internal_box=\box53
)
No file entropic-smoothing.aux.
\openout1 = `entropic-smoothing.aux'.

LaTeX Font Info:    Checking defaults for OML/cmm/m/it on input line 28.
LaTeX Font Info:    ... okay on input line 28.
LaTeX Font Info:    Checking defaults for OMS/cmsy/m/n on input line 28.
LaTeX Font Info:    ... okay on input line 28.
LaTeX Font Info:    Checking defaults for OT1/cmr/m/n on input line 28.
LaTeX Font Info:    ... okay on input line 28.
LaTeX Font Info:    Checking defaults for T1/cmr/m/n on input line 28.
LaTeX Font Info:    ... okay on input line 28.
LaTeX Font Info:    Checking defaults for TS1/cmr/m/n on input line 28.
LaTeX Font Info:    ... okay on input line 28.
LaTeX Font Info:    Checking defaults for OMX/cmex/m/n on input line 28.
LaTeX Font Info:    ... okay on input line 28.
LaTeX Font Info:    Checking defaults for U/cmr/m/n on input line 28.
LaTeX Font Info:    ... okay on input line 28.
LaTeX Font Info:    Checking defaults for PD1/pdf/m/n on input line 28.
LaTeX Font Info:    ... okay on input line 28.
LaTeX Font Info:    Checking defaults for PU/pdf/m/n on input line 28.
LaTeX Font Info:    ... okay on input line 28.
*geometry* driver: auto-detecting
*geometry* detected driver: pdftex
*geometry* verbose mode - [ preamble ] result:
* driver: pdftex
* paper: a4paper
* layout: <same size as paper>
* layoutoffset:(h,v)=(0.0pt,0.0pt)
* modes: 
* h-part:(L,W,R)=(72.26999pt, 452.9679pt, 72.26999pt)
* v-part:(T,H,B)=(72.26999pt, 700.50687pt, 72.26999pt)
* \paperwidth=597.50787pt
* \paperheight=845.04684pt
* \textwidth=452.9679pt
* \textheight=700.50687pt
* \oddsidemargin=0.0pt
* \evensidemargin=0.0pt
* \topmargin=-37.0pt
* \headheight=12.0pt
* \headsep=25.0pt
* \topskip=11.0pt
* \footskip=30.0pt
* \marginparwidth=59.0pt
* \marginparsep=10.0pt
* \columnsep=10.0pt
* \skip\footins=10.0pt plus 4.0pt minus 2.0pt
* \hoffset=0.0pt
* \voffset=0.0pt
* \mag=1000
* \@twocolumnfalse
* \@twosidefalse
* \@mparswitchfalse
* \@reversemarginfalse
* (1in=72.27pt=25.4mm, 1cm=28.453pt)

Package hyperref Info: Link coloring OFF on input line 28.
(/usr/share/texlive/texmf-dist/tex/latex/hyperref/nameref.sty
Package: nameref 2021-04-02 v2.47 Cross-referencing by name of section

(/usr/share/texlive/texmf-dist/tex/latex/refcount/refcount.sty
Package: refcount 2019/12/15 v3.6 Data extraction from label references (HO)
)
(/usr/share/texlive/texmf-dist/tex/generic/gettitlestring/gettitlestring.sty
Package: gettitlestring 2019/12/15 v1.6 Cleanup title references (HO)
)
\c@section@level=\count299
)
LaTeX Info: Redefining \ref on input line 28.
LaTeX Info: Redefining \pageref on input line 28.
LaTeX Info: Redefining \nameref on input line 28.
\@outlinefile=\write3
\openout3 = `entropic-smoothing.out'.

LaTeX Font Info:    Trying to load font information for U+msa on input line 33.


(/usr/share/texlive/texmf-dist/tex/latex/amsfonts/umsa.fd
File: umsa.fd 2013/01/14 v3.01 AMS symbols A
)
LaTeX Font Info:    Trying to load font information for U+msb on input line 33.


(/usr/share/texlive/texmf-dist/tex/latex/amsfonts/umsb.fd
File: umsb.fd 2013/01/14 v3.01 AMS symbols B
)
\tf@toc=\write4
\openout4 = `entropic-smoothing.toc'.

 [1

{/var/lib/texmf/fonts/map/pdftex/updmap/pdftex.map}]
Overfull \hbox (3.3102pt too wide) in paragraph at lines 48--49
[]\OT1/cmr/m/n/10.95 Field dy-nam-ics mod-els the uni-verse in terms of phys-i-
cal fields|scalar, vec-tor, ten-sor|defined
 []


Overfull \hbox (8.3217pt too wide) in paragraph at lines 52--53
\OT1/cmr/m/n/10.95 Rel-a-tivis-tic Scalar{Vector Plenum (RSVP)|projects onto Ba
r-bour's re-la-tional frame-work. RSVP
 []

[2] [3] [4] [5]
! Undefined control sequence.
<recently read> \mathscr 
                         
l.168 The structure sheaf $\mathscr
                                   {O}_C$ assigns to each open set $U \subse...

? 
! Undefined control sequence.
<recently read> \mathscr 
                         
l.184 $\mathscr
               {F} \in \mathbf{Sh}(C)$.
? 
! Undefined control sequence.
<recently read> \mathscr 
                         
l.186 For each open set $U \subset C$, $\mathscr
                                                {F}(U)$ is the set of all tr...

? 
[6]
! Undefined control sequence.
<recently read> \mathscr 
                         
l.194 The stalk $\mathscr
                         {F}_q$ over $q$ recovers the fiber $F_q$.
? 
! Undefined control sequence.
<recently read> \mathscr 
                         
l.196 ... gradient flow $\mathcal{D}$ on $\mathscr
                                                  {F}$:
? 
! Undefined control sequence.
l.198 $\mathcal{D} : \mathscr
                             {F} \to \mathscr{F}$.
? 
! Undefined control sequence.
l.198 $\mathcal{D} : \mathscr{F} \to \mathscr
                                             {F}$.
? 
! Undefined control sequence.
l.200 For a given section $s \in \mathscr
                                         {F}(U)$, $\mathcal{D}(s)$ is obtain...

? 
! Undefined control sequence.
<argument> \mathscr 
                    {F}
l.222 If $\widetilde{\mathscr{F}}
                                 $ is the √©tal√© space of $\mathscr{F}$, th...

? 
! Undefined control sequence.
<argument> \mathscr 
                    {F}
l.222 If $\widetilde{\mathscr{F}}
                                 $ is the √©tal√© space of $\mathscr{F}$, th...

? 
! Undefined control sequence.
<recently read> \mathscr 
                         
l.222 ...cr{F}}$ is the √©tal√© space of $\mathscr
                                                  {F}$, then a trajectory in...

? 
! Undefined control sequence.
<argument> \mathscr 
                    {F}
l.222 ... a trajectory in $\widetilde{\mathscr{F}}
                                                  $ under repeated $\mathcal...

? 
! Undefined control sequence.
<argument> \mathscr 
                    {F}
l.222 ... a trajectory in $\widetilde{\mathscr{F}}
                                                  $ under repeated $\mathcal...

? 
! Undefined control sequence.
<recently read> \mathscr 
                         
l.249 The structure sheaf $\mathscr
                                   {O}_C$ assigns to each open set $U \subse...

? 
[7]
! Undefined control sequence.
<recently read> \mathscr 
                         
l.265 $\mathscr
               {F} \in \mathbf{Sh}(C)$.
? 
! Undefined control sequence.
<recently read> \mathscr 
                         
l.267 For each open set $U \subset C$, $\mathscr
                                                {F}(U)$ is the set of all tr...

? 
! Undefined control sequence.
<recently read> \mathscr 
                         
l.275 The stalk $\mathscr
                         {F}_q$ over $q$ recovers the fiber $F_q$.
? 
! Undefined control sequence.
<recently read> \mathscr 
                         
l.277 ... gradient flow $\mathcal{D}$ on $\mathscr
                                                  {F}$:
? 
! Undefined control sequence.
l.279 $\mathcal{D} : \mathscr
                             {F} \to \mathscr{F}$.
? 
! Undefined control sequence.
l.279 $\mathcal{D} : \mathscr{F} \to \mathscr
                                             {F}$.
? 
! Undefined control sequence.
l.281 For a given section $s \in \mathscr
                                         {F}(U)$, $\mathcal{D}(s)$ is obtain...

? 
! Undefined control sequence.
<argument> \mathscr 
                    {F}
l.303 If $\widetilde{\mathscr{F}}
                                 $ is the √©tal√© space of $\mathscr{F}$, th...

? 
! Undefined control sequence.
<argument> \mathscr 
                    {F}
l.303 If $\widetilde{\mathscr{F}}
                                 $ is the √©tal√© space of $\mathscr{F}$, th...

? 
! Undefined control sequence.
<recently read> \mathscr 
                         
l.303 ...cr{F}}$ is the √©tal√© space of $\mathscr
                                                  {F}$, then a trajectory in...

? 
! Undefined control sequence.
<argument> \mathscr 
                    {F}
l.303 ... a trajectory in $\widetilde{\mathscr{F}}
                                                  $ under repeated $\mathcal...

? 
! Undefined control sequence.
<argument> \mathscr 
                    {F}
l.303 ... a trajectory in $\widetilde{\mathscr{F}}
                                                  $ under repeated $\mathcal...

? 
[8]
! Undefined control sequence.
l.336 $\mathcal{D}: \mathscr
                            {F} \to \mathscr{F}$,
? 
! Undefined control sequence.
l.336 $\mathcal{D}: \mathscr{F} \to \mathscr
                                            {F}$,
? 

Overfull \hbox (12.63797pt too wide) in paragraph at lines 354--355
[]\OT1/cmr/m/n/10.95 1. Field-first view-point | time's ar-row arises from en-t
ropic smooth-ing in the full field{geometry
 []

[9]
! Undefined control sequence.
<argument> \mathscr 
                    {F}
l.368 ...©-space picture, $\widetilde{\mathscr{F}}
                                                  $ is the disjoint union of...

? 
! Undefined control sequence.
<argument> \mathscr 
                    {F}
l.368 ...©-space picture, $\widetilde{\mathscr{F}}
                                                  $ is the disjoint union of...

? 
! Undefined control sequence.
<argument> \mathscr 
                    {F}
l.368 ...on traced out in $\widetilde{\mathscr{F}}
                                                  $ under the iterated actio...

? 
! Undefined control sequence.
<argument> \mathscr 
                    {F}
l.368 ...on traced out in $\widetilde{\mathscr{F}}
                                                  $ under the iterated actio...

? 
! Undefined control sequence.
l.382 $\mathcal{D}: \mathscr
                            {F} \to \mathscr{F}$,
? 
! Undefined control sequence.
l.382 $\mathcal{D}: \mathscr{F} \to \mathscr
                                            {F}$,
? 

Overfull \hbox (12.63797pt too wide) in paragraph at lines 400--401
[]\OT1/cmr/m/n/10.95 1. Field-first view-point | time's ar-row arises from en-t
ropic smooth-ing in the full field{geometry
 []

[10]
! Undefined control sequence.
<argument> \mathscr 
                    {F}
l.414 ...©-space picture, $\widetilde{\mathscr{F}}
                                                  $ is the disjoint union of...

? 
! Undefined control sequence.
<argument> \mathscr 
                    {F}
l.414 ...©-space picture, $\widetilde{\mathscr{F}}
                                                  $ is the disjoint union of...

? 
! Undefined control sequence.
<argument> \mathscr 
                    {F}
l.414 ...on traced out in $\widetilde{\mathscr{F}}
                                                  $ under the iterated actio...

? 
! Undefined control sequence.
<argument> \mathscr 
                    {F}
l.414 ...on traced out in $\widetilde{\mathscr{F}}
                                                  $ under the iterated actio...

? 

Overfull \hbox (25.48393pt too wide) in paragraph at lines 436--437
[]\OT1/cmr/m/n/10.95 This dis-tinc-tion par-al-lels the re-la-tion-ship be-twee
n a bare space-time man-i-fold and the stress{energy
 []

[11]
Overfull \hbox (25.48393pt too wide) in paragraph at lines 471--472
[]\OT1/cmr/m/n/10.95 This dis-tinc-tion par-al-lels the re-la-tion-ship be-twee
n a bare space-time man-i-fold and the stress{energy
 []

[12] [13] [14]
Overfull \hbox (5.27998pt too wide) in paragraph at lines 617--618
\OT1/cmr/m/n/10.95 Maxim en-vi-sions quan-tized Ring-world zones, where fields 
be-come op-er-a-tor ex-pec-ta-tions. Stochas-
 []

[15]
No file entropic-smoothing.bbl.
[16] (./entropic-smoothing.aux)

Package rerunfilecheck Warning: File `entropic-smoothing.out' has changed.
(rerunfilecheck)                Rerun to get outlines right
(rerunfilecheck)                or use package `bookmark'.

Package rerunfilecheck Info: Checksums for `entropic-smoothing.out':
(rerunfilecheck)             Before: <no file>
(rerunfilecheck)             After:  4E95BC750543FF5A0664818CAD61AC68;4726.
 ) 
Here is how much of TeX's memory you used:
 10185 strings out of 478287
 156415 string characters out of 5849289
 461894 words of memory out of 5000000
 28234 multiletter control sequences out of 15000+600000
 478698 words of font info for 64 fonts, out of 8000000 for 9000
 1141 hyphenation exceptions out of 8191
 60i,9n,63p,1643b,327s stack positions out of 5000i,500n,10000p,200000b,80000s
</usr/share/texlive/texmf-dist/fonts/type1/public/amsfonts/cm/cmbx10.pfb></us
r/share/texlive/texmf-dist/fonts/type1/public/amsfonts/cm/cmbx12.pfb></usr/shar
e/texlive/texmf-dist/fonts/type1/public/amsfonts/cm/cmbx8.pfb></usr/share/texli
ve/texmf-dist/fonts/type1/public/amsfonts/cm/cmex10.pfb></usr/share/texlive/tex
mf-dist/fonts/type1/public/amsfonts/cm/cmmi10.pfb></usr/share/texlive/texmf-dis
t/fonts/type1/public/amsfonts/cm/cmmi6.pfb></usr/share/texlive/texmf-dist/fonts
/type1/public/amsfonts/cm/cmmi8.pfb></usr/share/texlive/texmf-dist/fonts/type1/
public/amsfonts/cm/cmr10.pfb></usr/share/texlive/texmf-dist/fonts/type1/public/
amsfonts/cm/cmr12.pfb></usr/share/texlive/texmf-dist/fonts/type1/public/amsfont
s/cm/cmr17.pfb></usr/share/texlive/texmf-dist/fonts/type1/public/amsfonts/cm/cm
r8.pfb></usr/share/texlive/texmf-dist/fonts/type1/public/amsfonts/cm/cmsy10.pfb
></usr/share/texlive/texmf-dist/fonts/type1/public/amsfonts/cm/cmsy7.pfb></usr/
share/texlive/texmf-dist/fonts/type1/public/amsfonts/cm/cmsy8.pfb></usr/share/t
exlive/texmf-dist/fonts/type1/public/amsfonts/cm/cmti10.pfb>
Output written on entropic-smoothing.pdf (16 pages, 229776 bytes).
PDF statistics:
 189 PDF objects out of 1000 (max. 8388607)
 139 compressed objects within 2 object streams
 44 named destinations out of 1000 (max. 500000)
 1 words of extra memory for PDF output out of 10000 (max. 10000000)

