This is LuaHBTeX, Version 1.14.0 (TeX Live 2022/dev/Debian)  (format=lualatex 2025.8.11)  30 AUG 2025 19:33
 restricted system commands enabled.
**monograph.tex
(./monograph.tex
LaTeX2e <2021-11-15> patch level 1
Lua module: luaotfload 2021-05-21 3.18 Lua based OpenType font support
Lua module: lualibs 2021-05-20 2.74 ConTeXt Lua standard libraries.
Lua module: lualibs-extended 2021-05-20 2.74 ConTeXt Lua libraries -- extended c
ollection.
luaotfload | conf : Root cache directory is "/home/bonobo/.texlive2021/texmf-var
/luatex-cache/generic/names".
luaotfload | init : Loading fontloader "fontloader-2021-05-20.lua" from kpse-res
olved path "/usr/share/texlive/texmf-dist/tex/luatex/luaotfload/fontloader-2021-
05-20.lua".
Lua-only attribute luaotfload@noligature = 1
Lua-only attribute luaotfload@syllabe = 2
luaotfload | init : Context OpenType loader version 3.116
Inserting `luaotfload.node_processor' at position 1 in `pre_linebreak_filter'.
Inserting `luaotfload.node_processor' at position 1 in `hpack_filter'.
Inserting `luaotfload.glyph_stream' at position 1 in `glyph_stream_provider'.
Inserting `luaotfload.define_font' at position 1 in `define_font'.
Lua-only attribute luaotfload_color_attribute = 3
luaotfload | conf : Root cache directory is "/home/bonobo/.texlive2021/texmf-var
/luatex-cache/generic/names".
Inserting `luaotfload.harf.strip_prefix' at position 1 in `find_opentype_file'.
Inserting `luaotfload.harf.strip_prefix' at position 1 in `find_truetype_file'.
Inserting `luaotfload.harf.finalize_vlist' at position 1 in `post_linebreak_filt
er'.
Inserting `luaotfload.harf.finalize_hlist' at position 2 in `hpack_filter'.
Inserting `luaotfload.cleanup_files' at position 1 in `wrapup_run'.
Inserting `luaotfload.harf.finalize_unicode' at position 1 in `finish_pdffile'.
Inserting `luaotfload.glyphinfo' at position 1 in `glyph_info'.
Lua-only attribute luaotfload.letterspace_done = 4
Inserting `luaotfload.aux.set_sscale_dimens' at position 1 in `luaotfload.patch_
font'.
Inserting `luaotfload.aux.set_font_index' at position 2 in `luaotfload.patch_fon
t'.
Inserting `luaotfload.aux.patch_cambria_domh' at position 3 in `luaotfload.patch
_font'.
Inserting `luaotfload.aux.fixup_fontdata' at position 1 in `luaotfload.patch_fon
t_unsafe'.
Inserting `luaotfload.aux.set_capheight' at position 4 in `luaotfload.patch_font
'.
Inserting `luaotfload.aux.set_xheight' at position 5 in `luaotfload.patch_font'.
Inserting `luaotfload.rewrite_fontname' at position 6 in `luaotfload.patch_font'
. L3 programming layer <2022-01-21>
Inserting `tracingstacklevels' at position 1 in `input_level_string'.
(/usr/share/texlive/texmf-dist/tex/latex/base/book.cls
Document Class: book 2021/10/04 v1.4n Standard LaTeX document class
(/usr/share/texlive/texmf-dist/tex/latex/base/bk10.clo
File: bk10.clo 2021/10/04 v1.4n Standard LaTeX file (size option)
luaotfload | db : Font names database loaded from /home/bonobo/.texlive2021/texm
f-var/luatex-cache/generic/names/luaotfload-names.luc)
\c@part=\count183
\c@chapter=\count184
\c@section=\count185
\c@subsection=\count186
\c@subsubsection=\count187
\c@paragraph=\count188
\c@subparagraph=\count189
\c@figure=\count190
\c@table=\count191
\abovecaptionskip=\skip47
\belowcaptionskip=\skip48
\bibindent=\dimen137
)
(/usr/share/texlive/texmf-dist/tex/latex/base/fontenc.sty
Package: fontenc 2021/04/29 v2.0v Standard LaTeX package
LaTeX Font Info:    Trying to load font information for T1+lmr on input line 11
2.

(/usr/share/texmf/tex/latex/lm/t1lmr.fd
File: t1lmr.fd 2009/10/30 v1.6 Font defs for Latin Modern
))
(/usr/share/texmf/tex/latex/lm/lmodern.sty
Package: lmodern 2009/10/30 v1.6 Latin Modern Fonts
LaTeX Font Info:    Overwriting symbol font `operators' in version `normal'
(Font)                  OT1/cmr/m/n --> OT1/lmr/m/n on input line 22.
LaTeX Font Info:    Overwriting symbol font `letters' in version `normal'
(Font)                  OML/cmm/m/it --> OML/lmm/m/it on input line 23.
LaTeX Font Info:    Overwriting symbol font `symbols' in version `normal'
(Font)                  OMS/cmsy/m/n --> OMS/lmsy/m/n on input line 24.
LaTeX Font Info:    Overwriting symbol font `largesymbols' in version `normal'
(Font)                  OMX/cmex/m/n --> OMX/lmex/m/n on input line 25.
LaTeX Font Info:    Overwriting symbol font `operators' in version `bold'
(Font)                  OT1/cmr/bx/n --> OT1/lmr/bx/n on input line 26.
LaTeX Font Info:    Overwriting symbol font `letters' in version `bold'
(Font)                  OML/cmm/b/it --> OML/lmm/b/it on input line 27.
LaTeX Font Info:    Overwriting symbol font `symbols' in version `bold'
(Font)                  OMS/cmsy/b/n --> OMS/lmsy/b/n on input line 28.
LaTeX Font Info:    Overwriting symbol font `largesymbols' in version `bold'
(Font)                  OMX/cmex/m/n --> OMX/lmex/m/n on input line 29.
LaTeX Font Info:    Overwriting math alphabet `\mathbf' in version `normal'
(Font)                  OT1/cmr/bx/n --> OT1/lmr/bx/n on input line 31.
LaTeX Font Info:    Overwriting math alphabet `\mathsf' in version `normal'
(Font)                  OT1/cmss/m/n --> OT1/lmss/m/n on input line 32.
LaTeX Font Info:    Overwriting math alphabet `\mathit' in version `normal'
(Font)                  OT1/cmr/m/it --> OT1/lmr/m/it on input line 33.
LaTeX Font Info:    Overwriting math alphabet `\mathtt' in version `normal'
(Font)                  OT1/cmtt/m/n --> OT1/lmtt/m/n on input line 34.
LaTeX Font Info:    Overwriting math alphabet `\mathbf' in version `bold'
(Font)                  OT1/cmr/bx/n --> OT1/lmr/bx/n on input line 35.
LaTeX Font Info:    Overwriting math alphabet `\mathsf' in version `bold'
(Font)                  OT1/cmss/bx/n --> OT1/lmss/bx/n on input line 36.
LaTeX Font Info:    Overwriting math alphabet `\mathit' in version `bold'
(Font)                  OT1/cmr/bx/it --> OT1/lmr/bx/it on input line 37.
LaTeX Font Info:    Overwriting math alphabet `\mathtt' in version `bold'
(Font)                  OT1/cmtt/m/n --> OT1/lmtt/m/n on input line 38.
)
(/usr/share/texlive/texmf-dist/tex/latex/microtype/microtype.sty
Package: microtype 2021/12/10 v3.0b Micro-typographical refinements (RS)

(/usr/share/texlive/texmf-dist/tex/latex/graphics/keyval.sty
Package: keyval 2014/10/28 v1.15 key=value parser (DPC)
\KV@toks@=\toks16
)
(/usr/share/texlive/texmf-dist/tex/latex/etoolbox/etoolbox.sty
Package: etoolbox 2020/10/05 v2.5k e-TeX tools for LaTeX (JAW)
\etb@tempcnta=\count192
)
\MT@toks=\toks17
\MT@count=\count193
\MT@tempbox=\box50
LaTeX Info: Redefining \leftprotrusion on input line 1010.
LaTeX Info: Redefining \rightprotrusion on input line 1018.
LaTeX Info: Redefining \textls on input line 1173.
\MT@outer@kern=\dimen138
LaTeX Info: Redefining \textmicrotypecontext on input line 1759.
\MT@listname@count=\count194

(/usr/share/texlive/texmf-dist/tex/latex/microtype/microtype-luatex.def
File: microtype-luatex.def 2021/12/10 v3.0b Definitions specific to luatex (RS)

Lua module: microtype 2021/12/10 3.0b microtype module.
Module microtype Info: overwriting function `keepligature' on input line 63
LaTeX Info: Redefining \lsstyle on input line 685.
LaTeX Info: Redefining \lslig on input line 685.
\MT@outer@space=\skip49
)
Package microtype Info: Loading configuration file microtype.cfg.

(/usr/share/texlive/texmf-dist/tex/latex/microtype/microtype.cfg
File: microtype.cfg 2021/12/10 v3.0b microtype main configuration file (RS)
))
(/usr/share/texlive/texmf-dist/tex/latex/csquotes/csquotes.sty
Package: csquotes 2021-02-22 v5.2l context-sensitive quotations (JAW)
\csq@reset=\count195
\csq@gtype=\count196
\csq@glevel=\count197
\csq@qlevel=\count198
\csq@maxlvl=\count199
\csq@tshold=\count266
\csq@ltx@everypar=\toks18

(/usr/share/texlive/texmf-dist/tex/latex/csquotes/csquotes.def
File: csquotes.def 2021-02-22 v5.2l csquotes generic definitions (JAW)
)
Package csquotes Info: Trying to load configuration file 'csquotes.cfg'...
Package csquotes Info: ... configuration file loaded successfully.

(/usr/share/texlive/texmf-dist/tex/latex/csquotes/csquotes.cfg
File: csquotes.cfg 
))
(/usr/share/texlive/texmf-dist/tex/latex/siunitx/siunitx.sty
Package: siunitx 2022-02-02 v3.0.46 A comprehensive (SI) units package
\l__siunitx_angle_tmp_dim=\dimen139
\l__siunitx_angle_marker_box=\box51
\l__siunitx_angle_unit_box=\box52
\l__siunitx_compound_count_int=\count267

(/usr/share/texlive/texmf-dist/tex/latex/translations/translations.sty
Package: translations 2022/01/04 v1.11 internationalization of LaTeX2e packages
 (CN)

(/usr/share/texlive/texmf-dist/tex/generic/pdftexcmds/pdftexcmds.sty
Package: pdftexcmds 2020-06-27 v0.33 Utility functions of pdfTeX for LuaTeX (HO
)

(/usr/share/texlive/texmf-dist/tex/generic/infwarerr/infwarerr.sty
Package: infwarerr 2019/12/03 v1.5 Providing info/warning/error messages (HO)
)
(/usr/share/texlive/texmf-dist/tex/generic/iftex/iftex.sty
Package: iftex 2020/03/06 v1.0d TeX engine tests
)
(/usr/share/texlive/texmf-dist/tex/generic/ltxcmds/ltxcmds.sty
Package: ltxcmds 2020-05-10 v1.25 LaTeX kernel commands for general use (HO)
)
Package pdftexcmds Info: \pdf@primitive is available.
Package pdftexcmds Info: \pdf@ifprimitive is available.
Package pdftexcmds Info: \pdfdraftmode found.
\pdftexcmds@toks=\toks19
))
\l__siunitx_number_exponent_fixed_int=\count268
\l__siunitx_number_min_decimal_int=\count269
\l__siunitx_number_min_integer_int=\count270
\l__siunitx_number_round_precision_int=\count271
\l__siunitx_number_group_minimum_int=\count272

(/usr/share/texlive/texmf-dist/tex/latex/amsmath/amstext.sty
Package: amstext 2021/08/26 v2.01 AMS text

(/usr/share/texlive/texmf-dist/tex/latex/amsmath/amsgen.sty
File: amsgen.sty 1999/11/30 v2.0 generic functions
\@emptytoks=\toks20
\ex@=\dimen140
))
\l__siunitx_table_tmp_box=\box53
\l__siunitx_table_tmp_dim=\dimen141
\l__siunitx_table_column_width_dim=\dimen142
\l__siunitx_table_integer_box=\box54
\l__siunitx_table_decimal_box=\box55
\l__siunitx_table_before_box=\box56
\l__siunitx_table_after_box=\box57
\l__siunitx_table_before_dim=\dimen143
\l__siunitx_table_carry_dim=\dimen144
\l__siunitx_unit_tmp_int=\count273
\l__siunitx_unit_position_int=\count274
\l__siunitx_unit_total_int=\count275

(/usr/share/texlive/texmf-dist/tex/latex/l3packages/l3keys2e/l3keys2e.sty
(/usr/share/texlive/texmf-dist/tex/latex/l3kernel/expl3.sty
Package: expl3 2022-01-21 L3 programming layer (loader) 

(/usr/share/texlive/texmf-dist/tex/latex/l3backend/l3backend-luatex.def
File: l3backend-luatex.def 2022-01-12 L3 backend support: PDF output (LuaTeX)
\l__color_backend_stack_int=\count276
\l__pdf_internal_box=\box58
))
Package: l3keys2e 2022-01-12 LaTeX2e option processing using LaTeX3 keys
)
(/usr/share/texlive/texmf-dist/tex/latex/tools/array.sty
Package: array 2021/10/04 v2.5f Tabular extension package (FMi)
\col@sep=\dimen145
\ar@mcellbox=\box59
\extrarowheight=\dimen146
\NC@list=\toks21
\extratabsurround=\skip50
\backup@length=\skip51
\ar@cellbox=\box60
))

Package siunitx Info: Option "detect-weight" has been deprecated in this
(siunitx)             release.
(siunitx)             
(siunitx)             Use "reset-text-series = false, text-series-to-math =
(siunitx)             true" as a replacement.


Package siunitx Info: Option "detect-family" has been deprecated in this
(siunitx)             release.
(siunitx)             
(siunitx)             Use "reset-text-family = false, text-family-to-math =
(siunitx)             true" as a replacement.



! LaTeX Error: Missing \begin{document}.

See the LaTeX manual or LaTeX Companion for explanation.
Type  H <return>  for immediate help.
 ...                                              
                                                  
l.8 \DeclareSIUnit{\kgCO2e}{\kilo\gram CO_2e}
                                           
? 
! Undefined control sequence.
<argument> \siunitx_declare_unit:Nn \kgCO 2e{\kilo 
                                        \gram CO_2e}
l.8 \DeclareSIUnit{\kgCO2e}{\kilo\gram CO_2e}
                                           
? 
! Undefined control sequence.
<argument> \siunitx_declare_unit:Nn \kgCO 2e{\kilo \gram 
                                              CO_2e}
l.8 \DeclareSIUnit{\kgCO2e}{\kilo\gram CO_2e}
                                           
? 
! Missing $ inserted.
<inserted text> 
$
l.8 \DeclareSIUnit{\kgCO2e}{\kilo\gram CO_2e}
                                           
? 
LaTeX Font Info:    Trying to load font information for OT1+lmr on input line 8
.
(/usr/share/texmf/tex/latex/lm/ot1lmr.fd
File: ot1lmr.fd 2009/10/30 v1.6 Font defs for Latin Modern
)
LaTeX Font Info:    Trying to load font information for OML+lmm on input line 8
.

(/usr/share/texmf/tex/latex/lm/omllmm.fd
File: omllmm.fd 2009/10/30 v1.6 Font defs for Latin Modern
)
LaTeX Font Info:    Trying to load font information for OMS+lmsy on input line 
8.

(/usr/share/texmf/tex/latex/lm/omslmsy.fd
File: omslmsy.fd 2009/10/30 v1.6 Font defs for Latin Modern
)
LaTeX Font Info:    Trying to load font information for OMX+lmex on input line 
8.

(/usr/share/texmf/tex/latex/lm/omxlmex.fd
File: omxlmex.fd 2009/10/30 v1.6 Font defs for Latin Modern
)
LaTeX Font Info:    External font `lmex10' loaded for size
(Font)              <10> on input line 8.
LaTeX Font Info:    External font `lmex10' loaded for size
(Font)              <7> on input line 8.
LaTeX Font Info:    External font `lmex10' loaded for size
(Font)              <5> on input line 8.

! Extra }, or forgotten $.
<argument> ...itx_declare_unit:Nn \kgCO 2e{\kilo \gram CO_2e}
                                                  
l.8 \DeclareSIUnit{\kgCO2e}{\kilo\gram CO_2e}
                                           
? 
(/usr/share/texlive/texmf-dist/tex/latex/amsmath/amsmath.sty
Package: amsmath 2021/10/15 v2.17l AMS math features
\@mathmargin=\skip52

! Missing $ inserted.
<inserted text> 
$
l.94 \ProcessOptions\par
                      
? 
! You can't use `\spacefactor' in vertical mode.
\@->\spacefactor 
                 \@m {}
l.95 \@
     ifpackagewith{amsmath}{?}{%
? 

! LaTeX Error: Missing \begin{document}.

See the LaTeX manual or LaTeX Companion for explanation.
Type  H <return>  for immediate help.
 ...                                              
                                                  
l.95 \@
     ifpackagewith{amsmath}{?}{%
? 

Documentation for the amsmath package is found in amsldoc.dvi
(or .pdf or .tex).

See also https://www.ams.org/tex/amslatex.html.

Note: Using the first edition of The LaTeX Companion (1994) without
errata as a guide for amsmath use is not recommended.

For additional information on amsmath, use the `?' option.
! Undefined control sequence.
l.110 \ifnum\cmex
               @opt=7 \relax
? 
! Missing number, treated as zero.
<to be read again> 
@
l.110 \ifnum\cmex@
                opt=7 \relax
? 
! Missing = inserted for \ifnum.
<to be read again> 
@
l.110 \ifnum\cmex@
                opt=7 \relax
? 
! Missing number, treated as zero.
<to be read again> 
@
l.110 \ifnum\cmex@
                opt=7 \relax
? 
(/usr/share/texlive/texmf-dist/tex/latex/amsmath/amsbsy.sty
Package: amsbsy 1999/11/29 v1.2d Bold Symbols
\pmbraise@=\dimen147
)
(/usr/share/texlive/texmf-dist/tex/latex/amsmath/amsopn.sty
Package: amsopn 2021/08/26 v2.02 operator names
)
! Argument of \provide@command has an extra }.
<inserted text> 
\par 
l.135 }
     {%
? 
Runaway argument?
! Paragraph ended before \provide@command was complete.
<to be read again> 
\par 
l.135 }
     {%
? 

! LaTeX Error: Missing \begin{document}.

See the LaTeX manual or LaTeX Companion for explanation.
Type  H <return>  for immediate help.
 ...                                              
                                                  
l.136     \let\ams@n
                  ewcommand\newcommand
? 

! LaTeX Error: Command \let already defined.
               Or name \end... illegal, see p.192 of the manual.

See the LaTeX manual or LaTeX Companion for explanation.
Type  H <return>  for immediate help.
 ...                                              
                                                  
l.137     \let\ams
                @renewcommand\renewcommand
? 
! Missing { inserted.
l.140 }
     
? 
! Use of \let doesn't match its definition.
\new@ifnextchar #1#2#3->\let \reserved@d 
                                         = #1\def \reserved@a {#2}\def \rese...
l.142 \providecommand
                   {\AmS}{{\protect\AmSfont
? 
! Use of \let doesn't match its definition.
\reserved@b ->\let \l@ngrel@x 
                              \long \provide@command 
l.142 \providecommand{
                    \AmS}{{\protect\AmSfont
? 
! You can't use a prefix with `\begingroup'.
<to be read again> 
\begingroup 
l.142 \providecommand{\AmS}
                         {{\protect\AmSfont
? 
! Use of \let doesn't match its definition.
\kernel@ifnextchar #1#2#3->\let \reserved@d 
                                            =#1\def \reserved@a {#2}\def \re...
l.142 \providecommand{\AmS}
                         {{\protect\AmSfont
? 
! Use of \let doesn't match its definition.
\@ifnch ...d@c \reserved@a \else \let \reserved@c 
                                                  \reserved@b \fi \fi \reser...
l.142 \providecommand{\AmS}{
                          {\protect\AmSfont
? 
! Use of \let doesn't match its definition.
\kernel@ifnextchar #1#2#3->\let \reserved@d 
                                            =#1\def \reserved@a {#2}\def \re...
l.142 \providecommand{\AmS}{
                          {\protect\AmSfont
? 
! Use of \let doesn't match its definition.
\@ifnch ...d@c \reserved@a \else \let \reserved@c 
                                                  \reserved@b \fi \fi \reser...
l.142 \providecommand{\AmS}{
                          {\protect\AmSfont
? 
! Use of \let doesn't match its definition.
\@yargdef ... ##11{[####1]}\else \let \reserved@b 
                                                  \@gobble \fi \expandafter ...
l.142 \providecommand{\AmS}{
                          {\protect\AmSfont
? 

! Use of \let doesn't match its definition.
\set@display@protect ->\let \protect 
                                     \string 
l.142 \providecommand{\AmS}{
                          {\protect\AmSfont
? 
! Undefined control sequence.
\GenericError  ...                                
                                                    #4  \errhelp \@err@     ...
l.142 \providecommand{\AmS}{
                          {\protect\AmSfont
? 
! Undefined control sequence.
\GenericError  ...                                
                                                  \let \@err@               ...
l.142 \providecommand{\AmS}{
                          {\protect\AmSfont
? 
! Use of \let doesn't match its definition.
\GenericError  ...                                
                                                  \@empty \def \MessageBreak...
l.142 \providecommand{\AmS}{
                          {\protect\AmSfont
? 
! Missing { inserted.
<to be read again> 
\def 
l.142 \providecommand{\AmS}{
                          {\protect\AmSfont
? 
)
Runaway text?
\def \MessageBreak  
\space \space \space \@spaces \@spaces \@spaces  \ETC.
! File ended while scanning text of \errhelp.
<inserted text> 
}
l.11 \usepackage
              {amssymb}
? 
! Use of \let doesn't match its definition.
<recently read> \unprocessedoptions-amsmath.sty 
                                
l.11 \usepackage
              {amssymb}
? 
! Use of \let doesn't match its definition.
<recently read> \unprocessedoptions-amsmath.sty 
                                
l.11 \usepackage
              {amssymb}
? 
! Use of \let doesn't match its definition.
<recently read> \amsmath.sty-h@@k 
                  
l.11 \usepackage
              {amssymb}
? 
! Undefined control sequence.
\reserved@a ...urrext -h@@k\endcsname \@undefined 
                                                  \ifx \@unprocessedoptions ...
l.11 \usepackage
              {amssymb}
? 
! Use of \let doesn't match its definition.
<recently read> \unprocessedoptions-amsmath.sty 
                                
l.11 \usepackage
              {amssymb}
? 
! Undefined control sequence.
\reserved@a ... .\@currext \endcsname \@undefined 
                                                  \ifx \@currext \@pkgextens...
l.11 \usepackage
              {amssymb}
? 
! Use of \let doesn't match its definition.
\@reset@ptions ...nNotUsed \else \let \default@ds 
                                                  \@unknownoptionerror \fi \...
l.11 \usepackage
              {amssymb}
? 
! You can't use a prefix with `\begingroup'.
<to be read again> 
\begingroup 
l.11 \usepackage
              {amssymb}
? 

! Use of \let doesn't match its definition.
\set@display@protect ->\let \protect 
                                     \string 
l.11 \usepackage
              {amssymb}
? 
! Undefined control sequence.
\GenericError  ...                                
                                                    #4  \errhelp \@err@     ...
l.11 \usepackage
              {amssymb}
? 
! Undefined control sequence.
\GenericError  ...                                
                                                  \let \@err@               ...
l.11 \usepackage
              {amssymb}
? 
! Use of \let doesn't match its definition.
\GenericError  ...                                
                                                  \@empty \def \MessageBreak...
l.11 \usepackage
              {amssymb}
? 
! Missing { inserted.
<to be read again> 
\def 
l.11 \usepackage
              {amssymb}
? 
)
Runaway text?
\def \MessageBreak  
\space \space \space \@spaces \@spaces \@spaces  \ETC.
! File ended while scanning text of \errhelp.
<inserted text> 
}
<*> monograph.tex
              
? 

*
(Please type a command or say `\end')
*
(Please type a command or say `\end')
*
(Please type a command or say `\end')
*
(Please type a command or say `\end')
*
(Please type a command or say `\end')
*
(Please type a command or say `\end')
*
(Please type a command or say `\end')
*
(Please type a command or say `\end')
*
(Please type a command or say `\end')
*
(Please type a command or say `\end')
*
(Please type a command or say `\end')
*
(Please type a command or say `\end')
*
(Please type a command or say `\end')
*
(Please type a command or say `\end')
*
(Please type a command or say `\end')
*X

! Use of \let doesn't match its definition.
\set@display@protect ->\let \protect 
                                     \string 
<*> X
  
? X


Here is how much of LuaTeX's memory you used:
 7320 strings out of 477805
 100000,662416 words of node,token memory allocated 4875 words of node memory still in use:
   15 hlist, 1 rule, 44 disc, 4 local_par, 1 dir, 2 math, 128 glue, 23 kern, 6 p
enalty, 387 glyph, 35 attribute, 49 glue_spec, 35 attribute_list, 1 temp, 5 if_s
tack, 1 write nodes
   avail lists: 2:2,3:1,4:3,5:1,7:3,8:3,10:2
 27862 multiletter control sequences out of 65536+600000
 26 fonts using 1490815 bytes
 71i,1n,75p,1180b,283s stack positions out of 5000i,500n,10000p,200000b,80000s

warning  (pdf backend): no pages of output.

PDF statistics: 0 PDF objects out of 1000 (max. 8388607)
 0 named destinations out of 1000 (max. 131072)
 1 words of extra memory for PDF output out of 10000 (max. 100000000)

