Script started at Wed Jun 18 20:41:05 ADT 2025
Summaries will be saved to semantic-field-theory.txt
Processing AI Autonomy and Ethics.txt
Temporary directory created: /mnt/c/Users/nateg/OneDrive/Documentos/GitHub/library/analysis/tmp_AIAutonomyandEthics.txt_1hEpBx
File split into chunks: /mnt/c/Users/nateg/OneDrive/Documentos/GitHub/library/analysis/tmp_AIAutonomyandEthics.txt_1hEpBx/chunk_aa
Temporary directory /mnt/c/Users/nateg/OneDrive/Documentos/GitHub/library/analysis/tmp_AIAutonomyandEthics.txt_1hEpBx removed
AI Autonomy and Ethics.txt
Processing AI Work Automation Insights.txt
Temporary directory created: /mnt/c/Users/nateg/OneDrive/Documentos/GitHub/library/analysis/tmp_AIWorkAutomationInsights.txt_JNb6K8
File split into chunks: /mnt/c/Users/nateg/OneDrive/Documentos/GitHub/library/analysis/tmp_AIWorkAutomationInsights.txt_JNb6K8/chunk_aa
/mnt/c/Users/nateg/OneDrive/Documentos/GitHub/library/analysis/tmp_AIWorkAutomationInsights.txt_JNb6K8/chunk_ab
/mnt/c/Users/nateg/OneDrive/Documentos/GitHub/library/analysis/tmp_AIWorkAutomationInsights.txt_JNb6K8/chunk_ac
/mnt/c/Users/nateg/OneDrive/Documentos/GitHub/library/analysis/tmp_AIWorkAutomationInsights.txt_JNb6K8/chunk_ad
Temporary directory /mnt/c/Users/nateg/OneDrive/Documentos/GitHub/library/analysis/tmp_AIWorkAutomationInsights.txt_JNb6K8 removed
AI Work Automation Insights.txt
Processing Dialogue as Relativistic Semantic Field Theory.txt
Temporary directory created: /mnt/c/Users/nateg/OneDrive/Documentos/GitHub/library/analysis/tmp_DialogueasRelativisticSemanticFieldTheory.txt_LsixDP
File split into chunks: /mnt/c/Users/nateg/OneDrive/Documentos/GitHub/library/analysis/tmp_DialogueasRelativisticSemanticFieldTheory.txt_LsixDP/chunk_aa
/mnt/c/Users/nateg/OneDrive/Documentos/GitHub/library/analysis/tmp_DialogueasRelativisticSemanticFieldTheory.txt_LsixDP/chunk_ab
/mnt/c/Users/nateg/OneDrive/Documentos/GitHub/library/analysis/tmp_DialogueasRelativisticSemanticFieldTheory.txt_LsixDP/chunk_ac
/mnt/c/Users/nateg/OneDrive/Documentos/GitHub/library/analysis/tmp_DialogueasRelativisticSemanticFieldTheory.txt_LsixDP/chunk_ad
Temporary directory /mnt/c/Users/nateg/OneDrive/Documentos/GitHub/library/analysis/tmp_DialogueasRelativisticSemanticFieldTheory.txt_LsixDP removed
Dialogue as Relativistic Semantic Field Theory.txt
Processing Open-book AI Training.txt
Temporary directory created: /mnt/c/Users/nateg/OneDrive/Documentos/GitHub/library/analysis/tmp_Open-bookAITraining.txt_ALSka3
File split into chunks: /mnt/c/Users/nateg/OneDrive/Documentos/GitHub/library/analysis/tmp_Open-bookAITraining.txt_ALSka3/chunk_aa
/mnt/c/Users/nateg/OneDrive/Documentos/GitHub/library/analysis/tmp_Open-bookAITraining.txt_ALSka3/chunk_ab
/mnt/c/Users/nateg/OneDrive/Documentos/GitHub/library/analysis/tmp_Open-bookAITraining.txt_ALSka3/chunk_ac
/mnt/c/Users/nateg/OneDrive/Documentos/GitHub/library/analysis/tmp_Open-bookAITraining.txt_ALSka3/chunk_ad
/mnt/c/Users/nateg/OneDrive/Documentos/GitHub/library/analysis/tmp_Open-bookAITraining.txt_ALSka3/chunk_ae
/mnt/c/Users/nateg/OneDrive/Documentos/GitHub/library/analysis/tmp_Open-bookAITraining.txt_ALSka3/chunk_af
/mnt/c/Users/nateg/OneDrive/Documentos/GitHub/library/analysis/tmp_Open-bookAITraining.txt_ALSka3/chunk_ag
/mnt/c/Users/nateg/OneDrive/Documentos/GitHub/library/analysis/tmp_Open-bookAITraining.txt_ALSka3/chunk_ah
/mnt/c/Users/nateg/OneDrive/Documentos/GitHub/library/analysis/tmp_Open-bookAITraining.txt_ALSka3/chunk_ai
/mnt/c/Users/nateg/OneDrive/Documentos/GitHub/library/analysis/tmp_Open-bookAITraining.txt_ALSka3/chunk_aj
/mnt/c/Users/nateg/OneDrive/Documentos/GitHub/library/analysis/tmp_Open-bookAITraining.txt_ALSka3/chunk_ak
/mnt/c/Users/nateg/OneDrive/Documentos/GitHub/library/analysis/tmp_Open-bookAITraining.txt_ALSka3/chunk_al
/mnt/c/Users/nateg/OneDrive/Documentos/GitHub/library/analysis/tmp_Open-bookAITraining.txt_ALSka3/chunk_am
/mnt/c/Users/nateg/OneDrive/Documentos/GitHub/library/analysis/tmp_Open-bookAITraining.txt_ALSka3/chunk_an
/mnt/c/Users/nateg/OneDrive/Documentos/GitHub/library/analysis/tmp_Open-bookAITraining.txt_ALSka3/chunk_ao
/mnt/c/Users/nateg/OneDrive/Documentos/GitHub/library/analysis/tmp_Open-bookAITraining.txt_ALSka3/chunk_ap
/mnt/c/Users/nateg/OneDrive/Documentos/GitHub/library/analysis/tmp_Open-bookAITraining.txt_ALSka3/chunk_aq
/mnt/c/Users/nateg/OneDrive/Documentos/GitHub/library/analysis/tmp_Open-bookAITraining.txt_ALSka3/chunk_ar
/mnt/c/Users/nateg/OneDrive/Documentos/GitHub/library/analysis/tmp_Open-bookAITraining.txt_ALSka3/chunk_as
/mnt/c/Users/nateg/OneDrive/Documentos/GitHub/library/analysis/tmp_Open-bookAITraining.txt_ALSka3/chunk_at
/mnt/c/Users/nateg/OneDrive/Documentos/GitHub/library/analysis/tmp_Open-bookAITraining.txt_ALSka3/chunk_au
Temporary directory /mnt/c/Users/nateg/OneDrive/Documentos/GitHub/library/analysis/tmp_Open-bookAITraining.txt_ALSka3 removed
Open-book AI Training.txt
Processing RSVP Field Theory of Dialogue.txt
Temporary directory created: /mnt/c/Users/nateg/OneDrive/Documentos/GitHub/library/analysis/tmp_RSVPFieldTheoryofDialogue.txt_0Gvz1F
File split into chunks: /mnt/c/Users/nateg/OneDrive/Documentos/GitHub/library/analysis/tmp_RSVPFieldTheoryofDialogue.txt_0Gvz1F/chunk_aa
/mnt/c/Users/nateg/OneDrive/Documentos/GitHub/library/analysis/tmp_RSVPFieldTheoryofDialogue.txt_0Gvz1F/chunk_ab
/mnt/c/Users/nateg/OneDrive/Documentos/GitHub/library/analysis/tmp_RSVPFieldTheoryofDialogue.txt_0Gvz1F/chunk_ac
Temporary directory /mnt/c/Users/nateg/OneDrive/Documentos/GitHub/library/analysis/tmp_RSVPFieldTheoryofDialogue.txt_0Gvz1F removed
RSVP Field Theory of Dialogue.txt
Processing RSVP Field-Theoretic Dialogue Model.txt
Temporary directory created: /mnt/c/Users/nateg/OneDrive/Documentos/GitHub/library/analysis/tmp_RSVPField-TheoreticDialogueModel.txt_0zByqd
File split into chunks: /mnt/c/Users/nateg/OneDrive/Documentos/GitHub/library/analysis/tmp_RSVPField-TheoreticDialogueModel.txt_0zByqd/chunk_aa
/mnt/c/Users/nateg/OneDrive/Documentos/GitHub/library/analysis/tmp_RSVPField-TheoreticDialogueModel.txt_0zByqd/chunk_ab
/mnt/c/Users/nateg/OneDrive/Documentos/GitHub/library/analysis/tmp_RSVPField-TheoreticDialogueModel.txt_0zByqd/chunk_ac
/mnt/c/Users/nateg/OneDrive/Documentos/GitHub/library/analysis/tmp_RSVPField-TheoreticDialogueModel.txt_0zByqd/chunk_ad
/mnt/c/Users/nateg/OneDrive/Documentos/GitHub/library/analysis/tmp_RSVPField-TheoreticDialogueModel.txt_0zByqd/chunk_ae
/mnt/c/Users/nateg/OneDrive/Documentos/GitHub/library/analysis/tmp_RSVPField-TheoreticDialogueModel.txt_0zByqd/chunk_af
Temporary directory /mnt/c/Users/nateg/OneDrive/Documentos/GitHub/library/analysis/tmp_RSVPField-TheoreticDialogueModel.txt_0zByqd removed
RSVP Field-Theoretic Dialogue Model.txt
Processing RSVP Theory Overview.txt
Temporary directory created: /mnt/c/Users/nateg/OneDrive/Documentos/GitHub/library/analysis/tmp_RSVPTheoryOverview.txt_YmCVCS
File split into chunks: /mnt/c/Users/nateg/OneDrive/Documentos/GitHub/library/analysis/tmp_RSVPTheoryOverview.txt_YmCVCS/chunk_aa
/mnt/c/Users/nateg/OneDrive/Documentos/GitHub/library/analysis/tmp_RSVPTheoryOverview.txt_YmCVCS/chunk_ab
/mnt/c/Users/nateg/OneDrive/Documentos/GitHub/library/analysis/tmp_RSVPTheoryOverview.txt_YmCVCS/chunk_ac
/mnt/c/Users/nateg/OneDrive/Documentos/GitHub/library/analysis/tmp_RSVPTheoryOverview.txt_YmCVCS/chunk_ad
/mnt/c/Users/nateg/OneDrive/Documentos/GitHub/library/analysis/tmp_RSVPTheoryOverview.txt_YmCVCS/chunk_ae
Temporary directory /mnt/c/Users/nateg/OneDrive/Documentos/GitHub/library/analysis/tmp_RSVPTheoryOverview.txt_YmCVCS removed
RSVP Theory Overview.txt
Processing RSVP Theory_ Cinema as Dynamic Fields.txt
Temporary directory created: /mnt/c/Users/nateg/OneDrive/Documentos/GitHub/library/analysis/tmp_RSVPTheory_CinemaasDynamicFields.txt_PIX9fc
File split into chunks: /mnt/c/Users/nateg/OneDrive/Documentos/GitHub/library/analysis/tmp_RSVPTheory_CinemaasDynamicFields.txt_PIX9fc/chunk_aa
Temporary directory /mnt/c/Users/nateg/OneDrive/Documentos/GitHub/library/analysis/tmp_RSVPTheory_CinemaasDynamicFields.txt_PIX9fc removed
RSVP Theory_ Cinema as Dynamic Fields.txt
Processing RSVP Visual Cognition.txt
Temporary directory created: /mnt/c/Users/nateg/OneDrive/Documentos/GitHub/library/analysis/tmp_RSVPVisualCognition.txt_GOFhGy
File split into chunks: /mnt/c/Users/nateg/OneDrive/Documentos/GitHub/library/analysis/tmp_RSVPVisualCognition.txt_GOFhGy/chunk_aa
/mnt/c/Users/nateg/OneDrive/Documentos/GitHub/library/analysis/tmp_RSVPVisualCognition.txt_GOFhGy/chunk_ab
/mnt/c/Users/nateg/OneDrive/Documentos/GitHub/library/analysis/tmp_RSVPVisualCognition.txt_GOFhGy/chunk_ac
/mnt/c/Users/nateg/OneDrive/Documentos/GitHub/library/analysis/tmp_RSVPVisualCognition.txt_GOFhGy/chunk_ad
/mnt/c/Users/nateg/OneDrive/Documentos/GitHub/library/analysis/tmp_RSVPVisualCognition.txt_GOFhGy/chunk_ae
/mnt/c/Users/nateg/OneDrive/Documentos/GitHub/library/analysis/tmp_RSVPVisualCognition.txt_GOFhGy/chunk_af
/mnt/c/Users/nateg/OneDrive/Documentos/GitHub/library/analysis/tmp_RSVPVisualCognition.txt_GOFhGy/chunk_ag
/mnt/c/Users/nateg/OneDrive/Documentos/GitHub/library/analysis/tmp_RSVPVisualCognition.txt_GOFhGy/chunk_ah
/mnt/c/Users/nateg/OneDrive/Documentos/GitHub/library/analysis/tmp_RSVPVisualCognition.txt_GOFhGy/chunk_ai
/mnt/c/Users/nateg/OneDrive/Documentos/GitHub/library/analysis/tmp_RSVPVisualCognition.txt_GOFhGy/chunk_aj
/mnt/c/Users/nateg/OneDrive/Documentos/GitHub/library/analysis/tmp_RSVPVisualCognition.txt_GOFhGy/chunk_ak
/mnt/c/Users/nateg/OneDrive/Documentos/GitHub/library/analysis/tmp_RSVPVisualCognition.txt_GOFhGy/chunk_al
/mnt/c/Users/nateg/OneDrive/Documentos/GitHub/library/analysis/tmp_RSVPVisualCognition.txt_GOFhGy/chunk_am
/mnt/c/Users/nateg/OneDrive/Documentos/GitHub/library/analysis/tmp_RSVPVisualCognition.txt_GOFhGy/chunk_an
/mnt/c/Users/nateg/OneDrive/Documentos/GitHub/library/analysis/tmp_RSVPVisualCognition.txt_GOFhGy/chunk_ao
/mnt/c/Users/nateg/OneDrive/Documentos/GitHub/library/analysis/tmp_RSVPVisualCognition.txt_GOFhGy/chunk_ap
/mnt/c/Users/nateg/OneDrive/Documentos/GitHub/library/analysis/tmp_RSVPVisualCognition.txt_GOFhGy/chunk_aq
/mnt/c/Users/nateg/OneDrive/Documentos/GitHub/library/analysis/tmp_RSVPVisualCognition.txt_GOFhGy/chunk_ar
/mnt/c/Users/nateg/OneDrive/Documentos/GitHub/library/analysis/tmp_RSVPVisualCognition.txt_GOFhGy/chunk_as
/mnt/c/Users/nateg/OneDrive/Documentos/GitHub/library/analysis/tmp_RSVPVisualCognition.txt_GOFhGy/chunk_at
/mnt/c/Users/nateg/OneDrive/Documentos/GitHub/library/analysis/tmp_RSVPVisualCognition.txt_GOFhGy/chunk_au
/mnt/c/Users/nateg/OneDrive/Documentos/GitHub/library/analysis/tmp_RSVPVisualCognition.txt_GOFhGy/chunk_av
/mnt/c/Users/nateg/OneDrive/Documentos/GitHub/library/analysis/tmp_RSVPVisualCognition.txt_GOFhGy/chunk_aw
/mnt/c/Users/nateg/OneDrive/Documentos/GitHub/library/analysis/tmp_RSVPVisualCognition.txt_GOFhGy/chunk_ax
/mnt/c/Users/nateg/OneDrive/Documentos/GitHub/library/analysis/tmp_RSVPVisualCognition.txt_GOFhGy/chunk_ay
Temporary directory /mnt/c/Users/nateg/OneDrive/Documentos/GitHub/library/analysis/tmp_RSVPVisualCognition.txt_GOFhGy removed
RSVP Visual Cognition.txt
Processing Research Index Structuring.txt
Temporary directory created: /mnt/c/Users/nateg/OneDrive/Documentos/GitHub/library/analysis/tmp_ResearchIndexStructuring.txt_1nlZ6D
File split into chunks: /mnt/c/Users/nateg/OneDrive/Documentos/GitHub/library/analysis/tmp_ResearchIndexStructuring.txt_1nlZ6D/chunk_aa
/mnt/c/Users/nateg/OneDrive/Documentos/GitHub/library/analysis/tmp_ResearchIndexStructuring.txt_1nlZ6D/chunk_ab
/mnt/c/Users/nateg/OneDrive/Documentos/GitHub/library/analysis/tmp_ResearchIndexStructuring.txt_1nlZ6D/chunk_ac
/mnt/c/Users/nateg/OneDrive/Documentos/GitHub/library/analysis/tmp_ResearchIndexStructuring.txt_1nlZ6D/chunk_ad
/mnt/c/Users/nateg/OneDrive/Documentos/GitHub/library/analysis/tmp_ResearchIndexStructuring.txt_1nlZ6D/chunk_ae
/mnt/c/Users/nateg/OneDrive/Documentos/GitHub/library/analysis/tmp_ResearchIndexStructuring.txt_1nlZ6D/chunk_af
/mnt/c/Users/nateg/OneDrive/Documentos/GitHub/library/analysis/tmp_ResearchIndexStructuring.txt_1nlZ6D/chunk_ag
/mnt/c/Users/nateg/OneDrive/Documentos/GitHub/library/analysis/tmp_ResearchIndexStructuring.txt_1nlZ6D/chunk_ah
/mnt/c/Users/nateg/OneDrive/Documentos/GitHub/library/analysis/tmp_ResearchIndexStructuring.txt_1nlZ6D/chunk_ai
/mnt/c/Users/nateg/OneDrive/Documentos/GitHub/library/analysis/tmp_ResearchIndexStructuring.txt_1nlZ6D/chunk_aj
/mnt/c/Users/nateg/OneDrive/Documentos/GitHub/library/analysis/tmp_ResearchIndexStructuring.txt_1nlZ6D/chunk_ak
/mnt/c/Users/nateg/OneDrive/Documentos/GitHub/library/analysis/tmp_ResearchIndexStructuring.txt_1nlZ6D/chunk_al
Temporary directory /mnt/c/Users/nateg/OneDrive/Documentos/GitHub/library/analysis/tmp_ResearchIndexStructuring.txt_1nlZ6D removed
Research Index Structuring.txt
Processing Semantic Field Theory in Dialogue Dynamics.txt
Temporary directory created: /mnt/c/Users/nateg/OneDrive/Documentos/GitHub/library/analysis/tmp_SemanticFieldTheoryinDialogueDynamics.txt_xjia3S
File split into chunks: /mnt/c/Users/nateg/OneDrive/Documentos/GitHub/library/analysis/tmp_SemanticFieldTheoryinDialogueDynamics.txt_xjia3S/chunk_aa
/mnt/c/Users/nateg/OneDrive/Documentos/GitHub/library/analysis/tmp_SemanticFieldTheoryinDialogueDynamics.txt_xjia3S/chunk_ab
Temporary directory /mnt/c/Users/nateg/OneDrive/Documentos/GitHub/library/analysis/tmp_SemanticFieldTheoryinDialogueDynamics.txt_xjia3S removed
Semantic Field Theory in Dialogue Dynamics.txt
Processing Semiotic Disruption.txt
Temporary directory created: /mnt/c/Users/nateg/OneDrive/Documentos/GitHub/library/analysis/tmp_SemioticDisruption.txt_16I2hB
File split into chunks: /mnt/c/Users/nateg/OneDrive/Documentos/GitHub/library/analysis/tmp_SemioticDisruption.txt_16I2hB/chunk_aa
Temporary directory /mnt/c/Users/nateg/OneDrive/Documentos/GitHub/library/analysis/tmp_SemioticDisruption.txt_16I2hB removed
Semiotic Disruption.txt
Processing Sheaf Theory and Categorical Semantics of Hypertext.txt
Temporary directory created: /mnt/c/Users/nateg/OneDrive/Documentos/GitHub/library/analysis/tmp_SheafTheoryandCategoricalSemanticsofHypertext.txt_k8dCbQ
File split into chunks: /mnt/c/Users/nateg/OneDrive/Documentos/GitHub/library/analysis/tmp_SheafTheoryandCategoricalSemanticsofHypertext.txt_k8dCbQ/chunk_aa
Temporary directory /mnt/c/Users/nateg/OneDrive/Documentos/GitHub/library/analysis/tmp_SheafTheoryandCategoricalSemanticsofHypertext.txt_k8dCbQ removed
Sheaf Theory and Categorical Semantics of Hypertext.txt
Processing Vulture Capitalism Summary.txt
Temporary directory created: /mnt/c/Users/nateg/OneDrive/Documentos/GitHub/library/analysis/tmp_VultureCapitalismSummary.txt_tBZems
File split into chunks: /mnt/c/Users/nateg/OneDrive/Documentos/GitHub/library/analysis/tmp_VultureCapitalismSummary.txt_tBZems/chunk_aa
/mnt/c/Users/nateg/OneDrive/Documentos/GitHub/library/analysis/tmp_VultureCapitalismSummary.txt_tBZems/chunk_ab
/mnt/c/Users/nateg/OneDrive/Documentos/GitHub/library/analysis/tmp_VultureCapitalismSummary.txt_tBZems/chunk_ac
/mnt/c/Users/nateg/OneDrive/Documentos/GitHub/library/analysis/tmp_VultureCapitalismSummary.txt_tBZems/chunk_ad
/mnt/c/Users/nateg/OneDrive/Documentos/GitHub/library/analysis/tmp_VultureCapitalismSummary.txt_tBZems/chunk_ae
/mnt/c/Users/nateg/OneDrive/Documentos/GitHub/library/analysis/tmp_VultureCapitalismSummary.txt_tBZems/chunk_af
Temporary directory /mnt/c/Users/nateg/OneDrive/Documentos/GitHub/library/analysis/tmp_VultureCapitalismSummary.txt_tBZems removed
Vulture Capitalism Summary.txt
Processing Xanadu and RSVP Concepts.txt
Temporary directory created: /mnt/c/Users/nateg/OneDrive/Documentos/GitHub/library/analysis/tmp_XanaduandRSVPConcepts.txt_u5mhOi
File split into chunks: /mnt/c/Users/nateg/OneDrive/Documentos/GitHub/library/analysis/tmp_XanaduandRSVPConcepts.txt_u5mhOi/chunk_aa
/mnt/c/Users/nateg/OneDrive/Documentos/GitHub/library/analysis/tmp_XanaduandRSVPConcepts.txt_u5mhOi/chunk_ab
/mnt/c/Users/nateg/OneDrive/Documentos/GitHub/library/analysis/tmp_XanaduandRSVPConcepts.txt_u5mhOi/chunk_ac
/mnt/c/Users/nateg/OneDrive/Documentos/GitHub/library/analysis/tmp_XanaduandRSVPConcepts.txt_u5mhOi/chunk_ad
/mnt/c/Users/nateg/OneDrive/Documentos/GitHub/library/analysis/tmp_XanaduandRSVPConcepts.txt_u5mhOi/chunk_ae
/mnt/c/Users/nateg/OneDrive/Documentos/GitHub/library/analysis/tmp_XanaduandRSVPConcepts.txt_u5mhOi/chunk_af
Temporary directory /mnt/c/Users/nateg/OneDrive/Documentos/GitHub/library/analysis/tmp_XanaduandRSVPConcepts.txt_u5mhOi removed
Xanadu and RSVP Concepts.txt
Script completed at Wed Jun 18 21:25:11 ADT 2025
