\BOOKMARK [1][-]{section.1}{\376\377\000T\000h\000e\000\040\000P\000r\000o\000g\000r\000a\000m\000\040\000a\000n\000d\000\040\000T\000h\000i\000s\000\040\000P\000a\000p\000e\000r\000'\000s\000\040\000P\000l\000a\000c\000e\000\040\000i\000n\000\040\000I\000t}{}% 1
\BOOKMARK [1][-]{section.2}{\376\377\000B\000a\000c\000k\000g\000r\000o\000u\000n\000d\000:\000\040\000R\000e\000p\000a\000i\000r\000,\000\040\000D\000i\000s\000t\000i\000n\000c\000t\000i\000o\000n\000s\000,\000\040\000a\000n\000d\000\040\000A\000d\000m\000i\000s\000s\000i\000b\000i\000l\000i\000t\000y}{}% 2
\BOOKMARK [1][-]{section.3}{\376\377\000T\000r\000u\000t\000h\000\040\000a\000s\000\040\000a\000\040\000P\000a\000r\000t\000i\000a\000l\000\040\000P\000r\000e\000d\000i\000c\000a\000t\000e}{}% 3
\BOOKMARK [1][-]{section.4}{\376\377\000T\000h\000e\000\040\000D\000o\000m\000a\000i\000n\000\040\000R\000e\000s\000t\000r\000i\000c\000t\000i\000o\000n\000\040\000T\000h\000e\000o\000r\000e\000m}{}% 4
\BOOKMARK [1][-]{section.5}{\376\377\000H\000i\000e\000r\000a\000r\000c\000h\000i\000c\000a\000l\000\040\000D\000o\000m\000a\000i\000n\000\040\000R\000e\000s\000t\000r\000i\000c\000t\000i\000o\000n\000:\000\040\000E\000m\000p\000i\000r\000i\000c\000a\000l\000\040\000I\000n\000s\000t\000a\000n\000t\000i\000a\000t\000i\000o\000n}{}% 5
\BOOKMARK [2][-]{subsection.5.1}{\376\377\000T\000h\000e\000\040\000A\000r\000c\000h\000i\000t\000e\000c\000t\000u\000r\000e\000\040\000a\000s\000\040\000F\000a\000c\000t\000o\000r\000i\000z\000a\000t\000i\000o\000n}{section.5}% 6
\BOOKMARK [2][-]{subsection.5.2}{\376\377\000H\000i\000e\000r\000a\000r\000c\000h\000y\000\040\000M\000a\000t\000r\000i\000c\000e\000s\000\040\000a\000s\000\040\000A\000p\000p\000r\000o\000x\000i\000m\000a\000t\000e\000\040\000I\000n\000c\000l\000u\000s\000i\000o\000n\000\040\000M\000a\000p\000s}{section.5}% 7
\BOOKMARK [2][-]{subsection.5.3}{\376\377\000T\000h\000e\000\040\000C\000o\000n\000s\000e\000n\000s\000u\000s\000\040\000L\000o\000s\000s\000\040\000a\000s\000\040\000D\000o\000m\000a\000i\000n\000\040\000R\000e\000s\000t\000r\000i\000c\000t\000i\000o\000n\000\040\000P\000e\000n\000a\000l\000t\000y}{section.5}% 8
\BOOKMARK [2][-]{subsection.5.4}{\376\377\000G\000e\000n\000e\000r\000a\000l\000i\000s\000a\000t\000i\000o\000n\000:\000\040\000F\000r\000o\000m\000\040\000S\000A\000H\000C\000\040\000t\000o\000\040\000T\000A\000R\000T\000A\000N}{section.5}% 9
\BOOKMARK [2][-]{subsection.5.5}{\376\377\000A\000\040\000F\000o\000r\000m\000a\000l\000\040\000C\000o\000n\000s\000e\000q\000u\000e\000n\000c\000e}{section.5}% 10
\BOOKMARK [1][-]{section.6}{\376\377\000B\000a\000y\000e\000s\000i\000a\000n\000\040\000I\000n\000f\000e\000r\000e\000n\000c\000e}{}% 11
\BOOKMARK [1][-]{section.7}{\376\377\000M\000a\000c\000h\000i\000n\000e\000\040\000L\000e\000a\000r\000n\000i\000n\000g}{}% 12
\BOOKMARK [1][-]{section.8}{\376\377\000L\000e\000g\000a\000l\000\040\000A\000d\000m\000i\000s\000s\000i\000b\000i\000l\000i\000t\000y}{}% 13
\BOOKMARK [1][-]{section.9}{\376\377\000L\000a\000n\000g\000u\000a\000g\000e\000\040\000A\000c\000q\000u\000i\000s\000i\000t\000i\000o\000n}{}% 14
\BOOKMARK [1][-]{section.10}{\376\377\000K\000u\000h\000n\000\040\000W\000i\000t\000h\000o\000u\000t\000\040\000R\000e\000l\000a\000t\000i\000v\000i\000s\000m}{}% 15
\BOOKMARK [1][-]{section.11}{\376\377\000T\000h\000e\000\040\000L\000i\000m\000i\000t\000s\000\040\000o\000f\000\040\000t\000h\000e\000\040\000O\000r\000d\000e\000r\000i\000n\000g}{}% 16
\BOOKMARK [1][-]{section.12}{\376\377\000O\000p\000e\000n\000\040\000P\000r\000o\000b\000l\000e\000m\000s}{}% 17
\BOOKMARK [1][-]{section.13}{\376\377\000C\000o\000n\000s\000e\000q\000u\000e\000n\000c\000e\000s}{}% 18
\BOOKMARK [1][-]{appendix.A}{\376\377\000S\000u\000m\000m\000a\000r\000y\000\040\000o\000f\000\040\000R\000e\000q\000u\000i\000r\000e\000d\000\040\000D\000e\000f\000i\000n\000i\000t\000i\000o\000n\000s}{}% 19
\BOOKMARK [1][-]{appendix.B}{\376\377\000T\000h\000e\000\040\000E\000v\000a\000l\000u\000a\000b\000i\000l\000i\000t\000y\000\040\000M\000e\000a\000s\000u\000r\000e}{}% 20
\BOOKMARK [1][-]{appendix.C}{\376\377\000D\000o\000m\000a\000i\000n\000\040\000R\000e\000s\000t\000r\000i\000c\000t\000i\000o\000n\000\040\000i\000n\000\040\000C\000o\000n\000t\000i\000n\000u\000o\000u\000s\000\040\000R\000e\000s\000o\000l\000u\000t\000i\000o\000n\000\040\000T\000o\000w\000e\000r\000s}{}% 21
