\BOOKMARK [1][-]{section.1}{\376\377\000I\000n\000t\000r\000o\000d\000u\000c\000t\000i\000o\000n\000:\000\040\000B\000e\000y\000o\000n\000d\000\040\000F\000i\000r\000s\000t\000-\000O\000r\000d\000e\000r\000\040\000R\000e\000p\000a\000i\000r}{}% 1
\BOOKMARK [1][-]{section.2}{\376\377\000S\000e\000c\000o\000n\000d\000-\000O\000r\000d\000e\000r\000\040\000R\000e\000p\000a\000i\000r}{}% 2
\BOOKMARK [1][-]{section.3}{\376\377\000H\000i\000e\000r\000a\000r\000c\000h\000i\000e\000s\000\040\000o\000f\000\040\000M\000a\000i\000n\000t\000e\000n\000a\000n\000c\000e}{}% 3
\BOOKMARK [1][-]{section.4}{\376\377\000R\000e\000d\000u\000n\000d\000a\000n\000c\000y\000\040\000a\000n\000d\000\040\000R\000e\000c\000o\000v\000e\000r\000a\000b\000i\000l\000i\000t\000y}{}% 4
\BOOKMARK [1][-]{section.5}{\376\377\000M\000o\000n\000o\000p\000o\000l\000y\000\040\000a\000n\000d\000\040\000C\000a\000s\000c\000a\000d\000i\000n\000g\000\040\000F\000a\000i\000l\000u\000r\000e}{}% 5
\BOOKMARK [1][-]{section.6}{\376\377\000H\000i\000s\000t\000o\000r\000i\000e\000s\000,\000\040\000A\000r\000c\000h\000i\000v\000e\000s\000,\000\040\000a\000n\000d\000\040\000R\000e\000c\000o\000n\000s\000t\000r\000u\000c\000t\000i\000o\000n}{}% 6
\BOOKMARK [1][-]{section.7}{\376\377\000T\000h\000e\000\040\000G\000e\000o\000m\000e\000t\000r\000y\000\040\000o\000f\000\040\000R\000e\000c\000o\000n\000s\000t\000r\000u\000c\000t\000i\000o\000n}{}% 7
\BOOKMARK [1][-]{section.8}{\376\377\000E\000c\000o\000l\000o\000g\000i\000e\000s\000\040\000o\000f\000\040\000M\000a\000i\000n\000t\000e\000n\000a\000n\000c\000e}{}% 8
\BOOKMARK [1][-]{section.9}{\376\377\000S\000c\000i\000e\000n\000t\000i\000f\000i\000c\000\040\000C\000o\000m\000m\000u\000n\000i\000t\000i\000e\000s\000\040\000a\000s\000\040\000R\000e\000c\000o\000n\000s\000t\000r\000u\000c\000t\000i\000o\000n\000\040\000N\000e\000t\000w\000o\000r\000k\000s}{}% 9
\BOOKMARK [1][-]{section.10}{\376\377\000L\000e\000a\000r\000n\000i\000n\000g\000\040\000a\000s\000\040\000S\000e\000c\000o\000n\000d\000-\000O\000r\000d\000e\000r\000\040\000R\000e\000p\000a\000i\000r}{}% 10
\BOOKMARK [2][-]{subsection.10.1}{\376\377\000L\000e\000a\000r\000n\000i\000n\000g\000\040\000a\000s\000\040\000R\000e\000c\000o\000n\000s\000t\000r\000u\000c\000t\000i\000o\000n}{section.10}% 11
\BOOKMARK [1][-]{section.11}{\376\377\000I\000n\000s\000t\000i\000t\000u\000t\000i\000o\000n\000a\000l\000\040\000R\000e\000c\000o\000n\000s\000t\000r\000u\000c\000t\000i\000o\000n}{}% 12
\BOOKMARK [1][-]{section.12}{\376\377\000O\000p\000e\000n\000\040\000P\000r\000o\000b\000l\000e\000m\000s}{}% 13
\BOOKMARK [1][-]{appendix.A}{\376\377\000C\000a\000t\000e\000g\000o\000r\000y\000-\000T\000h\000e\000o\000r\000e\000t\000i\000c\000\040\000S\000t\000r\000u\000c\000t\000u\000r\000e\000\040\000o\000f\000\040\000S\000e\000c\000o\000n\000d\000-\000O\000r\000d\000e\000r\000\040\000R\000e\000p\000a\000i\000r}{}% 14
\BOOKMARK [2][-]{subsection.A.1}{\376\377\000T\000h\000e\000\040\000C\000a\000t\000e\000g\000o\000r\000y\000\040\000o\000f\000\040\000R\000e\000p\000a\000i\000r}{appendix.A}% 15
\BOOKMARK [2][-]{subsection.A.2}{\376\377\000S\000e\000c\000o\000n\000d\000-\000O\000r\000d\000e\000r\000\040\000R\000e\000p\000a\000i\000r\000\040\000a\000s\000\040\000M\000o\000r\000p\000h\000i\000s\000m\000\040\000R\000e\000c\000o\000n\000s\000t\000r\000u\000c\000t\000i\000o\000n}{appendix.A}% 16
\BOOKMARK [2][-]{subsection.A.3}{\376\377\000H\000i\000s\000t\000o\000r\000i\000c\000a\000l\000\040\000F\000i\000b\000r\000e\000s}{appendix.A}% 17
\BOOKMARK [2][-]{subsection.A.4}{\376\377\000C\000o\000m\000p\000a\000t\000i\000b\000i\000l\000i\000t\000y\000\040\000w\000i\000t\000h\000\040\000C\000o\000m\000p\000o\000s\000i\000t\000i\000o\000n}{appendix.A}% 18
\BOOKMARK [2][-]{subsection.A.5}{\376\377\000F\000u\000n\000c\000t\000o\000r\000i\000a\000l\000\040\000R\000e\000c\000o\000n\000s\000t\000r\000u\000c\000t\000i\000o\000n}{appendix.A}% 19
\BOOKMARK [1][-]{appendix.B}{\376\377\000A\000l\000g\000e\000b\000r\000a\000\040\000o\000f\000\040\000R\000e\000c\000o\000n\000s\000t\000r\000u\000c\000t\000i\000o\000n\000\040\000O\000p\000e\000r\000a\000t\000o\000r\000s}{}% 20
\BOOKMARK [2][-]{subsection.B.1}{\376\377\000S\000e\000q\000u\000e\000n\000t\000i\000a\000l\000\040\000R\000e\000c\000o\000n\000s\000t\000r\000u\000c\000t\000i\000o\000n}{appendix.B}% 21
\BOOKMARK [2][-]{subsection.B.2}{\376\377\000E\000q\000u\000i\000v\000a\000l\000e\000n\000t\000\040\000H\000i\000s\000t\000o\000r\000i\000e\000s}{appendix.B}% 22
\BOOKMARK [2][-]{subsection.B.3}{\376\377\000R\000e\000c\000o\000n\000s\000t\000r\000u\000c\000t\000i\000o\000n\000\040\000C\000l\000o\000s\000u\000r\000e}{appendix.B}% 23
\BOOKMARK [2][-]{subsection.B.4}{\376\377\000R\000e\000d\000u\000n\000d\000a\000n\000t\000\040\000R\000e\000c\000o\000n\000s\000t\000r\000u\000c\000t\000i\000o\000n}{appendix.B}% 24
\BOOKMARK [2][-]{subsection.B.5}{\376\377\000C\000o\000m\000p\000o\000s\000i\000t\000i\000o\000n\000\040\000o\000f\000\040\000R\000e\000c\000o\000n\000s\000t\000r\000u\000c\000t\000i\000o\000n\000\040\000O\000p\000e\000r\000a\000t\000o\000r\000s}{appendix.B}% 25
\BOOKMARK [2][-]{subsection.B.6}{\376\377\000P\000a\000r\000t\000i\000a\000l\000\040\000O\000r\000d\000e\000r\000\040\000o\000f\000\040\000R\000e\000c\000o\000n\000s\000t\000r\000u\000c\000t\000i\000o\000n}{appendix.B}% 26
\BOOKMARK [2][-]{subsection.B.7}{\376\377\000R\000e\000c\000o\000n\000s\000t\000r\000u\000c\000t\000i\000o\000n\000\040\000L\000a\000t\000t\000i\000c\000e\000s}{appendix.B}% 27
\BOOKMARK [1][-]{appendix.C}{\376\377\000T\000o\000p\000o\000l\000o\000g\000y\000\040\000o\000f\000\040\000R\000e\000c\000o\000n\000s\000t\000r\000u\000c\000t\000i\000o\000n\000\040\000S\000p\000a\000c\000e\000s}{}% 28
\BOOKMARK [2][-]{subsection.C.1}{\376\377\000C\000o\000n\000t\000i\000n\000u\000i\000t\000y\000\040\000o\000f\000\040\000R\000e\000c\000o\000n\000s\000t\000r\000u\000c\000t\000i\000o\000n}{appendix.C}% 29
\BOOKMARK [2][-]{subsection.C.2}{\376\377\000R\000e\000c\000o\000n\000s\000t\000r\000u\000c\000t\000i\000o\000n\000\040\000S\000i\000n\000g\000u\000l\000a\000r\000i\000t\000i\000e\000s}{appendix.C}% 30
\BOOKMARK [2][-]{subsection.C.3}{\376\377\000C\000o\000n\000n\000e\000c\000t\000e\000d\000\040\000C\000o\000m\000p\000o\000n\000e\000n\000t\000s}{appendix.C}% 31
\BOOKMARK [2][-]{subsection.C.4}{\376\377\000B\000o\000u\000n\000d\000a\000r\000y\000\040\000H\000i\000s\000t\000o\000r\000i\000e\000s}{appendix.C}% 32
\BOOKMARK [2][-]{subsection.C.5}{\376\377\000R\000e\000c\000o\000n\000s\000t\000r\000u\000c\000t\000i\000o\000n\000\040\000H\000o\000m\000o\000t\000o\000p\000y}{appendix.C}% 33
\BOOKMARK [1][-]{appendix.D}{\376\377\000S\000p\000e\000c\000t\000r\000a\000l\000\040\000T\000h\000e\000o\000r\000y\000\040\000o\000f\000\040\000M\000a\000i\000n\000t\000e\000n\000a\000n\000c\000e\000\040\000G\000r\000a\000p\000h\000s}{}% 34
\BOOKMARK [2][-]{subsection.D.1}{\376\377\000A\000d\000j\000a\000c\000e\000n\000c\000y\000\040\000a\000n\000d\000\040\000D\000e\000g\000r\000e\000e\000\040\000O\000p\000e\000r\000a\000t\000o\000r\000s}{appendix.D}% 35
\BOOKMARK [2][-]{subsection.D.2}{\376\377\000A\000l\000g\000e\000b\000r\000a\000i\000c\000\040\000C\000o\000n\000n\000e\000c\000t\000i\000v\000i\000t\000y}{appendix.D}% 36
\BOOKMARK [2][-]{subsection.D.3}{\376\377\000M\000a\000i\000n\000t\000e\000n\000a\000n\000c\000e\000\040\000E\000n\000e\000r\000g\000y}{appendix.D}% 37
\BOOKMARK [2][-]{subsection.D.4}{\376\377\000S\000p\000e\000c\000t\000r\000a\000l\000\040\000E\000n\000t\000r\000o\000p\000y}{appendix.D}% 38
\BOOKMARK [2][-]{subsection.D.5}{\376\377\000S\000p\000e\000c\000t\000r\000a\000l\000\040\000S\000t\000a\000b\000i\000l\000i\000t\000y\000\040\000C\000o\000n\000j\000e\000c\000t\000u\000r\000e}{appendix.D}% 39
\BOOKMARK [1][-]{appendix.E}{\376\377\000D\000y\000n\000a\000m\000i\000c\000\040\000M\000a\000i\000n\000t\000e\000n\000a\000n\000c\000e\000\040\000S\000y\000s\000t\000e\000m\000s}{}% 40
\BOOKMARK [2][-]{subsection.E.1}{\376\377\000M\000a\000i\000n\000t\000e\000n\000a\000n\000c\000e\000\040\000F\000l\000o\000w}{appendix.E}% 41
\BOOKMARK [2][-]{subsection.E.2}{\376\377\000H\000i\000s\000t\000o\000r\000i\000c\000a\000l\000\040\000A\000c\000c\000u\000m\000u\000l\000a\000t\000i\000o\000n}{appendix.E}% 42
\BOOKMARK [2][-]{subsection.E.3}{\376\377\000R\000e\000d\000u\000n\000d\000a\000n\000c\000y\000\040\000D\000y\000n\000a\000m\000i\000c\000s}{appendix.E}% 43
\BOOKMARK [2][-]{subsection.E.4}{\376\377\000S\000t\000a\000b\000i\000l\000i\000t\000y\000\040\000A\000n\000a\000l\000y\000s\000i\000s}{appendix.E}% 44
\BOOKMARK [2][-]{subsection.E.5}{\376\377\000C\000o\000u\000p\000l\000i\000n\000g\000\040\000t\000o\000\040\000A\000d\000m\000i\000s\000s\000i\000b\000i\000l\000i\000t\000y}{appendix.E}% 45
\BOOKMARK [1][-]{appendix.F}{\376\377\000L\000e\000a\000r\000n\000i\000n\000g\000\040\000a\000s\000\040\000S\000e\000c\000o\000n\000d\000-\000O\000r\000d\000e\000r\000\040\000R\000e\000p\000a\000i\000r\000:\000\040\000M\000a\000t\000h\000e\000m\000a\000t\000i\000c\000a\000l\000\040\000D\000e\000r\000i\000v\000a\000t\000i\000o\000n}{}% 46
\BOOKMARK [2][-]{subsection.F.1}{\376\377\000H\000i\000e\000r\000a\000r\000c\000h\000i\000c\000a\000l\000\040\000R\000e\000p\000a\000i\000r\000\040\000O\000p\000e\000r\000a\000t\000o\000r\000s}{appendix.F}% 47
\BOOKMARK [2][-]{subsection.F.2}{\376\377\000C\000o\000m\000p\000u\000t\000a\000t\000i\000o\000n\000a\000l\000\040\000H\000i\000s\000t\000o\000r\000i\000e\000s}{appendix.F}% 48
\BOOKMARK [2][-]{subsection.F.3}{\376\377\000R\000e\000v\000e\000r\000s\000e\000\040\000R\000e\000c\000o\000n\000s\000t\000r\000u\000c\000t\000i\000o\000n}{appendix.F}% 49
\BOOKMARK [2][-]{subsection.F.4}{\376\377\000R\000e\000p\000a\000i\000r\000\040\000F\000i\000e\000l\000d\000s\000\040\000a\000n\000d\000\040\000I\000n\000t\000e\000r\000f\000a\000c\000e\000\040\000R\000e\000s\000t\000r\000i\000c\000t\000i\000o\000n}{appendix.F}% 50
\BOOKMARK [2][-]{subsection.F.5}{\376\377\000L\000o\000c\000a\000l\000\040\000R\000e\000c\000o\000n\000s\000t\000r\000u\000c\000t\000i\000o\000n\000\040\000a\000n\000d\000\040\000C\000o\000o\000r\000d\000i\000n\000a\000t\000e\000\040\000R\000e\000p\000r\000e\000s\000e\000n\000t\000a\000t\000i\000o\000n}{appendix.F}% 51
\BOOKMARK [1][-]{appendix.G}{\376\377\000R\000e\000c\000u\000r\000s\000i\000v\000e\000\040\000M\000a\000i\000n\000t\000e\000n\000a\000n\000c\000e\000\040\000H\000i\000e\000r\000a\000r\000c\000h\000i\000e\000s}{}% 52
\BOOKMARK [2][-]{subsection.G.1}{\376\377\000R\000e\000c\000u\000r\000s\000i\000v\000e\000\040\000R\000e\000c\000o\000n\000s\000t\000r\000u\000c\000t\000i\000o\000n}{appendix.G}% 53
\BOOKMARK [2][-]{subsection.G.2}{\376\377\000R\000e\000c\000u\000r\000s\000i\000v\000e\000\040\000C\000l\000o\000s\000u\000r\000e}{appendix.G}% 54
\BOOKMARK [2][-]{subsection.G.3}{\376\377\000M\000a\000i\000n\000t\000e\000n\000a\000n\000c\000e\000\040\000F\000i\000x\000e\000d\000\040\000P\000o\000i\000n\000t\000s}{appendix.G}% 55
\BOOKMARK [2][-]{subsection.G.4}{\376\377\000R\000e\000c\000u\000r\000s\000i\000v\000e\000\040\000S\000t\000a\000b\000i\000l\000i\000t\000y}{appendix.G}% 56
\BOOKMARK [2][-]{subsection.G.5}{\376\377\000M\000a\000i\000n\000t\000e\000n\000a\000n\000c\000e\000\040\000D\000i\000m\000e\000n\000s\000i\000o\000n}{appendix.G}% 57
\BOOKMARK [1][-]{appendix.H}{\376\377\000I\000n\000f\000o\000r\000m\000a\000t\000i\000o\000n\000-\000T\000h\000e\000o\000r\000e\000t\000i\000c\000\040\000B\000o\000u\000n\000d\000s\000\040\000o\000n\000\040\000R\000e\000c\000o\000n\000s\000t\000r\000u\000c\000t\000i\000o\000n}{}% 58
\BOOKMARK [2][-]{subsection.H.1}{\376\377\000R\000e\000c\000o\000n\000s\000t\000r\000u\000c\000t\000i\000o\000n\000\040\000E\000n\000t\000r\000o\000p\000y}{appendix.H}% 59
\BOOKMARK [2][-]{subsection.H.2}{\376\377\000M\000u\000t\000u\000a\000l\000\040\000R\000e\000c\000o\000n\000s\000t\000r\000u\000c\000t\000i\000o\000n\000\040\000I\000n\000f\000o\000r\000m\000a\000t\000i\000o\000n}{appendix.H}% 60
\BOOKMARK [2][-]{subsection.H.3}{\376\377\000M\000i\000n\000i\000m\000a\000l\000\040\000H\000i\000s\000t\000o\000r\000i\000e\000s}{appendix.H}% 61
\BOOKMARK [2][-]{subsection.H.4}{\376\377\000L\000o\000w\000e\000r\000\040\000B\000o\000u\000n\000d\000s}{appendix.H}% 62
\BOOKMARK [2][-]{subsection.H.5}{\376\377\000R\000e\000d\000u\000n\000d\000a\000n\000c\000y\000\040\000a\000s\000\040\000C\000o\000d\000i\000n\000g}{appendix.H}% 63
\BOOKMARK [2][-]{subsection.H.6}{\376\377\000H\000i\000s\000t\000o\000r\000i\000c\000a\000l\000\040\000C\000o\000m\000p\000r\000e\000s\000s\000i\000o\000n}{appendix.H}% 64
\BOOKMARK [1][-]{appendix.I}{\376\377\000R\000e\000c\000o\000n\000s\000t\000r\000u\000c\000t\000i\000o\000n\000\040\000C\000u\000r\000v\000a\000t\000u\000r\000e}{}% 65
\BOOKMARK [2][-]{subsection.I.1}{\376\377\000R\000e\000c\000o\000n\000s\000t\000r\000u\000c\000t\000i\000o\000n\000\040\000D\000i\000s\000t\000a\000n\000c\000e}{appendix.I}% 66
\BOOKMARK [2][-]{subsection.I.2}{\376\377\000R\000e\000c\000o\000n\000s\000t\000r\000u\000c\000t\000i\000o\000n\000\040\000M\000a\000n\000i\000f\000o\000l\000d\000s}{appendix.I}% 67
\BOOKMARK [2][-]{subsection.I.3}{\376\377\000G\000e\000o\000d\000e\000s\000i\000c\000s\000\040\000o\000f\000\040\000R\000e\000c\000o\000n\000s\000t\000r\000u\000c\000t\000i\000o\000n}{appendix.I}% 68
\BOOKMARK [2][-]{subsection.I.4}{\376\377\000P\000a\000r\000a\000l\000l\000e\000l\000\040\000R\000e\000c\000o\000n\000s\000t\000r\000u\000c\000t\000i\000o\000n\000\040\000a\000n\000d\000\040\000H\000o\000l\000o\000n\000o\000m\000y}{appendix.I}% 69
\BOOKMARK [1][-]{appendix.J}{\376\377\000A\000d\000d\000i\000t\000i\000o\000n\000a\000l\000\040\000P\000r\000o\000o\000f\000s}{}% 70
\BOOKMARK [2][-]{subsection.J.1}{\376\377\000M\000o\000n\000o\000t\000o\000n\000i\000c\000i\000t\000y\000\040\000o\000f\000\040\000R\000e\000c\000o\000n\000s\000t\000r\000u\000c\000t\000i\000o\000n\000\040\000R\000e\000d\000u\000n\000d\000a\000n\000c\000y}{appendix.J}% 71
\BOOKMARK [2][-]{subsection.J.2}{\376\377\000M\000o\000n\000o\000t\000o\000n\000i\000c\000i\000t\000y\000\040\000o\000f\000\040\000t\000h\000e\000\040\000R\000e\000p\000a\000i\000r\000\040\000R\000e\000p\000e\000r\000t\000o\000i\000r\000e}{appendix.J}% 72
\BOOKMARK [2][-]{subsection.J.3}{\376\377\000C\000o\000n\000t\000r\000a\000c\000t\000i\000o\000n\000\040\000U\000n\000d\000e\000r\000\040\000H\000i\000s\000t\000o\000r\000i\000c\000a\000l\000\040\000L\000o\000s\000s}{appendix.J}% 73
\BOOKMARK [2][-]{subsection.J.4}{\376\377\000R\000e\000c\000o\000n\000s\000t\000r\000u\000c\000t\000i\000v\000e\000\040\000S\000t\000a\000b\000i\000l\000i\000t\000y}{appendix.J}% 74
\BOOKMARK [2][-]{subsection.J.5}{\376\377\000F\000r\000a\000g\000m\000e\000n\000t\000a\000t\000i\000o\000n\000\040\000B\000o\000u\000n\000d}{appendix.J}% 75
\BOOKMARK [2][-]{subsection.J.6}{\376\377\000R\000e\000c\000u\000r\000s\000i\000v\000e\000\040\000S\000t\000a\000b\000i\000l\000i\000t\000y\000\040\000B\000o\000u\000n\000d}{appendix.J}% 76
