\BOOKMARK [1][-]{section.1}{\376\377\000I\000n\000t\000r\000o\000d\000u\000c\000t\000i\000o\000n\000:\000\040\000F\000r\000o\000m\000\040\000T\000h\000e\000r\000m\000o\000d\000y\000n\000a\000m\000i\000c\000\040\000O\000r\000d\000e\000r\000\040\000t\000o\000\040\000C\000o\000g\000n\000i\000t\000i\000v\000e\000\040\000M\000o\000d\000u\000l\000a\000r\000i\000t\000y}{}% 1
\BOOKMARK [2][-]{subsection.1.1}{\376\377\000B\000a\000c\000k\000g\000r\000o\000u\000n\000d\000:\000\040\000T\000h\000e\000\040\000E\000n\000e\000r\000g\000e\000t\000i\000c\000\040\000P\000r\000o\000b\000l\000e\000m\000\040\000o\000f\000\040\000C\000o\000n\000s\000c\000i\000o\000u\000s\000n\000e\000s\000s}{section.1}% 2
\BOOKMARK [2][-]{subsection.1.2}{\376\377\000F\000r\000o\000m\000\040\000E\000n\000e\000r\000g\000y\000\040\000F\000l\000o\000w\000\040\000t\000o\000\040\000I\000n\000f\000o\000r\000m\000a\000t\000i\000o\000n\000\040\000F\000l\000o\000w}{section.1}% 3
\BOOKMARK [2][-]{subsection.1.3}{\376\377\000P\000r\000e\000d\000i\000c\000t\000i\000v\000e\000\040\000R\000e\000g\000u\000l\000a\000t\000i\000o\000n\000\040\000a\000s\000\040\000a\000\040\000U\000n\000i\000v\000e\000r\000s\000a\000l\000\040\000C\000o\000g\000n\000i\000t\000i\000v\000e\000\040\000P\000r\000i\000n\000c\000i\000p\000l\000e}{section.1}% 4
\BOOKMARK [2][-]{subsection.1.4}{\376\377\000F\000r\000o\000m\000\040\000T\000h\000e\000r\000m\000o\000d\000y\000n\000a\000m\000i\000c\000s\000\040\000t\000o\000\040\000C\000o\000g\000n\000i\000t\000i\000v\000e\000\040\000M\000o\000d\000u\000l\000a\000r\000i\000t\000y}{section.1}% 5
\BOOKMARK [2][-]{subsection.1.5}{\376\377\000C\000o\000n\000s\000c\000i\000o\000u\000s\000n\000e\000s\000s\000\040\000a\000s\000\040\000R\000e\000c\000u\000r\000s\000i\000v\000e\000\040\000U\000n\000c\000e\000r\000t\000a\000i\000n\000t\000y\000\040\000M\000i\000n\000i\000m\000i\000z\000a\000t\000i\000o\000n}{section.1}% 6
\BOOKMARK [2][-]{subsection.1.6}{\376\377\000S\000c\000o\000p\000e\000\040\000a\000n\000d\000\040\000M\000e\000t\000h\000o\000d\000o\000l\000o\000g\000i\000c\000a\000l\000\040\000I\000n\000t\000e\000g\000r\000a\000t\000i\000o\000n}{section.1}% 7
\BOOKMARK [2][-]{subsection.1.7}{\376\377\000T\000o\000w\000a\000r\000d\000\040\000a\000\040\000M\000o\000d\000u\000l\000a\000r\000\040\000C\000o\000n\000t\000i\000n\000u\000u\000m\000\040\000o\000f\000\040\000C\000o\000n\000s\000c\000i\000o\000u\000s\000n\000e\000s\000s}{section.1}% 8
\BOOKMARK [1][-]{section.2}{\376\377\000G\000e\000o\000c\000h\000e\000m\000i\000c\000a\000l\000\040\000F\000o\000u\000n\000d\000a\000t\000i\000o\000n\000s\000\040\000o\000f\000\040\000D\000i\000s\000t\000r\000i\000b\000u\000t\000e\000d\000\040\000C\000o\000g\000n\000i\000t\000i\000o\000n}{}% 9
\BOOKMARK [2][-]{subsection.2.1}{\376\377\000T\000h\000e\000\040\000P\000l\000a\000n\000e\000t\000\040\000a\000s\000\040\000a\000\040\000C\000o\000g\000n\000i\000t\000i\000v\000e\000\040\000S\000u\000b\000s\000t\000r\000a\000t\000e}{section.2}% 10
\BOOKMARK [2][-]{subsection.2.2}{\376\377\000L\000u\000n\000a\000r\000\040\000T\000r\000i\000t\000u\000r\000a\000t\000i\000o\000n\000\040\000a\000n\000d\000\040\000t\000h\000e\000\040\000M\000i\000n\000e\000r\000a\000l\000\040\000P\000r\000e\000h\000i\000s\000t\000o\000r\000y\000\040\000o\000f\000\040\000M\000i\000n\000d}{section.2}% 11
\BOOKMARK [2][-]{subsection.2.3}{\376\377\000C\000o\000l\000l\000e\000c\000t\000i\000v\000e\000\040\000A\000u\000t\000o\000c\000a\000t\000a\000l\000y\000s\000i\000s\000:\000\040\000F\000r\000o\000m\000\040\000C\000h\000e\000m\000i\000s\000t\000r\000y\000\040\000t\000o\000\040\000C\000o\000m\000p\000u\000t\000a\000t\000i\000o\000n}{section.2}% 12
\BOOKMARK [2][-]{subsection.2.4}{\376\377\000E\000i\000g\000e\000n\040\031\000s\000\040\000H\000y\000p\000e\000r\000c\000y\000c\000l\000e\000\040\000a\000n\000d\000\040\000t\000h\000e\000\040\000I\000n\000f\000o\000r\000m\000a\000t\000i\000o\000n\000\040\000B\000o\000t\000t\000l\000e\000n\000e\000c\000k}{section.2}% 13
\BOOKMARK [2][-]{subsection.2.5}{\376\377\000E\000n\000v\000i\000r\000o\000n\000m\000e\000n\000t\000a\000l\000\040\000F\000e\000e\000d\000b\000a\000c\000k\000\040\000a\000n\000d\000\040\000P\000l\000a\000n\000e\000t\000a\000r\000y\000\040\000S\000t\000i\000g\000m\000e\000r\000g\000y}{section.2}% 14
\BOOKMARK [2][-]{subsection.2.6}{\376\377\000T\000h\000e\000\040\000T\000r\000a\000n\000s\000i\000t\000i\000o\000n\000\040\000t\000o\000\040\000E\000n\000c\000a\000p\000s\000u\000l\000a\000t\000i\000o\000n}{section.2}% 15
\BOOKMARK [2][-]{subsection.2.7}{\376\377\000D\000i\000s\000t\000r\000i\000b\000u\000t\000e\000d\000\040\000C\000o\000g\000n\000i\000t\000i\000o\000n\000\040\000B\000e\000f\000o\000r\000e\000\040\000L\000i\000f\000e}{section.2}% 16
\BOOKMARK [2][-]{subsection.2.8}{\376\377\000S\000u\000m\000m\000a\000r\000y\000\040\000a\000n\000d\000\040\000T\000h\000e\000o\000r\000e\000t\000i\000c\000a\000l\000\040\000I\000m\000p\000l\000i\000c\000a\000t\000i\000o\000n\000s}{section.2}% 17
\BOOKMARK [1][-]{section.3}{\376\377\000F\000r\000o\000m\000\040\000G\000l\000o\000b\000a\000l\000\040\000A\000u\000t\000o\000c\000a\000t\000a\000l\000y\000s\000i\000s\000\040\000t\000o\000\040\000E\000n\000c\000a\000p\000s\000u\000l\000a\000t\000i\000o\000n}{}% 18
\BOOKMARK [2][-]{subsection.3.1}{\376\377\000F\000r\000o\000m\000\040\000O\000p\000e\000n\000\040\000N\000e\000t\000w\000o\000r\000k\000s\000\040\000t\000o\000\040\000B\000o\000u\000n\000d\000e\000d\000\040\000S\000y\000s\000t\000e\000m\000s}{section.3}% 19
\BOOKMARK [2][-]{subsection.3.2}{\376\377\000T\000h\000e\000\040\000T\000h\000e\000r\000m\000o\000d\000y\000n\000a\000m\000i\000c\000\040\000N\000e\000c\000e\000s\000s\000i\000t\000y\000\040\000o\000f\000\040\000B\000o\000u\000n\000d\000a\000r\000i\000e\000s}{section.3}% 20
\BOOKMARK [2][-]{subsection.3.3}{\376\377\000M\000i\000n\000e\000r\000a\000l\000\040\000P\000o\000r\000e\000s\000\040\000a\000s\000\040\000P\000r\000o\000t\000o\000-\000M\000e\000m\000b\000r\000a\000n\000e\000s}{section.3}% 21
\BOOKMARK [2][-]{subsection.3.4}{\376\377\000T\000h\000e\000\040\000C\000h\000e\000m\000o\000t\000o\000n\000\040\000a\000n\000d\000\040\000t\000h\000e\000\040\000C\000o\000u\000p\000l\000i\000n\000g\000\040\000o\000f\000\040\000C\000y\000c\000l\000e\000s}{section.3}% 22
\BOOKMARK [2][-]{subsection.3.5}{\376\377\000E\000n\000c\000a\000p\000s\000u\000l\000a\000t\000i\000o\000n\000\040\000a\000s\000\040\000P\000r\000e\000d\000i\000c\000t\000i\000v\000e\000\040\000C\000o\000n\000s\000t\000r\000a\000i\000n\000t}{section.3}% 23
\BOOKMARK [2][-]{subsection.3.6}{\376\377\000F\000r\000o\000m\000\040\000M\000e\000t\000a\000b\000o\000l\000i\000c\000\040\000t\000o\000\040\000I\000n\000f\000o\000r\000m\000a\000t\000i\000o\000n\000a\000l\000\040\000C\000l\000o\000s\000u\000r\000e}{section.3}% 24
\BOOKMARK [2][-]{subsection.3.7}{\376\377\000A\000u\000t\000o\000c\000a\000t\000a\000l\000y\000t\000i\000c\000\040\000N\000e\000t\000w\000o\000r\000k\000s\000\040\000w\000i\000t\000h\000i\000n\000\040\000V\000e\000s\000i\000c\000l\000e\000s}{section.3}% 25
\BOOKMARK [2][-]{subsection.3.8}{\376\377\000T\000h\000e\000\040\000C\000o\000g\000n\000i\000t\000i\000v\000e\000\040\000R\000o\000l\000e\000\040\000o\000f\000\040\000D\000i\000f\000f\000u\000s\000i\000o\000n\000\040\000a\000n\000d\000\040\000E\000x\000c\000h\000a\000n\000g\000e}{section.3}% 26
\BOOKMARK [2][-]{subsection.3.9}{\376\377\000E\000n\000c\000a\000p\000s\000u\000l\000a\000t\000i\000o\000n\000\040\000a\000s\000\040\000C\000o\000g\000n\000i\000t\000i\000v\000e\000\040\000I\000n\000h\000e\000r\000i\000t\000a\000n\000c\000e}{section.3}% 27
\BOOKMARK [2][-]{subsection.3.10}{\376\377\000S\000u\000m\000m\000a\000r\000y\000:\000\040\000T\000h\000e\000\040\000P\000r\000e\000d\000i\000c\000t\000i\000v\000e\000\040\000T\000u\000r\000n\000\040\000i\000n\000\040\000P\000r\000e\000b\000i\000o\000t\000i\000c\000\040\000E\000v\000o\000l\000u\000t\000i\000o\000n}{section.3}% 28
\BOOKMARK [1][-]{section.4}{\376\377\000L\000i\000t\000h\000i\000c\000\040\000M\000e\000m\000o\000r\000y\000\040\000a\000n\000d\000\040\000P\000r\000o\000t\000o\000-\000R\000e\000f\000l\000e\000x\000i\000v\000i\000t\000y}{}% 29
\BOOKMARK [2][-]{subsection.4.1}{\376\377\000M\000e\000m\000o\000r\000y\000\040\000B\000e\000f\000o\000r\000e\000\040\000M\000i\000n\000d}{section.4}% 30
\BOOKMARK [2][-]{subsection.4.2}{\376\377\000T\000h\000e\000\040\000T\000h\000e\000r\000m\000o\000d\000y\000n\000a\000m\000i\000c\000s\000\040\000o\000f\000\040\000P\000e\000r\000s\000i\000s\000t\000e\000n\000c\000e}{section.4}% 31
\BOOKMARK [2][-]{subsection.4.3}{\376\377\000C\000a\000t\000a\000l\000y\000t\000i\000c\000\040\000S\000u\000r\000f\000a\000c\000e\000s\000\040\000a\000s\000\040\000A\000s\000s\000o\000c\000i\000a\000t\000i\000v\000e\000\040\000N\000e\000t\000w\000o\000r\000k\000s}{section.4}% 32
\BOOKMARK [2][-]{subsection.4.4}{\376\377\000T\000h\000e\000\040\000R\000e\000f\000l\000e\000x\000i\000v\000e\000\040\000T\000u\000r\000n\000:\000\040\000F\000r\000o\000m\000\040\000S\000t\000o\000r\000a\000g\000e\000\040\000t\000o\000\040\000A\000n\000t\000i\000c\000i\000p\000a\000t\000i\000o\000n}{section.4}% 33
\BOOKMARK [2][-]{subsection.4.5}{\376\377\000M\000i\000n\000e\000r\000a\000l\000\040\000N\000e\000t\000w\000o\000r\000k\000s\000\040\000a\000s\000\040\000P\000r\000o\000t\000o\000-\000S\000y\000m\000b\000o\000l\000i\000c\000\040\000S\000y\000s\000t\000e\000m\000s}{section.4}% 34
\BOOKMARK [2][-]{subsection.4.6}{\376\377\000E\000n\000c\000o\000d\000i\000n\000g\000\040\000i\000n\000\040\000t\000h\000e\000\040\000C\000o\000n\000t\000e\000x\000t\000\040\000o\000f\000\040\000t\000h\000e\000\040\000E\000n\000v\000i\000r\000o\000n\000m\000e\000n\000t}{section.4}% 35
\BOOKMARK [2][-]{subsection.4.7}{\376\377\000F\000r\000o\000m\000\040\000L\000i\000t\000h\000i\000c\000\040\000R\000e\000f\000l\000e\000x\000i\000v\000i\000t\000y\000\040\000t\000o\000\040\000P\000r\000o\000t\000o\000c\000e\000l\000l\000u\000l\000a\000r\000\040\000M\000e\000m\000o\000r\000y}{section.4}% 36
\BOOKMARK [2][-]{subsection.4.8}{\376\377\000P\000r\000o\000t\000o\000-\000R\000e\000f\000l\000e\000x\000i\000v\000i\000t\000y\000\040\000a\000n\000d\000\040\000t\000h\000e\000\040\000G\000e\000o\000m\000e\000t\000r\000y\000\040\000o\000f\000\040\000F\000e\000e\000d\000b\000a\000c\000k}{section.4}% 37
\BOOKMARK [2][-]{subsection.4.9}{\376\377\000F\000r\000o\000m\000\040\000L\000i\000t\000h\000i\000c\000\040\000M\000e\000m\000o\000r\000y\000\040\000t\000o\000\040\000I\000n\000s\000t\000i\000t\000u\000t\000i\000o\000n\000a\000l\000\040\000C\000o\000g\000n\000i\000t\000i\000o\000n}{section.4}% 38
\BOOKMARK [2][-]{subsection.4.10}{\376\377\000S\000u\000m\000m\000a\000r\000y\000\040\000a\000n\000d\000\040\000T\000r\000a\000n\000s\000i\000t\000i\000o\000n}{section.4}% 39
\BOOKMARK [1][-]{section.5}{\376\377\000P\000r\000e\000b\000i\000o\000t\000i\000c\000\040\000M\000o\000d\000u\000l\000a\000r\000i\000t\000y\000\040\000a\000n\000d\000\040\000t\000h\000e\000\040\000D\000e\000s\000c\000e\000n\000t\000\040\000T\000o\000w\000a\000r\000d\000\040\000B\000o\000u\000n\000d\000e\000d\000\040\000I\000n\000t\000e\000l\000l\000i\000g\000e\000n\000c\000e}{}% 40
\BOOKMARK [2][-]{subsection.5.1}{\376\377\000F\000r\000o\000m\000\040\000R\000e\000f\000l\000e\000x\000i\000v\000e\000\040\000F\000i\000e\000l\000d\000s\000\040\000t\000o\000\040\000M\000o\000d\000u\000l\000a\000r\000\040\000A\000g\000e\000n\000t\000s}{section.5}% 41
\BOOKMARK [2][-]{subsection.5.2}{\376\377\000T\000h\000e\000r\000m\000o\000d\000y\000n\000a\000m\000i\000c\000\040\000R\000a\000t\000i\000o\000n\000a\000l\000e\000\040\000f\000o\000r\000\040\000M\000o\000d\000u\000l\000a\000r\000i\000t\000y}{section.5}% 42
\BOOKMARK [2][-]{subsection.5.3}{\376\377\000A\000u\000t\000o\000c\000a\000t\000a\000l\000y\000t\000i\000c\000\040\000S\000u\000b\000n\000e\000t\000w\000o\000r\000k\000s\000\040\000a\000n\000d\000\040\000H\000i\000e\000r\000a\000r\000c\000h\000i\000c\000a\000l\000\040\000C\000l\000o\000s\000u\000r\000e}{section.5}% 43
\BOOKMARK [2][-]{subsection.5.4}{\376\377\000S\000p\000a\000t\000i\000a\000l\000\040\000D\000i\000f\000f\000e\000r\000e\000n\000t\000i\000a\000t\000i\000o\000n\000\040\000a\000n\000d\000\040\000C\000h\000e\000m\000i\000c\000a\000l\000\040\000Z\000o\000n\000i\000n\000g}{section.5}% 44
\BOOKMARK [2][-]{subsection.5.5}{\376\377\000I\000n\000f\000o\000r\000m\000a\000t\000i\000o\000n\000\040\000B\000o\000t\000t\000l\000e\000n\000e\000c\000k\000s\000\040\000a\000n\000d\000\040\000P\000r\000e\000d\000i\000c\000t\000i\000v\000e\000\040\000E\000f\000f\000i\000c\000i\000e\000n\000c\000y}{section.5}% 45
\BOOKMARK [2][-]{subsection.5.6}{\376\377\000C\000o\000u\000p\000l\000i\000n\000g\000\040\000B\000e\000t\000w\000e\000e\000n\000\040\000M\000o\000d\000u\000l\000e\000s\000:\000\040\000T\000o\000w\000a\000r\000d\000\040\000I\000n\000t\000e\000g\000r\000a\000t\000i\000o\000n}{section.5}% 46
\BOOKMARK [2][-]{subsection.5.7}{\376\377\000E\000r\000r\000o\000r\000,\000\040\000R\000e\000d\000u\000n\000d\000a\000n\000c\000y\000,\000\040\000a\000n\000d\000\040\000R\000o\000b\000u\000s\000t\000n\000e\000s\000s}{section.5}% 47
\BOOKMARK [2][-]{subsection.5.8}{\376\377\000T\000h\000e\000\040\000D\000e\000s\000c\000e\000n\000t\000\040\000T\000o\000w\000a\000r\000d\000\040\000B\000o\000u\000n\000d\000e\000d\000\040\000I\000n\000t\000e\000l\000l\000i\000g\000e\000n\000c\000e}{section.5}% 48
\BOOKMARK [2][-]{subsection.5.9}{\376\377\000T\000h\000e\000\040\000C\000o\000g\000n\000i\000t\000i\000v\000e\000\040\000T\000o\000p\000o\000l\000o\000g\000y\000\040\000o\000f\000\040\000M\000o\000d\000u\000l\000a\000r\000i\000t\000y}{section.5}% 49
\BOOKMARK [2][-]{subsection.5.10}{\376\377\000P\000r\000e\000b\000i\000o\000t\000i\000c\000\040\000M\000o\000d\000u\000l\000a\000r\000i\000t\000y\000\040\000a\000s\000\040\000t\000h\000e\000\040\000T\000e\000m\000p\000l\000a\000t\000e\000\040\000f\000o\000r\000\040\000C\000o\000n\000s\000c\000i\000o\000u\000s\000\040\000H\000i\000e\000r\000a\000r\000c\000h\000i\000e\000s}{section.5}% 50
\BOOKMARK [2][-]{subsection.5.11}{\376\377\000S\000u\000m\000m\000a\000r\000y\000\040\000a\000n\000d\000\040\000T\000r\000a\000n\000s\000i\000t\000i\000o\000n}{section.5}% 51
\BOOKMARK [1][-]{section.6}{\376\377\000D\000i\000s\000t\000r\000i\000b\000u\000t\000e\000d\000\040\000C\000o\000g\000n\000i\000t\000i\000o\000n\000\040\000i\000n\000\040\000E\000u\000s\000o\000c\000i\000a\000l\000\040\000S\000y\000s\000t\000e\000m\000s}{}% 52
\BOOKMARK [2][-]{subsection.6.1}{\376\377\000F\000r\000o\000m\000\040\000C\000e\000l\000l\000u\000l\000a\000r\000\040\000M\000o\000d\000u\000l\000a\000r\000i\000t\000y\000\040\000t\000o\000\040\000C\000o\000l\000l\000e\000c\000t\000i\000v\000e\000\040\000M\000i\000n\000d}{section.6}% 53
\BOOKMARK [2][-]{subsection.6.2}{\376\377\000F\000u\000n\000c\000t\000i\000o\000n\000a\000l\000\040\000M\000o\000d\000u\000l\000a\000r\000i\000t\000y\000\040\000a\000n\000d\000\040\000D\000i\000v\000i\000s\000i\000o\000n\000\040\000o\000f\000\040\000L\000a\000b\000o\000r}{section.6}% 54
\BOOKMARK [2][-]{subsection.6.3}{\376\377\000S\000t\000i\000g\000m\000e\000r\000g\000i\000c\000\040\000C\000o\000m\000m\000u\000n\000i\000c\000a\000t\000i\000o\000n\000\040\000a\000n\000d\000\040\000E\000n\000v\000i\000r\000o\000n\000m\000e\000n\000t\000a\000l\000\040\000C\000o\000u\000p\000l\000i\000n\000g}{section.6}% 55
\BOOKMARK [2][-]{subsection.6.4}{\376\377\000P\000a\000r\000a\000l\000l\000e\000l\000i\000s\000m\000\040\000a\000n\000d\000\040\000P\000o\000p\000u\000l\000a\000t\000i\000o\000n\000\040\000C\000o\000d\000i\000n\000g}{section.6}% 56
\BOOKMARK [2][-]{subsection.6.5}{\376\377\000T\000e\000m\000p\000o\000r\000a\000l\000\040\000D\000i\000f\000f\000e\000r\000e\000n\000t\000i\000a\000t\000i\000o\000n\000\040\000a\000n\000d\000\040\000R\000o\000l\000e\000\040\000P\000l\000a\000s\000t\000i\000c\000i\000t\000y}{section.6}% 57
\BOOKMARK [2][-]{subsection.6.6}{\376\377\000C\000o\000l\000l\000e\000c\000t\000i\000v\000e\000\040\000C\000o\000n\000s\000t\000r\000u\000c\000t\000i\000o\000n\000\040\000a\000n\000d\000\040\000P\000r\000e\000d\000i\000c\000t\000i\000v\000e\000\040\000C\000o\000o\000r\000d\000i\000n\000a\000t\000i\000o\000n}{section.6}% 58
\BOOKMARK [2][-]{subsection.6.7}{\376\377\000C\000o\000l\000l\000e\000c\000t\000i\000v\000e\000\040\000D\000e\000c\000i\000s\000i\000o\000n\000-\000M\000a\000k\000i\000n\000g\000\040\000a\000s\000\040\000I\000n\000f\000e\000r\000e\000n\000c\000e}{section.6}% 59
\BOOKMARK [2][-]{subsection.6.8}{\376\377\000C\000o\000l\000o\000n\000y\000\040\000H\000o\000m\000e\000o\000s\000t\000a\000s\000i\000s\000\040\000a\000n\000d\000\040\000T\000h\000e\000r\000m\000o\000d\000y\000n\000a\000m\000i\000c\000\040\000R\000e\000g\000u\000l\000a\000t\000i\000o\000n}{section.6}% 60
\BOOKMARK [2][-]{subsection.6.9}{\376\377\000C\000o\000m\000m\000u\000n\000i\000c\000a\000t\000i\000o\000n\000\040\000N\000o\000i\000s\000e\000\040\000a\000n\000d\000\040\000R\000o\000b\000u\000s\000t\000n\000e\000s\000s}{section.6}% 61
\BOOKMARK [2][-]{subsection.6.10}{\376\377\000C\000o\000g\000n\000i\000t\000i\000v\000e\000\040\000E\000c\000o\000l\000o\000g\000y\000\040\000a\000n\000d\000\040\000D\000i\000s\000t\000r\000i\000b\000u\000t\000e\000d\000\040\000M\000e\000m\000o\000r\000y}{section.6}% 62
\BOOKMARK [2][-]{subsection.6.11}{\376\377\000T\000h\000e\000\040\000S\000u\000p\000e\000r\000o\000r\000g\000a\000n\000i\000s\000m\000\040\000a\000s\000\040\000C\000o\000g\000n\000i\000t\000i\000v\000e\000\040\000P\000r\000o\000t\000o\000t\000y\000p\000e}{section.6}% 63
\BOOKMARK [2][-]{subsection.6.12}{\376\377\000S\000u\000m\000m\000a\000r\000y\000\040\000a\000n\000d\000\040\000T\000r\000a\000n\000s\000i\000t\000i\000o\000n}{section.6}% 64
\BOOKMARK [1][-]{section.7}{\376\377\000P\000r\000e\000d\000i\000c\000t\000i\000v\000e\000\040\000C\000o\000d\000i\000n\000g\000\040\000a\000n\000d\000\040\000T\000h\000e\000r\000m\000o\000d\000y\000n\000a\000m\000i\000c\000\040\000R\000e\000g\000u\000l\000a\000t\000i\000o\000n}{}% 65
\BOOKMARK [2][-]{subsection.7.1}{\376\377\000T\000h\000e\000\040\000E\000n\000e\000r\000g\000e\000t\000i\000c\000\040\000B\000a\000s\000i\000s\000\040\000o\000f\000\040\000P\000r\000e\000d\000i\000c\000t\000i\000o\000n}{section.7}% 66
\BOOKMARK [2][-]{subsection.7.2}{\376\377\000P\000r\000e\000d\000i\000c\000t\000i\000o\000n\000\040\000a\000s\000\040\000t\000h\000e\000\040\000S\000u\000c\000c\000e\000s\000s\000o\000r\000\040\000o\000f\000\040\000H\000o\000m\000e\000o\000s\000t\000a\000s\000i\000s}{section.7}% 67
\BOOKMARK [2][-]{subsection.7.3}{\376\377\000F\000r\000e\000e\000\040\000E\000n\000e\000r\000g\000y\000\040\000a\000n\000d\000\040\000I\000n\000f\000o\000r\000m\000a\000t\000i\000o\000n\000\040\000G\000e\000o\000m\000e\000t\000r\000y}{section.7}% 68
\BOOKMARK [2][-]{subsection.7.4}{\376\377\000E\000n\000t\000r\000o\000p\000y\000,\000\040\000N\000e\000g\000e\000n\000t\000r\000o\000p\000y\000,\000\040\000a\000n\000d\000\040\000O\000r\000g\000a\000n\000i\000z\000a\000t\000i\000o\000n\000a\000l\000\040\000S\000t\000a\000b\000i\000l\000i\000t\000y}{section.7}% 69
\BOOKMARK [2][-]{subsection.7.5}{\376\377\000H\000i\000e\000r\000a\000r\000c\000h\000i\000c\000a\000l\000\040\000I\000n\000f\000e\000r\000e\000n\000c\000e\000\040\000i\000n\000\040\000B\000i\000o\000l\000o\000g\000i\000c\000a\000l\000\040\000N\000e\000t\000w\000o\000r\000k\000s}{section.7}% 70
\BOOKMARK [2][-]{subsection.7.6}{\376\377\000A\000c\000t\000i\000v\000e\000\040\000I\000n\000f\000e\000r\000e\000n\000c\000e\000\040\000a\000n\000d\000\040\000B\000e\000h\000a\000v\000i\000o\000r\000a\000l\000\040\000C\000o\000n\000t\000r\000o\000l}{section.7}% 71
\BOOKMARK [2][-]{subsection.7.7}{\376\377\000P\000r\000e\000d\000i\000c\000t\000i\000v\000e\000\040\000C\000o\000d\000i\000n\000g\000\040\000a\000s\000\040\000a\000\040\000C\000o\000n\000t\000i\000n\000u\000a\000t\000i\000o\000n\000\040\000o\000f\000\040\000P\000r\000e\000b\000i\000o\000t\000i\000c\000\040\000R\000e\000f\000l\000e\000x\000i\000v\000i\000t\000y}{section.7}% 72
\BOOKMARK [2][-]{subsection.7.8}{\376\377\000C\000o\000l\000l\000e\000c\000t\000i\000v\000e\000\040\000I\000n\000f\000e\000r\000e\000n\000c\000e\000\040\000a\000n\000d\000\040\000C\000o\000l\000o\000n\000y\000-\000L\000e\000v\000e\000l\000\040\000P\000r\000e\000d\000i\000c\000t\000i\000o\000n}{section.7}% 73
\BOOKMARK [2][-]{subsection.7.9}{\376\377\000E\000n\000t\000r\000o\000p\000y\000\040\000R\000e\000g\000u\000l\000a\000t\000i\000o\000n\000\040\000i\000n\000\040\000C\000o\000m\000m\000u\000n\000i\000c\000a\000t\000i\000o\000n\000\040\000N\000e\000t\000w\000o\000r\000k\000s}{section.7}% 74
\BOOKMARK [2][-]{subsection.7.10}{\376\377\000F\000r\000e\000e\000-\000E\000n\000e\000r\000g\000y\000\040\000M\000i\000n\000i\000m\000i\000z\000a\000t\000i\000o\000n\000\040\000a\000n\000d\000\040\000A\000f\000f\000e\000c\000t\000i\000v\000e\000\040\000D\000y\000n\000a\000m\000i\000c\000s}{section.7}% 75
\BOOKMARK [2][-]{subsection.7.11}{\376\377\000T\000h\000e\000r\000m\000o\000d\000y\000n\000a\000m\000i\000c\000\040\000C\000o\000s\000t\000s\000\040\000o\000f\000\040\000C\000o\000g\000n\000i\000t\000i\000o\000n}{section.7}% 76
\BOOKMARK [2][-]{subsection.7.12}{\376\377\000P\000r\000e\000d\000i\000c\000t\000i\000v\000e\000\040\000C\000o\000d\000i\000n\000g\000\040\000a\000s\000\040\000U\000n\000i\000v\000e\000r\000s\000a\000l\000\040\000C\000o\000g\000n\000i\000t\000i\000v\000e\000\040\000P\000r\000i\000n\000c\000i\000p\000l\000e}{section.7}% 77
\BOOKMARK [2][-]{subsection.7.13}{\376\377\000S\000u\000m\000m\000a\000r\000y\000\040\000a\000n\000d\000\040\000T\000r\000a\000n\000s\000i\000t\000i\000o\000n}{section.7}% 78
\BOOKMARK [1][-]{section.8}{\376\377\000R\000e\000f\000l\000e\000x\000i\000v\000i\000t\000y\000\040\000a\000n\000d\000\040\000E\000m\000e\000r\000g\000e\000n\000t\000\040\000A\000g\000e\000n\000c\000y}{}% 79
\BOOKMARK [2][-]{subsection.8.1}{\376\377\000F\000r\000o\000m\000\040\000P\000r\000e\000d\000i\000c\000t\000i\000o\000n\000\040\000t\000o\000\040\000S\000e\000l\000f\000-\000P\000r\000e\000d\000i\000c\000t\000i\000o\000n}{section.8}% 80
\BOOKMARK [2][-]{subsection.8.2}{\376\377\000P\000r\000o\000t\000o\000-\000R\000e\000f\000l\000e\000x\000i\000v\000i\000t\000y\000\040\000i\000n\000\040\000B\000i\000o\000l\000o\000g\000i\000c\000a\000l\000\040\000S\000y\000s\000t\000e\000m\000s}{section.8}% 81
\BOOKMARK [2][-]{subsection.8.3}{\376\377\000T\000h\000e\000r\000m\000o\000d\000y\000n\000a\000m\000i\000c\000\040\000F\000o\000u\000n\000d\000a\000t\000i\000o\000n\000s\000\040\000o\000f\000\040\000A\000g\000e\000n\000c\000y}{section.8}% 82
\BOOKMARK [2][-]{subsection.8.4}{\376\377\000A\000f\000f\000e\000c\000t\000i\000v\000e\000\040\000R\000e\000g\000u\000l\000a\000t\000i\000o\000n\000\040\000a\000n\000d\000\040\000M\000e\000t\000a\000-\000I\000n\000f\000e\000r\000e\000n\000c\000e}{section.8}% 83
\BOOKMARK [2][-]{subsection.8.5}{\376\377\000C\000o\000g\000n\000i\000t\000i\000v\000e\000\040\000R\000e\000f\000l\000e\000x\000i\000v\000i\000t\000y\000\040\000a\000n\000d\000\040\000S\000y\000m\000b\000o\000l\000i\000c\000\040\000R\000e\000p\000r\000e\000s\000e\000n\000t\000a\000t\000i\000o\000n}{section.8}% 84
\BOOKMARK [2][-]{subsection.8.6}{\376\377\000R\000e\000f\000l\000e\000x\000i\000v\000e\000\040\000N\000i\000c\000h\000e\000s\000\040\000a\000n\000d\000\040\000E\000n\000v\000i\000r\000o\000n\000m\000e\000n\000t\000a\000l\000\040\000F\000e\000e\000d\000b\000a\000c\000k}{section.8}% 85
\BOOKMARK [2][-]{subsection.8.7}{\376\377\000R\000e\000c\000u\000r\000s\000i\000v\000e\000\040\000R\000e\000f\000l\000e\000x\000i\000v\000i\000t\000y\000\040\000a\000n\000d\000\040\000t\000h\000e\000\040\000B\000i\000r\000t\000h\000\040\000o\000f\000\040\000S\000u\000b\000j\000e\000c\000t\000i\000v\000i\000t\000y}{section.8}% 86
\BOOKMARK [2][-]{subsection.8.8}{\376\377\000C\000o\000l\000l\000e\000c\000t\000i\000v\000e\000\040\000R\000e\000f\000l\000e\000x\000i\000v\000i\000t\000y\000\040\000a\000n\000d\000\040\000I\000n\000s\000t\000i\000t\000u\000t\000i\000o\000n\000a\000l\000\040\000S\000e\000l\000f\000-\000G\000o\000v\000e\000r\000n\000a\000n\000c\000e}{section.8}% 87
\BOOKMARK [2][-]{subsection.8.9}{\376\377\000L\000i\000m\000i\000t\000s\000\040\000o\000f\000\040\000R\000e\000f\000l\000e\000x\000i\000v\000i\000t\000y\000\040\000a\000n\000d\000\040\000t\000h\000e\000\040\000R\000i\000s\000k\000\040\000o\000f\000\040\000M\000e\000t\000a\000-\000E\000r\000r\000o\000r}{section.8}% 88
\BOOKMARK [2][-]{subsection.8.10}{\376\377\000F\000r\000o\000m\000\040\000R\000e\000f\000l\000e\000x\000i\000v\000i\000t\000y\000\040\000t\000o\000\040\000E\000t\000h\000i\000c\000a\000l\000\040\000A\000g\000e\000n\000c\000y}{section.8}% 89
\BOOKMARK [2][-]{subsection.8.11}{\376\377\000T\000h\000e\000r\000m\000o\000d\000y\000n\000a\000m\000i\000c\000\040\000C\000o\000n\000t\000i\000n\000u\000i\000t\000y\000\040\000o\000f\000\040\000R\000e\000f\000l\000e\000x\000i\000v\000e\000\040\000S\000y\000s\000t\000e\000m\000s}{section.8}% 90
\BOOKMARK [2][-]{subsection.8.12}{\376\377\000S\000u\000m\000m\000a\000r\000y\000\040\000a\000n\000d\000\040\000T\000r\000a\000n\000s\000i\000t\000i\000o\000n}{section.8}% 91
\BOOKMARK [1][-]{section.9}{\376\377\000D\000i\000s\000t\000r\000i\000b\000u\000t\000e\000d\000\040\000C\000o\000g\000n\000i\000t\000i\000o\000n\000\040\000i\000n\000\040\000S\000o\000c\000i\000a\000l\000\040\000S\000y\000s\000t\000e\000m\000s}{}% 92
\BOOKMARK [2][-]{subsection.9.1}{\376\377\000F\000r\000o\000m\000\040\000B\000i\000o\000l\000o\000g\000i\000c\000a\000l\000\040\000R\000e\000f\000l\000e\000x\000i\000v\000i\000t\000y\000\040\000t\000o\000\040\000I\000n\000s\000t\000i\000t\000u\000t\000i\000o\000n\000a\000l\000\040\000C\000o\000g\000n\000i\000t\000i\000o\000n}{section.9}% 93
\BOOKMARK [2][-]{subsection.9.2}{\376\377\000T\000h\000e\000\040\000A\000r\000c\000h\000i\000t\000e\000c\000t\000u\000r\000e\000\040\000o\000f\000\040\000O\000r\000g\000a\000n\000i\000z\000a\000t\000i\000o\000n\000a\000l\000\040\000C\000o\000m\000p\000l\000e\000x\000i\000t\000y}{section.9}% 94
\BOOKMARK [2][-]{subsection.9.3}{\376\377\000I\000n\000f\000o\000r\000m\000a\000t\000i\000o\000n\000\040\000F\000l\000o\000w\000\040\000a\000n\000d\000\040\000C\000o\000g\000n\000i\000t\000i\000v\000e\000\040\000T\000o\000p\000o\000l\000o\000g\000y}{section.9}% 95
\BOOKMARK [2][-]{subsection.9.4}{\376\377\000I\000n\000s\000t\000i\000t\000u\000t\000i\000o\000n\000a\000l\000\040\000B\000o\000u\000n\000d\000a\000r\000i\000e\000s\000\040\000a\000s\000\040\000C\000o\000g\000n\000i\000t\000i\000v\000e\000\040\000M\000e\000m\000b\000r\000a\000n\000e\000s}{section.9}% 96
\BOOKMARK [2][-]{subsection.9.5}{\376\377\000C\000o\000l\000l\000e\000c\000t\000i\000v\000e\000\040\000I\000n\000t\000e\000n\000t\000i\000o\000n\000a\000l\000i\000t\000y\000\040\000a\000n\000d\000\040\000S\000h\000a\000r\000e\000d\000\040\000M\000o\000d\000e\000l\000s}{section.9}% 97
\BOOKMARK [2][-]{subsection.9.6}{\376\377\000D\000e\000c\000i\000s\000i\000o\000n\000-\000M\000a\000k\000i\000n\000g\000\040\000a\000s\000\040\000P\000r\000e\000d\000i\000c\000t\000i\000v\000e\000\040\000I\000n\000f\000e\000r\000e\000n\000c\000e}{section.9}% 98
\BOOKMARK [2][-]{subsection.9.7}{\376\377\000C\000o\000g\000n\000i\000t\000i\000v\000e\000\040\000A\000r\000t\000i\000f\000a\000c\000t\000s\000\040\000a\000n\000d\000\040\000M\000a\000t\000e\000r\000i\000a\000l\000\040\000M\000e\000d\000i\000a\000t\000i\000o\000n}{section.9}% 99
\BOOKMARK [2][-]{subsection.9.8}{\376\377\000I\000n\000s\000t\000i\000t\000u\000t\000i\000o\000n\000a\000l\000\040\000M\000e\000m\000o\000r\000y\000\040\000a\000n\000d\000\040\000T\000e\000m\000p\000o\000r\000a\000l\000\040\000E\000x\000t\000e\000n\000s\000i\000o\000n}{section.9}% 100
\BOOKMARK [2][-]{subsection.9.9}{\376\377\000S\000o\000c\000i\000a\000l\000\040\000H\000o\000m\000e\000o\000s\000t\000a\000s\000i\000s\000\040\000a\000n\000d\000\040\000E\000n\000t\000r\000o\000p\000y\000\040\000M\000a\000n\000a\000g\000e\000m\000e\000n\000t}{section.9}% 101
\BOOKMARK [2][-]{subsection.9.10}{\376\377\000E\000c\000o\000n\000o\000m\000i\000c\000\040\000a\000n\000d\000\040\000E\000n\000e\000r\000g\000e\000t\000i\000c\000\040\000S\000u\000b\000s\000t\000r\000a\000t\000e\000\040\000o\000f\000\040\000C\000o\000g\000n\000i\000t\000i\000o\000n}{section.9}% 102
\BOOKMARK [2][-]{subsection.9.11}{\376\377\000D\000i\000s\000t\000r\000i\000b\000u\000t\000e\000d\000\040\000A\000g\000e\000n\000c\000y\000\040\000a\000n\000d\000\040\000D\000e\000c\000i\000s\000i\000o\000n\000\040\000H\000i\000e\000r\000a\000r\000c\000h\000i\000e\000s}{section.9}% 103
\BOOKMARK [2][-]{subsection.9.12}{\376\377\000R\000e\000f\000l\000e\000x\000i\000v\000e\000\040\000G\000o\000v\000e\000r\000n\000a\000n\000c\000e\000\040\000a\000n\000d\000\040\000S\000e\000l\000f\000-\000M\000o\000d\000e\000l\000i\000n\000g}{section.9}% 104
\BOOKMARK [2][-]{subsection.9.13}{\376\377\000T\000h\000e\000\040\000I\000n\000s\000t\000i\000t\000u\000t\000i\000o\000n\000a\000l\000\040\000M\000i\000n\000d\000\040\000a\000s\000\040\000T\000h\000e\000r\000m\000o\000d\000y\000n\000a\000m\000i\000c\000\040\000O\000r\000g\000a\000n\000i\000s\000m}{section.9}% 105
\BOOKMARK [2][-]{subsection.9.14}{\376\377\000S\000u\000m\000m\000a\000r\000y\000\040\000a\000n\000d\000\040\000T\000r\000a\000n\000s\000i\000t\000i\000o\000n}{section.9}% 106
\BOOKMARK [1][-]{section.10}{\376\377\000S\000y\000m\000b\000o\000l\000i\000c\000\040\000R\000e\000f\000l\000e\000x\000i\000v\000i\000t\000y\000\040\000a\000n\000d\000\040\000M\000e\000t\000a\000c\000o\000g\000n\000i\000t\000i\000v\000e\000\040\000G\000o\000v\000e\000r\000n\000a\000n\000c\000e}{}% 107
\BOOKMARK [2][-]{subsection.10.1}{\376\377\000F\000r\000o\000m\000\040\000R\000e\000f\000l\000e\000x\000i\000v\000e\000\040\000O\000r\000g\000a\000n\000i\000z\000a\000t\000i\000o\000n\000\040\000t\000o\000\040\000S\000y\000m\000b\000o\000l\000i\000c\000\040\000R\000e\000p\000r\000e\000s\000e\000n\000t\000a\000t\000i\000o\000n}{section.10}% 108
\BOOKMARK [2][-]{subsection.10.2}{\376\377\000L\000a\000n\000g\000u\000a\000g\000e\000\040\000a\000s\000\040\000a\000\040\000M\000e\000d\000i\000u\000m\000\040\000o\000f\000\040\000I\000n\000s\000t\000i\000t\000u\000t\000i\000o\000n\000a\000l\000\040\000C\000o\000g\000n\000i\000t\000i\000o\000n}{section.10}% 109
\BOOKMARK [2][-]{subsection.10.3}{\376\377\000M\000e\000t\000a\000c\000o\000g\000n\000i\000t\000i\000v\000e\000\040\000G\000o\000v\000e\000r\000n\000a\000n\000c\000e\000\040\000a\000s\000\040\000P\000r\000e\000d\000i\000c\000t\000i\000v\000e\000\040\000R\000e\000g\000u\000l\000a\000t\000i\000o\000n}{section.10}% 110
\BOOKMARK [2][-]{subsection.10.4}{\376\377\000F\000o\000r\000m\000a\000l\000\040\000R\000e\000f\000l\000e\000x\000i\000v\000i\000t\000y\000:\000\040\000L\000a\000w\000,\000\040\000A\000u\000d\000i\000t\000,\000\040\000a\000n\000d\000\040\000P\000o\000l\000i\000c\000y}{section.10}% 111
\BOOKMARK [2][-]{subsection.10.5}{\376\377\000S\000y\000m\000b\000o\000l\000i\000c\000\040\000M\000e\000m\000o\000r\000y\000\040\000a\000n\000d\000\040\000T\000e\000m\000p\000o\000r\000a\000l\000\040\000C\000o\000m\000p\000r\000e\000s\000s\000i\000o\000n}{section.10}% 112
\BOOKMARK [2][-]{subsection.10.6}{\376\377\000S\000e\000m\000i\000o\000t\000i\000c\000\040\000S\000c\000a\000f\000f\000o\000l\000d\000i\000n\000g\000\040\000a\000n\000d\000\040\000C\000u\000l\000t\000u\000r\000a\000l\000\040\000A\000f\000f\000o\000r\000d\000a\000n\000c\000e\000s}{section.10}% 113
\BOOKMARK [2][-]{subsection.10.7}{\376\377\000E\000t\000h\000i\000c\000a\000l\000\040\000R\000e\000f\000l\000e\000x\000i\000v\000i\000t\000y\000\040\000a\000n\000d\000\040\000N\000o\000r\000m\000a\000t\000i\000v\000e\000\040\000S\000e\000l\000f\000-\000C\000o\000n\000s\000t\000r\000a\000i\000n\000t}{section.10}% 114
\BOOKMARK [2][-]{subsection.10.8}{\376\377\000L\000a\000n\000g\000u\000a\000g\000e\000\040\000o\000f\000\040\000C\000o\000n\000t\000r\000o\000l\000\040\000a\000n\000d\000\040\000t\000h\000e\000\040\000R\000i\000s\000k\000\040\000o\000f\000\040\000R\000e\000f\000l\000e\000x\000i\000v\000e\000\040\000C\000o\000l\000l\000a\000p\000s\000e}{section.10}% 115
\BOOKMARK [2][-]{subsection.10.9}{\376\377\000S\000y\000m\000b\000o\000l\000i\000c\000\040\000R\000e\000f\000l\000e\000x\000i\000v\000i\000t\000y\000\040\000a\000n\000d\000\040\000I\000n\000s\000t\000i\000t\000u\000t\000i\000o\000n\000a\000l\000\040\000C\000o\000n\000s\000c\000i\000o\000u\000s\000n\000e\000s\000s}{section.10}% 116
\BOOKMARK [2][-]{subsection.10.10}{\376\377\000M\000e\000t\000a\000c\000o\000g\000n\000i\000t\000i\000o\000n\000\040\000a\000n\000d\000\040\000t\000h\000e\000\040\000D\000y\000n\000a\000m\000i\000c\000s\000\040\000o\000f\000\040\000R\000e\000f\000o\000r\000m}{section.10}% 117
\BOOKMARK [2][-]{subsection.10.11}{\376\377\000T\000h\000e\000r\000m\000o\000d\000y\000n\000a\000m\000i\000c\000\040\000I\000m\000p\000l\000i\000c\000a\000t\000i\000o\000n\000s\000\040\000o\000f\000\040\000S\000y\000m\000b\000o\000l\000i\000c\000\040\000R\000e\000f\000l\000e\000x\000i\000v\000i\000t\000y}{section.10}% 118
\BOOKMARK [2][-]{subsection.10.12}{\376\377\000S\000y\000m\000b\000o\000l\000i\000c\000\040\000R\000e\000f\000l\000e\000x\000i\000v\000i\000t\000y\000\040\000a\000n\000d\000\040\000t\000h\000e\000\040\000C\000o\000n\000t\000i\000n\000u\000i\000t\000y\000\040\000o\000f\000\040\000M\000i\000n\000d}{section.10}% 119
\BOOKMARK [2][-]{subsection.10.13}{\376\377\000S\000u\000m\000m\000a\000r\000y\000\040\000a\000n\000d\000\040\000T\000r\000a\000n\000s\000i\000t\000i\000o\000n}{section.10}% 120
\BOOKMARK [1][-]{section.11}{\376\377\000I\000n\000s\000t\000i\000t\000u\000t\000i\000o\000n\000a\000l\000\040\000M\000e\000m\000o\000r\000y\000\040\000a\000n\000d\000\040\000T\000e\000m\000p\000o\000r\000a\000l\000\040\000C\000o\000n\000t\000i\000n\000u\000i\000t\000y}{}% 121
\BOOKMARK [2][-]{subsection.11.1}{\376\377\000F\000r\000o\000m\000\040\000R\000e\000f\000l\000e\000x\000i\000v\000i\000t\000y\000\040\000t\000o\000\040\000T\000e\000m\000p\000o\000r\000a\000l\000\040\000P\000e\000r\000s\000i\000s\000t\000e\000n\000c\000e}{section.11}% 122
\BOOKMARK [2][-]{subsection.11.2}{\376\377\000T\000h\000e\000\040\000T\000h\000e\000r\000m\000o\000d\000y\000n\000a\000m\000i\000c\000s\000\040\000o\000f\000\040\000T\000e\000m\000p\000o\000r\000a\000l\000\040\000C\000o\000h\000e\000r\000e\000n\000c\000e}{section.11}% 123
\BOOKMARK [2][-]{subsection.11.3}{\376\377\000T\000h\000e\000\040\000A\000r\000c\000h\000i\000t\000e\000c\000t\000u\000r\000e\000\040\000o\000f\000\040\000I\000n\000s\000t\000i\000t\000u\000t\000i\000o\000n\000a\000l\000\040\000M\000e\000m\000o\000r\000y}{section.11}% 124
\BOOKMARK [2][-]{subsection.11.4}{\376\377\000E\000d\000u\000c\000a\000t\000i\000o\000n\000\040\000a\000n\000d\000\040\000t\000h\000e\000\040\000R\000e\000p\000r\000o\000d\000u\000c\000t\000i\000o\000n\000\040\000o\000f\000\040\000C\000o\000g\000n\000i\000t\000i\000v\000e\000\040\000S\000t\000r\000u\000c\000t\000u\000r\000e\000s}{section.11}% 125
\BOOKMARK [2][-]{subsection.11.5}{\376\377\000A\000r\000c\000h\000i\000v\000e\000s\000\040\000a\000s\000\040\000t\000h\000e\000\040\000D\000e\000e\000p\000\040\000T\000i\000m\000e\000\040\000o\000f\000\040\000C\000o\000g\000n\000i\000t\000i\000o\000n}{section.11}% 126
\BOOKMARK [2][-]{subsection.11.6}{\376\377\000R\000i\000t\000u\000a\000l\000\040\000a\000n\000d\000\040\000T\000e\000m\000p\000o\000r\000a\000l\000\040\000B\000i\000n\000d\000i\000n\000g}{section.11}% 127
\BOOKMARK [2][-]{subsection.11.7}{\376\377\000T\000e\000m\000p\000o\000r\000a\000l\000\040\000P\000r\000e\000d\000i\000c\000t\000i\000o\000n\000\040\000a\000n\000d\000\040\000S\000t\000r\000a\000t\000e\000g\000i\000c\000\040\000F\000o\000r\000e\000s\000i\000g\000h\000t}{section.11}% 128
\BOOKMARK [2][-]{subsection.11.8}{\376\377\000C\000u\000l\000t\000u\000r\000a\000l\000\040\000I\000n\000e\000r\000t\000i\000a\000\040\000a\000n\000d\000\040\000t\000h\000e\000\040\000T\000h\000e\000r\000m\000o\000d\000y\000n\000a\000m\000i\000c\000s\000\040\000o\000f\000\040\000F\000o\000r\000g\000e\000t\000t\000i\000n\000g}{section.11}% 129
\BOOKMARK [2][-]{subsection.11.9}{\376\377\000H\000i\000s\000t\000o\000r\000i\000c\000a\000l\000\040\000C\000o\000n\000s\000c\000i\000o\000u\000s\000n\000e\000s\000s\000\040\000a\000n\000d\000\040\000M\000e\000t\000a\000-\000T\000e\000m\000p\000o\000r\000a\000l\000\040\000R\000e\000f\000l\000e\000x\000i\000v\000i\000t\000y}{section.11}% 130
\BOOKMARK [2][-]{subsection.11.10}{\376\377\000E\000d\000u\000c\000a\000t\000i\000o\000n\000,\000\040\000M\000y\000t\000h\000,\000\040\000a\000n\000d\000\040\000t\000h\000e\000\040\000C\000i\000v\000i\000l\000i\000z\000a\000t\000i\000o\000n\000a\000l\000\040\000M\000i\000n\000d}{section.11}% 131
\BOOKMARK [2][-]{subsection.11.11}{\376\377\000E\000n\000t\000r\000o\000p\000y\000,\000\040\000D\000e\000a\000t\000h\000,\000\040\000a\000n\000d\000\040\000t\000h\000e\000\040\000L\000i\000m\000i\000t\000s\000\040\000o\000f\000\040\000C\000o\000n\000t\000i\000n\000u\000i\000t\000y}{section.11}% 132
\BOOKMARK [2][-]{subsection.11.12}{\376\377\000T\000e\000m\000p\000o\000r\000a\000l\000\040\000C\000o\000n\000t\000i\000n\000u\000i\000t\000y\000\040\000a\000s\000\040\000t\000h\000e\000\040\000S\000u\000b\000s\000t\000r\000a\000t\000e\000\040\000o\000f\000\040\000C\000o\000l\000l\000e\000c\000t\000i\000v\000e\000\040\000C\000o\000n\000s\000c\000i\000o\000u\000s\000n\000e\000s\000s}{section.11}% 133
\BOOKMARK [2][-]{subsection.11.13}{\376\377\000S\000u\000m\000m\000a\000r\000y\000\040\000a\000n\000d\000\040\000T\000r\000a\000n\000s\000i\000t\000i\000o\000n}{section.11}% 134
\BOOKMARK [1][-]{section.12}{\376\377\000T\000h\000e\000\040\000E\000n\000t\000r\000o\000p\000i\000c\000\040\000E\000c\000o\000n\000o\000m\000i\000c\000s\000\040\000o\000f\000\040\000C\000o\000n\000s\000c\000i\000o\000u\000s\000\040\000S\000t\000r\000u\000c\000t\000u\000r\000e\000s}{}% 135
\BOOKMARK [2][-]{subsection.12.1}{\376\377\000E\000n\000e\000r\000g\000y\000,\000\040\000I\000n\000f\000o\000r\000m\000a\000t\000i\000o\000n\000,\000\040\000a\000n\000d\000\040\000t\000h\000e\000\040\000C\000o\000s\000t\000\040\000o\000f\000\040\000C\000o\000h\000e\000r\000e\000n\000c\000e}{section.12}% 136
\BOOKMARK [2][-]{subsection.12.2}{\376\377\000T\000h\000e\000\040\000F\000r\000e\000e\000-\000E\000n\000e\000r\000g\000y\000\040\000P\000r\000i\000n\000c\000i\000p\000l\000e\000\040\000i\000n\000\040\000E\000c\000o\000n\000o\000m\000i\000c\000\040\000T\000e\000r\000m\000s}{section.12}% 137
\BOOKMARK [2][-]{subsection.12.3}{\376\377\000N\000e\000g\000e\000n\000t\000r\000o\000p\000y\000\040\000a\000s\000\040\000V\000a\000l\000u\000e}{section.12}% 138
\BOOKMARK [2][-]{subsection.12.4}{\376\377\000O\000r\000g\000a\000n\000i\000z\000a\000t\000i\000o\000n\000a\000l\000\040\000M\000e\000t\000a\000b\000o\000l\000i\000s\000m\000\040\000a\000n\000d\000\040\000E\000n\000e\000r\000g\000e\000t\000i\000c\000\040\000T\000h\000r\000o\000u\000g\000h\000p\000u\000t}{section.12}% 139
\BOOKMARK [2][-]{subsection.12.5}{\376\377\000E\000c\000o\000n\000o\000m\000i\000c\000\040\000E\000n\000t\000r\000o\000p\000y\000\040\000a\000n\000d\000\040\000t\000h\000e\000\040\000L\000i\000m\000i\000t\000s\000\040\000o\000f\000\040\000G\000r\000o\000w\000t\000h}{section.12}% 140
\BOOKMARK [2][-]{subsection.12.6}{\376\377\000I\000n\000f\000o\000r\000m\000a\000t\000i\000o\000n\000\040\000D\000e\000b\000t\000\040\000a\000n\000d\000\040\000t\000h\000e\000\040\000C\000o\000s\000t\000\040\000o\000f\000\040\000C\000o\000m\000p\000l\000e\000x\000i\000t\000y}{section.12}% 141
\BOOKMARK [2][-]{subsection.12.7}{\376\377\000T\000r\000u\000s\000t\000\040\000a\000s\000\040\000a\000\040\000T\000h\000e\000r\000m\000o\000d\000y\000n\000a\000m\000i\000c\000\040\000R\000e\000s\000o\000u\000r\000c\000e}{section.12}% 142
\BOOKMARK [2][-]{subsection.12.8}{\376\377\000M\000a\000r\000k\000e\000t\000s\000,\000\040\000B\000u\000r\000e\000a\000u\000c\000r\000a\000c\000i\000e\000s\000,\000\040\000a\000n\000d\000\040\000C\000o\000m\000m\000o\000n\000s\000\040\000a\000s\000\040\000T\000h\000e\000r\000m\000o\000d\000y\000n\000a\000m\000i\000c\000\040\000R\000e\000g\000i\000m\000e\000s}{section.12}% 143
\BOOKMARK [2][-]{subsection.12.9}{\376\377\000E\000n\000t\000r\000o\000p\000y\000\040\000M\000a\000n\000a\000g\000e\000m\000e\000n\000t\000\040\000a\000n\000d\000\040\000E\000c\000o\000n\000o\000m\000i\000c\000\040\000G\000o\000v\000e\000r\000n\000a\000n\000c\000e}{section.12}% 144
\BOOKMARK [2][-]{subsection.12.10}{\376\377\000E\000n\000t\000r\000o\000p\000y\000\040\000a\000n\000d\000\040\000I\000n\000e\000q\000u\000a\000l\000i\000t\000y}{section.12}% 145
\BOOKMARK [2][-]{subsection.12.11}{\376\377\000C\000o\000l\000l\000a\000p\000s\000e\000\040\000a\000n\000d\000\040\000D\000e\000c\000o\000h\000e\000r\000e\000n\000c\000e}{section.12}% 146
\BOOKMARK [2][-]{subsection.12.12}{\376\377\000E\000n\000t\000r\000o\000p\000y\000-\000R\000e\000s\000p\000e\000c\000t\000i\000n\000g\000\040\000D\000e\000s\000i\000g\000n\000\040\000P\000r\000i\000n\000c\000i\000p\000l\000e\000s}{section.12}% 147
\BOOKMARK [2][-]{subsection.12.13}{\376\377\000E\000n\000t\000r\000o\000p\000y\000,\000\040\000C\000o\000n\000s\000c\000i\000o\000u\000s\000n\000e\000s\000s\000,\000\040\000a\000n\000d\000\040\000V\000a\000l\000u\000e}{section.12}% 148
\BOOKMARK [2][-]{subsection.12.14}{\376\377\000S\000u\000m\000m\000a\000r\000y\000\040\000a\000n\000d\000\040\000T\000r\000a\000n\000s\000i\000t\000i\000o\000n}{section.12}% 149
\BOOKMARK [1][-]{section.13}{\376\377\000C\000o\000n\000t\000i\000n\000u\000i\000t\000y\000\040\000A\000c\000r\000o\000s\000s\000\040\000S\000c\000a\000l\000e\000s}{}% 150
\BOOKMARK [2][-]{subsection.13.1}{\376\377\000I\000n\000t\000r\000o\000d\000u\000c\000t\000i\000o\000n\000:\000\040\000A\000\040\000U\000n\000i\000f\000i\000e\000d\000\040\000G\000r\000a\000m\000m\000a\000r\000\040\000o\000f\000\040\000N\000e\000g\000e\000n\000t\000r\000o\000p\000i\000c\000\040\000C\000o\000g\000n\000i\000t\000i\000o\000n}{section.13}% 151
\BOOKMARK [2][-]{subsection.13.2}{\376\377\000N\000e\000s\000t\000e\000d\000\040\000E\000n\000c\000a\000p\000s\000u\000l\000a\000t\000i\000o\000n\000s\000:\000\040\000F\000r\000o\000m\000\040\000M\000o\000l\000e\000c\000u\000l\000e\000s\000\040\000t\000o\000\040\000I\000n\000s\000t\000i\000t\000u\000t\000i\000o\000n\000s}{section.13}% 152
\BOOKMARK [2][-]{subsection.13.3}{\376\377\000T\000h\000e\000\040\000F\000r\000a\000c\000t\000a\000l\000\040\000A\000r\000c\000h\000i\000t\000e\000c\000t\000u\000r\000e\000\040\000o\000f\000\040\000F\000e\000e\000d\000b\000a\000c\000k}{section.13}% 153
\BOOKMARK [2][-]{subsection.13.4}{\376\377\000H\000i\000e\000r\000a\000r\000c\000h\000i\000e\000s\000\040\000o\000f\000\040\000T\000e\000m\000p\000o\000r\000a\000l\000\040\000I\000n\000t\000e\000g\000r\000a\000t\000i\000o\000n}{section.13}% 154
\BOOKMARK [2][-]{subsection.13.5}{\376\377\000T\000h\000e\000\040\000E\000n\000e\000r\000g\000y\040\023\000I\000n\000f\000o\000r\000m\000a\000t\000i\000o\000n\000\040\000D\000u\000a\000l\000i\000t\000y}{section.13}% 155
\BOOKMARK [2][-]{subsection.13.6}{\376\377\000M\000e\000t\000a\000b\000o\000l\000i\000s\000m\000,\000\040\000C\000o\000m\000m\000u\000n\000i\000c\000a\000t\000i\000o\000n\000,\000\040\000a\000n\000d\000\040\000M\000e\000a\000n\000i\000n\000g}{section.13}% 156
\BOOKMARK [2][-]{subsection.13.7}{\376\377\000T\000h\000e\000\040\000P\000l\000a\000n\000e\000t\000\040\000a\000s\000\040\000R\000e\000c\000u\000r\000s\000i\000v\000e\000\040\000C\000o\000g\000n\000i\000t\000i\000v\000e\000\040\000M\000e\000d\000i\000u\000m}{section.13}% 157
\BOOKMARK [2][-]{subsection.13.8}{\376\377\000C\000o\000n\000t\000i\000n\000u\000i\000t\000y\000\040\000o\000f\000\040\000R\000e\000f\000l\000e\000x\000i\000v\000i\000t\000y\000:\000\040\000F\000r\000o\000m\000\040\000C\000h\000e\000m\000i\000s\000t\000r\000y\000\040\000t\000o\000\040\000C\000i\000v\000i\000l\000i\000z\000a\000t\000i\000o\000n}{section.13}% 158
\BOOKMARK [2][-]{subsection.13.9}{\376\377\000E\000t\000h\000i\000c\000s\000\040\000a\000s\000\040\000T\000h\000e\000r\000m\000o\000d\000y\000n\000a\000m\000i\000c\000\040\000E\000q\000u\000i\000l\000i\000b\000r\000i\000u\000m}{section.13}% 159
\BOOKMARK [2][-]{subsection.13.10}{\376\377\000A\000\040\000G\000e\000n\000e\000r\000a\000l\000\040\000L\000a\000w\000\040\000o\000f\000\040\000C\000o\000g\000n\000i\000t\000i\000v\000e\000\040\000C\000o\000n\000t\000i\000n\000u\000i\000t\000y}{section.13}% 160
\BOOKMARK [2][-]{subsection.13.11}{\376\377\000M\000a\000t\000h\000e\000m\000a\000t\000i\000c\000a\000l\000\040\000S\000y\000n\000t\000h\000e\000s\000i\000s}{section.13}% 161
\BOOKMARK [2][-]{subsection.13.12}{\376\377\000T\000h\000e\000\040\000O\000n\000t\000o\000l\000o\000g\000y\000\040\000o\000f\000\040\000R\000e\000c\000u\000r\000s\000i\000v\000e\000\040\000M\000i\000n\000d}{section.13}% 162
\BOOKMARK [2][-]{subsection.13.13}{\376\377\000C\000o\000g\000n\000i\000t\000i\000v\000e\000\040\000P\000h\000a\000s\000e\000\040\000T\000r\000a\000n\000s\000i\000t\000i\000o\000n\000s\000\040\000a\000n\000d\000\040\000E\000v\000o\000l\000u\000t\000i\000o\000n\000a\000r\000y\000\040\000S\000c\000a\000l\000i\000n\000g}{section.13}% 163
\BOOKMARK [2][-]{subsection.13.14}{\376\377\000C\000o\000s\000m\000o\000l\000o\000g\000i\000c\000a\000l\000\040\000I\000m\000p\000l\000i\000c\000a\000t\000i\000o\000n\000s}{section.13}% 164
\BOOKMARK [2][-]{subsection.13.15}{\376\377\000T\000o\000w\000a\000r\000d\000\040\000a\000\040\000G\000e\000n\000e\000r\000a\000l\000\040\000T\000h\000e\000o\000r\000y\000\040\000o\000f\000\040\000E\000n\000t\000r\000o\000p\000i\000c\000\040\000I\000n\000t\000e\000l\000l\000i\000g\000e\000n\000c\000e}{section.13}% 165
\BOOKMARK [2][-]{subsection.13.16}{\376\377\000S\000u\000m\000m\000a\000r\000y\000\040\000a\000n\000d\000\040\000T\000r\000a\000n\000s\000i\000t\000i\000o\000n}{section.13}% 166
\BOOKMARK [1][-]{section.14}{\376\377\000O\000n\000t\000o\000l\000o\000g\000i\000c\000a\000l\000\040\000a\000n\000d\000\040\000E\000p\000i\000s\000t\000e\000m\000i\000c\000\040\000R\000e\000f\000l\000e\000c\000t\000i\000o\000n\000s}{}% 167
\BOOKMARK [2][-]{subsection.14.1}{\376\377\000I\000n\000t\000r\000o\000d\000u\000c\000t\000i\000o\000n\000:\000\040\000F\000r\000o\000m\000\040\000D\000e\000s\000c\000r\000i\000p\000t\000i\000o\000n\000\040\000t\000o\000\040\000B\000e\000i\000n\000g}{section.14}% 168
\BOOKMARK [2][-]{subsection.14.2}{\376\377\000C\000o\000n\000s\000c\000i\000o\000u\000s\000n\000e\000s\000s\000\040\000a\000s\000\040\000P\000r\000o\000c\000e\000s\000s\000,\000\040\000N\000o\000t\000\040\000S\000u\000b\000s\000t\000a\000n\000c\000e}{section.14}% 169
\BOOKMARK [2][-]{subsection.14.3}{\376\377\000F\000r\000o\000m\000\040\000D\000u\000a\000l\000i\000s\000m\000\040\000t\000o\000\040\000R\000e\000c\000u\000r\000s\000i\000v\000e\000\040\000M\000o\000n\000i\000s\000m}{section.14}% 170
\BOOKMARK [2][-]{subsection.14.4}{\376\377\000E\000n\000a\000c\000t\000i\000v\000e\000\040\000E\000p\000i\000s\000t\000e\000m\000o\000l\000o\000g\000y\000:\000\040\000C\000o\000g\000n\000i\000t\000i\000o\000n\000\040\000a\000s\000\040\000W\000o\000r\000l\000d\000-\000M\000a\000k\000i\000n\000g}{section.14}% 171
\BOOKMARK [2][-]{subsection.14.5}{\376\377\000T\000h\000e\000\040\000O\000b\000s\000e\000r\000v\000e\000r\000\040\000a\000s\000\040\000a\000\040\000B\000o\000u\000n\000d\000a\000r\000y\000\040\000C\000o\000n\000d\000i\000t\000i\000o\000n}{section.14}% 172
\BOOKMARK [2][-]{subsection.14.6}{\376\377\000K\000n\000o\000w\000l\000e\000d\000g\000e\000\040\000a\000s\000\040\000T\000h\000e\000r\000m\000o\000d\000y\000n\000a\000m\000i\000c\000\040\000E\000q\000u\000i\000l\000i\000b\000r\000i\000u\000m}{section.14}% 173
\BOOKMARK [2][-]{subsection.14.7}{\376\377\000E\000r\000r\000o\000r\000,\000\040\000E\000n\000t\000r\000o\000p\000y\000,\000\040\000a\000n\000d\000\040\000L\000e\000a\000r\000n\000i\000n\000g}{section.14}% 174
\BOOKMARK [2][-]{subsection.14.8}{\376\377\000L\000a\000n\000g\000u\000a\000g\000e\000\040\000a\000n\000d\000\040\000t\000h\000e\000\040\000C\000o\000l\000l\000e\000c\000t\000i\000v\000e\000\040\000U\000n\000c\000o\000n\000s\000c\000i\000o\000u\000s}{section.14}% 175
\BOOKMARK [2][-]{subsection.14.9}{\376\377\000E\000t\000h\000i\000c\000a\000l\000\040\000I\000m\000p\000l\000i\000c\000a\000t\000i\000o\000n\000s\000:\000\040\000E\000n\000t\000r\000o\000p\000y\000-\000R\000e\000s\000p\000e\000c\000t\000i\000n\000g\000\040\000A\000c\000t\000i\000o\000n}{section.14}% 176
\BOOKMARK [2][-]{subsection.14.10}{\376\377\000E\000p\000i\000s\000t\000e\000m\000i\000c\000\040\000H\000u\000m\000i\000l\000i\000t\000y\000\040\000a\000n\000d\000\040\000t\000h\000e\000\040\000L\000i\000m\000i\000t\000s\000\040\000o\000f\000\040\000P\000r\000e\000d\000i\000c\000t\000i\000o\000n}{section.14}% 177
\BOOKMARK [2][-]{subsection.14.11}{\376\377\000C\000o\000n\000s\000c\000i\000o\000u\000s\000n\000e\000s\000s\000\040\000a\000s\000\040\000C\000o\000s\000m\000o\000l\000o\000g\000i\000c\000a\000l\000\040\000R\000e\000f\000l\000e\000x\000i\000v\000i\000t\000y}{section.14}% 178
\BOOKMARK [2][-]{subsection.14.12}{\376\377\000A\000\040\000P\000h\000e\000n\000o\000m\000e\000n\000o\000l\000o\000g\000y\000\040\000o\000f\000\040\000R\000e\000c\000u\000r\000s\000i\000o\000n}{section.14}% 179
\BOOKMARK [2][-]{subsection.14.13}{\376\377\000T\000o\000w\000a\000r\000d\000\040\000a\000\040\000P\000l\000a\000n\000e\000t\000a\000r\000y\000\040\000E\000p\000i\000s\000t\000e\000m\000o\000l\000o\000g\000y}{section.14}% 180
\BOOKMARK [2][-]{subsection.14.14}{\376\377\000C\000o\000n\000c\000l\000u\000s\000i\000o\000n\000:\000\040\000K\000n\000o\000w\000i\000n\000g\000\040\000a\000s\000\040\000L\000i\000v\000i\000n\000g\000,\000\040\000L\000i\000v\000i\000n\000g\000\040\000a\000s\000\040\000K\000n\000o\000w\000i\000n\000g}{section.14}% 181
\BOOKMARK [1][-]{section.15}{\376\377\000C\000o\000n\000c\000l\000u\000s\000i\000o\000n\000:\000\040\000M\000o\000d\000u\000l\000a\000r\000\040\000S\000t\000a\000t\000i\000o\000n\000s\000\040\000o\000f\000\040\000M\000i\000n\000d}{}% 182
\BOOKMARK [2][-]{subsection.15.1}{\376\377\000S\000u\000m\000m\000a\000r\000y\000\040\000o\000f\000\040\000t\000h\000e\000\040\000S\000c\000a\000l\000a\000r\000\040\000C\000o\000n\000t\000i\000n\000u\000u\000m}{section.15}% 183
\BOOKMARK [2][-]{subsection.15.2}{\376\377\000T\000h\000e\000\040\000C\000e\000l\000l\000\040\000a\000s\000\040\000F\000o\000s\000s\000i\000l\000i\000z\000e\000d\000\040\000P\000l\000a\000n\000e\000t\000a\000r\000y\000\040\000C\000o\000g\000n\000i\000t\000i\000o\000n}{section.15}% 184
\BOOKMARK [2][-]{subsection.15.3}{\376\377\000T\000h\000e\000\040\000U\000n\000i\000v\000e\000r\000s\000i\000t\000y\000\040\000a\000n\000d\000\040\000C\000o\000r\000p\000o\000r\000a\000t\000i\000o\000n\000\040\000a\000s\000\040\000M\000o\000d\000e\000r\000n\000\040\000C\000o\000g\000n\000i\000t\000i\000v\000e\000\040\000C\000e\000l\000l\000s}{section.15}% 185
\BOOKMARK [2][-]{subsection.15.4}{\376\377\000C\000i\000v\000i\000l\000i\000z\000a\000t\000i\000o\000n\000\040\000a\000s\000\040\000D\000i\000s\000t\000r\000i\000b\000u\000t\000e\000d\000\040\000R\000e\000f\000l\000e\000x\000i\000v\000i\000t\000y}{section.15}% 186
\BOOKMARK [2][-]{subsection.15.5}{\376\377\000E\000n\000t\000r\000o\000p\000y\000,\000\040\000E\000t\000h\000i\000c\000s\000,\000\040\000a\000n\000d\000\040\000t\000h\000e\000\040\000F\000u\000t\000u\000r\000e\000\040\000o\000f\000\040\000C\000o\000n\000s\000c\000i\000o\000u\000s\000n\000e\000s\000s}{section.15}% 187
\BOOKMARK [2][-]{subsection.15.6}{\376\377\000M\000o\000d\000u\000l\000a\000r\000\040\000S\000t\000a\000t\000i\000o\000n\000s\000\040\000o\000f\000\040\000M\000i\000n\000d}{section.15}% 188
\BOOKMARK [2][-]{subsection.15.7}{\376\377\000T\000o\000w\000a\000r\000d\000\040\000a\000\040\000G\000e\000n\000e\000r\000a\000l\000\040\000T\000h\000e\000o\000r\000y\000\040\000o\000f\000\040\000E\000n\000t\000r\000o\000p\000i\000c\000\040\000I\000n\000t\000e\000l\000l\000i\000g\000e\000n\000c\000e}{section.15}% 189
\BOOKMARK [2][-]{subsection.15.8}{\376\377\000F\000i\000n\000a\000l\000\040\000R\000e\000f\000l\000e\000c\000t\000i\000o\000n\000:\000\040\000T\000h\000e\000\040\000U\000n\000i\000v\000e\000r\000s\000e\000\040\000L\000e\000a\000r\000n\000i\000n\000g\000\040\000t\000o\000\040\000P\000e\000r\000s\000i\000s\000t}{section.15}% 190
\BOOKMARK [1][-]{appendix.A}{\376\377\000M\000a\000t\000h\000e\000m\000a\000t\000i\000c\000a\000l\000\040\000F\000o\000u\000n\000d\000a\000t\000i\000o\000n\000s\000\040\000o\000f\000\040\000A\000u\000t\000o\000c\000a\000t\000a\000l\000y\000t\000i\000c\000\040\000S\000e\000t\000s}{}% 191
\BOOKMARK [2][-]{subsection.A.1}{\376\377\000R\000e\000a\000c\000t\000i\000o\000n\000\040\000S\000y\000s\000t\000e\000m\000s\000\040\000a\000n\000d\000\040\000C\000a\000t\000a\000l\000y\000s\000i\000s}{appendix.A}% 192
\BOOKMARK [2][-]{subsection.A.2}{\376\377\000A\000u\000t\000o\000c\000a\000t\000a\000l\000y\000t\000i\000c\000\040\000C\000l\000o\000s\000u\000r\000e\000\040\000a\000n\000d\000\040\000I\000n\000f\000o\000r\000m\000a\000t\000i\000o\000n\000\040\000G\000e\000o\000m\000e\000t\000r\000y}{appendix.A}% 193
\BOOKMARK [2][-]{subsection.A.3}{\376\377\000P\000l\000a\000n\000e\000t\000a\000r\000y\000\040\000A\000u\000t\000o\000c\000a\000t\000a\000l\000y\000s\000i\000s\000\040\000a\000s\000\040\000D\000i\000s\000t\000r\000i\000b\000u\000t\000e\000d\000\040\000C\000l\000o\000s\000u\000r\000e}{appendix.A}% 194
\BOOKMARK [1][-]{appendix.B}{\376\377\000E\000n\000t\000r\000o\000p\000y\000\040\000a\000n\000d\000\040\000P\000r\000e\000d\000i\000c\000t\000i\000v\000e\000\040\000R\000e\000g\000u\000l\000a\000t\000i\000o\000n}{}% 195
\BOOKMARK [2][-]{subsection.B.1}{\376\377\000T\000h\000e\000\040\000F\000r\000e\000e\000-\000E\000n\000e\000r\000g\000y\000\040\000P\000r\000i\000n\000c\000i\000p\000l\000e}{appendix.B}% 196
\BOOKMARK [2][-]{subsection.B.2}{\376\377\000H\000i\000e\000r\000a\000r\000c\000h\000i\000c\000a\000l\000\040\000P\000r\000e\000d\000i\000c\000t\000i\000v\000e\000\040\000C\000o\000d\000i\000n\000g}{appendix.B}% 197
\BOOKMARK [2][-]{subsection.B.3}{\376\377\000T\000h\000e\000r\000m\000o\000d\000y\000n\000a\000m\000i\000c\000\040\000I\000n\000t\000e\000r\000p\000r\000e\000t\000a\000t\000i\000o\000n}{appendix.B}% 198
\BOOKMARK [2][-]{subsection.B.4}{\376\377\000E\000n\000t\000r\000o\000p\000y\000\040\000F\000l\000o\000w\000\040\000i\000n\000\040\000O\000p\000e\000n\000\040\000S\000y\000s\000t\000e\000m\000s}{appendix.B}% 199
\BOOKMARK [1][-]{appendix.C}{\376\377\000I\000n\000f\000o\000r\000m\000a\000t\000i\000o\000n\000\040\000G\000e\000o\000m\000e\000t\000r\000y\000\040\000o\000f\000\040\000C\000o\000l\000l\000e\000c\000t\000i\000v\000e\000\040\000M\000i\000n\000d}{}% 200
\BOOKMARK [2][-]{subsection.C.1}{\376\377\000F\000i\000s\000h\000e\000r\000\040\000I\000n\000f\000o\000r\000m\000a\000t\000i\000o\000n\000\040\000M\000e\000t\000r\000i\000c\000\040\000a\000n\000d\000\040\000N\000e\000g\000e\000n\000t\000r\000o\000p\000y}{appendix.C}% 201
\BOOKMARK [2][-]{subsection.C.2}{\376\377\000C\000o\000l\000l\000e\000c\000t\000i\000v\000e\000\040\000A\000c\000t\000i\000v\000e\000\040\000I\000n\000f\000e\000r\000e\000n\000c\000e}{appendix.C}% 202
\BOOKMARK [2][-]{subsection.C.3}{\376\377\000I\000n\000s\000t\000i\000t\000u\000t\000i\000o\000n\000a\000l\000\040\000I\000n\000f\000o\000r\000m\000a\000t\000i\000o\000n\000\040\000F\000l\000o\000w}{appendix.C}% 203
\BOOKMARK [1][-]{appendix.D}{\376\377\000D\000y\000n\000a\000m\000i\000c\000s\000\040\000o\000f\000\040\000E\000n\000t\000r\000o\000p\000i\000c\000\040\000I\000n\000t\000e\000l\000l\000i\000g\000e\000n\000c\000e}{}% 204
\BOOKMARK [2][-]{subsection.D.1}{\376\377\000G\000e\000n\000e\000r\000a\000l\000i\000z\000e\000d\000\040\000C\000o\000g\000n\000i\000t\000i\000v\000e\000\040\000D\000y\000n\000a\000m\000i\000c\000s}{appendix.D}% 205
\BOOKMARK [2][-]{subsection.D.2}{\376\377\000E\000n\000t\000r\000o\000p\000y\000-\000I\000n\000t\000e\000l\000l\000i\000g\000e\000n\000c\000e\000\040\000R\000e\000l\000a\000t\000i\000o\000n}{appendix.D}% 206
\BOOKMARK [2][-]{subsection.D.3}{\376\377\000S\000t\000a\000b\000i\000l\000i\000t\000y\000\040\000a\000n\000d\000\040\000C\000o\000l\000l\000a\000p\000s\000e\000\040\000C\000o\000n\000d\000i\000t\000i\000o\000n\000s}{appendix.D}% 207
\BOOKMARK [2][-]{subsection.D.4}{\376\377\000C\000o\000m\000p\000u\000t\000a\000t\000i\000o\000n\000a\000l\000\040\000S\000i\000m\000u\000l\000a\000t\000i\000o\000n\000\040\000S\000c\000h\000e\000m\000a}{appendix.D}% 208
\BOOKMARK [1][-]{appendix.E}{\376\377\000A\000n\000n\000o\000t\000a\000t\000e\000d\000\040\000S\000o\000u\000r\000c\000e\000\040\000C\000o\000m\000m\000e\000n\000t\000a\000r\000y}{}% 209
